Log file open, 05/17/16 16:30:30
LogInit:Display: Running engine for game: GameJamRigging
LogPlatformFile: Not using cached read wrapper
LogInit:Display: RandInit(-7771173) SRandInit(-7771171).
LogTaskGraph: Started task graph with 4 named threads and 7 total threads.
LogStats: Stats thread started at 0.069105
LogInit: Version: 4.11.2-2946394+++UE4+Release-4.11
LogInit: API Version: 2927265
LogInit: Compiled (64-bit): Apr 18 2016 02:18:46
LogInit: Compiled with Visual C++: 19.00.23026.00
LogInit: Build Configuration: Development
LogInit: Branch Name: ++UE4+Release-4.11
LogInit: Command line:  
LogInit: Base directory: C:/Program Files/Epic Games/4.11/Engine/Binaries/Win64/
LogInit: Installed Engine Build: 1
LogInit: Using libcurl 7.41.0
LogInit:  - built for x86_64-pc-win32
LogInit:  - supports SSL with WinSSL
LogInit:  - other features:
LogInit:      CURL_VERSION_SSL
LogInit:      CURL_VERSION_IPV6
LogInit:      CURL_VERSION_ASYNCHDNS
LogInit:      CURL_VERSION_LARGEFILE
LogInit:      CURL_VERSION_IDN
LogInit:  CurlRequestOptions (configurable via config and command line):
LogInit:  - bVerifyPeer = true  - Libcurl will verify peer certificate
LogInit:  - bUseHttpProxy = false  - Libcurl will NOT use HTTP proxy
LogInit:  - bDontReuseConnections = false  - Libcurl will reuse connections
LogInit:  - CertBundlePath = nullptr  - Libcurl will use whatever was configured at build time.
LogInit: Presizing for max 16777216 objects, including 0 objects not considered by GC, pre-allocating 0 bytes for permanent pool.
LogInit: Object subsystem initialized
[2016.05.17-23.30.30:387][  0]LogInit: Selected Device Profile: [Windows]
[2016.05.17-23.30.30:387][  0]LogInit: Applying CVar settings loaded from the selected device profile: [Windows]
[2016.05.17-23.30.30:398][  0]LogInit: Computer: DUMPRING
[2016.05.17-23.30.30:398][  0]LogInit: User: theco000
[2016.05.17-23.30.30:398][  0]LogInit: CPU Page size=65536, Cores=4
[2016.05.17-23.30.30:398][  0]LogInit: High frequency timer resolution =3.615387 MHz
[2016.05.17-23.30.30:399][  0]LogMemory: Memory total: Physical=15.9GB (16GB approx)
[2016.05.17-23.30.30:399][  0]LogMemory: Platform Memory Stats for Windows
[2016.05.17-23.30.30:399][  0]LogMemory: Process Physical Memory: 313.73 MB used, 313.73 MB peak
[2016.05.17-23.30.30:399][  0]LogMemory: Process Virtual Memory: 314.85 MB used, 314.85 MB peak
[2016.05.17-23.30.30:399][  0]LogMemory: Physical Memory: 5074.94 MB used, 16326.09 MB total
[2016.05.17-23.30.30:399][  0]LogMemory: Virtual Memory: 639.07 MB used, 134217728.00 MB total
[2016.05.17-23.30.30:444][  0]LogTextLocalizationManager: No specific translations for ('en-US') exist, so ('en') translations will be used.
[2016.05.17-23.30.30:869][  0]LogD3D11RHI: D3D11 adapters:
[2016.05.17-23.30.30:896][  0]LogD3D11RHI:    0. 'NVIDIA GeForce GTX 780' (Feature Level 11_0)
[2016.05.17-23.30.30:896][  0]LogD3D11RHI:       3013MB of dedicated video memory, 0MB of dedicated system memory, and 8163MB of shared system memory, 2 output[s]
[2016.05.17-23.30.30:897][  0]LogD3D11RHI:    1. 'Microsoft Basic Render Driver' (Feature Level 11_0)
[2016.05.17-23.30.30:897][  0]LogD3D11RHI:       0MB of dedicated video memory, 0MB of dedicated system memory, and 8163MB of shared system memory, 0 output[s]
[2016.05.17-23.30.30:897][  0]LogD3D11RHI: Chosen D3D11 Adapter: 0
[2016.05.17-23.30.30:901][  0]LogD3D11RHI: Creating new Direct3DDevice
[2016.05.17-23.30.30:901][  0]LogD3D11RHI:     Adapter Name: NVIDIA GeForce GTX 780
[2016.05.17-23.30.30:901][  0]LogD3D11RHI:   Driver Version: 10.18.13.6510 (internal 10.18.13.6510)
[2016.05.17-23.30.30:901][  0]LogD3D11RHI:      Driver Date: 4-27-2016
[2016.05.17-23.30.30:901][  0]LogRHI: Texture pool is 1361 MB (70% of 1945 MB)
[2016.05.17-23.30.30:914][  0]LogD3D11RHI: Async texture creation enabled
[2016.05.17-23.30.30:924][  0]LogShaderCompilers: Guid format shader working directory is 12 characters bigger than the processId version (D:/Git/RiggingShooter/GameJamRigging/Intermediate/Shaders/WorkingDirectory/12000/).
[2016.05.17-23.30.30:924][  0]LogShaderCompilers: Cleaned the shader compiler working directory 'C:/Users/THECO_~1/AppData/Local/Temp/UnrealShaderWorkingDir/F122AC9B46A8FE5D047958A436079FBC/'.
[2016.05.17-23.30.30:925][  0]LogShaderCompilers:Display: Using Local Shader Compiler.
[2016.05.17-23.30.31:930][  0]LogTemp:Display: Loaded TP AllDesktopTargetPlatform
[2016.05.17-23.30.31:934][  0]LogTemp:Display: Loaded TP WindowsClientTargetPlatform
[2016.05.17-23.30.31:938][  0]LogTemp:Display: Loaded TP WindowsNoEditorTargetPlatform
[2016.05.17-23.30.31:941][  0]LogTemp:Display: Loaded TP WindowsServerTargetPlatform
[2016.05.17-23.30.31:944][  0]LogTemp:Display: Loaded TP WindowsTargetPlatform
[2016.05.17-23.30.31:947][  0]LogTemp:Display: Loaded TP AndroidTargetPlatform
[2016.05.17-23.30.31:950][  0]LogTemp:Display: Loaded TP Android_ASTCTargetPlatform
[2016.05.17-23.30.31:954][  0]LogTemp:Display: Loaded TP Android_ATCTargetPlatform
[2016.05.17-23.30.31:959][  0]LogTemp:Display: Loaded TP Android_DXTTargetPlatform
[2016.05.17-23.30.31:962][  0]LogTemp:Display: Loaded TP Android_ETC1TargetPlatform
[2016.05.17-23.30.31:969][  0]LogTemp:Display: Loaded TP Android_ETC2TargetPlatform
[2016.05.17-23.30.31:982][  0]LogTemp:Display: Loaded TP Android_MultiTargetPlatform
[2016.05.17-23.30.31:982][  0]LogTemp:Display: Loaded TP Android_PVRTCTargetPlatform
[2016.05.17-23.30.31:984][  0]LogTemp:Display: Loaded TP HTML5TargetPlatform
[2016.05.17-23.30.32:004][  0]LogTemp:Display: Loaded TP IOSTargetPlatform
[2016.05.17-23.30.32:010][  0]LogTemp:Display: Loaded TP TVOSTargetPlatform
[2016.05.17-23.30.32:014][  0]LogTemp:Display: Loaded TP LinuxNoEditorTargetPlatform
[2016.05.17-23.30.32:017][  0]LogTemp:Display: Loaded TP LinuxServerTargetPlatform
[2016.05.17-23.30.32:020][  0]LogTemp:Display: Loaded TP LinuxTargetPlatform
[2016.05.17-23.30.32:020][  0]LogTargetPlatformManager:Display: Building Assets For Windows
[2016.05.17-23.30.32:097][  0]LogDerivedDataCache:Display: Max Cache Size: 512 MB
[2016.05.17-23.30.32:139][  0]LogDerivedDataCache: Loaded boot cache 0.04s 46MB C:/Users/theco_000/AppData/Local/UnrealEngine/4.11/DerivedDataCache/Boot.ddc.
[2016.05.17-23.30.32:139][  0]LogDerivedDataCache:Display: Loaded Boot cache: C:/Users/theco_000/AppData/Local/UnrealEngine/4.11/DerivedDataCache/Boot.ddc
[2016.05.17-23.30.32:139][  0]LogDerivedDataCache: FDerivedDataBackendGraph:  Pak pak cache file D:/Git/RiggingShooter/GameJamRigging/DerivedDataCache/DDC.ddp not found, will not use a pak cache.
[2016.05.17-23.30.32:139][  0]LogDerivedDataCache: Unable to find inner node Pak for hierarchical cache Hierarchy.
[2016.05.17-23.30.32:139][  0]LogDerivedDataCache: FDerivedDataBackendGraph:  CompressedPak pak cache file D:/Git/RiggingShooter/GameJamRigging/DerivedDataCache/Compressed.ddp not found, will not use a pak cache.
[2016.05.17-23.30.32:139][  0]LogDerivedDataCache: Unable to find inner node CompressedPak for hierarchical cache Hierarchy.
[2016.05.17-23.30.32:152][  0]LogDerivedDataCache:Display: Pak cache opened for reading ../../../Engine/DerivedDataCache/Compressed.ddp.
[2016.05.17-23.30.32:164][  0]LogDerivedDataCache: Using Local data cache path C:/Users/theco_000/AppData/Local/UnrealEngine/Common/DerivedDataCache: Writable
[2016.05.17-23.30.32:335][  0]LogInit: Selected Device Profile: [Windows]
[2016.05.17-23.30.32:336][  0]LogContentStreaming: Texture pool size is 0.00 MB
[2016.05.17-23.30.32:379][  0]LogMaterial: Uniform references updated for custom material expression Custom.
[2016.05.17-23.30.32:494][  0]LogMeshUtilities: No automatic mesh reduction module available
[2016.05.17-23.30.32:494][  0]LogMeshUtilities: No automatic mesh merging module available
[2016.05.17-23.30.32:494][  0]LogMeshUtilities: No distributed automatic mesh merging module available
[2016.05.17-23.30.32:719][  0]LogUObjectArray: 27679 objects as part of root set at end of initial load.
[2016.05.17-23.30.32:719][  0]LogUObjectAllocator: 5591592 out of 0 bytes used by permanent object pool.
[2016.05.17-23.30.32:719][  0]LogUObjectArray: CloseDisregardForGC: 0/0 objects in disregard for GC pool
[2016.05.17-23.30.32:724][  0]LogInit: WinSock: version 1.1 (2.2), MaxSocks=32767, MaxUdp=65467
[2016.05.17-23.30.32:802][  0]LogSlate: SlateFontCache - WITH_FREETYPE: 1, WITH_HARFBUZZ: 1
[2016.05.17-23.30.32:802][  0]LogSlate: SlateFontCache - WITH_FREETYPE: 1, WITH_HARFBUZZ: 1
[2016.05.17-23.30.32:899][  0]LogStreaming:Warning: Failed to read file '../../../Engine/Content/Editor/Slate/Common/Selection_16x.png' error.
[2016.05.17-23.30.32:899][  0]LogSlate: Could not find file for Slate resource: ../../../Engine/Content/Editor/Slate/Common/Selection_16x.png
[2016.05.17-23.30.32:899][  0]LogStreaming:Warning: Failed to read file '../../../Engine/Content/Editor/Slate/Common/Selection_16x.png' error.
[2016.05.17-23.30.32:899][  0]LogSlate: Could not find file for Slate resource: ../../../Engine/Content/Editor/Slate/Common/Selection_16x.png
[2016.05.17-23.30.32:899][  0]LogStreaming:Warning: Failed to read file '../../../Engine/Content/Editor/Slate/Common/Selection_16x.png' error.
[2016.05.17-23.30.32:899][  0]LogSlate: Could not find file for Slate resource: ../../../Engine/Content/Editor/Slate/Common/Selection_16x.png
[2016.05.17-23.30.33:464][  0]LogUdpMessaging: Initializing bridge on interface 0.0.0.0:0 to multicast group 230.0.0.1:6666.
[2016.05.17-23.30.33:588][  0]LogAssetRegistry: FAssetRegistry took 0.0221 seconds to start up
[2016.05.17-23.30.33:709][  0]SourceControl: Info Source control is disabled
[2016.05.17-23.30.33:710][  0]SourceControl: Info Source control is disabled
[2016.05.17-23.30.33:716][  0]SourceControl: Info Source control is disabled
[2016.05.17-23.30.33:721][  0]SourceControl: Info Source control is disabled
[2016.05.17-23.30.33:812][  0]LogHMD: Failed to initialize OpenVR with code 110
[2016.05.17-23.30.33:877][  0]LogEngine: Initializing Engine...
[2016.05.17-23.30.34:006][  0]LogAIModule: Creating AISystem for world NewWorld
[2016.05.17-23.30.34:016][  0]LogInit: XAudio2 using 'Speakers (Realtek High Definition Audio)' : 2 channels at 48 kHz using 32 bits per sample (channel mask 0x3)
[2016.05.17-23.30.34:035][  0]LogInit: FAudioDevice initialized.
[2016.05.17-23.30.34:055][  0]LogDerivedDataCache: Saved boot cache 0.02s 46MB C:/Users/theco_000/AppData/Local/UnrealEngine/4.11/DerivedDataCache/Boot.ddc.
[2016.05.17-23.30.34:058][  0]LogInit: Texture streaming: Enabled
[2016.05.17-23.30.34:077][  0]LogInit: Transaction tracking system initialized
[2016.05.17-23.30.34:096][  0]BlueprintLog: New page: Editor Load
[2016.05.17-23.30.34:151][  0]LocalizationService: Info Localization service is disabled
[2016.05.17-23.30.34:207][  0]LogConsoleResponse:Display: 
[2016.05.17-23.30.34:299][  0]LogCook:Display: Max memory allowance for cook 8192mb
[2016.05.17-23.30.34:299][  0]LogCook:Display: Mobile HDR setting 1
[2016.05.17-23.30.34:299][  0]LogCook:Display: Done creating registry. It took  0.00s.
[2016.05.17-23.30.34:336][  0]LogFileCache: Scanning file cache for directory 'D:/Git/RiggingShooter/GameJamRigging/Content/' took 0.01s
[2016.05.17-23.30.34:336][  0]SourceControl: Info Source control is disabled
[2016.05.17-23.30.34:336][  0]Cmd: MAP LOAD FILE="D:/Git/RiggingShooter/GameJamRigging/Content/FirstPersonBP/Maps/FirstPersonExampleMap.umap" TEMPLATE=0 SHOWPROGRESS=1 FEATURELEVEL=3
[2016.05.17-23.30.34:336][  0]LightingResults: New page: Lighting Build
[2016.05.17-23.30.34:338][  0]MapCheck: New page: Map Check
[2016.05.17-23.30.34:338][  0]LightingResults: New page: Lighting Build
[2016.05.17-23.30.35:512][  0]LogAIModule: Creating AISystem for world FirstPersonExampleMap
[2016.05.17-23.30.35:524][  0]LogEditorServer: Finished looking for orphan Actors (0.000 secs)
[2016.05.17-23.30.35:525][  0]Cmd: MAP CHECKDEP NOCLEARLOG
[2016.05.17-23.30.35:578][  0]MapCheck: Info Map check complete: 0 Error(s), 0 Warning(s), took 53.567ms to complete.
[2016.05.17-23.30.35:578][  0]LogFileHelpers: Loading map 'FirstPersonExampleMap' took 1.242
[2016.05.17-23.30.35:704][  0]LogCollectionManager: Loaded 0 collections in 0.001184 seconds
[2016.05.17-23.30.35:746][  0]LogFileCache: Scanning file cache for directory 'D:/Git/RiggingShooter/GameJamRigging/Saved/Collections/' took 0.01s
[2016.05.17-23.30.35:746][  0]LogFileCache: Scanning file cache for directory 'D:/Git/RiggingShooter/GameJamRigging/Content/Developers/theco000/Collections/' took 0.01s
[2016.05.17-23.30.35:746][  0]LogFileCache: Scanning file cache for directory 'D:/Git/RiggingShooter/GameJamRigging/Content/Collections/' took 0.01s
[2016.05.17-23.30.35:746][  0]LogCollectionManager: Rebuilt the GUID cache for 0 collections in 0.000003 seconds
[2016.05.17-23.30.35:753][  0]LogContentBrowser: Native class hierarchy populated in 0.0066 seconds. Added 1979 classes and 343 folders.
[2016.05.17-23.30.35:756][  0]LogStats: UGameplayTagsManager::ConstructGameplayTagTree: Construct from data asset -  0.000 s
[2016.05.17-23.30.35:756][  0]LogStats: UGameplayTagsManager::ConstructGameplayTagTree: GameplayTagTreeChangedEvent.Broadcast -  0.000 s
[2016.05.17-23.30.35:756][  0]LogContentBrowser: Native class hierarchy updated for 'GameplayTags' in 0.0003 seconds. Added 12 classes and 0 folders.
[2016.05.17-23.30.35:759][  0]LogContentBrowser: Native class hierarchy updated for 'WidgetCarousel' in 0.0002 seconds. Added 0 classes and 0 folders.
[2016.05.17-23.30.35:764][  0]LogContentBrowser: Native class hierarchy updated for 'SuperSearch' in 0.0003 seconds. Added 1 classes and 2 folders.
[2016.05.17-23.30.35:796][  0]LogContentBrowser: Native class hierarchy updated for 'AddContentDialog' in 0.0003 seconds. Added 0 classes and 0 folders.
[2016.05.17-23.30.35:801][  0]LogContentBrowser: Native class hierarchy updated for 'WorldBrowser' in 0.0003 seconds. Added 1 classes and 3 folders.
[2016.05.17-23.30.35:805][  0]LogContentBrowser: Native class hierarchy updated for 'SceneOutliner' in 0.0003 seconds. Added 1 classes and 2 folders.
[2016.05.17-23.30.35:859][  0]LogCrashTracker: Crashtracker disabled due to settings.
[2016.05.17-23.30.35:865][  0]LogUObjectGlobals:Warning: Failed to find object 'Class None.'
[2016.05.17-23.30.35:890][  0]LogContentBrowser: Native class hierarchy updated for 'HierarchicalLODOutliner' in 0.0003 seconds. Added 1 classes and 2 folders.
[2016.05.17-23.30.35:891][  0]LogLoad: Full Startup: 6.13 seconds (BP compile: 0.37 seconds)
[2016.05.17-23.30.35:891][  0]LogExternalProfiler: Found external profiler: VSPerf
[2016.05.17-23.30.35:891][  0]LogExternalProfiler: Using external profiler: VSPerf
[2016.05.17-23.30.35:899][  0]LogOcInput: OculusInput pre-init called
[2016.05.17-23.30.35:937][  0]LogContentStreaming: Texture pool size now 1000 MB
[2016.05.17-23.30.36:094][  0]LogRenderer: Reallocating scene render targets to support 1596x808 (Frame:2).
[2016.05.17-23.30.37:009][ 84]LogAssetRegistry: Asset discovery search completed in 3.4438 seconds
[2016.05.17-23.30.37:009][ 84]LogCollectionManager: Rebuilt the object cache for 0 collections in 0.000001 seconds (found 0 objects)
[2016.05.17-23.30.37:009][ 84]LogCollectionManager: Fixed up redirectors for 0 collections in 0.000022 seconds (updated 0 objects)
[2016.05.17-23.30.44:424][110]LogFactory: FactoryCreateBinary: Texture with ReimportTextureFactory (0 0 D:\Drive\DissonEnt\Games\Cyberpunk Shooter\Billboard.png)
[2016.05.17-23.30.44:436][110]LogTexture:Display: Building textures: Billboard (AutoDXT)
[2016.05.17-23.30.50:145][669]Cmd: OBJ SAVEPACKAGE PACKAGE="/Game/Materials/Billboard" FILE="D:/Git/RiggingShooter/GameJamRigging/Content/Materials/Billboard.uasset" SILENT=true
[2016.05.17-23.30.50:158][669]LogSavePackage: Save=12.17ms
[2016.05.17-23.30.50:158][669]LogSavePackage: Moving 'D:/Git/RiggingShooter/GameJamRigging/Saved/Billboard5723C67749781A32F1F488A5CD98DC99.tmp' to 'D:/Git/RiggingShooter/GameJamRigging/Content/Materials/Billboard.uasset'
[2016.05.17-23.30.50:158][669]LogSavePackage: Total save time: 13.19ms
[2016.05.17-23.30.50:158][669]LogSavePackage:Display: Finished SavePackage D:/Git/RiggingShooter/GameJamRigging/Content/Materials/Billboard.uasset
[2016.05.17-23.30.54:192][ 78]LogAIModule: Creating AISystem for world KennethTest
[2016.05.17-23.30.54:194][ 78]LogParticles:Warning: InitializeSystem called on an unregistered component. Template=/Game/ExampleContent/Effects/ParticleSystems/P_cloud.P_cloud Component=/Game/Maps/KennethTest.KennethTest:PersistentLevel.P_cloud_30.ParticleSystemComponent0
[2016.05.17-23.30.54:194][ 78]LogParticles:Warning: InitializeSystem called on an unregistered component. Template=/Game/Effects/Particles/Snow/P_SnowFlare.P_SnowFlare Component=/Game/Maps/KennethTest.KennethTest:PersistentLevel.P_SnowFlare_2.ParticleSystemComponent0
[2016.05.17-23.30.54:194][ 78]LogParticles:Warning: InitializeSystem called on an unregistered component. Template=/Game/Effects/Particles/Snow/P_Blizzard.P_Blizzard Component=/Game/Maps/KennethTest.KennethTest:PersistentLevel.P_Blizzard_8.ParticleSystemComponent0
[2016.05.17-23.30.55:357][ 78]Cmd: OBJ SAVEPACKAGE PACKAGE="/Game/Effects/Materials/Snow/Billboard" FILE="D:/Git/RiggingShooter/GameJamRigging/Content/Effects/Materials/Snow/Billboard.uasset" SILENT=true
[2016.05.17-23.30.55:358][ 78]LogSavePackage: Save=0.71ms
[2016.05.17-23.30.55:358][ 78]LogSavePackage: Moving 'D:/Git/RiggingShooter/GameJamRigging/Saved/BillboardED55EB774FE510813208C391F3847B37.tmp' to 'D:/Git/RiggingShooter/GameJamRigging/Content/Effects/Materials/Snow/Billboard.uasset'
[2016.05.17-23.30.55:359][ 78]LogSavePackage: Total save time: 1.71ms
[2016.05.17-23.30.55:359][ 78]LogSavePackage:Display: Finished SavePackage D:/Git/RiggingShooter/GameJamRigging/Content/Effects/Materials/Snow/Billboard.uasset
[2016.05.17-23.30.55:360][ 78]Cmd: MAP LOAD FILE="D:/Git/RiggingShooter/GameJamRigging/Content/Maps/KennethTest.umap" TEMPLATE=0 SHOWPROGRESS=1 FEATURELEVEL=3
[2016.05.17-23.30.55:360][ 78]LightingResults: New page: Lighting Build
[2016.05.17-23.30.55:379][ 78]LoadErrors: New page: Loading map: KennethTest.umap
[2016.05.17-23.30.55:380][ 78]MapCheck: New page: Map Check
[2016.05.17-23.30.55:380][ 78]LightingResults: New page: Lighting Build
[2016.05.17-23.30.55:459][ 78]LogEditorServer: Finished looking for orphan Actors (0.000 secs)
[2016.05.17-23.30.55:476][ 78]Cmd: MAP CHECKDEP NOCLEARLOG
[2016.05.17-23.30.55:542][ 78]MapCheck: Info Map check complete: 0 Error(s), 0 Warning(s), took 66.011ms to complete.
[2016.05.17-23.30.55:542][ 78]LogFileHelpers: Loading map 'KennethTest' took 0.183
[2016.05.17-23.30.59:195][492]LogEditorViewport: Clicking on Actor (LMB): Emitter (P_SnowFlare)
[2016.05.17-23.31.02:129][807]LogEditorViewport: Clicking on Actor (LMB): Emitter (P_SnowFlare)
[2016.05.17-23.31.04:999][106]LogEditorViewport: Clicking on Actor (LMB): Emitter (P_SnowFlare)
[2016.05.17-23.31.06:902][327]LogEditorViewport: Clicking on Actor (LMB): Emitter (P_SnowFlare)
[2016.05.17-23.31.22:882][ 53]LogRenderer: Reallocating scene render targets to support 1596x892 (Frame:4968).
[2016.05.17-23.31.38:816][664]LogMaterial: Missing cached shader map for material Emissive, compiling. 
[2016.05.17-23.31.38:876][664]LogMaterial: Missing cached shader map for material Emissive, compiling. 
[2016.05.17-23.31.38:882][664]LogMaterial: 0.00 seconds spent updating 1 materials, 1 interfaces, 0 instances, 0 with static permutations.
[2016.05.17-23.31.38:910][664]LogMaterial: Missing cached shader map for material FMatExpressionPreview MaterialExpressionConstant4Vector_3, compiling. 
[2016.05.17-23.31.38:914][664]LogMaterial: Missing cached shader map for material FMatExpressionPreview MaterialExpressionVectorParameter_0, compiling. 
[2016.05.17-23.31.39:957][752]MaterialEditorStats: Info Base pass shader with static lighting: 52 instructions
[2016.05.17-23.31.39:957][752]MaterialEditorStats: Info Base pass shader with only dynamic lighting: 23 instructions
[2016.05.17-23.31.39:957][752]MaterialEditorStats: Info Vertex shader: 29 instructions
[2016.05.17-23.31.39:958][752]MaterialEditorStats: Info Texture samplers: 2/16
[2016.05.17-23.31.44:404][252]LogMaterial: Missing cached shader map for material Emissive, compiling. 
[2016.05.17-23.31.44:410][252]LogMaterial: 0.00 seconds spent updating 1 materials, 1 interfaces, 0 instances, 0 with static permutations.
[2016.05.17-23.31.44:410][252]LogMaterial: Missing cached shader map for material FMatExpressionPreview MaterialExpressionTextureSample_0, compiling. 
[2016.05.17-23.31.44:442][252]LogMaterial: Missing cached shader map for material FMatExpressionPreview MaterialExpressionConstant4Vector_3, compiling. 
[2016.05.17-23.31.44:445][252]LogMaterial: Missing cached shader map for material FMatExpressionPreview MaterialExpressionVectorParameter_0, compiling. 
[2016.05.17-23.31.44:449][252]LogMaterial: Missing cached shader map for material FMatExpressionPreview MaterialExpressionTextureSample_0, compiling. 
[2016.05.17-23.31.45:253][332]MaterialEditorStats: Info Base pass shader with static lighting: 52 instructions
[2016.05.17-23.31.45:253][332]MaterialEditorStats: Info Base pass shader with only dynamic lighting: 23 instructions
[2016.05.17-23.31.45:253][332]MaterialEditorStats: Info Vertex shader: 29 instructions
[2016.05.17-23.31.45:253][332]MaterialEditorStats: Info Texture samplers: 2/16
[2016.05.17-23.31.47:423][586]LogMaterial: Missing cached shader map for material Emissive, compiling. 
[2016.05.17-23.31.47:428][586]LogMaterial: 0.00 seconds spent updating 1 materials, 1 interfaces, 0 instances, 0 with static permutations.
[2016.05.17-23.31.47:453][586]LogMaterial: Missing cached shader map for material FMatExpressionPreview MaterialExpressionTextureSample_0, compiling. 
[2016.05.17-23.31.48:308][677]MaterialEditorStats: Info Base pass shader with static lighting: 53 instructions
[2016.05.17-23.31.48:308][677]MaterialEditorStats: Info Base pass shader with only dynamic lighting: 24 instructions
[2016.05.17-23.31.48:308][677]MaterialEditorStats: Info Vertex shader: 31 instructions
[2016.05.17-23.31.48:308][677]MaterialEditorStats: Info Texture samplers: 3/16
[2016.05.17-23.31.56:075][605]LogMaterialEditor: Applying material Emissive
[2016.05.17-23.31.56:577][605]LogMaterial: Missing cached shader map for material Emissive, compiling. 
[2016.05.17-23.31.56:600][605]LogMaterial: 0.00 seconds spent updating 1 materials, 1 interfaces, 0 instances, 0 with static permutations.
[2016.05.17-23.31.56:637][605]LogMaterial: Missing cached shader map for material Emissive, compiling. 
[2016.05.17-23.31.56:667][605]LogMaterial: Missing cached shader map for material Emissive, compiling. 
[2016.05.17-23.31.56:682][605]LogMaterial: 0.00 seconds spent updating 1 materials, 1 interfaces, 3 instances, 0 with static permutations.
[2016.05.17-23.31.59:472][886]MaterialEditorStats: Info Base pass shader with static lighting: 90 instructions
[2016.05.17-23.31.59:472][886]MaterialEditorStats: Info Base pass shader with only dynamic lighting: 60 instructions
[2016.05.17-23.31.59:472][886]MaterialEditorStats: Info Vertex shader: 31 instructions
[2016.05.17-23.31.59:472][886]MaterialEditorStats: Info Texture samplers: 4/16
[2016.05.17-23.32.05:972][638]LogMaterial: Uniform references updated for custom material expression Custom.
[2016.05.17-23.32.05:997][638]LogMaterial: Uniform references updated for custom material expression TemporalAA SampleID.
[2016.05.17-23.32.06:068][638]LogMaterial: Uniform references updated for custom material expression Ambient Cubemap Intensity.
[2016.05.17-23.32.06:070][638]LogMaterial: Uniform references updated for custom material expression Ambient Cubemap Tint.
[2016.05.17-23.32.08:511][924]LogMaterial: Missing cached shader map for material Emissive, compiling. 
[2016.05.17-23.32.08:516][924]LogMaterial: 0.00 seconds spent updating 1 materials, 1 interfaces, 0 instances, 0 with static permutations.
[2016.05.17-23.32.08:518][924]LogMaterial: Missing cached shader map for material Emissive, compiling. 
[2016.05.17-23.32.08:524][924]LogMaterial: 0.00 seconds spent updating 1 materials, 1 interfaces, 0 instances, 0 with static permutations.
[2016.05.17-23.32.08:548][924]LogMaterial: Missing cached shader map for material FMatExpressionPreview MaterialExpressionTextureSample_0, compiling. 
[2016.05.17-23.32.09:416][ 17]MaterialEditorStats: Info Base pass shader with static lighting: 53 instructions
[2016.05.17-23.32.09:416][ 17]MaterialEditorStats: Info Base pass shader with only dynamic lighting: 24 instructions
[2016.05.17-23.32.09:416][ 17]MaterialEditorStats: Info Vertex shader: 31 instructions
[2016.05.17-23.32.09:416][ 17]MaterialEditorStats: Info Texture samplers: 3/16
[2016.05.17-23.32.11:121][219]LogMaterial: Missing cached shader map for material Emissive, compiling. 
[2016.05.17-23.32.11:126][219]LogMaterial: 0.00 seconds spent updating 1 materials, 1 interfaces, 0 instances, 0 with static permutations.
[2016.05.17-23.32.11:151][219]LogMaterial: Missing cached shader map for material FMatExpressionPreview MaterialExpressionVectorParameter_0, compiling. 
[2016.05.17-23.32.11:997][311]MaterialEditorStats: Info Base pass shader with static lighting: 53 instructions
[2016.05.17-23.32.11:997][311]MaterialEditorStats: Info Base pass shader with only dynamic lighting: 24 instructions
[2016.05.17-23.32.11:997][311]MaterialEditorStats: Info Vertex shader: 31 instructions
[2016.05.17-23.32.11:997][311]MaterialEditorStats: Info Texture samplers: 3/16
[2016.05.17-23.32.13:010][432]LogMaterial: Missing cached shader map for material Emissive, compiling. 
[2016.05.17-23.32.13:016][432]LogMaterial: 0.00 seconds spent updating 1 materials, 1 interfaces, 0 instances, 0 with static permutations.
[2016.05.17-23.32.13:887][528]MaterialEditorStats: Info Base pass shader with static lighting: 54 instructions
[2016.05.17-23.32.13:887][528]MaterialEditorStats: Info Base pass shader with only dynamic lighting: 25 instructions
[2016.05.17-23.32.13:887][528]MaterialEditorStats: Info Vertex shader: 31 instructions
[2016.05.17-23.32.13:887][528]MaterialEditorStats: Info Texture samplers: 3/16
[2016.05.17-23.32.16:095][793]LogMaterialEditor: Applying material Emissive
[2016.05.17-23.32.16:530][793]LogMaterial: Missing cached shader map for material Emissive, compiling. 
[2016.05.17-23.32.16:549][793]LogMaterial: 0.00 seconds spent updating 1 materials, 1 interfaces, 0 instances, 0 with static permutations.
[2016.05.17-23.32.16:584][793]LogMaterial: Missing cached shader map for material Emissive, compiling. 
[2016.05.17-23.32.16:611][793]LogMaterial: Missing cached shader map for material Emissive, compiling. 
[2016.05.17-23.32.16:627][793]LogMaterial: 0.00 seconds spent updating 1 materials, 1 interfaces, 3 instances, 0 with static permutations.
[2016.05.17-23.32.19:390][101]MaterialEditorStats: Info Base pass shader with static lighting: 91 instructions
[2016.05.17-23.32.19:390][101]MaterialEditorStats: Info Base pass shader with only dynamic lighting: 61 instructions
[2016.05.17-23.32.19:390][101]MaterialEditorStats: Info Vertex shader: 31 instructions
[2016.05.17-23.32.19:390][101]MaterialEditorStats: Info Texture samplers: 4/16
[2016.05.17-23.32.22:462][468]LogMaterial: Missing cached shader map for material Emissive, compiling. 
[2016.05.17-23.32.22:468][468]LogMaterial: 0.00 seconds spent updating 1 materials, 1 interfaces, 0 instances, 0 with static permutations.
[2016.05.17-23.32.23:351][566]MaterialEditorStats: Info Base pass shader with static lighting: 54 instructions
[2016.05.17-23.32.23:351][566]MaterialEditorStats: Info Base pass shader with only dynamic lighting: 25 instructions
[2016.05.17-23.32.23:351][566]MaterialEditorStats: Info Vertex shader: 31 instructions
[2016.05.17-23.32.23:351][566]MaterialEditorStats: Info Texture samplers: 3/16
[2016.05.17-23.32.25:506][824]LogMaterial: Missing cached shader map for material Emissive, compiling. 
[2016.05.17-23.32.25:512][824]LogMaterial: 0.00 seconds spent updating 1 materials, 1 interfaces, 0 instances, 0 with static permutations.
[2016.05.17-23.32.26:385][918]MaterialEditorStats: Info Base pass shader with static lighting: 54 instructions
[2016.05.17-23.32.26:385][918]MaterialEditorStats: Info Base pass shader with only dynamic lighting: 25 instructions
[2016.05.17-23.32.26:385][918]MaterialEditorStats: Info Vertex shader: 31 instructions
[2016.05.17-23.32.26:385][918]MaterialEditorStats: Info Texture samplers: 3/16
[2016.05.17-23.32.26:893][979]LogMaterialEditor: Applying material Emissive
[2016.05.17-23.32.27:369][979]LogMaterial: Missing cached shader map for material Emissive, compiling. 
[2016.05.17-23.32.27:386][979]LogMaterial: 0.00 seconds spent updating 1 materials, 1 interfaces, 0 instances, 0 with static permutations.
[2016.05.17-23.32.27:409][979]LogMaterial: Missing cached shader map for material Emissive, compiling. 
[2016.05.17-23.32.27:434][979]LogMaterial: Missing cached shader map for material Emissive, compiling. 
[2016.05.17-23.32.27:451][979]LogMaterial: 0.00 seconds spent updating 1 materials, 1 interfaces, 3 instances, 0 with static permutations.
[2016.05.17-23.32.30:218][279]MaterialEditorStats: Info Base pass shader with static lighting: 91 instructions
[2016.05.17-23.32.30:218][279]MaterialEditorStats: Info Base pass shader with only dynamic lighting: 61 instructions
[2016.05.17-23.32.30:218][279]MaterialEditorStats: Info Vertex shader: 31 instructions
[2016.05.17-23.32.30:218][279]MaterialEditorStats: Info Texture samplers: 4/16
[2016.05.17-23.32.34:808][794]LogContentBrowser: Native class hierarchy updated for 'TextureEditor' in 0.0004 seconds. Added 1 classes and 2 folders.
[2016.05.17-23.32.40:102][306]LogMaterial: Missing cached shader map for material Emissive, compiling. 
[2016.05.17-23.32.40:108][306]LogMaterial: 0.00 seconds spent updating 1 materials, 1 interfaces, 0 instances, 0 with static permutations.
[2016.05.17-23.32.40:137][306]LogMaterial: Missing cached shader map for material FMatExpressionPreview MaterialExpressionVectorParameter_0, compiling. 
[2016.05.17-23.32.40:984][369]MaterialEditorStats: Info Base pass shader with static lighting: 54 instructions
[2016.05.17-23.32.40:984][369]MaterialEditorStats: Info Base pass shader with only dynamic lighting: 25 instructions
[2016.05.17-23.32.40:984][369]MaterialEditorStats: Info Vertex shader: 31 instructions
[2016.05.17-23.32.40:984][369]MaterialEditorStats: Info Texture samplers: 3/16
[2016.05.17-23.32.43:353][634]LogMaterial: Missing cached shader map for material Emissive, compiling. 
[2016.05.17-23.32.43:359][634]LogMaterial: 0.00 seconds spent updating 1 materials, 1 interfaces, 0 instances, 0 with static permutations.
[2016.05.17-23.32.44:208][699]MaterialEditorStats: Info Base pass shader with static lighting: 54 instructions
[2016.05.17-23.32.44:208][699]MaterialEditorStats: Info Base pass shader with only dynamic lighting: 25 instructions
[2016.05.17-23.32.44:208][699]MaterialEditorStats: Info Vertex shader: 31 instructions
[2016.05.17-23.32.44:208][699]MaterialEditorStats: Info Texture samplers: 3/16
[2016.05.17-23.32.54:457][641]Cmd: OBJ SAVEPACKAGE PACKAGE="/Game/Materials/Emissive" FILE="D:/Git/RiggingShooter/GameJamRigging/Content/Materials/Emissive.uasset" SILENT=true
[2016.05.17-23.32.54:473][641]LogSavePackage: Save=9.42ms
[2016.05.17-23.32.54:473][641]LogSavePackage: Moving 'D:/Git/RiggingShooter/GameJamRigging/Saved/Emissive502B78924E47BB1CA35B8280056ED129.tmp' to 'D:/Git/RiggingShooter/GameJamRigging/Content/Materials/Emissive.uasset'
[2016.05.17-23.32.54:474][641]LogSavePackage: Total save time: 16.44ms
[2016.05.17-23.32.54:474][641]LogSavePackage:Display: Finished SavePackage D:/Git/RiggingShooter/GameJamRigging/Content/Materials/Emissive.uasset
[2016.05.17-23.32.56:926][916]LogMaterial: Missing cached shader map for material Emissive, compiling. 
[2016.05.17-23.32.56:932][916]LogMaterial: 0.00 seconds spent updating 1 materials, 1 interfaces, 0 instances, 0 with static permutations.
[2016.05.17-23.32.57:796][973]MaterialEditorStats: Info Base pass shader with static lighting: 53 instructions
[2016.05.17-23.32.57:796][973]MaterialEditorStats: Info Base pass shader with only dynamic lighting: 24 instructions
[2016.05.17-23.32.57:796][973]MaterialEditorStats: Info Vertex shader: 31 instructions
[2016.05.17-23.32.57:796][973]MaterialEditorStats: Info Texture samplers: 3/16
[2016.05.17-23.33.00:119][214]LogMaterial: Missing cached shader map for material Emissive, compiling. 
[2016.05.17-23.33.00:124][214]LogMaterial: 0.00 seconds spent updating 1 materials, 1 interfaces, 0 instances, 0 with static permutations.
[2016.05.17-23.33.00:127][214]LogMaterial: Missing cached shader map for material Emissive, compiling. 
[2016.05.17-23.33.00:132][214]LogMaterial: 0.00 seconds spent updating 1 materials, 1 interfaces, 0 instances, 0 with static permutations.
[2016.05.17-23.33.00:160][214]LogMaterial: Missing cached shader map for material FMatExpressionPreview MaterialExpressionTextureSample_0, compiling. 
[2016.05.17-23.33.01:016][277]MaterialEditorStats: Info Base pass shader with static lighting: 53 instructions
[2016.05.17-23.33.01:016][277]MaterialEditorStats: Info Base pass shader with only dynamic lighting: 24 instructions
[2016.05.17-23.33.01:016][277]MaterialEditorStats: Info Vertex shader: 31 instructions
[2016.05.17-23.33.01:016][277]MaterialEditorStats: Info Texture samplers: 3/16
[2016.05.17-23.33.02:231][414]LogMaterial: Missing cached shader map for material Emissive, compiling. 
[2016.05.17-23.33.02:237][414]LogMaterial: 0.00 seconds spent updating 1 materials, 1 interfaces, 0 instances, 0 with static permutations.
[2016.05.17-23.33.02:263][414]LogMaterial: Missing cached shader map for material FMatExpressionPreview MaterialExpressionVectorParameter_0, compiling. 
[2016.05.17-23.33.03:105][474]MaterialEditorStats: Info Base pass shader with static lighting: 53 instructions
[2016.05.17-23.33.03:105][474]MaterialEditorStats: Info Base pass shader with only dynamic lighting: 24 instructions
[2016.05.17-23.33.03:105][474]MaterialEditorStats: Info Vertex shader: 31 instructions
[2016.05.17-23.33.03:105][474]MaterialEditorStats: Info Texture samplers: 3/16
[2016.05.17-23.33.04:183][597]LogMaterial: Missing cached shader map for material Emissive, compiling. 
[2016.05.17-23.33.04:189][597]LogMaterial: 0.00 seconds spent updating 1 materials, 1 interfaces, 0 instances, 0 with static permutations.
[2016.05.17-23.33.05:039][663]MaterialEditorStats: Info Base pass shader with static lighting: 54 instructions
[2016.05.17-23.33.05:039][663]MaterialEditorStats: Info Base pass shader with only dynamic lighting: 25 instructions
[2016.05.17-23.33.05:039][663]MaterialEditorStats: Info Vertex shader: 31 instructions
[2016.05.17-23.33.05:039][663]MaterialEditorStats: Info Texture samplers: 3/16
[2016.05.17-23.33.07:827][990]LogMaterialEditor: Applying material Emissive
[2016.05.17-23.33.08:269][990]LogMaterial: Missing cached shader map for material Emissive, compiling. 
[2016.05.17-23.33.08:285][990]LogMaterial: 0.00 seconds spent updating 1 materials, 1 interfaces, 0 instances, 0 with static permutations.
[2016.05.17-23.33.08:310][990]LogMaterial: Missing cached shader map for material Emissive, compiling. 
[2016.05.17-23.33.08:337][990]LogMaterial: Missing cached shader map for material Emissive, compiling. 
[2016.05.17-23.33.08:356][990]LogMaterial: 0.00 seconds spent updating 1 materials, 1 interfaces, 3 instances, 0 with static permutations.
[2016.05.17-23.33.11:235][214]MaterialEditorStats: Info Base pass shader with static lighting: 91 instructions
[2016.05.17-23.33.11:235][214]MaterialEditorStats: Info Base pass shader with only dynamic lighting: 61 instructions
[2016.05.17-23.33.11:235][214]MaterialEditorStats: Info Vertex shader: 31 instructions
[2016.05.17-23.33.11:235][214]MaterialEditorStats: Info Texture samplers: 4/16
[2016.05.17-23.33.25:061][833]LogMaterial: Missing cached shader map for material Emissive, compiling. 
[2016.05.17-23.33.25:067][833]LogMaterial: 0.00 seconds spent updating 1 materials, 1 interfaces, 0 instances, 0 with static permutations.
[2016.05.17-23.33.25:904][898]MaterialEditorStats: Info Base pass shader with static lighting: 54 instructions
[2016.05.17-23.33.25:904][898]MaterialEditorStats: Info Base pass shader with only dynamic lighting: 25 instructions
[2016.05.17-23.33.25:904][898]MaterialEditorStats: Info Vertex shader: 31 instructions
[2016.05.17-23.33.25:904][898]MaterialEditorStats: Info Texture samplers: 3/16
[2016.05.17-23.33.27:042][ 29]LogMaterialEditor: Applying material Emissive
[2016.05.17-23.33.27:465][ 29]LogMaterial: Missing cached shader map for material Emissive, compiling. 
[2016.05.17-23.33.27:480][ 29]LogMaterial: 0.00 seconds spent updating 1 materials, 1 interfaces, 0 instances, 0 with static permutations.
[2016.05.17-23.33.27:512][ 29]LogMaterial: Missing cached shader map for material Emissive, compiling. 
[2016.05.17-23.33.27:549][ 29]LogMaterial: Missing cached shader map for material Emissive, compiling. 
[2016.05.17-23.33.27:564][ 29]LogMaterial: 0.00 seconds spent updating 1 materials, 1 interfaces, 3 instances, 0 with static permutations.
[2016.05.17-23.33.30:358][246]MaterialEditorStats: Info Base pass shader with static lighting: 91 instructions
[2016.05.17-23.33.30:358][246]MaterialEditorStats: Info Base pass shader with only dynamic lighting: 61 instructions
[2016.05.17-23.33.30:358][246]MaterialEditorStats: Info Vertex shader: 31 instructions
[2016.05.17-23.33.30:358][246]MaterialEditorStats: Info Texture samplers: 4/16
[2016.05.17-23.33.40:328][354]Cmd: OBJ SAVEPACKAGE PACKAGE="/Game/Materials/Emissive" FILE="D:/Git/RiggingShooter/GameJamRigging/Content/Materials/Emissive.uasset" SILENT=true
[2016.05.17-23.33.40:343][354]LogSavePackage: Save=9.97ms
[2016.05.17-23.33.40:343][354]LogSavePackage: Moving 'D:/Git/RiggingShooter/GameJamRigging/Saved/Emissive93A930FB47CA2B4233CAF08B02460DE1.tmp' to 'D:/Git/RiggingShooter/GameJamRigging/Content/Materials/Emissive.uasset'
[2016.05.17-23.33.40:344][354]LogSavePackage: Total save time: 15.05ms
[2016.05.17-23.33.40:344][354]LogSavePackage:Display: Finished SavePackage D:/Git/RiggingShooter/GameJamRigging/Content/Materials/Emissive.uasset
[2016.05.17-23.33.46:332][501]LogMaterial: Missing cached shader map for material Emissive, compiling. 
[2016.05.17-23.33.46:363][501]LogMaterial: 0.00 seconds spent updating 1 materials, 1 interfaces, 0 instances, 0 with static permutations.
[2016.05.17-23.33.46:394][501]LogMaterial: Missing cached shader map for material Emissive, compiling. 
[2016.05.17-23.33.46:430][501]LogMaterial: Missing cached shader map for material Emissive, compiling. 
[2016.05.17-23.33.46:450][501]LogMaterial: 0.00 seconds spent updating 1 materials, 1 interfaces, 3 instances, 0 with static permutations.
[2016.05.17-23.33.49:015][501]Cmd: OBJ SAVEPACKAGE PACKAGE="/Game/Materials/Emissive" FILE="D:/Git/RiggingShooter/GameJamRigging/Content/Materials/Emissive.uasset" SILENT=true
[2016.05.17-23.33.49:029][501]LogSavePackage: Save=9.89ms
[2016.05.17-23.33.49:029][501]LogSavePackage: Moving 'D:/Git/RiggingShooter/GameJamRigging/Saved/Emissive832D786B40EC87F0AED2128910616C70.tmp' to 'D:/Git/RiggingShooter/GameJamRigging/Content/Materials/Emissive.uasset'
[2016.05.17-23.33.49:030][501]LogSavePackage: Total save time: 14.95ms
[2016.05.17-23.33.49:030][501]LogSavePackage:Display: Finished SavePackage D:/Git/RiggingShooter/GameJamRigging/Content/Materials/Emissive.uasset
[2016.05.17-23.33.49:234][501]LogWindowsTextInputMethodSystem:Display: IME system now deactivated.
[2016.05.17-23.33.49:453][502]Cmd: QUIT_EDITOR
[2016.05.17-23.33.49:547][502]LogExit: Preparing to exit.
[2016.05.17-23.33.50:670][502]LogExit: Editor shut down
[2016.05.17-23.33.50:670][502]LogExit: Transaction tracking system shut down
[2016.05.17-23.33.50:781][502]LogObj: Freed 0b from 0 cluster array pools.
[2016.05.17-23.33.50:781][502]LogExit: Object subsystem successfully closed.
[2016.05.17-23.33.50:799][502]LogD3D11RHI: Shutdown
[2016.05.17-23.33.50:799][502]LogD3D11RHI: CleanupD3DDevice
[2016.05.17-23.33.50:855][502]LogD3D11RHI: ~FD3D11DynamicRHI
[2016.05.17-23.33.50:896][502]LogDerivedDataCache: Shutdown
[2016.05.17-23.33.50:897][502]LogModuleManager: Shutting down and abandoning module TextureEditor (207)
[2016.05.17-23.33.50:897][502]LogModuleManager: Shutting down and abandoning module MaterialEditor (206)
[2016.05.17-23.33.50:897][502]LogModuleManager: Shutting down and abandoning module HierarchicalLODOutliner (205)
[2016.05.17-23.33.50:897][502]LogModuleManager: Shutting down and abandoning module CrashTracker (204)
[2016.05.17-23.33.50:897][502]LogModuleManager: Shutting down and abandoning module SceneOutliner (203)
[2016.05.17-23.33.50:897][502]LogModuleManager: Shutting down and abandoning module WorldBrowser (202)
[2016.05.17-23.33.50:897][502]LogModuleManager: Shutting down and abandoning module SuperSearch (201)
[2016.05.17-23.33.50:897][502]LogModuleManager: Shutting down and abandoning module WidgetCarousel (200)
[2016.05.17-23.33.50:897][502]LogModuleManager: Shutting down and abandoning module AddContentDialog (199)
[2016.05.17-23.33.50:898][502]LogModuleManager: Shutting down and abandoning module GameplayTags (198)
[2016.05.17-23.33.50:898][502]LogModuleManager: Shutting down and abandoning module EditorWidgets (197)
[2016.05.17-23.33.50:898][502]LogModuleManager: Shutting down and abandoning module CollectionManager (196)
[2016.05.17-23.33.50:898][502]LogModuleManager: Shutting down and abandoning module StatsViewer (195)
[2016.05.17-23.33.50:898][502]LogModuleManager: Shutting down and abandoning module FoliageEdit (194)
[2016.05.17-23.33.50:898][502]LogModuleManager: Shutting down and abandoning module LandscapeEditor (193)
[2016.05.17-23.33.50:898][502]LogModuleManager: Shutting down and abandoning module ActorPickerMode (192)
[2016.05.17-23.33.50:898][502]LogModuleManager: Shutting down and abandoning module GeometryMode (191)
[2016.05.17-23.33.50:898][502]LogModuleManager: Shutting down and abandoning module TextureAlignMode (190)
[2016.05.17-23.33.50:898][502]LogModuleManager: Shutting down and abandoning module BspMode (189)
[2016.05.17-23.33.50:898][502]LogModuleManager: Shutting down and abandoning module PlacementMode (188)
[2016.05.17-23.33.50:898][502]LogModuleManager: Shutting down and abandoning module AutomationWorker (187)
[2016.05.17-23.33.50:898][502]LogModuleManager: Shutting down and abandoning module CharacterAI (186)
[2016.05.17-23.33.50:898][502]LogModuleManager: Shutting down and abandoning module SmartSnapping (185)
[2016.05.17-23.33.50:898][502]LogModuleManager: Shutting down and abandoning module ViewportSnapping (184)
[2016.05.17-23.33.50:898][502]LogModuleManager: Shutting down and abandoning module LogVisualizer (183)
[2016.05.17-23.33.50:898][502]LogModuleManager: Shutting down and abandoning module GameProjectGeneration (182)
[2016.05.17-23.33.50:898][502]LogModuleManager: Shutting down and abandoning module IntroTutorials (181)
[2016.05.17-23.33.50:898][502]LogModuleManager: Shutting down and abandoning module EditorLiveStreaming (180)
[2016.05.17-23.33.50:898][502]LogModuleManager: Shutting down and abandoning module IOSPlatformEditor (179)
[2016.05.17-23.33.50:898][502]LogModuleManager: Shutting down and abandoning module HTML5PlatformEditor (178)
[2016.05.17-23.33.50:898][502]LogModuleManager: Shutting down and abandoning module AndroidDeviceDetection (177)
[2016.05.17-23.33.51:237][502]LogModuleManager: Shutting down and abandoning module AndroidPlatformEditor (176)
[2016.05.17-23.33.51:237][502]LogModuleManager: Shutting down and abandoning module IOSRuntimeSettings (175)
[2016.05.17-23.33.51:237][502]LogModuleManager: Shutting down and abandoning module AndroidRuntimeSettings (174)
[2016.05.17-23.33.51:237][502]LogModuleManager: Shutting down and abandoning module MergeActors (173)
[2016.05.17-23.33.51:237][502]LogModuleManager: Shutting down and abandoning module SizeMap (172)
[2016.05.17-23.33.51:237][502]LogModuleManager: Shutting down and abandoning module TreeMap (171)
[2016.05.17-23.33.51:237][502]LogModuleManager: Shutting down and abandoning module ReferenceViewer (170)
[2016.05.17-23.33.51:237][502]LogModuleManager: Shutting down and abandoning module LocalizationService (169)
[2016.05.17-23.33.51:237][502]LogModuleManager: Shutting down and abandoning module LocalizationDashboard (168)
[2016.05.17-23.33.51:237][502]LogModuleManager: Shutting down and abandoning module HardwareTargeting (167)
[2016.05.17-23.33.51:237][502]LogModuleManager: Shutting down and abandoning module DeviceProfileEditor (166)
[2016.05.17-23.33.51:237][502]LogModuleManager: Shutting down and abandoning module UndoHistory (165)
[2016.05.17-23.33.51:237][502]LogModuleManager: Shutting down and abandoning module UserFeedback (164)
[2016.05.17-23.33.51:237][502]LogModuleManager: Shutting down and abandoning module XmlParser (163)
[2016.05.17-23.33.51:237][502]LogModuleManager: Shutting down and abandoning module Blutility (162)
[2016.05.17-23.33.51:237][502]LogModuleManager: Shutting down and abandoning module ProjectTargetPlatformEditor (161)
[2016.05.17-23.33.51:237][502]LogModuleManager: Shutting down and abandoning module ProjectSettingsViewer (160)
[2016.05.17-23.33.51:237][502]LogModuleManager: Shutting down and abandoning module InputBindingEditor (159)
[2016.05.17-23.33.51:238][502]LogModuleManager: Shutting down and abandoning module EditorSettingsViewer (158)
[2016.05.17-23.33.51:238][502]LogModuleManager: Shutting down and abandoning module SettingsEditor (157)
[2016.05.17-23.33.51:238][502]LogModuleManager: Shutting down and abandoning module ProjectLauncher (156)
[2016.05.17-23.33.51:238][502]LogModuleManager: Shutting down and abandoning module SessionFrontend (155)
[2016.05.17-23.33.51:238][502]LogModuleManager: Shutting down and abandoning module ProfilerClient (154)
[2016.05.17-23.33.51:238][502]LogModuleManager: Shutting down and abandoning module TargetDeviceServices (153)
[2016.05.17-23.33.51:238][502]LogModuleManager: Shutting down and abandoning module DeviceManager (152)
[2016.05.17-23.33.51:270][502]LogModuleManager: Shutting down and abandoning module AutomationController (151)
[2016.05.17-23.33.51:270][502]LogModuleManager: Shutting down and abandoning module AutomationWindow (150)
[2016.05.17-23.33.51:270][502]LogModuleManager: Shutting down and abandoning module Layers (149)
[2016.05.17-23.33.51:270][502]LogModuleManager: Shutting down and abandoning module ComponentVisualizers (148)
[2016.05.17-23.33.51:270][502]LogModuleManager: Shutting down and abandoning module DetailCustomizations (147)
[2016.05.17-23.33.51:270][502]LogModuleManager: Shutting down and abandoning module PackagesDialog (146)
[2016.05.17-23.33.51:270][502]LogModuleManager: Shutting down and abandoning module Persona (145)
[2016.05.17-23.33.51:270][502]LogModuleManager: Shutting down and abandoning module Kismet (144)
[2016.05.17-23.33.51:270][502]LogModuleManager: Shutting down and abandoning module GraphEditor (143)
[2016.05.17-23.33.51:270][502]LogModuleManager: Shutting down and abandoning module ClassViewer (142)
[2016.05.17-23.33.51:270][502]LogModuleManager: Shutting down and abandoning module Toolbox (141)
[2016.05.17-23.33.51:270][502]LogModuleManager: Shutting down and abandoning module ModuleUI (140)
[2016.05.17-23.33.51:270][502]LogModuleManager: Shutting down and abandoning module MovieSceneTools (139)
[2016.05.17-23.33.51:270][502]LogModuleManager: Shutting down and abandoning module OutputLog (138)
[2016.05.17-23.33.51:270][502]LogModuleManager: Shutting down and abandoning module GammaUI (137)
[2016.05.17-23.33.51:270][502]LogModuleManager: Shutting down and abandoning module Documentation (136)
[2016.05.17-23.33.51:270][502]LogModuleManager: Shutting down and abandoning module StreamingPauseRendering (135)
[2016.05.17-23.33.51:270][502]LogModuleManager: Shutting down and abandoning module AnalyticsET (134)
[2016.05.17-23.33.51:270][502]LogModuleManager: Shutting down and abandoning module Analytics (133)
[2016.05.17-23.33.51:270][502]LogModuleManager: Shutting down and abandoning module PortalServices (132)
[2016.05.17-23.33.51:270][502]LogModuleManager: Shutting down and abandoning module PortalRpc (131)
[2016.05.17-23.33.51:270][502]LogModuleManager: Shutting down and abandoning module MessagingRpc (130)
[2016.05.17-23.33.51:270][502]LogModuleManager: Shutting down and abandoning module AITestSuite (129)
[2016.05.17-23.33.51:270][502]LogModuleManager: Shutting down and abandoning module GameplayDebugger (128)
[2016.05.17-23.33.51:270][502]LogModuleManager: Shutting down and abandoning module AIModule (127)
[2016.05.17-23.33.51:270][502]LogModuleManager: Shutting down and abandoning module ProfilerService (126)
[2016.05.17-23.33.51:519][502]LogModuleManager: Shutting down and abandoning module TaskGraph (125)
[2016.05.17-23.33.51:519][502]LogModuleManager: Shutting down and abandoning module SlateRemote (124)
[2016.05.17-23.33.51:519][502]LogModuleManager: Shutting down and abandoning module SteamVRController (123)
[2016.05.17-23.33.51:519][502]LogModuleManager: Shutting down and abandoning module SteamVR (122)
[2016.05.17-23.33.51:519][502]LogModuleManager: Shutting down and abandoning module ProceduralMeshComponent (121)
[2016.05.17-23.33.51:519][502]LogModuleManager: Shutting down and abandoning module OculusLibrary (120)
[2016.05.17-23.33.51:519][502]LogModuleManager: Shutting down and abandoning module OculusInput (119)
[2016.05.17-23.33.51:519][502]LogModuleManager: Shutting down and abandoning module CustomMeshComponent (118)
[2016.05.17-23.33.51:519][502]LogModuleManager: Shutting down and abandoning module CableComponent (117)
[2016.05.17-23.33.51:519][502]LogModuleManager: Shutting down and abandoning module ArchVisCharacter (116)
[2016.05.17-23.33.51:519][502]LogModuleManager: Shutting down and abandoning module MediaPlayerEditor (115)
[2016.05.17-23.33.51:519][502]LogModuleManager: Shutting down and abandoning module HTML5Networking (114)
[2016.05.17-23.33.51:519][502]LogModuleManager: Shutting down and abandoning module SpeedTreeImporter (113)
[2016.05.17-23.33.51:519][502]LogModuleManager: Shutting down and abandoning module PluginBrowser (112)
[2016.05.17-23.33.51:519][502]LogModuleManager: Shutting down and abandoning module EpicSurvey (111)
[2016.05.17-23.33.51:519][502]LogModuleManager: Shutting down and abandoning module DesktopPlatform (110)
[2016.05.17-23.33.51:519][502]LogModuleManager: Shutting down and abandoning module VisualStudioSourceCodeAccess (109)
[2016.05.17-23.33.51:519][502]LogModuleManager: Shutting down and abandoning module UObjectPlugin (108)
[2016.05.17-23.33.51:519][502]LogModuleManager: Shutting down and abandoning module SubversionSourceControl (107)
[2016.05.17-23.33.51:519][502]LogModuleManager: Shutting down and abandoning module PerforceSourceControl (106)
[2016.05.17-23.33.51:520][502]LogModuleManager: Shutting down and abandoning module SourceControl (105)
[2016.05.17-23.33.51:520][502]LogModuleManager: Shutting down and abandoning module GitSourceControl (104)
[2016.05.17-23.33.51:520][502]LogModuleManager: Shutting down and abandoning module LightPropagationVolumeEditor (103)
[2016.05.17-23.33.51:520][502]LogModuleManager: Shutting down and abandoning module PaperTiledImporter (102)
[2016.05.17-23.33.51:520][502]LogModuleManager: Shutting down and abandoning module PaperSpriteSheetImporter (101)
[2016.05.17-23.33.51:520][502]LogModuleManager: Shutting down and abandoning module MeshPaint (100)
[2016.05.17-23.33.51:520][502]LogModuleManager: Shutting down and abandoning module HotReload (99)
[2016.05.17-23.33.51:521][502]LogModuleManager: Shutting down and abandoning module MainFrame (98)
[2016.05.17-23.33.51:521][502]LogModuleManager: Shutting down and abandoning module LevelEditor (97)
[2016.05.17-23.33.51:522][502]LogModuleManager: Shutting down and abandoning module DirectoryWatcher (96)
[2016.05.17-23.33.51:522][502]LogModuleManager: Shutting down and abandoning module AssetRegistry (95)
[2016.05.17-23.33.51:642][502]LogModuleManager: Shutting down and abandoning module ContentBrowser (94)
[2016.05.17-23.33.51:642][502]LogModuleManager: Shutting down and abandoning module Paper2DEditor (93)
[2016.05.17-23.33.51:642][502]LogModuleManager: Shutting down and abandoning module UdpMessaging (92)
[2016.05.17-23.33.51:744][502]LogModuleManager: Shutting down and abandoning module LightPropagationVolumeRuntime (91)
[2016.05.17-23.33.51:744][502]LogModuleManager: Shutting down and abandoning module Paper2D (90)
[2016.05.17-23.33.51:744][502]LogModuleManager: Shutting down and abandoning module WindowsMoviePlayer (89)
[2016.05.17-23.33.51:744][502]LogModuleManager: Shutting down and abandoning module Media (88)
[2016.05.17-23.33.51:744][502]LogModuleManager: Shutting down and abandoning module WmfMedia (87)
[2016.05.17-23.33.51:744][502]LogModuleManager: Shutting down and abandoning module MediaAssets (86)
[2016.05.17-23.33.51:744][502]LogModuleManager: Shutting down and abandoning module GameLiveStreaming (85)
[2016.05.17-23.33.51:744][502]LogModuleManager: Shutting down and abandoning module GameplayTagsEditor (84)
[2016.05.17-23.33.51:744][502]LogModuleManager: Shutting down and abandoning module OnlineBlueprintSupport (83)
[2016.05.17-23.33.51:744][502]LogModuleManager: Shutting down and abandoning module GameplayTasksEditor (82)
[2016.05.17-23.33.51:744][502]LogModuleManager: Shutting down and abandoning module PropertyEditor (81)
[2016.05.17-23.33.51:744][502]LogModuleManager: Shutting down and abandoning module BehaviorTreeEditor (80)
[2016.05.17-23.33.51:744][502]LogModuleManager: Shutting down and abandoning module FunctionalTesting (79)
[2016.05.17-23.33.51:744][502]LogModuleManager: Shutting down and abandoning module CollisionAnalyzer (78)
[2016.05.17-23.33.51:744][502]LogModuleManager: Shutting down and abandoning module WorkspaceMenuStructure (77)
[2016.05.17-23.33.51:745][502]LogModuleManager: Shutting down and abandoning module MessageLog (76)
[2016.05.17-23.33.51:745][502]LogModuleManager: Shutting down and abandoning module Sequencer (75)
[2016.05.17-23.33.51:745][502]LogModuleManager: Shutting down and abandoning module AssetTools (74)
[2016.05.17-23.33.51:745][502]LogModuleManager: Shutting down and abandoning module UMGEditor (73)
[2016.05.17-23.33.51:745][502]LogModuleManager: Shutting down and abandoning module UMG (72)
[2016.05.17-23.33.51:745][502]LogModuleManager: Shutting down and abandoning module SlateReflector (71)
[2016.05.17-23.33.51:745][502]LogModuleManager: Shutting down and abandoning module Slate (70)
[2016.05.17-23.33.51:745][502]LogModuleManager: Shutting down and abandoning module EditorStyle (69)
[2016.05.17-23.33.51:749][502]LogModuleManager: Shutting down and abandoning module SessionServices (68)
[2016.05.17-23.33.51:749][502]LogModuleManager: Shutting down and abandoning module SourceCodeAccess (67)
[2016.05.17-23.33.51:749][502]LogModuleManager: Shutting down and abandoning module HeadMountedDisplay (66)
[2016.05.17-23.33.51:749][502]LogModuleManager: Shutting down and abandoning module XAudio2 (65)
[2016.05.17-23.33.51:749][502]LogModuleManager: Shutting down and abandoning module Networking (63)
[2016.05.17-23.33.51:749][502]LogModuleManager: Shutting down and abandoning module Core (62)
[2016.05.17-23.33.51:749][502]LogModuleManager: Shutting down and abandoning module KismetCompiler (61)
[2016.05.17-23.33.51:749][502]LogModuleManager: Shutting down and abandoning module PhysXFormats (60)
[2016.05.17-23.33.51:749][502]LogModuleManager: Shutting down and abandoning module MeshUtilities (59)
[2016.05.17-23.33.51:749][502]LogModuleManager: Shutting down and abandoning module CookingStats (58)
[2016.05.17-23.33.51:750][502]LogModuleManager: Shutting down and abandoning module DerivedDataCache (57)
[2016.05.17-23.33.51:750][502]LogDerivedDataCache: Shutdown
[2016.05.17-23.33.51:750][502]LogModuleManager: Shutting down and abandoning module ShaderFormatOpenGL (56)
[2016.05.17-23.33.51:750][502]LogModuleManager: Shutting down and abandoning module ShaderFormatD3D (55)
[2016.05.17-23.33.51:750][502]LogModuleManager: Shutting down and abandoning module MetalShaderFormat (54)
[2016.05.17-23.33.51:750][502]LogModuleManager: Shutting down and abandoning module TextureFormatUncompressed (53)
[2016.05.17-23.33.51:750][502]LogModuleManager: Shutting down and abandoning module TextureFormatPVR (52)
[2016.05.17-23.33.51:750][502]LogModuleManager: Shutting down and abandoning module TextureFormatIntelISPCTexComp (51)
[2016.05.17-23.33.51:750][502]LogModuleManager: Shutting down and abandoning module TextureFormatDXT (50)
[2016.05.17-23.33.51:750][502]LogModuleManager: Shutting down and abandoning module ImageWrapper (49)
[2016.05.17-23.33.51:750][502]LogModuleManager: Shutting down and abandoning module TextureFormatASTC (48)
[2016.05.17-23.33.51:750][502]LogModuleManager: Shutting down and abandoning module TextureFormatAndroid (47)
[2016.05.17-23.33.51:750][502]LogModuleManager: Shutting down and abandoning module AudioFormatOpus (46)
[2016.05.17-23.33.51:750][502]LogModuleManager: Shutting down and abandoning module AudioFormatOgg (45)
[2016.05.17-23.33.51:750][502]LogModuleManager: Shutting down and abandoning module AudioFormatADPCM (44)
[2016.05.17-23.33.51:750][502]LogModuleManager: Shutting down and abandoning module LinuxTargetPlatform (43)
[2016.05.17-23.33.51:750][502]LogModuleManager: Shutting down and abandoning module LinuxServerTargetPlatform (42)
[2016.05.17-23.33.51:750][502]LogModuleManager: Shutting down and abandoning module LinuxNoEditorTargetPlatform (41)
[2016.05.17-23.33.51:750][502]LogModuleManager: Shutting down and abandoning module TVOSTargetPlatform (40)
[2016.05.17-23.33.51:750][502]LogModuleManager: Shutting down and abandoning module Messaging (39)
[2016.05.17-23.33.51:750][502]LogModuleManager: Shutting down and abandoning module IOSTargetPlatform (38)
[2016.05.17-23.33.51:750][502]LogModuleManager: Shutting down and abandoning module HTML5TargetPlatform (37)
[2016.05.17-23.33.51:750][502]LogModuleManager: Shutting down and abandoning module Android_PVRTCTargetPlatform (36)
[2016.05.17-23.33.51:750][502]LogModuleManager: Shutting down and abandoning module Android_MultiTargetPlatform (35)
[2016.05.17-23.33.51:750][502]LogModuleManager: Shutting down and abandoning module Android_ETC2TargetPlatform (34)
[2016.05.17-23.33.51:750][502]LogModuleManager: Shutting down and abandoning module Android_ETC1TargetPlatform (33)
[2016.05.17-23.33.51:750][502]LogModuleManager: Shutting down and abandoning module Android_DXTTargetPlatform (32)
[2016.05.17-23.33.51:750][502]LogModuleManager: Shutting down and abandoning module Android_ATCTargetPlatform (31)
[2016.05.17-23.33.51:750][502]LogModuleManager: Shutting down and abandoning module Android_ASTCTargetPlatform (30)
[2016.05.17-23.33.51:750][502]LogModuleManager: Shutting down and abandoning module AndroidTargetPlatform (29)
[2016.05.17-23.33.51:750][502]LogModuleManager: Shutting down and abandoning module WindowsTargetPlatform (28)
[2016.05.17-23.33.51:750][502]LogModuleManager: Shutting down and abandoning module WindowsServerTargetPlatform (27)
[2016.05.17-23.33.51:750][502]LogModuleManager: Shutting down and abandoning module WindowsNoEditorTargetPlatform (26)
[2016.05.17-23.33.51:750][502]LogModuleManager: Shutting down and abandoning module WindowsClientTargetPlatform (25)
[2016.05.17-23.33.51:750][502]LogModuleManager: Shutting down and abandoning module AllDesktopTargetPlatform (24)
[2016.05.17-23.33.51:750][502]LogModuleManager: Shutting down and abandoning module TargetPlatform (23)
[2016.05.17-23.33.51:750][502]LogModuleManager: Shutting down and abandoning module InputCore (22)
[2016.05.17-23.33.51:750][502]LogModuleManager: Shutting down and abandoning module Settings (21)
[2016.05.17-23.33.51:750][502]LogModuleManager: Shutting down and abandoning module OnlineSubsystem (19)
[2016.05.17-23.33.51:750][502]LogModuleManager: Shutting down and abandoning module HTTP (18)
[2016.05.17-23.33.53:753][502]LogModuleManager: Shutting down and abandoning module XMPP (17)
[2016.05.17-23.33.53:753][502]LogModuleManager: Shutting down and abandoning module OculusRift (16)
[2016.05.17-23.33.53:753][502]LogModuleManager: Shutting down and abandoning module ExampleDeviceProfileSelector (15)
[2016.05.17-23.33.53:753][502]LogModuleManager: Shutting down and abandoning module TextureCompressor (14)
[2016.05.17-23.33.53:753][502]LogModuleManager: Shutting down and abandoning module ShaderCore (13)
[2016.05.17-23.33.53:753][502]LogModuleManager: Shutting down and abandoning module Landscape (12)
[2016.05.17-23.33.53:753][502]LogModuleManager: Shutting down and abandoning module SlateRHIRenderer (11)
[2016.05.17-23.33.53:754][502]LogModuleManager: Shutting down and abandoning module OpenGLDrv (10)
[2016.05.17-23.33.53:754][502]LogModuleManager: Shutting down and abandoning module D3D11RHI (9)
[2016.05.17-23.33.53:754][502]LogModuleManager: Shutting down and abandoning module AnimGraphRuntime (8)
[2016.05.17-23.33.53:754][502]LogModuleManager: Shutting down and abandoning module Renderer (7)
[2016.05.17-23.33.53:754][502]LogModuleManager: Shutting down and abandoning module Engine (6)
[2016.05.17-23.33.53:754][502]LogModuleManager: Shutting down and abandoning module CoreUObject (5)
[2016.05.17-23.33.53:754][502]LogModuleManager: Shutting down and abandoning module NetworkFile (4)
[2016.05.17-23.33.53:754][502]LogModuleManager: Shutting down and abandoning module StreamingFile (3)
[2016.05.17-23.33.53:754][502]LogModuleManager: Shutting down and abandoning module SandboxFile (2)
[2016.05.17-23.33.53:754][502]LogModuleManager: Shutting down and abandoning module PakFile (1)
[2016.05.17-23.33.53:755][502]LogExit: Exiting.
[2016.05.17-23.33.53:767][502]Log file closed, 05/17/16 16:33:53
