Log file open, 05/23/16 23:58:42
LogInit:Display: Running engine for game: GameJamRigging
LogPlatformFile: Not using cached read wrapper
LogInit:Display: RandInit(1876713812) SRandInit(1876713816).
LogTaskGraph: Started task graph with 4 named threads and 7 total threads.
LogStats: Stats thread started at 0.076606
LogInit: Version: 4.11.2-2946394+++UE4+Release-4.11
LogInit: API Version: 2927265
LogInit: Compiled (64-bit): Apr 18 2016 02:18:46
LogInit: Compiled with Visual C++: 19.00.23026.00
LogInit: Build Configuration: Development
LogInit: Branch Name: ++UE4+Release-4.11
LogInit: Command line:  
LogInit: Base directory: C:/Program Files (x86)/Epic Games/4.11/Engine/Binaries/Win64/
LogInit: Installed Engine Build: 1
LogInit: Using libcurl 7.41.0
LogInit:  - built for x86_64-pc-win32
LogInit:  - supports SSL with WinSSL
LogInit:  - other features:
LogInit:      CURL_VERSION_SSL
LogInit:      CURL_VERSION_IPV6
LogInit:      CURL_VERSION_ASYNCHDNS
LogInit:      CURL_VERSION_LARGEFILE
LogInit:      CURL_VERSION_IDN
LogInit:  CurlRequestOptions (configurable via config and command line):
LogInit:  - bVerifyPeer = true  - Libcurl will verify peer certificate
LogInit:  - bUseHttpProxy = false  - Libcurl will NOT use HTTP proxy
LogInit:  - bDontReuseConnections = false  - Libcurl will reuse connections
LogInit:  - CertBundlePath = nullptr  - Libcurl will use whatever was configured at build time.
LogInit: Presizing for max 16777216 objects, including 0 objects not considered by GC, pre-allocating 0 bytes for permanent pool.
LogInit: Object subsystem initialized
[2016.05.24-06.58.42:514][  0]LogInit: Selected Device Profile: [Windows]
[2016.05.24-06.58.42:514][  0]LogInit: Applying CVar settings loaded from the selected device profile: [Windows]
[2016.05.24-06.58.42:520][  0]LogInit: Computer: DUMPRING
[2016.05.24-06.58.42:520][  0]LogInit: User: theco000
[2016.05.24-06.58.42:520][  0]LogInit: CPU Page size=65536, Cores=4
[2016.05.24-06.58.42:520][  0]LogInit: High frequency timer resolution =3.615414 MHz
[2016.05.24-06.58.42:521][  0]LogMemory: Memory total: Physical=15.9GB (16GB approx)
[2016.05.24-06.58.42:521][  0]LogMemory: Platform Memory Stats for Windows
[2016.05.24-06.58.42:521][  0]LogMemory: Process Physical Memory: 314.46 MB used, 314.46 MB peak
[2016.05.24-06.58.42:521][  0]LogMemory: Process Virtual Memory: 315.06 MB used, 315.06 MB peak
[2016.05.24-06.58.42:521][  0]LogMemory: Physical Memory: 6036.42 MB used, 16326.09 MB total
[2016.05.24-06.58.42:521][  0]LogMemory: Virtual Memory: 639.07 MB used, 134217728.00 MB total
[2016.05.24-06.58.42:552][  0]LogTextLocalizationManager: No specific translations for ('en-US') exist, so ('en') translations will be used.
[2016.05.24-06.58.42:908][  0]LogD3D11RHI: D3D11 adapters:
[2016.05.24-06.58.42:931][  0]LogD3D11RHI:    0. 'NVIDIA GeForce GTX 780' (Feature Level 11_0)
[2016.05.24-06.58.42:931][  0]LogD3D11RHI:       3013MB of dedicated video memory, 0MB of dedicated system memory, and 8163MB of shared system memory, 2 output[s]
[2016.05.24-06.58.42:932][  0]LogD3D11RHI:    1. 'Microsoft Basic Render Driver' (Feature Level 11_0)
[2016.05.24-06.58.42:932][  0]LogD3D11RHI:       0MB of dedicated video memory, 0MB of dedicated system memory, and 8163MB of shared system memory, 0 output[s]
[2016.05.24-06.58.42:932][  0]LogD3D11RHI: Chosen D3D11 Adapter: 0
[2016.05.24-06.58.42:937][  0]LogD3D11RHI: Creating new Direct3DDevice
[2016.05.24-06.58.42:937][  0]LogD3D11RHI:     Adapter Name: NVIDIA GeForce GTX 780
[2016.05.24-06.58.42:937][  0]LogD3D11RHI:   Driver Version: 10.18.13.6510 (internal 10.18.13.6510)
[2016.05.24-06.58.42:937][  0]LogD3D11RHI:      Driver Date: 4-27-2016
[2016.05.24-06.58.42:937][  0]LogRHI: Texture pool is 1361 MB (70% of 1945 MB)
[2016.05.24-06.58.42:949][  0]LogD3D11RHI: Async texture creation enabled
[2016.05.24-06.58.42:961][  0]LogShaderCompilers: Guid format shader working directory is 12 characters bigger than the processId version (D:/Git/RiggingShooter/GameJamRigging/Intermediate/Shaders/WorkingDirectory/10884/).
[2016.05.24-06.58.42:961][  0]LogShaderCompilers: Cleaned the shader compiler working directory 'C:/Users/THECO_~1/AppData/Local/Temp/UnrealShaderWorkingDir/7AECA5694A4A4924CC21F2BDBBE41AA0/'.
[2016.05.24-06.58.42:961][  0]LogShaderCompilers:Display: Using Local Shader Compiler.
[2016.05.24-06.58.43:978][  0]LogTemp:Display: Loaded TP AllDesktopTargetPlatform
[2016.05.24-06.58.43:982][  0]LogTemp:Display: Loaded TP WindowsClientTargetPlatform
[2016.05.24-06.58.43:986][  0]LogTemp:Display: Loaded TP WindowsNoEditorTargetPlatform
[2016.05.24-06.58.43:990][  0]LogTemp:Display: Loaded TP WindowsServerTargetPlatform
[2016.05.24-06.58.43:994][  0]LogTemp:Display: Loaded TP WindowsTargetPlatform
[2016.05.24-06.58.43:997][  0]LogTemp:Display: Loaded TP AndroidTargetPlatform
[2016.05.24-06.58.44:000][  0]LogTemp:Display: Loaded TP Android_ASTCTargetPlatform
[2016.05.24-06.58.44:003][  0]LogTemp:Display: Loaded TP Android_ATCTargetPlatform
[2016.05.24-06.58.44:005][  0]LogTemp:Display: Loaded TP Android_DXTTargetPlatform
[2016.05.24-06.58.44:008][  0]LogTemp:Display: Loaded TP Android_ETC1TargetPlatform
[2016.05.24-06.58.44:011][  0]LogTemp:Display: Loaded TP Android_ETC2TargetPlatform
[2016.05.24-06.58.44:017][  0]LogTemp:Display: Loaded TP Android_MultiTargetPlatform
[2016.05.24-06.58.44:017][  0]LogTemp:Display: Loaded TP Android_PVRTCTargetPlatform
[2016.05.24-06.58.44:017][  0]LogTemp:Display: Loaded TP HTML5TargetPlatform
[2016.05.24-06.58.44:033][  0]LogTemp:Display: Loaded TP IOSTargetPlatform
[2016.05.24-06.58.44:036][  0]LogTemp:Display: Loaded TP TVOSTargetPlatform
[2016.05.24-06.58.44:038][  0]LogTemp:Display: Loaded TP LinuxNoEditorTargetPlatform
[2016.05.24-06.58.44:041][  0]LogTemp:Display: Loaded TP LinuxServerTargetPlatform
[2016.05.24-06.58.44:044][  0]LogTemp:Display: Loaded TP LinuxTargetPlatform
[2016.05.24-06.58.44:044][  0]LogTargetPlatformManager:Display: Building Assets For Windows
[2016.05.24-06.58.44:108][  0]LogDerivedDataCache:Display: Max Cache Size: 512 MB
[2016.05.24-06.58.44:153][  0]LogDerivedDataCache: Loaded boot cache 0.04s 46MB C:/Users/theco_000/AppData/Local/UnrealEngine/4.11/DerivedDataCache/Boot.ddc.
[2016.05.24-06.58.44:153][  0]LogDerivedDataCache:Display: Loaded Boot cache: C:/Users/theco_000/AppData/Local/UnrealEngine/4.11/DerivedDataCache/Boot.ddc
[2016.05.24-06.58.44:153][  0]LogDerivedDataCache: FDerivedDataBackendGraph:  Pak pak cache file D:/Git/RiggingShooter/GameJamRigging/DerivedDataCache/DDC.ddp not found, will not use a pak cache.
[2016.05.24-06.58.44:153][  0]LogDerivedDataCache: Unable to find inner node Pak for hierarchical cache Hierarchy.
[2016.05.24-06.58.44:153][  0]LogDerivedDataCache: FDerivedDataBackendGraph:  CompressedPak pak cache file D:/Git/RiggingShooter/GameJamRigging/DerivedDataCache/Compressed.ddp not found, will not use a pak cache.
[2016.05.24-06.58.44:153][  0]LogDerivedDataCache: Unable to find inner node CompressedPak for hierarchical cache Hierarchy.
[2016.05.24-06.58.44:168][  0]LogDerivedDataCache:Display: Pak cache opened for reading ../../../Engine/DerivedDataCache/Compressed.ddp.
[2016.05.24-06.58.44:180][  0]LogDerivedDataCache: Using Local data cache path C:/Users/theco_000/AppData/Local/UnrealEngine/Common/DerivedDataCache: Writable
[2016.05.24-06.58.44:368][  0]LogInit: Selected Device Profile: [Windows]
[2016.05.24-06.58.44:369][  0]LogContentStreaming: Texture pool size is 0.00 MB
[2016.05.24-06.58.44:416][  0]LogMaterial: Uniform references updated for custom material expression Custom.
[2016.05.24-06.58.44:537][  0]LogMeshUtilities: No automatic mesh reduction module available
[2016.05.24-06.58.44:537][  0]LogMeshUtilities: No automatic mesh merging module available
[2016.05.24-06.58.44:537][  0]LogMeshUtilities: No distributed automatic mesh merging module available
[2016.05.24-06.58.44:742][  0]LogUObjectArray: 27679 objects as part of root set at end of initial load.
[2016.05.24-06.58.44:742][  0]LogUObjectAllocator: 5591592 out of 0 bytes used by permanent object pool.
[2016.05.24-06.58.44:742][  0]LogUObjectArray: CloseDisregardForGC: 0/0 objects in disregard for GC pool
[2016.05.24-06.58.44:748][  0]LogInit: WinSock: version 1.1 (2.2), MaxSocks=32767, MaxUdp=65467
[2016.05.24-06.58.44:823][  0]LogSlate: SlateFontCache - WITH_FREETYPE: 1, WITH_HARFBUZZ: 1
[2016.05.24-06.58.44:823][  0]LogSlate: SlateFontCache - WITH_FREETYPE: 1, WITH_HARFBUZZ: 1
[2016.05.24-06.58.44:955][  0]LogStreaming:Warning: Failed to read file '../../../Engine/Content/Editor/Slate/Common/Selection_16x.png' error.
[2016.05.24-06.58.44:955][  0]LogSlate: Could not find file for Slate resource: ../../../Engine/Content/Editor/Slate/Common/Selection_16x.png
[2016.05.24-06.58.44:955][  0]LogStreaming:Warning: Failed to read file '../../../Engine/Content/Editor/Slate/Common/Selection_16x.png' error.
[2016.05.24-06.58.44:955][  0]LogSlate: Could not find file for Slate resource: ../../../Engine/Content/Editor/Slate/Common/Selection_16x.png
[2016.05.24-06.58.44:955][  0]LogStreaming:Warning: Failed to read file '../../../Engine/Content/Editor/Slate/Common/Selection_16x.png' error.
[2016.05.24-06.58.44:955][  0]LogSlate: Could not find file for Slate resource: ../../../Engine/Content/Editor/Slate/Common/Selection_16x.png
[2016.05.24-06.58.45:569][  0]LogUdpMessaging: Initializing bridge on interface 0.0.0.0:0 to multicast group 230.0.0.1:6666.
[2016.05.24-06.58.45:678][  0]LogAssetRegistry: FAssetRegistry took 0.0216 seconds to start up
[2016.05.24-06.58.45:816][  0]SourceControl: Info Source control is disabled
[2016.05.24-06.58.45:817][  0]SourceControl: Info Source control is disabled
[2016.05.24-06.58.45:823][  0]SourceControl: Info Source control is disabled
[2016.05.24-06.58.45:829][  0]SourceControl: Info Source control is disabled
[2016.05.24-06.58.45:929][  0]LogHMD: Failed to initialize OpenVR with code 110
[2016.05.24-06.58.45:997][  0]LogEngine: Initializing Engine...
[2016.05.24-06.58.46:116][  0]LogAIModule: Creating AISystem for world NewWorld
[2016.05.24-06.58.46:125][  0]LogInit: XAudio2 using 'Speakers (Realtek High Definition Audio)' : 2 channels at 48 kHz using 32 bits per sample (channel mask 0x3)
[2016.05.24-06.58.46:136][  0]LogInit: FAudioDevice initialized.
[2016.05.24-06.58.46:157][  0]LogDerivedDataCache: Saved boot cache 0.02s 46MB C:/Users/theco_000/AppData/Local/UnrealEngine/4.11/DerivedDataCache/Boot.ddc.
[2016.05.24-06.58.46:161][  0]LogInit: Texture streaming: Enabled
[2016.05.24-06.58.46:178][  0]LogInit: Transaction tracking system initialized
[2016.05.24-06.58.46:196][  0]BlueprintLog: New page: Editor Load
[2016.05.24-06.58.46:252][  0]LocalizationService: Info Localization service is disabled
[2016.05.24-06.58.46:311][  0]LogConsoleResponse:Display: 
[2016.05.24-06.58.46:416][  0]LogCook:Display: Max memory allowance for cook 8192mb
[2016.05.24-06.58.46:416][  0]LogCook:Display: Mobile HDR setting 1
[2016.05.24-06.58.46:416][  0]LogCook:Display: Done creating registry. It took  0.00s.
[2016.05.24-06.58.46:457][  0]LogFileCache: Scanning file cache for directory 'D:/Git/RiggingShooter/GameJamRigging/Content/' took 0.02s
[2016.05.24-06.58.46:457][  0]SourceControl: Info Source control is disabled
[2016.05.24-06.58.46:457][  0]Cmd: MAP LOAD FILE="D:/Git/RiggingShooter/GameJamRigging/Content/Maps/ChrisTest.umap" TEMPLATE=0 SHOWPROGRESS=1 FEATURELEVEL=3
[2016.05.24-06.58.46:457][  0]LightingResults: New page: Lighting Build
[2016.05.24-06.58.46:460][  0]MapCheck: New page: Map Check
[2016.05.24-06.58.46:460][  0]LightingResults: New page: Lighting Build
[2016.05.24-06.58.48:024][  0]LogAIModule: Creating AISystem for world ChrisTest
[2016.05.24-06.58.48:030][  0]LogEditorServer: Finished looking for orphan Actors (0.000 secs)
[2016.05.24-06.58.48:032][  0]Cmd: MAP CHECKDEP NOCLEARLOG
[2016.05.24-06.58.48:077][  0]MapCheck: Info Map check complete: 0 Error(s), 0 Warning(s), took 44.935ms to complete.
[2016.05.24-06.58.48:077][  0]LogFileHelpers: Loading map 'ChrisTest' took 1.620
[2016.05.24-06.58.48:195][  0]LogCollectionManager: Loaded 0 collections in 0.001201 seconds
[2016.05.24-06.58.48:238][  0]LogFileCache: Scanning file cache for directory 'D:/Git/RiggingShooter/GameJamRigging/Saved/Collections/' took 0.01s
[2016.05.24-06.58.48:238][  0]LogFileCache: Scanning file cache for directory 'D:/Git/RiggingShooter/GameJamRigging/Content/Developers/theco000/Collections/' took 0.01s
[2016.05.24-06.58.48:238][  0]LogFileCache: Scanning file cache for directory 'D:/Git/RiggingShooter/GameJamRigging/Content/Collections/' took 0.01s
[2016.05.24-06.58.48:238][  0]LogCollectionManager: Rebuilt the GUID cache for 0 collections in 0.000003 seconds
[2016.05.24-06.58.48:245][  0]LogContentBrowser: Native class hierarchy populated in 0.0070 seconds. Added 1979 classes and 343 folders.
[2016.05.24-06.58.48:248][  0]LogStats: UGameplayTagsManager::ConstructGameplayTagTree: Construct from data asset -  0.000 s
[2016.05.24-06.58.48:248][  0]LogStats: UGameplayTagsManager::ConstructGameplayTagTree: GameplayTagTreeChangedEvent.Broadcast -  0.000 s
[2016.05.24-06.58.48:249][  0]LogContentBrowser: Native class hierarchy updated for 'GameplayTags' in 0.0004 seconds. Added 12 classes and 0 folders.
[2016.05.24-06.58.48:252][  0]LogContentBrowser: Native class hierarchy updated for 'WidgetCarousel' in 0.0003 seconds. Added 0 classes and 0 folders.
[2016.05.24-06.58.48:257][  0]LogContentBrowser: Native class hierarchy updated for 'SuperSearch' in 0.0003 seconds. Added 1 classes and 2 folders.
[2016.05.24-06.58.48:300][  0]LogContentBrowser: Native class hierarchy updated for 'AddContentDialog' in 0.0003 seconds. Added 0 classes and 0 folders.
[2016.05.24-06.58.48:305][  0]LogContentBrowser: Native class hierarchy updated for 'WorldBrowser' in 0.0003 seconds. Added 1 classes and 3 folders.
[2016.05.24-06.58.48:309][  0]LogContentBrowser: Native class hierarchy updated for 'SceneOutliner' in 0.0003 seconds. Added 1 classes and 2 folders.
[2016.05.24-06.58.48:367][  0]LogCrashTracker: Crashtracker disabled due to settings.
[2016.05.24-06.58.48:370][  0]LogUObjectGlobals:Warning: Failed to find object 'Class None.'
[2016.05.24-06.58.48:396][  0]LogContentBrowser: Native class hierarchy updated for 'HierarchicalLODOutliner' in 0.0003 seconds. Added 1 classes and 2 folders.
[2016.05.24-06.58.48:396][  0]LogLoad: Full Startup: 6.60 seconds (BP compile: 0.50 seconds)
[2016.05.24-06.58.48:396][  0]LogExternalProfiler: Found external profiler: VSPerf
[2016.05.24-06.58.48:396][  0]LogExternalProfiler: Using external profiler: VSPerf
[2016.05.24-06.58.48:736][  0]LogOcInput: OculusInput pre-init called
[2016.05.24-06.58.48:789][  0]LogContentStreaming: Texture pool size now 1000 MB
[2016.05.24-06.58.48:942][  0]LogRenderer: Reallocating scene render targets to support 1596x808 (Frame:2).
[2016.05.24-06.58.49:086][  1]LogAssetRegistry: Asset discovery search completed in 3.4294 seconds
[2016.05.24-06.58.49:086][  1]LogCollectionManager: Rebuilt the object cache for 0 collections in 0.000001 seconds (found 0 objects)
[2016.05.24-06.58.49:086][  1]LogCollectionManager: Fixed up redirectors for 0 collections in 0.000023 seconds (updated 0 objects)
[2016.05.24-06.59.07:103][139]LogFactory: FactoryCreateBinary: StaticMesh with FbxFactory (0 0 D:\GameAssets\RiggingShooter\RiggingShooterCharacter2.fbx)
[2016.05.24-06.59.07:113][139]LogFbx: ItemName: GlobalSettings, ItemCount : 1
[2016.05.24-06.59.07:113][139]LogFbx: ItemName: Geometry, ItemCount : 2
[2016.05.24-06.59.07:113][139]LogFbx: ItemName: Model, ItemCount : 2
[2016.05.24-06.59.07:113][139]LogFbx: ItemName: Material, ItemCount : 2
[2016.05.24-06.59.07:118][139]LogFbx: Loading FBX Scene from D:\GameAssets\RiggingShooter\RiggingShooterCharacter2.fbx
[2016.05.24-06.59.07:125][139]LogFbx: FBX Scene Loaded Succesfully
[2016.05.24-06.59.15:244][139]LogFbx: Loading FBX Scene from D:\GameAssets\RiggingShooter\RiggingShooterCharacter2.fbx
[2016.05.24-06.59.15:250][139]LogFbx: FBX Scene Loaded Succesfully
[2016.05.24-06.59.15:252][139]LogFbx:Warning: Triangulating static mesh Plane
[2016.05.24-06.59.15:306][139]LogFbx:Warning: Triangulating static mesh Character2
[2016.05.24-06.59.15:388][139]LogStaticMesh: Building static mesh RiggingShooterCharacter2...
[2016.05.24-06.59.15:406][139]LogStaticMesh: Built static mesh [0.02s] /Game/Models/RiggingShooterCharacter2.RiggingShooterCharacter2
[2016.05.24-06.59.15:409][139]LogStaticMesh:Warning: RiggingShooterCharacter2 has degenerate tangent bases which will result in incorrect shading.  MikkTSpace relies on tangent bases and may result in mesh corruption, consider disabling this option.
[2016.05.24-06.59.15:414][139]FBXImport:Warning: Warning Warning: No smoothing group information was found in this FBX scene.  Please make sure to enable the 'Export Smoothing Groups' option in the FBX Exporter plug-in before exporting the file.  Even for tools that don't support smoothing groups, the FBX Exporter will generate appropriate smoothing data at export-time so that correct vertex normals can be inferred while importing. 
[2016.05.24-06.59.15:414][139]FBXImport:Warning: Warning RiggingShooterCharacter2 has degenerate tangent bases which will result in incorrect shading.  MikkTSpace relies on tangent bases and may result in mesh corruption, consider disabling this option. 
[2016.05.24-06.59.17:689][384]LogActorFactory: Actor Factory created RiggingShooterCharacter2
[2016.05.24-06.59.19:348][579]LogActorFactory: Actor Factory created RiggingShooterCharacter2
[2016.05.24-06.59.49:503][746]LogEditorViewport: Clicking on Actor (LMB): StaticMeshActor (RiggingShooterCharacter)
[2016.05.24-06.59.50:016][798]Cmd: DELETE
[2016.05.24-06.59.50:016][798]Cmd: ACTOR DELETE
[2016.05.24-06.59.50:017][798]LogEditorActor: Deleted Actor: StaticMeshActor
[2016.05.24-06.59.50:017][798]LogActorComponent: UnregisterComponent: (/Engine/Transient.ProjectileMovementComponent_40__A6522401) Not registered. Aborting.
[2016.05.24-06.59.50:017][798]LogActorComponent: UnregisterComponent: (/Engine/Transient.CharMoveComp) Not registered. Aborting.
[2016.05.24-06.59.50:069][798]LogEditorActor: Deleted 1 Actors (0.053 secs)
[2016.05.24-06.59.51:031][913]LogEditorViewport: Clicking on Actor (LMB): StaticMeshActor (RiggingShooterCharacter2)
[2016.05.24-07.00.31:726][430]LogEditorViewport: Clicking on Actor (context menu): StaticMeshActor (RiggingShooterCharacter2)
[2016.05.24-07.00.32:673][528]LogEditorViewport: Clicking on Actor (LMB): StaticMeshActor (RiggingShooterCharacter2)
[2016.05.24-07.01.19:362][773]LogBlueprintUserMessages: Early PlayInEditor Detection: Level '/Game/Maps/ChrisTest.ChrisTest:PersistentLevel' has LevelScriptBlueprint '/Game/Maps/ChrisTest.ChrisTest:PersistentLevel.ChrisTest' with GeneratedClass '/Game/Maps/ChrisTest.ChrisTest_C' with ClassGeneratedBy '/Game/Maps/ChrisTest.ChrisTest:PersistentLevel.ChrisTest'
[2016.05.24-07.01.19:362][773]LogPlayLevel: PlayLevel: No blueprints needed recompiling
[2016.05.24-07.01.19:363][773]PIE: New page: PIE session: ChrisTest (May 23, 2016, 4:01:19 PM)
[2016.05.24-07.01.19:363][773]LogPlayLevel: Creating play world package: /Game/Maps/UEDPIE_0_ChrisTest
[2016.05.24-07.01.19:373][773]LogPlayLevel: PIE: StaticDuplicateObject took: (0.009884s)
[2016.05.24-07.01.19:373][773]LogAIModule: Creating AISystem for world ChrisTest
[2016.05.24-07.01.19:374][773]LogPlayLevel: PIE: World Init took: (0.000624s)
[2016.05.24-07.01.19:374][773]LogPlayLevel: PIE: Created PIE world by copying editor world from /Game/Maps/ChrisTest.ChrisTest to /Game/Maps/UEDPIE_0_ChrisTest.ChrisTest (0.010712s)
[2016.05.24-07.01.19:389][773]LogInit: XAudio2 using 'Speakers (Realtek High Definition Audio)' : 2 channels at 48 kHz using 32 bits per sample (channel mask 0x3)
[2016.05.24-07.01.19:398][773]LogInit: FAudioDevice initialized.
[2016.05.24-07.01.19:441][773]LogWorld: Game class is 'ShooterGameMode_C'
[2016.05.24-07.01.19:445][773]LogWorld: Bringing World /Game/Maps/UEDPIE_0_ChrisTest.ChrisTest up for play (max tick rate 0) at 2016.05.24-00.01.19
[2016.05.24-07.01.19:446][773]LogWorld: Bringing up level for play took: 0.003239
[2016.05.24-07.01.19:449][773]LogContentBrowser: Native class hierarchy updated for 'MovieSceneCapture' in 0.0004 seconds. Added 9 classes and 0 folders.
[2016.05.24-07.01.19:453][773]PIE: Info Play in editor start time for /Game/Maps/UEDPIE_0_ChrisTest -0.688
[2016.05.24-07.01.19:453][773]LogBlueprintUserMessages: Late PlayInEditor Detection: Level '/Game/Maps/ChrisTest.ChrisTest:PersistentLevel' has LevelScriptBlueprint '/Game/Maps/ChrisTest.ChrisTest:PersistentLevel.ChrisTest' with GeneratedClass '/Game/Maps/ChrisTest.ChrisTest_C' with ClassGeneratedBy '/Game/Maps/ChrisTest.ChrisTest:PersistentLevel.ChrisTest'
[2016.05.24-07.01.25:939][543]LogBlueprintUserMessages: Early EndPlayMap Detection: Level '/Game/Maps/ChrisTest.ChrisTest:PersistentLevel' has LevelScriptBlueprint '/Game/Maps/ChrisTest.ChrisTest:PersistentLevel.ChrisTest' with GeneratedClass '/Game/Maps/ChrisTest.ChrisTest_C' with ClassGeneratedBy '/Game/Maps/ChrisTest.ChrisTest:PersistentLevel.ChrisTest'
[2016.05.24-07.01.25:979][543]LogBlueprintUserMessages: Late EndPlayMap Detection: Level '/Game/Maps/ChrisTest.ChrisTest:PersistentLevel' has LevelScriptBlueprint '/Game/Maps/ChrisTest.ChrisTest:PersistentLevel.ChrisTest' with GeneratedClass '/Game/Maps/ChrisTest.ChrisTest_C' with ClassGeneratedBy '/Game/Maps/ChrisTest.ChrisTest:PersistentLevel.ChrisTest'
[2016.05.24-07.01.28:016][774]LogBlueprintUserMessages: Early PlayInEditor Detection: Level '/Game/Maps/ChrisTest.ChrisTest:PersistentLevel' has LevelScriptBlueprint '/Game/Maps/ChrisTest.ChrisTest:PersistentLevel.ChrisTest' with GeneratedClass '/Game/Maps/ChrisTest.ChrisTest_C' with ClassGeneratedBy '/Game/Maps/ChrisTest.ChrisTest:PersistentLevel.ChrisTest'
[2016.05.24-07.01.28:016][774]LogPlayLevel: PlayLevel: No blueprints needed recompiling
[2016.05.24-07.01.28:017][774]PIE: New page: PIE session: ChrisTest (May 23, 2016, 4:01:28 PM)
[2016.05.24-07.01.28:017][774]LogPlayLevel: Creating play world package: /Game/Maps/UEDPIE_0_ChrisTest
[2016.05.24-07.01.28:026][774]LogPlayLevel: PIE: StaticDuplicateObject took: (0.009619s)
[2016.05.24-07.01.28:027][774]LogAIModule: Creating AISystem for world ChrisTest
[2016.05.24-07.01.28:027][774]LogPlayLevel: PIE: World Init took: (0.000540s)
[2016.05.24-07.01.28:027][774]LogPlayLevel: PIE: Created PIE world by copying editor world from /Game/Maps/ChrisTest.ChrisTest to /Game/Maps/UEDPIE_0_ChrisTest.ChrisTest (0.010332s)
[2016.05.24-07.01.28:042][774]LogInit: XAudio2 using 'Speakers (Realtek High Definition Audio)' : 2 channels at 48 kHz using 32 bits per sample (channel mask 0x3)
[2016.05.24-07.01.28:049][774]LogInit: FAudioDevice initialized.
[2016.05.24-07.01.28:098][774]LogWorld: Game class is 'ShooterGameMode_C'
[2016.05.24-07.01.28:101][774]LogWorld: Bringing World /Game/Maps/UEDPIE_0_ChrisTest.ChrisTest up for play (max tick rate 0) at 2016.05.24-00.01.28
[2016.05.24-07.01.28:101][774]LogWorld: Bringing up level for play took: 0.002843
[2016.05.24-07.01.28:110][774]PIE: Info Play in editor start time for /Game/Maps/UEDPIE_0_ChrisTest -0.03
[2016.05.24-07.01.28:110][774]LogBlueprintUserMessages: Late PlayInEditor Detection: Level '/Game/Maps/ChrisTest.ChrisTest:PersistentLevel' has LevelScriptBlueprint '/Game/Maps/ChrisTest.ChrisTest:PersistentLevel.ChrisTest' with GeneratedClass '/Game/Maps/ChrisTest.ChrisTest_C' with ClassGeneratedBy '/Game/Maps/ChrisTest.ChrisTest:PersistentLevel.ChrisTest'
[2016.05.24-07.01.29:426][894]LogRenderer: Reallocating scene render targets to support 2560x1376 (Frame:12488).
[2016.05.24-07.01.29:445][896]LogRenderTargetPool:Warning: r.RenderTargetPoolMin exceeded 498/400 MB (ok in editor, bad on fixed memory platform)
[2016.05.24-07.02.02:228][784]LogBlueprintUserMessages: Early EndPlayMap Detection: Level '/Game/Maps/ChrisTest.ChrisTest:PersistentLevel' has LevelScriptBlueprint '/Game/Maps/ChrisTest.ChrisTest:PersistentLevel.ChrisTest' with GeneratedClass '/Game/Maps/ChrisTest.ChrisTest_C' with ClassGeneratedBy '/Game/Maps/ChrisTest.ChrisTest:PersistentLevel.ChrisTest'
[2016.05.24-07.02.02:284][784]LogBlueprintUserMessages: Late EndPlayMap Detection: Level '/Game/Maps/ChrisTest.ChrisTest:PersistentLevel' has LevelScriptBlueprint '/Game/Maps/ChrisTest.ChrisTest:PersistentLevel.ChrisTest' with GeneratedClass '/Game/Maps/ChrisTest.ChrisTest_C' with ClassGeneratedBy '/Game/Maps/ChrisTest.ChrisTest:PersistentLevel.ChrisTest'
[2016.05.24-07.02.03:741][930]Cmd: OBJ SAVEPACKAGE PACKAGE="/Game/Maps/ChrisTest" FILE="D:/Git/RiggingShooter/GameJamRigging/Content/Maps/ChrisTest.umap" SILENT=true AUTOSAVING=false KEEPDIRTY=false
[2016.05.24-07.02.03:882][930]LogSavePackage: Save=119.56ms
[2016.05.24-07.02.03:882][930]LogSavePackage: Moving 'D:/Git/RiggingShooter/GameJamRigging/Saved/ChrisTestE9E2FF4340CF9D341E63058ADC3C6F51.tmp' to 'D:/Git/RiggingShooter/GameJamRigging/Content/Maps/ChrisTest.umap'
[2016.05.24-07.02.03:883][930]LogSavePackage: Total save time: 134.80ms
[2016.05.24-07.02.03:883][930]LogSavePackage:Display: Finished SavePackage D:/Git/RiggingShooter/GameJamRigging/Content/Maps/ChrisTest.umap
[2016.05.24-07.02.03:916][930]LogFileHelpers: Saving map 'ChrisTest' took 0.222
[2016.05.24-07.02.03:933][930]Cmd: OBJ SAVEPACKAGE PACKAGE="/Game/Models/RiggingShooterCharacter2" FILE="D:/Git/RiggingShooter/GameJamRigging/Content/Models/RiggingShooterCharacter2.uasset" SILENT=true
[2016.05.24-07.02.03:942][930]LogSavePackage: Save=9.03ms
[2016.05.24-07.02.03:942][930]LogSavePackage: Moving 'D:/Git/RiggingShooter/GameJamRigging/Saved/RiggingShooterCharacter2C8BC1E904244E358AB66BF963B541A1C.tmp' to 'D:/Git/RiggingShooter/GameJamRigging/Content/Models/RiggingShooterCharacter2.uasset'
[2016.05.24-07.02.03:943][930]LogSavePackage: Total save time: 10.17ms
[2016.05.24-07.02.03:943][930]LogSavePackage:Display: Finished SavePackage D:/Git/RiggingShooter/GameJamRigging/Content/Models/RiggingShooterCharacter2.uasset
[2016.05.24-07.02.05:329][ 84]LogWindowsTextInputMethodSystem:Display: IME system now deactivated.
[2016.05.24-07.02.05:505][ 85]Cmd: QUIT_EDITOR
[2016.05.24-07.02.05:965][ 85]LogExit: Preparing to exit.
[2016.05.24-07.02.06:756][ 85]LogExit: Editor shut down
[2016.05.24-07.02.06:756][ 85]LogExit: Transaction tracking system shut down
[2016.05.24-07.02.06:854][ 85]LogObj: Freed 0b from 0 cluster array pools.
[2016.05.24-07.02.06:854][ 85]LogExit: Object subsystem successfully closed.
[2016.05.24-07.02.06:871][ 85]LogD3D11RHI: Shutdown
[2016.05.24-07.02.06:871][ 85]LogD3D11RHI: CleanupD3DDevice
[2016.05.24-07.02.06:924][ 85]LogD3D11RHI: ~FD3D11DynamicRHI
[2016.05.24-07.02.07:002][ 85]LogDerivedDataCache: Shutdown
[2016.05.24-07.02.07:002][ 85]LogModuleManager: Shutting down and abandoning module MovieSceneCapture (206)
[2016.05.24-07.02.07:002][ 85]LogModuleManager: Shutting down and abandoning module HierarchicalLODOutliner (205)
[2016.05.24-07.02.07:002][ 85]LogModuleManager: Shutting down and abandoning module CrashTracker (204)
[2016.05.24-07.02.07:002][ 85]LogModuleManager: Shutting down and abandoning module SceneOutliner (203)
[2016.05.24-07.02.07:002][ 85]LogModuleManager: Shutting down and abandoning module WorldBrowser (202)
[2016.05.24-07.02.07:002][ 85]LogModuleManager: Shutting down and abandoning module SuperSearch (201)
[2016.05.24-07.02.07:002][ 85]LogModuleManager: Shutting down and abandoning module WidgetCarousel (200)
[2016.05.24-07.02.07:002][ 85]LogModuleManager: Shutting down and abandoning module AddContentDialog (199)
[2016.05.24-07.02.07:004][ 85]LogModuleManager: Shutting down and abandoning module GameplayTags (198)
[2016.05.24-07.02.07:004][ 85]LogModuleManager: Shutting down and abandoning module EditorWidgets (197)
[2016.05.24-07.02.07:004][ 85]LogModuleManager: Shutting down and abandoning module CollectionManager (196)
[2016.05.24-07.02.07:004][ 85]LogModuleManager: Shutting down and abandoning module StatsViewer (195)
[2016.05.24-07.02.07:004][ 85]LogModuleManager: Shutting down and abandoning module FoliageEdit (194)
[2016.05.24-07.02.07:004][ 85]LogModuleManager: Shutting down and abandoning module LandscapeEditor (193)
[2016.05.24-07.02.07:004][ 85]LogModuleManager: Shutting down and abandoning module ActorPickerMode (192)
[2016.05.24-07.02.07:004][ 85]LogModuleManager: Shutting down and abandoning module GeometryMode (191)
[2016.05.24-07.02.07:004][ 85]LogModuleManager: Shutting down and abandoning module TextureAlignMode (190)
[2016.05.24-07.02.07:004][ 85]LogModuleManager: Shutting down and abandoning module BspMode (189)
[2016.05.24-07.02.07:004][ 85]LogModuleManager: Shutting down and abandoning module PlacementMode (188)
[2016.05.24-07.02.07:004][ 85]LogModuleManager: Shutting down and abandoning module AutomationWorker (187)
[2016.05.24-07.02.07:004][ 85]LogModuleManager: Shutting down and abandoning module CharacterAI (186)
[2016.05.24-07.02.07:004][ 85]LogModuleManager: Shutting down and abandoning module SmartSnapping (185)
[2016.05.24-07.02.07:004][ 85]LogModuleManager: Shutting down and abandoning module ViewportSnapping (184)
[2016.05.24-07.02.07:004][ 85]LogModuleManager: Shutting down and abandoning module LogVisualizer (183)
[2016.05.24-07.02.07:004][ 85]LogModuleManager: Shutting down and abandoning module GameProjectGeneration (182)
[2016.05.24-07.02.07:004][ 85]LogModuleManager: Shutting down and abandoning module IntroTutorials (181)
[2016.05.24-07.02.07:004][ 85]LogModuleManager: Shutting down and abandoning module EditorLiveStreaming (180)
[2016.05.24-07.02.07:004][ 85]LogModuleManager: Shutting down and abandoning module IOSPlatformEditor (179)
[2016.05.24-07.02.07:004][ 85]LogModuleManager: Shutting down and abandoning module HTML5PlatformEditor (178)
[2016.05.24-07.02.07:004][ 85]LogModuleManager: Shutting down and abandoning module AndroidDeviceDetection (177)
[2016.05.24-07.02.07:336][ 85]LogModuleManager: Shutting down and abandoning module AndroidPlatformEditor (176)
[2016.05.24-07.02.07:336][ 85]LogModuleManager: Shutting down and abandoning module IOSRuntimeSettings (175)
[2016.05.24-07.02.07:336][ 85]LogModuleManager: Shutting down and abandoning module AndroidRuntimeSettings (174)
[2016.05.24-07.02.07:336][ 85]LogModuleManager: Shutting down and abandoning module MergeActors (173)
[2016.05.24-07.02.07:336][ 85]LogModuleManager: Shutting down and abandoning module SizeMap (172)
[2016.05.24-07.02.07:336][ 85]LogModuleManager: Shutting down and abandoning module TreeMap (171)
[2016.05.24-07.02.07:336][ 85]LogModuleManager: Shutting down and abandoning module ReferenceViewer (170)
[2016.05.24-07.02.07:336][ 85]LogModuleManager: Shutting down and abandoning module LocalizationService (169)
[2016.05.24-07.02.07:336][ 85]LogModuleManager: Shutting down and abandoning module LocalizationDashboard (168)
[2016.05.24-07.02.07:336][ 85]LogModuleManager: Shutting down and abandoning module HardwareTargeting (167)
[2016.05.24-07.02.07:336][ 85]LogModuleManager: Shutting down and abandoning module DeviceProfileEditor (166)
[2016.05.24-07.02.07:336][ 85]LogModuleManager: Shutting down and abandoning module UndoHistory (165)
[2016.05.24-07.02.07:336][ 85]LogModuleManager: Shutting down and abandoning module UserFeedback (164)
[2016.05.24-07.02.07:336][ 85]LogModuleManager: Shutting down and abandoning module XmlParser (163)
[2016.05.24-07.02.07:336][ 85]LogModuleManager: Shutting down and abandoning module Blutility (162)
[2016.05.24-07.02.07:336][ 85]LogModuleManager: Shutting down and abandoning module ProjectTargetPlatformEditor (161)
[2016.05.24-07.02.07:337][ 85]LogModuleManager: Shutting down and abandoning module ProjectSettingsViewer (160)
[2016.05.24-07.02.07:337][ 85]LogModuleManager: Shutting down and abandoning module InputBindingEditor (159)
[2016.05.24-07.02.07:337][ 85]LogModuleManager: Shutting down and abandoning module EditorSettingsViewer (158)
[2016.05.24-07.02.07:337][ 85]LogModuleManager: Shutting down and abandoning module SettingsEditor (157)
[2016.05.24-07.02.07:337][ 85]LogModuleManager: Shutting down and abandoning module ProjectLauncher (156)
[2016.05.24-07.02.07:337][ 85]LogModuleManager: Shutting down and abandoning module SessionFrontend (155)
[2016.05.24-07.02.07:337][ 85]LogModuleManager: Shutting down and abandoning module ProfilerClient (154)
[2016.05.24-07.02.07:337][ 85]LogModuleManager: Shutting down and abandoning module TargetDeviceServices (153)
[2016.05.24-07.02.07:337][ 85]LogModuleManager: Shutting down and abandoning module DeviceManager (152)
[2016.05.24-07.02.07:369][ 85]LogModuleManager: Shutting down and abandoning module AutomationController (151)
[2016.05.24-07.02.07:369][ 85]LogModuleManager: Shutting down and abandoning module AutomationWindow (150)
[2016.05.24-07.02.07:369][ 85]LogModuleManager: Shutting down and abandoning module Layers (149)
[2016.05.24-07.02.07:369][ 85]LogModuleManager: Shutting down and abandoning module ComponentVisualizers (148)
[2016.05.24-07.02.07:369][ 85]LogModuleManager: Shutting down and abandoning module DetailCustomizations (147)
[2016.05.24-07.02.07:369][ 85]LogModuleManager: Shutting down and abandoning module PackagesDialog (146)
[2016.05.24-07.02.07:369][ 85]LogModuleManager: Shutting down and abandoning module Persona (145)
[2016.05.24-07.02.07:369][ 85]LogModuleManager: Shutting down and abandoning module Kismet (144)
[2016.05.24-07.02.07:369][ 85]LogModuleManager: Shutting down and abandoning module GraphEditor (143)
[2016.05.24-07.02.07:369][ 85]LogModuleManager: Shutting down and abandoning module ClassViewer (142)
[2016.05.24-07.02.07:369][ 85]LogModuleManager: Shutting down and abandoning module Toolbox (141)
[2016.05.24-07.02.07:369][ 85]LogModuleManager: Shutting down and abandoning module ModuleUI (140)
[2016.05.24-07.02.07:369][ 85]LogModuleManager: Shutting down and abandoning module MovieSceneTools (139)
[2016.05.24-07.02.07:369][ 85]LogModuleManager: Shutting down and abandoning module OutputLog (138)
[2016.05.24-07.02.07:369][ 85]LogModuleManager: Shutting down and abandoning module GammaUI (137)
[2016.05.24-07.02.07:369][ 85]LogModuleManager: Shutting down and abandoning module Documentation (136)
[2016.05.24-07.02.07:369][ 85]LogModuleManager: Shutting down and abandoning module StreamingPauseRendering (135)
[2016.05.24-07.02.07:369][ 85]LogModuleManager: Shutting down and abandoning module AnalyticsET (134)
[2016.05.24-07.02.07:369][ 85]LogModuleManager: Shutting down and abandoning module Analytics (133)
[2016.05.24-07.02.07:369][ 85]LogModuleManager: Shutting down and abandoning module PortalServices (132)
[2016.05.24-07.02.07:369][ 85]LogModuleManager: Shutting down and abandoning module PortalRpc (131)
[2016.05.24-07.02.07:369][ 85]LogModuleManager: Shutting down and abandoning module MessagingRpc (130)
[2016.05.24-07.02.07:369][ 85]LogModuleManager: Shutting down and abandoning module AITestSuite (129)
[2016.05.24-07.02.07:369][ 85]LogModuleManager: Shutting down and abandoning module GameplayDebugger (128)
[2016.05.24-07.02.07:369][ 85]LogModuleManager: Shutting down and abandoning module AIModule (127)
[2016.05.24-07.02.07:369][ 85]LogModuleManager: Shutting down and abandoning module ProfilerService (126)
[2016.05.24-07.02.07:403][ 85]LogModuleManager: Shutting down and abandoning module TaskGraph (125)
[2016.05.24-07.02.07:403][ 85]LogModuleManager: Shutting down and abandoning module SlateRemote (124)
[2016.05.24-07.02.07:403][ 85]LogModuleManager: Shutting down and abandoning module SteamVRController (123)
[2016.05.24-07.02.07:403][ 85]LogModuleManager: Shutting down and abandoning module SteamVR (122)
[2016.05.24-07.02.07:403][ 85]LogModuleManager: Shutting down and abandoning module ProceduralMeshComponent (121)
[2016.05.24-07.02.07:403][ 85]LogModuleManager: Shutting down and abandoning module OculusLibrary (120)
[2016.05.24-07.02.07:403][ 85]LogModuleManager: Shutting down and abandoning module OculusInput (119)
[2016.05.24-07.02.07:403][ 85]LogModuleManager: Shutting down and abandoning module CustomMeshComponent (118)
[2016.05.24-07.02.07:403][ 85]LogModuleManager: Shutting down and abandoning module CableComponent (117)
[2016.05.24-07.02.07:403][ 85]LogModuleManager: Shutting down and abandoning module ArchVisCharacter (116)
[2016.05.24-07.02.07:403][ 85]LogModuleManager: Shutting down and abandoning module MediaPlayerEditor (115)
[2016.05.24-07.02.07:403][ 85]LogModuleManager: Shutting down and abandoning module HTML5Networking (114)
[2016.05.24-07.02.07:403][ 85]LogModuleManager: Shutting down and abandoning module SpeedTreeImporter (113)
[2016.05.24-07.02.07:403][ 85]LogModuleManager: Shutting down and abandoning module PluginBrowser (112)
[2016.05.24-07.02.07:403][ 85]LogModuleManager: Shutting down and abandoning module EpicSurvey (111)
[2016.05.24-07.02.07:403][ 85]LogModuleManager: Shutting down and abandoning module DesktopPlatform (110)
[2016.05.24-07.02.07:403][ 85]LogModuleManager: Shutting down and abandoning module VisualStudioSourceCodeAccess (109)
[2016.05.24-07.02.07:403][ 85]LogModuleManager: Shutting down and abandoning module UObjectPlugin (108)
[2016.05.24-07.02.07:403][ 85]LogModuleManager: Shutting down and abandoning module SubversionSourceControl (107)
[2016.05.24-07.02.07:403][ 85]LogModuleManager: Shutting down and abandoning module PerforceSourceControl (106)
[2016.05.24-07.02.07:403][ 85]LogModuleManager: Shutting down and abandoning module SourceControl (105)
[2016.05.24-07.02.07:403][ 85]LogModuleManager: Shutting down and abandoning module GitSourceControl (104)
[2016.05.24-07.02.07:403][ 85]LogModuleManager: Shutting down and abandoning module LightPropagationVolumeEditor (103)
[2016.05.24-07.02.07:403][ 85]LogModuleManager: Shutting down and abandoning module PaperTiledImporter (102)
[2016.05.24-07.02.07:404][ 85]LogModuleManager: Shutting down and abandoning module PaperSpriteSheetImporter (101)
[2016.05.24-07.02.07:404][ 85]LogModuleManager: Shutting down and abandoning module MeshPaint (100)
[2016.05.24-07.02.07:404][ 85]LogModuleManager: Shutting down and abandoning module HotReload (99)
[2016.05.24-07.02.07:404][ 85]LogModuleManager: Shutting down and abandoning module MainFrame (98)
[2016.05.24-07.02.07:404][ 85]LogModuleManager: Shutting down and abandoning module LevelEditor (97)
[2016.05.24-07.02.07:405][ 85]LogModuleManager: Shutting down and abandoning module DirectoryWatcher (96)
[2016.05.24-07.02.07:406][ 85]LogModuleManager: Shutting down and abandoning module AssetRegistry (95)
[2016.05.24-07.02.07:549][ 85]LogModuleManager: Shutting down and abandoning module ContentBrowser (94)
[2016.05.24-07.02.07:550][ 85]LogModuleManager: Shutting down and abandoning module Paper2DEditor (93)
[2016.05.24-07.02.07:550][ 85]LogModuleManager: Shutting down and abandoning module UdpMessaging (92)
[2016.05.24-07.02.07:650][ 85]LogModuleManager: Shutting down and abandoning module LightPropagationVolumeRuntime (91)
[2016.05.24-07.02.07:650][ 85]LogModuleManager: Shutting down and abandoning module Paper2D (90)
[2016.05.24-07.02.07:650][ 85]LogModuleManager: Shutting down and abandoning module WindowsMoviePlayer (89)
[2016.05.24-07.02.07:650][ 85]LogModuleManager: Shutting down and abandoning module Media (88)
[2016.05.24-07.02.07:650][ 85]LogModuleManager: Shutting down and abandoning module WmfMedia (87)
[2016.05.24-07.02.07:650][ 85]LogModuleManager: Shutting down and abandoning module MediaAssets (86)
[2016.05.24-07.02.07:651][ 85]LogModuleManager: Shutting down and abandoning module GameLiveStreaming (85)
[2016.05.24-07.02.07:651][ 85]LogModuleManager: Shutting down and abandoning module GameplayTagsEditor (84)
[2016.05.24-07.02.07:651][ 85]LogModuleManager: Shutting down and abandoning module OnlineBlueprintSupport (83)
[2016.05.24-07.02.07:651][ 85]LogModuleManager: Shutting down and abandoning module GameplayTasksEditor (82)
[2016.05.24-07.02.07:651][ 85]LogModuleManager: Shutting down and abandoning module PropertyEditor (81)
[2016.05.24-07.02.07:651][ 85]LogModuleManager: Shutting down and abandoning module BehaviorTreeEditor (80)
[2016.05.24-07.02.07:651][ 85]LogModuleManager: Shutting down and abandoning module FunctionalTesting (79)
[2016.05.24-07.02.07:651][ 85]LogModuleManager: Shutting down and abandoning module CollisionAnalyzer (78)
[2016.05.24-07.02.07:651][ 85]LogModuleManager: Shutting down and abandoning module WorkspaceMenuStructure (77)
[2016.05.24-07.02.07:651][ 85]LogModuleManager: Shutting down and abandoning module MessageLog (76)
[2016.05.24-07.02.07:651][ 85]LogModuleManager: Shutting down and abandoning module Sequencer (75)
[2016.05.24-07.02.07:651][ 85]LogModuleManager: Shutting down and abandoning module AssetTools (74)
[2016.05.24-07.02.07:651][ 85]LogModuleManager: Shutting down and abandoning module UMGEditor (73)
[2016.05.24-07.02.07:651][ 85]LogModuleManager: Shutting down and abandoning module UMG (72)
[2016.05.24-07.02.07:651][ 85]LogModuleManager: Shutting down and abandoning module SlateReflector (71)
[2016.05.24-07.02.07:651][ 85]LogModuleManager: Shutting down and abandoning module Slate (70)
[2016.05.24-07.02.07:652][ 85]LogModuleManager: Shutting down and abandoning module EditorStyle (69)
[2016.05.24-07.02.07:657][ 85]LogModuleManager: Shutting down and abandoning module SessionServices (68)
[2016.05.24-07.02.07:657][ 85]LogModuleManager: Shutting down and abandoning module SourceCodeAccess (67)
[2016.05.24-07.02.07:657][ 85]LogModuleManager: Shutting down and abandoning module HeadMountedDisplay (66)
[2016.05.24-07.02.07:657][ 85]LogModuleManager: Shutting down and abandoning module XAudio2 (65)
[2016.05.24-07.02.07:657][ 85]LogModuleManager: Shutting down and abandoning module Networking (63)
[2016.05.24-07.02.07:657][ 85]LogModuleManager: Shutting down and abandoning module Core (62)
[2016.05.24-07.02.07:657][ 85]LogModuleManager: Shutting down and abandoning module KismetCompiler (61)
[2016.05.24-07.02.07:657][ 85]LogModuleManager: Shutting down and abandoning module PhysXFormats (60)
[2016.05.24-07.02.07:657][ 85]LogModuleManager: Shutting down and abandoning module MeshUtilities (59)
[2016.05.24-07.02.07:657][ 85]LogModuleManager: Shutting down and abandoning module CookingStats (58)
[2016.05.24-07.02.07:657][ 85]LogModuleManager: Shutting down and abandoning module DerivedDataCache (57)
[2016.05.24-07.02.07:657][ 85]LogDerivedDataCache: Shutdown
[2016.05.24-07.02.07:657][ 85]LogModuleManager: Shutting down and abandoning module ShaderFormatOpenGL (56)
[2016.05.24-07.02.07:657][ 85]LogModuleManager: Shutting down and abandoning module ShaderFormatD3D (55)
[2016.05.24-07.02.07:657][ 85]LogModuleManager: Shutting down and abandoning module MetalShaderFormat (54)
[2016.05.24-07.02.07:657][ 85]LogModuleManager: Shutting down and abandoning module TextureFormatUncompressed (53)
[2016.05.24-07.02.07:657][ 85]LogModuleManager: Shutting down and abandoning module TextureFormatPVR (52)
[2016.05.24-07.02.07:657][ 85]LogModuleManager: Shutting down and abandoning module TextureFormatIntelISPCTexComp (51)
[2016.05.24-07.02.07:658][ 85]LogModuleManager: Shutting down and abandoning module TextureFormatDXT (50)
[2016.05.24-07.02.07:658][ 85]LogModuleManager: Shutting down and abandoning module ImageWrapper (49)
[2016.05.24-07.02.07:658][ 85]LogModuleManager: Shutting down and abandoning module TextureFormatASTC (48)
[2016.05.24-07.02.07:658][ 85]LogModuleManager: Shutting down and abandoning module TextureFormatAndroid (47)
[2016.05.24-07.02.07:658][ 85]LogModuleManager: Shutting down and abandoning module AudioFormatOpus (46)
[2016.05.24-07.02.07:658][ 85]LogModuleManager: Shutting down and abandoning module AudioFormatOgg (45)
[2016.05.24-07.02.07:658][ 85]LogModuleManager: Shutting down and abandoning module AudioFormatADPCM (44)
[2016.05.24-07.02.07:658][ 85]LogModuleManager: Shutting down and abandoning module LinuxTargetPlatform (43)
[2016.05.24-07.02.07:658][ 85]LogModuleManager: Shutting down and abandoning module LinuxServerTargetPlatform (42)
[2016.05.24-07.02.07:658][ 85]LogModuleManager: Shutting down and abandoning module LinuxNoEditorTargetPlatform (41)
[2016.05.24-07.02.07:658][ 85]LogModuleManager: Shutting down and abandoning module TVOSTargetPlatform (40)
[2016.05.24-07.02.07:658][ 85]LogModuleManager: Shutting down and abandoning module Messaging (39)
[2016.05.24-07.02.07:658][ 85]LogModuleManager: Shutting down and abandoning module IOSTargetPlatform (38)
[2016.05.24-07.02.07:658][ 85]LogModuleManager: Shutting down and abandoning module HTML5TargetPlatform (37)
[2016.05.24-07.02.07:658][ 85]LogModuleManager: Shutting down and abandoning module Android_PVRTCTargetPlatform (36)
[2016.05.24-07.02.07:658][ 85]LogModuleManager: Shutting down and abandoning module Android_MultiTargetPlatform (35)
[2016.05.24-07.02.07:658][ 85]LogModuleManager: Shutting down and abandoning module Android_ETC2TargetPlatform (34)
[2016.05.24-07.02.07:658][ 85]LogModuleManager: Shutting down and abandoning module Android_ETC1TargetPlatform (33)
[2016.05.24-07.02.07:658][ 85]LogModuleManager: Shutting down and abandoning module Android_DXTTargetPlatform (32)
[2016.05.24-07.02.07:658][ 85]LogModuleManager: Shutting down and abandoning module Android_ATCTargetPlatform (31)
[2016.05.24-07.02.07:658][ 85]LogModuleManager: Shutting down and abandoning module Android_ASTCTargetPlatform (30)
[2016.05.24-07.02.07:658][ 85]LogModuleManager: Shutting down and abandoning module AndroidTargetPlatform (29)
[2016.05.24-07.02.07:658][ 85]LogModuleManager: Shutting down and abandoning module WindowsTargetPlatform (28)
[2016.05.24-07.02.07:658][ 85]LogModuleManager: Shutting down and abandoning module WindowsServerTargetPlatform (27)
[2016.05.24-07.02.07:658][ 85]LogModuleManager: Shutting down and abandoning module WindowsNoEditorTargetPlatform (26)
[2016.05.24-07.02.07:658][ 85]LogModuleManager: Shutting down and abandoning module WindowsClientTargetPlatform (25)
[2016.05.24-07.02.07:658][ 85]LogModuleManager: Shutting down and abandoning module AllDesktopTargetPlatform (24)
[2016.05.24-07.02.07:658][ 85]LogModuleManager: Shutting down and abandoning module TargetPlatform (23)
[2016.05.24-07.02.07:658][ 85]LogModuleManager: Shutting down and abandoning module InputCore (22)
[2016.05.24-07.02.07:658][ 85]LogModuleManager: Shutting down and abandoning module Settings (21)
[2016.05.24-07.02.07:658][ 85]LogModuleManager: Shutting down and abandoning module OnlineSubsystem (19)
[2016.05.24-07.02.07:658][ 85]LogModuleManager: Shutting down and abandoning module HTTP (18)
[2016.05.24-07.02.09:662][ 85]LogModuleManager: Shutting down and abandoning module XMPP (17)
[2016.05.24-07.02.09:662][ 85]LogModuleManager: Shutting down and abandoning module OculusRift (16)
[2016.05.24-07.02.09:662][ 85]LogModuleManager: Shutting down and abandoning module ExampleDeviceProfileSelector (15)
[2016.05.24-07.02.09:662][ 85]LogModuleManager: Shutting down and abandoning module TextureCompressor (14)
[2016.05.24-07.02.09:663][ 85]LogModuleManager: Shutting down and abandoning module ShaderCore (13)
[2016.05.24-07.02.09:663][ 85]LogModuleManager: Shutting down and abandoning module Landscape (12)
[2016.05.24-07.02.09:663][ 85]LogModuleManager: Shutting down and abandoning module SlateRHIRenderer (11)
[2016.05.24-07.02.09:665][ 85]LogModuleManager: Shutting down and abandoning module OpenGLDrv (10)
[2016.05.24-07.02.09:665][ 85]LogModuleManager: Shutting down and abandoning module D3D11RHI (9)
[2016.05.24-07.02.09:665][ 85]LogModuleManager: Shutting down and abandoning module AnimGraphRuntime (8)
[2016.05.24-07.02.09:665][ 85]LogModuleManager: Shutting down and abandoning module Renderer (7)
[2016.05.24-07.02.09:665][ 85]LogModuleManager: Shutting down and abandoning module Engine (6)
[2016.05.24-07.02.09:665][ 85]LogModuleManager: Shutting down and abandoning module CoreUObject (5)
[2016.05.24-07.02.09:665][ 85]LogModuleManager: Shutting down and abandoning module NetworkFile (4)
[2016.05.24-07.02.09:665][ 85]LogModuleManager: Shutting down and abandoning module StreamingFile (3)
[2016.05.24-07.02.09:665][ 85]LogModuleManager: Shutting down and abandoning module SandboxFile (2)
[2016.05.24-07.02.09:665][ 85]LogModuleManager: Shutting down and abandoning module PakFile (1)
[2016.05.24-07.02.09:668][ 85]LogExit: Exiting.
[2016.05.24-07.02.09:671][ 85]Log file closed, 05/24/16 00:02:09
