Log file open, 05/08/16 20:13:23
LogInit:Display: Running engine for game: GameJamRigging
LogPlatformFile: Not using cached read wrapper
LogInit:Display: RandInit(-1178403123) SRandInit(-1178403121).
LogTaskGraph: Started task graph with 4 named threads and 7 total threads.
LogStats: Stats thread started at 0.071835
LogInit: Version: 4.11.2-2946394+++UE4+Release-4.11
LogInit: API Version: 2927265
LogInit: Compiled (64-bit): Apr 18 2016 02:18:46
LogInit: Compiled with Visual C++: 19.00.23026.00
LogInit: Build Configuration: Development
LogInit: Branch Name: ++UE4+Release-4.11
LogInit: Command line:  
LogInit: Base directory: C:/Program Files (x86)/Epic Games/4.11/Engine/Binaries/Win64/
LogInit: Installed Engine Build: 1
LogInit: Using libcurl 7.41.0
LogInit:  - built for x86_64-pc-win32
LogInit:  - supports SSL with WinSSL
LogInit:  - other features:
LogInit:      CURL_VERSION_SSL
LogInit:      CURL_VERSION_IPV6
LogInit:      CURL_VERSION_ASYNCHDNS
LogInit:      CURL_VERSION_LARGEFILE
LogInit:      CURL_VERSION_IDN
LogInit:  CurlRequestOptions (configurable via config and command line):
LogInit:  - bVerifyPeer = true  - Libcurl will verify peer certificate
LogInit:  - bUseHttpProxy = false  - Libcurl will NOT use HTTP proxy
LogInit:  - bDontReuseConnections = false  - Libcurl will reuse connections
LogInit:  - CertBundlePath = nullptr  - Libcurl will use whatever was configured at build time.
LogInit: Presizing for max 16777216 objects, including 0 objects not considered by GC, pre-allocating 0 bytes for permanent pool.
LogInit: Object subsystem initialized
[2016.05.09-03.13.23:347][  0]LogInit: Selected Device Profile: [Windows]
[2016.05.09-03.13.23:347][  0]LogInit: Applying CVar settings loaded from the selected device profile: [Windows]
[2016.05.09-03.13.23:363][  0]LogInit: Computer: COMEDICLIFE-PC
[2016.05.09-03.13.23:363][  0]LogInit: User: k0ola
[2016.05.09-03.13.23:363][  0]LogInit: CPU Page size=65536, Cores=4
[2016.05.09-03.13.23:363][  0]LogInit: High frequency timer resolution =3.312789 MHz
[2016.05.09-03.13.23:363][  0]LogMemory: Memory total: Physical=7.9GB (8GB approx)
[2016.05.09-03.13.23:363][  0]LogMemory: Platform Memory Stats for Windows
[2016.05.09-03.13.23:363][  0]LogMemory: Process Physical Memory: 314.76 MB used, 314.76 MB peak
[2016.05.09-03.13.23:363][  0]LogMemory: Process Virtual Memory: 315.18 MB used, 315.18 MB peak
[2016.05.09-03.13.23:363][  0]LogMemory: Physical Memory: 5398.64 MB used, 8085.19 MB total
[2016.05.09-03.13.23:363][  0]LogMemory: Virtual Memory: 653.64 MB used, 134217728.00 MB total
[2016.05.09-03.13.23:407][  0]LogTextLocalizationManager: No specific translations for ('en-US') exist, so ('en') translations will be used.
[2016.05.09-03.13.23:788][  0]LogD3D11RHI: D3D11 adapters:
[2016.05.09-03.13.23:805][  0]LogD3D11RHI:    0. 'NVIDIA GeForce  GTX 555' (Feature Level 11_0)
[2016.05.09-03.13.23:805][  0]LogD3D11RHI:       972MB of dedicated video memory, 0MB of dedicated system memory, and 3071MB of shared system memory, 2 output[s]
[2016.05.09-03.13.23:823][  0]LogD3D11RHI:    1. 'NVIDIA GeForce  GTX 555' (Feature Level 11_0)
[2016.05.09-03.13.23:823][  0]LogD3D11RHI:       972MB of dedicated video memory, 0MB of dedicated system memory, and 3071MB of shared system memory, 0 output[s]
[2016.05.09-03.13.23:825][  0]LogD3D11RHI:    2. 'NVIDIA GeForce  GTX 555' (Feature Level 11_0)
[2016.05.09-03.13.23:825][  0]LogD3D11RHI:       972MB of dedicated video memory, 0MB of dedicated system memory, and 3071MB of shared system memory, 0 output[s]
[2016.05.09-03.13.23:825][  0]LogD3D11RHI: Chosen D3D11 Adapter: 0
[2016.05.09-03.13.23:830][  0]LogD3D11RHI: Creating new Direct3DDevice
[2016.05.09-03.13.23:830][  0]LogD3D11RHI:     Adapter Name: NVIDIA GeForce  GTX 555
[2016.05.09-03.13.23:830][  0]LogD3D11RHI:   Driver Version: Unknown (internal Unknown)
[2016.05.09-03.13.23:830][  0]LogD3D11RHI:      Driver Date: Unknown
[2016.05.09-03.13.23:830][  0]LogRHI: Texture pool is 680 MB (70% of 972 MB)
[2016.05.09-03.13.23:840][  0]LogD3D11RHI: Async texture creation enabled
[2016.05.09-03.13.23:857][  0]LogShaderCompilers: Guid format shader working directory is -31 characters bigger than the processId version (../../../../../../Users/k0ola/Documents/GitHub/RiggingShooter/GameJamRigging/Intermediate/Shaders/WorkingDirectory/16044/).
[2016.05.09-03.13.23:857][  0]LogShaderCompilers: Cleaned the shader compiler working directory 'C:/Users/k0ola/AppData/Local/Temp/UnrealShaderWorkingDir/D0E1C2074400E996863FF6B3F02878B0/'.
[2016.05.09-03.13.23:857][  0]LogShaderCompilers:Display: Using Local Shader Compiler.
[2016.05.09-03.13.25:735][  0]LogTemp:Display: Loaded TP AllDesktopTargetPlatform
[2016.05.09-03.13.25:745][  0]LogTemp:Display: Loaded TP WindowsClientTargetPlatform
[2016.05.09-03.13.25:755][  0]LogTemp:Display: Loaded TP WindowsNoEditorTargetPlatform
[2016.05.09-03.13.25:772][  0]LogTemp:Display: Loaded TP WindowsServerTargetPlatform
[2016.05.09-03.13.25:791][  0]LogTemp:Display: Loaded TP WindowsTargetPlatform
[2016.05.09-03.13.25:810][  0]LogTemp:Display: Loaded TP AndroidTargetPlatform
[2016.05.09-03.13.25:822][  0]LogTemp:Display: Loaded TP Android_ASTCTargetPlatform
[2016.05.09-03.13.25:837][  0]LogTemp:Display: Loaded TP Android_ATCTargetPlatform
[2016.05.09-03.13.25:856][  0]LogTemp:Display: Loaded TP Android_DXTTargetPlatform
[2016.05.09-03.13.25:883][  0]LogTemp:Display: Loaded TP Android_ETC1TargetPlatform
[2016.05.09-03.13.25:889][  0]LogTemp:Display: Loaded TP Android_ETC2TargetPlatform
[2016.05.09-03.13.25:922][  0]LogTemp:Display: Loaded TP Android_MultiTargetPlatform
[2016.05.09-03.13.25:922][  0]LogTemp:Display: Loaded TP Android_PVRTCTargetPlatform
[2016.05.09-03.13.25:927][  0]LogTemp:Display: Loaded TP HTML5TargetPlatform
[2016.05.09-03.13.25:980][  0]LogTemp:Display: Loaded TP IOSTargetPlatform
[2016.05.09-03.13.25:986][  0]LogTemp:Display: Loaded TP TVOSTargetPlatform
[2016.05.09-03.13.26:005][  0]LogTemp:Display: Loaded TP LinuxNoEditorTargetPlatform
[2016.05.09-03.13.26:018][  0]LogTemp:Display: Loaded TP LinuxServerTargetPlatform
[2016.05.09-03.13.26:026][  0]LogTemp:Display: Loaded TP LinuxTargetPlatform
[2016.05.09-03.13.26:027][  0]LogTargetPlatformManager:Display: Building Assets For Windows
[2016.05.09-03.13.26:424][  0]LogDerivedDataCache:Display: Max Cache Size: 512 MB
[2016.05.09-03.13.26:476][  0]LogDerivedDataCache: Loaded boot cache 0.05s 46MB C:/Users/k0ola/AppData/Local/UnrealEngine/4.11/DerivedDataCache/Boot.ddc.
[2016.05.09-03.13.26:476][  0]LogDerivedDataCache:Display: Loaded Boot cache: C:/Users/k0ola/AppData/Local/UnrealEngine/4.11/DerivedDataCache/Boot.ddc
[2016.05.09-03.13.26:476][  0]LogDerivedDataCache: FDerivedDataBackendGraph:  Pak pak cache file ../../../../../../Users/k0ola/Documents/GitHub/RiggingShooter/GameJamRigging/DerivedDataCache/DDC.ddp not found, will not use a pak cache.
[2016.05.09-03.13.26:476][  0]LogDerivedDataCache: Unable to find inner node Pak for hierarchical cache Hierarchy.
[2016.05.09-03.13.26:476][  0]LogDerivedDataCache: FDerivedDataBackendGraph:  CompressedPak pak cache file ../../../../../../Users/k0ola/Documents/GitHub/RiggingShooter/GameJamRigging/DerivedDataCache/Compressed.ddp not found, will not use a pak cache.
[2016.05.09-03.13.26:476][  0]LogDerivedDataCache: Unable to find inner node CompressedPak for hierarchical cache Hierarchy.
[2016.05.09-03.13.26:490][  0]LogDerivedDataCache:Display: Pak cache opened for reading ../../../Engine/DerivedDataCache/Compressed.ddp.
[2016.05.09-03.13.26:502][  0]LogDerivedDataCache: Using Local data cache path C:/Users/k0ola/AppData/Local/UnrealEngine/Common/DerivedDataCache: Writable
[2016.05.09-03.13.27:550][  0]LogInit: Selected Device Profile: [Windows]
[2016.05.09-03.13.27:551][  0]LogContentStreaming: Texture pool size is 0.00 MB
[2016.05.09-03.13.27:598][  0]LogMaterial: Uniform references updated for custom material expression Custom.
[2016.05.09-03.13.27:762][  0]LogMeshUtilities: No automatic mesh reduction module available
[2016.05.09-03.13.27:762][  0]LogMeshUtilities: No automatic mesh merging module available
[2016.05.09-03.13.27:762][  0]LogMeshUtilities: No distributed automatic mesh merging module available
[2016.05.09-03.13.28:078][  0]LogUObjectArray: 27679 objects as part of root set at end of initial load.
[2016.05.09-03.13.28:078][  0]LogUObjectAllocator: 5591592 out of 0 bytes used by permanent object pool.
[2016.05.09-03.13.28:078][  0]LogUObjectArray: CloseDisregardForGC: 0/0 objects in disregard for GC pool
[2016.05.09-03.13.28:084][  0]LogInit: WinSock: version 1.1 (2.2), MaxSocks=32767, MaxUdp=65467
[2016.05.09-03.13.28:852][  0]LogSlate: SlateFontCache - WITH_FREETYPE: 1, WITH_HARFBUZZ: 1
[2016.05.09-03.13.28:852][  0]LogSlate: SlateFontCache - WITH_FREETYPE: 1, WITH_HARFBUZZ: 1
[2016.05.09-03.13.31:010][  0]LogStreaming:Warning: Failed to read file '../../../Engine/Content/Editor/Slate/Common/Selection_16x.png' error.
[2016.05.09-03.13.31:010][  0]LogSlate: Could not find file for Slate resource: ../../../Engine/Content/Editor/Slate/Common/Selection_16x.png
[2016.05.09-03.13.31:011][  0]LogStreaming:Warning: Failed to read file '../../../Engine/Content/Editor/Slate/Common/Selection_16x.png' error.
[2016.05.09-03.13.31:011][  0]LogSlate: Could not find file for Slate resource: ../../../Engine/Content/Editor/Slate/Common/Selection_16x.png
[2016.05.09-03.13.31:011][  0]LogStreaming:Warning: Failed to read file '../../../Engine/Content/Editor/Slate/Common/Selection_16x.png' error.
[2016.05.09-03.13.31:011][  0]LogSlate: Could not find file for Slate resource: ../../../Engine/Content/Editor/Slate/Common/Selection_16x.png
[2016.05.09-03.13.39:629][  0]LogUdpMessaging: Initializing bridge on interface 0.0.0.0:0 to multicast group 230.0.0.1:6666.
[2016.05.09-03.13.39:932][  0]LogAssetRegistry: FAssetRegistry took 0.0223 seconds to start up
[2016.05.09-03.13.40:091][  0]SourceControl: Info Source control is disabled
[2016.05.09-03.13.40:092][  0]SourceControl: Info Source control is disabled
[2016.05.09-03.13.40:102][  0]SourceControl: Info Source control is disabled
[2016.05.09-03.13.40:143][  0]SourceControl: Info Source control is disabled
[2016.05.09-03.13.40:511][  0]LogHMD: Failed to initialize OpenVR with code 110
[2016.05.09-03.13.40:613][  0]LogEngine: Initializing Engine...
[2016.05.09-03.13.40:760][  0]LogAIModule: Creating AISystem for world NewWorld
[2016.05.09-03.13.40:765][  0]LogInit: XAudio2 using 'Speakers (Realtek High Definition Audio)' : 2 channels at 48 kHz using 32 bits per sample (channel mask 0x3)
[2016.05.09-03.13.41:008][  0]LogInit: FAudioDevice initialized.
[2016.05.09-03.13.41:032][  0]LogDerivedDataCache: Saved boot cache 0.02s 46MB C:/Users/k0ola/AppData/Local/UnrealEngine/4.11/DerivedDataCache/Boot.ddc.
[2016.05.09-03.13.41:039][  0]LogInit: Texture streaming: Enabled
[2016.05.09-03.13.41:061][  0]LogInit: Transaction tracking system initialized
[2016.05.09-03.13.41:084][  0]BlueprintLog: New page: Editor Load
[2016.05.09-03.13.41:278][  0]LocalizationService: Info Localization service is disabled
[2016.05.09-03.13.41:490][  0]LogConsoleResponse:Display: 
[2016.05.09-03.13.42:372][  0]LogCook:Display: Max memory allowance for cook 8192mb
[2016.05.09-03.13.42:372][  0]LogCook:Display: Mobile HDR setting 1
[2016.05.09-03.13.42:372][  0]LogCook:Display: Done creating registry. It took  0.00s.
[2016.05.09-03.13.42:574][  0]LogFileCache: Scanning file cache for directory 'C:/Users/k0ola/Documents/GitHub/RiggingShooter/GameJamRigging/Content/' took 0.02s
[2016.05.09-03.13.42:574][  0]SourceControl: Info Source control is disabled
[2016.05.09-03.13.42:575][  0]Cmd: MAP LOAD FILE="../../../../../../Users/k0ola/Documents/GitHub/RiggingShooter/GameJamRigging/Content/FirstPersonBP/Maps/FirstPersonExampleMap.umap" TEMPLATE=0 SHOWPROGRESS=1 FEATURELEVEL=3
[2016.05.09-03.13.42:575][  0]LightingResults: New page: Lighting Build
[2016.05.09-03.13.42:581][  0]MapCheck: New page: Map Check
[2016.05.09-03.13.42:581][  0]LightingResults: New page: Lighting Build
[2016.05.09-03.13.44:162][  0]LogAIModule: Creating AISystem for world Fir