Log file open, 05/26/16 20:46:35
LogInit:Display: Running engine for game: GameJamRigging
LogPlatformFile: Not using cached read wrapper
LogInit:Display: RandInit(560801489) SRandInit(560801491).
LogTaskGraph: Started task graph with 4 named threads and 7 total threads.
LogStats: Stats thread started at 0.068132
LogInit: Version: 4.11.2-2946394+++UE4+Release-4.11
LogInit: API Version: 2927265
LogInit: Compiled (64-bit): Apr 18 2016 02:18:46
LogInit: Compiled with Visual C++: 19.00.23026.00
LogInit: Build Configuration: Development
LogInit: Branch Name: ++UE4+Release-4.11
LogInit: Command line:  
LogInit: Base directory: C:/Program Files (x86)/Epic Games/4.11/Engine/Binaries/Win64/
LogInit: Installed Engine Build: 1
LogInit: Using libcurl 7.41.0
LogInit:  - built for x86_64-pc-win32
LogInit:  - supports SSL with WinSSL
LogInit:  - other features:
LogInit:      CURL_VERSION_SSL
LogInit:      CURL_VERSION_IPV6
LogInit:      CURL_VERSION_ASYNCHDNS
LogInit:      CURL_VERSION_LARGEFILE
LogInit:      CURL_VERSION_IDN
LogInit:  CurlRequestOptions (configurable via config and command line):
LogInit:  - bVerifyPeer = true  - Libcurl will verify peer certificate
LogInit:  - bUseHttpProxy = false  - Libcurl will NOT use HTTP proxy
LogInit:  - bDontReuseConnections = false  - Libcurl will reuse connections
LogInit:  - CertBundlePath = nullptr  - Libcurl will use whatever was configured at build time.
LogInit: Presizing for max 16777216 objects, including 0 objects not considered by GC, pre-allocating 0 bytes for permanent pool.
LogInit: Object subsystem initialized
[2016.05.27-03.46.35:150][  0]LogInit: Selected Device Profile: [Windows]
[2016.05.27-03.46.35:150][  0]LogInit: Applying CVar settings loaded from the selected device profile: [Windows]
[2016.05.27-03.46.35:155][  0]LogInit: Computer: DUMPRING
[2016.05.27-03.46.35:155][  0]LogInit: User: theco000
[2016.05.27-03.46.35:155][  0]LogInit: CPU Page size=65536, Cores=4
[2016.05.27-03.46.35:155][  0]LogInit: High frequency timer resolution =3.615393 MHz
[2016.05.27-03.46.35:156][  0]LogMemory: Memory total: Physical=15.9GB (16GB approx)
[2016.05.27-03.46.35:156][  0]LogMemory: Platform Memory Stats for Windows
[2016.05.27-03.46.35:156][  0]LogMemory: Process Physical Memory: 314.44 MB used, 314.44 MB peak
[2016.05.27-03.46.35:156][  0]LogMemory: Process Virtual Memory: 315.08 MB used, 315.08 MB peak
[2016.05.27-03.46.35:156][  0]LogMemory: Physical Memory: 6151.54 MB used, 16326.09 MB total
[2016.05.27-03.46.35:156][  0]LogMemory: Virtual Memory: 639.07 MB used, 134217728.00 MB total
[2016.05.27-03.46.35:186][  0]LogTextLocalizationManager: No specific translations for ('en-US') exist, so ('en') translations will be used.
[2016.05.27-03.46.35:544][  0]LogD3D11RHI: D3D11 adapters:
[2016.05.27-03.46.35:568][  0]LogD3D11RHI:    0. 'NVIDIA GeForce GTX 780' (Feature Level 11_0)
[2016.05.27-03.46.35:568][  0]LogD3D11RHI:       3013MB of dedicated video memory, 0MB of dedicated system memory, and 8163MB of shared system memory, 2 output[s]
[2016.05.27-03.46.35:569][  0]LogD3D11RHI:    1. 'Microsoft Basic Render Driver' (Feature Level 11_0)
[2016.05.27-03.46.35:569][  0]LogD3D11RHI:       0MB of dedicated video memory, 0MB of dedicated system memory, and 8163MB of shared system memory, 0 output[s]
[2016.05.27-03.46.35:570][  0]LogD3D11RHI: Chosen D3D11 Adapter: 0
[2016.05.27-03.46.35:574][  0]LogD3D11RHI: Creating new Direct3DDevice
[2016.05.27-03.46.35:574][  0]LogD3D11RHI:     Adapter Name: NVIDIA GeForce GTX 780
[2016.05.27-03.46.35:574][  0]LogD3D11RHI:   Driver Version: 10.18.13.6510 (internal 10.18.13.6510)
[2016.05.27-03.46.35:574][  0]LogD3D11RHI:      Driver Date: 4-27-2016
[2016.05.27-03.46.35:574][  0]LogRHI: Texture pool is 1361 MB (70% of 1945 MB)
[2016.05.27-03.46.35:589][  0]LogD3D11RHI: Async texture creation enabled
[2016.05.27-03.46.35:599][  0]LogShaderCompilers: Guid format shader working directory is 13 characters bigger than the processId version (D:/Git/RiggingShooter/GameJamRigging/Intermediate/Shaders/WorkingDirectory/4752/).
[2016.05.27-03.46.35:599][  0]LogShaderCompilers: Cleaned the shader compiler working directory 'C:/Users/THECO_~1/AppData/Local/Temp/UnrealShaderWorkingDir/885CC4AC49B354E75D807DA90CDF951E/'.
[2016.05.27-03.46.35:599][  0]LogShaderCompilers:Display: Using Local Shader Compiler.
[2016.05.27-03.46.36:574][  0]LogTemp:Display: Loaded TP AllDesktopTargetPlatform
[2016.05.27-03.46.36:579][  0]LogTemp:Display: Loaded TP WindowsClientTargetPlatform
[2016.05.27-03.46.36:583][  0]LogTemp:Display: Loaded TP WindowsNoEditorTargetPlatform
[2016.05.27-03.46.36:587][  0]LogTemp:Display: Loaded TP WindowsServerTargetPlatform
[2016.05.27-03.46.36:591][  0]LogTemp:Display: Loaded TP WindowsTargetPlatform
[2016.05.27-03.46.36:595][  0]LogTemp:Display: Loaded TP AndroidTargetPlatform
[2016.05.27-03.46.36:599][  0]LogTemp:Display: Loaded TP Android_ASTCTargetPlatform
[2016.05.27-03.46.36:603][  0]LogTemp:Display: Loaded TP Android_ATCTargetPlatform
[2016.05.27-03.46.36:606][  0]LogTemp:Display: Loaded TP Android_DXTTargetPlatform
[2016.05.27-03.46.36:609][  0]LogTemp:Display: Loaded TP Android_ETC1TargetPlatform
[2016.05.27-03.46.36:612][  0]LogTemp:Display: Loaded TP Android_ETC2TargetPlatform
[2016.05.27-03.46.36:618][  0]LogTemp:Display: Loaded TP Android_MultiTargetPlatform
[2016.05.27-03.46.36:618][  0]LogTemp:Display: Loaded TP Android_PVRTCTargetPlatform
[2016.05.27-03.46.36:619][  0]LogTemp:Display: Loaded TP HTML5TargetPlatform
[2016.05.27-03.46.36:635][  0]LogTemp:Display: Loaded TP IOSTargetPlatform
[2016.05.27-03.46.36:637][  0]LogTemp:Display: Loaded TP TVOSTargetPlatform
[2016.05.27-03.46.36:641][  0]LogTemp:Display: Loaded TP LinuxNoEditorTargetPlatform
[2016.05.27-03.46.36:643][  0]LogTemp:Display: Loaded TP LinuxServerTargetPlatform
[2016.05.27-03.46.36:646][  0]LogTemp:Display: Loaded TP LinuxTargetPlatform
[2016.05.27-03.46.36:646][  0]LogTargetPlatformManager:Display: Building Assets For Windows
[2016.05.27-03.46.36:711][  0]LogDerivedDataCache:Display: Max Cache Size: 512 MB
[2016.05.27-03.46.36:757][  0]LogDerivedDataCache: Loaded boot cache 0.05s 46MB C:/Users/theco_000/AppData/Local/UnrealEngine/4.11/DerivedDataCache/Boot.ddc.
[2016.05.27-03.46.36:757][  0]LogDerivedDataCache:Display: Loaded Boot cache: C:/Users/theco_000/AppData/Local/UnrealEngine/4.11/DerivedDataCache/Boot.ddc
[2016.05.27-03.46.36:757][  0]LogDerivedDataCache: FDerivedDataBackendGraph:  Pak pak cache file D:/Git/RiggingShooter/GameJamRigging/DerivedDataCache/DDC.ddp not found, will not use a pak cache.
[2016.05.27-03.46.36:757][  0]LogDerivedDataCache: Unable to find inner node Pak for hierarchical cache Hierarchy.
[2016.05.27-03.46.36:757][  0]LogDerivedDataCache: FDerivedDataBackendGraph:  CompressedPak pak cache file D:/Git/RiggingShooter/GameJamRigging/DerivedDataCache/Compressed.ddp not found, will not use a pak cache.
[2016.05.27-03.46.36:757][  0]LogDerivedDataCache: Unable to find inner node CompressedPak for hierarchical cache Hierarchy.
[2016.05.27-03.46.36:770][  0]LogDerivedDataCache:Display: Pak cache opened for reading ../../../Engine/DerivedDataCache/Compressed.ddp.
[2016.05.27-03.46.36:782][  0]LogDerivedDataCache: Using Local data cache path C:/Users/theco_000/AppData/Local/UnrealEngine/Common/DerivedDataCache: Writable
[2016.05.27-03.46.36:955][  0]LogInit: Selected Device Profile: [Windows]
[2016.05.27-03.46.36:955][  0]LogContentStreaming: Texture pool size is 0.00 MB
[2016.05.27-03.46.36:989][  0]LogMaterial: Uniform references updated for custom material expression Custom.
[2016.05.27-03.46.37:105][  0]LogMeshUtilities: No automatic mesh reduction module available
[2016.05.27-03.46.37:105][  0]LogMeshUtilities: No automatic mesh merging module available
[2016.05.27-03.46.37:105][  0]LogMeshUtilities: No distributed automatic mesh merging module available
[2016.05.27-03.46.37:324][  0]LogUObjectArray: 27679 objects as part of root set at end of initial load.
[2016.05.27-03.46.37:324][  0]LogUObjectAllocator: 5591592 out of 0 bytes used by permanent object pool.
[2016.05.27-03.46.37:324][  0]LogUObjectArray: CloseDisregardForGC: 0/0 objects in disregard for GC pool
[2016.05.27-03.46.37:329][  0]LogInit: WinSock: version 1.1 (2.2), MaxSocks=32767, MaxUdp=65467
[2016.05.27-03.46.37:409][  0]LogSlate: SlateFontCache - WITH_FREETYPE: 1, WITH_HARFBUZZ: 1
[2016.05.27-03.46.37:409][  0]LogSlate: SlateFontCache - WITH_FREETYPE: 1, WITH_HARFBUZZ: 1
[2016.05.27-03.46.37:491][  0]LogStreaming:Warning: Failed to read file '../../../Engine/Content/Editor/Slate/Common/Selection_16x.png' error.
[2016.05.27-03.46.37:491][  0]LogSlate: Could not find file for Slate resource: ../../../Engine/Content/Editor/Slate/Common/Selection_16x.png
[2016.05.27-03.46.37:492][  0]LogStreaming:Warning: Failed to read file '../../../Engine/Content/Editor/Slate/Common/Selection_16x.png' error.
[2016.05.27-03.46.37:492][  0]LogSlate: Could not find file for Slate resource: ../../../Engine/Content/Editor/Slate/Common/Selection_16x.png
[2016.05.27-03.46.37:492][  0]LogStreaming:Warning: Failed to read file '../../../Engine/Content/Editor/Slate/Common/Selection_16x.png' error.
[2016.05.27-03.46.37:492][  0]LogSlate: Could not find file for Slate resource: ../../../Engine/Content/Editor/Slate/Common/Selection_16x.png
[2016.05.27-03.46.37:976][  0]LogUdpMessaging: Initializing bridge on interface 0.0.0.0:0 to multicast group 230.0.0.1:6666.
[2016.05.27-03.46.38:075][  0]LogAssetRegistry: FAssetRegistry took 0.0214 seconds to start up
[2016.05.27-03.46.38:218][  0]SourceControl: Info Source control is disabled
[2016.05.27-03.46.38:219][  0]SourceControl: Info Source control is disabled
[2016.05.27-03.46.38:226][  0]SourceControl: Info Source control is disabled
[2016.05.27-03.46.38:233][  0]SourceControl: Info Source control is disabled
[2016.05.27-03.46.38:336][  0]LogHMD: Failed to initialize OpenVR with code 110
[2016.05.27-03.46.38:402][  0]LogEngine: Initializing Engine...
[2016.05.27-03.46.38:527][  0]LogAIModule: Creating AISystem for world NewWorld
[2016.05.27-03.46.38:536][  0]LogInit: XAudio2 using 'Speakers (Realtek High Definition Audio)' : 2 channels at 48 kHz using 32 bits per sample (channel mask 0x3)
[2016.05.27-03.46.38:547][  0]LogInit: FAudioDevice initialized.
[2016.05.27-03.46.38:569][  0]LogDerivedDataCache: Saved boot cache 0.02s 46MB C:/Users/theco_000/AppData/Local/UnrealEngine/4.11/DerivedDataCache/Boot.ddc.
[2016.05.27-03.46.38:572][  0]LogInit: Texture streaming: Enabled
[2016.05.27-03.46.38:592][  0]LogInit: Transaction tracking system initialized
[2016.05.27-03.46.38:611][  0]BlueprintLog: New page: Editor Load
[2016.05.27-03.46.38:674][  0]LocalizationService: Info Localization service is disabled
[2016.05.27-03.46.38:733][  0]LogConsoleResponse:Display: 
[2016.05.27-03.46.38:837][  0]LogCook:Display: Max memory allowance for cook 8192mb
[2016.05.27-03.46.38:837][  0]LogCook:Display: Mobile HDR setting 1
[2016.05.27-03.46.38:837][  0]LogCook:Display: Done creating registry. It took  0.00s.
[2016.05.27-03.46.38:881][  0]LogFileCache: Scanning file cache for directory 'D:/Git/RiggingShooter/GameJamRigging/Content/' took 0.02s
[2016.05.27-03.46.38:881][  0]SourceControl: Info Source control is disabled
[2016.05.27-03.46.38:882][  0]Cmd: MAP LOAD FILE="D:/Git/RiggingShooter/GameJamRigging/Content/Maps/Level1.umap" TEMPLATE=0 SHOWPROGRESS=1 FEATURELEVEL=3
[2016.05.27-03.46.38:882][  0]LightingResults: New page: Lighting Build
[2016.05.27-03.46.38:885][  0]MapCheck: New page: Map Check
[2016.05.27-03.46.38:886][  0]LightingResults: New page: Lighting Build
[2016.05.27-03.46.40:601][  0]LogAIModule: Creating AISystem for world Level1
[2016.05.27-03.46.40:642][  0]LogEditorServer: Finished looking for orphan Actors (0.000 secs)
[2016.05.27-03.46.40:643][  0]Cmd: MAP CHECKDEP NOCLEARLOG
[2016.05.27-03.46.40:689][  0]MapCheck: Info Map check complete: 0 Error(s), 0 Warning(s), took 45.38ms to complete.
[2016.05.27-03.46.40:689][  0]LogFileHelpers: Loading map 'Level1' took 1.807
[2016.05.27-03.46.40:812][  0]LogCollectionManager: Loaded 0 collections in 0.001354 seconds
[2016.05.27-03.46.40:855][  0]LogFileCache: Scanning file cache for directory 'D:/Git/RiggingShooter/GameJamRigging/Saved/Collections/' took 0.01s
[2016.05.27-03.46.40:855][  0]LogFileCache: Scanning file cache for directory 'D:/Git/RiggingShooter/GameJamRigging/Content/Developers/theco000/Collections/' took 0.01s
[2016.05.27-03.46.40:855][  0]LogFileCache: Scanning file cache for directory 'D:/Git/RiggingShooter/GameJamRigging/Content/Collections/' took 0.01s
[2016.05.27-03.46.40:855][  0]LogCollectionManager: Rebuilt the GUID cache for 0 collections in 0.000003 seconds
[2016.05.27-03.46.40:863][  0]LogContentBrowser: Native class hierarchy populated in 0.0079 seconds. Added 1979 classes and 343 folders.
[2016.05.27-03.46.40:868][  0]LogStats: UGameplayTagsManager::ConstructGameplayTagTree: Construct from data asset -  0.000 s
[2016.05.27-03.46.40:868][  0]LogStats: UGameplayTagsManager::ConstructGameplayTagTree: GameplayTagTreeChangedEvent.Broadcast -  0.000 s
[2016.05.27-03.46.40:868][  0]LogContentBrowser: Native class hierarchy updated for 'GameplayTags' in 0.0005 seconds. Added 12 classes and 0 folders.
[2016.05.27-03.46.40:875][  0]LogContentBrowser: Native class hierarchy updated for 'WidgetCarousel' in 0.0003 seconds. Added 0 classes and 0 folders.
[2016.05.27-03.46.40:879][  0]LogContentBrowser: Native class hierarchy updated for 'SuperSearch' in 0.0003 seconds. Added 1 classes and 2 folders.
[2016.05.27-03.46.40:914][  0]LogContentBrowser: Native class hierarchy updated for 'AddContentDialog' in 0.0003 seconds. Added 0 classes and 0 folders.
[2016.05.27-03.46.40:920][  0]LogContentBrowser: Native class hierarchy updated for 'WorldBrowser' in 0.0004 seconds. Added 1 classes and 3 folders.
[2016.05.27-03.46.40:924][  0]LogContentBrowser: Native class hierarchy updated for 'SceneOutliner' in 0.0003 seconds. Added 1 classes and 2 folders.
[2016.05.27-03.46.40:998][  0]LogCrashTracker: Crashtracker disabled due to settings.
[2016.05.27-03.46.41:003][  0]LogUObjectGlobals:Warning: Failed to find object 'Class None.'
[2016.05.27-03.46.41:029][  0]LogContentBrowser: Native class hierarchy updated for 'HierarchicalLODOutliner' in 0.0003 seconds. Added 1 classes and 2 folders.
[2016.05.27-03.46.41:029][  0]LogLoad: Full Startup: 6.55 seconds (BP compile: 0.53 seconds)
[2016.05.27-03.46.41:029][  0]LogExternalProfiler: Found external profiler: VSPerf
[2016.05.27-03.46.41:029][  0]LogExternalProfiler: Using external profiler: VSPerf
[2016.05.27-03.46.41:038][  0]LogOcInput: OculusInput pre-init called
[2016.05.27-03.46.41:090][  0]LogContentStreaming: Texture pool size now 1000 MB
[2016.05.27-03.46.41:250][  0]LogRenderer: Reallocating scene render targets to support 1596x848 (Frame:2).
[2016.05.27-03.46.41:375][  1]LogAssetRegistry: Asset discovery search completed in 3.3217 seconds
[2016.05.27-03.46.41:375][  1]LogCollectionManager: Rebuilt the object cache for 0 collections in 0.000001 seconds (found 0 objects)
[2016.05.27-03.46.41:375][  1]LogCollectionManager: Fixed up redirectors for 0 collections in 0.000034 seconds (updated 0 objects)
[2016.05.27-03.50.28:250][440]Cmd: TRANSACTION UNDO
[2016.05.27-03.50.28:250][440]LogEditorTransaction: Undo Apply Material to Surface
[2016.05.27-03.50.29:169][513]Cmd: TRANSACTION UNDO
[2016.05.27-03.50.29:169][513]LogEditorTransaction: Undo Rotate Actors
[2016.05.27-03.51.11:217][244]LogEditorViewport: Clicking on Actor (LMB): Enemy_Basic_C (Enemy_Basic25)
[2016.05.27-03.51.12:486][351]LogEditorViewport: Clicking on Actor (CTRL LMB): Enemy_Basic_C (Enemy_Basic22)
[2016.05.27-03.55.52:330][586]LogEditorViewport: Clicking on Actor (LMB): NavMeshBoundsVolume (NavMeshBoundsVolume)
[2016.05.27-03.56.32:882][837]Cmd: DELETE
[2016.05.27-03.56.32:882][837]Cmd: ACTOR DELETE
[2016.05.27-03.56.32:884][837]LogEditorActor: Deleted Actor: Brush
[2016.05.27-03.56.32:884][837]LogActorComponent: UnregisterComponent: (/Engine/Transient.CharMoveComp) Not registered. Aborting.
[2016.05.27-03.56.32:884][837]LogActorComponent: UnregisterComponent: (/Engine/Transient.CharacterMovementComponent_0) Not registered. Aborting.
[2016.05.27-03.56.32:884][837]LogActorComponent: UnregisterComponent: (/Engine/Transient.CharacterMovementComponent_1) Not registered. Aborting.
[2016.05.27-03.56.33:010][837]LogEditorActor: Deleted 1 Actors (0.127 secs)
[2016.05.27-03.56.59:151][793]Cmd: OBJ SAVEPACKAGE PACKAGE="/Game/Maps/Level1" FILE="D:/Git/RiggingShooter/GameJamRigging/Saved/Autosaves/Game/Maps/Level1_Auto1.umap" SILENT=true AUTOSAVING=true KEEPDIRTY=false
[2016.05.27-03.56.59:564][793]LogSavePackage: Save=396.15ms
[2016.05.27-03.56.59:564][793]LogSavePackage: Moving 'D:/Git/RiggingShooter/GameJamRigging/Saved/Level1_Auto19E07B6A44C7CD31A00345D88B5DD213C.tmp' to 'D:/Git/RiggingShooter/GameJamRigging/Saved/Autosaves/Game/Maps/Level1_Auto1.umap'
[2016.05.27-03.56.59:565][793]LogSavePackage: Total save time: 413.29ms
[2016.05.27-03.56.59:565][793]LogSavePackage:Display: Finished SavePackage D:/Git/RiggingShooter/GameJamRigging/Saved/Autosaves/Game/Maps/Level1_Auto1.umap
[2016.05.27-03.56.59:566][793]LogFileHelpers: Editor autosave (incl. sublevels) for '/Game/Maps/Level1' took 0.432
[2016.05.27-03.56.59:566][793]LogFileHelpers: Editor autosave (incl. sublevels) for all levels took 0.432
[2016.05.27-04.02.13:466][462]LogEditorViewport: Clicking on Actor (LMB): Enemy_Turret_C (Enemy_Turret2)
[2016.05.27-04.03.09:073][ 84]Cmd: DELETE
[2016.05.27-04.03.09:073][ 84]Cmd: ACTOR DELETE
[2016.05.27-04.03.09:075][ 84]LogEditorActor: Deleted Actor: Brush
[2016.05.27-04.03.09:075][ 84]LogActorComponent: UnregisterComponent: (/Engine/Transient.CharMoveComp) Not registered. Aborting.
[2016.05.27-04.03.09:075][ 84]LogActorComponent: UnregisterComponent: (/Engine/Transient.CharacterMovementComponent_2) Not registered. Aborting.
[2016.05.27-04.03.09:173][ 84]LogEditorActor: Deleted 1 Actors (0.099 secs)
[2016.05.27-04.03.25:566][890]LogEditorViewport: Clicking on Actor (LMB): Enemy_Turret_C (Enemy_Turret3)
[2016.05.27-04.06.00:555][ 41]Cmd: TRANSACTION UNDO
[2016.05.27-04.06.00:556][ 41]LogEditorTransaction: Undo Move Actors
[2016.05.27-04.06.00:588][ 41]LogActorComponent: ~FComponentReregisterContext: (/Game/Maps/Level1.Level1:PersistentLevel.BoxBrush52.BrushComponent0) Component already registered.
[2016.05.27-04.06.00:597][ 41]LogActorComponent: ~FComponentReregisterContext: (/Game/Maps/Level1.Level1:PersistentLevel.BoxBrush107.BrushComponent0) Component already registered.
[2016.05.27-04.06.00:598][ 41]LogActorComponent: ~FComponentReregisterContext: (/Game/Maps/Level1.Level1:PersistentLevel.BoxBrush102.BrushComponent0) Component already registered.
[2016.05.27-04.06.00:960][ 64]Cmd: TRANSACTION UNDO
[2016.05.27-04.06.00:960][ 64]LogEditorTransaction: Undo Move Actors
[2016.05.27-04.06.01:004][ 64]LogActorComponent: ~FComponentReregisterContext: (/Game/Maps/Level1.Level1:PersistentLevel.BoxBrush52.BrushComponent0) Component already registered.
[2016.05.27-04.06.01:013][ 64]LogActorComponent: ~FComponentReregisterContext: (/Game/Maps/Level1.Level1:PersistentLevel.BoxBrush107.BrushComponent0) Component already registered.
[2016.05.27-04.06.01:014][ 64]LogActorComponent: ~FComponentReregisterContext: (/Game/Maps/Level1.Level1:PersistentLevel.BoxBrush102.BrushComponent0) Component already registered.
[2016.05.27-04.06.01:741][139]Cmd: TRANSACTION UNDO
[2016.05.27-04.06.01:741][139]LogEditorTransaction: Undo Move Actors
[2016.05.27-04.06.01:773][139]LogActorComponent: ~FComponentReregisterContext: (/Game/Maps/Level1.Level1:PersistentLevel.BoxBrush52.BrushComponent0) Component already registered.
[2016.05.27-04.06.01:783][139]LogActorComponent: ~FComponentReregisterContext: (/Game/Maps/Level1.Level1:PersistentLevel.BoxBrush107.BrushComponent0) Component already registered.
[2016.05.27-04.06.01:783][139]LogActorComponent: ~FComponentReregisterContext: (/Game/Maps/Level1.Level1:PersistentLevel.BoxBrush102.BrushComponent0) Component already registered.
[2016.05.27-04.06.24:474][677]LogBlueprintUserMessages: Early PlayInEditor Detection: Level '/Game/Maps/Level1.Level1:PersistentLevel' has LevelScriptBlueprint '/Game/Maps/Level1.Level1:PersistentLevel.Level1' with GeneratedClass '/Game/Maps/Level1.Level1_C' with ClassGeneratedBy '/Game/Maps/Level1.Level1:PersistentLevel.Level1'
[2016.05.27-04.06.24:474][677]LogPlayLevel: PlayLevel: No blueprints needed recompiling
[2016.05.27-04.06.24:475][677]PIE: New page: PIE session: Level1 (May 26, 2016, 1:06:24 PM)
[2016.05.27-04.06.24:475][677]LogPlayLevel: Creating play world package: /Game/Maps/UEDPIE_0_Level1
[2016.05.27-04.06.24:515][677]LogPlayLevel: PIE: StaticDuplicateObject took: (0.040578s)
[2016.05.27-04.06.24:516][677]LogAIModule: Creating AISystem for world Level1
[2016.05.27-04.06.24:516][677]LogPlayLevel: PIE: World Init took: (0.000610s)
[2016.05.27-04.06.24:516][677]LogPlayLevel: PIE: Created PIE world by copying editor world from /Game/Maps/Level1.Level1 to /Game/Maps/UEDPIE_0_Level1.Level1 (0.041447s)
[2016.05.27-04.06.24:516][677]LogActorComponent: UnregisterComponent: (/Engine/Transient.CharMoveComp) Not registered. Aborting.
[2016.05.27-04.06.24:516][677]LogActorComponent: UnregisterComponent: (/Engine/Transient.CharacterMovementComponent_3) Not registered. Aborting.
[2016.05.27-04.06.24:547][677]LogInit: XAudio2 using 'Speakers (Realtek High Definition Audio)' : 2 channels at 48 kHz using 32 bits per sample (channel mask 0x3)
[2016.05.27-04.06.24:556][677]LogInit: FAudioDevice initialized.
[2016.05.27-04.06.24:599][677]LogWorld: Game class is 'ShooterGameMode_C'
[2016.05.27-04.06.24:626][677]LogWorld: Bringing World /Game/Maps/UEDPIE_0_Level1.Level1 up for play (max tick rate 0) at 2016.05.26-21.06.24
[2016.05.27-04.06.24:639][677]LogWorld: Bringing up level for play took: 0.038082
[2016.05.27-04.06.24:643][677]LogContentBrowser: Native class hierarchy updated for 'MovieSceneCapture' in 0.0005 seconds. Added 9 classes and 0 folders.
[2016.05.27-04.06.24:651][677]PIE: Info Play in editor start time for /Game/Maps/UEDPIE_0_Level1 0.469
[2016.05.27-04.06.24:651][677]LogBlueprintUserMessages: Late PlayInEditor Detection: Level '/Game/Maps/Level1.Level1:PersistentLevel' has LevelScriptBlueprint '/Game/Maps/Level1.Level1:PersistentLevel.Level1' with GeneratedClass '/Game/Maps/Level1.Level1_C' with ClassGeneratedBy '/Game/Maps/Level1.Level1:PersistentLevel.Level1'
[2016.05.27-04.06.25:978][820]LogSelection:Warning: PIE object was selected: "Brush /Game/Maps/UEDPIE_0_Level1.Level1:PersistentLevel.BoxBrush124"
[2016.05.27-04.06.38:713][446]LogBlueprintUserMessages: Early EndPlayMap Detection: Level '/Game/Maps/Level1.Level1:PersistentLevel' has LevelScriptBlueprint '/Game/Maps/Level1.Level1:PersistentLevel.Level1' with GeneratedClass '/Game/Maps/Level1.Level1_C' with ClassGeneratedBy '/Game/Maps/Level1.Level1:PersistentLevel.Level1'
[2016.05.27-04.06.38:763][446]LogBlueprintUserMessages: Late EndPlayMap Detection: Level '/Game/Maps/Level1.Level1:PersistentLevel' has LevelScriptBlueprint '/Game/Maps/Level1.Level1:PersistentLevel.Level1' with GeneratedClass '/Game/Maps/Level1.Level1_C' with ClassGeneratedBy '/Game/Maps/Level1.Level1:PersistentLevel.Level1'
[2016.05.27-04.07.14:231][627]Cmd: OBJ SAVEPACKAGE PACKAGE="/Game/Maps/Level1" FILE="D:/Git/RiggingShooter/GameJamRigging/Saved/Autosaves/Game/Maps/Level1_Auto2.umap" SILENT=true AUTOSAVING=true KEEPDIRTY=false
[2016.05.27-04.07.14:672][627]LogSavePackage: Save=422.73ms
[2016.05.27-04.07.14:672][627]LogSavePackage: Moving 'D:/Git/RiggingShooter/GameJamRigging/Saved/Level1_Auto26BDBACFC4DA4FD9B2F204E893D279B6D.tmp' to 'D:/Git/RiggingShooter/GameJamRigging/Saved/Autosaves/Game/Maps/Level1_Auto2.umap'
[2016.05.27-04.07.14:673][627]LogSavePackage: Total save time: 441.65ms
[2016.05.27-04.07.14:673][627]LogSavePackage:Display: Finished SavePackage D:/Git/RiggingShooter/GameJamRigging/Saved/Autosaves/Game/Maps/Level1_Auto2.umap
[2016.05.27-04.07.14:674][627]LogFileHelpers: Editor autosave (incl. sublevels) for '/Game/Maps/Level1' took 0.461
[2016.05.27-04.07.14:674][627]LogFileHelpers: Editor autosave (incl. sublevels) for all levels took 0.461
[2016.05.27-04.08.31:356][858]LogEditorViewport: Clicking on Actor (LMB): Enemy_Turret_C (Enemy_Turret5)
[2016.05.27-04.08.33:356][ 58]LogEditorViewport: Clicking on Actor (CTRL LMB): Enemy_Turret_C (Enemy_Turret4)
[2016.05.27-04.08.41:072][828]LogEditorViewport: Clicking on Actor (LMB): Enemy_Turret_C (Enemy_Turret5)
[2016.05.27-04.08.49:388][677]LogBlueprintUserMessages: Early PlayInEditor Detection: Level '/Game/Maps/Level1.Level1:PersistentLevel' has LevelScriptBlueprint '/Game/Maps/Level1.Level1:PersistentLevel.Level1' with GeneratedClass '/Game/Maps/Level1.Level1_C' with ClassGeneratedBy '/Game/Maps/Level1.Level1:PersistentLevel.Level1'
[2016.05.27-04.08.49:388][677]LogPlayLevel: PlayLevel: No blueprints needed recompiling
[2016.05.27-04.08.49:388][677]PIE: New page: PIE session: Level1 (May 26, 2016, 1:08:49 PM)
[2016.05.27-04.08.49:388][677]LogPlayLevel: Creating play world package: /Game/Maps/UEDPIE_0_Level1
[2016.05.27-04.08.49:429][677]LogPlayLevel: PIE: StaticDuplicateObject took: (0.041279s)
[2016.05.27-04.08.49:430][677]LogAIModule: Creating AISystem for world Level1
[2016.05.27-04.08.49:430][677]LogPlayLevel: PIE: World Init took: (0.000636s)
[2016.05.27-04.08.49:430][677]LogPlayLevel: PIE: Created PIE world by copying editor world from /Game/Maps/Level1.Level1 to /Game/Maps/UEDPIE_0_Level1.Level1 (0.042170s)
[2016.05.27-04.08.49:451][677]LogInit: XAudio2 using 'Speakers (Realtek High Definition Audio)' : 2 channels at 48 kHz using 32 bits per sample (channel mask 0x3)
[2016.05.27-04.08.49:458][677]LogInit: FAudioDevice initialized.
[2016.05.27-04.08.49:489][677]LogWorld: Game class is 'ShooterGameMode_C'
[2016.05.27-04.08.49:514][677]LogWorld: Bringing World /Game/Maps/UEDPIE_0_Level1.Level1 up for play (max tick rate 0) at 2016.05.26-21.08.49
[2016.05.27-04.08.49:525][677]LogWorld: Bringing up level for play took: 0.035641
[2016.05.27-04.08.49:533][677]PIE: Info Play in editor start time for /Game/Maps/UEDPIE_0_Level1 -0.649
[2016.05.27-04.08.49:533][677]LogBlueprintUserMessages: Late PlayInEditor Detection: Level '/Game/Maps/Level1.Level1:PersistentLevel' has LevelScriptBlueprint '/Game/Maps/Level1.Level1:PersistentLevel.Level1' with GeneratedClass '/Game/Maps/Level1.Level1_C' with ClassGeneratedBy '/Game/Maps/Level1.Level1:PersistentLevel.Level1'
[2016.05.27-04.08.51:331][878]LogSelection:Warning: PIE object was selected: "Enemy_Turret_C /Game/Maps/UEDPIE_0_Level1.Level1:PersistentLevel.Enemy_Turret5"
[2016.05.27-04.08.56:154][121]Cmd: SELECT NONE
[2016.05.27-04.08.57:893][292]LogBlueprintUserMessages: Early EndPlayMap Detection: Level '/Game/Maps/Level1.Level1:PersistentLevel' has LevelScriptBlueprint '/Game/Maps/Level1.Level1:PersistentLevel.Level1' with GeneratedClass '/Game/Maps/Level1.Level1_C' with ClassGeneratedBy '/Game/Maps/Level1.Level1:PersistentLevel.Level1'
[2016.05.27-04.08.57:963][292]LogBlueprintUserMessages: Late EndPlayMap Detection: Level '/Game/Maps/Level1.Level1:PersistentLevel' has LevelScriptBlueprint '/Game/Maps/Level1.Level1:PersistentLevel.Level1' with GeneratedClass '/Game/Maps/Level1.Level1_C' with ClassGeneratedBy '/Game/Maps/Level1.Level1:PersistentLevel.Level1'
[2016.05.27-04.13.23:852][672]LogBlueprintUserMessages: Early PlayInEditor Detection: Level '/Game/Maps/Level1.Level1:PersistentLevel' has LevelScriptBlueprint '/Game/Maps/Level1.Level1:PersistentLevel.Level1' with GeneratedClass '/Game/Maps/Level1.Level1_C' with ClassGeneratedBy '/Game/Maps/Level1.Level1:PersistentLevel.Level1'
[2016.05.27-04.13.23:852][672]LogPlayLevel: PlayLevel: No blueprints needed recompiling
[2016.05.27-04.13.23:852][672]PIE: New page: PIE session: Level1 (May 26, 2016, 1:13:23 PM)
[2016.05.27-04.13.23:852][672]LogPlayLevel: Creating play world package: /Game/Maps/UEDPIE_0_Level1
[2016.05.27-04.13.23:894][672]LogPlayLevel: PIE: StaticDuplicateObject took: (0.041593s)
[2016.05.27-04.13.23:895][672]LogAIModule: Creating AISystem for world Level1
[2016.05.27-04.13.23:895][672]LogPlayLevel: PIE: World Init took: (0.000778s)
[2016.05.27-04.13.23:895][672]LogPlayLevel: PIE: Created PIE world by copying editor world from /Game/Maps/Level1.Level1 to /Game/Maps/UEDPIE_0_Level1.Level1 (0.042673s)
[2016.05.27-04.13.23:895][672]LogActorComponent: UnregisterComponent: (/Engine/Transient.CharMoveComp) Not registered. Aborting.
[2016.05.27-04.13.23:895][672]LogActorComponent: UnregisterComponent: (/Engine/Transient.CharacterMovementComponent_4) Not registered. Aborting.
[2016.05.27-04.13.23:918][672]LogInit: XAudio2 using 'Speakers (Realtek High Definition Audio)' : 2 channels at 48 kHz using 32 bits per sample (channel mask 0x3)
[2016.05.27-04.13.23:926][672]LogInit: FAudioDevice initialized.
[2016.05.27-04.13.23:957][672]LogWorld: Game class is 'ShooterGameMode_C'
[2016.05.27-04.13.23:983][672]LogWorld: Bringing World /Game/Maps/UEDPIE_0_Level1.Level1 up for play (max tick rate 0) at 2016.05.26-21.13.23
[2016.05.27-04.13.23:996][672]LogWorld: Bringing up level for play took: 0.038184
[2016.05.27-04.13.24:002][672]PIE: Info Play in editor start time for /Game/Maps/UEDPIE_0_Level1 -0.18
[2016.05.27-04.13.24:002][672]LogBlueprintUserMessages: Late PlayInEditor Detection: Level '/Game/Maps/Level1.Level1:PersistentLevel' has LevelScriptBlueprint '/Game/Maps/Level1.Level1:PersistentLevel.Level1' with GeneratedClass '/Game/Maps/Level1.Level1_C' with ClassGeneratedBy '/Game/Maps/Level1.Level1:PersistentLevel.Level1'
[2016.05.27-04.13.25:511][827]LogSelection:Warning: PIE object was selected: "Enemy_Turret_C /Game/Maps/UEDPIE_0_Level1.Level1:PersistentLevel.Enemy_Turret5"
[2016.05.27-04.13.43:681][ 30]Cmd: SELECT NONE
[2016.05.27-04.13.44:961][130]Cmd: SELECT NONE
[2016.05.27-04.13.46:456][263]LogBlueprintUserMessages: Early EndPlayMap Detection: Level '/Game/Maps/Level1.Level1:PersistentLevel' has LevelScriptBlueprint '/Game/Maps/Level1.Level1:PersistentLevel.Level1' with GeneratedClass '/Game/Maps/Level1.Level1_C' with ClassGeneratedBy '/Game/Maps/Level1.Level1:PersistentLevel.Level1'
[2016.05.27-04.13.46:525][263]LogBlueprintUserMessages: Late EndPlayMap Detection: Level '/Game/Maps/Level1.Level1:PersistentLevel' has LevelScriptBlueprint '/Game/Maps/Level1.Level1:PersistentLevel.Level1' with GeneratedClass '/Game/Maps/Level1.Level1_C' with ClassGeneratedBy '/Game/Maps/Level1.Level1:PersistentLevel.Level1'
[2016.05.27-04.13.51:792][769]LogEditorViewport: Clicking on Actor (LMB): Enemy_Turret_C (Enemy_Turret4)
[2016.05.27-04.13.56:605][228]LogEditorViewport: Clicking on Actor (LMB): Enemy_Turret_C (Enemy_Turret3)
[2016.05.27-04.14.01:133][670]LogEditorViewport: Clicking on Actor (LMB): Enemy_Turret_C (Enemy_Turret5)
[2016.05.27-04.14.02:363][782]LogBlueprintUserMessages: Early PlayInEditor Detection: Level '/Game/Maps/Level1.Level1:PersistentLevel' has LevelScriptBlueprint '/Game/Maps/Level1.Level1:PersistentLevel.Level1' with GeneratedClass '/Game/Maps/Level1.Level1_C' with ClassGeneratedBy '/Game/Maps/Level1.Level1:PersistentLevel.Level1'
[2016.05.27-04.14.02:363][782]LogPlayLevel: PlayLevel: No blueprints needed recompiling
[2016.05.27-04.14.02:363][782]PIE: New page: PIE session: Level1 (May 26, 2016, 1:14:02 PM)
[2016.05.27-04.14.02:363][782]LogPlayLevel: Creating play world package: /Game/Maps/UEDPIE_0_Level1
[2016.05.27-04.14.02:404][782]LogPlayLevel: PIE: StaticDuplicateObject took: (0.040897s)
[2016.05.27-04.14.02:405][782]LogAIModule: Creating AISystem for world Level1
[2016.05.27-04.14.02:405][782]LogPlayLevel: PIE: World Init took: (0.000553s)
[2016.05.27-04.14.02:405][782]LogPlayLevel: PIE: Created PIE world by copying editor world from /Game/Maps/Level1.Level1 to /Game/Maps/UEDPIE_0_Level1.Level1 (0.041686s)
[2016.05.27-04.14.02:405][782]LogActorComponent: UnregisterComponent: (/Engine/Transient.CharMoveComp) Not registered. Aborting.
[2016.05.27-04.14.02:405][782]LogActorComponent: UnregisterComponent: (/Engine/Transient.CharacterMovementComponent_5) Not registered. Aborting.
[2016.05.27-04.14.02:431][782]LogInit: XAudio2 using 'Speakers (Realtek High Definition Audio)' : 2 channels at 48 kHz using 32 bits per sample (channel mask 0x3)
[2016.05.27-04.14.02:439][782]LogInit: FAudioDevice initialized.
[2016.05.27-04.14.02:469][782]LogWorld: Game class is 'ShooterGameMode_C'
[2016.05.27-04.14.02:494][782]LogWorld: Bringing World /Game/Maps/UEDPIE_0_Level1.Level1 up for play (max tick rate 0) at 2016.05.26-21.14.02
[2016.05.27-04.14.02:505][782]LogWorld: Bringing up level for play took: 0.035707
[2016.05.27-04.14.02:512][782]PIE: Info Play in editor start time for /Game/Maps/UEDPIE_0_Level1 0.331
[2016.05.27-04.14.02:513][782]LogBlueprintUserMessages: Late PlayInEditor Detection: Level '/Game/Maps/Level1.Level1:PersistentLevel' has LevelScriptBlueprint '/Game/Maps/Level1.Level1:PersistentLevel.Level1' with GeneratedClass '/Game/Maps/Level1.Level1_C' with ClassGeneratedBy '/Game/Maps/Level1.Level1:PersistentLevel.Level1'
[2016.05.27-04.14.04:147][953]LogSelection:Warning: PIE object was selected: "Enemy_Turret_C /Game/Maps/UEDPIE_0_Level1.Level1:PersistentLevel.Enemy_Turret5"
[2016.05.27-04.14.18:719][876]LogBlueprintUserMessages: Early EndPlayMap Detection: Level '/Game/Maps/Level1.Level1:PersistentLevel' has LevelScriptBlueprint '/Game/Maps/Level1.Level1:PersistentLevel.Level1' with GeneratedClass '/Game/Maps/Level1.Level1_C' with ClassGeneratedBy '/Game/Maps/Level1.Level1:PersistentLevel.Level1'
[2016.05.27-04.14.18:794][876]LogBlueprintUserMessages: Late EndPlayMap Detection: Level '/Game/Maps/Level1.Level1:PersistentLevel' has LevelScriptBlueprint '/Game/Maps/Level1.Level1:PersistentLevel.Level1' with GeneratedClass '/Game/Maps/Level1.Level1_C' with ClassGeneratedBy '/Game/Maps/Level1.Level1:PersistentLevel.Level1'
[2016.05.27-04.15.07:629][751]LogBlueprintUserMessages: Early PlayInEditor Detection: Level '/Game/Maps/Level1.Level1:PersistentLevel' has LevelScriptBlueprint '/Game/Maps/Level1.Level1:PersistentLevel.Level1' with GeneratedClass '/Game/Maps/Level1.Level1_C' with ClassGeneratedBy '/Game/Maps/Level1.Level1:PersistentLevel.Level1'
[2016.05.27-04.15.07:629][751]LogPlayLevel: PlayLevel: No blueprints needed recompiling
[2016.05.27-04.15.07:629][751]PIE: New page: PIE session: Level1 (May 26, 2016, 1:15:07 PM)
[2016.05.27-04.15.07:629][751]LogPlayLevel: Creating play world package: /Game/Maps/UEDPIE_0_Level1
[2016.05.27-04.15.07:670][751]LogPlayLevel: PIE: StaticDuplicateObject took: (0.040263s)
[2016.05.27-04.15.07:670][751]LogAIModule: Creating AISystem for world Level1
[2016.05.27-04.15.07:670][751]LogPlayLevel: PIE: World Init took: (0.000613s)
[2016.05.27-04.15.07:670][751]LogPlayLevel: PIE: Created PIE world by copying editor world from /Game/Maps/Level1.Level1 to /Game/Maps/UEDPIE_0_Level1.Level1 (0.041125s)
[2016.05.27-04.15.07:701][751]LogInit: XAudio2 using 'Speakers (Realtek High Definition Audio)' : 2 channels at 48 kHz using 32 bits per sample (channel mask 0x3)
[2016.05.27-04.15.07:709][751]LogInit: FAudioDevice initialized.
[2016.05.27-04.15.07:740][751]LogWorld: Game class is 'ShooterGameMode_C'
[2016.05.27-04.15.07:764][751]LogWorld: Bringing World /Game/Maps/UEDPIE_0_Level1.Level1 up for play (max tick rate 0) at 2016.05.26-21.15.07
[2016.05.27-04.15.07:777][751]LogWorld: Bringing up level for play took: 0.035508
[2016.05.27-04.15.07:783][751]PIE: Info Play in editor start time for /Game/Maps/UEDPIE_0_Level1 -0.399
[2016.05.27-04.15.07:783][751]LogBlueprintUserMessages: Late PlayInEditor Detection: Level '/Game/Maps/Level1.Level1:PersistentLevel' has LevelScriptBlueprint '/Game/Maps/Level1.Level1:PersistentLevel.Level1' with GeneratedClass '/Game/Maps/Level1.Level1_C' with ClassGeneratedBy '/Game/Maps/Level1.Level1:PersistentLevel.Level1'
[2016.05.27-04.15.08:588][835]LogSelection:Warning: PIE object was selected: "Brush /Game/Maps/UEDPIE_0_Level1.Level1:PersistentLevel.BoxBrush135"
[2016.05.27-04.15.24:179][545]LogBlueprintUserMessages: Early EndPlayMap Detection: Level '/Game/Maps/Level1.Level1:PersistentLevel' has LevelScriptBlueprint '/Game/Maps/Level1.Level1:PersistentLevel.Level1' with GeneratedClass '/Game/Maps/Level1.Level1_C' with ClassGeneratedBy '/Game/Maps/Level1.Level1:PersistentLevel.Level1'
[2016.05.27-04.15.24:228][545]LogBlueprintUserMessages: Late EndPlayMap Detection: Level '/Game/Maps/Level1.Level1:PersistentLevel' has LevelScriptBlueprint '/Game/Maps/Level1.Level1:PersistentLevel.Level1' with GeneratedClass '/Game/Maps/Level1.Level1_C' with ClassGeneratedBy '/Game/Maps/Level1.Level1:PersistentLevel.Level1'
[2016.05.27-04.18.19:718][ 51]LogActorComponent: UnregisterComponent: (/Engine/Transient.CharMoveComp) Not registered. Aborting.
[2016.05.27-04.18.19:718][ 51]LogActorComponent: UnregisterComponent: (/Engine/Transient.CharacterMovementComponent_6) Not registered. Aborting.
[2016.05.27-04.18.19:736][ 51]Cmd: OBJ SAVEPACKAGE PACKAGE="/Game/Maps/Level1" FILE="D:/Git/RiggingShooter/GameJamRigging/Saved/Autosaves/Game/Maps/Level1_Auto3.umap" SILENT=true AUTOSAVING=true KEEPDIRTY=false
[2016.05.27-04.18.20:230][ 51]LogSavePackage: Save=455.05ms
[2016.05.27-04.18.20:230][ 51]LogSavePackage: Moving 'D:/Git/RiggingShooter/GameJamRigging/Saved/Level1_Auto39615A92B4516C41E47154BBC6E521B45.tmp' to 'D:/Git/RiggingShooter/GameJamRigging/Saved/Autosaves/Game/Maps/Level1_Auto3.umap'
[2016.05.27-04.18.20:232][ 51]LogSavePackage: Total save time: 494.82ms
[2016.05.27-04.18.20:232][ 51]LogSavePackage:Display: Finished SavePackage D:/Git/RiggingShooter/GameJamRigging/Saved/Autosaves/Game/Maps/Level1_Auto3.umap
[2016.05.27-04.18.20:233][ 51]LogFileHelpers: Editor autosave (incl. sublevels) for '/Game/Maps/Level1' took 0.515
[2016.05.27-04.18.20:233][ 51]LogFileHelpers: Editor autosave (incl. sublevels) for all levels took 0.515
[2016.05.27-04.21.29:354][978]LogBlueprintUserMessages: Early PlayInEditor Detection: Level '/Game/Maps/Level1.Level1:PersistentLevel' has LevelScriptBlueprint '/Game/Maps/Level1.Level1:PersistentLevel.Level1' with GeneratedClass '/Game/Maps/Level1.Level1_C' with ClassGeneratedBy '/Game/Maps/Level1.Level1:PersistentLevel.Level1'
[2016.05.27-04.21.29:354][978]LogPlayLevel: PlayLevel: No blueprints needed recompiling
[2016.05.27-04.21.29:354][978]PIE: New page: PIE session: Level1 (May 26, 2016, 1:21:29 PM)
[2016.05.27-04.21.29:354][978]LogPlayLevel: Creating play world package: /Game/Maps/UEDPIE_0_Level1
[2016.05.27-04.21.29:396][978]LogPlayLevel: PIE: StaticDuplicateObject took: (0.041196s)
[2016.05.27-04.21.29:396][978]LogAIModule: Creating AISystem for world Level1
[2016.05.27-04.21.29:396][978]LogPlayLevel: PIE: World Init took: (0.000700s)
[2016.05.27-04.21.29:397][978]LogPlayLevel: PIE: Created PIE world by copying editor world from /Game/Maps/Level1.Level1 to /Game/Maps/UEDPIE_0_Level1.Level1 (0.042165s)
[2016.05.27-04.21.29:397][978]LogActorComponent: UnregisterComponent: (/Engine/Transient.CharMoveComp) Not registered. Aborting.
[2016.05.27-04.21.29:397][978]LogActorComponent: UnregisterComponent: (/Engine/Transient.CharacterMovementComponent_7) Not registered. Aborting.
[2016.05.27-04.21.29:421][978]LogInit: XAudio2 using 'Speakers (Realtek High Definition Audio)' : 2 channels at 48 kHz using 32 bits per sample (channel mask 0x3)
[2016.05.27-04.21.29:429][978]LogInit: FAudioDevice initialized.
[2016.05.27-04.21.29:462][978]LogWorld: Game class is 'ShooterGameMode_C'
[2016.05.27-04.21.29:489][978]LogWorld: Bringing World /Game/Maps/UEDPIE_0_Level1.Level1 up for play (max tick rate 0) at 2016.05.26-21.21.29
[2016.05.27-04.21.29:501][978]LogWorld: Bringing up level for play took: 0.037397
[2016.05.27-04.21.29:507][978]PIE: Info Play in editor start time for /Game/Maps/UEDPIE_0_Level1 -0.675
[2016.05.27-04.21.29:507][978]LogBlueprintUserMessages: Late PlayInEditor Detection: Level '/Game/Maps/Level1.Level1:PersistentLevel' has LevelScriptBlueprint '/Game/Maps/Level1.Level1:PersistentLevel.Level1' with GeneratedClass '/Game/Maps/Level1.Level1_C' with ClassGeneratedBy '/Game/Maps/Level1.Level1:PersistentLevel.Level1'
[2016.05.27-04.21.30:656][ 86]LogSelection:Warning: PIE object was selected: "Brush /Game/Maps/UEDPIE_0_Level1.Level1:PersistentLevel.BoxBrush135"
[2016.05.27-04.21.41:546][629]LogBlueprintUserMessages: Early EndPlayMap Detection: Level '/Game/Maps/Level1.Level1:PersistentLevel' has LevelScriptBlueprint '/Game/Maps/Level1.Level1:PersistentLevel.Level1' with GeneratedClass '/Game/Maps/Level1.Level1_C' with ClassGeneratedBy '/Game/Maps/Level1.Level1:PersistentLevel.Level1'
[2016.05.27-04.21.41:595][629]LogBlueprintUserMessages: Late EndPlayMap Detection: Level '/Game/Maps/Level1.Level1:PersistentLevel' has LevelScriptBlueprint '/Game/Maps/Level1.Level1:PersistentLevel.Level1' with GeneratedClass '/Game/Maps/Level1.Level1_C' with ClassGeneratedBy '/Game/Maps/Level1.Level1:PersistentLevel.Level1'
[2016.05.27-04.21.42:893][752]LogEditorViewport: Clicking on Actor (LMB): Enemy_Turret_C (Enemy_Turret4)
[2016.05.27-04.21.46:681][ 90]LogEditorViewport: Clicking on Actor (LMB): Enemy_Turret_C (Enemy_Turret5)
[2016.05.27-04.21.49:334][332]LogBlueprintUserMessages: Early PlayInEditor Detection: Level '/Game/Maps/Level1.Level1:PersistentLevel' has LevelScriptBlueprint '/Game/Maps/Level1.Level1:PersistentLevel.Level1' with GeneratedClass '/Game/Maps/Level1.Level1_C' with ClassGeneratedBy '/Game/Maps/Level1.Level1:PersistentLevel.Level1'
[2016.05.27-04.21.49:334][332]LogPlayLevel: PlayLevel: No blueprints needed recompiling
[2016.05.27-04.21.49:334][332]PIE: New page: PIE session: Level1 (May 26, 2016, 1:21:49 PM)
[2016.05.27-04.21.49:334][332]LogPlayLevel: Creating play world package: /Game/Maps/UEDPIE_0_Level1
[2016.05.27-04.21.49:376][332]LogPlayLevel: PIE: StaticDuplicateObject took: (0.041314s)
[2016.05.27-04.21.49:376][332]LogAIModule: Creating AISystem for world Level1
[2016.05.27-04.21.49:376][332]LogPlayLevel: PIE: World Init took: (0.000555s)
[2016.05.27-04.21.49:376][332]LogPlayLevel: PIE: Created PIE world by copying editor world from /Game/Maps/Level1.Level1 to /Game/Maps/UEDPIE_0_Level1.Level1 (0.042108s)
[2016.05.27-04.21.49:403][332]LogInit: XAudio2 using 'Speakers (Realtek High Definition Audio)' : 2 channels at 48 kHz using 32 bits per sample (channel mask 0x3)
[2016.05.27-04.21.49:411][332]LogInit: FAudioDevice initialized.
[2016.05.27-04.21.49:440][332]LogWorld: Game class is 'ShooterGameMode_C'
[2016.05.27-04.21.49:465][332]LogWorld: Bringing World /Game/Maps/UEDPIE_0_Level1.Level1 up for play (max tick rate 0) at 2016.05.26-21.21.49
[2016.05.27-04.21.49:478][332]LogWorld: Bringing up level for play took: 0.036139
[2016.05.27-04.21.49:484][332]PIE: Info Play in editor start time for /Game/Maps/UEDPIE_0_Level1 -0.698
[2016.05.27-04.21.49:484][332]LogBlueprintUserMessages: Late PlayInEditor Detection: Level '/Game/Maps/Level1.Level1:PersistentLevel' has LevelScriptBlueprint '/Game/Maps/Level1.Level1:PersistentLevel.Level1' with GeneratedClass '/Game/Maps/Level1.Level1_C' with ClassGeneratedBy '/Game/Maps/Level1.Level1:PersistentLevel.Level1'
[2016.05.27-04.21.50:617][447]LogSelection:Warning: PIE object was selected: "Enemy_Turret_C /Game/Maps/UEDPIE_0_Level1.Level1:PersistentLevel.Enemy_Turret5"
[2016.05.27-04.23.23:282][853]LogSelection:Warning: PIE object was selected: "Brush /Game/Maps/UEDPIE_0_Level1.Level1:PersistentLevel.BoxBrush124"
[2016.05.27-04.23.25:616][  3]LogSelection:Warning: PIE object was selected: "Brush /Game/Maps/UEDPIE_0_Level1.Level1:PersistentLevel.BoxBrush123"
[2016.05.27-04.23.27:844][116]LogSelection:Warning: PIE object was selected: "Brush /Game/Maps/UEDPIE_0_Level1.Level1:PersistentLevel.BoxBrush123"
[2016.05.27-04.23.27:856][116]PIE:Warning: Warning Mobility of BoxBrush123_36 : BrushComponent0 has to be 'Movable' if you'd like to move. 
[2016.05.27-04.23.27:856][116]LogSelection:Warning: PIE object was selected: "Brush /Game/Maps/UEDPIE_0_Level1.Level1:PersistentLevel.BoxBrush123_36"
[2016.05.27-04.23.27:856][116]PIE:Warning: Warning Mobility of BoxBrush123_36 : BrushComponent0 has to be 'Movable' if you'd like to move. 
[2016.05.27-04.23.27:856][116]PIE:Warning: Warning Mobility of BoxBrush136 : BrushComponent0 has to be 'Movable' if you'd like to move. 
[2016.05.27-04.23.27:863][116]LogSelection:Warning: PIE object was selected: "Brush /Game/Maps/UEDPIE_0_Level1.Level1:PersistentLevel.BoxBrush136"
[2016.05.27-04.23.27:871][116]PIE:Warning: Warning Mobility of BoxBrush136 : BrushComponent0 has to be 'Movable' if you'd like to move. 
[2016.05.27-04.23.27:871][116]PIE:Warning: Warning Mobility of BoxBrush136 : BrushComponent0 has to be 'Movable' if you'd like to move. 
[2016.05.27-04.23.27:910][117]PIE:Warning: Warning Mobility of BoxBrush136 : BrushComponent0 has to be 'Movable' if you'd like to move. 
[2016.05.27-04.23.27:910][117]PIE:Warning: Warning Mobility of BoxBrush136 : BrushComponent0 has to be 'Movable' if you'd like to move. 
[2016.05.27-04.23.27:962][119]PIE:Warning: Warning Mobility of BoxBrush136 : BrushComponent0 has to be 'Movable' if you'd like to move. 
[2016.05.27-04.23.27:962][119]PIE:Warning: Warning Mobility of BoxBrush136 : BrushComponent0 has to be 'Movable' if you'd like to move. 
[2016.05.27-04.23.28:132][126]PIE:Warning: Warning Mobility of BoxBrush136 : BrushComponent0 has to be 'Movable' if you'd like to move. 
[2016.05.27-04.23.28:132][126]PIE:Warning: Warning Mobility of BoxBrush136 : BrushComponent0 has to be 'Movable' if you'd like to move. 
[2016.05.27-04.23.28:229][130]PIE:Warning: Warning Mobility of BoxBrush136 : BrushComponent0 has to be 'Movable' if you'd like to move. 
[2016.05.27-04.23.28:229][130]PIE:Warning: Warning Mobility of BoxBrush136 : BrushComponent0 has to be 'Movable' if you'd like to move. 
[2016.05.27-04.23.28:280][132]PIE:Warning: Warning Mobility of BoxBrush136 : BrushComponent0 has to be 'Movable' if you'd like to move. 
[2016.05.27-04.23.28:280][132]PIE:Warning: Warning Mobility of BoxBrush136 : BrushComponent0 has to be 'Movable' if you'd like to move. 
[2016.05.27-04.23.28:327][134]PIE:Warning: Warning Mobility of BoxBrush136 : BrushComponent0 has to be 'Movable' if you'd like to move. 
[2016.05.27-04.23.28:327][134]PIE:Warning: Warning Mobility of BoxBrush136 : BrushComponent0 has to be 'Movable' if you'd like to move. 
[2016.05.27-04.23.35:119][486]LogBlueprintUserMessages: Early EndPlayMap Detection: Level '/Game/Maps/Level1.Level1:PersistentLevel' has LevelScriptBlueprint '/Game/Maps/Level1.Level1:PersistentLevel.Level1' with GeneratedClass '/Game/Maps/Level1.Level1_C' with ClassGeneratedBy '/Game/Maps/Level1.Level1:PersistentLevel.Level1'
[2016.05.27-04.23.35:199][486]LogBlueprintUserMessages: Late EndPlayMap Detection: Level '/Game/Maps/Level1.Level1:PersistentLevel' has LevelScriptBlueprint '/Game/Maps/Level1.Level1:PersistentLevel.Level1' with GeneratedClass '/Game/Maps/Level1.Level1_C' with ClassGeneratedBy '/Game/Maps/Level1.Level1:PersistentLevel.Level1'
[2016.05.27-04.27.40:807][253]Cmd: BRUSH ADD SELECTNEWBRUSH
[2016.05.27-04.30.02:545][774]Cmd: DELETE
[2016.05.27-04.30.02:545][774]Cmd: ACTOR DELETE
[2016.05.27-04.30.02:548][774]LogEditorActor: Deleted Actor: Brush
[2016.05.27-04.30.02:548][774]LogActorComponent: UnregisterComponent: (/Engine/Transient.CharMoveComp) Not registered. Aborting.
[2016.05.27-04.30.02:548][774]LogActorComponent: UnregisterComponent: (/Engine/Transient.CharacterMovementComponent_8) Not registered. Aborting.
[2016.05.27-04.30.02:548][774]LogActorComponent: UnregisterComponent: (/Engine/Transient.CharacterMovementComponent_9) Not registered. Aborting.
[2016.05.27-04.30.02:656][774]LogEditorActor: Deleted 1 Actors (0.110 secs)
[2016.05.27-04.31.20:787][551]LogEditorViewport: Clicking on Actor (LMB): TargetPoint (TargetPoint)
[2016.05.27-04.31.25:565][891]LogBlueprintUserMessages: Early PlayInEditor Detection: Level '/Game/Maps/Level1.Level1:PersistentLevel' has LevelScriptBlueprint '/Game/Maps/Level1.Level1:PersistentLevel.Level1' with GeneratedClass '/Game/Maps/Level1.Level1_C' with ClassGeneratedBy '/Game/Maps/Level1.Level1:PersistentLevel.Level1'
[2016.05.27-04.31.25:565][891]LogPlayLevel: PlayLevel: No blueprints needed recompiling
[2016.05.27-04.31.25:565][891]PIE: New page: PIE session: Level1 (May 26, 2016, 1:31:25 PM)
[2016.05.27-04.31.25:566][891]LogPlayLevel: Creating play world package: /Game/Maps/UEDPIE_0_Level1
[2016.05.27-04.31.25:608][891]LogPlayLevel: PIE: StaticDuplicateObject took: (0.041898s)
[2016.05.27-04.31.25:609][891]LogAIModule: Creating AISystem for world Level1
[2016.05.27-04.31.25:609][891]LogPlayLevel: PIE: World Init took: (0.000624s)
[2016.05.27-04.31.25:609][891]LogPlayLevel: PIE: Created PIE world by copying editor world from /Game/Maps/Level1.Level1 to /Game/Maps/UEDPIE_0_Level1.Level1 (0.042762s)
[2016.05.27-04.31.25:643][891]LogInit: XAudio2 using 'Speakers (Realtek High Definition Audio)' : 2 channels at 48 kHz using 32 bits per sample (channel mask 0x3)
[2016.05.27-04.31.25:651][891]LogInit: FAudioDevice initialized.
[2016.05.27-04.31.25:686][891]LogWorld: Game class is 'ShooterGameMode_C'
[2016.05.27-04.31.25:713][891]LogWorld: Bringing World /Game/Maps/UEDPIE_0_Level1.Level1 up for play (max tick rate 0) at 2016.05.26-21.31.25
[2016.05.27-04.31.25:725][891]LogWorld: Bringing up level for play took: 0.037469
[2016.05.27-04.31.25:731][891]PIE: Info Play in editor start time for /Game/Maps/UEDPIE_0_Level1 -0.45
[2016.05.27-04.31.25:732][891]LogBlueprintUserMessages: Late PlayInEditor Detection: Level '/Game/Maps/Level1.Level1:PersistentLevel' has LevelScriptBlueprint '/Game/Maps/Level1.Level1:PersistentLevel.Level1' with GeneratedClass '/Game/Maps/Level1.Level1_C' with ClassGeneratedBy '/Game/Maps/Level1.Level1:PersistentLevel.Level1'
[2016.05.27-04.31.31:783][546]LogBlueprintUserMessages: Early EndPlayMap Detection: Level '/Game/Maps/Level1.Level1:PersistentLevel' has LevelScriptBlueprint '/Game/Maps/Level1.Level1:PersistentLevel.Level1' with GeneratedClass '/Game/Maps/Level1.Level1_C' with ClassGeneratedBy '/Game/Maps/Level1.Level1:PersistentLevel.Level1'
[2016.05.27-04.31.31:829][546]LogBlueprintUserMessages: Late EndPlayMap Detection: Level '/Game/Maps/Level1.Level1:PersistentLevel' has LevelScriptBlueprint '/Game/Maps/Level1.Level1:PersistentLevel.Level1' with GeneratedClass '/Game/Maps/Level1.Level1_C' with ClassGeneratedBy '/Game/Maps/Level1.Level1:PersistentLevel.Level1'
[2016.05.27-04.31.43:052][571]Cmd: TRANSACTION UNDO
[2016.05.27-04.31.43:052][571]LogEditorTransaction: Undo Move Actors
[2016.05.27-04.31.43:089][571]LogActorComponent: ~FComponentReregisterContext: (/Game/Maps/Level1.Level1:PersistentLevel.BoxBrush57.BrushComponent0) Component already registered.
[2016.05.27-04.31.43:096][571]LogActorComponent: ~FComponentReregisterContext: (/Game/Maps/Level1.Level1:PersistentLevel.BoxBrush10.BrushComponent0) Component already registered.
[2016.05.27-04.31.43:098][571]LogActorComponent: ~FComponentReregisterContext: (/Game/Maps/Level1.Level1:PersistentLevel.BoxBrush116.BrushComponent0) Component already registered.
[2016.05.27-04.31.43:100][571]LogActorComponent: ~FComponentReregisterContext: (/Game/Maps/Level1.Level1:PersistentLevel.BoxBrush135.BrushComponent0) Component already registered.
[2016.05.27-04.31.43:103][571]LogActorComponent: ~FComponentReregisterContext: (/Game/Maps/Level1.Level1:PersistentLevel.BoxBrush87.BrushComponent0) Component already registered.
[2016.05.27-04.32.14:807][649]LogBlueprintUserMessages: Early PlayInEditor Detection: Level '/Game/Maps/Level1.Level1:PersistentLevel' has LevelScriptBlueprint '/Game/Maps/Level1.Level1:PersistentLevel.Level1' with GeneratedClass '/Game/Maps/Level1.Level1_C' with ClassGeneratedBy '/Game/Maps/Level1.Level1:PersistentLevel.Level1'
[2016.05.27-04.32.14:807][649]LogPlayLevel: PlayLevel: No blueprints needed recompiling
[2016.05.27-04.32.14:807][649]PIE: New page: PIE session: Level1 (May 26, 2016, 1:32:14 PM)
[2016.05.27-04.32.14:807][649]LogPlayLevel: Creating play world package: /Game/Maps/UEDPIE_0_Level1
[2016.05.27-04.32.14:853][649]LogPlayLevel: PIE: StaticDuplicateObject took: (0.047002s)
[2016.05.27-04.32.14:854][649]LogAIModule: Creating AISystem for world Level1
[2016.05.27-04.32.14:855][649]LogPlayLevel: PIE: World Init took: (0.000695s)
[2016.05.27-04.32.14:855][649]LogPlayLevel: PIE: Created PIE world by copying editor world from /Game/Maps/Level1.Level1 to /Game/Maps/UEDPIE_0_Level1.Level1 (0.048029s)
[2016.05.27-04.32.14:884][649]LogInit: XAudio2 using 'Speakers (Realtek High Definition Audio)' : 2 channels at 48 kHz using 32 bits per sample (channel mask 0x3)
[2016.05.27-04.32.14:895][649]LogInit: FAudioDevice initialized.
[2016.05.27-04.32.14:928][649]LogWorld: Game class is 'ShooterGameMode_C'
[2016.05.27-04.32.14:954][649]LogWorld: Bringing World /Game/Maps/UEDPIE_0_Level1.Level1 up for play (max tick rate 0) at 2016.05.26-21.32.14
[2016.05.27-04.32.14:967][649]LogWorld: Bringing up level for play took: 0.036847
[2016.05.27-04.32.14:973][649]PIE: Info Play in editor start time for /Game/Maps/UEDPIE_0_Level1 0.791
[2016.05.27-04.32.14:973][649]LogBlueprintUserMessages: Late PlayInEditor Detection: Level '/Game/Maps/Level1.Level1:PersistentLevel' has LevelScriptBlueprint '/Game/Maps/Level1.Level1:PersistentLevel.Level1' with GeneratedClass '/Game/Maps/Level1.Level1_C' with ClassGeneratedBy '/Game/Maps/Level1.Level1:PersistentLevel.Level1'
[2016.05.27-04.32.17:758][952]LogBlueprintUserMessages: Early EndPlayMap Detection: Level '/Game/Maps/Level1.Level1:PersistentLevel' has LevelScriptBlueprint '/Game/Maps/Level1.Level1:PersistentLevel.Level1' with GeneratedClass '/Game/Maps/Level1.Level1_C' with ClassGeneratedBy '/Game/Maps/Level1.Level1:PersistentLevel.Level1'
[2016.05.27-04.32.17:808][952]LogBlueprintUserMessages: Late EndPlayMap Detection: Level '/Game/Maps/Level1.Level1:PersistentLevel' has LevelScriptBlueprint '/Game/Maps/Level1.Level1:PersistentLevel.Level1' with GeneratedClass '/Game/Maps/Level1.Level1_C' with ClassGeneratedBy '/Game/Maps/Level1.Level1:PersistentLevel.Level1'
[2016.05.27-04.32.24:710][626]LogBlueprintUserMessages: Early PlayInEditor Detection: Level '/Game/Maps/Level1.Level1:PersistentLevel' has LevelScriptBlueprint '/Game/Maps/Level1.Level1:PersistentLevel.Level1' with GeneratedClass '/Game/Maps/Level1.Level1_C' with ClassGeneratedBy '/Game/Maps/Level1.Level1:PersistentLevel.Level1'
[2016.05.27-04.32.24:710][626]LogPlayLevel: PlayLevel: No blueprints needed recompiling
[2016.05.27-04.32.24:711][626]PIE: New page: PIE session: Level1 (May 26, 2016, 1:32:24 PM)
[2016.05.27-04.32.24:711][626]LogPlayLevel: Creating play world package: /Game/Maps/UEDPIE_0_Level1
[2016.05.27-04.32.24:756][626]LogPlayLevel: PIE: StaticDuplicateObject took: (0.045826s)
[2016.05.27-04.32.24:757][626]LogAIModule: Creating AISystem for world Level1
[2016.05.27-04.32.24:757][626]LogPlayLevel: PIE: World Init took: (0.000557s)
[2016.05.27-04.32.24:757][626]LogPlayLevel: PIE: Created PIE world by copying editor world from /Game/Maps/Level1.Level1 to /Game/Maps/UEDPIE_0_Level1.Level1 (0.046646s)
[2016.05.27-04.32.24:780][626]LogInit: XAudio2 using 'Speakers (Realtek High Definition Audio)' : 2 channels at 48 kHz using 32 bits per sample (channel mask 0x3)
[2016.05.27-04.32.24:788][626]LogInit: FAudioDevice initialized.
[2016.05.27-04.32.24:821][626]LogWorld: Game class is 'ShooterGameMode_C'
[2016.05.27-04.32.24:848][626]LogWorld: Bringing World /Game/Maps/UEDPIE_0_Level1.Level1 up for play (max tick rate 0) at 2016.05.26-21.32.24
[2016.05.27-04.32.24:860][626]LogWorld: Bringing up level for play took: 0.037838
[2016.05.27-04.32.24:866][626]PIE: Info Play in editor start time for /Game/Maps/UEDPIE_0_Level1 0.685
[2016.05.27-04.32.24:867][626]LogBlueprintUserMessages: Late PlayInEditor Detection: Level '/Game/Maps/Level1.Level1:PersistentLevel' has LevelScriptBlueprint '/Game/Maps/Level1.Level1:PersistentLevel.Level1' with GeneratedClass '/Game/Maps/Level1.Level1_C' with ClassGeneratedBy '/Game/Maps/Level1.Level1:PersistentLevel.Level1'
[2016.05.27-04.32.30:721][250]LogBlueprintUserMessages: Early EndPlayMap Detection: Level '/Game/Maps/Level1.Level1:PersistentLevel' has LevelScriptBlueprint '/Game/Maps/Level1.Level1:PersistentLevel.Level1' with GeneratedClass '/Game/Maps/Level1.Level1_C' with ClassGeneratedBy '/Game/Maps/Level1.Level1:PersistentLevel.Level1'
[2016.05.27-04.32.30:766][250]LogBlueprintUserMessages: Late EndPlayMap Detection: Level '/Game/Maps/Level1.Level1:PersistentLevel' has LevelScriptBlueprint '/Game/Maps/Level1.Level1:PersistentLevel.Level1' with GeneratedClass '/Game/Maps/Level1.Level1_C' with ClassGeneratedBy '/Game/Maps/Level1.Level1:PersistentLevel.Level1'
[2016.05.27-04.32.34:742][623]LogBlueprintUserMessages: Early PlayInEditor Detection: Level '/Game/Maps/Level1.Level1:PersistentLevel' has LevelScriptBlueprint '/Game/Maps/Level1.Level1:PersistentLevel.Level1' with GeneratedClass '/Game/Maps/Level1.Level1_C' with ClassGeneratedBy '/Game/Maps/Level1.Level1:PersistentLevel.Level1'
[2016.05.27-04.32.34:742][623]LogPlayLevel: PlayLevel: No blueprints needed recompiling
[2016.05.27-04.32.34:742][623]PIE: New page: PIE session: Level1 (May 26, 2016, 1:32:34 PM)
[2016.05.27-04.32.34:742][623]LogPlayLevel: Creating play world package: /Game/Maps/UEDPIE_0_Level1
[2016.05.27-04.32.34:791][623]LogPlayLevel: PIE: StaticDuplicateObject took: (0.048382s)
[2016.05.27-04.32.34:791][623]LogAIModule: Creating AISystem for world Level1
[2016.05.27-04.32.34:792][623]LogPlayLevel: PIE: World Init took: (0.000763s)
[2016.05.27-04.32.34:792][623]LogPlayLevel: PIE: Created PIE world by copying editor world from /Game/Maps/Level1.Level1 to /Game/Maps/UEDPIE_0_Level1.Level1 (0.049405s)
[2016.05.27-04.32.34:817][623]LogInit: XAudio2 using 'Speakers (Realtek High Definition Audio)' : 2 channels at 48 kHz using 32 bits per sample (channel mask 0x3)
[2016.05.27-04.32.34:827][623]LogInit: FAudioDevice initialized.
[2016.05.27-04.32.34:859][623]LogWorld: Game class is 'ShooterGameMode_C'
[2016.05.27-04.32.34:885][623]LogWorld: Bringing World /Game/Maps/UEDPIE_0_Level1.Level1 up for play (max tick rate 0) at 2016.05.26-21.32.34
[2016.05.27-04.32.34:896][623]LogWorld: Bringing up level for play took: 0.036522
[2016.05.27-04.32.34:905][623]PIE: Info Play in editor start time for /Game/Maps/UEDPIE_0_Level1 0.723
[2016.05.27-04.32.34:905][623]LogBlueprintUserMessages: Late PlayInEditor Detection: Level '/Game/Maps/Level1.Level1:PersistentLevel' has LevelScriptBlueprint '/Game/Maps/Level1.Level1:PersistentLevel.Level1' with GeneratedClass '/Game/Maps/Level1.Level1_C' with ClassGeneratedBy '/Game/Maps/Level1.Level1:PersistentLevel.Level1'
[2016.05.27-04.32.41:616][348]LogBlueprintUserMessages: Early EndPlayMap Detection: Level '/Game/Maps/Level1.Level1:PersistentLevel' has LevelScriptBlueprint '/Game/Maps/Level1.Level1:PersistentLevel.Level1' with GeneratedClass '/Game/Maps/Level1.Level1_C' with ClassGeneratedBy '/Game/Maps/Level1.Level1:PersistentLevel.Level1'
[2016.05.27-04.32.41:665][348]LogBlueprintUserMessages: Late EndPlayMap Detection: Level '/Game/Maps/Level1.Level1:PersistentLevel' has LevelScriptBlueprint '/Game/Maps/Level1.Level1:PersistentLevel.Level1' with GeneratedClass '/Game/Maps/Level1.Level1_C' with ClassGeneratedBy '/Game/Maps/Level1.Level1:PersistentLevel.Level1'
[2016.05.27-04.33.06:709][ 42]Cmd: OBJ SAVEPACKAGE PACKAGE="/Game/Maps/Level1" FILE="D:/Git/RiggingShooter/GameJamRigging/Saved/Autosaves/Game/Maps/Level1_Auto4.umap" SILENT=true AUTOSAVING=true KEEPDIRTY=false
[2016.05.27-04.33.07:192][ 42]LogSavePackage: Save=466.98ms
[2016.05.27-04.33.07:192][ 42]LogSavePackage: Moving 'D:/Git/RiggingShooter/GameJamRigging/Saved/Level1_Auto4145C5841436606A736D18998F76F61B1.tmp' to 'D:/Git/RiggingShooter/GameJamRigging/Saved/Autosaves/Game/Maps/Level1_Auto4.umap'
[2016.05.27-04.33.07:194][ 42]LogSavePackage: Total save time: 484.62ms
[2016.05.27-04.33.07:194][ 42]LogSavePackage:Display: Finished SavePackage D:/Git/RiggingShooter/GameJamRigging/Saved/Autosaves/Game/Maps/Level1_Auto4.umap
[2016.05.27-04.33.07:195][ 42]LogFileHelpers: Editor autosave (incl. sublevels) for '/Game/Maps/Level1' took 0.505
[2016.05.27-04.33.07:195][ 42]LogFileHelpers: Editor autosave (incl. sublevels) for all levels took 0.505
[2016.05.27-04.33.59:989][403]LogEditorViewport: Clicking Background
[2016.05.27-04.43.07:357][768]LogActorComponent: UnregisterComponent: (/Engine/Transient.CharMoveComp) Not registered. Aborting.
[2016.05.27-04.43.07:357][768]LogActorComponent: UnregisterComponent: (/Engine/Transient.CharacterMovementComponent_10) Not registered. Aborting.
[2016.05.27-04.43.07:357][768]LogActorComponent: UnregisterComponent: (/Engine/Transient.CharacterMovementComponent_11) Not registered. Aborting.
[2016.05.27-04.43.07:382][768]Cmd: OBJ SAVEPACKAGE PACKAGE="/Game/Maps/Level1" FILE="D:/Git/RiggingShooter/GameJamRigging/Saved/Autosaves/Game/Maps/Level1_Auto5.umap" SILENT=true AUTOSAVING=true KEEPDIRTY=false
[2016.05.27-04.43.07:861][768]LogSavePackage: Save=461.85ms
[2016.05.27-04.43.07:861][768]LogSavePackage: Moving 'D:/Git/RiggingShooter/GameJamRigging/Saved/Level1_Auto5B35A90854270B205088F35B8DFB066F8.tmp' to 'D:/Git/RiggingShooter/GameJamRigging/Saved/Autosaves/Game/Maps/Level1_Auto5.umap'
[2016.05.27-04.43.07:862][768]LogSavePackage: Total save time: 479.31ms
[2016.05.27-04.43.07:862][768]LogSavePackage:Display: Finished SavePackage D:/Git/RiggingShooter/GameJamRigging/Saved/Autosaves/Game/Maps/Level1_Auto5.umap
[2016.05.27-04.43.07:863][768]LogFileHelpers: Editor autosave (incl. sublevels) for '/Game/Maps/Level1' took 0.506
[2016.05.27-04.43.07:863][768]LogFileHelpers: Editor autosave (incl. sublevels) for all levels took 0.506
[2016.05.27-04.44.21:146][340]LogEditorViewport: Clicking Background
[2016.05.27-04.44.22:692][523]LogEditorViewport: Clicking on Actor (LMB): TextRenderActor (TextRenderActor4)
[2016.05.27-04.52.52:338][405]LogBlueprintUserMessages: Early PlayInEditor Detection: Level '/Game/Maps/Level1.Level1:PersistentLevel' has LevelScriptBlueprint '/Game/Maps/Level1.Level1:PersistentLevel.Level1' with GeneratedClass '/Game/Maps/Level1.Level1_C' with ClassGeneratedBy '/Game/Maps/Level1.Level1:PersistentLevel.Level1'
[2016.05.27-04.52.52:338][405]LogPlayLevel: PlayLevel: No blueprints needed recompiling
[2016.05.27-04.52.52:338][405]PIE: New page: PIE session: Level1 (May 26, 2016, 1:52:52 PM)
[2016.05.27-04.52.52:338][405]LogPlayLevel: Creating play world package: /Game/Maps/UEDPIE_0_Level1
[2016.05.27-04.52.52:383][405]LogPlayLevel: PIE: StaticDuplicateObject took: (0.045324s)
[2016.05.27-04.52.52:384][405]LogAIModule: Creating AISystem for world Level1
[2016.05.27-04.52.52:384][405]LogPlayLevel: PIE: World Init took: (0.000694s)
[2016.05.27-04.52.52:384][405]LogPlayLevel: PIE: Created PIE world by copying editor world from /Game/Maps/Level1.Level1 to /Game/Maps/UEDPIE_0_Level1.Level1 (0.046305s)
[2016.05.27-04.52.52:384][405]LogActorComponent: UnregisterComponent: (/Engine/Transient.CharMoveComp) Not registered. Aborting.
[2016.05.27-04.52.52:384][405]LogActorComponent: UnregisterComponent: (/Engine/Transient.CharacterMovementComponent_12) Not registered. Aborting.
[2016.05.27-04.52.52:384][405]LogActorComponent: UnregisterComponent: (/Engine/Transient.CharacterMovementComponent_13) Not registered. Aborting.
[2016.05.27-04.52.52:414][405]LogInit: XAudio2 using 'Speakers (Realtek High Definition Audio)' : 2 channels at 48 kHz using 32 bits per sample (channel mask 0x3)
[2016.05.27-04.52.52:422][405]LogInit: FAudioDevice initialized.
[2016.05.27-04.52.52:455][405]LogWorld: Game class is 'ShooterGameMode_C'
[2016.05.27-04.52.52:481][405]LogWorld: Bringing World /Game/Maps/UEDPIE_0_Level1.Level1 up for play (max tick rate 0) at 2016.05.26-21.52.52
[2016.05.27-04.52.52:493][405]LogWorld: Bringing up level for play took: 0.036482
[2016.05.27-04.52.52:500][405]PIE: Info Play in editor start time for /Game/Maps/UEDPIE_0_Level1 0.319
[2016.05.27-04.52.52:501][405]LogBlueprintUserMessages: Late PlayInEditor Detection: Level '/Game/Maps/Level1.Level1:PersistentLevel' has LevelScriptBlueprint '/Game/Maps/Level1.Level1:PersistentLevel.Level1' with GeneratedClass '/Game/Maps/Level1.Level1_C' with ClassGeneratedBy '/Game/Maps/Level1.Level1:PersistentLevel.Level1'
[2016.05.27-04.52.58:189][ 36]LogBlueprintUserMessages: Early EndPlayMap Detection: Level '/Game/Maps/Level1.Level1:PersistentLevel' has LevelScriptBlueprint '/Game/Maps/Level1.Level1:PersistentLevel.Level1' with GeneratedClass '/Game/Maps/Level1.Level1_C' with ClassGeneratedBy '/Game/Maps/Level1.Level1:PersistentLevel.Level1'
[2016.05.27-04.52.58:237][ 36]LogBlueprintUserMessages: Late EndPlayMap Detection: Level '/Game/Maps/Level1.Level1:PersistentLevel' has LevelScriptBlueprint '/Game/Maps/Level1.Level1:PersistentLevel.Level1' with GeneratedClass '/Game/Maps/Level1.Level1_C' with ClassGeneratedBy '/Game/Maps/Level1.Level1:PersistentLevel.Level1'
[2016.05.27-04.53.27:783][321]Cmd: OBJ SAVEPACKAGE PACKAGE="/Game/Maps/Level1" FILE="D:/Git/RiggingShooter/GameJamRigging/Saved/Autosaves/Game/Maps/Level1_Auto6.umap" SILENT=true AUTOSAVING=true KEEPDIRTY=false
[2016.05.27-04.53.28:252][321]LogSavePackage: Save=451.73ms
[2016.05.27-04.53.28:252][321]LogSavePackage: Moving 'D:/Git/RiggingShooter/GameJamRigging/Saved/Level1_Auto62BB48EEC4CFAC87C0D842494A0E3ACA0.tmp' to 'D:/Git/RiggingShooter/GameJamRigging/Saved/Autosaves/Game/Maps/Level1_Auto6.umap'
[2016.05.27-04.53.28:253][321]LogSavePackage: Total save time: 468.84ms
[2016.05.27-04.53.28:253][321]LogSavePackage:Display: Finished SavePackage D:/Git/RiggingShooter/GameJamRigging/Saved/Autosaves/Game/Maps/Level1_Auto6.umap
[2016.05.27-04.53.28:254][321]LogFileHelpers: Editor autosave (incl. sublevels) for '/Game/Maps/Level1' took 0.489
[2016.05.27-04.53.28:254][321]LogFileHelpers: Editor autosave (incl. sublevels) for all levels took 0.489
[2016.05.27-04.55.12:443][853]LogEditorViewport: Clicking on Actor (LMB): Enemy_Basic_RapidFire_C (Enemy_Basic_RapidFire)
[2016.05.27-04.55.29:783][260]Cmd: DELETE
[2016.05.27-04.55.29:783][260]Cmd: ACTOR DELETE
[2016.05.27-04.55.29:785][260]LogEditorActor: Deleted Actor: Enemy_Basic_RapidFire_C
[2016.05.27-04.55.29:807][260]LogEditorActor: Deleted 1 Actors (0.023 secs)
[2016.05.27-04.55.30:510][327]LogEditorViewport: Clicking on Actor (LMB): Enemy_Basic_RapidFire_C (Enemy_Basic_RapidFire4)
[2016.05.27-04.55.30:943][357]Cmd: DELETE
[2016.05.27-04.55.30:943][357]Cmd: ACTOR DELETE
[2016.05.27-04.55.30:945][357]LogEditorActor: Deleted Actor: Enemy_Basic_RapidFire_C
[2016.05.27-04.55.30:958][357]LogEditorActor: Deleted 1 Actors (0.014 secs)
[2016.05.27-04.55.31:737][449]LogEditorViewport: Clicking on Actor (LMB): Enemy_Basic_RapidFire_C (Enemy_Basic_RapidFire2)
[2016.05.27-04.55.31:903][456]Cmd: DELETE
[2016.05.27-04.55.31:903][456]Cmd: ACTOR DELETE
[2016.05.27-04.55.31:905][456]LogEditorActor: Deleted Actor: Enemy_Basic_RapidFire_C
[2016.05.27-04.55.31:921][456]LogEditorActor: Deleted 1 Actors (0.018 secs)
[2016.05.27-04.55.33:041][589]LogEditorViewport: Clicking on Actor (LMB): Enemy_Basic_RapidFire_C (Enemy_Basic_RapidFire3)
[2016.05.27-04.55.41:519][290]LogEditorViewport: Clicking on Actor (LMB): Enemy_Basic_C (Enemy_Basic26)
[2016.05.27-05.00.25:807][ 24]Cmd: OBJ SAVEPACKAGE PACKAGE="/Game/Maps/Level1" FILE="D:/Git/RiggingShooter/GameJamRigging/Content/Maps/Level1.umap" SILENT=true AUTOSAVING=false KEEPDIRTY=false
[2016.05.27-05.00.26:328][ 24]LogSavePackage: Save=488.70ms
[2016.05.27-05.00.26:328][ 24]LogSavePackage: Moving 'D:/Git/RiggingShooter/GameJamRigging/Saved/Level18D533AB544A736B6C5A64581CD1A644C.tmp' to 'D:/Git/RiggingShooter/GameJamRigging/Content/Maps/Level1.umap'
[2016.05.27-05.00.26:329][ 24]LogSavePackage: Total save time: 508.89ms
[2016.05.27-05.00.26:329][ 24]LogSavePackage:Display: Finished SavePackage D:/Git/RiggingShooter/GameJamRigging/Content/Maps/Level1.umap
[2016.05.27-05.00.26:375][ 24]LogFileHelpers: Saving map 'Level1' took 0.616
[2016.05.27-05.00.27:769][109]Cmd: QUIT_EDITOR
[2016.05.27-05.00.28:084][109]LogWindowsTextInputMethodSystem:Display: IME system now deactivated.
[2016.05.27-05.00.28:119][109]LogExit: Preparing to exit.
[2016.05.27-05.00.29:301][109]LogExit: Editor shut down
[2016.05.27-05.00.29:301][109]LogExit: Transaction tracking system shut down
[2016.05.27-05.00.29:428][109]LogObj: Freed 0b from 0 cluster array pools.
[2016.05.27-05.00.29:428][109]LogExit: Object subsystem successfully closed.
[2016.05.27-05.00.29:446][109]LogD3D11RHI: Shutdown
[2016.05.27-05.00.29:446][109]LogD3D11RHI: CleanupD3DDevice
[2016.05.27-05.00.29:516][109]LogD3D11RHI: ~FD3D11DynamicRHI
[2016.05.27-05.00.29:610][109]LogDerivedDataCache: Shutdown
[2016.05.27-05.00.29:610][109]LogModuleManager: Shutting down and abandoning module MovieSceneCapture (206)
[2016.05.27-05.00.29:611][109]LogModuleManager: Shutting down and abandoning module HierarchicalLODOutliner (205)
[2016.05.27-05.00.29:611][109]LogModuleManager: Shutting down and abandoning module CrashTracker (204)
[2016.05.27-05.00.29:611][109]LogModuleManager: Shutting down and abandoning module SceneOutliner (203)
[2016.05.27-05.00.29:611][109]LogModuleManager: Shutting down and abandoning module WorldBrowser (202)
[2016.05.27-05.00.29:611][109]LogModuleManager: Shutting down and abandoning module SuperSearch (201)
[2016.05.27-05.00.29:611][109]LogModuleManager: Shutting down and abandoning module WidgetCarousel (200)
[2016.05.27-05.00.29:611][109]LogModuleManager: Shutting down and abandoning module AddContentDialog (199)
[2016.05.27-05.00.29:612][109]LogModuleManager: Shutting down and abandoning module GameplayTags (198)
[2016.05.27-05.00.29:612][109]LogModuleManager: Shutting down and abandoning module EditorWidgets (197)
[2016.05.27-05.00.29:612][109]LogModuleManager: Shutting down and abandoning module CollectionManager (196)
[2016.05.27-05.00.29:612][109]LogModuleManager: Shutting down and abandoning module StatsViewer (195)
[2016.05.27-05.00.29:612][109]LogModuleManager: Shutting down and abandoning module FoliageEdit (194)
[2016.05.27-05.00.29:612][109]LogModuleManager: Shutting down and abandoning module LandscapeEditor (193)
[2016.05.27-05.00.29:612][109]LogModuleManager: Shutting down and abandoning module ActorPickerMode (192)
[2016.05.27-05.00.29:612][109]LogModuleManager: Shutting down and abandoning module GeometryMode (191)
[2016.05.27-05.00.29:612][109]LogModuleManager: Shutting down and abandoning module TextureAlignMode (190)
[2016.05.27-05.00.29:612][109]LogModuleManager: Shutting down and abandoning module BspMode (189)
[2016.05.27-05.00.29:612][109]LogModuleManager: Shutting down and abandoning module PlacementMode (188)
[2016.05.27-05.00.29:612][109]LogModuleManager: Shutting down and abandoning module AutomationWorker (187)
[2016.05.27-05.00.29:612][109]LogModuleManager: Shutting down and abandoning module CharacterAI (186)
[2016.05.27-05.00.29:612][109]LogModuleManager: Shutting down and abandoning module SmartSnapping (185)
[2016.05.27-05.00.29:612][109]LogModuleManager: Shutting down and abandoning module ViewportSnapping (184)
[2016.05.27-05.00.29:612][109]LogModuleManager: Shutting down and abandoning module LogVisualizer (183)
[2016.05.27-05.00.29:612][109]LogModuleManager: Shutting down and abandoning module GameProjectGeneration (182)
[2016.05.27-05.00.29:612][109]LogModuleManager: Shutting down and abandoning module IntroTutorials (181)
[2016.05.27-05.00.29:612][109]LogModuleManager: Shutting down and abandoning module EditorLiveStreaming (180)
[2016.05.27-05.00.29:612][109]LogModuleManager: Shutting down and abandoning module IOSPlatformEditor (179)
[2016.05.27-05.00.29:612][109]LogModuleManager: Shutting down and abandoning module HTML5PlatformEditor (178)
[2016.05.27-05.00.29:612][109]LogModuleManager: Shutting down and abandoning module AndroidDeviceDetection (177)
[2016.05.27-05.00.29:944][109]LogModuleManager: Shutting down and abandoning module AndroidPlatformEditor (176)
[2016.05.27-05.00.29:944][109]LogModuleManager: Shutting down and abandoning module IOSRuntimeSettings (175)
[2016.05.27-05.00.29:944][109]LogModuleManager: Shutting down and abandoning module AndroidRuntimeSettings (174)
[2016.05.27-05.00.29:944][109]LogModuleManager: Shutting down and abandoning module MergeActors (173)
[2016.05.27-05.00.29:944][109]LogModuleManager: Shutting down and abandoning module SizeMap (172)
[2016.05.27-05.00.29:944][109]LogModuleManager: Shutting down and abandoning module TreeMap (171)
[2016.05.27-05.00.29:944][109]LogModuleManager: Shutting down and abandoning module ReferenceViewer (170)
[2016.05.27-05.00.29:944][109]LogModuleManager: Shutting down and abandoning module LocalizationService (169)
[2016.05.27-05.00.29:944][109]LogModuleManager: Shutting down and abandoning module LocalizationDashboard (168)
[2016.05.27-05.00.29:944][109]LogModuleManager: Shutting down and abandoning module HardwareTargeting (167)
[2016.05.27-05.00.29:944][109]LogModuleManager: Shutting down and abandoning module DeviceProfileEditor (166)
[2016.05.27-05.00.29:944][109]LogModuleManager: Shutting down and abandoning module UndoHistory (165)
[2016.05.27-05.00.29:944][109]LogModuleManager: Shutting down and abandoning module UserFeedback (164)
[2016.05.27-05.00.29:944][109]LogModuleManager: Shutting down and abandoning module XmlParser (163)
[2016.05.27-05.00.29:944][109]LogModuleManager: Shutting down and abandoning module Blutility (162)
[2016.05.27-05.00.29:944][109]LogModuleManager: Shutting down and abandoning module ProjectTargetPlatformEditor (161)
[2016.05.27-05.00.29:944][109]LogModuleManager: Shutting down and abandoning module ProjectSettingsViewer (160)
[2016.05.27-05.00.29:944][109]LogModuleManager: Shutting down and abandoning module InputBindingEditor (159)
[2016.05.27-05.00.29:944][109]LogModuleManager: Shutting down and abandoning module EditorSettingsViewer (158)
[2016.05.27-05.00.29:944][109]LogModuleManager: Shutting down and abandoning module SettingsEditor (157)
[2016.05.27-05.00.29:944][109]LogModuleManager: Shutting down and abandoning module ProjectLauncher (156)
[2016.05.27-05.00.29:944][109]LogModuleManager: Shutting down and abandoning module SessionFrontend (155)
[2016.05.27-05.00.29:944][109]LogModuleManager: Shutting down and abandoning module ProfilerClient (154)
[2016.05.27-05.00.29:944][109]LogModuleManager: Shutting down and abandoning module TargetDeviceServices (153)
[2016.05.27-05.00.29:944][109]LogModuleManager: Shutting down and abandoning module DeviceManager (152)
[2016.05.27-05.00.29:976][109]LogModuleManager: Shutting down and abandoning module AutomationController (151)
[2016.05.27-05.00.29:976][109]LogModuleManager: Shutting down and abandoning module AutomationWindow (150)
[2016.05.27-05.00.29:976][109]LogModuleManager: Shutting down and abandoning module Layers (149)
[2016.05.27-05.00.29:976][109]LogModuleManager: Shutting down and abandoning module ComponentVisualizers (148)
[2016.05.27-05.00.29:976][109]LogModuleManager: Shutting down and abandoning module DetailCustomizations (147)
[2016.05.27-05.00.29:976][109]LogModuleManager: Shutting down and abandoning module PackagesDialog (146)
[2016.05.27-05.00.29:976][109]LogModuleManager: Shutting down and abandoning module Persona (145)
[2016.05.27-05.00.29:977][109]LogModuleManager: Shutting down and abandoning module Kismet (144)
[2016.05.27-05.00.29:977][109]LogModuleManager: Shutting down and abandoning module GraphEditor (143)
[2016.05.27-05.00.29:977][109]LogModuleManager: Shutting down and abandoning module ClassViewer (142)
[2016.05.27-05.00.29:977][109]LogModuleManager: Shutting down and abandoning module Toolbox (141)
[2016.05.27-05.00.29:977][109]LogModuleManager: Shutting down and abandoning module ModuleUI (140)
[2016.05.27-05.00.29:977][109]LogModuleManager: Shutting down and abandoning module MovieSceneTools (139)
[2016.05.27-05.00.29:977][109]LogModuleManager: Shutting down and abandoning module OutputLog (138)
[2016.05.27-05.00.29:977][109]LogModuleManager: Shutting down and abandoning module GammaUI (137)
[2016.05.27-05.00.29:977][109]LogModuleManager: Shutting down and abandoning module Documentation (136)
[2016.05.27-05.00.29:977][109]LogModuleManager: Shutting down and abandoning module StreamingPauseRendering (135)
[2016.05.27-05.00.29:977][109]LogModuleManager: Shutting down and abandoning module AnalyticsET (134)
[2016.05.27-05.00.29:977][109]LogModuleManager: Shutting down and abandoning module Analytics (133)
[2016.05.27-05.00.29:977][109]LogModuleManager: Shutting down and abandoning module PortalServices (132)
[2016.05.27-05.00.29:977][109]LogModuleManager: Shutting down and abandoning module PortalRpc (131)
[2016.05.27-05.00.29:977][109]LogModuleManager: Shutting down and abandoning module MessagingRpc (130)
[2016.05.27-05.00.29:977][109]LogModuleManager: Shutting down and abandoning module AITestSuite (129)
[2016.05.27-05.00.29:977][109]LogModuleManager: Shutting down and abandoning module GameplayDebugger (128)
[2016.05.27-05.00.29:977][109]LogModuleManager: Shutting down and abandoning module AIModule (127)
[2016.05.27-05.00.29:977][109]LogModuleManager: Shutting down and abandoning module ProfilerService (126)
[2016.05.27-05.00.30:056][109]LogModuleManager: Shutting down and abandoning module TaskGraph (125)
[2016.05.27-05.00.30:056][109]LogModuleManager: Shutting down and abandoning module SlateRemote (124)
[2016.05.27-05.00.30:056][109]LogModuleManager: Shutting down and abandoning module SteamVRController (123)
[2016.05.27-05.00.30:056][109]LogModuleManager: Shutting down and abandoning module SteamVR (122)
[2016.05.27-05.00.30:056][109]LogModuleManager: Shutting down and abandoning module ProceduralMeshComponent (121)
[2016.05.27-05.00.30:056][109]LogModuleManager: Shutting down and abandoning module OculusLibrary (120)
[2016.05.27-05.00.30:056][109]LogModuleManager: Shutting down and abandoning module OculusInput (119)
[2016.05.27-05.00.30:056][109]LogModuleManager: Shutting down and abandoning module CustomMeshComponent (118)
[2016.05.27-05.00.30:056][109]LogModuleManager: Shutting down and abandoning module CableComponent (117)
[2016.05.27-05.00.30:056][109]LogModuleManager: Shutting down and abandoning module ArchVisCharacter (116)
[2016.05.27-05.00.30:056][109]LogModuleManager: Shutting down and abandoning module MediaPlayerEditor (115)
[2016.05.27-05.00.30:056][109]LogModuleManager: Shutting down and abandoning module HTML5Networking (114)
[2016.05.27-05.00.30:056][109]LogModuleManager: Shutting down and abandoning module SpeedTreeImporter (113)
[2016.05.27-05.00.30:056][109]LogModuleManager: Shutting down and abandoning module PluginBrowser (112)
[2016.05.27-05.00.30:056][109]LogModuleManager: Shutting down and abandoning module EpicSurvey (111)
[2016.05.27-05.00.30:056][109]LogModuleManager: Shutting down and abandoning module DesktopPlatform (110)
[2016.05.27-05.00.30:056][109]LogModuleManager: Shutting down and abandoning module VisualStudioSourceCodeAccess (109)
[2016.05.27-05.00.30:056][109]LogModuleManager: Shutting down and abandoning module UObjectPlugin (108)
[2016.05.27-05.00.30:056][109]LogModuleManager: Shutting down and abandoning module SubversionSourceControl (107)
[2016.05.27-05.00.30:056][109]LogModuleManager: Shutting down and abandoning module PerforceSourceControl (106)
[2016.05.27-05.00.30:056][109]LogModuleManager: Shutting down and abandoning module SourceControl (105)
[2016.05.27-05.00.30:056][109]LogModuleManager: Shutting down and abandoning module GitSourceControl (104)
[2016.05.27-05.00.30:056][109]LogModuleManager: Shutting down and abandoning module LightPropagationVolumeEditor (103)
[2016.05.27-05.00.30:056][109]LogModuleManager: Shutting down and abandoning module PaperTiledImporter (102)
[2016.05.27-05.00.30:056][109]LogModuleManager: Shutting down and abandoning module PaperSpriteSheetImporter (101)
[2016.05.27-05.00.30:056][109]LogModuleManager: Shutting down and abandoning module MeshPaint (100)
[2016.05.27-05.00.30:057][109]LogModuleManager: Shutting down and abandoning module HotReload (99)
[2016.05.27-05.00.30:057][109]LogModuleManager: Shutting down and abandoning module MainFrame (98)
[2016.05.27-05.00.30:057][109]LogModuleManager: Shutting down and abandoning module LevelEditor (97)
[2016.05.27-05.00.30:058][109]LogModuleManager: Shutting down and abandoning module DirectoryWatcher (96)
[2016.05.27-05.00.30:059][109]LogModuleManager: Shutting down and abandoning module AssetRegistry (95)
[2016.05.27-05.00.30:172][109]LogModuleManager: Shutting down and abandoning module ContentBrowser (94)
[2016.05.27-05.00.30:173][109]LogModuleManager: Shutting down and abandoning module Paper2DEditor (93)
[2016.05.27-05.00.30:173][109]LogModuleManager: Shutting down and abandoning module UdpMessaging (92)
[2016.05.27-05.00.30:273][109]LogModuleManager: Shutting down and abandoning module LightPropagationVolumeRuntime (91)
[2016.05.27-05.00.30:273][109]LogModuleManager: Shutting down and abandoning module Paper2D (90)
[2016.05.27-05.00.30:273][109]LogModuleManager: Shutting down and abandoning module WindowsMoviePlayer (89)
[2016.05.27-05.00.30:273][109]LogModuleManager: Shutting down and abandoning module Media (88)
[2016.05.27-05.00.30:273][109]LogModuleManager: Shutting down and abandoning module WmfMedia (87)
[2016.05.27-05.00.30:273][109]LogModuleManager: Shutting down and abandoning module MediaAssets (86)
[2016.05.27-05.00.30:273][109]LogModuleManager: Shutting down and abandoning module GameLiveStreaming (85)
[2016.05.27-05.00.30:274][109]LogModuleManager: Shutting down and abandoning module GameplayTagsEditor (84)
[2016.05.27-05.00.30:274][109]LogModuleManager: Shutting down and abandoning module OnlineBlueprintSupport (83)
[2016.05.27-05.00.30:274][109]LogModuleManager: Shutting down and abandoning module GameplayTasksEditor (82)
[2016.05.27-05.00.30:274][109]LogModuleManager: Shutting down and abandoning module PropertyEditor (81)
[2016.05.27-05.00.30:274][109]LogModuleManager: Shutting down and abandoning module BehaviorTreeEditor (80)
[2016.05.27-05.00.30:274][109]LogModuleManager: Shutting down and abandoning module FunctionalTesting (79)
[2016.05.27-05.00.30:274][109]LogModuleManager: Shutting down and abandoning module CollisionAnalyzer (78)
[2016.05.27-05.00.30:274][109]LogModuleManager: Shutting down and abandoning module WorkspaceMenuStructure (77)
[2016.05.27-05.00.30:274][109]LogModuleManager: Shutting down and abandoning module MessageLog (76)
[2016.05.27-05.00.30:274][109]LogModuleManager: Shutting down and abandoning module Sequencer (75)
[2016.05.27-05.00.30:274][109]LogModuleManager: Shutting down and abandoning module AssetTools (74)
[2016.05.27-05.00.30:274][109]LogModuleManager: Shutting down and abandoning module UMGEditor (73)
[2016.05.27-05.00.30:274][109]LogModuleManager: Shutting down and abandoning module UMG (72)
[2016.05.27-05.00.30:274][109]LogModuleManager: Shutting down and abandoning module SlateReflector (71)
[2016.05.27-05.00.30:274][109]LogModuleManager: Shutting down and abandoning module Slate (70)
[2016.05.27-05.00.30:274][109]LogModuleManager: Shutting down and abandoning module EditorStyle (69)
[2016.05.27-05.00.30:276][109]LogModuleManager: Shutting down and abandoning module SessionServices (68)
[2016.05.27-05.00.30:276][109]LogModuleManager: Shutting down and abandoning module SourceCodeAccess (67)
[2016.05.27-05.00.30:276][109]LogModuleManager: Shutting down and abandoning module HeadMountedDisplay (66)
[2016.05.27-05.00.30:276][109]LogModuleManager: Shutting down and abandoning module XAudio2 (65)
[2016.05.27-05.00.30:276][109]LogModuleManager: Shutting down and abandoning module Networking (63)
[2016.05.27-05.00.30:276][109]LogModuleManager: Shutting down and abandoning module Core (62)
[2016.05.27-05.00.30:276][109]LogModuleManager: Shutting down and abandoning module KismetCompiler (61)
[2016.05.27-05.00.30:276][109]LogModuleManager: Shutting down and abandoning module PhysXFormats (60)
[2016.05.27-05.00.30:276][109]LogModuleManager: Shutting down and abandoning module MeshUtilities (59)
[2016.05.27-05.00.30:276][109]LogModuleManager: Shutting down and abandoning module CookingStats (58)
[2016.05.27-05.00.30:278][109]LogModuleManager: Shutting down and abandoning module DerivedDataCache (57)
[2016.05.27-05.00.30:278][109]LogDerivedDataCache: Shutdown
[2016.05.27-05.00.30:278][109]LogModuleManager: Shutting down and abandoning module ShaderFormatOpenGL (56)
[2016.05.27-05.00.30:278][109]LogModuleManager: Shutting down and abandoning module ShaderFormatD3D (55)
[2016.05.27-05.00.30:278][109]LogModuleManager: Shutting down and abandoning module MetalShaderFormat (54)
[2016.05.27-05.00.30:278][109]LogModuleManager: Shutting down and abandoning module TextureFormatUncompressed (53)
[2016.05.27-05.00.30:278][109]LogModuleManager: Shutting down and abandoning module TextureFormatPVR (52)
[2016.05.27-05.00.30:278][109]LogModuleManager: Shutting down and abandoning module TextureFormatIntelISPCTexComp (51)
[2016.05.27-05.00.30:279][109]LogModuleManager: Shutting down and abandoning module TextureFormatDXT (50)
[2016.05.27-05.00.30:279][109]LogModuleManager: Shutting down and abandoning module ImageWrapper (49)
[2016.05.27-05.00.30:279][109]LogModuleManager: Shutting down and abandoning module TextureFormatASTC (48)
[2016.05.27-05.00.30:279][109]LogModuleManager: Shutting down and abandoning module TextureFormatAndroid (47)
[2016.05.27-05.00.30:279][109]LogModuleManager: Shutting down and abandoning module AudioFormatOpus (46)
[2016.05.27-05.00.30:279][109]LogModuleManager: Shutting down and abandoning module AudioFormatOgg (45)
[2016.05.27-05.00.30:279][109]LogModuleManager: Shutting down and abandoning module AudioFormatADPCM (44)
[2016.05.27-05.00.30:279][109]LogModuleManager: Shutting down and abandoning module LinuxTargetPlatform (43)
[2016.05.27-05.00.30:279][109]LogModuleManager: Shutting down and abandoning module LinuxServerTargetPlatform (42)
[2016.05.27-05.00.30:279][109]LogModuleManager: Shutting down and abandoning module LinuxNoEditorTargetPlatform (41)
[2016.05.27-05.00.30:279][109]LogModuleManager: Shutting down and abandoning module TVOSTargetPlatform (40)
[2016.05.27-05.00.30:279][109]LogModuleManager: Shutting down and abandoning module Messaging (39)
[2016.05.27-05.00.30:279][109]LogModuleManager: Shutting down and abandoning module IOSTargetPlatform (38)
[2016.05.27-05.00.30:279][109]LogModuleManager: Shutting down and abandoning module HTML5TargetPlatform (37)
[2016.05.27-05.00.30:279][109]LogModuleManager: Shutting down and abandoning module Android_PVRTCTargetPlatform (36)
[2016.05.27-05.00.30:279][109]LogModuleManager: Shutting down and abandoning module Android_MultiTargetPlatform (35)
[2016.05.27-05.00.30:279][109]LogModuleManager: Shutting down and abandoning module Android_ETC2TargetPlatform (34)
[2016.05.27-05.00.30:279][109]LogModuleManager: Shutting down and abandoning module Android_ETC1TargetPlatform (33)
[2016.05.27-05.00.30:279][109]LogModuleManager: Shutting down and abandoning module Android_DXTTargetPlatform (32)
[2016.05.27-05.00.30:279][109]LogModuleManager: Shutting down and abandoning module Android_ATCTargetPlatform (31)
[2016.05.27-05.00.30:279][109]LogModuleManager: Shutting down and abandoning module Android_ASTCTargetPlatform (30)
[2016.05.27-05.00.30:279][109]LogModuleManager: Shutting down and abandoning module AndroidTargetPlatform (29)
[2016.05.27-05.00.30:279][109]LogModuleManager: Shutting down and abandoning module WindowsTargetPlatform (28)
[2016.05.27-05.00.30:279][109]LogModuleManager: Shutting down and abandoning module WindowsServerTargetPlatform (27)
[2016.05.27-05.00.30:279][109]LogModuleManager: Shutting down and abandoning module WindowsNoEditorTargetPlatform (26)
[2016.05.27-05.00.30:279][109]LogModuleManager: Shutting down and abandoning module WindowsClientTargetPlatform (25)
[2016.05.27-05.00.30:279][109]LogModuleManager: Shutting down and abandoning module AllDesktopTargetPlatform (24)
[2016.05.27-05.00.30:279][109]LogModuleManager: Shutting down and abandoning module TargetPlatform (23)
[2016.05.27-05.00.30:279][109]LogModuleManager: Shutting down and abandoning module InputCore (22)
[2016.05.27-05.00.30:279][109]LogModuleManager: Shutting down and abandoning module Settings (21)
[2016.05.27-05.00.30:279][109]LogModuleManager: Shutting down and abandoning module OnlineSubsystem (19)
[2016.05.27-05.00.30:279][109]LogModuleManager: Shutting down and abandoning module HTTP (18)
[2016.05.27-05.00.32:282][109]LogModuleManager: Shutting down and abandoning module XMPP (17)
[2016.05.27-05.00.32:282][109]LogModuleManager: Shutting down and abandoning module OculusRift (16)
[2016.05.27-05.00.32:282][109]LogModuleManager: Shutting down and abandoning module ExampleDeviceProfileSelector (15)
[2016.05.27-05.00.32:282][109]LogModuleManager: Shutting down and abandoning module TextureCompressor (14)
[2016.05.27-05.00.32:282][109]LogModuleManager: Shutting down and abandoning module ShaderCore (13)
[2016.05.27-05.00.32:282][109]LogModuleManager: Shutting down and abandoning module Landscape (12)
[2016.05.27-05.00.32:282][109]LogModuleManager: Shutting down and abandoning module SlateRHIRenderer (11)
[2016.05.27-05.00.32:283][109]LogModuleManager: Shutting down and abandoning module OpenGLDrv (10)
[2016.05.27-05.00.32:283][109]LogModuleManager: Shutting down and abandoning module D3D11RHI (9)
[2016.05.27-05.00.32:283][109]LogModuleManager: Shutting down and abandoning module AnimGraphRuntime (8)
[2016.05.27-05.00.32:283][109]LogModuleManager: Shutting down and abandoning module Renderer (7)
[2016.05.27-05.00.32:283][109]LogModuleManager: Shutting down and abandoning module Engine (6)
[2016.05.27-05.00.32:283][109]LogModuleManager: Shutting down and abandoning module CoreUObject (5)
[2016.05.27-05.00.32:283][109]LogModuleManager: Shutting down and abandoning module NetworkFile (4)
[2016.05.27-05.00.32:283][109]LogModuleManager: Shutting down and abandoning module StreamingFile (3)
[2016.05.27-05.00.32:283][109]LogModuleManager: Shutting down and abandoning module SandboxFile (2)
[2016.05.27-05.00.32:283][109]LogModuleManager: Shutting down and abandoning module PakFile (1)
[2016.05.27-05.00.32:284][109]LogExit: Exiting.
[2016.05.27-05.00.32:285][109]Log file closed, 05/26/16 22:00:32
