Log file open, 05/26/16 00:06:33
LogInit:Display: Running engine for game: GameJamRigging
LogPlatformFile: Not using cached read wrapper
LogInit:Display: RandInit(-1137579741) SRandInit(-1137579740).
LogTaskGraph: Started task graph with 4 named threads and 7 total threads.
LogStats: Stats thread started at 0.069175
LogInit: Version: 4.11.2-2946394+++UE4+Release-4.11
LogInit: API Version: 2927265
LogInit: Compiled (64-bit): Apr 18 2016 02:18:46
LogInit: Compiled with Visual C++: 19.00.23026.00
LogInit: Build Configuration: Development
LogInit: Branch Name: ++UE4+Release-4.11
LogInit: Command line:  
LogInit: Base directory: C:/Program Files (x86)/Epic Games/4.11/Engine/Binaries/Win64/
LogInit: Installed Engine Build: 1
LogInit: Using libcurl 7.41.0
LogInit:  - built for x86_64-pc-win32
LogInit:  - supports SSL with WinSSL
LogInit:  - other features:
LogInit:      CURL_VERSION_SSL
LogInit:      CURL_VERSION_IPV6
LogInit:      CURL_VERSION_ASYNCHDNS
LogInit:      CURL_VERSION_LARGEFILE
LogInit:      CURL_VERSION_IDN
LogInit:  CurlRequestOptions (configurable via config and command line):
LogInit:  - bVerifyPeer = true  - Libcurl will verify peer certificate
LogInit:  - bUseHttpProxy = false  - Libcurl will NOT use HTTP proxy
LogInit:  - bDontReuseConnections = false  - Libcurl will reuse connections
LogInit:  - CertBundlePath = nullptr  - Libcurl will use whatever was configured at build time.
LogInit: Presizing for max 16777216 objects, including 0 objects not considered by GC, pre-allocating 0 bytes for permanent pool.
LogInit: Object subsystem initialized
[2016.05.26-07.06.33:908][  0]LogInit: Selected Device Profile: [Windows]
[2016.05.26-07.06.33:908][  0]LogInit: Applying CVar settings loaded from the selected device profile: [Windows]
[2016.05.26-07.06.33:919][  0]LogInit: Computer: DUMPRING
[2016.05.26-07.06.33:919][  0]LogInit: User: theco000
[2016.05.26-07.06.33:919][  0]LogInit: CPU Page size=65536, Cores=4
[2016.05.26-07.06.33:919][  0]LogInit: High frequency timer resolution =3.615387 MHz
[2016.05.26-07.06.33:919][  0]LogMemory: Memory total: Physical=15.9GB (16GB approx)
[2016.05.26-07.06.33:919][  0]LogMemory: Platform Memory Stats for Windows
[2016.05.26-07.06.33:919][  0]LogMemory: Process Physical Memory: 314.45 MB used, 314.45 MB peak
[2016.05.26-07.06.33:919][  0]LogMemory: Process Virtual Memory: 314.98 MB used, 314.98 MB peak
[2016.05.26-07.06.33:919][  0]LogMemory: Physical Memory: 5560.80 MB used, 16326.09 MB total
[2016.05.26-07.06.33:919][  0]LogMemory: Virtual Memory: 639.07 MB used, 134217728.00 MB total
[2016.05.26-07.06.33:969][  0]LogTextLocalizationManager: No specific translations for ('en-US') exist, so ('en') translations will be used.
[2016.05.26-07.06.34:361][  0]LogD3D11RHI: D3D11 adapters:
[2016.05.26-07.06.34:381][  0]LogD3D11RHI:    0. 'NVIDIA GeForce GTX 780' (Feature Level 11_0)
[2016.05.26-07.06.34:381][  0]LogD3D11RHI:       3013MB of dedicated video memory, 0MB of dedicated system memory, and 8163MB of shared system memory, 2 output[s]
[2016.05.26-07.06.34:382][  0]LogD3D11RHI:    1. 'Microsoft Basic Render Driver' (Feature Level 11_0)
[2016.05.26-07.06.34:382][  0]LogD3D11RHI:       0MB of dedicated video memory, 0MB of dedicated system memory, and 8163MB of shared system memory, 0 output[s]
[2016.05.26-07.06.34:382][  0]LogD3D11RHI: Chosen D3D11 Adapter: 0
[2016.05.26-07.06.34:386][  0]LogD3D11RHI: Creating new Direct3DDevice
[2016.05.26-07.06.34:386][  0]LogD3D11RHI:     Adapter Name: NVIDIA GeForce GTX 780
[2016.05.26-07.06.34:386][  0]LogD3D11RHI:   Driver Version: 10.18.13.6510 (internal 10.18.13.6510)
[2016.05.26-07.06.34:386][  0]LogD3D11RHI:      Driver Date: 4-27-2016
[2016.05.26-07.06.34:386][  0]LogRHI: Texture pool is 1361 MB (70% of 1945 MB)
[2016.05.26-07.06.34:398][  0]LogD3D11RHI: Async texture creation enabled
[2016.05.26-07.06.34:408][  0]LogShaderCompilers: Guid format shader working directory is 13 characters bigger than the processId version (D:/Git/RiggingShooter/GameJamRigging/Intermediate/Shaders/WorkingDirectory/6164/).
[2016.05.26-07.06.34:408][  0]LogShaderCompilers: Cleaned the shader compiler working directory 'C:/Users/THECO_~1/AppData/Local/Temp/UnrealShaderWorkingDir/1A8B9AB54D5BE5262C52FD97AE5D0ED7/'.
[2016.05.26-07.06.34:408][  0]LogShaderCompilers:Display: Using Local Shader Compiler.
[2016.05.26-07.06.35:354][  0]LogTemp:Display: Loaded TP AllDesktopTargetPlatform
[2016.05.26-07.06.35:363][  0]LogTemp:Display: Loaded TP WindowsClientTargetPlatform
[2016.05.26-07.06.35:370][  0]LogTemp:Display: Loaded TP WindowsNoEditorTargetPlatform
[2016.05.26-07.06.35:374][  0]LogTemp:Display: Loaded TP WindowsServerTargetPlatform
[2016.05.26-07.06.35:377][  0]LogTemp:Display: Loaded TP WindowsTargetPlatform
[2016.05.26-07.06.35:380][  0]LogTemp:Display: Loaded TP AndroidTargetPlatform
[2016.05.26-07.06.35:384][  0]LogTemp:Display: Loaded TP Android_ASTCTargetPlatform
[2016.05.26-07.06.35:390][  0]LogTemp:Display: Loaded TP Android_ATCTargetPlatform
[2016.05.26-07.06.35:394][  0]LogTemp:Display: Loaded TP Android_DXTTargetPlatform
[2016.05.26-07.06.35:397][  0]LogTemp:Display: Loaded TP Android_ETC1TargetPlatform
[2016.05.26-07.06.35:399][  0]LogTemp:Display: Loaded TP Android_ETC2TargetPlatform
[2016.05.26-07.06.35:405][  0]LogTemp:Display: Loaded TP Android_MultiTargetPlatform
[2016.05.26-07.06.35:405][  0]LogTemp:Display: Loaded TP Android_PVRTCTargetPlatform
[2016.05.26-07.06.35:406][  0]LogTemp:Display: Loaded TP HTML5TargetPlatform
[2016.05.26-07.06.35:422][  0]LogTemp:Display: Loaded TP IOSTargetPlatform
[2016.05.26-07.06.35:424][  0]LogTemp:Display: Loaded TP TVOSTargetPlatform
[2016.05.26-07.06.35:427][  0]LogTemp:Display: Loaded TP LinuxNoEditorTargetPlatform
[2016.05.26-07.06.35:430][  0]LogTemp:Display: Loaded TP LinuxServerTargetPlatform
[2016.05.26-07.06.35:432][  0]LogTemp:Display: Loaded TP LinuxTargetPlatform
[2016.05.26-07.06.35:432][  0]LogTargetPlatformManager:Display: Building Assets For Windows
[2016.05.26-07.06.35:506][  0]LogDerivedDataCache:Display: Max Cache Size: 512 MB
[2016.05.26-07.06.35:558][  0]LogDerivedDataCache: Loaded boot cache 0.05s 46MB C:/Users/theco_000/AppData/Local/UnrealEngine/4.11/DerivedDataCache/Boot.ddc.
[2016.05.26-07.06.35:558][  0]LogDerivedDataCache:Display: Loaded Boot cache: C:/Users/theco_000/AppData/Local/UnrealEngine/4.11/DerivedDataCache/Boot.ddc
[2016.05.26-07.06.35:558][  0]LogDerivedDataCache: FDerivedDataBackendGraph:  Pak pak cache file D:/Git/RiggingShooter/GameJamRigging/DerivedDataCache/DDC.ddp not found, will not use a pak cache.
[2016.05.26-07.06.35:558][  0]LogDerivedDataCache: Unable to find inner node Pak for hierarchical cache Hierarchy.
[2016.05.26-07.06.35:558][  0]LogDerivedDataCache: FDerivedDataBackendGraph:  CompressedPak pak cache file D:/Git/RiggingShooter/GameJamRigging/DerivedDataCache/Compressed.ddp not found, will not use a pak cache.
[2016.05.26-07.06.35:558][  0]LogDerivedDataCache: Unable to find inner node CompressedPak for hierarchical cache Hierarchy.
[2016.05.26-07.06.35:571][  0]LogDerivedDataCache:Display: Pak cache opened for reading ../../../Engine/DerivedDataCache/Compressed.ddp.
[2016.05.26-07.06.35:583][  0]LogDerivedDataCache: Using Local data cache path C:/Users/theco_000/AppData/Local/UnrealEngine/Common/DerivedDataCache: Writable
[2016.05.26-07.06.35:787][  0]LogInit: Selected Device Profile: [Windows]
[2016.05.26-07.06.35:788][  0]LogContentStreaming: Texture pool size is 0.00 MB
[2016.05.26-07.06.35:823][  0]LogMaterial: Uniform references updated for custom material expression Custom.
[2016.05.26-07.06.35:943][  0]LogMeshUtilities: No automatic mesh reduction module available
[2016.05.26-07.06.35:943][  0]LogMeshUtilities: No automatic mesh merging module available
[2016.05.26-07.06.35:943][  0]LogMeshUtilities: No distributed automatic mesh merging module available
[2016.05.26-07.06.36:159][  0]LogUObjectArray: 27679 objects as part of root set at end of initial load.
[2016.05.26-07.06.36:159][  0]LogUObjectAllocator: 5591592 out of 0 bytes used by permanent object pool.
[2016.05.26-07.06.36:159][  0]LogUObjectArray: CloseDisregardForGC: 0/0 objects in disregard for GC pool
[2016.05.26-07.06.36:164][  0]LogInit: WinSock: version 1.1 (2.2), MaxSocks=32767, MaxUdp=65467
[2016.05.26-07.06.36:247][  0]LogSlate: SlateFontCache - WITH_FREETYPE: 1, WITH_HARFBUZZ: 1
[2016.05.26-07.06.36:247][  0]LogSlate: SlateFontCache - WITH_FREETYPE: 1, WITH_HARFBUZZ: 1
[2016.05.26-07.06.36:328][  0]LogStreaming:Warning: Failed to read file '../../../Engine/Content/Editor/Slate/Common/Selection_16x.png' error.
[2016.05.26-07.06.36:328][  0]LogSlate: Could not find file for Slate resource: ../../../Engine/Content/Editor/Slate/Common/Selection_16x.png
[2016.05.26-07.06.36:329][  0]LogStreaming:Warning: Failed to read file '../../../Engine/Content/Editor/Slate/Common/Selection_16x.png' error.
[2016.05.26-07.06.36:329][  0]LogSlate: Could not find file for Slate resource: ../../../Engine/Content/Editor/Slate/Common/Selection_16x.png
[2016.05.26-07.06.36:329][  0]LogStreaming:Warning: Failed to read file '../../../Engine/Content/Editor/Slate/Common/Selection_16x.png' error.
[2016.05.26-07.06.36:329][  0]LogSlate: Could not find file for Slate resource: ../../../Engine/Content/Editor/Slate/Common/Selection_16x.png
[2016.05.26-07.06.36:866][  0]LogUdpMessaging: Initializing bridge on interface 0.0.0.0:0 to multicast group 230.0.0.1:6666.
[2016.05.26-07.06.36:965][  0]LogAssetRegistry: FAssetRegistry took 0.0218 seconds to start up
[2016.05.26-07.06.37:096][  0]SourceControl: Info Source control is disabled
[2016.05.26-07.06.37:097][  0]SourceControl: Info Source control is disabled
[2016.05.26-07.06.37:104][  0]SourceControl: Info Source control is disabled
[2016.05.26-07.06.37:110][  0]SourceControl: Info Source control is disabled
[2016.05.26-07.06.37:202][  0]LogHMD: Failed to initialize OpenVR with code 110
[2016.05.26-07.06.37:266][  0]LogEngine: Initializing Engine...
[2016.05.26-07.06.37:410][  0]LogAIModule: Creating AISystem for world NewWorld
[2016.05.26-07.06.37:419][  0]LogInit: XAudio2 using 'Speakers (Realtek High Definition Audio)' : 2 channels at 48 kHz using 32 bits per sample (channel mask 0x3)
[2016.05.26-07.06.37:439][  0]LogInit: FAudioDevice initialized.
[2016.05.26-07.06.37:459][  0]LogDerivedDataCache: Saved boot cache 0.02s 46MB C:/Users/theco_000/AppData/Local/UnrealEngine/4.11/DerivedDataCache/Boot.ddc.
[2016.05.26-07.06.37:462][  0]LogInit: Texture streaming: Enabled
[2016.05.26-07.06.37:480][  0]LogInit: Transaction tracking system initialized
[2016.05.26-07.06.37:497][  0]BlueprintLog: New page: Editor Load
[2016.05.26-07.06.37:551][  0]LocalizationService: Info Localization service is disabled
[2016.05.26-07.06.37:610][  0]LogConsoleResponse:Display: 
[2016.05.26-07.06.37:702][  0]LogCook:Display: Max memory allowance for cook 8192mb
[2016.05.26-07.06.37:702][  0]LogCook:Display: Mobile HDR setting 1
[2016.05.26-07.06.37:702][  0]LogCook:Display: Done creating registry. It took  0.00s.
[2016.05.26-07.06.37:741][  0]LogFileCache: Scanning file cache for directory 'D:/Git/RiggingShooter/GameJamRigging/Content/' took 0.02s
[2016.05.26-07.06.37:741][  0]SourceControl: Info Source control is disabled
[2016.05.26-07.06.37:741][  0]Cmd: MAP LOAD FILE="D:/Git/RiggingShooter/GameJamRigging/Content/Maps/ChrisTest.umap" TEMPLATE=0 SHOWPROGRESS=1 FEATURELEVEL=3
[2016.05.26-07.06.37:741][  0]LightingResults: New page: Lighting Build
[2016.05.26-07.06.37:744][  0]MapCheck: New page: Map Check
[2016.05.26-07.06.37:744][  0]LightingResults: New page: Lighting Build
[2016.05.26-07.06.38:898][  0]LogAIModule: Creating AISystem for world ChrisTest
[2016.05.26-07.06.38:905][  0]LogEditorServer: Finished looking for orphan Actors (0.000 secs)
[2016.05.26-07.06.38:906][  0]Cmd: MAP CHECKDEP NOCLEARLOG
[2016.05.26-07.06.38:950][  0]MapCheck: Info Map check complete: 0 Error(s), 0 Warning(s), took 44.105ms to complete.
[2016.05.26-07.06.38:950][  0]LogFileHelpers: Loading map 'ChrisTest' took 1.209
[2016.05.26-07.06.39:078][  0]LogCollectionManager: Loaded 0 collections in 0.001239 seconds
[2016.05.26-07.06.39:119][  0]LogFileCache: Scanning file cache for directory 'D:/Git/RiggingShooter/GameJamRigging/Saved/Collections/' took 0.01s
[2016.05.26-07.06.39:119][  0]LogFileCache: Scanning file cache for directory 'D:/Git/RiggingShooter/GameJamRigging/Content/Developers/theco000/Collections/' took 0.01s
[2016.05.26-07.06.39:119][  0]LogFileCache: Scanning file cache for directory 'D:/Git/RiggingShooter/GameJamRigging/Content/Collections/' took 0.01s
[2016.05.26-07.06.39:119][  0]LogCollectionManager: Rebuilt the GUID cache for 0 collections in 0.000003 seconds
[2016.05.26-07.06.39:126][  0]LogContentBrowser: Native class hierarchy populated in 0.0067 seconds. Added 1979 classes and 343 folders.
[2016.05.26-07.06.39:129][  0]LogStats: UGameplayTagsManager::ConstructGameplayTagTree: Construct from data asset -  0.000 s
[2016.05.26-07.06.39:129][  0]LogStats: UGameplayTagsManager::ConstructGameplayTagTree: GameplayTagTreeChangedEvent.Broadcast -  0.000 s
[2016.05.26-07.06.39:130][  0]LogContentBrowser: Native class hierarchy updated for 'GameplayTags' in 0.0004 seconds. Added 12 classes and 0 folders.
[2016.05.26-07.06.39:133][  0]LogContentBrowser: Native class hierarchy updated for 'WidgetCarousel' in 0.0002 seconds. Added 0 classes and 0 folders.
[2016.05.26-07.06.39:137][  0]LogContentBrowser: Native class hierarchy updated for 'SuperSearch' in 0.0003 seconds. Added 1 classes and 2 folders.
[2016.05.26-07.06.39:169][  0]LogContentBrowser: Native class hierarchy updated for 'AddContentDialog' in 0.0003 seconds. Added 0 classes and 0 folders.
[2016.05.26-07.06.39:174][  0]LogContentBrowser: Native class hierarchy updated for 'WorldBrowser' in 0.0003 seconds. Added 1 classes and 3 folders.
[2016.05.26-07.06.39:178][  0]LogContentBrowser: Native class hierarchy updated for 'SceneOutliner' in 0.0003 seconds. Added 1 classes and 2 folders.
[2016.05.26-07.06.39:233][  0]LogCrashTracker: Crashtracker disabled due to settings.
[2016.05.26-07.06.39:237][  0]LogUObjectGlobals:Warning: Failed to find object 'Class None.'
[2016.05.26-07.06.39:263][  0]LogContentBrowser: Native class hierarchy updated for 'HierarchicalLODOutliner' in 0.0003 seconds. Added 1 classes and 2 folders.
[2016.05.26-07.06.39:263][  0]LogLoad: Full Startup: 6.03 seconds (BP compile: 0.36 seconds)
[2016.05.26-07.06.39:263][  0]LogExternalProfiler: Found external profiler: VSPerf
[2016.05.26-07.06.39:263][  0]LogExternalProfiler: Using external profiler: VSPerf
[2016.05.26-07.06.39:272][  0]LogOcInput: OculusInput pre-init called
[2016.05.26-07.06.39:312][  0]LogContentStreaming: Texture pool size now 1000 MB
[2016.05.26-07.06.39:449][  0]LogRenderer: Reallocating scene render targets to support 1596x808 (Frame:2).
[2016.05.26-07.06.39:529][  1]LogAssetRegistry: Asset discovery search completed in 2.5855 seconds
[2016.05.26-07.06.39:529][  1]LogCollectionManager: Rebuilt the object cache for 0 collections in 0.000001 seconds (found 0 objects)
[2016.05.26-07.06.39:529][  1]LogCollectionManager: Fixed up redirectors for 0 collections in 0.000022 seconds (updated 0 objects)
[2016.05.26-07.06.54:153][624]LogContentBrowser: Native class hierarchy updated for 'BlueprintGraph' in 0.0007 seconds. Added 108 classes and 0 folders.
[2016.05.26-07.08.10:631][380]LogActorComponent: UnregisterComponent: (/Engine/Transient.ProjectileMovementComponent_40__A6522401) Not registered. Aborting.
[2016.05.26-07.08.10:632][380]LogActorComponent: UnregisterComponent: (/Engine/Transient.CharMoveComp) Not registered. Aborting.
[2016.05.26-07.08.10:632][380]LogActorComponent: UnregisterComponent: (/Engine/Transient.CharacterMovementComponent_0) Not registered. Aborting.
[2016.05.26-07.08.13:480][629]LogActorComponent: UnregisterComponent: (/Engine/Transient.CharacterMovementComponent_1) Not registered. Aborting.
[2016.05.26-07.08.18:162][ 38]LogActorComponent: UnregisterComponent: (/Engine/Transient.CharacterMovementComponent_2) Not registered. Aborting.
[2016.05.26-07.08.20:509][244]LogActorComponent: UnregisterComponent: (/Engine/Transient.CharacterMovementComponent_3) Not registered. Aborting.
[2016.05.26-07.08.20:638][244]Cmd: OBJ SAVEPACKAGE PACKAGE="/Game/Enemies/BasicEnemy/Enemy_Basic" FILE="D:/Git/RiggingShooter/GameJamRigging/Content/Enemies/BasicEnemy/Enemy_Basic.uasset" SILENT=true
[2016.05.26-07.08.20:824][244]LogSavePackage: Save=161.49ms
[2016.05.26-07.08.20:824][244]LogSavePackage: Moving 'D:/Git/RiggingShooter/GameJamRigging/Saved/Enemy_Basic4FEE759F4CFF527EAF460D9166B6F6CB.tmp' to 'D:/Git/RiggingShooter/GameJamRigging/Content/Enemies/BasicEnemy/Enemy_Basic.uasset'
[2016.05.26-07.08.20:826][244]LogSavePackage: Total save time: 187.66ms
[2016.05.26-07.08.20:826][244]LogSavePackage:Display: Finished SavePackage D:/Git/RiggingShooter/GameJamRigging/Content/Enemies/BasicEnemy/Enemy_Basic.uasset
[2016.05.26-07.08.22:495][386]BlueprintLog: New page: Compile Enemy_Basic
[2016.05.26-07.08.22:560][386]LogActorComponent: UnregisterComponent: (/Engine/Transient.CharMoveComp) Not registered. Aborting.
[2016.05.26-07.08.22:639][386]BlueprintEditorCompileResults: Info [0109.41] Compile of Enemy_Basic successful! [in 144 ms]
[2016.05.26-07.09.07:055][149]LogBlueprintUserMessages: Early PlayInEditor Detection: Level '/Game/Maps/ChrisTest.ChrisTest:PersistentLevel' has LevelScriptBlueprint '/Game/Maps/ChrisTest.ChrisTest:PersistentLevel.ChrisTest' with GeneratedClass '/Game/Maps/ChrisTest.ChrisTest_C' with ClassGeneratedBy '/Game/Maps/ChrisTest.ChrisTest:PersistentLevel.ChrisTest'
[2016.05.26-07.09.07:055][149]LogPlayLevel: PlayLevel: No blueprints needed recompiling
[2016.05.26-07.09.07:056][149]PIE: New page: PIE session: ChrisTest (May 25, 2016, 4:09:07 PM)
[2016.05.26-07.09.07:057][149]LogPlayLevel: Creating play world package: /Game/Maps/UEDPIE_0_ChrisTest
[2016.05.26-07.09.07:066][149]LogPlayLevel: PIE: StaticDuplicateObject took: (0.009890s)
[2016.05.26-07.09.07:067][149]LogAIModule: Creating AISystem for world ChrisTest
[2016.05.26-07.09.07:067][149]LogPlayLevel: PIE: World Init took: (0.000534s)
[2016.05.26-07.09.07:067][149]LogPlayLevel: PIE: Created PIE world by copying editor world from /Game/Maps/ChrisTest.ChrisTest to /Game/Maps/UEDPIE_0_ChrisTest.ChrisTest (0.010622s)
[2016.05.26-07.09.07:067][149]LogActorComponent: UnregisterComponent: (/Engine/Transient.CharMoveComp) Not registered. Aborting.
[2016.05.26-07.09.07:067][149]LogActorComponent: UnregisterComponent: (/Engine/Transient.CharacterMovementComponent_4) Not registered. Aborting.
[2016.05.26-07.09.07:067][149]LogActorComponent: UnregisterComponent: (/Engine/Transient.ProjectileMovementComponent_40__A6522401) Not registered. Aborting.
[2016.05.26-07.09.07:067][149]LogActorComponent: UnregisterComponent: (/Engine/Transient.CharacterMovementComponent_5) Not registered. Aborting.
[2016.05.26-07.09.07:091][149]LogInit: XAudio2 using 'Speakers (Realtek High Definition Audio)' : 2 channels at 48 kHz using 32 bits per sample (channel mask 0x3)
[2016.05.26-07.09.07:100][149]LogInit: FAudioDevice initialized.
[2016.05.26-07.09.07:164][149]LogWorld: Game class is 'ShooterGameMode_C'
[2016.05.26-07.09.07:167][149]LogWorld: Bringing World /Game/Maps/UEDPIE_0_ChrisTest.ChrisTest up for play (max tick rate 0) at 2016.05.26-00.09.07
[2016.05.26-07.09.07:169][149]LogWorld: Bringing up level for play took: 0.003742
[2016.05.26-07.09.07:172][149]LogContentBrowser: Native class hierarchy updated for 'MovieSceneCapture' in 0.0004 seconds. Added 9 classes and 0 folders.
[2016.05.26-07.09.07:185][149]PIE: Info Play in editor start time for /Game/Maps/UEDPIE_0_ChrisTest 0.003
[2016.05.26-07.09.07:185][149]LogBlueprintUserMessages: Late PlayInEditor Detection: Level '/Game/Maps/ChrisTest.ChrisTest:PersistentLevel' has LevelScriptBlueprint '/Game/Maps/ChrisTest.ChrisTest:PersistentLevel.ChrisTest' with GeneratedClass '/Game/Maps/ChrisTest.ChrisTest_C' with ClassGeneratedBy '/Game/Maps/ChrisTest.ChrisTest:PersistentLevel.ChrisTest'
[2016.05.26-07.09.12:518][644]LogBlueprintUserMessages: Early EndPlayMap Detection: Level '/Game/Maps/ChrisTest.ChrisTest:PersistentLevel' has LevelScriptBlueprint '/Game/Maps/ChrisTest.ChrisTest:PersistentLevel.ChrisTest' with GeneratedClass '/Game/Maps/ChrisTest.ChrisTest_C' with ClassGeneratedBy '/Game/Maps/ChrisTest.ChrisTest:PersistentLevel.ChrisTest'
[2016.05.26-07.09.12:577][644]LogBlueprintUserMessages: Late EndPlayMap Detection: Level '/Game/Maps/ChrisTest.ChrisTest:PersistentLevel' has LevelScriptBlueprint '/Game/Maps/ChrisTest.ChrisTest:PersistentLevel.ChrisTest' with GeneratedClass '/Game/Maps/ChrisTest.ChrisTest_C' with ClassGeneratedBy '/Game/Maps/ChrisTest.ChrisTest:PersistentLevel.ChrisTest'
[2016.05.26-07.09.13:608][724]LogBlueprintUserMessages: Early PlayInEditor Detection: Level '/Game/Maps/ChrisTest.ChrisTest:PersistentLevel' has LevelScriptBlueprint '/Game/Maps/ChrisTest.ChrisTest:PersistentLevel.ChrisTest' with GeneratedClass '/Game/Maps/ChrisTest.ChrisTest_C' with ClassGeneratedBy '/Game/Maps/ChrisTest.ChrisTest:PersistentLevel.ChrisTest'
[2016.05.26-07.09.13:608][724]LogPlayLevel: PlayLevel: No blueprints needed recompiling
[2016.05.26-07.09.13:608][724]PIE: New page: PIE session: ChrisTest (May 25, 2016, 4:09:13 PM)
[2016.05.26-07.09.13:608][724]LogPlayLevel: Creating play world package: /Game/Maps/UEDPIE_0_ChrisTest
[2016.05.26-07.09.13:619][724]LogPlayLevel: PIE: StaticDuplicateObject took: (0.009937s)
[2016.05.26-07.09.13:619][724]LogAIModule: Creating AISystem for world ChrisTest
[2016.05.26-07.09.13:619][724]LogPlayLevel: PIE: World Init took: (0.000550s)
[2016.05.26-07.09.13:619][724]LogPlayLevel: PIE: Created PIE world by copying editor world from /Game/Maps/ChrisTest.ChrisTest to /Game/Maps/UEDPIE_0_ChrisTest.ChrisTest (0.010669s)
[2016.05.26-07.09.13:641][724]LogInit: XAudio2 using 'Speakers (Realtek High Definition Audio)' : 2 channels at 48 kHz using 32 bits per sample (channel mask 0x3)
[2016.05.26-07.09.13:650][724]LogInit: FAudioDevice initialized.
[2016.05.26-07.09.13:699][724]LogWorld: Game class is 'ShooterGameMode_C'
[2016.05.26-07.09.13:702][724]LogWorld: Bringing World /Game/Maps/UEDPIE_0_ChrisTest.ChrisTest up for play (max tick rate 0) at 2016.05.26-00.09.13
[2016.05.26-07.09.13:703][724]LogWorld: Bringing up level for play took: 0.003545
[2016.05.26-07.09.13:715][724]PIE: Info Play in editor start time for /Game/Maps/UEDPIE_0_ChrisTest 0.533
[2016.05.26-07.09.13:715][724]LogBlueprintUserMessages: Late PlayInEditor Detection: Level '/Game/Maps/ChrisTest.ChrisTest:PersistentLevel' has LevelScriptBlueprint '/Game/Maps/ChrisTest.ChrisTest:PersistentLevel.ChrisTest' with GeneratedClass '/Game/Maps/ChrisTest.ChrisTest_C' with ClassGeneratedBy '/Game/Maps/ChrisTest.ChrisTest:PersistentLevel.ChrisTest'
[2016.05.26-07.09.17:911][118]LogBlueprintUserMessages: Early EndPlayMap Detection: Level '/Game/Maps/ChrisTest.ChrisTest:PersistentLevel' has LevelScriptBlueprint '/Game/Maps/ChrisTest.ChrisTest:PersistentLevel.ChrisTest' with GeneratedClass '/Game/Maps/ChrisTest.ChrisTest_C' with ClassGeneratedBy '/Game/Maps/ChrisTest.ChrisTest:PersistentLevel.ChrisTest'
[2016.05.26-07.09.17:968][118]LogBlueprintUserMessages: Late EndPlayMap Detection: Level '/Game/Maps/ChrisTest.ChrisTest:PersistentLevel' has LevelScriptBlueprint '/Game/Maps/ChrisTest.ChrisTest:PersistentLevel.ChrisTest' with GeneratedClass '/Game/Maps/ChrisTest.ChrisTest_C' with ClassGeneratedBy '/Game/Maps/ChrisTest.ChrisTest:PersistentLevel.ChrisTest'
[2016.05.26-07.09.24:911][704]LogBlueprintUserMessages: Early PlayInEditor Detection: Level '/Game/Maps/ChrisTest.ChrisTest:PersistentLevel' has LevelScriptBlueprint '/Game/Maps/ChrisTest.ChrisTest:PersistentLevel.ChrisTest' with GeneratedClass '/Game/Maps/ChrisTest.ChrisTest_C' with ClassGeneratedBy '/Game/Maps/ChrisTest.ChrisTest:PersistentLevel.ChrisTest'
[2016.05.26-07.09.24:911][704]LogPlayLevel: PlayLevel: No blueprints needed recompiling
[2016.05.26-07.09.24:911][704]PIE: New page: PIE session: ChrisTest (May 25, 2016, 4:09:24 PM)
[2016.05.26-07.09.24:911][704]LogPlayLevel: Creating play world package: /Game/Maps/UEDPIE_0_ChrisTest
[2016.05.26-07.09.24:921][704]LogPlayLevel: PIE: StaticDuplicateObject took: (0.009917s)
[2016.05.26-07.09.24:922][704]LogAIModule: Creating AISystem for world ChrisTest
[2016.05.26-07.09.24:922][704]LogPlayLevel: PIE: World Init took: (0.000528s)
[2016.05.26-07.09.24:922][704]LogPlayLevel: PIE: Created PIE world by copying editor world from /Game/Maps/ChrisTest.ChrisTest to /Game/Maps/UEDPIE_0_ChrisTest.ChrisTest (0.010638s)
[2016.05.26-07.09.24:945][704]LogInit: XAudio2 using 'Speakers (Realtek High Definition Audio)' : 2 channels at 48 kHz using 32 bits per sample (channel mask 0x3)
[2016.05.26-07.09.24:953][704]LogInit: FAudioDevice initialized.
[2016.05.26-07.09.24:999][704]LogWorld: Game class is 'ShooterGameMode_C'
[2016.05.26-07.09.25:002][704]LogWorld: Bringing World /Game/Maps/UEDPIE_0_ChrisTest.ChrisTest up for play (max tick rate 0) at 2016.05.26-00.09.25
[2016.05.26-07.09.25:003][704]LogWorld: Bringing up level for play took: 0.003484
[2016.05.26-07.09.25:015][704]PIE: Info Play in editor start time for /Game/Maps/UEDPIE_0_ChrisTest -0.167
[2016.05.26-07.09.25:015][704]LogBlueprintUserMessages: Late PlayInEditor Detection: Level '/Game/Maps/ChrisTest.ChrisTest:PersistentLevel' has LevelScriptBlueprint '/Game/Maps/ChrisTest.ChrisTest:PersistentLevel.ChrisTest' with GeneratedClass '/Game/Maps/ChrisTest.ChrisTest_C' with ClassGeneratedBy '/Game/Maps/ChrisTest.ChrisTest:PersistentLevel.ChrisTest'
[2016.05.26-07.09.26:699][857]Cmd: OBJ SAVEPACKAGE PACKAGE="/Game/Maps/ChrisTest" FILE="D:/Git/RiggingShooter/GameJamRigging/Content/Maps/ChrisTest.umap" SILENT=true AUTOSAVING=false KEEPDIRTY=false
[2016.05.26-07.09.26:879][857]LogSavePackage: Save=146.58ms
[2016.05.26-07.09.26:879][857]LogSavePackage: Moving 'D:/Git/RiggingShooter/GameJamRigging/Saved/ChrisTest1BA12DD448FF40F83B087C8F8B793B9F.tmp' to 'D:/Git/RiggingShooter/GameJamRigging/Content/Maps/ChrisTest.umap'
[2016.05.26-07.09.26:880][857]LogSavePackage: Total save time: 163.61ms
[2016.05.26-07.09.26:880][857]LogSavePackage:Display: Finished SavePackage D:/Git/RiggingShooter/GameJamRigging/Content/Maps/ChrisTest.umap
[2016.05.26-07.09.26:910][857]LogFileHelpers: Saving map 'ChrisTest' took 0.263
[2016.05.26-07.09.40:257][104]LogBlueprintUserMessages: Early EndPlayMap Detection: Level '/Game/Maps/ChrisTest.ChrisTest:PersistentLevel' has LevelScriptBlueprint '/Game/Maps/ChrisTest.ChrisTest:PersistentLevel.ChrisTest' with GeneratedClass '/Game/Maps/ChrisTest.ChrisTest_C' with ClassGeneratedBy '/Game/Maps/ChrisTest.ChrisTest:PersistentLevel.ChrisTest'
[2016.05.26-07.09.40:318][104]LogBlueprintUserMessages: Late EndPlayMap Detection: Level '/Game/Maps/ChrisTest.ChrisTest:PersistentLevel' has LevelScriptBlueprint '/Game/Maps/ChrisTest.ChrisTest:PersistentLevel.ChrisTest' with GeneratedClass '/Game/Maps/ChrisTest.ChrisTest_C' with ClassGeneratedBy '/Game/Maps/ChrisTest.ChrisTest:PersistentLevel.ChrisTest'
[2016.05.26-07.09.47:619][704]LogBlueprintUserMessages: Early PlayInEditor Detection: Level '/Game/Maps/ChrisTest.ChrisTest:PersistentLevel' has LevelScriptBlueprint '/Game/Maps/ChrisTest.ChrisTest:PersistentLevel.ChrisTest' with GeneratedClass '/Game/Maps/ChrisTest.ChrisTest_C' with ClassGeneratedBy '/Game/Maps/ChrisTest.ChrisTest:PersistentLevel.ChrisTest'
[2016.05.26-07.09.47:619][704]LogPlayLevel: PlayLevel: No blueprints needed recompiling
[2016.05.26-07.09.47:620][704]PIE: New page: PIE session: ChrisTest (May 25, 2016, 4:09:47 PM)
[2016.05.26-07.09.47:620][704]LogPlayLevel: Creating play world package: /Game/Maps/UEDPIE_0_ChrisTest
[2016.05.26-07.09.47:629][704]LogPlayLevel: PIE: StaticDuplicateObject took: (0.009722s)
[2016.05.26-07.09.47:630][704]LogAIModule: Creating AISystem for world ChrisTest
[2016.05.26-07.09.47:630][704]LogPlayLevel: PIE: World Init took: (0.000551s)
[2016.05.26-07.09.47:630][704]LogPlayLevel: PIE: Created PIE world by copying editor world from /Game/Maps/ChrisTest.ChrisTest to /Game/Maps/UEDPIE_0_ChrisTest.ChrisTest (0.010460s)
[2016.05.26-07.09.47:652][704]LogInit: XAudio2 using 'Speakers (Realtek High Definition Audio)' : 2 channels at 48 kHz using 32 bits per sample (channel mask 0x3)
[2016.05.26-07.09.47:659][704]LogInit: FAudioDevice initialized.
[2016.05.26-07.09.47:705][704]LogWorld: Game class is 'ShooterGameMode_C'
[2016.05.26-07.09.47:711][704]LogWorld: Bringing World /Game/Maps/UEDPIE_0_ChrisTest.ChrisTest up for play (max tick rate 0) at 2016.05.26-00.09.47
[2016.05.26-07.09.47:713][704]LogWorld: Bringing up level for play took: 0.006910
[2016.05.26-07.09.47:732][704]PIE: Info Play in editor start time for /Game/Maps/UEDPIE_0_ChrisTest 0.55
[2016.05.26-07.09.47:732][704]LogBlueprintUserMessages: Late PlayInEditor Detection: Level '/Game/Maps/ChrisTest.ChrisTest:PersistentLevel' has LevelScriptBlueprint '/Game/Maps/ChrisTest.ChrisTest:PersistentLevel.ChrisTest' with GeneratedClass '/Game/Maps/ChrisTest.ChrisTest_C' with ClassGeneratedBy '/Game/Maps/ChrisTest.ChrisTest:PersistentLevel.ChrisTest'
[2016.05.26-07.09.59:985][842]LogBlueprintUserMessages: Early EndPlayMap Detection: Level '/Game/Maps/ChrisTest.ChrisTest:PersistentLevel' has LevelScriptBlueprint '/Game/Maps/ChrisTest.ChrisTest:PersistentLevel.ChrisTest' with GeneratedClass '/Game/Maps/ChrisTest.ChrisTest_C' with ClassGeneratedBy '/Game/Maps/ChrisTest.ChrisTest:PersistentLevel.ChrisTest'
[2016.05.26-07.10.00:048][842]LogBlueprintUserMessages: Late EndPlayMap Detection: Level '/Game/Maps/ChrisTest.ChrisTest:PersistentLevel' has LevelScriptBlueprint '/Game/Maps/ChrisTest.ChrisTest:PersistentLevel.ChrisTest' with GeneratedClass '/Game/Maps/ChrisTest.ChrisTest_C' with ClassGeneratedBy '/Game/Maps/ChrisTest.ChrisTest:PersistentLevel.ChrisTest'
[2016.05.26-07.11.02:559][938]LogActorComponent: UnregisterComponent: (/Engine/Transient.CharMoveComp) Not registered. Aborting.
[2016.05.26-07.11.02:745][938]LogActorComponent: UnregisterComponent: (/Engine/Transient.EditorFloorComp) Not registered. Aborting.
[2016.05.26-07.11.02:794][938]LogWindowsTextInputMethodSystem:Display: IME system now deactivated.
[2016.05.26-07.11.02:988][939]Cmd: QUIT_EDITOR
[2016.05.26-07.11.03:959][939]LogExit: Preparing to exit.
[2016.05.26-07.11.05:113][939]LogExit: Editor shut down
[2016.05.26-07.11.05:114][939]LogExit: Transaction tracking system shut down
[2016.05.26-07.11.05:248][939]LogObj: Freed 0b from 0 cluster array pools.
[2016.05.26-07.11.05:248][939]LogExit: Object subsystem successfully closed.
[2016.05.26-07.11.05:266][939]LogD3D11RHI: Shutdown
[2016.05.26-07.11.05:266][939]LogD3D11RHI: CleanupD3DDevice
[2016.05.26-07.11.05:323][939]LogD3D11RHI: ~FD3D11DynamicRHI
[2016.05.26-07.11.05:401][939]LogDerivedDataCache: Shutdown
[2016.05.26-07.11.05:401][939]LogModuleManager: Shutting down and abandoning module MovieSceneCapture (207)
[2016.05.26-07.11.05:401][939]LogModuleManager: Shutting down and abandoning module BlueprintGraph (206)
[2016.05.26-07.11.05:401][939]LogModuleManager: Shutting down and abandoning module HierarchicalLODOutliner (205)
[2016.05.26-07.11.05:401][939]LogModuleManager: Shutting down and abandoning module CrashTracker (204)
[2016.05.26-07.11.05:401][939]LogModuleManager: Shutting down and abandoning module SceneOutliner (203)
[2016.05.26-07.11.05:401][939]LogModuleManager: Shutting down and abandoning module WorldBrowser (202)
[2016.05.26-07.11.05:401][939]LogModuleManager: Shutting down and abandoning module SuperSearch (201)
[2016.05.26-07.11.05:401][939]LogModuleManager: Shutting down and abandoning module WidgetCarousel (200)
[2016.05.26-07.11.05:401][939]LogModuleManager: Shutting down and abandoning module AddContentDialog (199)
[2016.05.26-07.11.05:402][939]LogModuleManager: Shutting down and abandoning module GameplayTags (198)
[2016.05.26-07.11.05:402][939]LogModuleManager: Shutting down and abandoning module EditorWidgets (197)
[2016.05.26-07.11.05:402][939]LogModuleManager: Shutting down and abandoning module CollectionManager (196)
[2016.05.26-07.11.05:402][939]LogModuleManager: Shutting down and abandoning module StatsViewer (195)
[2016.05.26-07.11.05:402][939]LogModuleManager: Shutting down and abandoning module FoliageEdit (194)
[2016.05.26-07.11.05:402][939]LogModuleManager: Shutting down and abandoning module LandscapeEditor (193)
[2016.05.26-07.11.05:402][939]LogModuleManager: Shutting down and abandoning module ActorPickerMode (192)
[2016.05.26-07.11.05:402][939]LogModuleManager: Shutting down and abandoning module GeometryMode (191)
[2016.05.26-07.11.05:402][939]LogModuleManager: Shutting down and abandoning module TextureAlignMode (190)
[2016.05.26-07.11.05:402][939]LogModuleManager: Shutting down and abandoning module BspMode (189)
[2016.05.26-07.11.05:402][939]LogModuleManager: Shutting down and abandoning module PlacementMode (188)
[2016.05.26-07.11.05:402][939]LogModuleManager: Shutting down and abandoning module AutomationWorker (187)
[2016.05.26-07.11.05:402][939]LogModuleManager: Shutting down and abandoning module CharacterAI (186)
[2016.05.26-07.11.05:402][939]LogModuleManager: Shutting down and abandoning module SmartSnapping (185)
[2016.05.26-07.11.05:403][939]LogModuleManager: Shutting down and abandoning module ViewportSnapping (184)
[2016.05.26-07.11.05:403][939]LogModuleManager: Shutting down and abandoning module LogVisualizer (183)
[2016.05.26-07.11.05:403][939]LogModuleManager: Shutting down and abandoning module GameProjectGeneration (182)
[2016.05.26-07.11.05:403][939]LogModuleManager: Shutting down and abandoning module IntroTutorials (181)
[2016.05.26-07.11.05:403][939]LogModuleManager: Shutting down and abandoning module EditorLiveStreaming (180)
[2016.05.26-07.11.05:403][939]LogModuleManager: Shutting down and abandoning module IOSPlatformEditor (179)
[2016.05.26-07.11.05:403][939]LogModuleManager: Shutting down and abandoning module HTML5PlatformEditor (178)
[2016.05.26-07.11.05:403][939]LogModuleManager: Shutting down and abandoning module AndroidDeviceDetection (177)
[2016.05.26-07.11.05:650][939]LogModuleManager: Shutting down and abandoning module AndroidPlatformEditor (176)
[2016.05.26-07.11.05:650][939]LogModuleManager: Shutting down and abandoning module IOSRuntimeSettings (175)
[2016.05.26-07.11.05:650][939]LogModuleManager: Shutting down and abandoning module AndroidRuntimeSettings (174)
[2016.05.26-07.11.05:650][939]LogModuleManager: Shutting down and abandoning module MergeActors (173)
[2016.05.26-07.11.05:650][939]LogModuleManager: Shutting down and abandoning module SizeMap (172)
[2016.05.26-07.11.05:650][939]LogModuleManager: Shutting down and abandoning module TreeMap (171)
[2016.05.26-07.11.05:650][939]LogModuleManager: Shutting down and abandoning module ReferenceViewer (170)
[2016.05.26-07.11.05:650][939]LogModuleManager: Shutting down and abandoning module LocalizationService (169)
[2016.05.26-07.11.05:650][939]LogModuleManager: Shutting down and abandoning module LocalizationDashboard (168)
[2016.05.26-07.11.05:650][939]LogModuleManager: Shutting down and abandoning module HardwareTargeting (167)
[2016.05.26-07.11.05:650][939]LogModuleManager: Shutting down and abandoning module DeviceProfileEditor (166)
[2016.05.26-07.11.05:650][939]LogModuleManager: Shutting down and abandoning module UndoHistory (165)
[2016.05.26-07.11.05:650][939]LogModuleManager: Shutting down and abandoning module UserFeedback (164)
[2016.05.26-07.11.05:650][939]LogModuleManager: Shutting down and abandoning module XmlParser (163)
[2016.05.26-07.11.05:650][939]LogModuleManager: Shutting down and abandoning module Blutility (162)
[2016.05.26-07.11.05:650][939]LogModuleManager: Shutting down and abandoning module ProjectTargetPlatformEditor (161)
[2016.05.26-07.11.05:651][939]LogModuleManager: Shutting down and abandoning module ProjectSettingsViewer (160)
[2016.05.26-07.11.05:651][939]LogModuleManager: Shutting down and abandoning module InputBindingEditor (159)
[2016.05.26-07.11.05:651][939]LogModuleManager: Shutting down and abandoning module EditorSettingsViewer (158)
[2016.05.26-07.11.05:651][939]LogModuleManager: Shutting down and abandoning module SettingsEditor (157)
[2016.05.26-07.11.05:651][939]LogModuleManager: Shutting down and abandoning module ProjectLauncher (156)
[2016.05.26-07.11.05:651][939]LogModuleManager: Shutting down and abandoning module SessionFrontend (155)
[2016.05.26-07.11.05:651][939]LogModuleManager: Shutting down and abandoning module ProfilerClient (154)
[2016.05.26-07.11.05:651][939]LogModuleManager: Shutting down and abandoning module TargetDeviceServices (153)
[2016.05.26-07.11.05:651][939]LogModuleManager: Shutting down and abandoning module DeviceManager (152)
[2016.05.26-07.11.05:681][939]LogModuleManager: Shutting down and abandoning module AutomationController (151)
[2016.05.26-07.11.05:681][939]LogModuleManager: Shutting down and abandoning module AutomationWindow (150)
[2016.05.26-07.11.05:681][939]LogModuleManager: Shutting down and abandoning module Layers (149)
[2016.05.26-07.11.05:681][939]LogModuleManager: Shutting down and abandoning module ComponentVisualizers (148)
[2016.05.26-07.11.05:681][939]LogModuleManager: Shutting down and abandoning module DetailCustomizations (147)
[2016.05.26-07.11.05:681][939]LogModuleManager: Shutting down and abandoning module PackagesDialog (146)
[2016.05.26-07.11.05:681][939]LogModuleManager: Shutting down and abandoning module Persona (145)
[2016.05.26-07.11.05:681][939]LogModuleManager: Shutting down and abandoning module Kismet (144)
[2016.05.26-07.11.05:681][939]LogModuleManager: Shutting down and abandoning module GraphEditor (143)
[2016.05.26-07.11.05:682][939]LogModuleManager: Shutting down and abandoning module ClassViewer (142)
[2016.05.26-07.11.05:682][939]LogModuleManager: Shutting down and abandoning module Toolbox (141)
[2016.05.26-07.11.05:682][939]LogModuleManager: Shutting down and abandoning module ModuleUI (140)
[2016.05.26-07.11.05:682][939]LogModuleManager: Shutting down and abandoning module MovieSceneTools (139)
[2016.05.26-07.11.05:682][939]LogModuleManager: Shutting down and abandoning module OutputLog (138)
[2016.05.26-07.11.05:682][939]LogModuleManager: Shutting down and abandoning module GammaUI (137)
[2016.05.26-07.11.05:682][939]LogModuleManager: Shutting down and abandoning module Documentation (136)
[2016.05.26-07.11.05:682][939]LogModuleManager: Shutting down and abandoning module StreamingPauseRendering (135)
[2016.05.26-07.11.05:682][939]LogModuleManager: Shutting down and abandoning module AnalyticsET (134)
[2016.05.26-07.11.05:682][939]LogModuleManager: Shutting down and abandoning module Analytics (133)
[2016.05.26-07.11.05:682][939]LogModuleManager: Shutting down and abandoning module PortalServices (132)
[2016.05.26-07.11.05:682][939]LogModuleManager: Shutting down and abandoning module PortalRpc (131)
[2016.05.26-07.11.05:682][939]LogModuleManager: Shutting down and abandoning module MessagingRpc (130)
[2016.05.26-07.11.05:682][939]LogModuleManager: Shutting down and abandoning module AITestSuite (129)
[2016.05.26-07.11.05:682][939]LogModuleManager: Shutting down and abandoning module GameplayDebugger (128)
[2016.05.26-07.11.05:682][939]LogModuleManager: Shutting down and abandoning module AIModule (127)
[2016.05.26-07.11.05:682][939]LogModuleManager: Shutting down and abandoning module ProfilerService (126)
[2016.05.26-07.11.05:748][939]LogModuleManager: Shutting down and abandoning module TaskGraph (125)
[2016.05.26-07.11.05:748][939]LogModuleManager: Shutting down and abandoning module SlateRemote (124)
[2016.05.26-07.11.05:748][939]LogModuleManager: Shutting down and abandoning module SteamVRController (123)
[2016.05.26-07.11.05:748][939]LogModuleManager: Shutting down and abandoning module SteamVR (122)
[2016.05.26-07.11.05:748][939]LogModuleManager: Shutting down and abandoning module ProceduralMeshComponent (121)
[2016.05.26-07.11.05:748][939]LogModuleManager: Shutting down and abandoning module OculusLibrary (120)
[2016.05.26-07.11.05:748][939]LogModuleManager: Shutting down and abandoning module OculusInput (119)
[2016.05.26-07.11.05:748][939]LogModuleManager: Shutting down and abandoning module CustomMeshComponent (118)
[2016.05.26-07.11.05:748][939]LogModuleManager: Shutting down and abandoning module CableComponent (117)
[2016.05.26-07.11.05:748][939]LogModuleManager: Shutting down and abandoning module ArchVisCharacter (116)
[2016.05.26-07.11.05:748][939]LogModuleManager: Shutting down and abandoning module MediaPlayerEditor (115)
[2016.05.26-07.11.05:748][939]LogModuleManager: Shutting down and abandoning module HTML5Networking (114)
[2016.05.26-07.11.05:748][939]LogModuleManager: Shutting down and abandoning module SpeedTreeImporter (113)
[2016.05.26-07.11.05:748][939]LogModuleManager: Shutting down and abandoning module PluginBrowser (112)
[2016.05.26-07.11.05:748][939]LogModuleManager: Shutting down and abandoning module EpicSurvey (111)
[2016.05.26-07.11.05:748][939]LogModuleManager: Shutting down and abandoning module DesktopPlatform (110)
[2016.05.26-07.11.05:748][939]LogModuleManager: Shutting down and abandoning module VisualStudioSourceCodeAccess (109)
[2016.05.26-07.11.05:748][939]LogModuleManager: Shutting down and abandoning module UObjectPlugin (108)
[2016.05.26-07.11.05:748][939]LogModuleManager: Shutting down and abandoning module SubversionSourceControl (107)
[2016.05.26-07.11.05:748][939]LogModuleManager: Shutting down and abandoning module PerforceSourceControl (106)
[2016.05.26-07.11.05:748][939]LogModuleManager: Shutting down and abandoning module SourceControl (105)
[2016.05.26-07.11.05:748][939]LogModuleManager: Shutting down and abandoning module GitSourceControl (104)
[2016.05.26-07.11.05:748][939]LogModuleManager: Shutting down and abandoning module LightPropagationVolumeEditor (103)
[2016.05.26-07.11.05:749][939]LogModuleManager: Shutting down and abandoning module PaperTiledImporter (102)
[2016.05.26-07.11.05:749][939]LogModuleManager: Shutting down and abandoning module PaperSpriteSheetImporter (101)
[2016.05.26-07.11.05:749][939]LogModuleManager: Shutting down and abandoning module MeshPaint (100)
[2016.05.26-07.11.05:749][939]LogModuleManager: Shutting down and abandoning module HotReload (99)
[2016.05.26-07.11.05:749][939]LogModuleManager: Shutting down and abandoning module MainFrame (98)
[2016.05.26-07.11.05:749][939]LogModuleManager: Shutting down and abandoning module LevelEditor (97)
[2016.05.26-07.11.05:750][939]LogModuleManager: Shutting down and abandoning module DirectoryWatcher (96)
[2016.05.26-07.11.05:750][939]LogModuleManager: Shutting down and abandoning module AssetRegistry (95)
[2016.05.26-07.11.05:881][939]LogModuleManager: Shutting down and abandoning module ContentBrowser (94)
[2016.05.26-07.11.05:881][939]LogModuleManager: Shutting down and abandoning module Paper2DEditor (93)
[2016.05.26-07.11.05:882][939]LogModuleManager: Shutting down and abandoning module UdpMessaging (92)
[2016.05.26-07.11.05:982][939]LogModuleManager: Shutting down and abandoning module LightPropagationVolumeRuntime (91)
[2016.05.26-07.11.05:982][939]LogModuleManager: Shutting down and abandoning module Paper2D (90)
[2016.05.26-07.11.05:982][939]LogModuleManager: Shutting down and abandoning module WindowsMoviePlayer (89)
[2016.05.26-07.11.05:982][939]LogModuleManager: Shutting down and abandoning module Media (88)
[2016.05.26-07.11.05:982][939]LogModuleManager: Shutting down and abandoning module WmfMedia (87)
[2016.05.26-07.11.05:982][939]LogModuleManager: Shutting down and abandoning module MediaAssets (86)
[2016.05.26-07.11.05:982][939]LogModuleManager: Shutting down and abandoning module GameLiveStreaming (85)
[2016.05.26-07.11.05:982][939]LogModuleManager: Shutting down and abandoning module GameplayTagsEditor (84)
[2016.05.26-07.11.05:982][939]LogModuleManager: Shutting down and abandoning module OnlineBlueprintSupport (83)
[2016.05.26-07.11.05:982][939]LogModuleManager: Shutting down and abandoning module GameplayTasksEditor (82)
[2016.05.26-07.11.05:982][939]LogModuleManager: Shutting down and abandoning module PropertyEditor (81)
[2016.05.26-07.11.05:982][939]LogModuleManager: Shutting down and abandoning module BehaviorTreeEditor (80)
[2016.05.26-07.11.05:982][939]LogModuleManager: Shutting down and abandoning module FunctionalTesting (79)
[2016.05.26-07.11.05:982][939]LogModuleManager: Shutting down and abandoning module CollisionAnalyzer (78)
[2016.05.26-07.11.05:983][939]LogModuleManager: Shutting down and abandoning module WorkspaceMenuStructure (77)
[2016.05.26-07.11.05:983][939]LogModuleManager: Shutting down and abandoning module MessageLog (76)
[2016.05.26-07.11.05:983][939]LogModuleManager: Shutting down and abandoning module Sequencer (75)
[2016.05.26-07.11.05:983][939]LogModuleManager: Shutting down and abandoning module AssetTools (74)
[2016.05.26-07.11.05:983][939]LogModuleManager: Shutting down and abandoning module UMGEditor (73)
[2016.05.26-07.11.05:983][939]LogModuleManager: Shutting down and abandoning module UMG (72)
[2016.05.26-07.11.05:983][939]LogModuleManager: Shutting down and abandoning module SlateReflector (71)
[2016.05.26-07.11.05:983][939]LogModuleManager: Shutting down and abandoning module Slate (70)
[2016.05.26-07.11.05:983][939]LogModuleManager: Shutting down and abandoning module EditorStyle (69)
[2016.05.26-07.11.05:985][939]LogModuleManager: Shutting down and abandoning module SessionServices (68)
[2016.05.26-07.11.05:985][939]LogModuleManager: Shutting down and abandoning module SourceCodeAccess (67)
[2016.05.26-07.11.05:985][939]LogModuleManager: Shutting down and abandoning module HeadMountedDisplay (66)
[2016.05.26-07.11.05:985][939]LogModuleManager: Shutting down and abandoning module XAudio2 (65)
[2016.05.26-07.11.05:985][939]LogModuleManager: Shutting down and abandoning module Networking (63)
[2016.05.26-07.11.05:985][939]LogModuleManager: Shutting down and abandoning module Core (62)
[2016.05.26-07.11.05:985][939]LogModuleManager: Shutting down and abandoning module KismetCompiler (61)
[2016.05.26-07.11.05:985][939]LogModuleManager: Shutting down and abandoning module PhysXFormats (60)
[2016.05.26-07.11.05:985][939]LogModuleManager: Shutting down and abandoning module MeshUtilities (59)
[2016.05.26-07.11.05:985][939]LogModuleManager: Shutting down and abandoning module CookingStats (58)
[2016.05.26-07.11.05:985][939]LogModuleManager: Shutting down and abandoning module DerivedDataCache (57)
[2016.05.26-07.11.05:985][939]LogDerivedDataCache: Shutdown
[2016.05.26-07.11.05:985][939]LogModuleManager: Shutting down and abandoning module ShaderFormatOpenGL (56)
[2016.05.26-07.11.05:985][939]LogModuleManager: Shutting down and abandoning module ShaderFormatD3D (55)
[2016.05.26-07.11.05:985][939]LogModuleManager: Shutting down and abandoning module MetalShaderFormat (54)
[2016.05.26-07.11.05:985][939]LogModuleManager: Shutting down and abandoning module TextureFormatUncompressed (53)
[2016.05.26-07.11.05:985][939]LogModuleManager: Shutting down and abandoning module TextureFormatPVR (52)
[2016.05.26-07.11.05:985][939]LogModuleManager: Shutting down and abandoning module TextureFormatIntelISPCTexComp (51)
[2016.05.26-07.11.05:985][939]LogModuleManager: Shutting down and abandoning module TextureFormatDXT (50)
[2016.05.26-07.11.05:985][939]LogModuleManager: Shutting down and abandoning module ImageWrapper (49)
[2016.05.26-07.11.05:985][939]LogModuleManager: Shutting down and abandoning module TextureFormatASTC (48)
[2016.05.26-07.11.05:985][939]LogModuleManager: Shutting down and abandoning module TextureFormatAndroid (47)
[2016.05.26-07.11.05:985][939]LogModuleManager: Shutting down and abandoning module AudioFormatOpus (46)
[2016.05.26-07.11.05:985][939]LogModuleManager: Shutting down and abandoning module AudioFormatOgg (45)
[2016.05.26-07.11.05:985][939]LogModuleManager: Shutting down and abandoning module AudioFormatADPCM (44)
[2016.05.26-07.11.05:985][939]LogModuleManager: Shutting down and abandoning module LinuxTargetPlatform (43)
[2016.05.26-07.11.05:985][939]LogModuleManager: Shutting down and abandoning module LinuxServerTargetPlatform (42)
[2016.05.26-07.11.05:985][939]LogModuleManager: Shutting down and abandoning module LinuxNoEditorTargetPlatform (41)
[2016.05.26-07.11.05:985][939]LogModuleManager: Shutting down and abandoning module TVOSTargetPlatform (40)
[2016.05.26-07.11.05:985][939]LogModuleManager: Shutting down and abandoning module Messaging (39)
[2016.05.26-07.11.05:985][939]LogModuleManager: Shutting down and abandoning module IOSTargetPlatform (38)
[2016.05.26-07.11.05:985][939]LogModuleManager: Shutting down and abandoning module HTML5TargetPlatform (37)
[2016.05.26-07.11.05:985][939]LogModuleManager: Shutting down and abandoning module Android_PVRTCTargetPlatform (36)
[2016.05.26-07.11.05:985][939]LogModuleManager: Shutting down and abandoning module Android_MultiTargetPlatform (35)
[2016.05.26-07.11.05:985][939]LogModuleManager: Shutting down and abandoning module Android_ETC2TargetPlatform (34)
[2016.05.26-07.11.05:985][939]LogModuleManager: Shutting down and abandoning module Android_ETC1TargetPlatform (33)
[2016.05.26-07.11.05:985][939]LogModuleManager: Shutting down and abandoning module Android_DXTTargetPlatform (32)
[2016.05.26-07.11.05:985][939]LogModuleManager: Shutting down and abandoning module Android_ATCTargetPlatform (31)
[2016.05.26-07.11.05:985][939]LogModuleManager: Shutting down and abandoning module Android_ASTCTargetPlatform (30)
[2016.05.26-07.11.05:985][939]LogModuleManager: Shutting down and abandoning module AndroidTargetPlatform (29)
[2016.05.26-07.11.05:985][939]LogModuleManager: Shutting down and abandoning module WindowsTargetPlatform (28)
[2016.05.26-07.11.05:985][939]LogModuleManager: Shutting down and abandoning module WindowsServerTargetPlatform (27)
[2016.05.26-07.11.05:985][939]LogModuleManager: Shutting down and abandoning module WindowsNoEditorTargetPlatform (26)
[2016.05.26-07.11.05:985][939]LogModuleManager: Shutting down and abandoning module WindowsClientTargetPlatform (25)
[2016.05.26-07.11.05:985][939]LogModuleManager: Shutting down and abandoning module AllDesktopTargetPlatform (24)
[2016.05.26-07.11.05:985][939]LogModuleManager: Shutting down and abandoning module TargetPlatform (23)
[2016.05.26-07.11.05:985][939]LogModuleManager: Shutting down and abandoning module InputCore (22)
[2016.05.26-07.11.05:985][939]LogModuleManager: Shutting down and abandoning module Settings (21)
[2016.05.26-07.11.05:985][939]LogModuleManager: Shutting down and abandoning module OnlineSubsystem (19)
[2016.05.26-07.11.05:985][939]LogModuleManager: Shutting down and abandoning module HTTP (18)
[2016.05.26-07.11.06:986][939]LogModuleManager: Shutting down and abandoning module XMPP (17)
[2016.05.26-07.11.06:986][939]LogModuleManager: Shutting down and abandoning module OculusRift (16)
[2016.05.26-07.11.06:986][939]LogModuleManager: Shutting down and abandoning module ExampleDeviceProfileSelector (15)
[2016.05.26-07.11.06:986][939]LogModuleManager: Shutting down and abandoning module TextureCompressor (14)
[2016.05.26-07.11.06:987][939]LogModuleManager: Shutting down and abandoning module ShaderCore (13)
[2016.05.26-07.11.06:987][939]LogModuleManager: Shutting down and abandoning module Landscape (12)
[2016.05.26-07.11.06:987][939]LogModuleManager: Shutting down and abandoning module SlateRHIRenderer (11)
[2016.05.26-07.11.06:987][939]LogModuleManager: Shutting down and abandoning module OpenGLDrv (10)
[2016.05.26-07.11.06:988][939]LogModuleManager: Shutting down and abandoning module D3D11RHI (9)
[2016.05.26-07.11.06:988][939]LogModuleManager: Shutting down and abandoning module AnimGraphRuntime (8)
[2016.05.26-07.11.06:988][939]LogModuleManager: Shutting down and abandoning module Renderer (7)
[2016.05.26-07.11.06:988][939]LogModuleManager: Shutting down and abandoning module Engine (6)
[2016.05.26-07.11.06:988][939]LogModuleManager: Shutting down and abandoning module CoreUObject (5)
[2016.05.26-07.11.06:988][939]LogModuleManager: Shutting down and abandoning module NetworkFile (4)
[2016.05.26-07.11.06:988][939]LogModuleManager: Shutting down and abandoning module StreamingFile (3)
[2016.05.26-07.11.06:988][939]LogModuleManager: Shutting down and abandoning module SandboxFile (2)
[2016.05.26-07.11.06:988][939]LogModuleManager: Shutting down and abandoning module PakFile (1)
[2016.05.26-07.11.06:988][939]LogExit: Exiting.
[2016.05.26-07.11.06:990][939]Log file closed, 05/26/16 00:11:06
