Log file open, 05/21/16 19:12:36
LogInit:Display: Running engine for game: GameJamRigging
LogPlatformFile: Not using cached read wrapper
LogInit:Display: RandInit(-1689432365) SRandInit(-1689432363).
LogTaskGraph: Started task graph with 4 named threads and 7 total threads.
LogStats: Stats thread started at 0.066434
LogInit: Version: 4.11.2-2946394+++UE4+Release-4.11
LogInit: API Version: 2927265
LogInit: Compiled (64-bit): Apr 18 2016 02:18:46
LogInit: Compiled with Visual C++: 19.00.23026.00
LogInit: Build Configuration: Development
LogInit: Branch Name: ++UE4+Release-4.11
LogInit: Command line:  
LogInit: Base directory: C:/Program Files (x86)/Epic Games/4.11/Engine/Binaries/Win64/
LogInit: Installed Engine Build: 1
LogInit: Using libcurl 7.41.0
LogInit:  - built for x86_64-pc-win32
LogInit:  - supports SSL with WinSSL
LogInit:  - other features:
LogInit:      CURL_VERSION_SSL
LogInit:      CURL_VERSION_IPV6
LogInit:      CURL_VERSION_ASYNCHDNS
LogInit:      CURL_VERSION_LARGEFILE
LogInit:      CURL_VERSION_IDN
LogInit:  CurlRequestOptions (configurable via config and command line):
LogInit:  - bVerifyPeer = true  - Libcurl will verify peer certificate
LogInit:  - bUseHttpProxy = false  - Libcurl will NOT use HTTP proxy
LogInit:  - bDontReuseConnections = false  - Libcurl will reuse connections
LogInit:  - CertBundlePath = nullptr  - Libcurl will use whatever was configured at build time.
LogInit: Presizing for max 16777216 objects, including 0 objects not considered by GC, pre-allocating 0 bytes for permanent pool.
LogInit: Object subsystem initialized
[2016.05.22-02.12.36:914][  0]LogInit: Selected Device Profile: [Windows]
[2016.05.22-02.12.36:914][  0]LogInit: Applying CVar settings loaded from the selected device profile: [Windows]
[2016.05.22-02.12.36:922][  0]LogInit: Computer: DUMPRING
[2016.05.22-02.12.36:922][  0]LogInit: User: theco000
[2016.05.22-02.12.36:922][  0]LogInit: CPU Page size=65536, Cores=4
[2016.05.22-02.12.36:922][  0]LogInit: High frequency timer resolution =3.615392 MHz
[2016.05.22-02.12.36:922][  0]LogMemory: Memory total: Physical=15.9GB (16GB approx)
[2016.05.22-02.12.36:922][  0]LogMemory: Platform Memory Stats for Windows
[2016.05.22-02.12.36:922][  0]LogMemory: Process Physical Memory: 313.52 MB used, 313.52 MB peak
[2016.05.22-02.12.36:922][  0]LogMemory: Process Virtual Memory: 315.04 MB used, 315.04 MB peak
[2016.05.22-02.12.36:922][  0]LogMemory: Physical Memory: 5012.48 MB used, 16326.09 MB total
[2016.05.22-02.12.36:922][  0]LogMemory: Virtual Memory: 639.07 MB used, 134217728.00 MB total
[2016.05.22-02.12.36:954][  0]LogTextLocalizationManager: No specific translations for ('en-US') exist, so ('en') translations will be used.
[2016.05.22-02.12.37:327][  0]LogD3D11RHI: D3D11 adapters:
[2016.05.22-02.12.37:348][  0]LogD3D11RHI:    0. 'NVIDIA GeForce GTX 780' (Feature Level 11_0)
[2016.05.22-02.12.37:348][  0]LogD3D11RHI:       3013MB of dedicated video memory, 0MB of dedicated system memory, and 8163MB of shared system memory, 2 output[s]
[2016.05.22-02.12.37:349][  0]LogD3D11RHI:    1. 'Microsoft Basic Render Driver' (Feature Level 11_0)
[2016.05.22-02.12.37:349][  0]LogD3D11RHI:       0MB of dedicated video memory, 0MB of dedicated system memory, and 8163MB of shared system memory, 0 output[s]
[2016.05.22-02.12.37:349][  0]LogD3D11RHI: Chosen D3D11 Adapter: 0
[2016.05.22-02.12.37:353][  0]LogD3D11RHI: Creating new Direct3DDevice
[2016.05.22-02.12.37:353][  0]LogD3D11RHI:     Adapter Name: NVIDIA GeForce GTX 780
[2016.05.22-02.12.37:353][  0]LogD3D11RHI:   Driver Version: 10.18.13.6510 (internal 10.18.13.6510)
[2016.05.22-02.12.37:353][  0]LogD3D11RHI:      Driver Date: 4-27-2016
[2016.05.22-02.12.37:353][  0]LogRHI: Texture pool is 1361 MB (70% of 1945 MB)
[2016.05.22-02.12.37:370][  0]LogD3D11RHI: Async texture creation enabled
[2016.05.22-02.12.37:380][  0]LogShaderCompilers: Guid format shader working directory is 13 characters bigger than the processId version (D:/Git/RiggingShooter/GameJamRigging/Intermediate/Shaders/WorkingDirectory/6332/).
[2016.05.22-02.12.37:380][  0]LogShaderCompilers: Cleaned the shader compiler working directory 'C:/Users/THECO_~1/AppData/Local/Temp/UnrealShaderWorkingDir/33DF27CB4554D2B6740D6FB7D9FFC2B3/'.
[2016.05.22-02.12.37:380][  0]LogShaderCompilers:Display: Using Local Shader Compiler.
[2016.05.22-02.12.38:323][  0]LogTemp:Display: Loaded TP AllDesktopTargetPlatform
[2016.05.22-02.12.38:330][  0]LogTemp:Display: Loaded TP WindowsClientTargetPlatform
[2016.05.22-02.12.38:336][  0]LogTemp:Display: Loaded TP WindowsNoEditorTargetPlatform
[2016.05.22-02.12.38:340][  0]LogTemp:Display: Loaded TP WindowsServerTargetPlatform
[2016.05.22-02.12.38:344][  0]LogTemp:Display: Loaded TP WindowsTargetPlatform
[2016.05.22-02.12.38:347][  0]LogTemp:Display: Loaded TP AndroidTargetPlatform
[2016.05.22-02.12.38:350][  0]LogTemp:Display: Loaded TP Android_ASTCTargetPlatform
[2016.05.22-02.12.38:353][  0]LogTemp:Display: Loaded TP Android_ATCTargetPlatform
[2016.05.22-02.12.38:356][  0]LogTemp:Display: Loaded TP Android_DXTTargetPlatform
[2016.05.22-02.12.38:359][  0]LogTemp:Display: Loaded TP Android_ETC1TargetPlatform
[2016.05.22-02.12.38:362][  0]LogTemp:Display: Loaded TP Android_ETC2TargetPlatform
[2016.05.22-02.12.38:367][  0]LogTemp:Display: Loaded TP Android_MultiTargetPlatform
[2016.05.22-02.12.38:367][  0]LogTemp:Display: Loaded TP Android_PVRTCTargetPlatform
[2016.05.22-02.12.38:368][  0]LogTemp:Display: Loaded TP HTML5TargetPlatform
[2016.05.22-02.12.38:384][  0]LogTemp:Display: Loaded TP IOSTargetPlatform
[2016.05.22-02.12.38:386][  0]LogTemp:Display: Loaded TP TVOSTargetPlatform
[2016.05.22-02.12.38:389][  0]LogTemp:Display: Loaded TP LinuxNoEditorTargetPlatform
[2016.05.22-02.12.38:391][  0]LogTemp:Display: Loaded TP LinuxServerTargetPlatform
[2016.05.22-02.12.38:394][  0]LogTemp:Display: Loaded TP LinuxTargetPlatform
[2016.05.22-02.12.38:394][  0]LogTargetPlatformManager:Display: Building Assets For Windows
[2016.05.22-02.12.38:458][  0]LogDerivedDataCache:Display: Max Cache Size: 512 MB
[2016.05.22-02.12.38:508][  0]LogDerivedDataCache: Loaded boot cache 0.05s 46MB C:/Users/theco_000/AppData/Local/UnrealEngine/4.11/DerivedDataCache/Boot.ddc.
[2016.05.22-02.12.38:508][  0]LogDerivedDataCache:Display: Loaded Boot cache: C:/Users/theco_000/AppData/Local/UnrealEngine/4.11/DerivedDataCache/Boot.ddc
[2016.05.22-02.12.38:508][  0]LogDerivedDataCache: FDerivedDataBackendGraph:  Pak pak cache file D:/Git/RiggingShooter/GameJamRigging/DerivedDataCache/DDC.ddp not found, will not use a pak cache.
[2016.05.22-02.12.38:508][  0]LogDerivedDataCache: Unable to find inner node Pak for hierarchical cache Hierarchy.
[2016.05.22-02.12.38:509][  0]LogDerivedDataCache: FDerivedDataBackendGraph:  CompressedPak pak cache file D:/Git/RiggingShooter/GameJamRigging/DerivedDataCache/Compressed.ddp not found, will not use a pak cache.
[2016.05.22-02.12.38:509][  0]LogDerivedDataCache: Unable to find inner node CompressedPak for hierarchical cache Hierarchy.
[2016.05.22-02.12.38:523][  0]LogDerivedDataCache:Display: Pak cache opened for reading ../../../Engine/DerivedDataCache/Compressed.ddp.
[2016.05.22-02.12.38:534][  0]LogDerivedDataCache: Using Local data cache path C:/Users/theco_000/AppData/Local/UnrealEngine/Common/DerivedDataCache: Writable
[2016.05.22-02.12.38:707][  0]LogInit: Selected Device Profile: [Windows]
[2016.05.22-02.12.38:707][  0]LogContentStreaming: Texture pool size is 0.00 MB
[2016.05.22-02.12.38:740][  0]LogMaterial: Uniform references updated for custom material expression Custom.
[2016.05.22-02.12.38:861][  0]LogMeshUtilities: No automatic mesh reduction module available
[2016.05.22-02.12.38:861][  0]LogMeshUtilities: No automatic mesh merging module available
[2016.05.22-02.12.38:861][  0]LogMeshUtilities: No distributed automatic mesh merging module available
[2016.05.22-02.12.39:056][  0]LogUObjectArray: 27679 objects as part of root set at end of initial load.
[2016.05.22-02.12.39:056][  0]LogUObjectAllocator: 5591592 out of 0 bytes used by permanent object pool.
[2016.05.22-02.12.39:056][  0]LogUObjectArray: CloseDisregardForGC: 0/0 objects in disregard for GC pool
[2016.05.22-02.12.39:061][  0]LogInit: WinSock: version 1.1 (2.2), MaxSocks=32767, MaxUdp=65467
[2016.05.22-02.12.39:134][  0]LogSlate: SlateFontCache - WITH_FREETYPE: 1, WITH_HARFBUZZ: 1
[2016.05.22-02.12.39:134][  0]LogSlate: SlateFontCache - WITH_FREETYPE: 1, WITH_HARFBUZZ: 1
[2016.05.22-02.12.39:215][  0]LogStreaming:Warning: Failed to read file '../../../Engine/Content/Editor/Slate/Common/Selection_16x.png' error.
[2016.05.22-02.12.39:215][  0]LogSlate: Could not find file for Slate resource: ../../../Engine/Content/Editor/Slate/Common/Selection_16x.png
[2016.05.22-02.12.39:215][  0]LogStreaming:Warning: Failed to read file '../../../Engine/Content/Editor/Slate/Common/Selection_16x.png' error.
[2016.05.22-02.12.39:215][  0]LogSlate: Could not find file for Slate resource: ../../../Engine/Content/Editor/Slate/Common/Selection_16x.png
[2016.05.22-02.12.39:215][  0]LogStreaming:Warning: Failed to read file '../../../Engine/Content/Editor/Slate/Common/Selection_16x.png' error.
[2016.05.22-02.12.39:215][  0]LogSlate: Could not find file for Slate resource: ../../../Engine/Content/Editor/Slate/Common/Selection_16x.png
[2016.05.22-02.12.39:687][  0]LogUdpMessaging: Initializing bridge on interface 0.0.0.0:0 to multicast group 230.0.0.1:6666.
[2016.05.22-02.12.39:787][  0]LogAssetRegistry: FAssetRegistry took 0.0223 seconds to start up
[2016.05.22-02.12.39:921][  0]SourceControl: Info Source control is disabled
[2016.05.22-02.12.39:922][  0]SourceControl: Info Source control is disabled
[2016.05.22-02.12.39:928][  0]SourceControl: Info Source control is disabled
[2016.05.22-02.12.39:934][  0]SourceControl: Info Source control is disabled
[2016.05.22-02.12.40:032][  0]LogHMD: Failed to initialize OpenVR with code 110
[2016.05.22-02.12.40:114][  0]LogEngine: Initializing Engine...
[2016.05.22-02.12.40:237][  0]LogAIModule: Creating AISystem for world NewWorld
[2016.05.22-02.12.40:247][  0]LogInit: XAudio2 using 'Speakers (Realtek High Definition Audio)' : 2 channels at 48 kHz using 32 bits per sample (channel mask 0x3)
[2016.05.22-02.12.40:270][  0]LogInit: FAudioDevice initialized.
[2016.05.22-02.12.40:292][  0]LogDerivedDataCache: Saved boot cache 0.02s 46MB C:/Users/theco_000/AppData/Local/UnrealEngine/4.11/DerivedDataCache/Boot.ddc.
[2016.05.22-02.12.40:295][  0]LogInit: Texture streaming: Enabled
[2016.05.22-02.12.40:312][  0]LogInit: Transaction tracking system initialized
[2016.05.22-02.12.40:329][  0]BlueprintLog: New page: Editor Load
[2016.05.22-02.12.40:385][  0]LocalizationService: Info Localization service is disabled
[2016.05.22-02.12.40:447][  0]LogConsoleResponse:Display: 
[2016.05.22-02.12.40:540][  0]LogCook:Display: Max memory allowance for cook 8192mb
[2016.05.22-02.12.40:540][  0]LogCook:Display: Mobile HDR setting 1
[2016.05.22-02.12.40:540][  0]LogCook:Display: Done creating registry. It took  0.00s.
[2016.05.22-02.12.40:578][  0]LogFileCache: Scanning file cache for directory 'D:/Git/RiggingShooter/GameJamRigging/Content/' took 0.01s
[2016.05.22-02.12.40:578][  0]SourceControl: Info Source control is disabled
[2016.05.22-02.12.40:578][  0]Cmd: MAP LOAD FILE="D:/Git/RiggingShooter/GameJamRigging/Content/FirstPersonBP/Maps/FirstPersonExampleMap.umap" TEMPLATE=0 SHOWPROGRESS=1 FEATURELEVEL=3
[2016.05.22-02.12.40:579][  0]LightingResults: New page: Lighting Build
[2016.05.22-02.12.40:581][  0]MapCheck: New page: Map Check
[2016.05.22-02.12.40:581][  0]LightingResults: New page: Lighting Build
[2016.05.22-02.12.42:143][  0]LogAIModule: Creating AISystem for world FirstPersonExampleMap
[2016.05.22-02.12.42:157][  0]LogEditorServer: Finished looking for orphan Actors (0.000 secs)
[2016.05.22-02.12.42:157][  0]Cmd: MAP CHECKDEP NOCLEARLOG
[2016.05.22-02.12.42:214][  0]MapCheck: Info Map check complete: 0 Error(s), 0 Warning(s), took 56.141ms to complete.
[2016.05.22-02.12.42:214][  0]LogFileHelpers: Loading map 'FirstPersonExampleMap' took 1.636
[2016.05.22-02.12.42:318][  0]LogCollectionManager: Loaded 0 collections in 0.001322 seconds
[2016.05.22-02.12.42:369][  0]LogFileCache: Scanning file cache for directory 'D:/Git/RiggingShooter/GameJamRigging/Saved/Collections/' took 0.01s
[2016.05.22-02.12.42:369][  0]LogFileCache: Scanning file cache for directory 'D:/Git/RiggingShooter/GameJamRigging/Content/Developers/theco000/Collections/' took 0.01s
[2016.05.22-02.12.42:369][  0]LogFileCache: Scanning file cache for directory 'D:/Git/RiggingShooter/GameJamRigging/Content/Collections/' took 0.01s
[2016.05.22-02.12.42:369][  0]LogCollectionManager: Rebuilt the GUID cache for 0 collections in 0.000003 seconds
[2016.05.22-02.12.42:381][  0]LogContentBrowser: Native class hierarchy populated in 0.0113 seconds. Added 1979 classes and 343 folders.
[2016.05.22-02.12.42:384][  0]LogStats: UGameplayTagsManager::ConstructGameplayTagTree: Construct from data asset -  0.000 s
[2016.05.22-02.12.42:384][  0]LogStats: UGameplayTagsManager::ConstructGameplayTagTree: GameplayTagTreeChangedEvent.Broadcast -  0.000 s
[2016.05.22-02.12.42:385][  0]LogContentBrowser: Native class hierarchy updated for 'GameplayTags' in 0.0004 seconds. Added 12 classes and 0 folders.
[2016.05.22-02.12.42:388][  0]LogContentBrowser: Native class hierarchy updated for 'WidgetCarousel' in 0.0003 seconds. Added 0 classes and 0 folders.
[2016.05.22-02.12.42:393][  0]LogContentBrowser: Native class hierarchy updated for 'SuperSearch' in 0.0003 seconds. Added 1 classes and 2 folders.
[2016.05.22-02.12.42:425][  0]LogContentBrowser: Native class hierarchy updated for 'AddContentDialog' in 0.0003 seconds. Added 0 classes and 0 folders.
[2016.05.22-02.12.42:430][  0]LogContentBrowser: Native class hierarchy updated for 'WorldBrowser' in 0.0003 seconds. Added 1 classes and 3 folders.
[2016.05.22-02.12.42:434][  0]LogContentBrowser: Native class hierarchy updated for 'SceneOutliner' in 0.0003 seconds. Added 1 classes and 2 folders.
[2016.05.22-02.12.42:499][  0]LogCrashTracker: Crashtracker disabled due to settings.
[2016.05.22-02.12.42:505][  0]LogUObjectGlobals:Warning: Failed to find object 'Class None.'
[2016.05.22-02.12.42:529][  0]LogContentBrowser: Native class hierarchy updated for 'HierarchicalLODOutliner' in 0.0003 seconds. Added 1 classes and 2 folders.
[2016.05.22-02.12.42:530][  0]LogLoad: Full Startup: 6.28 seconds (BP compile: 0.48 seconds)
[2016.05.22-02.12.42:530][  0]LogExternalProfiler: Found external profiler: VSPerf
[2016.05.22-02.12.42:530][  0]LogExternalProfiler: Using external profiler: VSPerf
[2016.05.22-02.12.42:538][  0]LogOcInput: OculusInput pre-init called
[2016.05.22-02.12.42:583][  0]LogContentStreaming: Texture pool size now 1000 MB
[2016.05.22-02.12.42:721][  0]LogRenderer: Reallocating scene render targets to support 1596x808 (Frame:2).
[2016.05.22-02.12.42:795][  1]LogAssetRegistry: Asset discovery search completed in 3.0306 seconds
[2016.05.22-02.12.42:795][  1]LogCollectionManager: Rebuilt the object cache for 0 collections in 0.000001 seconds (found 0 objects)
[2016.05.22-02.12.42:795][  1]LogCollectionManager: Fixed up redirectors for 0 collections in 0.000022 seconds (updated 0 objects)
[2016.05.22-02.13.12:768][207]LogFactory: FactoryCreateBinary: Texture with ReimportTextureFactory (0 0 D:\Drive\DissonEnt\Games\Cyberpunk Shooter\Background City Lights_5.png)
[2016.05.22-02.13.12:772][207]LogTexture:Display: Building textures: Background_City_Lights_5 (AutoDXT)
[2016.05.22-02.13.12:782][207]LogFactory: FactoryCreateBinary: Texture with ReimportTextureFactory (0 0 D:\Drive\DissonEnt\Games\Cyberpunk Shooter\Background City Lights_1.png)
[2016.05.22-02.13.12:784][207]LogTexture:Display: Building textures: Background_City_Lights_1 (AutoDXT)
[2016.05.22-02.13.12:798][207]LogFactory: FactoryCreateBinary: Texture with ReimportTextureFactory (0 0 D:\Drive\DissonEnt\Games\Cyberpunk Shooter\Background City Lights_2.png)
[2016.05.22-02.13.12:799][207]LogTexture:Display: Building textures: Background_City_Lights_2 (AutoDXT)
[2016.05.22-02.13.12:806][207]LogFactory: FactoryCreateBinary: Texture with ReimportTextureFactory (0 0 D:\Drive\DissonEnt\Games\Cyberpunk Shooter\Background City Lights_3.png)
[2016.05.22-02.13.12:807][207]LogTexture:Display: Building textures: Background_City_Lights_3 (AutoDXT)
[2016.05.22-02.13.12:811][207]LogFactory: FactoryCreateBinary: Texture with ReimportTextureFactory (0 0 D:\Drive\DissonEnt\Games\Cyberpunk Shooter\Background City Lights_4.png)
[2016.05.22-02.13.12:812][207]LogTexture:Display: Building textures: Background_City_Lights_4 (AutoDXT)
[2016.05.22-02.13.28:590][934]LogBlueprint:Warning: Node '/Game/Enemies/BasicEnemy/Enemy_Basic.Enemy_Basic:EventGraph.K2Node_Event_601' missing NodeGuid, this can cause deterministic cooking issues please resave package.
[2016.05.22-02.13.28:607][934]LogAIModule: Creating AISystem for world LightingTest
[2016.05.22-02.13.28:608][934]LogParticles:Warning: InitializeSystem called on an unregistered component. Template=/Game/Blueprints/P_Rain.P_Rain Component=/Game/Maps/LightingTest.LightingTest:PersistentLevel.P_Rain_2.ParticleSystemComponent0
[2016.05.22-02.13.28:612][934]LogActorComponent: UnregisterComponent: (/Engine/Transient.ProjectileMovementComponent_40__A6522401) Not registered. Aborting.
[2016.05.22-02.13.29:867][934]Cmd: OBJ SAVEPACKAGE PACKAGE="/Game/Textures/Background_City_Lights_1" FILE="D:/Git/RiggingShooter/GameJamRigging/Content/Textures/Background_City_Lights_1.uasset" SILENT=true
[2016.05.22-02.13.29:870][934]LogSavePackage: Save=2.03ms
[2016.05.22-02.13.29:870][934]LogSavePackage: Moving 'D:/Git/RiggingShooter/GameJamRigging/Saved/Background_City_Lights_10C909907429997EFE035FA99DBAB64FD.tmp' to 'D:/Git/RiggingShooter/GameJamRigging/Content/Textures/Background_City_Lights_1.uasset'
[2016.05.22-02.13.29:870][934]LogSavePackage: Total save time: 3.01ms
[2016.05.22-02.13.29:870][934]LogSavePackage:Display: Finished SavePackage D:/Git/RiggingShooter/GameJamRigging/Content/Textures/Background_City_Lights_1.uasset
[2016.05.22-02.13.29:873][934]Cmd: OBJ SAVEPACKAGE PACKAGE="/Game/Textures/Background_City_Lights_2" FILE="D:/Git/RiggingShooter/GameJamRigging/Content/Textures/Background_City_Lights_2.uasset" SILENT=true
[2016.05.22-02.13.29:875][934]LogSavePackage: Save=1.49ms
[2016.05.22-02.13.29:875][934]LogSavePackage: Moving 'D:/Git/RiggingShooter/GameJamRigging/Saved/Background_City_Lights_226B096DF43ABC0F6C34F09B77B4A8172.tmp' to 'D:/Git/RiggingShooter/GameJamRigging/Content/Textures/Background_City_Lights_2.uasset'
[2016.05.22-02.13.29:876][934]LogSavePackage: Total save time: 2.42ms
[2016.05.22-02.13.29:876][934]LogSavePackage:Display: Finished SavePackage D:/Git/RiggingShooter/GameJamRigging/Content/Textures/Background_City_Lights_2.uasset
[2016.05.22-02.13.29:879][934]Cmd: OBJ SAVEPACKAGE PACKAGE="/Game/Textures/Background_City_Lights_3" FILE="D:/Git/RiggingShooter/GameJamRigging/Content/Textures/Background_City_Lights_3.uasset" SILENT=true
[2016.05.22-02.13.29:881][934]LogSavePackage: Save=1.53ms
[2016.05.22-02.13.29:881][934]LogSavePackage: Moving 'D:/Git/RiggingShooter/GameJamRigging/Saved/Background_City_Lights_3D91E7F6442AC674A712B6F822B874C8F.tmp' to 'D:/Git/RiggingShooter/GameJamRigging/Content/Textures/Background_City_Lights_3.uasset'
[2016.05.22-02.13.29:882][934]LogSavePackage: Total save time: 2.44ms
[2016.05.22-02.13.29:882][934]LogSavePackage:Display: Finished SavePackage D:/Git/RiggingShooter/GameJamRigging/Content/Textures/Background_City_Lights_3.uasset
[2016.05.22-02.13.29:884][934]Cmd: OBJ SAVEPACKAGE PACKAGE="/Game/Textures/Background_City_Lights_4" FILE="D:/Git/RiggingShooter/GameJamRigging/Content/Textures/Background_City_Lights_4.uasset" SILENT=true
[2016.05.22-02.13.29:897][934]LogSavePackage: Save=1.50ms
[2016.05.22-02.13.29:898][934]LogSavePackage: Moving 'D:/Git/RiggingShooter/GameJamRigging/Saved/Background_City_Lights_4E22344C9450363F5121BE1AFF2201BAC.tmp' to 'D:/Git/RiggingShooter/GameJamRigging/Content/Textures/Background_City_Lights_4.uasset'
[2016.05.22-02.13.29:898][934]LogSavePackage: Total save time: 2.49ms
[2016.05.22-02.13.29:898][934]LogSavePackage:Display: Finished SavePackage D:/Git/RiggingShooter/GameJamRigging/Content/Textures/Background_City_Lights_4.uasset
[2016.05.22-02.13.29:901][934]Cmd: OBJ SAVEPACKAGE PACKAGE="/Game/Textures/Background_City_Lights_5" FILE="D:/Git/RiggingShooter/GameJamRigging/Content/Textures/Background_City_Lights_5.uasset" SILENT=true
[2016.05.22-02.13.29:904][934]LogSavePackage: Save=1.55ms
[2016.05.22-02.13.29:904][934]LogSavePackage: Moving 'D:/Git/RiggingShooter/GameJamRigging/Saved/Background_City_Lights_513F36A2F434C0DC6EABD53AFDD845CD1.tmp' to 'D:/Git/RiggingShooter/GameJamRigging/Content/Textures/Background_City_Lights_5.uasset'
[2016.05.22-02.13.29:904][934]LogSavePackage: Total save time: 2.46ms
[2016.05.22-02.13.29:904][934]LogSavePackage:Display: Finished SavePackage D:/Git/RiggingShooter/GameJamRigging/Content/Textures/Background_City_Lights_5.uasset
[2016.05.22-02.13.29:906][934]Cmd: MAP LOAD FILE="D:/Git/RiggingShooter/GameJamRigging/Content/Maps/LightingTest.umap" TEMPLATE=0 SHOWPROGRESS=1 FEATURELEVEL=3
[2016.05.22-02.13.29:906][934]LightingResults: New page: Lighting Build
[2016.05.22-02.13.29:928][934]LoadErrors: New page: Loading map: LightingTest.umap
[2016.05.22-02.13.29:929][934]MapCheck: New page: Map Check
[2016.05.22-02.13.29:929][934]LightingResults: New page: Lighting Build
[2016.05.22-02.13.29:993][934]LogEditorServer: Finished looking for orphan Actors (0.000 secs)
[2016.05.22-02.13.30:033][934]Cmd: MAP CHECKDEP NOCLEARLOG
[2016.05.22-02.13.30:086][934]MapCheck: Info Map check complete: 0 Error(s), 0 Warning(s), took 52.614ms to complete.
[2016.05.22-02.13.30:087][934]LogFileHelpers: Loading map 'LightingTest' took 0.182
[2016.05.22-02.13.40:139][126]Cmd: BRUSH ADD SELECTNEWBRUSH
[2016.05.22-02.13.52:942][551]LogMaterial: Missing cached shader map for material NewMaterial, compiling. 
[2016.05.22-02.13.53:010][551]LogMaterial: Missing cached shader map for material NewMaterial, compiling. 
[2016.05.22-02.13.53:015][551]LogMaterial: 0.00 seconds spent updating 1 materials, 1 interfaces, 0 instances, 0 with static permutations.
[2016.05.22-02.13.54:004][597]MaterialEditorStats: Info Base pass shader with only dynamic lighting: 22 instructions
[2016.05.22-02.13.54:004][597]MaterialEditorStats: Info Vertex shader: 29 instructions
[2016.05.22-02.13.54:004][597]MaterialEditorStats: Info Texture samplers: 0/16
[2016.05.22-02.13.58:388][957]LogMaterial: Missing cached shader map for material NewMaterial, compiling. 
[2016.05.22-02.13.58:393][957]LogMaterial: 0.00 seconds spent updating 1 materials, 1 interfaces, 0 instances, 0 with static permutations.
[2016.05.22-02.13.58:395][957]LogMaterial: Missing cached shader map for material FMatExpressionPreview MaterialExpressionTextureSample_0, compiling. 
[2016.05.22-02.13.58:422][957]LogMaterial: Missing cached shader map for material FMatExpressionPreview MaterialExpressionTextureSample_0, compiling. 
[2016.05.22-02.13.59:141][995]MaterialEditorStats: Info Base pass shader with only dynamic lighting: 22 instructions
[2016.05.22-02.13.59:141][995]MaterialEditorStats: Info Vertex shader: 29 instructions
[2016.05.22-02.13.59:141][995]MaterialEditorStats: Info Texture samplers: 0/16
[2016.05.22-02.13.59:754][ 39]LogMaterial: Uniform references updated for custom material expression Custom.
[2016.05.22-02.13.59:780][ 39]LogMaterial: Uniform references updated for custom material expression TemporalAA SampleID.
[2016.05.22-02.13.59:834][ 39]LogMaterial: Uniform references updated for custom material expression Ambient Cubemap Intensity.
[2016.05.22-02.13.59:835][ 39]LogMaterial: Uniform references updated for custom material expression Ambient Cubemap Tint.
[2016.05.22-02.14.05:486][521]LogMaterial: Missing cached shader map for material NewMaterial, compiling. 
[2016.05.22-02.14.05:491][521]LogMaterial: 0.00 seconds spent updating 1 materials, 1 interfaces, 0 instances, 0 with static permutations.
[2016.05.22-02.14.05:494][521]LogMaterial: Missing cached shader map for material NewMaterial, compiling. 
[2016.05.22-02.14.05:499][521]LogMaterial: 0.00 seconds spent updating 1 materials, 1 interfaces, 0 instances, 0 with static permutations.
[2016.05.22-02.14.05:523][521]LogMaterial: Missing cached shader map for material FMatExpressionPreview MaterialExpressionTextureSample_0, compiling. 
[2016.05.22-02.14.06:252][561]MaterialEditorStats: Info Base pass shader with only dynamic lighting: 22 instructions
[2016.05.22-02.14.06:252][561]MaterialEditorStats: Info Vertex shader: 29 instructions
[2016.05.22-02.14.06:252][561]MaterialEditorStats: Info Texture samplers: 0/16
[2016.05.22-02.14.12:025][ 92]LogMaterial: Missing cached shader map for material NewMaterial, compiling. 
[2016.05.22-02.14.12:031][ 92]LogMaterial: 0.00 seconds spent updating 1 materials, 1 interfaces, 0 instances, 0 with static permutations.
[2016.05.22-02.14.12:032][ 92]LogMaterial: Missing cached shader map for material FMatExpressionPreview MaterialExpressionConstant4Vector_0, compiling. 
[2016.05.22-02.14.12:037][ 92]LogMaterial: Missing cached shader map for material NewMaterial, compiling. 
[2016.05.22-02.14.12:044][ 92]LogMaterial: 0.00 seconds spent updating 1 materials, 1 interfaces, 0 instances, 0 with static permutations.
[2016.05.22-02.14.12:071][ 92]LogMaterial: Missing cached shader map for material FMatExpressionPreview MaterialExpressionConstant4Vector_0, compiling. 
[2016.05.22-02.14.12:962][143]MaterialEditorStats: Info Base pass shader with only dynamic lighting: 22 instructions
[2016.05.22-02.14.12:962][143]MaterialEditorStats: Info Vertex shader: 29 instructions
[2016.05.22-02.14.12:962][143]MaterialEditorStats: Info Texture samplers: 0/16
[2016.05.22-02.14.15:554][377]LogMaterial: Missing cached shader map for material NewMaterial, compiling. 
[2016.05.22-02.14.15:559][377]LogMaterial: 0.00 seconds spent updating 1 materials, 1 interfaces, 0 instances, 0 with static permutations.
[2016.05.22-02.14.15:561][377]LogMaterial: Missing cached shader map for material NewMaterial, compiling. 
[2016.05.22-02.14.15:566][377]LogMaterial: 0.00 seconds spent updating 1 materials, 1 interfaces, 0 instances, 0 with static permutations.
[2016.05.22-02.14.16:318][419]MaterialEditorStats: Info Base pass shader with only dynamic lighting: 22 instructions
[2016.05.22-02.14.16:318][419]MaterialEditorStats: Info Vertex shader: 29 instructions
[2016.05.22-02.14.16:318][419]MaterialEditorStats: Info Texture samplers: 0/16
[2016.05.22-02.14.19:129][673]LogMaterial: Missing cached shader map for material NewMaterial, compiling. 
[2016.05.22-02.14.19:134][673]LogMaterial: 0.00 seconds spent updating 1 materials, 1 interfaces, 0 instances, 0 with static permutations.
[2016.05.22-02.14.19:137][673]LogMaterial: Missing cached shader map for material NewMaterial, compiling. 
[2016.05.22-02.14.19:142][673]LogMaterial: 0.00 seconds spent updating 1 materials, 1 interfaces, 0 instances, 0 with static permutations.
[2016.05.22-02.14.19:886][713]MaterialEditorStats: Info Base pass shader with only dynamic lighting: 22 instructions
[2016.05.22-02.14.19:886][713]MaterialEditorStats: Info Vertex shader: 29 instructions
[2016.05.22-02.14.19:886][713]MaterialEditorStats: Info Texture samplers: 0/16
[2016.05.22-02.14.20:503][770]LogMaterial: Missing cached shader map for material NewMaterial, compiling. 
[2016.05.22-02.14.20:503][770]LogMaterial:Warning: Failed to compile Material /Engine/Transient.NewMaterial for platform PCD3D_SM5, Default Material will be used in game.
[2016.05.22-02.14.20:503][770]LogMaterial:Warning: 	(Node Multiply) Arithmetic between types float3 and float4 are undefined
[2016.05.22-02.14.20:503][770]LogMaterial: 0.00 seconds spent updating 1 materials, 1 interfaces, 0 instances, 0 with static permutations.
[2016.05.22-02.14.20:504][770]MaterialEditorStats:Error: Error [SM5] (Node Multiply) Arithmetic between types float3 and float4 are undefined
[2016.05.22-02.14.26:569][248]LogMaterial: Missing cached shader map for material NewMaterial, compiling. 
[2016.05.22-02.14.26:569][248]LogMaterial:Warning: Failed to compile Material /Engine/Transient.NewMaterial for platform PCD3D_SM5, Default Material will be used in game.
[2016.05.22-02.14.26:570][248]LogMaterial:Warning: 	(Node Multiply) Arithmetic between types float3 and float4 are undefined
[2016.05.22-02.14.26:570][248]LogMaterial: 0.00 seconds spent updating 1 materials, 1 interfaces, 0 instances, 0 with static permutations.
[2016.05.22-02.14.26:571][248]LogMaterial: Missing cached shader map for material FMatExpressionPreview MaterialExpressionConstant3Vector_0, compiling. 
[2016.05.22-02.14.29:401][491]LogMaterial: Missing cached shader map for material NewMaterial, compiling. 
[2016.05.22-02.14.29:406][491]LogMaterial: 0.00 seconds spent updating 1 materials, 1 interfaces, 0 instances, 0 with static permutations.
[2016.05.22-02.14.29:432][491]LogMaterial: Missing cached shader map for material FMatExpressionPreview MaterialExpressionConstant3Vector_0, compiling. 
[2016.05.22-02.14.30:185][531]MaterialEditorStats: Info Base pass shader with only dynamic lighting: 22 instructions
[2016.05.22-02.14.30:185][531]MaterialEditorStats: Info Vertex shader: 31 instructions
[2016.05.22-02.14.30:185][531]MaterialEditorStats: Info Texture samplers: 0/16
[2016.05.22-02.14.31:063][604]LogMaterial: Missing cached shader map for material NewMaterial, compiling. 
[2016.05.22-02.14.31:069][604]LogMaterial: 0.00 seconds spent updating 1 materials, 1 interfaces, 0 instances, 0 with static permutations.
[2016.05.22-02.14.31:808][645]MaterialEditorStats: Info Base pass shader with only dynamic lighting: 22 instructions
[2016.05.22-02.14.31:808][645]MaterialEditorStats: Info Vertex shader: 31 instructions
[2016.05.22-02.14.31:808][645]MaterialEditorStats: Info Texture samplers: 0/16
[2016.05.22-02.14.32:833][727]LogMaterial: Missing cached shader map for material NewMaterial, compiling. 
[2016.05.22-02.14.32:838][727]LogMaterial: 0.00 seconds spent updating 1 materials, 1 interfaces, 0 instances, 0 with static permutations.
[2016.05.22-02.14.32:863][727]LogMaterial: Missing cached shader map for material FMatExpressionPreview MaterialExpressionConstant3Vector_0, compiling. 
[2016.05.22-02.14.32:894][728]LogMaterial: Missing cached shader map for material NewMaterial, compiling. 
[2016.05.22-02.14.32:902][728]LogMaterial: 0.00 seconds spent updating 1 materials, 1 interfaces, 0 instances, 0 with static permutations.
[2016.05.22-02.14.32:927][728]LogMaterial: Missing cached shader map for material FMatExpressionPreview MaterialExpressionConstant3Vector_0, compiling. 
[2016.05.22-02.14.32:933][728]LogMaterial: Missing cached shader map for material NewMaterial, compiling. 
[2016.05.22-02.14.32:943][728]LogMaterial: 0.00 seconds spent updating 1 materials, 1 interfaces, 0 instances, 0 with static permutations.
[2016.05.22-02.14.32:971][728]LogMaterial: Missing cached shader map for material FMatExpressionPreview MaterialExpressionConstant3Vector_0, compiling. 
[2016.05.22-02.14.32:980][728]LogMaterial: Missing cached shader map for material NewMaterial, compiling. 
[2016.05.22-02.14.32:988][728]LogMaterial: 0.00 seconds spent updating 1 materials, 1 interfaces, 0 instances, 0 with static permutations.
[2016.05.22-02.14.33:016][728]LogMaterial: Missing cached shader map for material FMatExpressionPreview MaterialExpressionConstant3Vector_0, compiling. 
[2016.05.22-02.14.33:023][728]LogMaterial: Missing cached shader map for material NewMaterial, compiling. 
[2016.05.22-02.14.33:031][728]LogMaterial: 0.00 seconds spent updating 1 materials, 1 interfaces, 0 instances, 0 with static permutations.
[2016.05.22-02.14.33:060][728]LogMaterial: Missing cached shader map for material FMatExpressionPreview MaterialExpressionConstant3Vector_0, compiling. 
[2016.05.22-02.14.33:067][728]LogMaterial: Missing cached shader map for material NewMaterial, compiling. 
[2016.05.22-02.14.33:075][728]LogMaterial: 0.00 seconds spent updating 1 materials, 1 interfaces, 0 instances, 0 with static permutations.
[2016.05.22-02.14.33:105][728]LogMaterial: Missing cached shader map for material FMatExpressionPreview MaterialExpressionConstant3Vector_0, compiling. 
[2016.05.22-02.14.34:022][777]MaterialEditorStats: Info Base pass shader with only dynamic lighting: 22 instructions
[2016.05.22-02.14.34:022][777]MaterialEditorStats: Info Vertex shader: 31 instructions
[2016.05.22-02.14.34:022][777]MaterialEditorStats: Info Texture samplers: 0/16
[2016.05.22-02.14.38:424][126]LogMaterial: Missing cached shader map for material NewMaterial, compiling. 
[2016.05.22-02.14.38:429][126]LogMaterial: 0.00 seconds spent updating 1 materials, 1 interfaces, 0 instances, 0 with static permutations.
[2016.05.22-02.14.38:455][126]LogMaterial: Missing cached shader map for material FMatExpressionPreview MaterialExpressionConstant3Vector_0, compiling. 
[2016.05.22-02.14.38:489][127]LogMaterial: Missing cached shader map for material NewMaterial, compiling. 
[2016.05.22-02.14.38:498][127]LogMaterial: 0.00 seconds spent updating 1 materials, 1 interfaces, 0 instances, 0 with static permutations.
[2016.05.22-02.14.38:527][127]LogMaterial: Missing cached shader map for material FMatExpressionPreview MaterialExpressionConstant3Vector_0, compiling. 
[2016.05.22-02.14.38:532][127]LogMaterial: Missing cached shader map for material NewMaterial, compiling. 
[2016.05.22-02.14.38:539][127]LogMaterial: 0.00 seconds spent updating 1 materials, 1 interfaces, 0 instances, 0 with static permutations.
[2016.05.22-02.14.38:565][127]LogMaterial: Missing cached shader map for material FMatExpressionPreview MaterialExpressionConstant3Vector_0, compiling. 
[2016.05.22-02.14.38:571][127]LogMaterial: Missing cached shader map for material NewMaterial, compiling. 
[2016.05.22-02.14.38:580][127]LogMaterial: 0.00 seconds spent updating 1 materials, 1 interfaces, 0 instances, 0 with static permutations.
[2016.05.22-02.14.38:609][127]LogMaterial: Missing cached shader map for material FMatExpressionPreview MaterialExpressionConstant3Vector_0, compiling. 
[2016.05.22-02.14.38:617][127]LogMaterial: Missing cached shader map for material NewMaterial, compiling. 
[2016.05.22-02.14.38:622][127]LogMaterial: 0.00 seconds spent updating 1 materials, 1 interfaces, 0 instances, 0 with static permutations.
[2016.05.22-02.14.38:648][127]LogMaterial: Missing cached shader map for material FMatExpressionPreview MaterialExpressionConstant3Vector_0, compiling. 
[2016.05.22-02.14.38:653][127]LogMaterial: Missing cached shader map for material NewMaterial, compiling. 
[2016.05.22-02.14.38:662][127]LogMaterial: 0.00 seconds spent updating 1 materials, 1 interfaces, 0 instances, 0 with static permutations.
[2016.05.22-02.14.38:692][127]LogMaterial: Missing cached shader map for material FMatExpressionPreview MaterialExpressionConstant3Vector_0, compiling. 
[2016.05.22-02.14.38:754][130]LogMaterial: Missing cached shader map for material NewMaterial, compiling. 
[2016.05.22-02.14.38:764][130]LogMaterial: 0.00 seconds spent updating 1 materials, 1 interfaces, 0 instances, 0 with static permutations.
[2016.05.22-02.14.38:790][130]LogMaterial: Missing cached shader map for material FMatExpressionPreview MaterialExpressionConstant3Vector_0, compiling. 
[2016.05.22-02.14.38:796][130]LogMaterial: Missing cached shader map for material NewMaterial, compiling. 
[2016.05.22-02.14.38:805][130]LogMaterial: 0.00 seconds spent updating 1 materials, 1 interfaces, 0 instances, 0 with static permutations.
[2016.05.22-02.14.38:834][130]LogMaterial: Missing cached shader map for material FMatExpressionPreview MaterialExpressionConstant3Vector_0, compiling. 
[2016.05.22-02.14.38:840][130]LogMaterial: Missing cached shader map for material NewMaterial, compiling. 
[2016.05.22-02.14.38:847][130]LogMaterial: 0.00 seconds spent updating 1 materials, 1 interfaces, 0 instances, 0 with static permutations.
[2016.05.22-02.14.38:873][130]LogMaterial: Missing cached shader map for material FMatExpressionPreview MaterialExpressionConstant3Vector_0, compiling. 
[2016.05.22-02.14.38:879][130]LogMaterial: Missing cached shader map for material NewMaterial, compiling. 
[2016.05.22-02.14.38:886][130]LogMaterial: 0.00 seconds spent updating 1 materials, 1 interfaces, 0 instances, 0 with static permutations.
[2016.05.22-02.14.38:910][130]LogMaterial: Missing cached shader map for material FMatExpressionPreview MaterialExpressionConstant3Vector_0, compiling. 
[2016.05.22-02.14.38:916][130]LogMaterial: Missing cached shader map for material NewMaterial, compiling. 
[2016.05.22-02.14.38:925][130]LogMaterial: 0.00 seconds spent updating 1 materials, 1 interfaces, 0 instances, 0 with static permutations.
[2016.05.22-02.14.38:955][130]LogMaterial: Missing cached shader map for material FMatExpressionPreview MaterialExpressionConstant3Vector_0, compiling. 
[2016.05.22-02.14.38:962][130]LogMaterial: Missing cached shader map for material NewMaterial, compiling. 
[2016.05.22-02.14.38:971][130]LogMaterial: 0.00 seconds spent updating 1 materials, 1 interfaces, 0 instances, 0 with static permutations.
[2016.05.22-02.14.38:999][130]LogMaterial: Missing cached shader map for material FMatExpressionPreview MaterialExpressionConstant3Vector_0, compiling. 
[2016.05.22-02.14.39:005][130]LogMaterial: Missing cached shader map for material NewMaterial, compiling. 
[2016.05.22-02.14.39:014][130]LogMaterial: 0.00 seconds spent updating 1 materials, 1 interfaces, 0 instances, 0 with static permutations.
[2016.05.22-02.14.39:044][130]LogMaterial: Missing cached shader map for material FMatExpressionPreview MaterialExpressionConstant3Vector_0, compiling. 
[2016.05.22-02.14.39:051][130]LogMaterial: Missing cached shader map for material NewMaterial, compiling. 
[2016.05.22-02.14.39:059][130]LogMaterial: 0.00 seconds spent updating 1 materials, 1 interfaces, 0 instances, 0 with static permutations.
[2016.05.22-02.14.39:089][130]LogMaterial: Missing cached shader map for material FMatExpressionPreview MaterialExpressionConstant3Vector_0, compiling. 
[2016.05.22-02.14.39:095][130]LogMaterial: Missing cached shader map for material NewMaterial, compiling. 
[2016.05.22-02.14.39:104][130]LogMaterial: 0.00 seconds spent updating 1 materials, 1 interfaces, 0 instances, 0 with static permutations.
[2016.05.22-02.14.39:133][130]LogMaterial: Missing cached shader map for material FMatExpressionPreview MaterialExpressionConstant3Vector_0, compiling. 
[2016.05.22-02.14.39:232][135]LogMaterial: Missing cached shader map for material NewMaterial, compiling. 
[2016.05.22-02.14.39:241][135]LogMaterial: 0.00 seconds spent updating 1 materials, 1 interfaces, 0 instances, 0 with static permutations.
[2016.05.22-02.14.39:269][135]LogMaterial: Missing cached shader map for material FMatExpressionPreview MaterialExpressionConstant3Vector_0, compiling. 
[2016.05.22-02.14.40:044][176]MaterialEditorStats: Info Base pass shader with only dynamic lighting: 22 instructions
[2016.05.22-02.14.40:044][176]MaterialEditorStats: Info Vertex shader: 31 instructions
[2016.05.22-02.14.40:044][176]MaterialEditorStats: Info Texture samplers: 0/16
[2016.05.22-02.14.40:928][245]LogMaterial: Missing cached shader map for material NewMaterial, compiling. 
[2016.05.22-02.14.40:933][245]LogMaterial: 0.00 seconds spent updating 1 materials, 1 interfaces, 0 instances, 0 with static permutations.
[2016.05.22-02.14.40:958][245]LogMaterial: Missing cached shader map for material FMatExpressionPreview MaterialExpressionConstant3Vector_0, compiling. 
[2016.05.22-02.14.41:008][247]LogMaterial: Missing cached shader map for material NewMaterial, compiling. 
[2016.05.22-02.14.41:015][247]LogMaterial: 0.00 seconds spent updating 1 materials, 1 interfaces, 0 instances, 0 with static permutations.
[2016.05.22-02.14.41:041][247]LogMaterial: Missing cached shader map for material FMatExpressionPreview MaterialExpressionConstant3Vector_0, compiling. 
[2016.05.22-02.14.41:048][247]LogMaterial: Missing cached shader map for material NewMaterial, compiling. 
[2016.05.22-02.14.41:056][247]LogMaterial: 0.00 seconds spent updating 1 materials, 1 interfaces, 0 instances, 0 with static permutations.
[2016.05.22-02.14.41:086][247]LogMaterial: Missing cached shader map for material FMatExpressionPreview MaterialExpressionConstant3Vector_0, compiling. 
[2016.05.22-02.14.41:092][247]LogMaterial: Missing cached shader map for material NewMaterial, compiling. 
[2016.05.22-02.14.41:099][247]LogMaterial: 0.00 seconds spent updating 1 materials, 1 interfaces, 0 instances, 0 with static permutations.
[2016.05.22-02.14.41:124][247]LogMaterial: Missing cached shader map for material FMatExpressionPreview MaterialExpressionConstant3Vector_0, compiling. 
[2016.05.22-02.14.41:130][247]LogMaterial: Missing cached shader map for material NewMaterial, compiling. 
[2016.05.22-02.14.41:137][247]LogMaterial: 0.00 seconds spent updating 1 materials, 1 interfaces, 0 instances, 0 with static permutations.
[2016.05.22-02.14.41:162][247]LogMaterial: Missing cached shader map for material FMatExpressionPreview MaterialExpressionConstant3Vector_0, compiling. 
[2016.05.22-02.14.41:316][255]LogMaterial: Missing cached shader map for material NewMaterial, compiling. 
[2016.05.22-02.14.41:324][255]LogMaterial: 0.00 seconds spent updating 1 materials, 1 interfaces, 0 instances, 0 with static permutations.
[2016.05.22-02.14.41:350][255]LogMaterial: Missing cached shader map for material FMatExpressionPreview MaterialExpressionConstant3Vector_0, compiling. 
[2016.05.22-02.14.42:435][294]MaterialEditorStats: Info Base pass shader with only dynamic lighting: 22 instructions
[2016.05.22-02.14.42:435][294]MaterialEditorStats: Info Vertex shader: 31 instructions
[2016.05.22-02.14.42:435][294]MaterialEditorStats: Info Texture samplers: 0/16
[2016.05.22-02.14.48:704][832]LogMaterial: Missing cached shader map for material NewMaterial, compiling. 
[2016.05.22-02.14.48:710][832]LogMaterial: 0.00 seconds spent updating 1 materials, 1 interfaces, 0 instances, 0 with static permutations.
[2016.05.22-02.14.49:462][876]MaterialEditorStats: Info Base pass shader with only dynamic lighting: 24 instructions
[2016.05.22-02.14.49:462][876]MaterialEditorStats: Info Vertex shader: 31 instructions
[2016.05.22-02.14.49:462][876]MaterialEditorStats: Info Texture samplers: 1/16
[2016.05.22-02.14.50:057][927]LogMaterialEditor: Applying material NewMaterial
[2016.05.22-02.14.50:462][927]LogMaterial: Missing cached shader map for material NewMaterial, compiling. 
[2016.05.22-02.14.50:477][927]LogMaterial: 0.00 seconds spent updating 1 materials, 1 interfaces, 0 instances, 0 with static permutations.
[2016.05.22-02.14.50:504][927]LogMaterial: Missing cached shader map for material NewMaterial, compiling. 
[2016.05.22-02.14.50:528][927]LogMaterial: Missing cached shader map for material NewMaterial, compiling. 
[2016.05.22-02.14.50:539][927]LogMaterial: 0.00 seconds spent updating 1 materials, 1 interfaces, 0 instances, 0 with static permutations.
[2016.05.22-02.14.52:976][ 81]MaterialEditorStats: Info Base pass shader with only dynamic lighting: 60 instructions
[2016.05.22-02.14.52:976][ 81]MaterialEditorStats: Info Vertex shader: 31 instructions
[2016.05.22-02.14.52:976][ 81]MaterialEditorStats: Info Texture samplers: 4/16
[2016.05.22-02.15.47:612][678]LogEditorViewport: Clicking Background
[2016.05.22-02.15.48:013][717]LogEditorViewport: Clicking on Actor (LMB): StaticMeshActor (SM_GlassWindow)
[2016.05.22-02.15.58:612][629]Cmd: POLY TEXSCALE  UU=0.062500 VV=0.062500
[2016.05.22-02.16.10:728][685]Cmd: POLY TEXSCALE  UU=0.031250 VV=0.031250
[2016.05.22-02.16.15:118][ 61]Cmd: POLY TEXPAN U=1.000000 V=0.000000
[2016.05.22-02.16.15:273][ 74]Cmd: POLY TEXPAN U=1.000000 V=0.000000
[2016.05.22-02.16.15:443][ 89]Cmd: POLY TEXPAN U=1.000000 V=0.000000
[2016.05.22-02.16.15:609][103]Cmd: POLY TEXPAN U=1.000000 V=0.000000
[2016.05.22-02.16.15:763][117]Cmd: POLY TEXPAN U=1.000000 V=0.000000
[2016.05.22-02.16.15:940][132]Cmd: POLY TEXPAN U=1.000000 V=0.000000
[2016.05.22-02.16.16:109][147]Cmd: POLY TEXPAN U=1.000000 V=0.000000
[2016.05.22-02.16.16:275][161]Cmd: POLY TEXPAN U=1.000000 V=0.000000
[2016.05.22-02.16.16:432][175]Cmd: POLY TEXPAN U=1.000000 V=0.000000
[2016.05.22-02.16.16:907][215]Cmd: POLY TEXPAN U=0.000000 V=1.000000
[2016.05.22-02.16.17:087][230]Cmd: POLY TEXPAN U=0.000000 V=1.000000
[2016.05.22-02.16.17:259][245]Cmd: POLY TEXPAN U=0.000000 V=1.000000
[2016.05.22-02.16.17:424][259]Cmd: POLY TEXPAN U=0.000000 V=1.000000
[2016.05.22-02.16.17:604][275]Cmd: POLY TEXPAN U=0.000000 V=1.000000
[2016.05.22-02.16.17:783][290]Cmd: POLY TEXPAN U=0.000000 V=1.000000
[2016.05.22-02.16.17:972][307]Cmd: POLY TEXPAN U=0.000000 V=1.000000
[2016.05.22-02.16.18:127][320]Cmd: POLY TEXPAN U=0.000000 V=1.000000
[2016.05.22-02.16.18:492][351]Cmd: POLY TEXPAN U=1.000000 V=0.000000
[2016.05.22-02.16.18:683][367]Cmd: POLY TEXPAN U=1.000000 V=0.000000
[2016.05.22-02.16.18:827][380]Cmd: POLY TEXPAN U=1.000000 V=0.000000
[2016.05.22-02.16.18:999][394]Cmd: POLY TEXPAN U=1.000000 V=0.000000
[2016.05.22-02.16.19:159][408]Cmd: POLY TEXPAN U=1.000000 V=0.000000
[2016.05.22-02.16.19:674][452]Cmd: POLY TEXPAN U=4.000000 V=0.000000
[2016.05.22-02.16.19:842][466]Cmd: POLY TEXPAN U=4.000000 V=0.000000
[2016.05.22-02.16.20:009][481]Cmd: POLY TEXPAN U=4.000000 V=0.000000
[2016.05.22-02.16.20:223][499]Cmd: POLY TEXPAN U=4.000000 V=0.000000
[2016.05.22-02.16.20:387][514]Cmd: POLY TEXPAN U=4.000000 V=0.000000
[2016.05.22-02.16.20:566][529]Cmd: POLY TEXPAN U=4.000000 V=0.000000
[2016.05.22-02.16.21:901][642]Cmd: POLY TEXMULT UU=0.707107 VV=0.707107 UV=-0.707107 VU=0.707107
[2016.05.22-02.16.22:104][660]Cmd: POLY TEXMULT UU=0.707107 VV=0.707107 UV=-0.707107 VU=0.707107
[2016.05.22-02.16.22:531][696]Cmd: POLY TEXMULT UU=0.707107 VV=0.707107 UV=-0.707107 VU=0.707107
[2016.05.22-02.16.22:989][736]Cmd: POLY TEXMULT UU=0.707107 VV=0.707107 UV=-0.707107 VU=0.707107
[2016.05.22-02.16.23:183][752]Cmd: POLY TEXMULT UU=0.707107 VV=0.707107 UV=-0.707107 VU=0.707107
[2016.05.22-02.16.23:693][796]Cmd: POLY TEXMULT UU=0.707107 VV=0.707107 UV=-0.707107 VU=0.707107
[2016.05.22-02.16.24:764][888]Cmd: POLY TEXMULT UU=0.707107 VV=0.707107 UV=-0.707107 VU=0.707107
[2016.05.22-02.16.24:917][901]Cmd: POLY TEXMULT UU=0.707107 VV=0.707107 UV=-0.707107 VU=0.707107
[2016.05.22-02.16.25:989][992]Cmd: POLY TEXMULT UU=-0.000000 VV=-0.000000 UV=-1.000000 VU=1.000000
[2016.05.22-02.16.32:711][555]LogEditorViewport: Clicking Background
[2016.05.22-02.18.21:791][833]Cmd: POLY TEXSCALE  UU=0.031250 VV=0.031250
[2016.05.22-02.18.28:072][373]Cmd: POLY TEXSCALE  UU=0.500000 VV=0.500000
[2016.05.22-02.18.32:814][777]Cmd: POLY TEXSCALE  UU=0.062500 VV=0.062500
[2016.05.22-02.18.34:984][940]LogEditorViewport: Clicking on Actor (LMB): PostProcessVolume (PostProcessVolume)
[2016.05.22-02.18.43:341][641]Cmd: POLY TEXSCALE  UU=0.031250 VV=0.031250
[2016.05.22-02.18.47:122][949]Cmd: POLY TEXMULT UU=-0.000000 VV=-0.000000 UV=-1.000000 VU=1.000000
[2016.05.22-02.18.50:672][229]Cmd: POLY TEXPAN U=0.000000 V=4.000000
[2016.05.22-02.18.50:830][242]Cmd: POLY TEXPAN U=0.000000 V=4.000000
[2016.05.22-02.18.52:474][380]Cmd: POLY TEXPAN U=0.000000 V=1.000000
[2016.05.22-02.18.52:605][391]Cmd: POLY TEXPAN U=0.000000 V=1.000000
[2016.05.22-02.18.53:452][462]Cmd: POLY TEXPAN U=0.000000 V=1.000000
[2016.05.22-02.18.53:879][498]Cmd: POLY TEXPAN U=0.000000 V=1.000000
[2016.05.22-02.18.54:929][585]Cmd: POLY TEXPAN U=1.000000 V=0.000000
[2016.05.22-02.18.55:134][602]Cmd: POLY TEXPAN U=1.000000 V=0.000000
[2016.05.22-02.18.56:704][736]Cmd: POLY TEXPAN U=-1.000000 V=-0.000000
[2016.05.22-02.18.56:885][751]Cmd: POLY TEXPAN U=-1.000000 V=-0.000000
[2016.05.22-02.18.57:066][767]Cmd: POLY TEXPAN U=-1.000000 V=-0.000000
[2016.05.22-02.18.57:245][782]Cmd: POLY TEXPAN U=-1.000000 V=-0.000000
[2016.05.22-02.18.59:580][980]Cmd: POLY TEXPAN U=-0.000000 V=-4.000000
[2016.05.22-02.18.59:919][  8]Cmd: POLY TEXPAN U=-0.000000 V=-4.000000
[2016.05.22-02.19.02:927][263]LogEditorViewport: Clicking on Actor (LMB): StaticMeshActor (SM_GlassWindow)
[2016.05.22-02.19.03:660][319]LogEditorViewport: Clicking Background
[2016.05.22-02.20.18:521][252]Cmd: POLY TEXSCALE  UU=0.031250 VV=0.062500
[2016.05.22-02.20.25:697][877]Cmd: POLY TEXSCALE  UU=0.062500 VV=0.062500
[2016.05.22-02.20.32:829][489]Cmd: POLY TEXSCALE  UU=0.031250 VV=0.125000
[2016.05.22-02.20.40:018][109]Cmd: POLY TEXSCALE  UU=0.062500 VV=0.031250
[2016.05.22-02.20.43:600][417]Cmd: POLY TEXSCALE  UU=0.031250 VV=0.031250
[2016.05.22-02.20.46:441][660]Cmd: POLY TEXSCALE  UU=0.031250 VV=0.062500
[2016.05.22-02.20.49:361][903]LogMaterial: Missing cached shader map for material NewMaterial, compiling. 
[2016.05.22-02.20.49:367][903]LogMaterial: 0.00 seconds spent updating 1 materials, 1 interfaces, 0 instances, 0 with static permutations.
[2016.05.22-02.20.49:368][903]LogMaterial: Missing cached shader map for material FMatExpressionPreview MaterialExpressionTextureSample_1, compiling. 
[2016.05.22-02.20.49:397][903]LogMaterial: Missing cached shader map for material FMatExpressionPreview MaterialExpressionTextureSample_0, compiling. 
[2016.05.22-02.20.49:401][903]LogMaterial: Missing cached shader map for material FMatExpressionPreview MaterialExpressionConstant3Vector_0, compiling. 
[2016.05.22-02.20.49:405][903]LogMaterial: Missing cached shader map for material FMatExpressionPreview MaterialExpressionTextureSample_1, compiling. 
[2016.05.22-02.20.50:330][953]MaterialEditorStats: Info Base pass shader with only dynamic lighting: 24 instructions
[2016.05.22-02.20.50:330][953]MaterialEditorStats: Info Vertex shader: 31 instructions
[2016.05.22-02.20.50:330][953]MaterialEditorStats: Info Texture samplers: 1/16
[2016.05.22-02.20.52:098][ 82]LogMaterial: Missing cached shader map for material NewMaterial, compiling. 
[2016.05.22-02.20.52:103][ 82]LogMaterial: 0.00 seconds spent updating 1 materials, 1 interfaces, 0 instances, 0 with static permutations.
[2016.05.22-02.20.52:133][ 82]LogMaterial: Missing cached shader map for material FMatExpressionPreview MaterialExpressionTextureSample_1, compiling. 
[2016.05.22-02.20.52:856][120]MaterialEditorStats: Info Base pass shader with only dynamic lighting: 24 instructions
[2016.05.22-02.20.52:856][120]MaterialEditorStats: Info Vertex shader: 31 instructions
[2016.05.22-02.20.52:856][120]MaterialEditorStats: Info Texture samplers: 1/16
[2016.05.22-02.20.54:217][228]LogMaterialEditor: Applying material NewMaterial
[2016.05.22-02.20.54:644][228]LogMaterial: Missing cached shader map for material NewMaterial, compiling. 
[2016.05.22-02.20.54:659][228]LogMaterial: 0.00 seconds spent updating 1 materials, 1 interfaces, 0 instances, 0 with static permutations.
[2016.05.22-02.20.54:689][228]LogMaterial: Missing cached shader map for material NewMaterial, compiling. 
[2016.05.22-02.20.54:713][228]LogMaterial: Missing cached shader map for material NewMaterial, compiling. 
[2016.05.22-02.20.54:726][228]LogMaterial: 0.00 seconds spent updating 1 materials, 1 interfaces, 0 instances, 0 with static permutations.
[2016.05.22-02.20.57:068][367]MaterialEditorStats: Info Base pass shader with only dynamic lighting: 60 instructions
[2016.05.22-02.20.57:068][367]MaterialEditorStats: Info Vertex shader: 31 instructions
[2016.05.22-02.20.57:068][367]MaterialEditorStats: Info Texture samplers: 4/16
[2016.05.22-02.21.00:956][677]Cmd: POLY TEXSCALE  UU=0.031250 VV=0.031250
[2016.05.22-02.21.05:265][ 18]LogMaterial: Missing cached shader map for material NewMaterial, compiling. 
[2016.05.22-02.21.05:270][ 18]LogMaterial: 0.00 seconds spent updating 1 materials, 1 interfaces, 0 instances, 0 with static permutations.
[2016.05.22-02.21.05:272][ 18]LogMaterial: Missing cached shader map for material FMatExpressionPreview MaterialExpressionTextureSample_2, compiling. 
[2016.05.22-02.21.05:303][ 18]LogMaterial: Missing cached shader map for material FMatExpressionPreview MaterialExpressionTextureSample_0, compiling. 
[2016.05.22-02.21.05:307][ 18]LogMaterial: Missing cached shader map for material FMatExpressionPreview MaterialExpressionConstant3Vector_0, compiling. 
[2016.05.22-02.21.05:311][ 18]LogMaterial: Missing cached shader map for material FMatExpressionPreview MaterialExpressionTextureSample_1, compiling. 
[2016.05.22-02.21.05:315][ 18]LogMaterial: Missing cached shader map for material FMatExpressionPreview MaterialExpressionTextureSample_2, compiling. 
[2016.05.22-02.21.06:032][ 53]MaterialEditorStats: Info Base pass shader with only dynamic lighting: 24 instructions
[2016.05.22-02.21.06:032][ 53]MaterialEditorStats: Info Vertex shader: 31 instructions
[2016.05.22-02.21.06:032][ 53]MaterialEditorStats: Info Texture samplers: 1/16
[2016.05.22-02.21.08:207][215]LogMaterial: Missing cached shader map for material NewMaterial, compiling. 
[2016.05.22-02.21.08:213][215]LogMaterial: 0.00 seconds spent updating 1 materials, 1 interfaces, 0 instances, 0 with static permutations.
[2016.05.22-02.21.08:238][215]LogMaterial: Missing cached shader map for material FMatExpressionPreview MaterialExpressionTextureSample_2, compiling. 
[2016.05.22-02.21.08:971][253]MaterialEditorStats: Info Base pass shader with only dynamic lighting: 24 instructions
[2016.05.22-02.21.08:971][253]MaterialEditorStats: Info Vertex shader: 31 instructions
[2016.05.22-02.21.08:971][253]MaterialEditorStats: Info Texture samplers: 1/16
[2016.05.22-02.21.09:860][321]LogMaterialEditor: Applying material NewMaterial
[2016.05.22-02.21.10:289][321]LogMaterial: Missing cached shader map for material NewMaterial, compiling. 
[2016.05.22-02.21.10:304][321]LogMaterial: 0.00 seconds spent updating 1 materials, 1 interfaces, 0 instances, 0 with static permutations.
[2016.05.22-02.21.10:335][321]LogMaterial: Missing cached shader map for material NewMaterial, compiling. 
[2016.05.22-02.21.10:359][321]LogMaterial: Missing cached shader map for material NewMaterial, compiling. 
[2016.05.22-02.21.10:369][321]LogMaterial: 0.00 seconds spent updating 1 materials, 1 interfaces, 0 instances, 0 with static permutations.
[2016.05.22-02.21.12:705][459]MaterialEditorStats: Info Base pass shader with only dynamic lighting: 60 instructions
[2016.05.22-02.21.12:705][459]MaterialEditorStats: Info Vertex shader: 31 instructions
[2016.05.22-02.21.12:705][459]MaterialEditorStats: Info Texture samplers: 4/16
[2016.05.22-02.21.27:654][624]Cmd: POLY TEXSCALE  UU=0.062500 VV=0.062500
[2016.05.22-02.21.38:231][458]Cmd: POLY TEXMULT UU=-1 VV=1
[2016.05.22-02.21.39:213][536]Cmd: POLY TEXMULT UU=-1 VV=1
[2016.05.22-02.21.40:630][648]Cmd: POLY TEXMULT UU=1 VV=-1
[2016.05.22-02.21.40:947][673]Cmd: POLY TEXMULT UU=1 VV=-1
[2016.05.22-02.21.41:405][710]Cmd: POLY TEXMULT UU=1 VV=-1
[2016.05.22-02.21.41:623][727]Cmd: POLY TEXMULT UU=1 VV=-1
[2016.05.22-02.21.41:782][740]Cmd: POLY TEXMULT UU=1 VV=-1
[2016.05.22-02.21.42:275][779]Cmd: POLY TEXMULT UU=1 VV=-1
[2016.05.22-02.21.45:763][ 52]LogUnrealMath: Expression Error : No value recognized
[2016.05.22-02.21.45:763][ 52]LogUnrealMath: Expression Error : Error in expression
[2016.05.22-02.21.45:865][ 60]Cmd: POLY TEXMULT UU=0.707107 VV=0.707107 UV=-0.707107 VU=0.707107
[2016.05.22-02.21.52:149][556]Cmd: POLY TEXPAN U=1.000000 V=0.000000
[2016.05.22-02.21.52:329][570]Cmd: POLY TEXPAN U=1.000000 V=0.000000
[2016.05.22-02.21.52:498][584]Cmd: POLY TEXPAN U=1.000000 V=0.000000
[2016.05.22-02.21.52:702][600]Cmd: POLY TEXPAN U=1.000000 V=0.000000
[2016.05.22-02.21.52:895][616]Cmd: POLY TEXPAN U=1.000000 V=0.000000
[2016.05.22-02.21.53:073][630]Cmd: POLY TEXPAN U=1.000000 V=0.000000
[2016.05.22-02.21.53:256][644]Cmd: POLY TEXPAN U=1.000000 V=0.000000
[2016.05.22-02.21.53:445][659]Cmd: POLY TEXPAN U=1.000000 V=0.000000
[2016.05.22-02.21.53:612][672]Cmd: POLY TEXPAN U=1.000000 V=0.000000
[2016.05.22-02.21.53:804][687]Cmd: POLY TEXPAN U=1.000000 V=0.000000
[2016.05.22-02.21.53:973][701]Cmd: POLY TEXPAN U=1.000000 V=0.000000
[2016.05.22-02.21.54:163][716]Cmd: POLY TEXPAN U=1.000000 V=0.000000
[2016.05.22-02.21.54:349][731]Cmd: POLY TEXPAN U=1.000000 V=0.000000
[2016.05.22-02.21.54:538][746]Cmd: POLY TEXPAN U=1.000000 V=0.000000
[2016.05.22-02.21.54:733][760]Cmd: POLY TEXPAN U=1.000000 V=0.000000
[2016.05.22-02.21.54:923][775]Cmd: POLY TEXPAN U=1.000000 V=0.000000
[2016.05.22-02.21.55:112][790]Cmd: POLY TEXPAN U=1.000000 V=0.000000
[2016.05.22-02.21.55:276][803]Cmd: POLY TEXPAN U=1.000000 V=0.000000
[2016.05.22-02.21.55:479][819]Cmd: POLY TEXPAN U=1.000000 V=0.000000
[2016.05.22-02.21.55:646][832]Cmd: POLY TEXPAN U=1.000000 V=0.000000
[2016.05.22-02.21.55:839][847]Cmd: POLY TEXPAN U=1.000000 V=0.000000
[2016.05.22-02.21.56:030][862]Cmd: POLY TEXPAN U=1.000000 V=0.000000
[2016.05.22-02.21.59:942][169]Cmd: POLY TEXPAN U=-1.000000 V=-0.000000
[2016.05.22-02.22.10:136][958]LogMaterial: Missing cached shader map for material NewMaterial, compiling. 
[2016.05.22-02.22.10:141][958]LogMaterial: 0.00 seconds spent updating 1 materials, 1 interfaces, 0 instances, 0 with static permutations.
[2016.05.22-02.22.10:141][958]LogMaterial: Missing cached shader map for material FMatExpressionPreview MaterialExpressionTextureSample_3, compiling. 
[2016.05.22-02.22.10:172][958]LogMaterial: Missing cached shader map for material FMatExpressionPreview MaterialExpressionTextureSample_0, compiling. 
[2016.05.22-02.22.10:176][958]LogMaterial: Missing cached shader map for material FMatExpressionPreview MaterialExpressionConstant3Vector_0, compiling. 
[2016.05.22-02.22.10:179][958]LogMaterial: Missing cached shader map for material FMatExpressionPreview MaterialExpressionTextureSample_1, compiling. 
[2016.05.22-02.22.10:183][958]LogMaterial: Missing cached shader map for material FMatExpressionPreview MaterialExpressionTextureSample_2, compiling. 
[2016.05.22-02.22.10:186][958]LogMaterial: Missing cached shader map for material FMatExpressionPreview MaterialExpressionTextureSample_3, compiling. 
[2016.05.22-02.22.11:124][  6]MaterialEditorStats: Info Base pass shader with only dynamic lighting: 24 instructions
[2016.05.22-02.22.11:124][  6]MaterialEditorStats: Info Vertex shader: 31 instructions
[2016.05.22-02.22.11:124][  6]MaterialEditorStats: Info Texture samplers: 1/16
[2016.05.22-02.22.13:459][168]LogMaterial: Missing cached shader map for material NewMaterial, compiling. 
[2016.05.22-02.22.13:464][168]LogMaterial: 0.00 seconds spent updating 1 materials, 1 interfaces, 0 instances, 0 with static permutations.
[2016.05.22-02.22.13:492][168]LogMaterial: Missing cached shader map for material FMatExpressionPreview MaterialExpressionTextureSample_3, compiling. 
[2016.05.22-02.22.14:207][204]MaterialEditorStats: Info Base pass shader with only dynamic lighting: 24 instructions
[2016.05.22-02.22.14:207][204]MaterialEditorStats: Info Vertex shader: 31 instructions
[2016.05.22-02.22.14:207][204]MaterialEditorStats: Info Texture samplers: 1/16
[2016.05.22-02.22.20:558][689]LogMaterialEditor: Applying material NewMaterial
[2016.05.22-02.22.21:015][689]LogMaterial: Missing cached shader map for material NewMaterial, compiling. 
[2016.05.22-02.22.21:039][689]LogMaterial: 0.00 seconds spent updating 1 materials, 1 interfaces, 0 instances, 0 with static permutations.
[2016.05.22-02.22.21:060][689]LogMaterial: Missing cached shader map for material NewMaterial, compiling. 
[2016.05.22-02.22.21:080][689]LogMaterial: Missing cached shader map for material NewMaterial, compiling. 
[2016.05.22-02.22.21:093][689]LogMaterial: 0.00 seconds spent updating 1 materials, 1 interfaces, 0 instances, 0 with static permutations.
[2016.05.22-02.22.23:433][822]MaterialEditorStats: Info Base pass shader with only dynamic lighting: 60 instructions
[2016.05.22-02.22.23:433][822]MaterialEditorStats: Info Vertex shader: 31 instructions
[2016.05.22-02.22.23:433][822]MaterialEditorStats: Info Texture samplers: 4/16
[2016.05.22-02.22.24:288][887]Cmd: POLY TEXMULT UU=0.707107 VV=0.707107 UV=-0.707107 VU=0.707107
[2016.05.22-02.22.27:417][126]Cmd: POLY TEXPAN U=-1.000000 V=-0.000000
[2016.05.22-02.22.27:638][143]Cmd: POLY TEXPAN U=-1.000000 V=-0.000000
[2016.05.22-02.22.27:847][159]Cmd: POLY TEXPAN U=-1.000000 V=-0.000000
[2016.05.22-02.22.28:043][174]Cmd: POLY TEXPAN U=-1.000000 V=-0.000000
[2016.05.22-02.22.28:233][189]Cmd: POLY TEXPAN U=-1.000000 V=-0.000000
[2016.05.22-02.22.28:443][205]Cmd: POLY TEXPAN U=-1.000000 V=-0.000000
[2016.05.22-02.22.28:605][218]Cmd: POLY TEXPAN U=-1.000000 V=-0.000000
[2016.05.22-02.22.33:695][610]Cmd: POLY TEXSCALE  UU=0.031250 VV=0.031250
[2016.05.22-02.23.27:776][ 43]LogEditorViewport: Clicking on Actor (LMB): Brush (Box Brush)
[2016.05.22-02.23.28:347][ 77]LogActorComponent: UnregisterComponent: (/Engine/Transient.CharMoveComp) Not registered. Aborting.
[2016.05.22-02.23.28:347][ 77]LogActorComponent: UnregisterComponent: (/Engine/Transient.ProjectileMovementComponent_40__A6522401) Not registered. Aborting.
[2016.05.22-02.23.28:363][ 77]Cmd: OBJ SAVEPACKAGE PACKAGE="/Game/Maps/LightingTest" FILE="D:/Git/RiggingShooter/GameJamRigging/Saved/Autosaves/Game/Maps/LightingTest_Auto1.umap" SILENT=true AUTOSAVING=true KEEPDIRTY=false
[2016.05.22-02.23.28:440][ 77]LogSavePackage: Save=62.48ms
[2016.05.22-02.23.28:440][ 77]LogSavePackage: Moving 'D:/Git/RiggingShooter/GameJamRigging/Saved/LightingTest_Auto1887FCCA845680FF29BC66E97B89C8689.tmp' to 'D:/Git/RiggingShooter/GameJamRigging/Saved/Autosaves/Game/Maps/LightingTest_Auto1.umap'
[2016.05.22-02.23.28:440][ 77]LogSavePackage: Total save time: 76.58ms
[2016.05.22-02.23.28:440][ 77]LogSavePackage:Display: Finished SavePackage D:/Git/RiggingShooter/GameJamRigging/Saved/Autosaves/Game/Maps/LightingTest_Auto1.umap
[2016.05.22-02.23.28:441][ 77]LogFileHelpers: Editor autosave (incl. sublevels) for '/Game/Maps/LightingTest' took 0.095
[2016.05.22-02.23.28:441][ 77]LogFileHelpers: Editor autosave (incl. sublevels) for all levels took 0.095
[2016.05.22-02.23.28:445][ 77]OBJ SavePackage: Generating thumbnails for [1] asset(s) in package [/Game/Textures/NewMaterial] ([1] browsable assets)...
[2016.05.22-02.23.28:457][ 77]OBJ SavePackage:     Rendered thumbnail for [Material /Game/Textures/NewMaterial.NewMaterial]
[2016.05.22-02.23.28:457][ 77]OBJ SavePackage: Finished generating thumbnails for package [/Game/Textures/NewMaterial]
[2016.05.22-02.23.28:457][ 77]Cmd: OBJ SAVEPACKAGE PACKAGE="/Game/Textures/NewMaterial" FILE="D:/Git/RiggingShooter/GameJamRigging/Saved/Autosaves/Game/Textures/NewMaterial_Auto1.uasset" SILENT=false AUTOSAVING=true
[2016.05.22-02.23.28:489][ 77]LogSavePackage: Save=10.82ms
[2016.05.22-02.23.28:489][ 77]LogSavePackage: Moving 'D:/Git/RiggingShooter/GameJamRigging/Saved/NewMaterial_Auto1AEDEC69143FB8BB16A972E8DDCD511F1.tmp' to 'D:/Git/RiggingShooter/GameJamRigging/Saved/Autosaves/Game/Textures/NewMaterial_Auto1.uasset'
[2016.05.22-02.23.28:489][ 77]LogSavePackage: Total save time: 11.47ms
[2016.05.22-02.23.28:489][ 77]LogSavePackage:Display: Finished SavePackage D:/Git/RiggingShooter/GameJamRigging/Saved/Autosaves/Game/Textures/NewMaterial_Auto1.uasset
[2016.05.22-02.23.28:489][ 77]LogFileHelpers: Auto-saving content packages took 0.047
[2016.05.22-02.23.29:645][154]LogEditorViewport: Clicking Background
[2016.05.22-02.23.53:159][151]LogEditorViewport: Clicking on Actor (LMB): PostProcessVolume (PostProcessVolume)
[2016.05.22-02.26.09:068][296]LogEditorViewport: Clicking on Actor (LMB): StaticMeshActor (Cube2)
[2016.05.22-02.26.17:276][900]LogEditorViewport: Clicking Background
[2016.05.22-02.26.17:638][931]LogEditorViewport: Clicking on Actor (LMB): PostProcessVolume (PostProcessVolume)
[2016.05.22-02.26.21:611][206]LogEditorViewport: Clicking on Actor (LMB): StaticMeshActor (SM_Statue)
[2016.05.22-02.26.28:136][678]LogEditorViewport: Clicking on Actor (LMB): PostProcessVolume (PostProcessVolume)
[2016.05.22-02.33.28:585][483]Cmd: OBJ SAVEPACKAGE PACKAGE="/Game/Maps/LightingTest" FILE="D:/Git/RiggingShooter/GameJamRigging/Saved/Autosaves/Game/Maps/LightingTest_Auto2.umap" SILENT=true AUTOSAVING=true KEEPDIRTY=false
[2016.05.22-02.33.28:699][483]LogSavePackage: Save=78.01ms
[2016.05.22-02.33.28:699][483]LogSavePackage: Moving 'D:/Git/RiggingShooter/GameJamRigging/Saved/LightingTest_Auto29917B8BD48D298E58AEED7B7F35B0BBB.tmp' to 'D:/Git/RiggingShooter/GameJamRigging/Saved/Autosaves/Game/Maps/LightingTest_Auto2.umap'
[2016.05.22-02.33.28:700][483]LogSavePackage: Total save time: 114.00ms
[2016.05.22-02.33.28:700][483]LogSavePackage:Display: Finished SavePackage D:/Git/RiggingShooter/GameJamRigging/Saved/Autosaves/Game/Maps/LightingTest_Auto2.umap
[2016.05.22-02.33.28:701][483]LogFileHelpers: Editor autosave (incl. sublevels) for '/Game/Maps/LightingTest' took 0.127
[2016.05.22-02.33.28:701][483]LogFileHelpers: Editor autosave (incl. sublevels) for all levels took 0.127
[2016.05.22-02.35.53:230][822]LogEditorViewport: Clicking on Actor (LMB): PostProcessVolume (PostProcessVolume)
[2016.05.22-02.36.27:363][ 91]Cmd: OBJ SAVEPACKAGE PACKAGE="/Game/Maps/LightingTest" FILE="D:/Git/RiggingShooter/GameJamRigging/Content/Maps/LightingTest.umap" SILENT=true AUTOSAVING=false KEEPDIRTY=false
[2016.05.22-02.36.27:462][ 91]LogSavePackage: Save=61.74ms
[2016.05.22-02.36.27:462][ 91]LogSavePackage: Moving 'D:/Git/RiggingShooter/GameJamRigging/Saved/LightingTest32EB4A594072E9FBCE07B3825D9A1761.tmp' to 'D:/Git/RiggingShooter/GameJamRigging/Content/Maps/LightingTest.umap'
[2016.05.22-02.36.27:464][ 91]LogSavePackage: Total save time: 80.78ms
[2016.05.22-02.36.27:464][ 91]LogSavePackage:Display: Finished SavePackage D:/Git/RiggingShooter/GameJamRigging/Content/Maps/LightingTest.umap
[2016.05.22-02.36.27:495][ 91]LogFileHelpers: Saving map 'LightingTest' took 0.198
[2016.05.22-02.36.27:512][ 91]Cmd: OBJ SAVEPACKAGE PACKAGE="/Game/Textures/NewMaterial" FILE="D:/Git/RiggingShooter/GameJamRigging/Content/Textures/NewMaterial.uasset" SILENT=true
[2016.05.22-02.36.27:527][ 91]LogSavePackage: Save=13.75ms
[2016.05.22-02.36.27:527][ 91]LogSavePackage: Moving 'D:/Git/RiggingShooter/GameJamRigging/Saved/NewMaterial41BC32B74A0E90D1A77932BF04071F54.tmp' to 'D:/Git/RiggingShooter/GameJamRigging/Content/Textures/NewMaterial.uasset'
[2016.05.22-02.36.27:528][ 91]LogSavePackage: Total save time: 14.84ms
[2016.05.22-02.36.27:528][ 91]LogSavePackage:Display: Finished SavePackage D:/Git/RiggingShooter/GameJamRigging/Content/Textures/NewMaterial.uasset
[2016.05.22-02.36.27:694][ 91]LogWindowsTextInputMethodSystem:Display: IME system now deactivated.
[2016.05.22-02.36.27:901][ 92]Cmd: QUIT_EDITOR
[2016.05.22-02.36.28:019][ 92]LogExit: Preparing to exit.
[2016.05.22-02.36.29:234][ 92]LogExit: Editor shut down
[2016.05.22-02.36.29:234][ 92]LogExit: Transaction tracking system shut down
[2016.05.22-02.36.29:366][ 92]LogObj: Freed 0b from 0 cluster array pools.
[2016.05.22-02.36.29:367][ 92]LogExit: Object subsystem successfully closed.
[2016.05.22-02.36.29:381][ 92]LogD3D11RHI: Shutdown
[2016.05.22-02.36.29:381][ 92]LogD3D11RHI: CleanupD3DDevice
[2016.05.22-02.36.29:445][ 92]LogD3D11RHI: ~FD3D11DynamicRHI
[2016.05.22-02.36.29:468][ 92]LogDerivedDataCache: Shutdown
[2016.05.22-02.36.29:468][ 92]LogModuleManager: Shutting down and abandoning module MaterialEditor (206)
[2016.05.22-02.36.29:468][ 92]LogModuleManager: Shutting down and abandoning module HierarchicalLODOutliner (205)
[2016.05.22-02.36.29:468][ 92]LogModuleManager: Shutting down and abandoning module CrashTracker (204)
[2016.05.22-02.36.29:468][ 92]LogModuleManager: Shutting down and abandoning module SceneOutliner (203)
[2016.05.22-02.36.29:468][ 92]LogModuleManager: Shutting down and abandoning module WorldBrowser (202)
[2016.05.22-02.36.29:469][ 92]LogModuleManager: Shutting down and abandoning module SuperSearch (201)
[2016.05.22-02.36.29:469][ 92]LogModuleManager: Shutting down and abandoning module WidgetCarousel (200)
[2016.05.22-02.36.29:469][ 92]LogModuleManager: Shutting down and abandoning module AddContentDialog (199)
[2016.05.22-02.36.29:471][ 92]LogModuleManager: Shutting down and abandoning module GameplayTags (198)
[2016.05.22-02.36.29:471][ 92]LogModuleManager: Shutting down and abandoning module EditorWidgets (197)
[2016.05.22-02.36.29:471][ 92]LogModuleManager: Shutting down and abandoning module CollectionManager (196)
[2016.05.22-02.36.29:471][ 92]LogModuleManager: Shutting down and abandoning module StatsViewer (195)
[2016.05.22-02.36.29:471][ 92]LogModuleManager: Shutting down and abandoning module FoliageEdit (194)
[2016.05.22-02.36.29:471][ 92]LogModuleManager: Shutting down and abandoning module LandscapeEditor (193)
[2016.05.22-02.36.29:471][ 92]LogModuleManager: Shutting down and abandoning module ActorPickerMode (192)
[2016.05.22-02.36.29:471][ 92]LogModuleManager: Shutting down and abandoning module GeometryMode (191)
[2016.05.22-02.36.29:471][ 92]LogModuleManager: Shutting down and abandoning module TextureAlignMode (190)
[2016.05.22-02.36.29:471][ 92]LogModuleManager: Shutting down and abandoning module BspMode (189)
[2016.05.22-02.36.29:471][ 92]LogModuleManager: Shutting down and abandoning module PlacementMode (188)
[2016.05.22-02.36.29:471][ 92]LogModuleManager: Shutting down and abandoning module AutomationWorker (187)
[2016.05.22-02.36.29:471][ 92]LogModuleManager: Shutting down and abandoning module CharacterAI (186)
[2016.05.22-02.36.29:471][ 92]LogModuleManager: Shutting down and abandoning module SmartSnapping (185)
[2016.05.22-02.36.29:471][ 92]LogModuleManager: Shutting down and abandoning module ViewportSnapping (184)
[2016.05.22-02.36.29:471][ 92]LogModuleManager: Shutting down and abandoning module LogVisualizer (183)
[2016.05.22-02.36.29:471][ 92]LogModuleManager: Shutting down and abandoning module GameProjectGeneration (182)
[2016.05.22-02.36.29:471][ 92]LogModuleManager: Shutting down and abandoning module IntroTutorials (181)
[2016.05.22-02.36.29:471][ 92]LogModuleManager: Shutting down and abandoning module EditorLiveStreaming (180)
[2016.05.22-02.36.29:471][ 92]LogModuleManager: Shutting down and abandoning module IOSPlatformEditor (179)
[2016.05.22-02.36.29:471][ 92]LogModuleManager: Shutting down and abandoning module HTML5PlatformEditor (178)
[2016.05.22-02.36.29:471][ 92]LogModuleManager: Shutting down and abandoning module AndroidDeviceDetection (177)
[2016.05.22-02.36.29:818][ 92]LogModuleManager: Shutting down and abandoning module AndroidPlatformEditor (176)
[2016.05.22-02.36.29:818][ 92]LogModuleManager: Shutting down and abandoning module IOSRuntimeSettings (175)
[2016.05.22-02.36.29:818][ 92]LogModuleManager: Shutting down and abandoning module AndroidRuntimeSettings (174)
[2016.05.22-02.36.29:819][ 92]LogModuleManager: Shutting down and abandoning module MergeActors (173)
[2016.05.22-02.36.29:819][ 92]LogModuleManager: Shutting down and abandoning module SizeMap (172)
[2016.05.22-02.36.29:819][ 92]LogModuleManager: Shutting down and abandoning module TreeMap (171)
[2016.05.22-02.36.29:819][ 92]LogModuleManager: Shutting down and abandoning module ReferenceViewer (170)
[2016.05.22-02.36.29:819][ 92]LogModuleManager: Shutting down and abandoning module LocalizationService (169)
[2016.05.22-02.36.29:819][ 92]LogModuleManager: Shutting down and abandoning module LocalizationDashboard (168)
[2016.05.22-02.36.29:819][ 92]LogModuleManager: Shutting down and abandoning module HardwareTargeting (167)
[2016.05.22-02.36.29:819][ 92]LogModuleManager: Shutting down and abandoning module DeviceProfileEditor (166)
[2016.05.22-02.36.29:819][ 92]LogModuleManager: Shutting down and abandoning module UndoHistory (165)
[2016.05.22-02.36.29:819][ 92]LogModuleManager: Shutting down and abandoning module UserFeedback (164)
[2016.05.22-02.36.29:819][ 92]LogModuleManager: Shutting down and abandoning module XmlParser (163)
[2016.05.22-02.36.29:819][ 92]LogModuleManager: Shutting down and abandoning module Blutility (162)
[2016.05.22-02.36.29:819][ 92]LogModuleManager: Shutting down and abandoning module ProjectTargetPlatformEditor (161)
[2016.05.22-02.36.29:819][ 92]LogModuleManager: Shutting down and abandoning module ProjectSettingsViewer (160)
[2016.05.22-02.36.29:819][ 92]LogModuleManager: Shutting down and abandoning module InputBindingEditor (159)
[2016.05.22-02.36.29:819][ 92]LogModuleManager: Shutting down and abandoning module EditorSettingsViewer (158)
[2016.05.22-02.36.29:819][ 92]LogModuleManager: Shutting down and abandoning module SettingsEditor (157)
[2016.05.22-02.36.29:819][ 92]LogModuleManager: Shutting down and abandoning module ProjectLauncher (156)
[2016.05.22-02.36.29:819][ 92]LogModuleManager: Shutting down and abandoning module SessionFrontend (155)
[2016.05.22-02.36.29:820][ 92]LogModuleManager: Shutting down and abandoning module ProfilerClient (154)
[2016.05.22-02.36.29:820][ 92]LogModuleManager: Shutting down and abandoning module TargetDeviceServices (153)
[2016.05.22-02.36.29:820][ 92]LogModuleManager: Shutting down and abandoning module DeviceManager (152)
[2016.05.22-02.36.29:852][ 92]LogModuleManager: Shutting down and abandoning module AutomationController (151)
[2016.05.22-02.36.29:852][ 92]LogModuleManager: Shutting down and abandoning module AutomationWindow (150)
[2016.05.22-02.36.29:852][ 92]LogModuleManager: Shutting down and abandoning module Layers (149)
[2016.05.22-02.36.29:852][ 92]LogModuleManager: Shutting down and abandoning module ComponentVisualizers (148)
[2016.05.22-02.36.29:852][ 92]LogModuleManager: Shutting down and abandoning module DetailCustomizations (147)
[2016.05.22-02.36.29:852][ 92]LogModuleManager: Shutting down and abandoning module PackagesDialog (146)
[2016.05.22-02.36.29:852][ 92]LogModuleManager: Shutting down and abandoning module Persona (145)
[2016.05.22-02.36.29:852][ 92]LogModuleManager: Shutting down and abandoning module Kismet (144)
[2016.05.22-02.36.29:852][ 92]LogModuleManager: Shutting down and abandoning module GraphEditor (143)
[2016.05.22-02.36.29:852][ 92]LogModuleManager: Shutting down and abandoning module ClassViewer (142)
[2016.05.22-02.36.29:853][ 92]LogModuleManager: Shutting down and abandoning module Toolbox (141)
[2016.05.22-02.36.29:853][ 92]LogModuleManager: Shutting down and abandoning module ModuleUI (140)
[2016.05.22-02.36.29:853][ 92]LogModuleManager: Shutting down and abandoning module MovieSceneTools (139)
[2016.05.22-02.36.29:853][ 92]LogModuleManager: Shutting down and abandoning module OutputLog (138)
[2016.05.22-02.36.29:853][ 92]LogModuleManager: Shutting down and abandoning module GammaUI (137)
[2016.05.22-02.36.29:853][ 92]LogModuleManager: Shutting down and abandoning module Documentation (136)
[2016.05.22-02.36.29:853][ 92]LogModuleManager: Shutting down and abandoning module StreamingPauseRendering (135)
[2016.05.22-02.36.29:853][ 92]LogModuleManager: Shutting down and abandoning module AnalyticsET (134)
[2016.05.22-02.36.29:853][ 92]LogModuleManager: Shutting down and abandoning module Analytics (133)
[2016.05.22-02.36.29:853][ 92]LogModuleManager: Shutting down and abandoning module PortalServices (132)
[2016.05.22-02.36.29:853][ 92]LogModuleManager: Shutting down and abandoning module PortalRpc (131)
[2016.05.22-02.36.29:853][ 92]LogModuleManager: Shutting down and abandoning module MessagingRpc (130)
[2016.05.22-02.36.29:853][ 92]LogModuleManager: Shutting down and abandoning module AITestSuite (129)
[2016.05.22-02.36.29:853][ 92]LogModuleManager: Shutting down and abandoning module GameplayDebugger (128)
[2016.05.22-02.36.29:853][ 92]LogModuleManager: Shutting down and abandoning module AIModule (127)
[2016.05.22-02.36.29:853][ 92]LogModuleManager: Shutting down and abandoning module ProfilerService (126)
[2016.05.22-02.36.29:990][ 92]LogModuleManager: Shutting down and abandoning module TaskGraph (125)
[2016.05.22-02.36.29:990][ 92]LogModuleManager: Shutting down and abandoning module SlateRemote (124)
[2016.05.22-02.36.29:990][ 92]LogModuleManager: Shutting down and abandoning module SteamVRController (123)
[2016.05.22-02.36.29:990][ 92]LogModuleManager: Shutting down and abandoning module SteamVR (122)
[2016.05.22-02.36.29:990][ 92]LogModuleManager: Shutting down and abandoning module ProceduralMeshComponent (121)
[2016.05.22-02.36.29:990][ 92]LogModuleManager: Shutting down and abandoning module OculusLibrary (120)
[2016.05.22-02.36.29:990][ 92]LogModuleManager: Shutting down and abandoning module OculusInput (119)
[2016.05.22-02.36.29:990][ 92]LogModuleManager: Shutting down and abandoning module CustomMeshComponent (118)
[2016.05.22-02.36.29:990][ 92]LogModuleManager: Shutting down and abandoning module CableComponent (117)
[2016.05.22-02.36.29:990][ 92]LogModuleManager: Shutting down and abandoning module ArchVisCharacter (116)
[2016.05.22-02.36.29:990][ 92]LogModuleManager: Shutting down and abandoning module MediaPlayerEditor (115)
[2016.05.22-02.36.29:990][ 92]LogModuleManager: Shutting down and abandoning module HTML5Networking (114)
[2016.05.22-02.36.29:990][ 92]LogModuleManager: Shutting down and abandoning module SpeedTreeImporter (113)
[2016.05.22-02.36.29:990][ 92]LogModuleManager: Shutting down and abandoning module PluginBrowser (112)
[2016.05.22-02.36.29:990][ 92]LogModuleManager: Shutting down and abandoning module EpicSurvey (111)
[2016.05.22-02.36.29:990][ 92]LogModuleManager: Shutting down and abandoning module DesktopPlatform (110)
[2016.05.22-02.36.29:991][ 92]LogModuleManager: Shutting down and abandoning module VisualStudioSourceCodeAccess (109)
[2016.05.22-02.36.29:991][ 92]LogModuleManager: Shutting down and abandoning module UObjectPlugin (108)
[2016.05.22-02.36.29:991][ 92]LogModuleManager: Shutting down and abandoning module SubversionSourceControl (107)
[2016.05.22-02.36.29:991][ 92]LogModuleManager: Shutting down and abandoning module PerforceSourceControl (106)
[2016.05.22-02.36.29:991][ 92]LogModuleManager: Shutting down and abandoning module SourceControl (105)
[2016.05.22-02.36.29:991][ 92]LogModuleManager: Shutting down and abandoning module GitSourceControl (104)
[2016.05.22-02.36.29:991][ 92]LogModuleManager: Shutting down and abandoning module LightPropagationVolumeEditor (103)
[2016.05.22-02.36.29:991][ 92]LogModuleManager: Shutting down and abandoning module PaperTiledImporter (102)
[2016.05.22-02.36.29:991][ 92]LogModuleManager: Shutting down and abandoning module PaperSpriteSheetImporter (101)
[2016.05.22-02.36.29:991][ 92]LogModuleManager: Shutting down and abandoning module MeshPaint (100)
[2016.05.22-02.36.29:991][ 92]LogModuleManager: Shutting down and abandoning module HotReload (99)
[2016.05.22-02.36.29:992][ 92]LogModuleManager: Shutting down and abandoning module MainFrame (98)
[2016.05.22-02.36.29:992][ 92]LogModuleManager: Shutting down and abandoning module LevelEditor (97)
[2016.05.22-02.36.29:993][ 92]LogModuleManager: Shutting down and abandoning module DirectoryWatcher (96)
[2016.05.22-02.36.29:997][ 92]LogModuleManager: Shutting down and abandoning module AssetRegistry (95)
[2016.05.22-02.36.30:227][ 92]LogModuleManager: Shutting down and abandoning module ContentBrowser (94)
[2016.05.22-02.36.30:229][ 92]LogModuleManager: Shutting down and abandoning module Paper2DEditor (93)
[2016.05.22-02.36.30:229][ 92]LogModuleManager: Shutting down and abandoning module UdpMessaging (92)
[2016.05.22-02.36.30:330][ 92]LogModuleManager: Shutting down and abandoning module LightPropagationVolumeRuntime (91)
[2016.05.22-02.36.30:330][ 92]LogModuleManager: Shutting down and abandoning module Paper2D (90)
[2016.05.22-02.36.30:330][ 92]LogModuleManager: Shutting down and abandoning module WindowsMoviePlayer (89)
[2016.05.22-02.36.30:330][ 92]LogModuleManager: Shutting down and abandoning module Media (88)
[2016.05.22-02.36.30:330][ 92]LogModuleManager: Shutting down and abandoning module WmfMedia (87)
[2016.05.22-02.36.30:330][ 92]LogModuleManager: Shutting down and abandoning module MediaAssets (86)
[2016.05.22-02.36.30:330][ 92]LogModuleManager: Shutting down and abandoning module GameLiveStreaming (85)
[2016.05.22-02.36.30:330][ 92]LogModuleManager: Shutting down and abandoning module GameplayTagsEditor (84)
[2016.05.22-02.36.30:331][ 92]LogModuleManager: Shutting down and abandoning module OnlineBlueprintSupport (83)
[2016.05.22-02.36.30:331][ 92]LogModuleManager: Shutting down and abandoning module GameplayTasksEditor (82)
[2016.05.22-02.36.30:331][ 92]LogModuleManager: Shutting down and abandoning module PropertyEditor (81)
[2016.05.22-02.36.30:331][ 92]LogModuleManager: Shutting down and abandoning module BehaviorTreeEditor (80)
[2016.05.22-02.36.30:331][ 92]LogModuleManager: Shutting down and abandoning module FunctionalTesting (79)
[2016.05.22-02.36.30:331][ 92]LogModuleManager: Shutting down and abandoning module CollisionAnalyzer (78)
[2016.05.22-02.36.30:331][ 92]LogModuleManager: Shutting down and abandoning module WorkspaceMenuStructure (77)
[2016.05.22-02.36.30:331][ 92]LogModuleManager: Shutting down and abandoning module MessageLog (76)
[2016.05.22-02.36.30:331][ 92]LogModuleManager: Shutting down and abandoning module Sequencer (75)
[2016.05.22-02.36.30:331][ 92]LogModuleManager: Shutting down and abandoning module AssetTools (74)
[2016.05.22-02.36.30:331][ 92]LogModuleManager: Shutting down and abandoning module UMGEditor (73)
[2016.05.22-02.36.30:331][ 92]LogModuleManager: Shutting down and abandoning module UMG (72)
[2016.05.22-02.36.30:331][ 92]LogModuleManager: Shutting down and abandoning module SlateReflector (71)
[2016.05.22-02.36.30:331][ 92]LogModuleManager: Shutting down and abandoning module Slate (70)
[2016.05.22-02.36.30:331][ 92]LogModuleManager: Shutting down and abandoning module EditorStyle (69)
[2016.05.22-02.36.30:337][ 92]LogModuleManager: Shutting down and abandoning module SessionServices (68)
[2016.05.22-02.36.30:337][ 92]LogModuleManager: Shutting down and abandoning module SourceCodeAccess (67)
[2016.05.22-02.36.30:337][ 92]LogModuleManager: Shutting down and abandoning module HeadMountedDisplay (66)
[2016.05.22-02.36.30:337][ 92]LogModuleManager: Shutting down and abandoning module XAudio2 (65)
[2016.05.22-02.36.30:337][ 92]LogModuleManager: Shutting down and abandoning module Networking (63)
[2016.05.22-02.36.30:337][ 92]LogModuleManager: Shutting down and abandoning module Core (62)
[2016.05.22-02.36.30:337][ 92]LogModuleManager: Shutting down and abandoning module KismetCompiler (61)
[2016.05.22-02.36.30:338][ 92]LogModuleManager: Shutting down and abandoning module PhysXFormats (60)
[2016.05.22-02.36.30:338][ 92]LogModuleManager: Shutting down and abandoning module MeshUtilities (59)
[2016.05.22-02.36.30:338][ 92]LogModuleManager: Shutting down and abandoning module CookingStats (58)
[2016.05.22-02.36.30:339][ 92]LogModuleManager: Shutting down and abandoning module DerivedDataCache (57)
[2016.05.22-02.36.30:339][ 92]LogDerivedDataCache: Shutdown
[2016.05.22-02.36.30:339][ 92]LogModuleManager: Shutting down and abandoning module ShaderFormatOpenGL (56)
[2016.05.22-02.36.30:340][ 92]LogModuleManager: Shutting down and abandoning module ShaderFormatD3D (55)
[2016.05.22-02.36.30:340][ 92]LogModuleManager: Shutting down and abandoning module MetalShaderFormat (54)
[2016.05.22-02.36.30:340][ 92]LogModuleManager: Shutting down and abandoning module TextureFormatUncompressed (53)
[2016.05.22-02.36.30:340][ 92]LogModuleManager: Shutting down and abandoning module TextureFormatPVR (52)
[2016.05.22-02.36.30:340][ 92]LogModuleManager: Shutting down and abandoning module TextureFormatIntelISPCTexComp (51)
[2016.05.22-02.36.30:340][ 92]LogModuleManager: Shutting down and abandoning module TextureFormatDXT (50)
[2016.05.22-02.36.30:340][ 92]LogModuleManager: Shutting down and abandoning module ImageWrapper (49)
[2016.05.22-02.36.30:340][ 92]LogModuleManager: Shutting down and abandoning module TextureFormatASTC (48)
[2016.05.22-02.36.30:340][ 92]LogModuleManager: Shutting down and abandoning module TextureFormatAndroid (47)
[2016.05.22-02.36.30:340][ 92]LogModuleManager: Shutting down and abandoning module AudioFormatOpus (46)
[2016.05.22-02.36.30:340][ 92]LogModuleManager: Shutting down and abandoning module AudioFormatOgg (45)
[2016.05.22-02.36.30:340][ 92]LogModuleManager: Shutting down and abandoning module AudioFormatADPCM (44)
[2016.05.22-02.36.30:340][ 92]LogModuleManager: Shutting down and abandoning module LinuxTargetPlatform (43)
[2016.05.22-02.36.30:340][ 92]LogModuleManager: Shutting down and abandoning module LinuxServerTargetPlatform (42)
[2016.05.22-02.36.30:340][ 92]LogModuleManager: Shutting down and abandoning module LinuxNoEditorTargetPlatform (41)
[2016.05.22-02.36.30:340][ 92]LogModuleManager: Shutting down and abandoning module TVOSTargetPlatform (40)
[2016.05.22-02.36.30:340][ 92]LogModuleManager: Shutting down and abandoning module Messaging (39)
[2016.05.22-02.36.30:340][ 92]LogModuleManager: Shutting down and abandoning module IOSTargetPlatform (38)
[2016.05.22-02.36.30:340][ 92]LogModuleManager: Shutting down and abandoning module HTML5TargetPlatform (37)
[2016.05.22-02.36.30:340][ 92]LogModuleManager: Shutting down and abandoning module Android_PVRTCTargetPlatform (36)
[2016.05.22-02.36.30:340][ 92]LogModuleManager: Shutting down and abandoning module Android_MultiTargetPlatform (35)
[2016.05.22-02.36.30:340][ 92]LogModuleManager: Shutting down and abandoning module Android_ETC2TargetPlatform (34)
[2016.05.22-02.36.30:340][ 92]LogModuleManager: Shutting down and abandoning module Android_ETC1TargetPlatform (33)
[2016.05.22-02.36.30:340][ 92]LogModuleManager: Shutting down and abandoning module Android_DXTTargetPlatform (32)
[2016.05.22-02.36.30:340][ 92]LogModuleManager: Shutting down and abandoning module Android_ATCTargetPlatform (31)
[2016.05.22-02.36.30:340][ 92]LogModuleManager: Shutting down and abandoning module Android_ASTCTargetPlatform (30)
[2016.05.22-02.36.30:340][ 92]LogModuleManager: Shutting down and abandoning module AndroidTargetPlatform (29)
[2016.05.22-02.36.30:341][ 92]LogModuleManager: Shutting down and abandoning module WindowsTargetPlatform (28)
[2016.05.22-02.36.30:341][ 92]LogModuleManager: Shutting down and abandoning module WindowsServerTargetPlatform (27)
[2016.05.22-02.36.30:341][ 92]LogModuleManager: Shutting down and abandoning module WindowsNoEditorTargetPlatform (26)
[2016.05.22-02.36.30:341][ 92]LogModuleManager: Shutting down and abandoning module WindowsClientTargetPlatform (25)
[2016.05.22-02.36.30:341][ 92]LogModuleManager: Shutting down and abandoning module AllDesktopTargetPlatform (24)
[2016.05.22-02.36.30:341][ 92]LogModuleManager: Shutting down and abandoning module TargetPlatform (23)
[2016.05.22-02.36.30:341][ 92]LogModuleManager: Shutting down and abandoning module InputCore (22)
[2016.05.22-02.36.30:341][ 92]LogModuleManager: Shutting down and abandoning module Settings (21)
[2016.05.22-02.36.30:341][ 92]LogModuleManager: Shutting down and abandoning module OnlineSubsystem (19)
[2016.05.22-02.36.30:341][ 92]LogModuleManager: Shutting down and abandoning module HTTP (18)
[2016.05.22-02.36.32:345][ 92]LogModuleManager: Shutting down and abandoning module XMPP (17)
[2016.05.22-02.36.32:345][ 92]LogModuleManager: Shutting down and abandoning module OculusRift (16)
[2016.05.22-02.36.32:345][ 92]LogModuleManager: Shutting down and abandoning module ExampleDeviceProfileSelector (15)
[2016.05.22-02.36.32:345][ 92]LogModuleManager: Shutting down and abandoning module TextureCompressor (14)
[2016.05.22-02.36.32:345][ 92]LogModuleManager: Shutting down and abandoning module ShaderCore (13)
[2016.05.22-02.36.32:345][ 92]LogModuleManager: Shutting down and abandoning module Landscape (12)
[2016.05.22-02.36.32:345][ 92]LogModuleManager: Shutting down and abandoning module SlateRHIRenderer (11)
[2016.05.22-02.36.32:349][ 92]LogModuleManager: Shutting down and abandoning module OpenGLDrv (10)
[2016.05.22-02.36.32:349][ 92]LogModuleManager: Shutting down and abandoning module D3D11RHI (9)
[2016.05.22-02.36.32:349][ 92]LogModuleManager: Shutting down and abandoning module AnimGraphRuntime (8)
[2016.05.22-02.36.32:349][ 92]LogModuleManager: Shutting down and abandoning module Renderer (7)
[2016.05.22-02.36.32:349][ 92]LogModuleManager: Shutting down and abandoning module Engine (6)
[2016.05.22-02.36.32:349][ 92]LogModuleManager: Shutting down and abandoning module CoreUObject (5)
[2016.05.22-02.36.32:349][ 92]LogModuleManager: Shutting down and abandoning module NetworkFile (4)
[2016.05.22-02.36.32:349][ 92]LogModuleManager: Shutting down and abandoning module StreamingFile (3)
[2016.05.22-02.36.32:349][ 92]LogModuleManager: Shutting down and abandoning module SandboxFile (2)
[2016.05.22-02.36.32:349][ 92]LogModuleManager: Shutting down and abandoning module PakFile (1)
[2016.05.22-02.36.32:350][ 92]LogExit: Exiting.
[2016.05.22-02.36.32:352][ 92]Log file closed, 05/21/16 19:36:32
