Log file open, 05/19/16 16:47:46
LogInit:Display: Running engine for game: GameJamRigging
LogPlatformFile: Not using cached read wrapper
LogInit:Display: RandInit(841902139) SRandInit(841902141).
LogTaskGraph: Started task graph with 4 named threads and 7 total threads.
LogStats: Stats thread started at 0.070934
LogInit: Version: 4.11.2-2946394+++UE4+Release-4.11
LogInit: API Version: 2927265
LogInit: Compiled (64-bit): Apr 18 2016 02:18:46
LogInit: Compiled with Visual C++: 19.00.23026.00
LogInit: Build Configuration: Development
LogInit: Branch Name: ++UE4+Release-4.11
LogInit: Command line:  
LogInit: Base directory: C:/Program Files (x86)/Epic Games/4.11/Engine/Binaries/Win64/
LogInit: Installed Engine Build: 1
LogInit: Using libcurl 7.41.0
LogInit:  - built for x86_64-pc-win32
LogInit:  - supports SSL with WinSSL
LogInit:  - other features:
LogInit:      CURL_VERSION_SSL
LogInit:      CURL_VERSION_IPV6
LogInit:      CURL_VERSION_ASYNCHDNS
LogInit:      CURL_VERSION_LARGEFILE
LogInit:      CURL_VERSION_IDN
LogInit:  CurlRequestOptions (configurable via config and command line):
LogInit:  - bVerifyPeer = true  - Libcurl will verify peer certificate
LogInit:  - bUseHttpProxy = false  - Libcurl will NOT use HTTP proxy
LogInit:  - bDontReuseConnections = false  - Libcurl will reuse connections
LogInit:  - CertBundlePath = nullptr  - Libcurl will use whatever was configured at build time.
LogInit: Presizing for max 16777216 objects, including 0 objects not considered by GC, pre-allocating 0 bytes for permanent pool.
LogInit: Object subsystem initialized
[2016.05.19-23.47.46:293][  0]LogInit: Selected Device Profile: [Windows]
[2016.05.19-23.47.46:293][  0]LogInit: Applying CVar settings loaded from the selected device profile: [Windows]
[2016.05.19-23.47.46:309][  0]LogInit: Computer: COMEDICLIFE-PC
[2016.05.19-23.47.46:309][  0]LogInit: User: k0ola
[2016.05.19-23.47.46:309][  0]LogInit: CPU Page size=65536, Cores=4
[2016.05.19-23.47.46:309][  0]LogInit: High frequency timer resolution =3.312791 MHz
[2016.05.19-23.47.46:309][  0]LogMemory: Memory total: Physical=7.9GB (8GB approx)
[2016.05.19-23.47.46:309][  0]LogMemory: Platform Memory Stats for Windows
[2016.05.19-23.47.46:309][  0]LogMemory: Process Physical Memory: 313.77 MB used, 313.77 MB peak
[2016.05.19-23.47.46:309][  0]LogMemory: Process Virtual Memory: 316.14 MB used, 316.14 MB peak
[2016.05.19-23.47.46:309][  0]LogMemory: Physical Memory: 5220.79 MB used, 8085.19 MB total
[2016.05.19-23.47.46:309][  0]LogMemory: Virtual Memory: 654.57 MB used, 134217728.00 MB total
[2016.05.19-23.47.46:341][  0]LogTextLocalizationManager: No specific translations for ('en-US') exist, so ('en') translations will be used.
[2016.05.19-23.47.46:726][  0]LogD3D11RHI: D3D11 adapters:
[2016.05.19-23.47.46:745][  0]LogD3D11RHI:    0. 'NVIDIA GeForce  GTX 555' (Feature Level 11_0)
[2016.05.19-23.47.46:745][  0]LogD3D11RHI:       972MB of dedicated video memory, 0MB of dedicated system memory, and 3071MB of shared system memory, 2 output[s]
[2016.05.19-23.47.46:761][  0]LogD3D11RHI:    1. 'NVIDIA GeForce  GTX 555' (Feature Level 11_0)
[2016.05.19-23.47.46:761][  0]LogD3D11RHI:       972MB of dedicated video memory, 0MB of dedicated system memory, and 3071MB of shared system memory, 0 output[s]
[2016.05.19-23.47.46:763][  0]LogD3D11RHI:    2. 'NVIDIA GeForce  GTX 555' (Feature Level 11_0)
[2016.05.19-23.47.46:763][  0]LogD3D11RHI:       972MB of dedicated video memory, 0MB of dedicated system memory, and 3071MB of shared system memory, 0 output[s]
[2016.05.19-23.47.46:763][  0]LogD3D11RHI: Chosen D3D11 Adapter: 0
[2016.05.19-23.47.46:768][  0]LogD3D11RHI: Creating new Direct3DDevice
[2016.05.19-23.47.46:768][  0]LogD3D11RHI:     Adapter Name: NVIDIA GeForce  GTX 555
[2016.05.19-23.47.46:768][  0]LogD3D11RHI:   Driver Version: Unknown (internal Unknown)
[2016.05.19-23.47.46:768][  0]LogD3D11RHI:      Driver Date: Unknown
[2016.05.19-23.47.46:768][  0]LogRHI: Texture pool is 680 MB (70% of 972 MB)
[2016.05.19-23.47.46:780][  0]LogD3D11RHI: Async texture creation enabled
[2016.05.19-23.47.46:796][  0]LogShaderCompilers: Guid format shader working directory is -30 characters bigger than the processId version (../../../../../../Users/k0ola/Documents/GitHub/RiggingShooter/GameJamRigging/Intermediate/Shaders/WorkingDirectory/7532/).
[2016.05.19-23.47.46:796][  0]LogShaderCompilers: Cleaned the shader compiler working directory 'C:/Users/k0ola/AppData/Local/Temp/UnrealShaderWorkingDir/8B4D5C7E4A2AAE3E0C867E908EAF7AF1/'.
[2016.05.19-23.47.46:796][  0]LogShaderCompilers:Display: Using Local Shader Compiler.
[2016.05.19-23.47.48:246][  0]LogTemp:Display: Loaded TP AllDesktopTargetPlatform
[2016.05.19-23.47.48:251][  0]LogTemp:Display: Loaded TP WindowsClientTargetPlatform
[2016.05.19-23.47.48:255][  0]LogTemp:Display: Loaded TP WindowsNoEditorTargetPlatform
[2016.05.19-23.47.48:259][  0]LogTemp:Display: Loaded TP WindowsServerTargetPlatform
[2016.05.19-23.47.48:264][  0]LogTemp:Display: Loaded TP WindowsTargetPlatform
[2016.05.19-23.47.48:268][  0]LogTemp:Display: Loaded TP AndroidTargetPlatform
[2016.05.19-23.47.48:271][  0]LogTemp:Display: Loaded TP Android_ASTCTargetPlatform
[2016.05.19-23.47.48:274][  0]LogTemp:Display: Loaded TP Android_ATCTargetPlatform
[2016.05.19-23.47.48:276][  0]LogTemp:Display: Loaded TP Android_DXTTargetPlatform
[2016.05.19-23.47.48:279][  0]LogTemp:Display: Loaded TP Android_ETC1TargetPlatform
[2016.05.19-23.47.48:283][  0]LogTemp:Display: Loaded TP Android_ETC2TargetPlatform
[2016.05.19-23.47.48:289][  0]LogTemp:Display: Loaded TP Android_MultiTargetPlatform
[2016.05.19-23.47.48:289][  0]LogTemp:Display: Loaded TP Android_PVRTCTargetPlatform
[2016.05.19-23.47.48:290][  0]LogTemp:Display: Loaded TP HTML5TargetPlatform
[2016.05.19-23.47.48:307][  0]LogTemp:Display: Loaded TP IOSTargetPlatform
[2016.05.19-23.47.48:310][  0]LogTemp:Display: Loaded TP TVOSTargetPlatform
[2016.05.19-23.47.48:313][  0]LogTemp:Display: Loaded TP LinuxNoEditorTargetPlatform
[2016.05.19-23.47.48:316][  0]LogTemp:Display: Loaded TP LinuxServerTargetPlatform
[2016.05.19-23.47.48:319][  0]LogTemp:Display: Loaded TP LinuxTargetPlatform
[2016.05.19-23.47.48:319][  0]LogTargetPlatformManager:Display: Building Assets For Windows
[2016.05.19-23.47.48:880][  0]LogDerivedDataCache:Display: Max Cache Size: 512 MB
[2016.05.19-23.47.49:399][  0]LogDerivedDataCache: Loaded boot cache 0.52s 46MB C:/Users/k0ola/AppData/Local/UnrealEngine/4.11/DerivedDataCache/Boot.ddc.
[2016.05.19-23.47.49:399][  0]LogDerivedDataCache:Display: Loaded Boot cache: C:/Users/k0ola/AppData/Local/UnrealEngine/4.11/DerivedDataCache/Boot.ddc
[2016.05.19-23.47.49:400][  0]LogDerivedDataCache: FDerivedDataBackendGraph:  Pak pak cache file ../../../../../../Users/k0ola/Documents/GitHub/RiggingShooter/GameJamRigging/DerivedDataCache/DDC.ddp not found, will not use a pak cache.
[2016.05.19-23.47.49:400][  0]LogDerivedDataCache: Unable to find inner node Pak for hierarchical cache Hierarchy.
[2016.05.19-23.47.49:400][  0]LogDerivedDataCache: FDerivedDataBackendGraph:  CompressedPak pak cache file ../../../../../../Users/k0ola/Documents/GitHub/RiggingShooter/GameJamRigging/DerivedDataCache/Compressed.ddp not found, will not use a pak cache.
[2016.05.19-23.47.49:400][  0]LogDerivedDataCache: Unable to find inner node CompressedPak for hierarchical cache Hierarchy.
[2016.05.19-23.47.49:460][  0]LogDerivedDataCache:Display: Pak cache opened for reading ../../../Engine/DerivedDataCache/Compressed.ddp.
[2016.05.19-23.47.49:473][  0]LogDerivedDataCache: Using Local data cache path C:/Users/k0ola/AppData/Local/UnrealEngine/Common/DerivedDataCache: Writable
[2016.05.19-23.47.57:733][  0]LogInit: Selected Device Profile: [Windows]
[2016.05.19-23.47.57:803][  0]LogContentStreaming: Texture pool size is 0.00 MB
[2016.05.19-23.47.58:411][  0]LogMaterial: Uniform references updated for custom material expression Custom.
[2016.05.19-23.47.59:349][  0]LogMeshUtilities: No automatic mesh reduction module available
[2016.05.19-23.47.59:349][  0]LogMeshUtilities: No automatic mesh merging module available
[2016.05.19-23.47.59:349][  0]LogMeshUtilities: No distributed automatic mesh merging module available
[2016.05.19-23.48.03:149][  0]LogUObjectArray: 27679 objects as part of root set at end of initial load.
[2016.05.19-23.48.03:149][  0]LogUObjectAllocator: 5591592 out of 0 bytes used by permanent object pool.
[2016.05.19-23.48.03:149][  0]LogUObjectArray: CloseDisregardForGC: 0/0 objects in disregard for GC pool
[2016.05.19-23.48.03:210][  0]LogInit: WinSock: version 1.1 (2.2), MaxSocks=32767, MaxUdp=65467
[2016.05.19-23.48.04:553][  0]LogSlate: SlateFontCache - WITH_FREETYPE: 1, WITH_HARFBUZZ: 1
[2016.05.19-23.48.04:553][  0]LogSlate: SlateFontCache - WITH_FREETYPE: 1, WITH_HARFBUZZ: 1
[2016.05.19-23.48.06:987][  0]LogStreaming:Warning: Failed to read file '../../../Engine/Content/Editor/Slate/Common/Selection_16x.png' error.
[2016.05.19-23.48.06:987][  0]LogSlate: Could not find file for Slate resource: ../../../Engine/Content/Editor/Slate/Common/Selection_16x.png
[2016.05.19-23.48.06:987][  0]LogStreaming:Warning: Failed to read file '../../../Engine/Content/Editor/Slate/Common/Selection_16x.png' error.
[2016.05.19-23.48.06:987][  0]LogSlate: Could not find file for Slate resource: ../../../Engine/Content/Editor/Slate/Common/Selection_16x.png
[2016.05.19-23.48.06:987][  0]LogStreaming:Warning: Failed to read file '../../../Engine/Content/Editor/Slate/Common/Selection_16x.png' error.
[2016.05.19-23.48.06:987][  0]LogSlate: Could not find file for Slate resource: ../../../Engine/Content/Editor/Slate/Common/Selection_16x.png
[2016.05.19-23.48.16:684][  0]LogUdpMessaging: Initializing bridge on interface 0.0.0.0:0 to multicast group 230.0.0.1:6666.
[2016.05.19-23.48.17:092][  0]LogAssetRegistry: FAssetRegistry took 0.0225 seconds to start up
[2016.05.19-23.48.20:841][  0]SourceControl: Info Source control is disabled
[2016.05.19-23.48.20:864][  0]SourceControl: Info Source control is disabled
[2016.05.19-23.48.20:994][  0]SourceControl: Info Source control is disabled
[2016.05.19-23.48.21:278][  0]SourceControl: Info Source control is disabled
[2016.05.19-23.48.24:026][  0]LogHMD: Failed to initialize OpenVR with code 110
[2016.05.19-23.48.25:972][  0]LogEngine: Initializing Engine...
[2016.05.19-23.48.29:173][  0]LogAIModule: Creating AISystem for world NewWorld
[2016.05.19-23.48.30:626][  0]LogInit: XAudio2 using 'Speakers (Realtek High Definition Audio)' : 2 channels at 48 kHz using 32 bits per sample (channel mask 0x3)
[2016.05.19-23.48.30:976][  0]LogInit: FAudioDevice initialized.
[2016.05.19-23.48.31:019][  0]LogDerivedDataCache: Saved boot cache 0.04s 46MB C:/Users/k0ola/AppData/Local/UnrealEngine/4.11/DerivedDataCache/Boot.ddc.
[2016.05.19-23.48.31:252][  0]LogInit: Texture streaming: Enabled
[2016.05.19-23.48.32:567][  0]LogInit: Transaction tracking system initialized
[2016.05.19-23.48.35:312][  0]BlueprintLog: New page: Editor Load
[2016.05.19-23.48.42:048][  0]LocalizationService: Info Localization service is disabled
[2016.05.19-23.48.45:943][  0]LogConsoleResponse:Display: 
[2016.05.19-23.48.49:553][  0]LogFileCache: Scanning file cache for directory 'C:/Users/k0ola/Documents/GitHub/RiggingShooter/GameJamRigging/Content/' took 0.04s
[2016.05.19-23.48.49:553][  0]LogCook:Display: Max memory allowance for cook 8192mb
[2016.05.19-23.48.49:553][  0]LogCook:Display: Mobile HDR setting 1
[2016.05.19-23.48.49:553][  0]LogCook:Display: Done creating registry. It took  0.00s.
[2016.05.19-23.48.53:107][  0]SourceControl: Info Source control is disabled
[2016.05.19-23.48.53:269][  0]Cmd: MAP LOAD FILE="../../../../../../Users/k0ola/Documents/GitHub/RiggingShooter/GameJamRigging/Content/FirstPersonBP/Maps/FirstPersonExampleMap.umap" TEMPLATE=0 SHOWPROGRESS=1 FEATURELEVEL=3
[2016.05.19-23.48.53:407][  0]LightingResults: New page: Lighting Build
[2016.05.19-23.48.54:030][  0]MapCheck: New page: Map Check
[2016.05.19-23.48.54:030][  0]LightingResults: New page: Lighting Build
[2016.05.19-23.49.02:179][  0]LogTexture:Display: Building textures: Billboard (AutoDXT)
[2016.05.19-23.49.02:318][  0]LogTexture:Display: Building textures: Billboard2 (AutoDXT)
[2016.05.19-23.49.02:422][  0]LogMaterial: Missing cached shader map for material Emissive, compiling. 
[2016.05.19-23.49.02:682][  0]LogMaterial: Missing cached shader map for material CubeMaterial, compiling. 
[2016.05.19-23.49.02:857][  0]LogMaterial: Missing cached shader map for material M_Basic_Wall, compiling. 
[2016.05.19-23.49.04:093][  0]LogAIModule: Creating AISystem for world FirstPersonExampleMap
[2016.05.19-23.49.05:508][  0]LogEditorServer: Finished looking for orphan Actors (0.000 secs)
[2016.05.19-23.49.05:592][  0]Cmd: MAP CHECKDEP NOCLEARLOG
[2016.05.19-23.49.05:710][  0]MapCheck: Info Map check complete: 0 Error(s), 0 Warning(s), took 117.474ms to complete.
[2016.05.19-23.49.05:744][  0]LogFileHelpers: Loading map 'FirstPersonExampleMap' took 12.559
[2016.05.19-23.49.07:445][  0]LogCollectionManager: Loaded 0 collections in 0.002301 seconds
[2016.05.19-23.49.07:635][  0]LogFileCache: Scanning file cache for directory 'C:/Users/k0ola/Documents/GitHub/RiggingShooter/GameJamRigging/Saved/Collections/' took 0.01s
[2016.05.19-23.49.07:635][  0]LogFileCache: Scanning file cache for directory 'C:/Users/k0ola/Documents/GitHub/RiggingShooter/GameJamRigging/Content/Developers/k0ola/Collections/' took 0.01s
[2016.05.19-23.49.07:635][  0]LogFileCache: Scanning file cache for directory 'C:/Users/k0ola/Documents/GitHub/RiggingShooter/GameJamRigging/Content/Collections/' took 0.01s
[2016.05.19-23.49.07:636][  0]LogCollectionManager: Rebuilt the GUID cache for 0 collections in 0.000004 seconds
[2016.05.19-23.49.07:656][  0]LogContentBrowser: Native class hierarchy populated in 0.0204 seconds. Added 1979 classes and 343 folders.
[2016.05.19-23.49.07:728][  0]LogStats: UGameplayTagsManager::ConstructGameplayTagTree: Construct from data asset -  0.000 s
[2016.05.19-23.49.07:728][  0]LogStats: UGameplayTagsManager::ConstructGameplayTagTree: GameplayTagTreeChangedEvent.Broadcast -  0.000 s
[2016.05.19-23.49.07:729][  0]LogContentBrowser: Native class hierarchy updated for 'GameplayTags' in 0.0009 seconds. Added 12 classes and 0 folders.
[2016.05.19-23.49.07:762][  0]LogContentBrowser: Native class hierarchy updated for 'WidgetCarousel' in 0.0006 seconds. Added 0 classes and 0 folders.
[2016.05.19-23.49.07:934][  0]LogContentBrowser: Native class hierarchy updated for 'SuperSearch' in 0.0006 seconds. Added 1 classes and 2 folders.
[2016.05.19-23.49.09:131][  0]LogContentBrowser: Native class hierarchy updated for 'AddContentDialog' in 0.0006 seconds. Added 0 classes and 0 folders.
[2016.05.19-23.49.09:320][  0]LogContentBrowser: Native class hierarchy updated for 'WorldBrowser' in 0.0005 seconds. Added 1 classes and 3 folders.
[2016.05.19-23.49.09:395][  0]LogContentBrowser: Native class hierarchy updated for 'SceneOutliner' in 0.0006 seconds. Added 1 classes and 2 folders.
[2016.05.19-23.49.10:441][  0]LogCrashTracker: Crashtracker disabled due to settings.
[2016.05.19-23.49.10:584][  0]LogUObjectGlobals:Warning: Failed to find object 'Class None.'
[2016.05.19-23.49.10:673][  0]LogContentBrowser: Native class hierarchy updated for 'HierarchicalLODOutliner' in 0.0004 seconds. Added 1 classes and 2 folders.
[2016.05.19-23.49.10:680][  0]LogLoad: Full Startup: 85.35 seconds (BP compile: 1.15 seconds)
[2016.05.19-23.49.10:680][  0]LogExternalProfiler:Warning: No registered external profiler was matched with a command-line switch (or the DLL could not be loaded).  External profiling features will not be available.
[2016.05.19-23.49.10:709][  0]LogOcInput: OculusInput pre-init called
[2016.05.19-23.49.10:734][  0]LoadErrors:Error: Error /Game/FirstPersonBP/Blueprints/GravityWell : Failed import for GravityWell_C /Game/Blueprints/GravityWell.Default__GravityWell_C [redirection] in /Game/FirstPersonBP/Blueprints/GravityWell
[2016.05.19-23.49.11:289][  0]LogContentStreaming: Texture pool size now 700 MB
[2016.05.19-23.49.12:781][  0]LogRenderer: Reallocating scene render targets to support 944x696 (Frame:2).
[2016.05.19-23.49.13:554][  3]LogAssetRegistry: Asset discovery search completed in 56.4840 seconds
[2016.05.19-23.49.13:566][  3]LogCollectionManager: Rebuilt the object cache for 0 collections in 0.000001 seconds (found 0 objects)
[2016.05.19-23.49.13:575][  3]LogCollectionManager: Fixed up redirectors for 0 collections in 0.020240 seconds (updated 0 objects)
[2016.05.19-23.49.16:464][ 91]LogEditorViewport: Clicking on Actor (LMB): StaticMeshActor (BigWall2)
[2016.05.19-23.49.32:091][126]LogEditorViewport: Clicking on Actor (LMB): TextRenderActor (TemplateLabel)
[2016.05.19-23.53.04:415][836]LogContentBrowser: Native class hierarchy updated for 'Cascade' in 0.0008 seconds. Added 2 classes and 2 folders.
[2016.05.19-23.53.09:961][296]LogCascade: Quitting Cascade. FXSystem=0x0000026561BDAFC0
[2016.05.19-23.54.11:620][984]LogCascade: Quitting Cascade. FXSystem=0x000002656395B880
[2016.05.19-23.55.20:124][825]LogAIModule: Creating AISystem for world ChrisTest
[2016.05.19-23.55.20:160][825]LogActorComponent: UnregisterComponent: (/Engine/Transient.CharMoveComp) Not registered. Aborting.
[2016.05.19-23.55.20:160][825]LogActorComponent: UnregisterComponent: (/Engine/Transient.ProjectileMovementComponent_40__A6522401) Not registered. Aborting.
[2016.05.19-23.55.20:486][825]Cmd: MAP LOAD FILE="../../../../../../Users/k0ola/Documents/GitHub/RiggingShooter/GameJamRigging/Content/Maps/ChrisTest.umap" TEMPLATE=0 SHOWPROGRESS=1 FEATURELEVEL=3
[2016.05.19-23.55.20:487][825]LightingResults: New page: Lighting Build
[2016.05.19-23.55.20:517][825]LoadErrors: New page: Loading map: ChrisTest.umap
[2016.05.19-23.55.20:536][825]MapCheck: New page: Map Check
[2016.05.19-23.55.20:536][825]LightingResults: New page: Lighting Build
[2016.05.19-23.55.20:695][825]LogEditorServer: Finished looking for orphan Actors (0.000 secs)
[2016.05.19-23.55.20:749][825]Cmd: MAP CHECKDEP NOCLEARLOG
[2016.05.19-23.55.20:817][825]MapCheck: Info Map check complete: 0 Error(s), 0 Warning(s), took 68.016ms to complete.
[2016.05.19-23.55.20:818][825]LogFileHelpers: Loading map 'ChrisTest' took 0.344
[2016.05.19-23.55.22:946][ 36]LogBlueprintUserMessages: Early PlayInEditor Detection: Level '/Game/Maps/ChrisTest.ChrisTest:PersistentLevel' has LevelScriptBlueprint '/Game/Maps/ChrisTest.ChrisTest:PersistentLevel.ChrisTest' with GeneratedClass '/Game/Maps/ChrisTest.ChrisTest_C' with ClassGeneratedBy '/Game/Maps/ChrisTest.ChrisTest:PersistentLevel.ChrisTest'
[2016.05.19-23.55.22:946][ 36]LogPlayLevel: PlayLevel: No blueprints needed recompiling
[2016.05.19-23.55.22:968][ 36]PIE: New page: PIE session: ChrisTest (May 19, 2016, 8:55:22 AM)
[2016.05.19-23.55.22:976][ 36]LogPlayLevel: Creating play world package: /Game/Maps/UEDPIE_0_ChrisTest
[2016.05.19-23.55.23:017][ 36]LogPlayLevel: PIE: StaticDuplicateObject took: (0.040734s)
[2016.05.19-23.55.23:018][ 36]LogAIModule: Creating AISystem for world ChrisTest
[2016.05.19-23.55.23:018][ 36]LogPlayLevel: PIE: World Init took: (0.001141s)
[2016.05.19-23.55.23:018][ 36]LogPlayLevel: PIE: Created PIE world by copying editor world from /Game/Maps/ChrisTest.ChrisTest to /Game/Maps/UEDPIE_0_ChrisTest.ChrisTest (0.042596s)
[2016.05.19-23.55.23:055][ 36]LogInit: XAudio2 using 'Speakers (Realtek High Definition Audio)' : 2 channels at 48 kHz using 32 bits per sample (channel mask 0x3)
[2016.05.19-23.55.23:079][ 36]LogInit: FAudioDevice initialized.
[2016.05.19-23.55.23:227][ 36]LogWorld: Game class is 'ShooterGameMode_C'
[2016.05.19-23.55.23:233][ 36]LogWorld: Bringing World /Game/Maps/UEDPIE_0_ChrisTest.ChrisTest up for play (max tick rate 0) at 2016.05.19-16.55.23
[2016.05.19-23.55.23:242][ 36]LogWorld: Bringing up level for play took: 0.013643
[2016.05.19-23.55.23:394][ 36]LogContentBrowser: Native class hierarchy updated for 'MovieSceneCapture' in 0.0009 seconds. Added 9 classes and 0 folders.
[2016.05.19-23.55.23:517][ 36]PIE: Info Play in editor start time for /Game/Maps/UEDPIE_0_ChrisTest -0.179
[2016.05.19-23.55.23:518][ 36]LogBlueprintUserMessages: Late PlayInEditor Detection: Level '/Game/Maps/ChrisTest.ChrisTest:PersistentLevel' has LevelScriptBlueprint '/Game/Maps/ChrisTest.ChrisTest:PersistentLevel.ChrisTest' with GeneratedClass '/Game/Maps/ChrisTest.ChrisTest_C' with ClassGeneratedBy '/Game/Maps/ChrisTest.ChrisTest:PersistentLevel.ChrisTest'
[2016.05.19-23.55.44:772][499]LogBlueprintUserMessages: Early EndPlayMap Detection: Level '/Game/Maps/ChrisTest.ChrisTest:PersistentLevel' has LevelScriptBlueprint '/Game/Maps/ChrisTest.ChrisTest:PersistentLevel.ChrisTest' with GeneratedClass '/Game/Maps/ChrisTest.ChrisTest_C' with ClassGeneratedBy '/Game/Maps/ChrisTest.ChrisTest:PersistentLevel.ChrisTest'
[2016.05.19-23.55.44:862][499]LogBlueprintUserMessages: Late EndPlayMap Detection: Level '/Game/Maps/ChrisTest.ChrisTest:PersistentLevel' has LevelScriptBlueprint '/Game/Maps/ChrisTest.ChrisTest:PersistentLevel.ChrisTest' with GeneratedClass '/Game/Maps/ChrisTest.ChrisTest_C' with ClassGeneratedBy '/Game/Maps/ChrisTest.ChrisTest:PersistentLevel.ChrisTest'
[2016.05.19-23.56.03:988][705]LogSavePackage: Save=168.70ms
[2016.05.19-23.56.03:989][705]LogSavePackage: Moving '../../../../../../Users/k0ola/Documents/GitHub/RiggingShooter/GameJamRigging/Saved/P_spark_burst_blue2EB5D7A649D63A7BE3F995AA36D8054A.tmp' to '../../../../../../Users/k0ola/Documents/GitHub/RiggingShooter/GameJamRigging/Content/ExampleContent/Effects/ParticleSystems/P_spark_burst_blue.uasset'
[2016.05.19-23.56.04:033][705]LogSavePackage: Total save time: 296.36ms
[2016.05.19-23.56.04:033][705]LogSavePackage:Display: Finished SavePackage ../../../../../../Users/k0ola/Documents/GitHub/RiggingShooter/GameJamRigging/Content/ExampleContent/Effects/ParticleSystems/P_spark_burst_blue.uasset
[2016.05.19-23.56.05:425][848]LogBlueprintUserMessages: Early PlayInEditor Detection: Level '/Game/Maps/ChrisTest.ChrisTest:PersistentLevel' has LevelScriptBlueprint '/Game/Maps/ChrisTest.ChrisTest:PersistentLevel.ChrisTest' with GeneratedClass '/Game/Maps/ChrisTest.ChrisTest_C' with ClassGeneratedBy '/Game/Maps/ChrisTest.ChrisTest:PersistentLevel.ChrisTest'
[2016.05.19-23.56.05:425][848]LogPlayLevel: PlayLevel: No blueprints needed recompiling
[2016.05.19-23.56.05:426][848]PIE: New page: PIE session: ChrisTest (May 19, 2016, 8:56:05 AM)
[2016.05.19-23.56.05:426][848]LogPlayLevel: Creating play world package: /Game/Maps/UEDPIE_0_ChrisTest
[2016.05.19-23.56.05:437][848]LogPlayLevel: PIE: StaticDuplicateObject took: (0.011070s)
[2016.05.19-23.56.05:437][848]LogAIModule: Creating AISystem for world ChrisTest
[2016.05.19-23.56.05:438][848]LogPlayLevel: PIE: World Init took: (0.000751s)
[2016.05.19-23.56.05:438][848]LogPlayLevel: PIE: Created PIE world by copying editor world from /Game/Maps/ChrisTest.ChrisTest to /Game/Maps/UEDPIE_0_ChrisTest.ChrisTest (0.012268s)
[2016.05.19-23.56.05:448][848]LogInit: XAudio2 using 'Speakers (Realtek High Definition Audio)' : 2 channels at 48 kHz using 32 bits per sample (channel mask 0x3)
[2016.05.19-23.56.05:460][848]LogInit: FAudioDevice initialized.
[2016.05.19-23.56.05:493][848]LogWorld: Game class is 'ShooterGameMode_C'
[2016.05.19-23.56.05:495][848]LogWorld: Bringing World /Game/Maps/UEDPIE_0_ChrisTest.ChrisTest up for play (max tick rate 0) at 2016.05.19-16.56.05
[2016.05.19-23.56.05:496][848]LogWorld: Bringing up level for play took: 0.002396
[2016.05.19-23.56.05:499][848]PIE: Info Play in editor start time for /Game/Maps/UEDPIE_0_ChrisTest -0.197
[2016.05.19-23.56.05:499][848]LogBlueprintUserMessages: Late PlayInEditor Detection: Level '/Game/Maps/ChrisTest.ChrisTest:PersistentLevel' has LevelScriptBlueprint '/Game/Maps/ChrisTest.ChrisTest:PersistentLevel.ChrisTest' with GeneratedClass '/Game/Maps/ChrisTest.ChrisTest_C' with ClassGeneratedBy '/Game/Maps/ChrisTest.ChrisTest:PersistentLevel.ChrisTest'
[2016.05.19-23.56.10:396][428]LogBlueprintUserMessages: Early EndPlayMap Detection: Level '/Game/Maps/ChrisTest.ChrisTest:PersistentLevel' has LevelScriptBlueprint '/Game/Maps/ChrisTest.ChrisTest:PersistentLevel.ChrisTest' with GeneratedClass '/Game/Maps/ChrisTest.ChrisTest_C' with ClassGeneratedBy '/Game/Maps/ChrisTest.ChrisTest:PersistentLevel.ChrisTest'
[2016.05.19-23.56.10:432][428]LogBlueprintUserMessages: Late EndPlayMap Detection: Level '/Game/Maps/ChrisTest.ChrisTest:PersistentLevel' has LevelScriptBlueprint '/Game/Maps/ChrisTest.ChrisTest:PersistentLevel.ChrisTest' with GeneratedClass '/Game/Maps/ChrisTest.ChrisTest_C' with ClassGeneratedBy '/Game/Maps/ChrisTest.ChrisTest:PersistentLevel.ChrisTest'
[2016.05.19-23.56.29:525][690]LogSavePackage: Save=11.03ms
[2016.05.19-23.56.29:525][690]LogSavePackage: Moving '../../../../../../Users/k0ola/Documents/GitHub/RiggingShooter/GameJamRigging/Saved/P_spark_burst_blueD35116904255A0D48722ADBE82E90C80.tmp' to '../../../../../../Users/k0ola/Documents/GitHub/RiggingShooter/GameJamRigging/Content/ExampleContent/Effects/ParticleSystems/P_spark_burst_blue.uasset'
[2016.05.19-23.56.29:528][690]LogSavePackage: Total save time: 43.58ms
[2016.05.19-23.56.29:528][690]LogSavePackage:Display: Finished SavePackage ../../../../../../Users/k0ola/Documents/GitHub/RiggingShooter/GameJamRigging/Content/ExampleContent/Effects/ParticleSystems/P_spark_burst_blue.uasset
[2016.05.19-23.56.31:573][910]LogBlueprintUserMessages: Early PlayInEditor Detection: Level '/Game/Maps/ChrisTest.ChrisTest:PersistentLevel' has LevelScriptBlueprint '/Game/Maps/ChrisTest.ChrisTest:PersistentLevel.ChrisTest' with GeneratedClass '/Game/Maps/ChrisTest.ChrisTest_C' with ClassGeneratedBy '/Game/Maps/ChrisTest.ChrisTest:PersistentLevel.ChrisTest'
[2016.05.19-23.56.31:573][910]LogPlayLevel: PlayLevel: No blueprints needed recompiling
[2016.05.19-23.56.31:573][910]PIE: New page: PIE session: ChrisTest (May 19, 2016, 8:56:31 AM)
[2016.05.19-23.56.31:573][910]LogPlayLevel: Creating play world package: /Game/Maps/UEDPIE_0_ChrisTest
[2016.05.19-23.56.31:582][910]LogPlayLevel: PIE: StaticDuplicateObject took: (0.008275s)
[2016.05.19-23.56.31:582][910]LogAIModule: Creating AISystem for world ChrisTest
[2016.05.19-23.56.31:582][910]LogPlayLevel: PIE: World Init took: (0.000629s)
[2016.05.19-23.56.31:583][910]LogPlayLevel: PIE: Created PIE world by copying editor world from /Game/Maps/ChrisTest.ChrisTest to /Game/Maps/UEDPIE_0_ChrisTest.ChrisTest (0.009283s)
[2016.05.19-23.56.31:593][910]LogInit: XAudio2 using 'Speakers (Realtek High Definition Audio)' : 2 channels at 48 kHz using 32 bits per sample (channel mask 0x3)
[2016.05.19-23.56.31:603][910]LogInit: FAudioDevice initialized.
[2016.05.19-23.56.31:631][910]LogWorld: Game class is 'ShooterGameMode_C'
[2016.05.19-23.56.31:633][910]LogWorld: Bringing World /Game/Maps/UEDPIE_0_ChrisTest.ChrisTest up for play (max tick rate 0) at 2016.05.19-16.56.31
[2016.05.19-23.56.31:634][910]LogWorld: Bringing up level for play took: 0.002377
[2016.05.19-23.56.31:637][910]PIE: Info Play in editor start time for /Game/Maps/UEDPIE_0_ChrisTest -0.059
[2016.05.19-23.56.31:637][910]LogBlueprintUserMessages: Late PlayInEditor Detection: Level '/Game/Maps/ChrisTest.ChrisTest:PersistentLevel' has LevelScriptBlueprint '/Game/Maps/ChrisTest.ChrisTest:PersistentLevel.ChrisTest' with GeneratedClass '/Game/Maps/ChrisTest.ChrisTest_C' with ClassGeneratedBy '/Game/Maps/ChrisTest.ChrisTest:PersistentLevel.ChrisTest'
[2016.05.19-23.56.35:363][349]LogBlueprintUserMessages: Early EndPlayMap Detection: Level '/Game/Maps/ChrisTest.ChrisTest:PersistentLevel' has LevelScriptBlueprint '/Game/Maps/ChrisTest.ChrisTest:PersistentLevel.ChrisTest' with GeneratedClass '/Game/Maps/ChrisTest.ChrisTest_C' with ClassGeneratedBy '/Game/Maps/ChrisTest.ChrisTest:PersistentLevel.ChrisTest'
[2016.05.19-23.56.35:394][349]LogBlueprintUserMessages: Late EndPlayMap Detection: Level '/Game/Maps/ChrisTest.ChrisTest:PersistentLevel' has LevelScriptBlueprint '/Game/Maps/ChrisTest.ChrisTest:PersistentLevel.ChrisTest' with GeneratedClass '/Game/Maps/ChrisTest.ChrisTest_C' with ClassGeneratedBy '/Game/Maps/ChrisTest.ChrisTest:PersistentLevel.ChrisTest'
[2016.05.19-23.56.44:463][390]LogBlueprintUserMessages: Early PlayInEditor Detection: Level '/Game/Maps/ChrisTest.ChrisTest:PersistentLevel' has LevelScriptBlueprint '/Game/Maps/ChrisTest.ChrisTest:PersistentLevel.ChrisTest' with GeneratedClass '/Game/Maps/ChrisTest.ChrisTest_C' with ClassGeneratedBy '/Game/Maps/ChrisTest.ChrisTest:PersistentLevel.ChrisTest'
[2016.05.19-23.56.44:463][390]LogPlayLevel: PlayLevel: No blueprints needed recompiling
[2016.05.19-23.56.44:463][390]PIE: New page: PIE session: ChrisTest (May 19, 2016, 8:56:44 AM)
[2016.05.19-23.56.44:463][390]LogPlayLevel: Creating play world package: /Game/Maps/UEDPIE_0_ChrisTest
[2016.05.19-23.56.44:471][390]LogPlayLevel: PIE: StaticDuplicateObject took: (0.008247s)
[2016.05.19-23.56.44:472][390]LogAIModule: Creating AISystem for world ChrisTest
[2016.05.19-23.56.44:472][390]LogPlayLevel: PIE: World Init took: (0.000631s)
[2016.05.19-23.56.44:472][390]LogPlayLevel: PIE: Created PIE world by copying editor world from /Game/Maps/ChrisTest.ChrisTest to /Game/Maps/UEDPIE_0_ChrisTest.ChrisTest (0.009266s)
[2016.05.19-23.56.44:482][390]LogInit: XAudio2 using 'Speakers (Realtek High Definition Audio)' : 2 channels at 48 kHz using 32 bits per sample (channel mask 0x3)
[2016.05.19-23.56.44:493][390]LogInit: FAudioDevice initialized.
[2016.05.19-23.56.44:525][390]LogWorld: Game class is 'ShooterGameMode_C'
[2016.05.19-23.56.44:527][390]LogWorld: Bringing World /Game/Maps/UEDPIE_0_ChrisTest.ChrisTest up for play (max tick rate 0) at 2016.05.19-16.56.44
[2016.05.19-23.56.44:528][390]LogWorld: Bringing up level for play took: 0.002402
[2016.05.19-23.56.44:531][390]PIE: Info Play in editor start time for /Game/Maps/UEDPIE_0_ChrisTest 0.835
[2016.05.19-23.56.44:531][390]LogBlueprintUserMessages: Late PlayInEditor Detection: Level '/Game/Maps/ChrisTest.ChrisTest:PersistentLevel' has LevelScriptBlueprint '/Game/Maps/ChrisTest.ChrisTest:PersistentLevel.ChrisTest' with GeneratedClass '/Game/Maps/ChrisTest.ChrisTest_C' with ClassGeneratedBy '/Game/Maps/ChrisTest.ChrisTest:PersistentLevel.ChrisTest'
[2016.05.19-23.56.50:018][ 37]LogBlueprintUserMessages: Early EndPlayMap Detection: Level '/Game/Maps/ChrisTest.ChrisTest:PersistentLevel' has LevelScriptBlueprint '/Game/Maps/ChrisTest.ChrisTest:PersistentLevel.ChrisTest' with GeneratedClass '/Game/Maps/ChrisTest.ChrisTest_C' with ClassGeneratedBy '/Game/Maps/ChrisTest.ChrisTest:PersistentLevel.ChrisTest'
[2016.05.19-23.56.50:052][ 37]LogBlueprintUserMessages: Late EndPlayMap Detection: Level '/Game/Maps/ChrisTest.ChrisTest:PersistentLevel' has LevelScriptBlueprint '/Game/Maps/ChrisTest.ChrisTest:PersistentLevel.ChrisTest' with GeneratedClass '/Game/Maps/ChrisTest.ChrisTest_C' with ClassGeneratedBy '/Game/Maps/ChrisTest.ChrisTest:PersistentLevel.ChrisTest'
[2016.05.19-23.56.53:584][330]LogBlueprintUserMessages: Early PlayInEditor Detection: Level '/Game/Maps/ChrisTest.ChrisTest:PersistentLevel' has LevelScriptBlueprint '/Game/Maps/ChrisTest.ChrisTest:PersistentLevel.ChrisTest' with GeneratedClass '/Game/Maps/ChrisTest.ChrisTest_C' with ClassGeneratedBy '/Game/Maps/ChrisTest.ChrisTest:PersistentLevel.ChrisTest'
[2016.05.19-23.56.53:584][330]LogPlayLevel: PlayLevel: No blueprints needed recompiling
[2016.05.19-23.56.53:584][330]PIE: New page: PIE session: ChrisTest (May 19, 2016, 8:56:53 AM)
[2016.05.19-23.56.53:584][330]LogPlayLevel: Creating play world package: /Game/Maps/UEDPIE_0_ChrisTest
[2016.05.19-23.56.53:593][330]LogPlayLevel: PIE: StaticDuplicateObject took: (0.008326s)
[2016.05.19-23.56.53:593][330]LogAIModule: Creating AISystem for world ChrisTest
[2016.05.19-23.56.53:593][330]LogPlayLevel: PIE: World Init took: (0.000660s)
[2016.05.19-23.56.53:594][330]LogPlayLevel: PIE: Created PIE world by copying editor world from /Game/Maps/ChrisTest.ChrisTest to /Game/Maps/UEDPIE_0_ChrisTest.ChrisTest (0.009379s)
[2016.05.19-23.56.53:605][330]LogInit: XAudio2 using 'Speakers (Realtek High Definition Audio)' : 2 channels at 48 kHz using 32 bits per sample (channel mask 0x3)
[2016.05.19-23.56.53:615][330]LogInit: FAudioDevice initialized.
[2016.05.19-23.56.53:648][330]LogWorld: Game class is 'ShooterGameMode_C'
[2016.05.19-23.56.53:651][330]LogWorld: Bringing World /Game/Maps/UEDPIE_0_ChrisTest.ChrisTest up for play (max tick rate 0) at 2016.05.19-16.56.53
[2016.05.19-23.56.53:651][330]LogWorld: Bringing up level for play took: 0.002591
[2016.05.19-23.56.53:654][330]PIE: Info Play in editor start time for /Game/Maps/UEDPIE_0_ChrisTest -0.042
[2016.05.19-23.56.53:655][330]LogBlueprintUserMessages: Late PlayInEditor Detection: Level '/Game/Maps/ChrisTest.ChrisTest:PersistentLevel' has LevelScriptBlueprint '/Game/Maps/ChrisTest.ChrisTest:PersistentLevel.ChrisTest' with GeneratedClass '/Game/Maps/ChrisTest.ChrisTest_C' with ClassGeneratedBy '/Game/Maps/ChrisTest.ChrisTest:PersistentLevel.ChrisTest'
[2016.05.19-23.56.58:995][961]LogBlueprintUserMessages: Early EndPlayMap Detection: Level '/Game/Maps/ChrisTest.ChrisTest:PersistentLevel' has LevelScriptBlueprint '/Game/Maps/ChrisTest.ChrisTest:PersistentLevel.ChrisTest' with GeneratedClass '/Game/Maps/ChrisTest.ChrisTest_C' with ClassGeneratedBy '/Game/Maps/ChrisTest.ChrisTest:PersistentLevel.ChrisTest'
[2016.05.19-23.56.59:033][961]LogBlueprintUserMessages: Late EndPlayMap Detection: Level '/Game/Maps/ChrisTest.ChrisTest:PersistentLevel' has LevelScriptBlueprint '/Game/Maps/ChrisTest.ChrisTest:PersistentLevel.ChrisTest' with GeneratedClass '/Game/Maps/ChrisTest.ChrisTest_C' with ClassGeneratedBy '/Game/Maps/ChrisTest.ChrisTest:PersistentLevel.ChrisTest'
[2016.05.19-23.57.22:351][708]LogSavePackage: Save=10.99ms
[2016.05.19-23.57.22:351][708]LogSavePackage: Moving '../../../../../../Users/k0ola/Documents/GitHub/RiggingShooter/GameJamRigging/Saved/P_spark_burst_blue9F02119641D49570446FA296E70E4660.tmp' to '../../../../../../Users/k0ola/Documents/GitHub/RiggingShooter/GameJamRigging/Content/ExampleContent/Effects/ParticleSystems/P_spark_burst_blue.uasset'
[2016.05.19-23.57.22:354][708]LogSavePackage: Total save time: 44.40ms
[2016.05.19-23.57.22:354][708]LogSavePackage:Display: Finished SavePackage ../../../../../../Users/k0ola/Documents/GitHub/RiggingShooter/GameJamRigging/Content/ExampleContent/Effects/ParticleSystems/P_spark_burst_blue.uasset
[2016.05.19-23.57.24:396][929]LogBlueprintUserMessages: Early PlayInEditor Detection: Level '/Game/Maps/ChrisTest.ChrisTest:PersistentLevel' has LevelScriptBlueprint '/Game/Maps/ChrisTest.ChrisTest:PersistentLevel.ChrisTest' with GeneratedClass '/Game/Maps/ChrisTest.ChrisTest_C' with ClassGeneratedBy '/Game/Maps/ChrisTest.ChrisTest:PersistentLevel.ChrisTest'
[2016.05.19-23.57.24:396][929]LogPlayLevel: PlayLevel: No blueprints needed recompiling
[2016.05.19-23.57.24:396][929]PIE: New page: PIE session: ChrisTest (May 19, 2016, 8:57:24 AM)
[2016.05.19-23.57.24:396][929]LogPlayLevel: Creating play world package: /Game/Maps/UEDPIE_0_ChrisTest
[2016.05.19-23.57.24:405][929]LogPlayLevel: PIE: StaticDuplicateObject took: (0.008133s)
[2016.05.19-23.57.24:405][929]LogAIModule: Creating AISystem for world ChrisTest
[2016.05.19-23.57.24:405][929]LogPlayLevel: PIE: World Init took: (0.000652s)
[2016.05.19-23.57.24:406][929]LogPlayLevel: PIE: Created PIE world by copying editor world from /Game/Maps/ChrisTest.ChrisTest to /Game/Maps/UEDPIE_0_ChrisTest.ChrisTest (0.009192s)
[2016.05.19-23.57.24:416][929]LogInit: XAudio2 using 'Speakers (Realtek High Definition Audio)' : 2 channels at 48 kHz using 32 bits per sample (channel mask 0x3)
[2016.05.19-23.57.24:427][929]LogInit: FAudioDevice initialized.
[2016.05.19-23.57.24:457][929]LogWorld: Game class is 'ShooterGameMode_C'
[2016.05.19-23.57.24:460][929]LogWorld: Bringing World /Game/Maps/UEDPIE_0_ChrisTest.ChrisTest up for play (max tick rate 0) at 2016.05.19-16.57.24
[2016.05.19-23.57.24:461][929]LogWorld: Bringing up level for play took: 0.002456
[2016.05.19-23.57.24:464][929]PIE: Info Play in editor start time for /Game/Maps/UEDPIE_0_ChrisTest 0.768
[2016.05.19-23.57.24:464][929]LogBlueprintUserMessages: Late PlayInEditor Detection: Level '/Game/Maps/ChrisTest.ChrisTest:PersistentLevel' has LevelScriptBlueprint '/Game/Maps/ChrisTest.ChrisTest:PersistentLevel.ChrisTest' with GeneratedClass '/Game/Maps/ChrisTest.ChrisTest_C' with ClassGeneratedBy '/Game/Maps/ChrisTest.ChrisTest:PersistentLevel.ChrisTest'
[2016.05.19-23.57.33:759][ 32]LogBlueprintUserMessages: Early EndPlayMap Detection: Level '/Game/Maps/ChrisTest.ChrisTest:PersistentLevel' has LevelScriptBlueprint '/Game/Maps/ChrisTest.ChrisTest:PersistentLevel.ChrisTest' with GeneratedClass '/Game/Maps/ChrisTest.ChrisTest_C' with ClassGeneratedBy '/Game/Maps/ChrisTest.ChrisTest:PersistentLevel.ChrisTest'
[2016.05.19-23.57.33:802][ 32]LogBlueprintUserMessages: Late EndPlayMap Detection: Level '/Game/Maps/ChrisTest.ChrisTest:PersistentLevel' has LevelScriptBlueprint '/Game/Maps/ChrisTest.ChrisTest:PersistentLevel.ChrisTest' with GeneratedClass '/Game/Maps/ChrisTest.ChrisTest_C' with ClassGeneratedBy '/Game/Maps/ChrisTest.ChrisTest:PersistentLevel.ChrisTest'
[2016.05.19-23.57.42:250][ 19]LogSavePackage: Save=11.05ms
[2016.05.19-23.57.42:250][ 19]LogSavePackage: Moving '../../../../../../Users/k0ola/Documents/GitHub/RiggingShooter/GameJamRigging/Saved/P_spark_burst_blueE3ACC6764EB551C3C867FB8EDD3AEBAA.tmp' to '../../../../../../Users/k0ola/Documents/GitHub/RiggingShooter/GameJamRigging/Content/ExampleContent/Effects/ParticleSystems/P_spark_burst_blue.uasset'
[2016.05.19-23.57.42:252][ 19]LogSavePackage: Total save time: 44.31ms
[2016.05.19-23.57.42:252][ 19]LogSavePackage:Display: Finished SavePackage ../../../../../../Users/k0ola/Documents/GitHub/RiggingShooter/GameJamRigging/Content/ExampleContent/Effects/ParticleSystems/P_spark_burst_blue.uasset
[2016.05.19-23.57.44:040][210]LogBlueprintUserMessages: Early PlayInEditor Detection: Level '/Game/Maps/ChrisTest.ChrisTest:PersistentLevel' has LevelScriptBlueprint '/Game/Maps/ChrisTest.ChrisTest:PersistentLevel.ChrisTest' with GeneratedClass '/Game/Maps/ChrisTest.ChrisTest_C' with ClassGeneratedBy '/Game/Maps/ChrisTest.ChrisTest:PersistentLevel.ChrisTest'
[2016.05.19-23.57.44:041][210]LogPlayLevel: PlayLevel: No blueprints needed recompiling
[2016.05.19-23.57.44:041][210]PIE: New page: PIE session: ChrisTest (May 19, 2016, 8:57:44 AM)
[2016.05.19-23.57.44:041][210]LogPlayLevel: Creating play world package: /Game/Maps/UEDPIE_0_ChrisTest
[2016.05.19-23.57.44:049][210]LogPlayLevel: PIE: StaticDuplicateObject took: (0.008100s)
[2016.05.19-23.57.44:050][210]LogAIModule: Creating AISystem for world ChrisTest
[2016.05.19-23.57.44:050][210]LogPlayLevel: PIE: World Init took: (0.000628s)
[2016.05.19-23.57.44:050][210]LogPlayLevel: PIE: Created PIE world by copying editor world from /Game/Maps/ChrisTest.ChrisTest to /Game/Maps/UEDPIE_0_ChrisTest.ChrisTest (0.009116s)
[2016.05.19-23.57.44:064][210]LogInit: XAudio2 using 'Speakers (Realtek High Definition Audio)' : 2 channels at 48 kHz using 32 bits per sample (channel mask 0x3)
[2016.05.19-23.57.44:076][210]LogInit: FAudioDevice initialized.
[2016.05.19-23.57.44:104][210]LogWorld: Game class is 'ShooterGameMode_C'
[2016.05.19-23.57.44:106][210]LogWorld: Bringing World /Game/Maps/UEDPIE_0_ChrisTest.ChrisTest up for play (max tick rate 0) at 2016.05.19-16.57.44
[2016.05.19-23.57.44:107][210]LogWorld: Bringing up level for play took: 0.002389
[2016.05.19-23.57.44:110][210]PIE: Info Play in editor start time for /Game/Maps/UEDPIE_0_ChrisTest 0.414
[2016.05.19-23.57.44:110][210]LogBlueprintUserMessages: Late PlayInEditor Detection: Level '/Game/Maps/ChrisTest.ChrisTest:PersistentLevel' has LevelScriptBlueprint '/Game/Maps/ChrisTest.ChrisTest:PersistentLevel.ChrisTest' with GeneratedClass '/Game/Maps/ChrisTest.ChrisTest_C' with ClassGeneratedBy '/Game/Maps/ChrisTest.ChrisTest:PersistentLevel.ChrisTest'
[2016.05.19-23.57.54:286][418]LogBlueprintUserMessages: Early EndPlayMap Detection: Level '/Game/Maps/ChrisTest.ChrisTest:PersistentLevel' has LevelScriptBlueprint '/Game/Maps/ChrisTest.ChrisTest:PersistentLevel.ChrisTest' with GeneratedClass '/Game/Maps/ChrisTest.ChrisTest_C' with ClassGeneratedBy '/Game/Maps/ChrisTest.ChrisTest:PersistentLevel.ChrisTest'
[2016.05.19-23.57.54:326][418]LogBlueprintUserMessages: Late EndPlayMap Detection: Level '/Game/Maps/ChrisTest.ChrisTest:PersistentLevel' has LevelScriptBlueprint '/Game/Maps/ChrisTest.ChrisTest:PersistentLevel.ChrisTest' with GeneratedClass '/Game/Maps/ChrisTest.ChrisTest_C' with ClassGeneratedBy '/Game/Maps/ChrisTest.ChrisTest:PersistentLevel.ChrisTest'
[2016.05.19-23.58.11:123][374]LogTexture:Display: Building textures: OrientParticle (AutoDXT)
[2016.05.19-23.59.18:677][494]LogCascade: Quitting Cascade. FXSystem=0x00000265607C3BA0
[2016.05.19-23.59.25:939][261]LogMaterial: Missing cached shader map for material M_radial_ramp, compiling. 
[2016.05.19-23.59.26:311][261]LogMaterial: Missing cached shader map for material M_radial_ramp, compiling. 
[2016.05.19-23.59.26:314][261]LogMaterial: 0.00 seconds spent updating 1 materials, 1 interfaces, 0 instances, 0 with static permutations.
[2016.05.19-23.59.27:587][301]MaterialEditorStats: Info Base pass shader without light map: 11 instructions
[2016.05.19-23.59.27:587][301]MaterialEditorStats: Info Vertex shader: 68 instructions
[2016.05.19-23.59.27:587][301]MaterialEditorStats: Info Texture samplers: 3/16
[2016.05.20-00.03.11:312][744]LogSavePackage: Save=271.32ms
[2016.05.20-00.03.11:312][744]LogSavePackage: Moving '../../../../../../Users/k0ola/Documents/GitHub/RiggingShooter/GameJamRigging/Saved/ChrisTest2B56D6D34304A030A2C473AAAC2A102C.tmp' to '../../../../../../Users/k0ola/Documents/GitHub/RiggingShooter/GameJamRigging/Content/Maps/ChrisTest.umap'
[2016.05.20-00.03.11:314][744]LogSavePackage: Total save time: 305.99ms
[2016.05.20-00.03.11:314][744]LogSavePackage:Display: Finished SavePackage ../../../../../../Users/k0ola/Documents/GitHub/RiggingShooter/GameJamRigging/Content/Maps/ChrisTest.umap
[2016.05.20-00.03.11:344][744]LogFileHelpers: Saving map 'ChrisTest' took 0.429
[2016.05.20-00.03.11:391][744]LogSavePackage: Save=12.61ms
[2016.05.20-00.03.11:392][744]LogSavePackage: Moving '../../../../../../Users/k0ola/Documents/GitHub/RiggingShooter/GameJamRigging/Saved/P_spark_burst_blue11E1560A4812A003F7FEB99466CC6A08.tmp' to '../../../../../../Users/k0ola/Documents/GitHub/RiggingShooter/GameJamRigging/Content/ExampleContent/Effects/ParticleSystems/P_spark_burst_blue.uasset'
[2016.05.20-00.03.11:394][744]LogSavePackage: Total save time: 38.76ms
[2016.05.20-00.03.11:394][744]LogSavePackage:Display: Finished SavePackage ../../../../../../Users/k0ola/Documents/GitHub/RiggingShooter/GameJamRigging/Content/ExampleContent/Effects/ParticleSystems/P_spark_burst_blue.uasset
[2016.05.20-00.03.12:001][805]LogBlueprintUserMessages: Early PlayInEditor Detection: Level '/Game/Maps/ChrisTest.ChrisTest:PersistentLevel' has LevelScriptBlueprint '/Game/Maps/ChrisTest.ChrisTest:PersistentLevel.ChrisTest' with GeneratedClass '/Game/Maps/ChrisTest.ChrisTest_C' with ClassGeneratedBy '/Game/Maps/ChrisTest.ChrisTest:PersistentLevel.ChrisTest'
[2016.05.20-00.03.12:001][805]LogPlayLevel: PlayLevel: No blueprints needed recompiling
[2016.05.20-00.03.12:001][805]PIE: New page: PIE session: ChrisTest (May 19, 2016, 9:03:12 AM)
[2016.05.20-00.03.12:001][805]LogPlayLevel: Creating play world package: /Game/Maps/UEDPIE_0_ChrisTest
[2016.05.20-00.03.12:010][805]LogPlayLevel: PIE: StaticDuplicateObject took: (0.008286s)
[2016.05.20-00.03.12:010][805]LogAIModule: Creating AISystem for world ChrisTest
[2016.05.20-00.03.12:011][805]LogPlayLevel: PIE: World Init took: (0.000675s)
[2016.05.20-00.03.12:011][805]LogPlayLevel: PIE: Created PIE world by copying editor world from /Game/Maps/ChrisTest.ChrisTest to /Game/Maps/UEDPIE_0_ChrisTest.ChrisTest (0.009351s)
[2016.05.20-00.03.12:022][805]LogInit: XAudio2 using 'Speakers (Realtek High Definition Audio)' : 2 channels at 48 kHz using 32 bits per sample (channel mask 0x3)
[2016.05.20-00.03.12:034][805]LogInit: FAudioDevice initialized.
[2016.05.20-00.03.12:067][805]LogWorld: Game class is 'ShooterGameMode_C'
[2016.05.20-00.03.12:070][805]LogWorld: Bringing World /Game/Maps/UEDPIE_0_ChrisTest.ChrisTest up for play (max tick rate 0) at 2016.05.19-17.03.12
[2016.05.20-00.03.12:070][805]LogWorld: Bringing up level for play took: 0.002425
[2016.05.20-00.03.12:073][805]PIE: Info Play in editor start time for /Game/Maps/UEDPIE_0_ChrisTest 0.378
[2016.05.20-00.03.12:074][805]LogBlueprintUserMessages: Late PlayInEditor Detection: Level '/Game/Maps/ChrisTest.ChrisTest:PersistentLevel' has LevelScriptBlueprint '/Game/Maps/ChrisTest.ChrisTest:PersistentLevel.ChrisTest' with GeneratedClass '/Game/Maps/ChrisTest.ChrisTest_C' with ClassGeneratedBy '/Game/Maps/ChrisTest.ChrisTest:PersistentLevel.ChrisTest'
[2016.05.20-00.03.19:850][717]LogBlueprintUserMessages: Early EndPlayMap Detection: Level '/Game/Maps/ChrisTest.ChrisTest:PersistentLevel' has LevelScriptBlueprint '/Game/Maps/ChrisTest.ChrisTest:PersistentLevel.ChrisTest' with GeneratedClass '/Game/Maps/ChrisTest.ChrisTest_C' with ClassGeneratedBy '/Game/Maps/ChrisTest.ChrisTest:PersistentLevel.ChrisTest'
[2016.05.20-00.03.19:886][717]LogBlueprintUserMessages: Late EndPlayMap Detection: Level '/Game/Maps/ChrisTest.ChrisTest:PersistentLevel' has LevelScriptBlueprint '/Game/Maps/ChrisTest.ChrisTest:PersistentLevel.ChrisTest' with GeneratedClass '/Game/Maps/ChrisTest.ChrisTest_C' with ClassGeneratedBy '/Game/Maps/ChrisTest.ChrisTest:PersistentLevel.ChrisTest'
[2016.05.20-00.03.43:783][541]LogSlate:Warning: Prevented a slow task dialog from being summoned while a context menu was open
[2016.05.20-00.06.23:290][ 65]LogBlueprintUserMessages: Early PlayInEditor Detection: Level '/Game/Maps/ChrisTest.ChrisTest:PersistentLevel' has LevelScriptBlueprint '/Game/Maps/ChrisTest.ChrisTest:PersistentLevel.ChrisTest' with GeneratedClass '/Game/Maps/ChrisTest.ChrisTest_C' with ClassGeneratedBy '/Game/Maps/ChrisTest.ChrisTest:PersistentLevel.ChrisTest'
[2016.05.20-00.06.23:290][ 65]LogPlayLevel: PlayLevel: No blueprints needed recompiling
[2016.05.20-00.06.23:290][ 65]PIE: New page: PIE session: ChrisTest (May 19, 2016, 9:06:23 AM)
[2016.05.20-00.06.23:291][ 65]LogPlayLevel: Creating play world package: /Game/Maps/UEDPIE_0_ChrisTest
[2016.05.20-00.06.23:300][ 65]LogPlayLevel: PIE: StaticDuplicateObject took: (0.009078s)
[2016.05.20-00.06.23:300][ 65]LogAIModule: Creating AISystem for world ChrisTest
[2016.05.20-00.06.23:301][ 65]LogPlayLevel: PIE: World Init took: (0.000722s)
[2016.05.20-00.06.23:301][ 65]LogPlayLevel: PIE: Created PIE world by copying editor world from /Game/Maps/ChrisTest.ChrisTest to /Game/Maps/UEDPIE_0_ChrisTest.ChrisTest (0.010220s)
[2016.05.20-00.06.23:313][ 65]LogInit: XAudio2 using 'Speakers (Realtek High Definition Audio)' : 2 channels at 48 kHz using 32 bits per sample (channel mask 0x3)
[2016.05.20-00.06.23:325][ 65]LogInit: FAudioDevice initialized.
[2016.05.20-00.06.23:354][ 65]LogWorld: Game class is 'ShooterGameMode_C'
[2016.05.20-00.06.23:357][ 65]LogWorld: Bringing World /Game/Maps/UEDPIE_0_ChrisTest.ChrisTest up for play (max tick rate 0) at 2016.05.19-17.06.23
[2016.05.20-00.06.23:358][ 65]LogWorld: Bringing up level for play took: 0.002468
[2016.05.20-00.06.23:361][ 65]PIE: Info Play in editor start time for /Game/Maps/UEDPIE_0_ChrisTest -0.335
[2016.05.20-00.06.23:361][ 65]LogBlueprintUserMessages: Late PlayInEditor Detection: Level '/Game/Maps/ChrisTest.ChrisTest:PersistentLevel' has LevelScriptBlueprint '/Game/Maps/ChrisTest.ChrisTest:PersistentLevel.ChrisTest' with GeneratedClass '/Game/Maps/ChrisTest.ChrisTest_C' with ClassGeneratedBy '/Game/Maps/ChrisTest.ChrisTest:PersistentLevel.ChrisTest'
[2016.05.20-00.06.28:442][660]LogBlueprintUserMessages: Early EndPlayMap Detection: Level '/Game/Maps/ChrisTest.ChrisTest:PersistentLevel' has LevelScriptBlueprint '/Game/Maps/ChrisTest.ChrisTest:PersistentLevel.ChrisTest' with GeneratedClass '/Game/Maps/ChrisTest.ChrisTest_C' with ClassGeneratedBy '/Game/Maps/ChrisTest.ChrisTest:PersistentLevel.ChrisTest'
[2016.05.20-00.06.28:481][660]LogBlueprintUserMessages: Late EndPlayMap Detection: Level '/Game/Maps/ChrisTest.ChrisTest:PersistentLevel' has LevelScriptBlueprint '/Game/Maps/ChrisTest.ChrisTest:PersistentLevel.ChrisTest' with GeneratedClass '/Game/Maps/ChrisTest.ChrisTest_C' with ClassGeneratedBy '/Game/Maps/ChrisTest.ChrisTest:PersistentLevel.ChrisTest'
[2016.05.20-00.06.29:575][775]LogCascade: Non-seeded module ParticleModuleAccelerationConstant
[2016.05.20-00.06.51:064][304]LogBlueprintUserMessages: Early PlayInEditor Detection: Level '/Game/Maps/ChrisTest.ChrisTest:PersistentLevel' has LevelScriptBlueprint '/Game/Maps/ChrisTest.ChrisTest:PersistentLevel.ChrisTest' with GeneratedClass '/Game/Maps/ChrisTest.ChrisTest_C' with ClassGeneratedBy '/Game/Maps/ChrisTest.ChrisTest:PersistentLevel.ChrisTest'
[2016.05.20-00.06.51:064][304]LogPlayLevel: PlayLevel: No blueprints needed recompiling
[2016.05.20-00.06.51:065][304]PIE: New page: PIE session: ChrisTest (May 19, 2016, 9:06:51 AM)
[2016.05.20-00.06.51:065][304]LogPlayLevel: Creating play world package: /Game/Maps/UEDPIE_0_ChrisTest
[2016.05.20-00.06.51:073][304]LogPlayLevel: PIE: StaticDuplicateObject took: (0.008576s)
[2016.05.20-00.06.51:074][304]LogAIModule: Creating AISystem for world ChrisTest
[2016.05.20-00.06.51:074][304]LogPlayLevel: PIE: World Init took: (0.000668s)
[2016.05.20-00.06.51:074][304]LogPlayLevel: PIE: Created PIE world by copying editor world from /Game/Maps/ChrisTest.ChrisTest to /Game/Maps/UEDPIE_0_ChrisTest.ChrisTest (0.009639s)
[2016.05.20-00.06.51:085][304]LogInit: XAudio2 using 'Speakers (Realtek High Definition Audio)' : 2 channels at 48 kHz using 32 bits per sample (channel mask 0x3)
[2016.05.20-00.06.51:096][304]LogInit: FAudioDevice initialized.
[2016.05.20-00.06.51:123][304]LogWorld: Game class is 'ShooterGameMode_C'
[2016.05.20-00.06.51:126][304]LogWorld: Bringing World /Game/Maps/UEDPIE_0_ChrisTest.ChrisTest up for play (max tick rate 0) at 2016.05.19-17.06.51
[2016.05.20-00.06.51:127][304]LogWorld: Bringing up level for play took: 0.002399
[2016.05.20-00.06.51:130][304]PIE: Info Play in editor start time for /Game/Maps/UEDPIE_0_ChrisTest -0.566
[2016.05.20-00.06.51:130][304]LogBlueprintUserMessages: Late PlayInEditor Detection: Level '/Game/Maps/ChrisTest.ChrisTest:PersistentLevel' has LevelScriptBlueprint '/Game/Maps/ChrisTest.ChrisTest:PersistentLevel.ChrisTest' with GeneratedClass '/Game/Maps/ChrisTest.ChrisTest_C' with ClassGeneratedBy '/Game/Maps/ChrisTest.ChrisTest:PersistentLevel.ChrisTest'
[2016.05.20-00.07.02:412][629]LogBlueprintUserMessages: Early EndPlayMap Detection: Level '/Game/Maps/ChrisTest.ChrisTest:PersistentLevel' has LevelScriptBlueprint '/Game/Maps/ChrisTest.ChrisTest:PersistentLevel.ChrisTest' with GeneratedClass '/Game/Maps/ChrisTest.ChrisTest_C' with ClassGeneratedBy '/Game/Maps/ChrisTest.ChrisTest:PersistentLevel.ChrisTest'
[2016.05.20-00.07.02:451][629]LogBlueprintUserMessages: Late EndPlayMap Detection: Level '/Game/Maps/ChrisTest.ChrisTest:PersistentLevel' has LevelScriptBlueprint '/Game/Maps/ChrisTest.ChrisTest:PersistentLevel.ChrisTest' with GeneratedClass '/Game/Maps/ChrisTest.ChrisTest_C' with ClassGeneratedBy '/Game/Maps/ChrisTest.ChrisTest:PersistentLevel.ChrisTest'
[2016.05.20-00.07.26:754][481]LogSavePackage: Save=12.65ms
[2016.05.20-00.07.26:754][481]LogSavePackage: Moving '../../../../../../Users/k0ola/Documents/GitHub/RiggingShooter/GameJamRigging/Saved/P_spark_burst_blueA955D64842993CF3B2825E862DCD6F75.tmp' to '../../../../../../Users/k0ola/Documents/GitHub/RiggingShooter/GameJamRigging/Content/ExampleContent/Effects/ParticleSystems/P_spark_burst_blue.uasset'
[2016.05.20-00.07.26:757][481]LogSavePackage: Total save time: 47.05ms
[2016.05.20-00.07.26:758][481]LogSavePackage:Display: Finished SavePackage ../../../../../../Users/k0ola/Documents/GitHub/RiggingShooter/GameJamRigging/Content/ExampleContent/Effects/ParticleSystems/P_spark_burst_blue.uasset
[2016.05.20-00.07.27:266][530]LogBlueprintUserMessages: Early PlayInEditor Detection: Level '/Game/Maps/ChrisTest.ChrisTest:PersistentLevel' has LevelScriptBlueprint '/Game/Maps/ChrisTest.ChrisTest:PersistentLevel.ChrisTest' with GeneratedClass '/Game/Maps/ChrisTest.ChrisTest_C' with ClassGeneratedBy '/Game/Maps/ChrisTest.ChrisTest:PersistentLevel.ChrisTest'
[2016.05.20-00.07.27:267][530]LogPlayLevel: PlayLevel: No blueprints needed recompiling
[2016.05.20-00.07.27:267][530]PIE: New page: PIE session: ChrisTest (May 19, 2016, 9:07:27 AM)
[2016.05.20-00.07.27:267][530]LogPlayLevel: Creating play world package: /Game/Maps/UEDPIE_0_ChrisTest
[2016.05.20-00.07.27:276][530]LogPlayLevel: PIE: StaticDuplicateObject took: (0.008481s)
[2016.05.20-00.07.27:276][530]LogAIModule: Creating AISystem for world ChrisTest
[2016.05.20-00.07.27:276][530]LogPlayLevel: PIE: World Init took: (0.000661s)
[2016.05.20-00.07.27:277][530]LogPlayLevel: PIE: Created PIE world by copying editor world from /Game/Maps/ChrisTest.ChrisTest to /Game/Maps/UEDPIE_0_ChrisTest.ChrisTest (0.009530s)
[2016.05.20-00.07.27:290][530]LogInit: XAudio2 using 'Speakers (Realtek High Definition Audio)' : 2 channels at 48 kHz using 32 bits per sample (channel mask 0x3)
[2016.05.20-00.07.27:301][530]LogInit: FAudioDevice initialized.
[2016.05.20-00.07.27:328][530]LogWorld: Game class is 'ShooterGameMode_C'
[2016.05.20-00.07.27:331][530]LogWorld: Bringing World /Game/Maps/UEDPIE_0_ChrisTest.ChrisTest up for play (max tick rate 0) at 2016.05.19-17.07.27
[2016.05.20-00.07.27:331][530]LogWorld: Bringing up level for play took: 0.002479
[2016.05.20-00.07.27:334][530]PIE: Info Play in editor start time for /Game/Maps/UEDPIE_0_ChrisTest -0.362
[2016.05.20-00.07.27:334][530]LogBlueprintUserMessages: Late PlayInEditor Detection: Level '/Game/Maps/ChrisTest.ChrisTest:PersistentLevel' has LevelScriptBlueprint '/Game/Maps/ChrisTest.ChrisTest:PersistentLevel.ChrisTest' with GeneratedClass '/Game/Maps/ChrisTest.ChrisTest_C' with ClassGeneratedBy '/Game/Maps/ChrisTest.ChrisTest:PersistentLevel.ChrisTest'
[2016.05.20-00.07.42:984][374]LogBlueprintUserMessages: Early EndPlayMap Detection: Level '/Game/Maps/ChrisTest.ChrisTest:PersistentLevel' has LevelScriptBlueprint '/Game/Maps/ChrisTest.ChrisTest:PersistentLevel.ChrisTest' with GeneratedClass '/Game/Maps/ChrisTest.ChrisTest_C' with ClassGeneratedBy '/Game/Maps/ChrisTest.ChrisTest:PersistentLevel.ChrisTest'
[2016.05.20-00.07.43:023][374]LogBlueprintUserMessages: Late EndPlayMap Detection: Level '/Game/Maps/ChrisTest.ChrisTest:PersistentLevel' has LevelScriptBlueprint '/Game/Maps/ChrisTest.ChrisTest:PersistentLevel.ChrisTest' with GeneratedClass '/Game/Maps/ChrisTest.ChrisTest_C' with ClassGeneratedBy '/Game/Maps/ChrisTest.ChrisTest:PersistentLevel.ChrisTest'
[2016.05.20-00.08.01:763][590]LogSavePackage: Save=12.83ms
[2016.05.20-00.08.01:763][590]LogSavePackage: Moving '../../../../../../Users/k0ola/Documents/GitHub/RiggingShooter/GameJamRigging/Saved/P_spark_burst_blueBEBD01354C8360E6A084E7AFD79FABC9.tmp' to '../../../../../../Users/k0ola/Documents/GitHub/RiggingShooter/GameJamRigging/Content/ExampleContent/Effects/ParticleSystems/P_spark_burst_blue.uasset'
[2016.05.20-00.08.01:767][590]LogSavePackage: Total save time: 46.59ms
[2016.05.20-00.08.01:767][590]LogSavePackage:Display: Finished SavePackage ../../../../../../Users/k0ola/Documents/GitHub/RiggingShooter/GameJamRigging/Content/ExampleContent/Effects/ParticleSystems/P_spark_burst_blue.uasset
[2016.05.20-00.08.03:717][787]LogBlueprintUserMessages: Early PlayInEditor Detection: Level '/Game/Maps/ChrisTest.ChrisTest:PersistentLevel' has LevelScriptBlueprint '/Game/Maps/ChrisTest.ChrisTest:PersistentLevel.ChrisTest' with GeneratedClass '/Game/Maps/ChrisTest.ChrisTest_C' with ClassGeneratedBy '/Game/Maps/ChrisTest.ChrisTest:PersistentLevel.ChrisTest'
[2016.05.20-00.08.03:717][787]LogPlayLevel: PlayLevel: No blueprints needed recompiling
[2016.05.20-00.08.03:717][787]PIE: New page: PIE session: ChrisTest (May 19, 2016, 9:08:03 AM)
[2016.05.20-00.08.03:717][787]LogPlayLevel: Creating play world package: /Game/Maps/UEDPIE_0_ChrisTest
[2016.05.20-00.08.03:726][787]LogPlayLevel: PIE: StaticDuplicateObject took: (0.008562s)
[2016.05.20-00.08.03:727][787]LogAIModule: Creating AISystem for world ChrisTest
[2016.05.20-00.08.03:727][787]LogPlayLevel: PIE: World Init took: (0.000663s)
[2016.05.20-00.08.03:727][787]LogPlayLevel: PIE: Created PIE world by copying editor world from /Game/Maps/ChrisTest.ChrisTest to /Game/Maps/UEDPIE_0_ChrisTest.ChrisTest (0.009620s)
[2016.05.20-00.08.03:737][787]LogInit: XAudio2 using 'Speakers (Realtek High Definition Audio)' : 2 channels at 48 kHz using 32 bits per sample (channel mask 0x3)
[2016.05.20-00.08.03:748][787]LogInit: FAudioDevice initialized.
[2016.05.20-00.08.03:779][787]LogWorld: Game class is 'ShooterGameMode_C'
[2016.05.20-00.08.03:782][787]LogWorld: Bringing World /Game/Maps/UEDPIE_0_ChrisTest.ChrisTest up for play (max tick rate 0) at 2016.05.19-17.08.03
[2016.05.20-00.08.03:782][787]LogWorld: Bringing up level for play took: 0.002511
[2016.05.20-00.08.03:785][787]PIE: Info Play in editor start time for /Game/Maps/UEDPIE_0_ChrisTest 0.089
[2016.05.20-00.08.03:786][787]LogBlueprintUserMessages: Late PlayInEditor Detection: Level '/Game/Maps/ChrisTest.ChrisTest:PersistentLevel' has LevelScriptBlueprint '/Game/Maps/ChrisTest.ChrisTest:PersistentLevel.ChrisTest' with GeneratedClass '/Game/Maps/ChrisTest.ChrisTest_C' with ClassGeneratedBy '/Game/Maps/ChrisTest.ChrisTest:PersistentLevel.ChrisTest'
[2016.05.20-00.08.26:934][507]LogBlueprintUserMessages: Early EndPlayMap Detection: Level '/Game/Maps/ChrisTest.ChrisTest:PersistentLevel' has LevelScriptBlueprint '/Game/Maps/ChrisTest.ChrisTest:PersistentLevel.ChrisTest' with GeneratedClass '/Game/Maps/ChrisTest.ChrisTest_C' with ClassGeneratedBy '/Game/Maps/ChrisTest.ChrisTest:PersistentLevel.ChrisTest'
[2016.05.20-00.08.26:974][507]LogBlueprintUserMessages: Late EndPlayMap Detection: Level '/Game/Maps/ChrisTest.ChrisTest:PersistentLevel' has LevelScriptBlueprint '/Game/Maps/ChrisTest.ChrisTest:PersistentLevel.ChrisTest' with GeneratedClass '/Game/Maps/ChrisTest.ChrisTest_C' with ClassGeneratedBy '/Game/Maps/ChrisTest.ChrisTest:PersistentLevel.ChrisTest'
[2016.05.20-00.08.47:166][752]LogSavePackage: Save=13.06ms
[2016.05.20-00.08.47:167][752]LogSavePackage: Moving '../../../../../../Users/k0ola/Documents/GitHub/RiggingShooter/GameJamRigging/Saved/P_spark_burst_blueDCD2D771428F35AACADC0FBA9554CF2A.tmp' to '../../../../../../Users/k0ola/Documents/GitHub/RiggingShooter/GameJamRigging/Content/ExampleContent/Effects/ParticleSystems/P_spark_burst_blue.uasset'
[2016.05.20-00.08.47:169][752]LogSavePackage: Total save time: 47.99ms
[2016.05.20-00.08.47:169][752]LogSavePackage:Display: Finished SavePackage ../../../../../../Users/k0ola/Documents/GitHub/RiggingShooter/GameJamRigging/Content/ExampleContent/Effects/ParticleSystems/P_spark_burst_blue.uasset
[2016.05.20-00.08.48:334][864]LogBlueprintUserMessages: Early PlayInEditor Detection: Level '/Game/Maps/ChrisTest.ChrisTest:PersistentLevel' has LevelScriptBlueprint '/Game/Maps/ChrisTest.ChrisTest:PersistentLevel.ChrisTest' with GeneratedClass '/Game/Maps/ChrisTest.ChrisTest_C' with ClassGeneratedBy '/Game/Maps/ChrisTest.ChrisTest:PersistentLevel.ChrisTest'
[2016.05.20-00.08.48:334][864]LogPlayLevel: PlayLevel: No blueprints needed recompiling
[2016.05.20-00.08.48:334][864]PIE: New page: PIE session: ChrisTest (May 19, 2016, 9:08:48 AM)
[2016.05.20-00.08.48:334][864]LogPlayLevel: Creating play world package: /Game/Maps/UEDPIE_0_ChrisTest
[2016.05.20-00.08.48:343][864]LogPlayLevel: PIE: StaticDuplicateObject took: (0.008472s)
[2016.05.20-00.08.48:343][864]LogAIModule: Creating AISystem for world ChrisTest
[2016.05.20-00.08.48:344][864]LogPlayLevel: PIE: World Init took: (0.000718s)
[2016.05.20-00.08.48:344][864]LogPlayLevel: PIE: Created PIE world by copying editor world from /Game/Maps/ChrisTest.ChrisTest to /Game/Maps/UEDPIE_0_ChrisTest.ChrisTest (0.009605s)
[2016.05.20-00.08.48:357][864]LogInit: XAudio2 using 'Speakers (Realtek High Definition Audio)' : 2 channels at 48 kHz using 32 bits per sample (channel mask 0x3)
[2016.05.20-00.08.48:367][864]LogInit: FAudioDevice initialized.
[2016.05.20-00.08.48:398][864]LogWorld: Game class is 'ShooterGameMode_C'
[2016.05.20-00.08.48:401][864]LogWorld: Bringing World /Game/Maps/UEDPIE_0_ChrisTest.ChrisTest up for play (max tick rate 0) at 2016.05.19-17.08.48
[2016.05.20-00.08.48:402][864]LogWorld: Bringing up level for play took: 0.002441
[2016.05.20-00.08.48:405][864]PIE: Info Play in editor start time for /Game/Maps/UEDPIE_0_ChrisTest 0.709
[2016.05.20-00.08.48:405][864]LogBlueprintUserMessages: Late PlayInEditor Detection: Level '/Game/Maps/ChrisTest.ChrisTest:PersistentLevel' has LevelScriptBlueprint '/Game/Maps/ChrisTest.ChrisTest:PersistentLevel.ChrisTest' with GeneratedClass '/Game/Maps/ChrisTest.ChrisTest_C' with ClassGeneratedBy '/Game/Maps/ChrisTest.ChrisTest:PersistentLevel.ChrisTest'
[2016.05.20-00.08.57:454][925]LogBlueprintUserMessages: Early EndPlayMap Detection: Level '/Game/Maps/ChrisTest.ChrisTest:PersistentLevel' has LevelScriptBlueprint '/Game/Maps/ChrisTest.ChrisTest:PersistentLevel.ChrisTest' with GeneratedClass '/Game/Maps/ChrisTest.ChrisTest_C' with ClassGeneratedBy '/Game/Maps/ChrisTest.ChrisTest:PersistentLevel.ChrisTest'
[2016.05.20-00.08.57:495][925]LogBlueprintUserMessages: Late EndPlayMap Detection: Level '/Game/Maps/ChrisTest.ChrisTest:PersistentLevel' has LevelScriptBlueprint '/Game/Maps/ChrisTest.ChrisTest:PersistentLevel.ChrisTest' with GeneratedClass '/Game/Maps/ChrisTest.ChrisTest_C' with ClassGeneratedBy '/Game/Maps/ChrisTest.ChrisTest:PersistentLevel.ChrisTest'
[2016.05.20-00.09.35:924][734]LogCascade: Quitting Cascade. FXSystem=0x000002654BE74180
[2016.05.20-00.11.14:254][ 31]LogSavePackage: Save=16.02ms
[2016.05.20-00.11.14:255][ 31]LogSavePackage: Moving '../../../../../../Users/k0ola/Documents/GitHub/RiggingShooter/GameJamRigging/Saved/P_spark_burst_RedCD167B074D564BB1055EACA75DCF0678.tmp' to '../../../../../../Users/k0ola/Documents/GitHub/RiggingShooter/GameJamRigging/Content/ExampleContent/Effects/ParticleSystems/P_spark_burst_Red.uasset'
[2016.05.20-00.11.14:257][ 31]LogSavePackage: Total save time: 19.09ms
[2016.05.20-00.11.14:257][ 31]LogSavePackage:Display: Finished SavePackage ../../../../../../Users/k0ola/Documents/GitHub/RiggingShooter/GameJamRigging/Content/ExampleContent/Effects/ParticleSystems/P_spark_burst_Red.uasset
[2016.05.20-00.12.31:667][ 76]LogCascade: Quitting Cascade. FXSystem=0x000002654BE767A0
[2016.05.20-00.12.41:479][ 45]LogCascade: Quitting Cascade. FXSystem=0x0000026564FE7B00
[2016.05.20-00.12.41:534][ 45]LogActorComponent: UnregisterComponent: (/Engine/Transient.FloorComponent) Not registered. Aborting.
[2016.05.20-00.12.41:563][ 45]LogCascade: Quitting Cascade. FXSystem=0x000002654A678860
[2016.05.20-00.12.41:642][ 45]LogActorComponent: UnregisterComponent: (/Engine/Transient.FloorComponent) Not registered. Aborting.
[2016.05.20-00.12.42:036][ 46]Cmd: QUIT_EDITOR
[2016.05.20-00.12.42:805][ 46]LogWindowsTextInputMethodSystem:Display: IME system now deactivated.
[2016.05.20-00.12.42:849][ 46]LogExit: Preparing to exit.
[2016.05.20-00.12.43:462][ 46]LogExit: Editor shut down
[2016.05.20-00.12.43:462][ 46]LogExit: Transaction tracking system shut down
[2016.05.20-00.12.44:953][ 46]LogObj: Freed 0b from 0 cluster array pools.
[2016.05.20-00.12.44:954][ 46]LogExit: Object subsystem successfully closed.
[2016.05.20-00.12.45:168][ 46]LogD3D11RHI: Shutdown
[2016.05.20-00.12.45:168][ 46]LogD3D11RHI: CleanupD3DDevice
[2016.05.20-00.12.45:335][ 46]LogD3D11RHI: ~FD3D11DynamicRHI
[2016.05.20-00.12.45:429][ 46]LogDerivedDataCache: Shutdown
[2016.05.20-00.12.46:024][ 46]LogModuleManager: Shutting down and abandoning module MaterialEditor (209)
[2016.05.20-00.12.46:030][ 46]LogModuleManager: Shutting down and abandoning module MovieSceneCapture (208)
[2016.05.20-00.12.46:034][ 46]LogModuleManager: Shutting down and abandoning module DistCurveEditor (207)
[2016.05.20-00.12.46:034][ 46]LogModuleManager: Shutting down and abandoning module Cascade (206)
[2016.05.20-00.12.46:034][ 46]LogModuleManager: Shutting down and abandoning module HierarchicalLODOutliner (205)
[2016.05.20-00.12.46:046][ 46]LogModuleManager: Shutting down and abandoning module CrashTracker (204)
[2016.05.20-00.12.46:046][ 46]LogModuleManager: Shutting down and abandoning module SceneOutliner (203)
[2016.05.20-00.12.46:054][ 46]LogModuleManager: Shutting down and abandoning module WorldBrowser (202)
[2016.05.20-00.12.46:054][ 46]LogModuleManager: Shutting down and abandoning module SuperSearch (201)
[2016.05.20-00.12.46:054][ 46]LogModuleManager: Shutting down and abandoning module WidgetCarousel (200)
[2016.05.20-00.12.46:054][ 46]LogModuleManager: Shutting down and abandoning module AddContentDialog (199)
[2016.05.20-00.12.46:077][ 46]LogModuleManager: Shutting down and abandoning module GameplayTags (198)
[2016.05.20-00.12.46:077][ 46]LogModuleManager: Shutting down and abandoning module EditorWidgets (197)
[2016.05.20-00.12.46:077][ 46]LogModuleManager: Shutting down and abandoning module CollectionManager (196)
[2016.05.20-00.12.46:092][ 46]LogModuleManager: Shutting down and abandoning module StatsViewer (195)
[2016.05.20-00.12.46:149][ 46]LogModuleManager: Shutting down and abandoning module FoliageEdit (194)
[2016.05.20-00.12.46:160][ 46]LogModuleManager: Shutting down and abandoning module LandscapeEditor (193)
[2016.05.20-00.12.46:166][ 46]LogModuleManager: Shutting down and abandoning module ActorPickerMode (192)
[2016.05.20-00.12.46:166][ 46]LogModuleManager: Shutting down and abandoning module GeometryMode (191)
[2016.05.20-00.12.46:166][ 46]LogModuleManager: Shutting down and abandoning module TextureAlignMode (190)
[2016.05.20-00.12.46:166][ 46]LogModuleManager: Shutting down and abandoning module BspMode (189)
[2016.05.20-00.12.46:166][ 46]LogModuleManager: Shutting down and abandoning module PlacementMode (188)
[2016.05.20-00.12.46:166][ 46]LogModuleManager: Shutting down and abandoning module AutomationWorker (187)
[2016.05.20-00.12.46:166][ 46]LogModuleManager: Shutting down and abandoning module CharacterAI (186)
[2016.05.20-00.12.46:166][ 46]LogModuleManager: Shutting down and abandoning module SmartSnapping (185)
[2016.05.20-00.12.46:166][ 46]LogModuleManager: Shutting down and abandoning module ViewportSnapping (184)
[2016.05.20-00.12.46:166][ 46]LogModuleManager: Shutting down and abandoning module LogVisualizer (183)
[2016.05.20-00.12.46:201][ 46]LogModuleManager: Shutting down and abandoning module GameProjectGeneration (182)
[2016.05.20-00.12.46:216][ 46]LogModuleManager: Shutting down and abandoning module IntroTutorials (181)
[2016.05.20-00.12.46:221][ 46]LogModuleManager: Shutting down and abandoning module EditorLiveStreaming (180)
[2016.05.20-00.12.46:221][ 46]LogModuleManager: Shutting down and abandoning module IOSPlatformEditor (179)
[2016.05.20-00.12.46:227][ 46]LogModuleManager: Shutting down and abandoning module HTML5PlatformEditor (178)
[2016.05.20-00.12.46:227][ 46]LogModuleManager: Shutting down and abandoning module AndroidDeviceDetection (177)
[2016.05.20-00.12.47:024][ 46]LogModuleManager: Shutting down and abandoning module AndroidPlatformEditor (176)
[2016.05.20-00.12.47:024][ 46]LogModuleManager: Shutting down and abandoning module IOSRuntimeSettings (175)
[2016.05.20-00.12.47:024][ 46]LogModuleManager: Shutting down and abandoning module AndroidRuntimeSettings (174)
[2016.05.20-00.12.47:024][ 46]LogModuleManager: Shutting down and abandoning module MergeActors (173)
[2016.05.20-00.12.47:031][ 46]LogModuleManager: Shutting down and abandoning module SizeMap (172)
[2016.05.20-00.12.47:042][ 46]LogModuleManager: Shutting down and abandoning module TreeMap (171)
[2016.05.20-00.12.47:050][ 46]LogModuleManager: Shutting down and abandoning module ReferenceViewer (170)
[2016.05.20-00.12.47:061][ 46]LogModuleManager: Shutting down and abandoning module LocalizationService (169)
[2016.05.20-00.12.47:066][ 46]LogModuleManager: Shutting down and abandoning module LocalizationDashboard (168)
[2016.05.20-00.12.47:076][ 46]LogModuleManager: Shutting down and abandoning module HardwareTargeting (167)
[2016.05.20-00.12.47:076][ 46]LogModuleManager: Shutting down and abandoning module DeviceProfileEditor (166)
[2016.05.20-00.12.47:086][ 46]LogModuleManager: Shutting down and abandoning module UndoHistory (165)
[2016.05.20-00.12.47:093][ 46]LogModuleManager: Shutting down and abandoning module UserFeedback (164)
[2016.05.20-00.12.47:093][ 46]LogModuleManager: Shutting down and abandoning module XmlParser (163)
[2016.05.20-00.12.47:102][ 46]LogModuleManager: Shutting down and abandoning module Blutility (162)
[2016.05.20-00.12.47:111][ 46]LogModuleManager: Shutting down and abandoning module ProjectTargetPlatformEditor (161)
[2016.05.20-00.12.47:111][ 46]LogModuleManager: Shutting down and abandoning module ProjectSettingsViewer (160)
[2016.05.20-00.12.47:111][ 46]LogModuleManager: Shutting down and abandoning module InputBindingEditor (159)
[2016.05.20-00.12.47:135][ 46]LogModuleManager: Shutting down and abandoning module EditorSettingsViewer (158)
[2016.05.20-00.12.47:135][ 46]LogModuleManager: Shutting down and abandoning module SettingsEditor (157)
[2016.05.20-00.12.47:160][ 46]LogModuleManager: Shutting down and abandoning module ProjectLauncher (156)
[2016.05.20-00.12.47:173][ 46]LogModuleManager: Shutting down and abandoning module SessionFrontend (155)
[2016.05.20-00.12.47:182][ 46]LogModuleManager: Shutting down and abandoning module ProfilerClient (154)
[2016.05.20-00.12.47:218][ 46]LogModuleManager: Shutting down and abandoning module TargetDeviceServices (153)
[2016.05.20-00.12.47:218][ 46]LogModuleManager: Shutting down and abandoning module DeviceManager (152)
[2016.05.20-00.12.47:274][ 46]LogModuleManager: Shutting down and abandoning module AutomationController (151)
[2016.05.20-00.12.47:285][ 46]LogModuleManager: Shutting down and abandoning module AutomationWindow (150)
[2016.05.20-00.12.47:295][ 46]LogModuleManager: Shutting down and abandoning module Layers (149)
[2016.05.20-00.12.47:323][ 46]LogModuleManager: Shutting down and abandoning module ComponentVisualizers (148)
[2016.05.20-00.12.47:323][ 46]LogModuleManager: Shutting down and abandoning module DetailCustomizations (147)
[2016.05.20-00.12.47:330][ 46]LogModuleManager: Shutting down and abandoning module PackagesDialog (146)
[2016.05.20-00.12.47:330][ 46]LogModuleManager: Shutting down and abandoning module Persona (145)
[2016.05.20-00.12.47:359][ 46]LogModuleManager: Shutting down and abandoning module Kismet (144)
[2016.05.20-00.12.47:362][ 46]LogModuleManager: Shutting down and abandoning module GraphEditor (143)
[2016.05.20-00.12.47:362][ 46]LogModuleManager: Shutting down and abandoning module ClassViewer (142)
[2016.05.20-00.12.47:364][ 46]LogModuleManager: Shutting down and abandoning module Toolbox (141)
[2016.05.20-00.12.47:374][ 46]LogModuleManager: Shutting down and abandoning module ModuleUI (140)
[2016.05.20-00.12.47:387][ 46]LogModuleManager: Shutting down and abandoning module MovieSceneTools (139)
[2016.05.20-00.12.47:405][ 46]LogModuleManager: Shutting down and abandoning module OutputLog (138)
[2016.05.20-00.12.47:405][ 46]LogModuleManager: Shutting down and abandoning module GammaUI (137)
[2016.05.20-00.12.47:418][ 46]LogModuleManager: Shutting down and abandoning module Documentation (136)
[2016.05.20-00.12.47:419][ 46]LogModuleManager: Shutting down and abandoning module StreamingPauseRendering (135)
[2016.05.20-00.12.47:419][ 46]LogModuleManager: Shutting down and abandoning module AnalyticsET (134)
[2016.05.20-00.12.47:419][ 46]LogModuleManager: Shutting down and abandoning module Analytics (133)
[2016.05.20-00.12.47:419][ 46]LogModuleManager: Shutting down and abandoning module PortalServices (132)
[2016.05.20-00.12.47:419][ 46]LogModuleManager: Shutting down and abandoning module PortalRpc (131)
[2016.05.20-00.12.47:419][ 46]LogModuleManager: Shutting down and abandoning module MessagingRpc (130)
[2016.05.20-00.12.47:419][ 46]LogModuleManager: Shutting down and abandoning module AITestSuite (129)
[2016.05.20-00.12.47:430][ 46]LogModuleManager: Shutting down and abandoning module GameplayDebugger (128)
[2016.05.20-00.12.47:438][ 46]LogModuleManager: Shutting down and abandoning module AIModule (127)
[2016.05.20-00.12.47:438][ 46]LogModuleManager: Shutting down and abandoning module ProfilerService (126)
[2016.05.20-00.12.47:457][ 46]LogModuleManager: Shutting down and abandoning module TaskGraph (125)
[2016.05.20-00.12.47:466][ 46]LogModuleManager: Shutting down and abandoning module SlateRemote (124)
[2016.05.20-00.12.47:466][ 46]LogModuleManager: Shutting down and abandoning module SteamVRController (123)
[2016.05.20-00.12.47:466][ 46]LogModuleManager: Shutting down and abandoning module SteamVR (122)
[2016.05.20-00.12.47:466][ 46]LogModuleManager: Shutting down and abandoning module ProceduralMeshComponent (121)
[2016.05.20-00.12.47:466][ 46]LogModuleManager: Shutting down and abandoning module OculusLibrary (120)
[2016.05.20-00.12.47:466][ 46]LogModuleManager: Shutting down and abandoning module OculusInput (119)
[2016.05.20-00.12.47:466][ 46]LogModuleManager: Shutting down and abandoning module CustomMeshComponent (118)
[2016.05.20-00.12.47:466][ 46]LogModuleManager: Shutting down and abandoning module CableComponent (117)
[2016.05.20-00.12.47:467][ 46]LogModuleManager: Shutting down and abandoning module ArchVisCharacter (116)
[2016.05.20-00.12.47:467][ 46]LogModuleManager: Shutting down and abandoning module MediaPlayerEditor (115)
[2016.05.20-00.12.47:488][ 46]LogModuleManager: Shutting down and abandoning module HTML5Networking (114)
[2016.05.20-00.12.47:488][ 46]LogModuleManager: Shutting down and abandoning module SpeedTreeImporter (113)
[2016.05.20-00.12.47:488][ 46]LogModuleManager: Shutting down and abandoning module PluginBrowser (112)
[2016.05.20-00.12.47:500][ 46]LogModuleManager: Shutting down and abandoning module EpicSurvey (111)
[2016.05.20-00.12.47:505][ 46]LogModuleManager: Shutting down and abandoning module DesktopPlatform (110)
[2016.05.20-00.12.47:513][ 46]LogModuleManager: Shutting down and abandoning module VisualStudioSourceCodeAccess (109)
[2016.05.20-00.12.47:522][ 46]LogModuleManager: Shutting down and abandoning module UObjectPlugin (108)
[2016.05.20-00.12.47:522][ 46]LogModuleManager: Shutting down and abandoning module SubversionSourceControl (107)
[2016.05.20-00.12.47:526][ 46]LogModuleManager: Shutting down and abandoning module PerforceSourceControl (106)
[2016.05.20-00.12.47:539][ 46]LogModuleManager: Shutting down and abandoning module SourceControl (105)
[2016.05.20-00.12.47:552][ 46]LogModuleManager: Shutting down and abandoning module GitSourceControl (104)
[2016.05.20-00.12.47:555][ 46]LogModuleManager: Shutting down and abandoning module LightPropagationVolumeEditor (103)
[2016.05.20-00.12.47:555][ 46]LogModuleManager: Shutting down and abandoning module PaperTiledImporter (102)
[2016.05.20-00.12.47:555][ 46]LogModuleManager: Shutting down and abandoning module PaperSpriteSheetImporter (101)
[2016.05.20-00.12.47:555][ 46]LogModuleManager: Shutting down and abandoning module MeshPaint (100)
[2016.05.20-00.12.47:568][ 46]LogModuleManager: Shutting down and abandoning module HotReload (99)
[2016.05.20-00.12.47:568][ 46]LogModuleManager: Shutting down and abandoning module MainFrame (98)
[2016.05.20-00.12.47:568][ 46]LogModuleManager: Shutting down and abandoning module LevelEditor (97)
[2016.05.20-00.12.47:569][ 46]LogModuleManager: Shutting down and abandoning module DirectoryWatcher (96)
[2016.05.20-00.12.47:570][ 46]LogModuleManager: Shutting down and abandoning module AssetRegistry (95)
[2016.05.20-00.12.47:788][ 46]LogModuleManager: Shutting down and abandoning module ContentBrowser (94)
[2016.05.20-00.12.47:789][ 46]LogModuleManager: Shutting down and abandoning module Paper2DEditor (93)
[2016.05.20-00.12.47:803][ 46]LogModuleManager: Shutting down and abandoning module UdpMessaging (92)
[2016.05.20-00.12.47:904][ 46]LogModuleManager: Shutting down and abandoning module LightPropagationVolumeRuntime (91)
[2016.05.20-00.12.47:904][ 46]LogModuleManager: Shutting down and abandoning module Paper2D (90)
[2016.05.20-00.12.47:919][ 46]LogModuleManager: Shutting down and abandoning module WindowsMoviePlayer (89)
[2016.05.20-00.12.47:923][ 46]LogModuleManager: Shutting down and abandoning module Media (88)
[2016.05.20-00.12.47:923][ 46]LogModuleManager: Shutting down and abandoning module WmfMedia (87)
[2016.05.20-00.12.47:931][ 46]LogModuleManager: Shutting down and abandoning module MediaAssets (86)
[2016.05.20-00.12.47:931][ 46]LogModuleManager: Shutting down and abandoning module GameLiveStreaming (85)
[2016.05.20-00.12.47:931][ 46]LogModuleManager: Shutting down and abandoning module GameplayTagsEditor (84)
[2016.05.20-00.12.47:931][ 46]LogModuleManager: Shutting down and abandoning module OnlineBlueprintSupport (83)
[2016.05.20-00.12.47:931][ 46]LogModuleManager: Shutting down and abandoning module GameplayTasksEditor (82)
[2016.05.20-00.12.47:931][ 46]LogModuleManager: Shutting down and abandoning module PropertyEditor (81)
[2016.05.20-00.12.47:931][ 46]LogModuleManager: Shutting down and abandoning module BehaviorTreeEditor (80)
[2016.05.20-00.12.47:949][ 46]LogModuleManager: Shutting down and abandoning module FunctionalTesting (79)
[2016.05.20-00.12.47:965][ 46]LogModuleManager: Shutting down and abandoning module CollisionAnalyzer (78)
[2016.05.20-00.12.47:972][ 46]LogModuleManager: Shutting down and abandoning module WorkspaceMenuStructure (77)
[2016.05.20-00.12.47:972][ 46]LogModuleManager: Shutting down and abandoning module MessageLog (76)
[2016.05.20-00.12.47:972][ 46]LogModuleManager: Shutting down and abandoning module Sequencer (75)
[2016.05.20-00.12.47:976][ 46]LogModuleManager: Shutting down and abandoning module AssetTools (74)
[2016.05.20-00.12.47:992][ 46]LogModuleManager: Shutting down and abandoning module UMGEditor (73)
[2016.05.20-00.12.48:031][ 46]LogModuleManager: Shutting down and abandoning module UMG (72)
[2016.05.20-00.12.48:042][ 46]LogModuleManager: Shutting down and abandoning module SlateReflector (71)
[2016.05.20-00.12.48:073][ 46]LogModuleManager: Shutting down and abandoning module Slate (70)
[2016.05.20-00.12.48:073][ 46]LogModuleManager: Shutting down and abandoning module EditorStyle (69)
[2016.05.20-00.12.48:075][ 46]LogModuleManager: Shutting down and abandoning module SessionServices (68)
[2016.05.20-00.12.48:075][ 46]LogModuleManager: Shutting down and abandoning module SourceCodeAccess (67)
[2016.05.20-00.12.48:075][ 46]LogModuleManager: Shutting down and abandoning module HeadMountedDisplay (66)
[2016.05.20-00.12.48:075][ 46]LogModuleManager: Shutting down and abandoning module XAudio2 (65)
[2016.05.20-00.12.48:075][ 46]LogModuleManager: Shutting down and abandoning module Networking (63)
[2016.05.20-00.12.48:075][ 46]LogModuleManager: Shutting down and abandoning module Core (62)
[2016.05.20-00.12.48:075][ 46]LogModuleManager: Shutting down and abandoning module KismetCompiler (61)
[2016.05.20-00.12.48:075][ 46]LogModuleManager: Shutting down and abandoning module PhysXFormats (60)
[2016.05.20-00.12.48:075][ 46]LogModuleManager: Shutting down and abandoning module MeshUtilities (59)
[2016.05.20-00.12.48:095][ 46]LogModuleManager: Shutting down and abandoning module CookingStats (58)
[2016.05.20-00.12.48:095][ 46]LogModuleManager: Shutting down and abandoning module DerivedDataCache (57)
[2016.05.20-00.12.48:095][ 46]LogDerivedDataCache: Shutdown
[2016.05.20-00.12.48:095][ 46]LogModuleManager: Shutting down and abandoning module ShaderFormatOpenGL (56)
[2016.05.20-00.12.48:099][ 46]LogModuleManager: Shutting down and abandoning module ShaderFormatD3D (55)
[2016.05.20-00.12.48:099][ 46]LogModuleManager: Shutting down and abandoning module MetalShaderFormat (54)
[2016.05.20-00.12.48:106][ 46]LogModuleManager: Shutting down and abandoning module TextureFormatUncompressed (53)
[2016.05.20-00.12.48:106][ 46]LogModuleManager: Shutting down and abandoning module TextureFormatPVR (52)
[2016.05.20-00.12.48:106][ 46]LogModuleManager: Shutting down and abandoning module TextureFormatIntelISPCTexComp (51)
[2016.05.20-00.12.48:112][ 46]LogModuleManager: Shutting down and abandoning module TextureFormatDXT (50)
[2016.05.20-00.12.48:112][ 46]LogModuleManager: Shutting down and abandoning module ImageWrapper (49)
[2016.05.20-00.12.48:112][ 46]LogModuleManager: Shutting down and abandoning module TextureFormatASTC (48)
[2016.05.20-00.12.48:112][ 46]LogModuleManager: Shutting down and abandoning module TextureFormatAndroid (47)
[2016.05.20-00.12.48:112][ 46]LogModuleManager: Shutting down and abandoning module AudioFormatOpus (46)
[2016.05.20-00.12.48:120][ 46]LogModuleManager: Shutting down and abandoning module AudioFormatOgg (45)
[2016.05.20-00.12.48:128][ 46]LogModuleManager: Shutting down and abandoning module AudioFormatADPCM (44)
[2016.05.20-00.12.48:128][ 46]LogModuleManager: Shutting down and abandoning module LinuxTargetPlatform (43)
[2016.05.20-00.12.48:128][ 46]LogModuleManager: Shutting down and abandoning module LinuxServerTargetPlatform (42)
[2016.05.20-00.12.48:128][ 46]LogModuleManager: Shutting down and abandoning module LinuxNoEditorTargetPlatform (41)
[2016.05.20-00.12.48:128][ 46]LogModuleManager: Shutting down and abandoning module TVOSTargetPlatform (40)
[2016.05.20-00.12.48:128][ 46]LogModuleManager: Shutting down and abandoning module Messaging (39)
[2016.05.20-00.12.48:129][ 46]LogModuleManager: Shutting down and abandoning module IOSTargetPlatform (38)
[2016.05.20-00.12.48:129][ 46]LogModuleManager: Shutting down and abandoning module HTML5TargetPlatform (37)
[2016.05.20-00.12.48:129][ 46]LogModuleManager: Shutting down and abandoning module Android_PVRTCTargetPlatform (36)
[2016.05.20-00.12.48:129][ 46]LogModuleManager: Shutting down and abandoning module Android_MultiTargetPlatform (35)
[2016.05.20-00.12.48:140][ 46]LogModuleManager: Shutting down and abandoning module Android_ETC2TargetPlatform (34)
[2016.05.20-00.12.48:140][ 46]LogModuleManager: Shutting down and abandoning module Android_ETC1TargetPlatform (33)
[2016.05.20-00.12.48:140][ 46]LogModuleManager: Shutting down and abandoning module Android_DXTTargetPlatform (32)
[2016.05.20-00.12.48:140][ 46]LogModuleManager: Shutting down and abandoning module Android_ATCTargetPlatform (31)
[2016.05.20-00.12.48:140][ 46]LogModuleManager: Shutting down and abandoning module Android_ASTCTargetPlatform (30)
[2016.05.20-00.12.48:140][ 46]LogModuleManager: Shutting down and abandoning module AndroidTargetPlatform (29)
[2016.05.20-00.12.48:140][ 46]LogModuleManager: Shutting down and abandoning module WindowsTargetPlatform (28)
[2016.05.20-00.12.48:140][ 46]LogModuleManager: Shutting down and abandoning module WindowsServerTargetPlatform (27)
[2016.05.20-00.12.48:140][ 46]LogModuleManager: Shutting down and abandoning module WindowsNoEditorTargetPlatform (26)
[2016.05.20-00.12.48:140][ 46]LogModuleManager: Shutting down and abandoning module WindowsClientTargetPlatform (25)
[2016.05.20-00.12.48:140][ 46]LogModuleManager: Shutting down and abandoning module AllDesktopTargetPlatform (24)
[2016.05.20-00.12.48:140][ 46]LogModuleManager: Shutting down and abandoning module TargetPlatform (23)
[2016.05.20-00.12.48:140][ 46]LogModuleManager: Shutting down and abandoning module InputCore (22)
[2016.05.20-00.12.48:140][ 46]LogModuleManager: Shutting down and abandoning module Settings (21)
[2016.05.20-00.12.48:140][ 46]LogModuleManager: Shutting down and abandoning module OnlineSubsystem (19)
[2016.05.20-00.12.48:150][ 46]LogModuleManager: Shutting down and abandoning module HTTP (18)
[2016.05.20-00.12.50:153][ 46]LogModuleManager: Shutting down and abandoning module XMPP (17)
[2016.05.20-00.12.50:164][ 46]LogModuleManager: Shutting down and abandoning module OculusRift (16)
[2016.05.20-00.12.50:214][ 46]LogModuleManager: Shutting down and abandoning module ExampleDeviceProfileSelector (15)
[2016.05.20-00.12.50:214][ 46]LogModuleManager: Shutting down and abandoning module TextureCompressor (14)
[2016.05.20-00.12.50:214][ 46]LogModuleManager: Shutting down and abandoning module ShaderCore (13)
[2016.05.20-00.12.50:214][ 46]LogModuleManager: Shutting down and abandoning module Landscape (12)
[2016.05.20-00.12.50:214][ 46]LogModuleManager: Shutting down and abandoning module SlateRHIRenderer (11)
[2016.05.20-00.12.50:234][ 46]LogModuleManager: Shutting down and abandoning module OpenGLDrv (10)
[2016.05.20-00.12.50:269][ 46]LogModuleManager: Shutting down and abandoning module D3D11RHI (9)
[2016.05.20-00.12.50:269][ 46]LogModuleManager: Shutting down and abandoning module AnimGraphRuntime (8)
[2016.05.20-00.12.50:269][ 46]LogModuleManager: Shutting down and abandoning module Renderer (7)
[2016.05.20-00.12.50:269][ 46]LogModuleManager: Shutting down and abandoning module Engine (6)
[2016.05.20-00.12.50:269][ 46]LogModuleManager: Shutting down and abandoning module CoreUObject (5)
[2016.05.20-00.12.50:269][ 46]LogModuleManager: Shutting down and abandoning module NetworkFile (4)
[2016.05.20-00.12.50:278][ 46]LogModuleManager: Shutting down and abandoning module StreamingFile (3)
[2016.05.20-00.12.50:278][ 46]LogModuleManager: Shutting down and abandoning module SandboxFile (2)
[2016.05.20-00.12.50:299][ 46]LogModuleManager: Shutting down and abandoning module PakFile (1)
[2016.05.20-00.12.50:356][ 46]LogExit: Exiting.
[2016.05.20-00.12.50:387][ 46]Log file closed, 05/19/16 17:12:50
