Log file open, 05/19/16 14:05:49
LogInit:Display: Running engine for game: GameJamRigging
LogPlatformFile: Not using cached read wrapper
LogInit:Display: RandInit(1791827447) SRandInit(1791827449).
LogTaskGraph: Started task graph with 4 named threads and 7 total threads.
LogStats: Stats thread started at 0.081681
LogInit: Version: 4.11.2-2946394+++UE4+Release-4.11
LogInit: API Version: 2927265
LogInit: Compiled (64-bit): Apr 18 2016 02:18:46
LogInit: Compiled with Visual C++: 19.00.23026.00
LogInit: Build Configuration: Development
LogInit: Branch Name: ++UE4+Release-4.11
LogInit: Command line:  
LogInit: Base directory: C:/Program Files (x86)/Epic Games/4.11/Engine/Binaries/Win64/
LogInit: Installed Engine Build: 1
LogInit: Using libcurl 7.41.0
LogInit:  - built for x86_64-pc-win32
LogInit:  - supports SSL with WinSSL
LogInit:  - other features:
LogInit:      CURL_VERSION_SSL
LogInit:      CURL_VERSION_IPV6
LogInit:      CURL_VERSION_ASYNCHDNS
LogInit:      CURL_VERSION_LARGEFILE
LogInit:      CURL_VERSION_IDN
LogInit:  CurlRequestOptions (configurable via config and command line):
LogInit:  - bVerifyPeer = true  - Libcurl will verify peer certificate
LogInit:  - bUseHttpProxy = false  - Libcurl will NOT use HTTP proxy
LogInit:  - bDontReuseConnections = false  - Libcurl will reuse connections
LogInit:  - CertBundlePath = nullptr  - Libcurl will use whatever was configured at build time.
LogInit: Presizing for max 16777216 objects, including 0 objects not considered by GC, pre-allocating 0 bytes for permanent pool.
LogInit: Object subsystem initialized
[2016.05.19-21.05.49:604][  0]LogInit: Selected Device Profile: [Windows]
[2016.05.19-21.05.49:604][  0]LogInit: Applying CVar settings loaded from the selected device profile: [Windows]
[2016.05.19-21.05.49:610][  0]LogInit: Computer: DUMPRING
[2016.05.19-21.05.49:610][  0]LogInit: User: theco000
[2016.05.19-21.05.49:610][  0]LogInit: CPU Page size=65536, Cores=4
[2016.05.19-21.05.49:610][  0]LogInit: High frequency timer resolution =3.615390 MHz
[2016.05.19-21.05.49:610][  0]LogMemory: Memory total: Physical=15.9GB (16GB approx)
[2016.05.19-21.05.49:610][  0]LogMemory: Platform Memory Stats for Windows
[2016.05.19-21.05.49:610][  0]LogMemory: Process Physical Memory: 313.97 MB used, 313.97 MB peak
[2016.05.19-21.05.49:610][  0]LogMemory: Process Virtual Memory: 314.96 MB used, 314.96 MB peak
[2016.05.19-21.05.49:610][  0]LogMemory: Physical Memory: 5422.11 MB used, 16326.09 MB total
[2016.05.19-21.05.49:610][  0]LogMemory: Virtual Memory: 639.07 MB used, 134217728.00 MB total
[2016.05.19-21.05.49:643][  0]LogTextLocalizationManager: No specific translations for ('en-US') exist, so ('en') translations will be used.
[2016.05.19-21.05.50:005][  0]LogD3D11RHI: D3D11 adapters:
[2016.05.19-21.05.50:035][  0]LogD3D11RHI:    0. 'NVIDIA GeForce GTX 780' (Feature Level 11_0)
[2016.05.19-21.05.50:035][  0]LogD3D11RHI:       3013MB of dedicated video memory, 0MB of dedicated system memory, and 8163MB of shared system memory, 2 output[s]
[2016.05.19-21.05.50:036][  0]LogD3D11RHI:    1. 'Microsoft Basic Render Driver' (Feature Level 11_0)
[2016.05.19-21.05.50:036][  0]LogD3D11RHI:       0MB of dedicated video memory, 0MB of dedicated system memory, and 8163MB of shared system memory, 0 output[s]
[2016.05.19-21.05.50:036][  0]LogD3D11RHI: Chosen D3D11 Adapter: 0
[2016.05.19-21.05.50:040][  0]LogD3D11RHI: Creating new Direct3DDevice
[2016.05.19-21.05.50:040][  0]LogD3D11RHI:     Adapter Name: NVIDIA GeForce GTX 780
[2016.05.19-21.05.50:040][  0]LogD3D11RHI:   Driver Version: 10.18.13.6510 (internal 10.18.13.6510)
[2016.05.19-21.05.50:040][  0]LogD3D11RHI:      Driver Date: 4-27-2016
[2016.05.19-21.05.50:040][  0]LogRHI: Texture pool is 1361 MB (70% of 1945 MB)
[2016.05.19-21.05.50:055][  0]LogD3D11RHI: Async texture creation enabled
[2016.05.19-21.05.50:065][  0]LogShaderCompilers: Guid format shader working directory is 12 characters bigger than the processId version (D:/Git/RiggingShooter/GameJamRigging/Intermediate/Shaders/WorkingDirectory/14180/).
[2016.05.19-21.05.50:065][  0]LogShaderCompilers: Cleaned the shader compiler working directory 'C:/Users/THECO_~1/AppData/Local/Temp/UnrealShaderWorkingDir/A3F9329648BC5FFD55647D9FB631E04C/'.
[2016.05.19-21.05.50:065][  0]LogShaderCompilers:Display: Using Local Shader Compiler.
[2016.05.19-21.05.51:143][  0]LogTemp:Display: Loaded TP AllDesktopTargetPlatform
[2016.05.19-21.05.51:149][  0]LogTemp:Display: Loaded TP WindowsClientTargetPlatform
[2016.05.19-21.05.51:155][  0]LogTemp:Display: Loaded TP WindowsNoEditorTargetPlatform
[2016.05.19-21.05.51:161][  0]LogTemp:Display: Loaded TP WindowsServerTargetPlatform
[2016.05.19-21.05.51:166][  0]LogTemp:Display: Loaded TP WindowsTargetPlatform
[2016.05.19-21.05.51:170][  0]LogTemp:Display: Loaded TP AndroidTargetPlatform
[2016.05.19-21.05.51:174][  0]LogTemp:Display: Loaded TP Android_ASTCTargetPlatform
[2016.05.19-21.05.51:177][  0]LogTemp:Display: Loaded TP Android_ATCTargetPlatform
[2016.05.19-21.05.51:181][  0]LogTemp:Display: Loaded TP Android_DXTTargetPlatform
[2016.05.19-21.05.51:185][  0]LogTemp:Display: Loaded TP Android_ETC1TargetPlatform
[2016.05.19-21.05.51:189][  0]LogTemp:Display: Loaded TP Android_ETC2TargetPlatform
[2016.05.19-21.05.51:197][  0]LogTemp:Display: Loaded TP Android_MultiTargetPlatform
[2016.05.19-21.05.51:197][  0]LogTemp:Display: Loaded TP Android_PVRTCTargetPlatform
[2016.05.19-21.05.51:198][  0]LogTemp:Display: Loaded TP HTML5TargetPlatform
[2016.05.19-21.05.51:216][  0]LogTemp:Display: Loaded TP IOSTargetPlatform
[2016.05.19-21.05.51:218][  0]LogTemp:Display: Loaded TP TVOSTargetPlatform
[2016.05.19-21.05.51:221][  0]LogTemp:Display: Loaded TP LinuxNoEditorTargetPlatform
[2016.05.19-21.05.51:223][  0]LogTemp:Display: Loaded TP LinuxServerTargetPlatform
[2016.05.19-21.05.51:227][  0]LogTemp:Display: Loaded TP LinuxTargetPlatform
[2016.05.19-21.05.51:227][  0]LogTargetPlatformManager:Display: Building Assets For Windows
[2016.05.19-21.05.51:294][  0]LogDerivedDataCache:Display: Max Cache Size: 512 MB
[2016.05.19-21.05.51:463][  0]LogDerivedDataCache: Loaded boot cache 0.17s 46MB C:/Users/theco_000/AppData/Local/UnrealEngine/4.11/DerivedDataCache/Boot.ddc.
[2016.05.19-21.05.51:463][  0]LogDerivedDataCache:Display: Loaded Boot cache: C:/Users/theco_000/AppData/Local/UnrealEngine/4.11/DerivedDataCache/Boot.ddc
[2016.05.19-21.05.51:463][  0]LogDerivedDataCache: FDerivedDataBackendGraph:  Pak pak cache file D:/Git/RiggingShooter/GameJamRigging/DerivedDataCache/DDC.ddp not found, will not use a pak cache.
[2016.05.19-21.05.51:463][  0]LogDerivedDataCache: Unable to find inner node Pak for hierarchical cache Hierarchy.
[2016.05.19-21.05.51:463][  0]LogDerivedDataCache: FDerivedDataBackendGraph:  CompressedPak pak cache file D:/Git/RiggingShooter/GameJamRigging/DerivedDataCache/Compressed.ddp not found, will not use a pak cache.
[2016.05.19-21.05.51:463][  0]LogDerivedDataCache: Unable to find inner node CompressedPak for hierarchical cache Hierarchy.
[2016.05.19-21.05.51:479][  0]LogDerivedDataCache:Display: Pak cache opened for reading ../../../Engine/DerivedDataCache/Compressed.ddp.
[2016.05.19-21.05.51:492][  0]LogDerivedDataCache: Using Local data cache path C:/Users/theco_000/AppData/Local/UnrealEngine/Common/DerivedDataCache: Writable
[2016.05.19-21.05.52:019][  0]LogInit: Selected Device Profile: [Windows]
[2016.05.19-21.05.52:024][  0]LogContentStreaming: Texture pool size is 0.00 MB
[2016.05.19-21.05.52:116][  0]LogMaterial: Uniform references updated for custom material expression Custom.
[2016.05.19-21.05.52:302][  0]LogMeshUtilities: No automatic mesh reduction module available
[2016.05.19-21.05.52:302][  0]LogMeshUtilities: No automatic mesh merging module available
[2016.05.19-21.05.52:302][  0]LogMeshUtilities: No distributed automatic mesh merging module available
[2016.05.19-21.05.52:721][  0]LogUObjectArray: 27679 objects as part of root set at end of initial load.
[2016.05.19-21.05.52:721][  0]LogUObjectAllocator: 5591592 out of 0 bytes used by permanent object pool.
[2016.05.19-21.05.52:721][  0]LogUObjectArray: CloseDisregardForGC: 0/0 objects in disregard for GC pool
[2016.05.19-21.05.52:727][  0]LogInit: WinSock: version 1.1 (2.2), MaxSocks=32767, MaxUdp=65467
[2016.05.19-21.05.52:954][  0]LogSlate: SlateFontCache - WITH_FREETYPE: 1, WITH_HARFBUZZ: 1
[2016.05.19-21.05.52:955][  0]LogSlate: SlateFontCache - WITH_FREETYPE: 1, WITH_HARFBUZZ: 1
[2016.05.19-21.05.53:214][  0]LogStreaming:Warning: Failed to read file '../../../Engine/Content/Editor/Slate/Common/Selection_16x.png' error.
[2016.05.19-21.05.53:214][  0]LogSlate: Could not find file for Slate resource: ../../../Engine/Content/Editor/Slate/Common/Selection_16x.png
[2016.05.19-21.05.53:214][  0]LogStreaming:Warning: Failed to read file '../../../Engine/Content/Editor/Slate/Common/Selection_16x.png' error.
[2016.05.19-21.05.53:214][  0]LogSlate: Could not find file for Slate resource: ../../../Engine/Content/Editor/Slate/Common/Selection_16x.png
[2016.05.19-21.05.53:214][  0]LogStreaming:Warning: Failed to read file '../../../Engine/Content/Editor/Slate/Common/Selection_16x.png' error.
[2016.05.19-21.05.53:214][  0]LogSlate: Could not find file for Slate resource: ../../../Engine/Content/Editor/Slate/Common/Selection_16x.png
[2016.05.19-21.05.54:397][  0]LogUdpMessaging: Initializing bridge on interface 0.0.0.0:0 to multicast group 230.0.0.1:6666.
[2016.05.19-21.05.54:552][  0]LogAssetRegistry: FAssetRegistry took 0.0340 seconds to start up
[2016.05.19-21.05.54:773][  0]SourceControl: Info Source control is disabled
[2016.05.19-21.05.54:776][  0]SourceControl: Info Source control is disabled
[2016.05.19-21.05.54:791][  0]SourceControl: Info Source control is disabled
[2016.05.19-21.05.54:802][  0]SourceControl: Info Source control is disabled
[2016.05.19-21.05.54:948][  0]LogHMD: Failed to initialize OpenVR with code 110
[2016.05.19-21.05.55:060][  0]LogEngine: Initializing Engine...
[2016.05.19-21.05.55:247][  0]LogAIModule: Creating AISystem for world NewWorld
[2016.05.19-21.05.55:268][  0]LogInit: XAudio2 using 'Speakers (Realtek High Definition Audio)' : 2 channels at 48 kHz using 32 bits per sample (channel mask 0x3)
[2016.05.19-21.05.55:283][  0]LogInit: FAudioDevice initialized.
[2016.05.19-21.05.55:316][  0]LogDerivedDataCache: Saved boot cache 0.03s 46MB C:/Users/theco_000/AppData/Local/UnrealEngine/4.11/DerivedDataCache/Boot.ddc.
[2016.05.19-21.05.55:320][  0]LogInit: Texture streaming: Enabled
[2016.05.19-21.05.55:353][  0]LogInit: Transaction tracking system initialized
[2016.05.19-21.05.55:399][  0]BlueprintLog: New page: Editor Load
[2016.05.19-21.05.55:559][  0]LocalizationService: Info Localization service is disabled
[2016.05.19-21.05.55:685][  0]LogConsoleResponse:Display: 
[2016.05.19-21.05.55:851][  0]LogCook:Display: Max memory allowance for cook 8192mb
[2016.05.19-21.05.55:851][  0]LogCook:Display: Mobile HDR setting 1
[2016.05.19-21.05.55:851][  0]LogCook:Display: Done creating registry. It took  0.00s.
[2016.05.19-21.05.55:948][  0]LogFileCache: Scanning file cache for directory 'D:/Git/RiggingShooter/GameJamRigging/Content/' took 0.02s
[2016.05.19-21.05.55:948][  0]SourceControl: Info Source control is disabled
[2016.05.19-21.05.55:950][  0]Cmd: MAP LOAD FILE="D:/Git/RiggingShooter/GameJamRigging/Content/FirstPersonBP/Maps/FirstPersonExampleMap.umap" TEMPLATE=0 SHOWPROGRESS=1 FEATURELEVEL=3
[2016.05.19-21.05.55:988][  0]LightingResults: New page: Lighting Build
[2016.05.19-21.05.55:998][  0]MapCheck: New page: Map Check
[2016.05.19-21.05.55:998][  0]LightingResults: New page: Lighting Build
[2016.05.19-21.05.59:551][  0]LogAIModule: Creating AISystem for world FirstPersonExampleMap
[2016.05.19-21.05.59:613][  0]LogEditorServer: Finished looking for orphan Actors (0.000 secs)
[2016.05.19-21.05.59:621][  0]Cmd: MAP CHECKDEP NOCLEARLOG
[2016.05.19-21.05.59:672][  0]MapCheck: Info Map check complete: 0 Error(s), 0 Warning(s), took 51.204ms to complete.
[2016.05.19-21.05.59:673][  0]LogFileHelpers: Loading map 'FirstPersonExampleMap' took 3.723
[2016.05.19-21.05.59:879][  0]LogCollectionManager: Loaded 0 collections in 0.001258 seconds
[2016.05.19-21.05.59:943][  0]LogFileCache: Scanning file cache for directory 'D:/Git/RiggingShooter/GameJamRigging/Saved/Collections/' took 0.01s
[2016.05.19-21.05.59:943][  0]LogFileCache: Scanning file cache for directory 'D:/Git/RiggingShooter/GameJamRigging/Content/Developers/theco000/Collections/' took 0.01s
[2016.05.19-21.05.59:943][  0]LogFileCache: Scanning file cache for directory 'D:/Git/RiggingShooter/GameJamRigging/Content/Collections/' took 0.01s
[2016.05.19-21.05.59:943][  0]LogCollectionManager: Rebuilt the GUID cache for 0 collections in 0.000002 seconds
[2016.05.19-21.05.59:951][  0]LogContentBrowser: Native class hierarchy populated in 0.0074 seconds. Added 1979 classes and 343 folders.
[2016.05.19-21.05.59:976][  0]LogStats: UGameplayTagsManager::ConstructGameplayTagTree: Construct from data asset -  0.000 s
[2016.05.19-21.05.59:977][  0]LogStats: UGameplayTagsManager::ConstructGameplayTagTree: GameplayTagTreeChangedEvent.Broadcast -  0.000 s
[2016.05.19-21.05.59:978][  0]LogContentBrowser: Native class hierarchy updated for 'GameplayTags' in 0.0004 seconds. Added 12 classes and 0 folders.
[2016.05.19-21.05.59:982][  0]LogContentBrowser: Native class hierarchy updated for 'WidgetCarousel' in 0.0003 seconds. Added 0 classes and 0 folders.
[2016.05.19-21.05.59:999][  0]LogContentBrowser: Native class hierarchy updated for 'SuperSearch' in 0.0003 seconds. Added 1 classes and 2 folders.
[2016.05.19-21.06.00:119][  0]LogContentBrowser: Native class hierarchy updated for 'AddContentDialog' in 0.0009 seconds. Added 0 classes and 0 folders.
[2016.05.19-21.06.00:135][  0]LogContentBrowser: Native class hierarchy updated for 'WorldBrowser' in 0.0004 seconds. Added 1 classes and 3 folders.
[2016.05.19-21.06.00:153][  0]LogContentBrowser: Native class hierarchy updated for 'SceneOutliner' in 0.0003 seconds. Added 1 classes and 2 folders.
[2016.05.19-21.06.00:303][  0]LogCrashTracker: Crashtracker disabled due to settings.
[2016.05.19-21.06.00:319][  0]LogUObjectGlobals:Warning: Failed to find object 'Class None.'
[2016.05.19-21.06.00:351][  0]LogContentBrowser: Native class hierarchy updated for 'HierarchicalLODOutliner' in 0.0003 seconds. Added 1 classes and 2 folders.
[2016.05.19-21.06.00:352][  0]LogLoad: Full Startup: 11.43 seconds (BP compile: 0.49 seconds)
[2016.05.19-21.06.00:352][  0]LogExternalProfiler: Found external profiler: VSPerf
[2016.05.19-21.06.00:352][  0]LogExternalProfiler: Using external profiler: VSPerf
[2016.05.19-21.06.00:363][  0]LogOcInput: OculusInput pre-init called
[2016.05.19-21.06.00:365][  0]LoadErrors:Error: Error /Game/FirstPersonBP/Blueprints/GravityWell : Failed import for GravityWell_C /Game/Blueprints/GravityWell.Default__GravityWell_C [redirection] in /Game/FirstPersonBP/Blueprints/GravityWell
[2016.05.19-21.06.00:437][  0]LogContentStreaming: Texture pool size now 1000 MB
[2016.05.19-21.06.00:625][  0]LogRenderer: Reallocating scene render targets to support 1596x808 (Frame:2).
[2016.05.19-21.06.00:813][  1]LogAssetRegistry: Asset discovery search completed in 6.2937 seconds
[2016.05.19-21.06.00:814][  1]LogCollectionManager: Rebuilt the object cache for 0 collections in 0.000001 seconds (found 0 objects)
[2016.05.19-21.06.00:814][  1]LogCollectionManager: Fixed up redirectors for 0 collections in 0.000331 seconds (updated 0 objects)
[2016.05.19-21.06.14:769][617]LogEditorViewport: Clicking on Actor (LMB): GravityWell2_C (GravityWell)
[2016.05.19-21.06.15:570][701]Cmd: DELETE
[2016.05.19-21.06.15:571][701]Cmd: ACTOR DELETE
[2016.05.19-21.06.15:579][701]LogEditorActor: Deleted Actor: GravityWell2_C
[2016.05.19-21.06.15:582][701]LogActorComponent: UnregisterComponent: (/Engine/Transient.CharMoveComp) Not registered. Aborting.
[2016.05.19-21.06.15:582][701]LogActorComponent: UnregisterComponent: (/Engine/Transient.ProjectileMovementComponent_40__A6522401) Not registered. Aborting.
[2016.05.19-21.06.15:631][701]LogEditorActor: Deleted 1 Actors (0.056 secs)
[2016.05.19-21.06.18:853][847]LogSavePackage: Save=1817.49ms
[2016.05.19-21.06.18:853][847]LogSavePackage: Moving 'D:/Git/RiggingShooter/GameJamRigging/Saved/FirstPersonExampleMap82EB8B35492D1F7CAD28F28C2BCCE99B.tmp' to 'D:/Git/RiggingShooter/GameJamRigging/Content/FirstPersonBP/Maps/FirstPersonExampleMap.umap'
[2016.05.19-21.06.18:862][847]LogSavePackage: Total save time: 1900.65ms
[2016.05.19-21.06.18:862][847]LogSavePackage:Display: Finished SavePackage D:/Git/RiggingShooter/GameJamRigging/Content/FirstPersonBP/Maps/FirstPersonExampleMap.umap
[2016.05.19-21.06.18:882][847]LogFileHelpers: Saving map 'FirstPersonExampleMap' took 1.995
[2016.05.19-21.06.41:516][526]LogAIModule: Creating AISystem for world ChrisTest
[2016.05.19-21.06.41:520][526]LogActorComponent: UnregisterComponent: (/Engine/Transient.CharMoveComp) Not registered. Aborting.
[2016.05.19-21.06.41:520][526]LogActorComponent: UnregisterComponent: (/Engine/Transient.ProjectileMovementComponent_40__A6522401) Not registered. Aborting.
[2016.05.19-21.06.41:532][526]Cmd: MAP LOAD FILE="D:/Git/RiggingShooter/GameJamRigging/Content/Maps/ChrisTest.umap" TEMPLATE=0 SHOWPROGRESS=1 FEATURELEVEL=3
[2016.05.19-21.06.41:533][526]LightingResults: New page: Lighting Build
[2016.05.19-21.06.41:551][526]LoadErrors: New page: Loading map: ChrisTest.umap
[2016.05.19-21.06.41:555][526]MapCheck: New page: Map Check
[2016.05.19-21.06.41:555][526]LightingResults: New page: Lighting Build
[2016.05.19-21.06.41:665][526]LogEditorServer: Finished looking for orphan Actors (0.000 secs)
[2016.05.19-21.06.41:691][526]Cmd: MAP CHECKDEP NOCLEARLOG
[2016.05.19-21.06.41:749][526]MapCheck: Info Map check complete: 0 Error(s), 0 Warning(s), took 57.249ms to complete.
[2016.05.19-21.06.41:750][526]LogFileHelpers: Loading map 'ChrisTest' took 0.220
[2016.05.19-21.06.49:377][246]Cmd: OBJ SAVEPACKAGE PACKAGE="/Game/Maps/Level1" FILE="D:/Git/RiggingShooter/GameJamRigging/Content/Maps/Level1.umap" SILENT=true AUTOSAVING=false KEEPDIRTY=false
[2016.05.19-21.06.49:392][246]LogSavePackage: Save=6.03ms
[2016.05.19-21.06.49:392][246]LogSavePackage: Moving 'D:/Git/RiggingShooter/GameJamRigging/Saved/Level1DC166753462CB3E53128D6A685485555.tmp' to 'D:/Git/RiggingShooter/GameJamRigging/Content/Maps/Level1.umap'
[2016.05.19-21.06.49:393][246]LogSavePackage: Total save time: 7.17ms
[2016.05.19-21.06.49:393][246]LogSavePackage:Display: Finished SavePackage D:/Git/RiggingShooter/GameJamRigging/Content/Maps/Level1.umap
[2016.05.19-21.06.49:393][246]LogFileHelpers: Saving map 'Level1' took 0.069
[2016.05.19-21.06.49:396][246]Cmd: MAP LOAD FILE="D:/Git/RiggingShooter/GameJamRigging/Content/Maps/Level1.umap" TEMPLATE=0 SHOWPROGRESS=1 FEATURELEVEL=3
[2016.05.19-21.06.49:396][246]LightingResults: New page: Lighting Build
[2016.05.19-21.06.49:413][246]LoadErrors: New page: Loading map: Level1.umap
[2016.05.19-21.06.49:415][246]MapCheck: New page: Map Check
[2016.05.19-21.06.49:415][246]LightingResults: New page: Lighting Build
[2016.05.19-21.06.49:467][246]LogEditorServer: Finished looking for orphan Actors (0.000 secs)
[2016.05.19-21.06.49:467][246]LogAIModule: Creating AISystem for world Level1
[2016.05.19-21.06.49:492][246]Cmd: MAP CHECKDEP NOCLEARLOG
[2016.05.19-21.06.49:553][246]MapCheck: Info Map check complete: 0 Error(s), 0 Warning(s), took 61.259ms to complete.
[2016.05.19-21.06.49:554][246]LogFileHelpers: Loading map 'Level1' took 0.159
[2016.05.19-21.06.55:509][954]Cmd: BRUSH ADD SELECTNEWBRUSH
[2016.05.19-21.13.51:538][967]Cmd: OBJ SAVEPACKAGE PACKAGE="/Game/Maps/Level1" FILE="D:/Git/RiggingShooter/GameJamRigging/Content/Maps/Level1.umap" SILENT=true AUTOSAVING=false KEEPDIRTY=false
[2016.05.19-21.13.51:582][967]LogSavePackage: Save=12.82ms
[2016.05.19-21.13.51:583][967]LogSavePackage: Moving 'D:/Git/RiggingShooter/GameJamRigging/Saved/Level1060C83294B1BBBAE83FB1FBF55920039.tmp' to 'D:/Git/RiggingShooter/GameJamRigging/Content/Maps/Level1.umap'
[2016.05.19-21.13.51:584][967]LogSavePackage: Total save time: 33.84ms
[2016.05.19-21.13.51:584][967]LogSavePackage:Display: Finished SavePackage D:/Git/RiggingShooter/GameJamRigging/Content/Maps/Level1.umap
[2016.05.19-21.13.51:608][967]LogFileHelpers: Saving map 'Level1' took 0.124
[2016.05.19-21.13.52:484][ 35]Cmd: QUIT_EDITOR
[2016.05.19-21.13.52:556][ 35]LogWindowsTextInputMethodSystem:Display: IME system now deactivated.
[2016.05.19-21.13.52:589][ 35]LogExit: Preparing to exit.
[2016.05.19-21.13.53:694][ 35]LogExit: Editor shut down
[2016.05.19-21.13.53:695][ 35]LogExit: Transaction tracking system shut down
[2016.05.19-21.13.53:849][ 35]LogObj: Freed 0b from 0 cluster array pools.
[2016.05.19-21.13.53:849][ 35]LogExit: Object subsystem successfully closed.
[2016.05.19-21.13.53:867][ 35]LogD3D11RHI: Shutdown
[2016.05.19-21.13.53:867][ 35]LogD3D11RHI: CleanupD3DDevice
[2016.05.19-21.13.53:924][ 35]LogD3D11RHI: ~FD3D11DynamicRHI
[2016.05.19-21.13.53:989][ 35]LogDerivedDataCache: Shutdown
[2016.05.19-21.13.54:006][ 35]LogModuleManager: Shutting down and abandoning module HierarchicalLODOutliner (205)
[2016.05.19-21.13.54:006][ 35]LogModuleManager: Shutting down and abandoning module CrashTracker (204)
[2016.05.19-21.13.54:006][ 35]LogModuleManager: Shutting down and abandoning module SceneOutliner (203)
[2016.05.19-21.13.54:007][ 35]LogModuleManager: Shutting down and abandoning module WorldBrowser (202)
[2016.05.19-21.13.54:007][ 35]LogModuleManager: Shutting down and abandoning module SuperSearch (201)
[2016.05.19-21.13.54:007][ 35]LogModuleManager: Shutting down and abandoning module WidgetCarousel (200)
[2016.05.19-21.13.54:007][ 35]LogModuleManager: Shutting down and abandoning module AddContentDialog (199)
[2016.05.19-21.13.54:008][ 35]LogModuleManager: Shutting down and abandoning module GameplayTags (198)
[2016.05.19-21.13.54:008][ 35]LogModuleManager: Shutting down and abandoning module EditorWidgets (197)
[2016.05.19-21.13.54:008][ 35]LogModuleManager: Shutting down and abandoning module CollectionManager (196)
[2016.05.19-21.13.54:009][ 35]LogModuleManager: Shutting down and abandoning module StatsViewer (195)
[2016.05.19-21.13.54:009][ 35]LogModuleManager: Shutting down and abandoning module FoliageEdit (194)
[2016.05.19-21.13.54:010][ 35]LogModuleManager: Shutting down and abandoning module LandscapeEditor (193)
[2016.05.19-21.13.54:011][ 35]LogModuleManager: Shutting down and abandoning module ActorPickerMode (192)
[2016.05.19-21.13.54:011][ 35]LogModuleManager: Shutting down and abandoning module GeometryMode (191)
[2016.05.19-21.13.54:011][ 35]LogModuleManager: Shutting down and abandoning module TextureAlignMode (190)
[2016.05.19-21.13.54:011][ 35]LogModuleManager: Shutting down and abandoning module BspMode (189)
[2016.05.19-21.13.54:011][ 35]LogModuleManager: Shutting down and abandoning module PlacementMode (188)
[2016.05.19-21.13.54:011][ 35]LogModuleManager: Shutting down and abandoning module AutomationWorker (187)
[2016.05.19-21.13.54:011][ 35]LogModuleManager: Shutting down and abandoning module CharacterAI (186)
[2016.05.19-21.13.54:011][ 35]LogModuleManager: Shutting down and abandoning module SmartSnapping (185)
[2016.05.19-21.13.54:011][ 35]LogModuleManager: Shutting down and abandoning module ViewportSnapping (184)
[2016.05.19-21.13.54:011][ 35]LogModuleManager: Shutting down and abandoning module LogVisualizer (183)
[2016.05.19-21.13.54:012][ 35]LogModuleManager: Shutting down and abandoning module GameProjectGeneration (182)
[2016.05.19-21.13.54:013][ 35]LogModuleManager: Shutting down and abandoning module IntroTutorials (181)
[2016.05.19-21.13.54:014][ 35]LogModuleManager: Shutting down and abandoning module EditorLiveStreaming (180)
[2016.05.19-21.13.54:014][ 35]LogModuleManager: Shutting down and abandoning module IOSPlatformEditor (179)
[2016.05.19-21.13.54:014][ 35]LogModuleManager: Shutting down and abandoning module HTML5PlatformEditor (178)
[2016.05.19-21.13.54:014][ 35]LogModuleManager: Shutting down and abandoning module AndroidDeviceDetection (177)
[2016.05.19-21.13.54:751][ 35]LogModuleManager: Shutting down and abandoning module AndroidPlatformEditor (176)
[2016.05.19-21.13.54:751][ 35]LogModuleManager: Shutting down and abandoning module IOSRuntimeSettings (175)
[2016.05.19-21.13.54:751][ 35]LogModuleManager: Shutting down and abandoning module AndroidRuntimeSettings (174)
[2016.05.19-21.13.54:751][ 35]LogModuleManager: Shutting down and abandoning module MergeActors (173)
[2016.05.19-21.13.54:752][ 35]LogModuleManager: Shutting down and abandoning module SizeMap (172)
[2016.05.19-21.13.54:752][ 35]LogModuleManager: Shutting down and abandoning module TreeMap (171)
[2016.05.19-21.13.54:752][ 35]LogModuleManager: Shutting down and abandoning module ReferenceViewer (170)
[2016.05.19-21.13.54:752][ 35]LogModuleManager: Shutting down and abandoning module LocalizationService (169)
[2016.05.19-21.13.54:753][ 35]LogModuleManager: Shutting down and abandoning module LocalizationDashboard (168)
[2016.05.19-21.13.54:753][ 35]LogModuleManager: Shutting down and abandoning module HardwareTargeting (167)
[2016.05.19-21.13.54:753][ 35]LogModuleManager: Shutting down and abandoning module DeviceProfileEditor (166)
[2016.05.19-21.13.54:753][ 35]LogModuleManager: Shutting down and abandoning module UndoHistory (165)
[2016.05.19-21.13.54:754][ 35]LogModuleManager: Shutting down and abandoning module UserFeedback (164)
[2016.05.19-21.13.54:754][ 35]LogModuleManager: Shutting down and abandoning module XmlParser (163)
[2016.05.19-21.13.54:754][ 35]LogModuleManager: Shutting down and abandoning module Blutility (162)
[2016.05.19-21.13.54:754][ 35]LogModuleManager: Shutting down and abandoning module ProjectTargetPlatformEditor (161)
[2016.05.19-21.13.54:754][ 35]LogModuleManager: Shutting down and abandoning module ProjectSettingsViewer (160)
[2016.05.19-21.13.54:754][ 35]LogModuleManager: Shutting down and abandoning module InputBindingEditor (159)
[2016.05.19-21.13.54:755][ 35]LogModuleManager: Shutting down and abandoning module EditorSettingsViewer (158)
[2016.05.19-21.13.54:755][ 35]LogModuleManager: Shutting down and abandoning module SettingsEditor (157)
[2016.05.19-21.13.54:756][ 35]LogModuleManager: Shutting down and abandoning module ProjectLauncher (156)
[2016.05.19-21.13.54:756][ 35]LogModuleManager: Shutting down and abandoning module SessionFrontend (155)
[2016.05.19-21.13.54:757][ 35]LogModuleManager: Shutting down and abandoning module ProfilerClient (154)
[2016.05.19-21.13.54:757][ 35]LogModuleManager: Shutting down and abandoning module TargetDeviceServices (153)
[2016.05.19-21.13.54:757][ 35]LogModuleManager: Shutting down and abandoning module DeviceManager (152)
[2016.05.19-21.13.54:789][ 35]LogModuleManager: Shutting down and abandoning module AutomationController (151)
[2016.05.19-21.13.54:790][ 35]LogModuleManager: Shutting down and abandoning module AutomationWindow (150)
[2016.05.19-21.13.54:791][ 35]LogModuleManager: Shutting down and abandoning module Layers (149)
[2016.05.19-21.13.54:792][ 35]LogModuleManager: Shutting down and abandoning module ComponentVisualizers (148)
[2016.05.19-21.13.54:792][ 35]LogModuleManager: Shutting down and abandoning module DetailCustomizations (147)
[2016.05.19-21.13.54:793][ 35]LogModuleManager: Shutting down and abandoning module PackagesDialog (146)
[2016.05.19-21.13.54:793][ 35]LogModuleManager: Shutting down and abandoning module Persona (145)
[2016.05.19-21.13.54:795][ 35]LogModuleManager: Shutting down and abandoning module Kismet (144)
[2016.05.19-21.13.54:795][ 35]LogModuleManager: Shutting down and abandoning module GraphEditor (143)
[2016.05.19-21.13.54:797][ 35]LogModuleManager: Shutting down and abandoning module ClassViewer (142)
[2016.05.19-21.13.54:798][ 35]LogModuleManager: Shutting down and abandoning module Toolbox (141)
[2016.05.19-21.13.54:798][ 35]LogModuleManager: Shutting down and abandoning module ModuleUI (140)
[2016.05.19-21.13.54:799][ 35]LogModuleManager: Shutting down and abandoning module MovieSceneTools (139)
[2016.05.19-21.13.54:799][ 35]LogModuleManager: Shutting down and abandoning module OutputLog (138)
[2016.05.19-21.13.54:800][ 35]LogModuleManager: Shutting down and abandoning module GammaUI (137)
[2016.05.19-21.13.54:800][ 35]LogModuleManager: Shutting down and abandoning module Documentation (136)
[2016.05.19-21.13.54:800][ 35]LogModuleManager: Shutting down and abandoning module StreamingPauseRendering (135)
[2016.05.19-21.13.54:800][ 35]LogModuleManager: Shutting down and abandoning module AnalyticsET (134)
[2016.05.19-21.13.54:800][ 35]LogModuleManager: Shutting down and abandoning module Analytics (133)
[2016.05.19-21.13.54:800][ 35]LogModuleManager: Shutting down and abandoning module PortalServices (132)
[2016.05.19-21.13.54:800][ 35]LogModuleManager: Shutting down and abandoning module PortalRpc (131)
[2016.05.19-21.13.54:800][ 35]LogModuleManager: Shutting down and abandoning module MessagingRpc (130)
[2016.05.19-21.13.54:800][ 35]LogModuleManager: Shutting down and abandoning module AITestSuite (129)
[2016.05.19-21.13.54:800][ 35]LogModuleManager: Shutting down and abandoning module GameplayDebugger (128)
[2016.05.19-21.13.54:800][ 35]LogModuleManager: Shutting down and abandoning module AIModule (127)
[2016.05.19-21.13.54:800][ 35]LogModuleManager: Shutting down and abandoning module ProfilerService (126)
[2016.05.19-21.13.54:973][ 35]LogModuleManager: Shutting down and abandoning module TaskGraph (125)
[2016.05.19-21.13.54:975][ 35]LogModuleManager: Shutting down and abandoning module SlateRemote (124)
[2016.05.19-21.13.54:975][ 35]LogModuleManager: Shutting down and abandoning module SteamVRController (123)
[2016.05.19-21.13.54:975][ 35]LogModuleManager: Shutting down and abandoning module SteamVR (122)
[2016.05.19-21.13.54:975][ 35]LogModuleManager: Shutting down and abandoning module ProceduralMeshComponent (121)
[2016.05.19-21.13.54:975][ 35]LogModuleManager: Shutting down and abandoning module OculusLibrary (120)
[2016.05.19-21.13.54:975][ 35]LogModuleManager: Shutting down and abandoning module OculusInput (119)
[2016.05.19-21.13.54:975][ 35]LogModuleManager: Shutting down and abandoning module CustomMeshComponent (118)
[2016.05.19-21.13.54:975][ 35]LogModuleManager: Shutting down and abandoning module CableComponent (117)
[2016.05.19-21.13.54:975][ 35]LogModuleManager: Shutting down and abandoning module ArchVisCharacter (116)
[2016.05.19-21.13.54:975][ 35]LogModuleManager: Shutting down and abandoning module MediaPlayerEditor (115)
[2016.05.19-21.13.54:978][ 35]LogModuleManager: Shutting down and abandoning module HTML5Networking (114)
[2016.05.19-21.13.54:978][ 35]LogModuleManager: Shutting down and abandoning module SpeedTreeImporter (113)
[2016.05.19-21.13.54:978][ 35]LogModuleManager: Shutting down and abandoning module PluginBrowser (112)
[2016.05.19-21.13.54:979][ 35]LogModuleManager: Shutting down and abandoning module EpicSurvey (111)
[2016.05.19-21.13.54:979][ 35]LogModuleManager: Shutting down and abandoning module DesktopPlatform (110)
[2016.05.19-21.13.54:979][ 35]LogModuleManager: Shutting down and abandoning module VisualStudioSourceCodeAccess (109)
[2016.05.19-21.13.54:980][ 35]LogModuleManager: Shutting down and abandoning module UObjectPlugin (108)
[2016.05.19-21.13.54:980][ 35]LogModuleManager: Shutting down and abandoning module SubversionSourceControl (107)
[2016.05.19-21.13.54:981][ 35]LogModuleManager: Shutting down and abandoning module PerforceSourceControl (106)
[2016.05.19-21.13.54:982][ 35]LogModuleManager: Shutting down and abandoning module SourceControl (105)
[2016.05.19-21.13.54:982][ 35]LogModuleManager: Shutting down and abandoning module GitSourceControl (104)
[2016.05.19-21.13.54:983][ 35]LogModuleManager: Shutting down and abandoning module LightPropagationVolumeEditor (103)
[2016.05.19-21.13.54:983][ 35]LogModuleManager: Shutting down and abandoning module PaperTiledImporter (102)
[2016.05.19-21.13.54:983][ 35]LogModuleManager: Shutting down and abandoning module PaperSpriteSheetImporter (101)
[2016.05.19-21.13.54:983][ 35]LogModuleManager: Shutting down and abandoning module MeshPaint (100)
[2016.05.19-21.13.54:984][ 35]LogModuleManager: Shutting down and abandoning module HotReload (99)
[2016.05.19-21.13.54:985][ 35]LogModuleManager: Shutting down and abandoning module MainFrame (98)
[2016.05.19-21.13.54:985][ 35]LogModuleManager: Shutting down and abandoning module LevelEditor (97)
[2016.05.19-21.13.54:986][ 35]LogModuleManager: Shutting down and abandoning module DirectoryWatcher (96)
[2016.05.19-21.13.54:987][ 35]LogModuleManager: Shutting down and abandoning module AssetRegistry (95)
[2016.05.19-21.13.55:161][ 35]LogModuleManager: Shutting down and abandoning module ContentBrowser (94)
[2016.05.19-21.13.55:163][ 35]LogModuleManager: Shutting down and abandoning module Paper2DEditor (93)
[2016.05.19-21.13.55:164][ 35]LogModuleManager: Shutting down and abandoning module UdpMessaging (92)
[2016.05.19-21.13.55:265][ 35]LogModuleManager: Shutting down and abandoning module LightPropagationVolumeRuntime (91)
[2016.05.19-21.13.55:265][ 35]LogModuleManager: Shutting down and abandoning module Paper2D (90)
[2016.05.19-21.13.55:265][ 35]LogModuleManager: Shutting down and abandoning module WindowsMoviePlayer (89)
[2016.05.19-21.13.55:266][ 35]LogModuleManager: Shutting down and abandoning module Media (88)
[2016.05.19-21.13.55:266][ 35]LogModuleManager: Shutting down and abandoning module WmfMedia (87)
[2016.05.19-21.13.55:266][ 35]LogModuleManager: Shutting down and abandoning module MediaAssets (86)
[2016.05.19-21.13.55:266][ 35]LogModuleManager: Shutting down and abandoning module GameLiveStreaming (85)
[2016.05.19-21.13.55:266][ 35]LogModuleManager: Shutting down and abandoning module GameplayTagsEditor (84)
[2016.05.19-21.13.55:266][ 35]LogModuleManager: Shutting down and abandoning module OnlineBlueprintSupport (83)
[2016.05.19-21.13.55:266][ 35]LogModuleManager: Shutting down and abandoning module GameplayTasksEditor (82)
[2016.05.19-21.13.55:266][ 35]LogModuleManager: Shutting down and abandoning module PropertyEditor (81)
[2016.05.19-21.13.55:266][ 35]LogModuleManager: Shutting down and abandoning module BehaviorTreeEditor (80)
[2016.05.19-21.13.55:267][ 35]LogModuleManager: Shutting down and abandoning module FunctionalTesting (79)
[2016.05.19-21.13.55:267][ 35]LogModuleManager: Shutting down and abandoning module CollisionAnalyzer (78)
[2016.05.19-21.13.55:268][ 35]LogModuleManager: Shutting down and abandoning module WorkspaceMenuStructure (77)
[2016.05.19-21.13.55:268][ 35]LogModuleManager: Shutting down and abandoning module MessageLog (76)
[2016.05.19-21.13.55:268][ 35]LogModuleManager: Shutting down and abandoning module Sequencer (75)
[2016.05.19-21.13.55:268][ 35]LogModuleManager: Shutting down and abandoning module AssetTools (74)
[2016.05.19-21.13.55:270][ 35]LogModuleManager: Shutting down and abandoning module UMGEditor (73)
[2016.05.19-21.13.55:271][ 35]LogModuleManager: Shutting down and abandoning module UMG (72)
[2016.05.19-21.13.55:272][ 35]LogModuleManager: Shutting down and abandoning module SlateReflector (71)
[2016.05.19-21.13.55:274][ 35]LogModuleManager: Shutting down and abandoning module Slate (70)
[2016.05.19-21.13.55:274][ 35]LogModuleManager: Shutting down and abandoning module EditorStyle (69)
[2016.05.19-21.13.55:276][ 35]LogModuleManager: Shutting down and abandoning module SessionServices (68)
[2016.05.19-21.13.55:276][ 35]LogModuleManager: Shutting down and abandoning module SourceCodeAccess (67)
[2016.05.19-21.13.55:276][ 35]LogModuleManager: Shutting down and abandoning module HeadMountedDisplay (66)
[2016.05.19-21.13.55:276][ 35]LogModuleManager: Shutting down and abandoning module XAudio2 (65)
[2016.05.19-21.13.55:276][ 35]LogModuleManager: Shutting down and abandoning module Networking (63)
[2016.05.19-21.13.55:276][ 35]LogModuleManager: Shutting down and abandoning module Core (62)
[2016.05.19-21.13.55:276][ 35]LogModuleManager: Shutting down and abandoning module KismetCompiler (61)
[2016.05.19-21.13.55:277][ 35]LogModuleManager: Shutting down and abandoning module PhysXFormats (60)
[2016.05.19-21.13.55:277][ 35]LogModuleManager: Shutting down and abandoning module MeshUtilities (59)
[2016.05.19-21.13.55:278][ 35]LogModuleManager: Shutting down and abandoning module CookingStats (58)
[2016.05.19-21.13.55:278][ 35]LogModuleManager: Shutting down and abandoning module DerivedDataCache (57)
[2016.05.19-21.13.55:278][ 35]LogDerivedDataCache: Shutdown
[2016.05.19-21.13.55:278][ 35]LogModuleManager: Shutting down and abandoning module ShaderFormatOpenGL (56)
[2016.05.19-21.13.55:278][ 35]LogModuleManager: Shutting down and abandoning module ShaderFormatD3D (55)
[2016.05.19-21.13.55:278][ 35]LogModuleManager: Shutting down and abandoning module MetalShaderFormat (54)
[2016.05.19-21.13.55:279][ 35]LogModuleManager: Shutting down and abandoning module TextureFormatUncompressed (53)
[2016.05.19-21.13.55:279][ 35]LogModuleManager: Shutting down and abandoning module TextureFormatPVR (52)
[2016.05.19-21.13.55:279][ 35]LogModuleManager: Shutting down and abandoning module TextureFormatIntelISPCTexComp (51)
[2016.05.19-21.13.55:279][ 35]LogModuleManager: Shutting down and abandoning module TextureFormatDXT (50)
[2016.05.19-21.13.55:279][ 35]LogModuleManager: Shutting down and abandoning module ImageWrapper (49)
[2016.05.19-21.13.55:279][ 35]LogModuleManager: Shutting down and abandoning module TextureFormatASTC (48)
[2016.05.19-21.13.55:279][ 35]LogModuleManager: Shutting down and abandoning module TextureFormatAndroid (47)
[2016.05.19-21.13.55:279][ 35]LogModuleManager: Shutting down and abandoning module AudioFormatOpus (46)
[2016.05.19-21.13.55:279][ 35]LogModuleManager: Shutting down and abandoning module AudioFormatOgg (45)
[2016.05.19-21.13.55:279][ 35]LogModuleManager: Shutting down and abandoning module AudioFormatADPCM (44)
[2016.05.19-21.13.55:279][ 35]LogModuleManager: Shutting down and abandoning module LinuxTargetPlatform (43)
[2016.05.19-21.13.55:279][ 35]LogModuleManager: Shutting down and abandoning module LinuxServerTargetPlatform (42)
[2016.05.19-21.13.55:279][ 35]LogModuleManager: Shutting down and abandoning module LinuxNoEditorTargetPlatform (41)
[2016.05.19-21.13.55:279][ 35]LogModuleManager: Shutting down and abandoning module TVOSTargetPlatform (40)
[2016.05.19-21.13.55:279][ 35]LogModuleManager: Shutting down and abandoning module Messaging (39)
[2016.05.19-21.13.55:279][ 35]LogModuleManager: Shutting down and abandoning module IOSTargetPlatform (38)
[2016.05.19-21.13.55:279][ 35]LogModuleManager: Shutting down and abandoning module HTML5TargetPlatform (37)
[2016.05.19-21.13.55:279][ 35]LogModuleManager: Shutting down and abandoning module Android_PVRTCTargetPlatform (36)
[2016.05.19-21.13.55:279][ 35]LogModuleManager: Shutting down and abandoning module Android_MultiTargetPlatform (35)
[2016.05.19-21.13.55:280][ 35]LogModuleManager: Shutting down and abandoning module Android_ETC2TargetPlatform (34)
[2016.05.19-21.13.55:280][ 35]LogModuleManager: Shutting down and abandoning module Android_ETC1TargetPlatform (33)
[2016.05.19-21.13.55:280][ 35]LogModuleManager: Shutting down and abandoning module Android_DXTTargetPlatform (32)
[2016.05.19-21.13.55:280][ 35]LogModuleManager: Shutting down and abandoning module Android_ATCTargetPlatform (31)
[2016.05.19-21.13.55:280][ 35]LogModuleManager: Shutting down and abandoning module Android_ASTCTargetPlatform (30)
[2016.05.19-21.13.55:280][ 35]LogModuleManager: Shutting down and abandoning module AndroidTargetPlatform (29)
[2016.05.19-21.13.55:280][ 35]LogModuleManager: Shutting down and abandoning module WindowsTargetPlatform (28)
[2016.05.19-21.13.55:280][ 35]LogModuleManager: Shutting down and abandoning module WindowsServerTargetPlatform (27)
[2016.05.19-21.13.55:280][ 35]LogModuleManager: Shutting down and abandoning module WindowsNoEditorTargetPlatform (26)
[2016.05.19-21.13.55:280][ 35]LogModuleManager: Shutting down and abandoning module WindowsClientTargetPlatform (25)
[2016.05.19-21.13.55:280][ 35]LogModuleManager: Shutting down and abandoning module AllDesktopTargetPlatform (24)
[2016.05.19-21.13.55:280][ 35]LogModuleManager: Shutting down and abandoning module TargetPlatform (23)
[2016.05.19-21.13.55:280][ 35]LogModuleManager: Shutting down and abandoning module InputCore (22)
[2016.05.19-21.13.55:280][ 35]LogModuleManager: Shutting down and abandoning module Settings (21)
[2016.05.19-21.13.55:280][ 35]LogModuleManager: Shutting down and abandoning module OnlineSubsystem (19)
[2016.05.19-21.13.55:280][ 35]LogModuleManager: Shutting down and abandoning module HTTP (18)
[2016.05.19-21.13.57:282][ 35]LogModuleManager: Shutting down and abandoning module XMPP (17)
[2016.05.19-21.13.57:284][ 35]LogModuleManager: Shutting down and abandoning module OculusRift (16)
[2016.05.19-21.13.57:284][ 35]LogModuleManager: Shutting down and abandoning module ExampleDeviceProfileSelector (15)
[2016.05.19-21.13.57:284][ 35]LogModuleManager: Shutting down and abandoning module TextureCompressor (14)
[2016.05.19-21.13.57:285][ 35]LogModuleManager: Shutting down and abandoning module ShaderCore (13)
[2016.05.19-21.13.57:285][ 35]LogModuleManager: Shutting down and abandoning module Landscape (12)
[2016.05.19-21.13.57:285][ 35]LogModuleManager: Shutting down and abandoning module SlateRHIRenderer (11)
[2016.05.19-21.13.57:286][ 35]LogModuleManager: Shutting down and abandoning module OpenGLDrv (10)
[2016.05.19-21.13.57:287][ 35]LogModuleManager: Shutting down and abandoning module D3D11RHI (9)
[2016.05.19-21.13.57:287][ 35]LogModuleManager: Shutting down and abandoning module AnimGraphRuntime (8)
[2016.05.19-21.13.57:287][ 35]LogModuleManager: Shutting down and abandoning module Renderer (7)
[2016.05.19-21.13.57:287][ 35]LogModuleManager: Shutting down and abandoning module Engine (6)
[2016.05.19-21.13.57:287][ 35]LogModuleManager: Shutting down and abandoning module CoreUObject (5)
[2016.05.19-21.13.57:287][ 35]LogModuleManager: Shutting down and abandoning module NetworkFile (4)
[2016.05.19-21.13.57:287][ 35]LogModuleManager: Shutting down and abandoning module StreamingFile (3)
[2016.05.19-21.13.57:287][ 35]LogModuleManager: Shutting down and abandoning module SandboxFile (2)
[2016.05.19-21.13.57:287][ 35]LogModuleManager: Shutting down and abandoning module PakFile (1)
[2016.05.19-21.13.57:289][ 35]LogExit: Exiting.
[2016.05.19-21.13.57:291][ 35]Log file closed, 05/19/16 14:13:57
