Log file open, 05/21/16 20:19:47
LogInit:Display: Running engine for game: GameJamRigging
LogPlatformFile: Not using cached read wrapper
LogInit:Display: RandInit(-3650026) SRandInit(-3650024).
LogTaskGraph: Started task graph with 4 named threads and 7 total threads.
LogStats: Stats thread started at 0.068016
LogInit: Version: 4.11.2-2946394+++UE4+Release-4.11
LogInit: API Version: 2927265
LogInit: Compiled (64-bit): Apr 18 2016 02:18:46
LogInit: Compiled with Visual C++: 19.00.23026.00
LogInit: Build Configuration: Development
LogInit: Branch Name: ++UE4+Release-4.11
LogInit: Command line:  
LogInit: Base directory: C:/Program Files (x86)/Epic Games/4.11/Engine/Binaries/Win64/
LogInit: Installed Engine Build: 1
LogInit: Using libcurl 7.41.0
LogInit:  - built for x86_64-pc-win32
LogInit:  - supports SSL with WinSSL
LogInit:  - other features:
LogInit:      CURL_VERSION_SSL
LogInit:      CURL_VERSION_IPV6
LogInit:      CURL_VERSION_ASYNCHDNS
LogInit:      CURL_VERSION_LARGEFILE
LogInit:      CURL_VERSION_IDN
LogInit:  CurlRequestOptions (configurable via config and command line):
LogInit:  - bVerifyPeer = true  - Libcurl will verify peer certificate
LogInit:  - bUseHttpProxy = false  - Libcurl will NOT use HTTP proxy
LogInit:  - bDontReuseConnections = false  - Libcurl will reuse connections
LogInit:  - CertBundlePath = nullptr  - Libcurl will use whatever was configured at build time.
LogInit: Presizing for max 16777216 objects, including 0 objects not considered by GC, pre-allocating 0 bytes for permanent pool.
LogInit: Object subsystem initialized
[2016.05.22-03.19.47:140][  0]LogInit: Selected Device Profile: [Windows]
[2016.05.22-03.19.47:140][  0]LogInit: Applying CVar settings loaded from the selected device profile: [Windows]
[2016.05.22-03.19.47:149][  0]LogInit: Computer: DUMPRING
[2016.05.22-03.19.47:149][  0]LogInit: User: theco000
[2016.05.22-03.19.47:149][  0]LogInit: CPU Page size=65536, Cores=4
[2016.05.22-03.19.47:149][  0]LogInit: High frequency timer resolution =3.615392 MHz
[2016.05.22-03.19.47:149][  0]LogMemory: Memory total: Physical=15.9GB (16GB approx)
[2016.05.22-03.19.47:149][  0]LogMemory: Platform Memory Stats for Windows
[2016.05.22-03.19.47:149][  0]LogMemory: Process Physical Memory: 313.52 MB used, 313.52 MB peak
[2016.05.22-03.19.47:149][  0]LogMemory: Process Virtual Memory: 315.03 MB used, 315.03 MB peak
[2016.05.22-03.19.47:149][  0]LogMemory: Physical Memory: 5804.98 MB used, 16326.09 MB total
[2016.05.22-03.19.47:149][  0]LogMemory: Virtual Memory: 639.07 MB used, 134217728.00 MB total
[2016.05.22-03.19.47:179][  0]LogTextLocalizationManager: No specific translations for ('en-US') exist, so ('en') translations will be used.
[2016.05.22-03.19.47:535][  0]LogD3D11RHI: D3D11 adapters:
[2016.05.22-03.19.47:563][  0]LogD3D11RHI:    0. 'NVIDIA GeForce GTX 780' (Feature Level 11_0)
[2016.05.22-03.19.47:563][  0]LogD3D11RHI:       3013MB of dedicated video memory, 0MB of dedicated system memory, and 8163MB of shared system memory, 2 output[s]
[2016.05.22-03.19.47:564][  0]LogD3D11RHI:    1. 'Microsoft Basic Render Driver' (Feature Level 11_0)
[2016.05.22-03.19.47:564][  0]LogD3D11RHI:       0MB of dedicated video memory, 0MB of dedicated system memory, and 8163MB of shared system memory, 0 output[s]
[2016.05.22-03.19.47:564][  0]LogD3D11RHI: Chosen D3D11 Adapter: 0
[2016.05.22-03.19.47:568][  0]LogD3D11RHI: Creating new Direct3DDevice
[2016.05.22-03.19.47:568][  0]LogD3D11RHI:     Adapter Name: NVIDIA GeForce GTX 780
[2016.05.22-03.19.47:568][  0]LogD3D11RHI:   Driver Version: 10.18.13.6510 (internal 10.18.13.6510)
[2016.05.22-03.19.47:568][  0]LogD3D11RHI:      Driver Date: 4-27-2016
[2016.05.22-03.19.47:568][  0]LogRHI: Texture pool is 1361 MB (70% of 1945 MB)
[2016.05.22-03.19.47:581][  0]LogD3D11RHI: Async texture creation enabled
[2016.05.22-03.19.47:591][  0]LogShaderCompilers: Guid format shader working directory is 12 characters bigger than the processId version (D:/Git/RiggingShooter/GameJamRigging/Intermediate/Shaders/WorkingDirectory/10804/).
[2016.05.22-03.19.47:591][  0]LogShaderCompilers: Cleaned the shader compiler working directory 'C:/Users/THECO_~1/AppData/Local/Temp/UnrealShaderWorkingDir/FADE7BC34D90921E55084188319AE1F0/'.
[2016.05.22-03.19.47:591][  0]LogShaderCompilers:Display: Using Local Shader Compiler.
[2016.05.22-03.19.48:578][  0]LogTemp:Display: Loaded TP AllDesktopTargetPlatform
[2016.05.22-03.19.48:584][  0]LogTemp:Display: Loaded TP WindowsClientTargetPlatform
[2016.05.22-03.19.48:589][  0]LogTemp:Display: Loaded TP WindowsNoEditorTargetPlatform
[2016.05.22-03.19.48:596][  0]LogTemp:Display: Loaded TP WindowsServerTargetPlatform
[2016.05.22-03.19.48:604][  0]LogTemp:Display: Loaded TP WindowsTargetPlatform
[2016.05.22-03.19.48:610][  0]LogTemp:Display: Loaded TP AndroidTargetPlatform
[2016.05.22-03.19.48:615][  0]LogTemp:Display: Loaded TP Android_ASTCTargetPlatform
[2016.05.22-03.19.48:621][  0]LogTemp:Display: Loaded TP Android_ATCTargetPlatform
[2016.05.22-03.19.48:624][  0]LogTemp:Display: Loaded TP Android_DXTTargetPlatform
[2016.05.22-03.19.48:627][  0]LogTemp:Display: Loaded TP Android_ETC1TargetPlatform
[2016.05.22-03.19.48:630][  0]LogTemp:Display: Loaded TP Android_ETC2TargetPlatform
[2016.05.22-03.19.48:635][  0]LogTemp:Display: Loaded TP Android_MultiTargetPlatform
[2016.05.22-03.19.48:635][  0]LogTemp:Display: Loaded TP Android_PVRTCTargetPlatform
[2016.05.22-03.19.48:636][  0]LogTemp:Display: Loaded TP HTML5TargetPlatform
[2016.05.22-03.19.48:652][  0]LogTemp:Display: Loaded TP IOSTargetPlatform
[2016.05.22-03.19.48:656][  0]LogTemp:Display: Loaded TP TVOSTargetPlatform
[2016.05.22-03.19.48:661][  0]LogTemp:Display: Loaded TP LinuxNoEditorTargetPlatform
[2016.05.22-03.19.48:667][  0]LogTemp:Display: Loaded TP LinuxServerTargetPlatform
[2016.05.22-03.19.48:673][  0]LogTemp:Display: Loaded TP LinuxTargetPlatform
[2016.05.22-03.19.48:673][  0]LogTargetPlatformManager:Display: Building Assets For Windows
[2016.05.22-03.19.48:750][  0]LogDerivedDataCache:Display: Max Cache Size: 512 MB
[2016.05.22-03.19.48:793][  0]LogDerivedDataCache: Loaded boot cache 0.04s 46MB C:/Users/theco_000/AppData/Local/UnrealEngine/4.11/DerivedDataCache/Boot.ddc.
[2016.05.22-03.19.48:793][  0]LogDerivedDataCache:Display: Loaded Boot cache: C:/Users/theco_000/AppData/Local/UnrealEngine/4.11/DerivedDataCache/Boot.ddc
[2016.05.22-03.19.48:793][  0]LogDerivedDataCache: FDerivedDataBackendGraph:  Pak pak cache file D:/Git/RiggingShooter/GameJamRigging/DerivedDataCache/DDC.ddp not found, will not use a pak cache.
[2016.05.22-03.19.48:793][  0]LogDerivedDataCache: Unable to find inner node Pak for hierarchical cache Hierarchy.
[2016.05.22-03.19.48:794][  0]LogDerivedDataCache: FDerivedDataBackendGraph:  CompressedPak pak cache file D:/Git/RiggingShooter/GameJamRigging/DerivedDataCache/Compressed.ddp not found, will not use a pak cache.
[2016.05.22-03.19.48:794][  0]LogDerivedDataCache: Unable to find inner node CompressedPak for hierarchical cache Hierarchy.
[2016.05.22-03.19.48:806][  0]LogDerivedDataCache:Display: Pak cache opened for reading ../../../Engine/DerivedDataCache/Compressed.ddp.
[2016.05.22-03.19.48:819][  0]LogDerivedDataCache: Using Local data cache path C:/Users/theco_000/AppData/Local/UnrealEngine/Common/DerivedDataCache: Writable
[2016.05.22-03.19.49:046][  0]LogInit: Selected Device Profile: [Windows]
[2016.05.22-03.19.49:047][  0]LogContentStreaming: Texture pool size is 0.00 MB
[2016.05.22-03.19.49:098][  0]LogMaterial: Uniform references updated for custom material expression Custom.
[2016.05.22-03.19.49:215][  0]LogMeshUtilities: No automatic mesh reduction module available
[2016.05.22-03.19.49:215][  0]LogMeshUtilities: No automatic mesh merging module available
[2016.05.22-03.19.49:215][  0]LogMeshUtilities: No distributed automatic mesh merging module available
[2016.05.22-03.19.49:417][  0]LogUObjectArray: 27679 objects as part of root set at end of initial load.
[2016.05.22-03.19.49:417][  0]LogUObjectAllocator: 5591592 out of 0 bytes used by permanent object pool.
[2016.05.22-03.19.49:417][  0]LogUObjectArray: CloseDisregardForGC: 0/0 objects in disregard for GC pool
[2016.05.22-03.19.49:422][  0]LogInit: WinSock: version 1.1 (2.2), MaxSocks=32767, MaxUdp=65467
[2016.05.22-03.19.49:496][  0]LogSlate: SlateFontCache - WITH_FREETYPE: 1, WITH_HARFBUZZ: 1
[2016.05.22-03.19.49:496][  0]LogSlate: SlateFontCache - WITH_FREETYPE: 1, WITH_HARFBUZZ: 1
[2016.05.22-03.19.49:598][  0]LogStreaming:Warning: Failed to read file '../../../Engine/Content/Editor/Slate/Common/Selection_16x.png' error.
[2016.05.22-03.19.49:598][  0]LogSlate: Could not find file for Slate resource: ../../../Engine/Content/Editor/Slate/Common/Selection_16x.png
[2016.05.22-03.19.49:598][  0]LogStreaming:Warning: Failed to read file '../../../Engine/Content/Editor/Slate/Common/Selection_16x.png' error.
[2016.05.22-03.19.49:598][  0]LogSlate: Could not find file for Slate resource: ../../../Engine/Content/Editor/Slate/Common/Selection_16x.png
[2016.05.22-03.19.49:598][  0]LogStreaming:Warning: Failed to read file '../../../Engine/Content/Editor/Slate/Common/Selection_16x.png' error.
[2016.05.22-03.19.49:598][  0]LogSlate: Could not find file for Slate resource: ../../../Engine/Content/Editor/Slate/Common/Selection_16x.png
[2016.05.22-03.19.50:078][  0]LogUdpMessaging: Initializing bridge on interface 0.0.0.0:0 to multicast group 230.0.0.1:6666.
[2016.05.22-03.19.50:176][  0]LogAssetRegistry: FAssetRegistry took 0.0212 seconds to start up
[2016.05.22-03.19.50:300][  0]SourceControl: Info Source control is disabled
[2016.05.22-03.19.50:301][  0]SourceControl: Info Source control is disabled
[2016.05.22-03.19.50:307][  0]SourceControl: Info Source control is disabled
[2016.05.22-03.19.50:313][  0]SourceControl: Info Source control is disabled
[2016.05.22-03.19.50:404][  0]LogHMD: Failed to initialize OpenVR with code 110
[2016.05.22-03.19.50:480][  0]LogEngine: Initializing Engine...
[2016.05.22-03.19.50:623][  0]LogAIModule: Creating AISystem for world NewWorld
[2016.05.22-03.19.50:632][  0]LogInit: XAudio2 using 'Speakers (Realtek High Definition Audio)' : 2 channels at 48 kHz using 32 bits per sample (channel mask 0x3)
[2016.05.22-03.19.50:654][  0]LogInit: FAudioDevice initialized.
[2016.05.22-03.19.50:674][  0]LogDerivedDataCache: Saved boot cache 0.02s 46MB C:/Users/theco_000/AppData/Local/UnrealEngine/4.11/DerivedDataCache/Boot.ddc.
[2016.05.22-03.19.50:678][  0]LogInit: Texture streaming: Enabled
[2016.05.22-03.19.50:695][  0]LogInit: Transaction tracking system initialized
[2016.05.22-03.19.50:711][  0]BlueprintLog: New page: Editor Load
[2016.05.22-03.19.50:780][  0]LocalizationService: Info Localization service is disabled
[2016.05.22-03.19.50:843][  0]LogConsoleResponse:Display: 
[2016.05.22-03.19.50:933][  0]LogCook:Display: Max memory allowance for cook 8192mb
[2016.05.22-03.19.50:933][  0]LogCook:Display: Mobile HDR setting 1
[2016.05.22-03.19.50:933][  0]LogCook:Display: Done creating registry. It took  0.00s.
[2016.05.22-03.19.50:971][  0]LogFileCache: Scanning file cache for directory 'D:/Git/RiggingShooter/GameJamRigging/Content/' took 0.01s
[2016.05.22-03.19.50:971][  0]SourceControl: Info Source control is disabled
[2016.05.22-03.19.50:971][  0]Cmd: MAP LOAD FILE="D:/Git/RiggingShooter/GameJamRigging/Content/FirstPersonBP/Maps/FirstPersonExampleMap.umap" TEMPLATE=0 SHOWPROGRESS=1 FEATURELEVEL=3
[2016.05.22-03.19.50:971][  0]LightingResults: New page: Lighting Build
[2016.05.22-03.19.50:973][  0]MapCheck: New page: Map Check
[2016.05.22-03.19.50:973][  0]LightingResults: New page: Lighting Build
[2016.05.22-03.19.52:628][  0]LogAIModule: Creating AISystem for world FirstPersonExampleMap
[2016.05.22-03.19.52:636][  0]LogEditorServer: Finished looking for orphan Actors (0.000 secs)
[2016.05.22-03.19.52:637][  0]Cmd: MAP CHECKDEP NOCLEARLOG
[2016.05.22-03.19.52:696][  0]MapCheck: Info Map check complete: 0 Error(s), 0 Warning(s), took 58.62ms to complete.
[2016.05.22-03.19.52:696][  0]LogFileHelpers: Loading map 'FirstPersonExampleMap' took 1.725
[2016.05.22-03.19.52:830][  0]LogCollectionManager: Loaded 0 collections in 0.001225 seconds
[2016.05.22-03.19.52:873][  0]LogFileCache: Scanning file cache for directory 'D:/Git/RiggingShooter/GameJamRigging/Saved/Collections/' took 0.01s
[2016.05.22-03.19.52:873][  0]LogFileCache: Scanning file cache for directory 'D:/Git/RiggingShooter/GameJamRigging/Content/Developers/theco000/Collections/' took 0.01s
[2016.05.22-03.19.52:873][  0]LogFileCache: Scanning file cache for directory 'D:/Git/RiggingShooter/GameJamRigging/Content/Collections/' took 0.01s
[2016.05.22-03.19.52:873][  0]LogCollectionManager: Rebuilt the GUID cache for 0 collections in 0.000002 seconds
[2016.05.22-03.19.52:880][  0]LogContentBrowser: Native class hierarchy populated in 0.0068 seconds. Added 1979 classes and 343 folders.
[2016.05.22-03.19.52:883][  0]LogStats: UGameplayTagsManager::ConstructGameplayTagTree: Construct from data asset -  0.000 s
[2016.05.22-03.19.52:883][  0]LogStats: UGameplayTagsManager::ConstructGameplayTagTree: GameplayTagTreeChangedEvent.Broadcast -  0.000 s
[2016.05.22-03.19.52:883][  0]LogContentBrowser: Native class hierarchy updated for 'GameplayTags' in 0.0003 seconds. Added 12 classes and 0 folders.
[2016.05.22-03.19.52:887][  0]LogContentBrowser: Native class hierarchy updated for 'WidgetCarousel' in 0.0003 seconds. Added 0 classes and 0 folders.
[2016.05.22-03.19.52:891][  0]LogContentBrowser: Native class hierarchy updated for 'SuperSearch' in 0.0003 seconds. Added 1 classes and 2 folders.
[2016.05.22-03.19.52:923][  0]LogContentBrowser: Native class hierarchy updated for 'AddContentDialog' in 0.0003 seconds. Added 0 classes and 0 folders.
[2016.05.22-03.19.52:928][  0]LogContentBrowser: Native class hierarchy updated for 'WorldBrowser' in 0.0004 seconds. Added 1 classes and 3 folders.
[2016.05.22-03.19.52:933][  0]LogContentBrowser: Native class hierarchy updated for 'SceneOutliner' in 0.0003 seconds. Added 1 classes and 2 folders.
[2016.05.22-03.19.52:991][  0]LogCrashTracker: Crashtracker disabled due to settings.
[2016.05.22-03.19.52:995][  0]LogUObjectGlobals:Warning: Failed to find object 'Class None.'
[2016.05.22-03.19.53:020][  0]LogContentBrowser: Native class hierarchy updated for 'HierarchicalLODOutliner' in 0.0003 seconds. Added 1 classes and 2 folders.
[2016.05.22-03.19.53:020][  0]LogLoad: Full Startup: 6.59 seconds (BP compile: 0.53 seconds)
[2016.05.22-03.19.53:020][  0]LogExternalProfiler: Found external profiler: VSPerf
[2016.05.22-03.19.53:020][  0]LogExternalProfiler: Using external profiler: VSPerf
[2016.05.22-03.19.53:029][  0]LogOcInput: OculusInput pre-init called
[2016.05.22-03.19.53:075][  0]LogContentStreaming: Texture pool size now 1000 MB
[2016.05.22-03.19.53:220][  0]LogRenderer: Reallocating scene render targets to support 1596x808 (Frame:2).
[2016.05.22-03.19.53:303][  1]LogAssetRegistry: Asset discovery search completed in 3.1478 seconds
[2016.05.22-03.19.53:303][  1]LogCollectionManager: Rebuilt the object cache for 0 collections in 0.000001 seconds (found 0 objects)
[2016.05.22-03.19.53:303][  1]LogCollectionManager: Fixed up redirectors for 0 collections in 0.000019 seconds (updated 0 objects)
[2016.05.22-03.20.15:684][582]LogFactory: FactoryCreateBinary: Font with FontFileImportFactory (0 0 D:\Drive\DissonEnt\Games\Cyberpunk Shooter\Font\Cornerstone.ttf)
[2016.05.22-03.20.22:370][950]LogFactory: FactoryCreateBinary: Font with FontFileImportFactory (0 0 D:\Drive\DissonEnt\Games\Cyberpunk Shooter\Font\Ailerons\Ailerons-Typeface.otf)
[2016.05.22-03.20.30:152][289]Cmd: OBJ SAVEPACKAGE PACKAGE="/Game/Font/Ailerons-Typeface" FILE="D:/Git/RiggingShooter/GameJamRigging/Content/Font/Ailerons-Typeface.uasset" SILENT=true
[2016.05.22-03.20.30:157][289]LogSavePackage: Save=4.05ms
[2016.05.22-03.20.30:157][289]LogSavePackage: Moving 'D:/Git/RiggingShooter/GameJamRigging/Saved/Ailerons-TypefaceB2DE23DD4FD15240952BDC880F0D6A1B.tmp' to 'D:/Git/RiggingShooter/GameJamRigging/Content/Font/Ailerons-Typeface.uasset'
[2016.05.22-03.20.30:158][289]LogSavePackage: Total save time: 5.20ms
[2016.05.22-03.20.30:158][289]LogSavePackage:Display: Finished SavePackage D:/Git/RiggingShooter/GameJamRigging/Content/Font/Ailerons-Typeface.uasset
[2016.05.22-03.20.30:188][289]LogActorComponent: UnregisterComponent: (/Engine/Transient.ProjectileMovementComponent_40__A6522401) Not registered. Aborting.
[2016.05.22-03.20.37:586][538]LogFactory: FactoryCreateBinary: Font with FontFileImportFactory (0 0 D:\Drive\DissonEnt\Games\Cyberpunk Shooter\Font\BEYNO\BEYNO.otf)
[2016.05.22-03.20.44:240][558]LogFactory: FactoryCreateBinary: Font with FontFileImportFactory (0 0 D:\Drive\DissonEnt\Games\Cyberpunk Shooter\Font\LOMBOK_TYPEFACE_PERSONAL_USE\Lombok.otf)
[2016.05.22-03.20.52:250][582]LogFactory: FactoryCreateBinary: Font with FontFileImportFactory (0 0 D:\Drive\DissonEnt\Games\Cyberpunk Shooter\Font\Makhina\makhina.ttf)
[2016.05.22-03.20.57:920][599]LogFactory: FactoryCreateBinary: Font with FontFileImportFactory (0 0 D:\Drive\DissonEnt\Games\Cyberpunk Shooter\Font\METROPOLIS 1920\Metropolis 1920.otf)
[2016.05.22-03.21.15:249][651]LogFactory: FactoryCreateBinary: Font with FontFileImportFactory (0 0 D:\Drive\DissonEnt\Games\Cyberpunk Shooter\Font\ostrich-sans\ostrich-regular.ttf)
[2016.05.22-03.21.33:146][630]LogFactory: FactoryCreateBinary: Font with FontFileImportFactory (0 0 D:\Drive\DissonEnt\Games\Cyberpunk Shooter\Font\RBNo2\RBNo2Light.otf)
[2016.05.22-03.21.39:489][649]LogFactory: FactoryCreateBinary: Font with FontFileImportFactory (0 0 D:\Drive\DissonEnt\Games\Cyberpunk Shooter\Font\RBNo2\RBNo2Light_a.otf)
[2016.05.22-03.21.50:834][683]LogFactory: FactoryCreateBinary: Font with FontFileImportFactory (0 0 D:\Drive\DissonEnt\Games\Cyberpunk Shooter\Font\Reckoner_Typeface\Reckoner_Bold.ttf)
[2016.05.22-03.21.54:500][694]LogFactory: FactoryCreateBinary: Font with FontFileImportFactory (0 0 D:\Drive\DissonEnt\Games\Cyberpunk Shooter\Font\Reckoner_Typeface\Reckoner.ttf)
[2016.05.22-03.22.02:159][717]LogFactory: FactoryCreateBinary: Font with FontFileImportFactory (0 0 D:\Drive\DissonEnt\Games\Cyberpunk Shooter\Font\Timber Font\Timber.otf)
[2016.05.22-03.22.09:583][262]LogEditorViewport: Clicking on Actor (LMB): StaticMeshActor (Floor)
[2016.05.22-03.22.10:254][334]Cmd: DELETE
[2016.05.22-03.22.10:254][334]Cmd: ACTOR DELETE
[2016.05.22-03.22.10:259][334]LogEditorActor: Deleted Actor: StaticMeshActor
[2016.05.22-03.22.10:260][334]LogActorComponent: UnregisterComponent: (/Engine/Transient.ProjectileMovementComponent_40__A6522401) Not registered. Aborting.
[2016.05.22-03.22.10:260][334]LogActorComponent: UnregisterComponent: (/Engine/Transient.CharMoveComp) Not registered. Aborting.
[2016.05.22-03.22.10:260][334]LogActorComponent: UnregisterComponent: (/Engine/Transient.CharacterMovementComponent_0) Not registered. Aborting.
[2016.05.22-03.22.10:260][334]LogActorComponent: UnregisterComponent: (/Engine/Transient.MovementComponent0) Not registered. Aborting.
[2016.05.22-03.22.10:268][334]LogEditorActor: Deleted 1 Actors (0.009 secs)
[2016.05.22-03.22.11:420][472]Cmd: TRANSACTION UNDO
[2016.05.22-03.22.11:420][472]LogEditorTransaction: Undo Delete Actors
[2016.05.22-03.22.12:165][535]LogEditorViewport: Clicking on Actor (LMB): TextRenderActor (TemplateLabel)
[2016.05.22-03.22.13:006][629]LogEditorViewport: Clicking on Actor (LMB): StaticMeshActor (Floor)
[2016.05.22-03.22.13:517][683]LogEditorViewport: Clicking on Actor (LMB): TextRenderActor (TextRenderActor)
[2016.05.22-03.22.14:664][812]Cmd: DELETE
[2016.05.22-03.22.14:664][812]Cmd: ACTOR DELETE
[2016.05.22-03.22.14:665][812]LogEditorActor: Deleted Actor: TextRenderActor
[2016.05.22-03.22.14:672][812]LogEditorActor: Deleted 1 Actors (0.008 secs)
[2016.05.22-03.22.36:464][202]LogContentBrowser: Native class hierarchy updated for 'BlueprintGraph' in 0.0007 seconds. Added 108 classes and 0 folders.
[2016.05.22-03.23.45:248][965]LogSavePackage: Save=1805.28ms
[2016.05.22-03.23.45:248][965]LogSavePackage: Moving 'D:/Git/RiggingShooter/GameJamRigging/Saved/FirstPersonExampleMap0ABE47254A35D86112FD2D9E09A47EC5.tmp' to 'D:/Git/RiggingShooter/GameJamRigging/Content/FirstPersonBP/Maps/FirstPersonExampleMap.umap'
[2016.05.22-03.23.45:295][965]LogSavePackage: Total save time: 1955.15ms
[2016.05.22-03.23.45:295][965]LogSavePackage:Display: Finished SavePackage D:/Git/RiggingShooter/GameJamRigging/Content/FirstPersonBP/Maps/FirstPersonExampleMap.umap
[2016.05.22-03.23.45:320][965]LogFileHelpers: Saving map 'FirstPersonExampleMap' took 2.063
[2016.05.22-03.23.45:332][965]Cmd: OBJ SAVEPACKAGE PACKAGE="/Game/Font/Cornerstone" FILE="D:/Git/RiggingShooter/GameJamRigging/Content/Font/Cornerstone.uasset" SILENT=true
[2016.05.22-03.23.45:336][965]LogSavePackage: Save=3.85ms
[2016.05.22-03.23.45:336][965]LogSavePackage: Moving 'D:/Git/RiggingShooter/GameJamRigging/Saved/Cornerstone6880B815487C585AF9AD3A8936169B1A.tmp' to 'D:/Git/RiggingShooter/GameJamRigging/Content/Font/Cornerstone.uasset'
[2016.05.22-03.23.45:337][965]LogSavePackage: Total save time: 4.82ms
[2016.05.22-03.23.45:337][965]LogSavePackage:Display: Finished SavePackage D:/Git/RiggingShooter/GameJamRigging/Content/Font/Cornerstone.uasset
[2016.05.22-03.23.45:342][965]Cmd: OBJ SAVEPACKAGE PACKAGE="/Game/Ailerons-Typeface" FILE="D:/Git/RiggingShooter/GameJamRigging/Content/Ailerons-Typeface.uasset" SILENT=true
[2016.05.22-03.23.45:344][965]LogSavePackage: Save=0.67ms
[2016.05.22-03.23.45:344][965]LogSavePackage: Moving 'D:/Git/RiggingShooter/GameJamRigging/Saved/Ailerons-Typeface907303AB4E894A6A23035CA11BD70569.tmp' to 'D:/Git/RiggingShooter/GameJamRigging/Content/Ailerons-Typeface.uasset'
[2016.05.22-03.23.45:345][965]LogSavePackage: Total save time: 1.64ms
[2016.05.22-03.23.45:345][965]LogSavePackage:Display: Finished SavePackage D:/Git/RiggingShooter/GameJamRigging/Content/Ailerons-Typeface.uasset
[2016.05.22-03.23.45:355][965]Cmd: OBJ SAVEPACKAGE PACKAGE="/Game/Font/BEYNO" FILE="D:/Git/RiggingShooter/GameJamRigging/Content/Font/BEYNO.uasset" SILENT=true
[2016.05.22-03.23.45:359][965]LogSavePackage: Save=3.28ms
[2016.05.22-03.23.45:359][965]LogSavePackage: Moving 'D:/Git/RiggingShooter/GameJamRigging/Saved/BEYNO49A9F70444F24A1AB4C3539E64A688C5.tmp' to 'D:/Git/RiggingShooter/GameJamRigging/Content/Font/BEYNO.uasset'
[2016.05.22-03.23.45:360][965]LogSavePackage: Total save time: 4.37ms
[2016.05.22-03.23.45:360][965]LogSavePackage:Display: Finished SavePackage D:/Git/RiggingShooter/GameJamRigging/Content/Font/BEYNO.uasset
[2016.05.22-03.23.45:373][965]Cmd: OBJ SAVEPACKAGE PACKAGE="/Game/Font/Lombok" FILE="D:/Git/RiggingShooter/GameJamRigging/Content/Font/Lombok.uasset" SILENT=true
[2016.05.22-03.23.45:378][965]LogSavePackage: Save=4.29ms
[2016.05.22-03.23.45:378][965]LogSavePackage: Moving 'D:/Git/RiggingShooter/GameJamRigging/Saved/LombokB374316640EEBC27B8EA7F96F03459F3.tmp' to 'D:/Git/RiggingShooter/GameJamRigging/Content/Font/Lombok.uasset'
[2016.05.22-03.23.45:379][965]LogSavePackage: Total save time: 5.29ms
[2016.05.22-03.23.45:379][965]LogSavePackage:Display: Finished SavePackage D:/Git/RiggingShooter/GameJamRigging/Content/Font/Lombok.uasset
[2016.05.22-03.23.45:389][965]Cmd: OBJ SAVEPACKAGE PACKAGE="/Game/Font/makhina" FILE="D:/Git/RiggingShooter/GameJamRigging/Content/Font/makhina.uasset" SILENT=true
[2016.05.22-03.23.45:394][965]LogSavePackage: Save=4.18ms
[2016.05.22-03.23.45:394][965]LogSavePackage: Moving 'D:/Git/RiggingShooter/GameJamRigging/Saved/makhina1CF7AA9A42BF441CE68573BCE6897067.tmp' to 'D:/Git/RiggingShooter/GameJamRigging/Content/Font/makhina.uasset'
[2016.05.22-03.23.45:395][965]LogSavePackage: Total save time: 5.12ms
[2016.05.22-03.23.45:395][965]LogSavePackage:Display: Finished SavePackage D:/Git/RiggingShooter/GameJamRigging/Content/Font/makhina.uasset
[2016.05.22-03.23.45:406][965]Cmd: OBJ SAVEPACKAGE PACKAGE="/Game/Font/Metropolis_1920" FILE="D:/Git/RiggingShooter/GameJamRigging/Content/Font/Metropolis_1920.uasset" SILENT=true
[2016.05.22-03.23.45:411][965]LogSavePackage: Save=4.30ms
[2016.05.22-03.23.45:411][965]LogSavePackage: Moving 'D:/Git/RiggingShooter/GameJamRigging/Saved/Metropolis_192041270613413771F98E56A09744893E7B.tmp' to 'D:/Git/RiggingShooter/GameJamRigging/Content/Font/Metropolis_1920.uasset'
[2016.05.22-03.23.45:412][965]LogSavePackage: Total save time: 5.26ms
[2016.05.22-03.23.45:412][965]LogSavePackage:Display: Finished SavePackage D:/Git/RiggingShooter/GameJamRigging/Content/Font/Metropolis_1920.uasset
[2016.05.22-03.23.45:423][965]Cmd: OBJ SAVEPACKAGE PACKAGE="/Game/Font/ostrich-regular" FILE="D:/Git/RiggingShooter/GameJamRigging/Content/Font/ostrich-regular.uasset" SILENT=true
[2016.05.22-03.23.45:427][965]LogSavePackage: Save=3.63ms
[2016.05.22-03.23.45:427][965]LogSavePackage: Moving 'D:/Git/RiggingShooter/GameJamRigging/Saved/ostrich-regular25ABB7C54E8DEA5CBB178DBB4CADAD5C.tmp' to 'D:/Git/RiggingShooter/GameJamRigging/Content/Font/ostrich-regular.uasset'
[2016.05.22-03.23.45:428][965]LogSavePackage: Total save time: 4.60ms
[2016.05.22-03.23.45:428][965]LogSavePackage:Display: Finished SavePackage D:/Git/RiggingShooter/GameJamRigging/Content/Font/ostrich-regular.uasset
[2016.05.22-03.23.45:439][965]Cmd: OBJ SAVEPACKAGE PACKAGE="/Game/Font/RBNo2Light" FILE="D:/Git/RiggingShooter/GameJamRigging/Content/Font/RBNo2Light.uasset" SILENT=true
[2016.05.22-03.23.45:443][965]LogSavePackage: Save=3.61ms
[2016.05.22-03.23.45:443][965]LogSavePackage: Moving 'D:/Git/RiggingShooter/GameJamRigging/Saved/RBNo2Light044A151C4F2054D51BF7D2A634CBB0A6.tmp' to 'D:/Git/RiggingShooter/GameJamRigging/Content/Font/RBNo2Light.uasset'
[2016.05.22-03.23.45:444][965]LogSavePackage: Total save time: 4.54ms
[2016.05.22-03.23.45:444][965]LogSavePackage:Display: Finished SavePackage D:/Git/RiggingShooter/GameJamRigging/Content/Font/RBNo2Light.uasset
[2016.05.22-03.23.45:454][965]Cmd: OBJ SAVEPACKAGE PACKAGE="/Game/Font/RBNo2Light_a" FILE="D:/Git/RiggingShooter/GameJamRigging/Content/Font/RBNo2Light_a.uasset" SILENT=true
[2016.05.22-03.23.45:459][965]LogSavePackage: Save=3.67ms
[2016.05.22-03.23.45:459][965]LogSavePackage: Moving 'D:/Git/RiggingShooter/GameJamRigging/Saved/RBNo2Light_a096014AC40E21D467111DCA743A551CB.tmp' to 'D:/Git/RiggingShooter/GameJamRigging/Content/Font/RBNo2Light_a.uasset'
[2016.05.22-03.23.45:460][965]LogSavePackage: Total save time: 4.64ms
[2016.05.22-03.23.45:460][965]LogSavePackage:Display: Finished SavePackage D:/Git/RiggingShooter/GameJamRigging/Content/Font/RBNo2Light_a.uasset
[2016.05.22-03.23.45:471][965]Cmd: OBJ SAVEPACKAGE PACKAGE="/Game/Font/Reckoner_Bold" FILE="D:/Git/RiggingShooter/GameJamRigging/Content/Font/Reckoner_Bold.uasset" SILENT=true
[2016.05.22-03.23.45:476][965]LogSavePackage: Save=4.38ms
[2016.05.22-03.23.45:476][965]LogSavePackage: Moving 'D:/Git/RiggingShooter/GameJamRigging/Saved/Reckoner_BoldA9CD8B8F4B8707F39D4EC3B06E5E2AD3.tmp' to 'D:/Git/RiggingShooter/GameJamRigging/Content/Font/Reckoner_Bold.uasset'
[2016.05.22-03.23.45:477][965]LogSavePackage: Total save time: 5.35ms
[2016.05.22-03.23.45:477][965]LogSavePackage:Display: Finished SavePackage D:/Git/RiggingShooter/GameJamRigging/Content/Font/Reckoner_Bold.uasset
[2016.05.22-03.23.45:487][965]Cmd: OBJ SAVEPACKAGE PACKAGE="/Game/Font/Reckoner" FILE="D:/Git/RiggingShooter/GameJamRigging/Content/Font/Reckoner.uasset" SILENT=true
[2016.05.22-03.23.45:492][965]LogSavePackage: Save=4.06ms
[2016.05.22-03.23.45:492][965]LogSavePackage: Moving 'D:/Git/RiggingShooter/GameJamRigging/Saved/Reckoner15CA5C8448C117D5640255B842EF0D6C.tmp' to 'D:/Git/RiggingShooter/GameJamRigging/Content/Font/Reckoner.uasset'
[2016.05.22-03.23.45:493][965]LogSavePackage: Total save time: 4.99ms
[2016.05.22-03.23.45:493][965]LogSavePackage:Display: Finished SavePackage D:/Git/RiggingShooter/GameJamRigging/Content/Font/Reckoner.uasset
[2016.05.22-03.23.45:503][965]Cmd: OBJ SAVEPACKAGE PACKAGE="/Game/Font/Timber" FILE="D:/Git/RiggingShooter/GameJamRigging/Content/Font/Timber.uasset" SILENT=true
[2016.05.22-03.23.45:507][965]LogSavePackage: Save=3.54ms
[2016.05.22-03.23.45:507][965]LogSavePackage: Moving 'D:/Git/RiggingShooter/GameJamRigging/Saved/TimberB0DBB37F4F77396356798682B2E2BE4F.tmp' to 'D:/Git/RiggingShooter/GameJamRigging/Content/Font/Timber.uasset'
[2016.05.22-03.23.45:508][965]LogSavePackage: Total save time: 4.52ms
[2016.05.22-03.23.45:508][965]LogSavePackage:Display: Finished SavePackage D:/Git/RiggingShooter/GameJamRigging/Content/Font/Timber.uasset
[2016.05.22-03.23.45:513][965]Cmd: OBJ SAVEPACKAGE PACKAGE="/Game/Widgets/NewWidgetBlueprint" FILE="D:/Git/RiggingShooter/GameJamRigging/Content/Widgets/NewWidgetBlueprint.uasset" SILENT=true
[2016.05.22-03.23.45:520][965]LogSavePackage: Save=6.38ms
[2016.05.22-03.23.45:520][965]LogSavePackage: Moving 'D:/Git/RiggingShooter/GameJamRigging/Saved/NewWidgetBlueprint3482412542F02D1DB848CDA4826ED785.tmp' to 'D:/Git/RiggingShooter/GameJamRigging/Content/Widgets/NewWidgetBlueprint.uasset'
[2016.05.22-03.23.45:521][965]LogSavePackage: Total save time: 7.44ms
[2016.05.22-03.23.45:521][965]LogSavePackage:Display: Finished SavePackage D:/Git/RiggingShooter/GameJamRigging/Content/Widgets/NewWidgetBlueprint.uasset
[2016.05.22-03.24.42:331][766]LogWindowsTextInputMethodSystem:Display: IME system now deactivated.
[2016.05.22-03.24.42:548][767]Cmd: QUIT_EDITOR
[2016.05.22-03.24.42:692][767]LogExit: Preparing to exit.
[2016.05.22-03.24.43:319][767]LogExit: Editor shut down
[2016.05.22-03.24.43:319][767]LogExit: Transaction tracking system shut down
[2016.05.22-03.24.43:511][767]LogObj: Freed 0b from 0 cluster array pools.
[2016.05.22-03.24.43:511][767]LogExit: Object subsystem successfully closed.
[2016.05.22-03.24.43:528][767]LogD3D11RHI: Shutdown
[2016.05.22-03.24.43:528][767]LogD3D11RHI: CleanupD3DDevice
[2016.05.22-03.24.43:591][767]LogD3D11RHI: ~FD3D11DynamicRHI
[2016.05.22-03.24.43:647][767]LogDerivedDataCache: Shutdown
[2016.05.22-03.24.43:647][767]LogModuleManager: Shutting down and abandoning module SequencerWidgets (208)
[2016.05.22-03.24.43:647][767]LogModuleManager: Shutting down and abandoning module BlueprintGraph (207)
[2016.05.22-03.24.43:647][767]LogModuleManager: Shutting down and abandoning module FontEditor (206)
[2016.05.22-03.24.43:647][767]LogModuleManager: Shutting down and abandoning module HierarchicalLODOutliner (205)
[2016.05.22-03.24.43:647][767]LogModuleManager: Shutting down and abandoning module CrashTracker (204)
[2016.05.22-03.24.43:647][767]LogModuleManager: Shutting down and abandoning module SceneOutliner (203)
[2016.05.22-03.24.43:647][767]LogModuleManager: Shutting down and abandoning module WorldBrowser (202)
[2016.05.22-03.24.43:648][767]LogModuleManager: Shutting down and abandoning module SuperSearch (201)
[2016.05.22-03.24.43:648][767]LogModuleManager: Shutting down and abandoning module WidgetCarousel (200)
[2016.05.22-03.24.43:648][767]LogModuleManager: Shutting down and abandoning module AddContentDialog (199)
[2016.05.22-03.24.43:649][767]LogModuleManager: Shutting down and abandoning module GameplayTags (198)
[2016.05.22-03.24.43:649][767]LogModuleManager: Shutting down and abandoning module EditorWidgets (197)
[2016.05.22-03.24.43:649][767]LogModuleManager: Shutting down and abandoning module CollectionManager (196)
[2016.05.22-03.24.43:649][767]LogModuleManager: Shutting down and abandoning module StatsViewer (195)
[2016.05.22-03.24.43:649][767]LogModuleManager: Shutting down and abandoning module FoliageEdit (194)
[2016.05.22-03.24.43:649][767]LogModuleManager: Shutting down and abandoning module LandscapeEditor (193)
[2016.05.22-03.24.43:649][767]LogModuleManager: Shutting down and abandoning module ActorPickerMode (192)
[2016.05.22-03.24.43:649][767]LogModuleManager: Shutting down and abandoning module GeometryMode (191)
[2016.05.22-03.24.43:649][767]LogModuleManager: Shutting down and abandoning module TextureAlignMode (190)
[2016.05.22-03.24.43:649][767]LogModuleManager: Shutting down and abandoning module BspMode (189)
[2016.05.22-03.24.43:649][767]LogModuleManager: Shutting down and abandoning module PlacementMode (188)
[2016.05.22-03.24.43:649][767]LogModuleManager: Shutting down and abandoning module AutomationWorker (187)
[2016.05.22-03.24.43:649][767]LogModuleManager: Shutting down and abandoning module CharacterAI (186)
[2016.05.22-03.24.43:649][767]LogModuleManager: Shutting down and abandoning module SmartSnapping (185)
[2016.05.22-03.24.43:649][767]LogModuleManager: Shutting down and abandoning module ViewportSnapping (184)
[2016.05.22-03.24.43:649][767]LogModuleManager: Shutting down and abandoning module LogVisualizer (183)
[2016.05.22-03.24.43:649][767]LogModuleManager: Shutting down and abandoning module GameProjectGeneration (182)
[2016.05.22-03.24.43:649][767]LogModuleManager: Shutting down and abandoning module IntroTutorials (181)
[2016.05.22-03.24.43:649][767]LogModuleManager: Shutting down and abandoning module EditorLiveStreaming (180)
[2016.05.22-03.24.43:650][767]LogModuleManager: Shutting down and abandoning module IOSPlatformEditor (179)
[2016.05.22-03.24.43:650][767]LogModuleManager: Shutting down and abandoning module HTML5PlatformEditor (178)
[2016.05.22-03.24.43:650][767]LogModuleManager: Shutting down and abandoning module AndroidDeviceDetection (177)
[2016.05.22-03.24.43:888][767]LogModuleManager: Shutting down and abandoning module AndroidPlatformEditor (176)
[2016.05.22-03.24.43:888][767]LogModuleManager: Shutting down and abandoning module IOSRuntimeSettings (175)
[2016.05.22-03.24.43:888][767]LogModuleManager: Shutting down and abandoning module AndroidRuntimeSettings (174)
[2016.05.22-03.24.43:888][767]LogModuleManager: Shutting down and abandoning module MergeActors (173)
[2016.05.22-03.24.43:888][767]LogModuleManager: Shutting down and abandoning module SizeMap (172)
[2016.05.22-03.24.43:888][767]LogModuleManager: Shutting down and abandoning module TreeMap (171)
[2016.05.22-03.24.43:888][767]LogModuleManager: Shutting down and abandoning module ReferenceViewer (170)
[2016.05.22-03.24.43:888][767]LogModuleManager: Shutting down and abandoning module LocalizationService (169)
[2016.05.22-03.24.43:888][767]LogModuleManager: Shutting down and abandoning module LocalizationDashboard (168)
[2016.05.22-03.24.43:888][767]LogModuleManager: Shutting down and abandoning module HardwareTargeting (167)
[2016.05.22-03.24.43:888][767]LogModuleManager: Shutting down and abandoning module DeviceProfileEditor (166)
[2016.05.22-03.24.43:888][767]LogModuleManager: Shutting down and abandoning module UndoHistory (165)
[2016.05.22-03.24.43:888][767]LogModuleManager: Shutting down and abandoning module UserFeedback (164)
[2016.05.22-03.24.43:888][767]LogModuleManager: Shutting down and abandoning module XmlParser (163)
[2016.05.22-03.24.43:888][767]LogModuleManager: Shutting down and abandoning module Blutility (162)
[2016.05.22-03.24.43:888][767]LogModuleManager: Shutting down and abandoning module ProjectTargetPlatformEditor (161)
[2016.05.22-03.24.43:888][767]LogModuleManager: Shutting down and abandoning module ProjectSettingsViewer (160)
[2016.05.22-03.24.43:888][767]LogModuleManager: Shutting down and abandoning module InputBindingEditor (159)
[2016.05.22-03.24.43:889][767]LogModuleManager: Shutting down and abandoning module EditorSettingsViewer (158)
[2016.05.22-03.24.43:889][767]LogModuleManager: Shutting down and abandoning module SettingsEditor (157)
[2016.05.22-03.24.43:889][767]LogModuleManager: Shutting down and abandoning module ProjectLauncher (156)
[2016.05.22-03.24.43:889][767]LogModuleManager: Shutting down and abandoning module SessionFrontend (155)
[2016.05.22-03.24.43:889][767]LogModuleManager: Shutting down and abandoning module ProfilerClient (154)
[2016.05.22-03.24.43:889][767]LogModuleManager: Shutting down and abandoning module TargetDeviceServices (153)
[2016.05.22-03.24.43:889][767]LogModuleManager: Shutting down and abandoning module DeviceManager (152)
[2016.05.22-03.24.43:921][767]LogModuleManager: Shutting down and abandoning module AutomationController (151)
[2016.05.22-03.24.43:921][767]LogModuleManager: Shutting down and abandoning module AutomationWindow (150)
[2016.05.22-03.24.43:921][767]LogModuleManager: Shutting down and abandoning module Layers (149)
[2016.05.22-03.24.43:921][767]LogModuleManager: Shutting down and abandoning module ComponentVisualizers (148)
[2016.05.22-03.24.43:921][767]LogModuleManager: Shutting down and abandoning module DetailCustomizations (147)
[2016.05.22-03.24.43:921][767]LogModuleManager: Shutting down and abandoning module PackagesDialog (146)
[2016.05.22-03.24.43:921][767]LogModuleManager: Shutting down and abandoning module Persona (145)
[2016.05.22-03.24.43:921][767]LogModuleManager: Shutting down and abandoning module Kismet (144)
[2016.05.22-03.24.43:921][767]LogModuleManager: Shutting down and abandoning module GraphEditor (143)
[2016.05.22-03.24.43:921][767]LogModuleManager: Shutting down and abandoning module ClassViewer (142)
[2016.05.22-03.24.43:921][767]LogModuleManager: Shutting down and abandoning module Toolbox (141)
[2016.05.22-03.24.43:921][767]LogModuleManager: Shutting down and abandoning module ModuleUI (140)
[2016.05.22-03.24.43:921][767]LogModuleManager: Shutting down and abandoning module MovieSceneTools (139)
[2016.05.22-03.24.43:921][767]LogModuleManager: Shutting down and abandoning module OutputLog (138)
[2016.05.22-03.24.43:921][767]LogModuleManager: Shutting down and abandoning module GammaUI (137)
[2016.05.22-03.24.43:921][767]LogModuleManager: Shutting down and abandoning module Documentation (136)
[2016.05.22-03.24.43:921][767]LogModuleManager: Shutting down and abandoning module StreamingPauseRendering (135)
[2016.05.22-03.24.43:921][767]LogModuleManager: Shutting down and abandoning module AnalyticsET (134)
[2016.05.22-03.24.43:921][767]LogModuleManager: Shutting down and abandoning module Analytics (133)
[2016.05.22-03.24.43:921][767]LogModuleManager: Shutting down and abandoning module PortalServices (132)
[2016.05.22-03.24.43:921][767]LogModuleManager: Shutting down and abandoning module PortalRpc (131)
[2016.05.22-03.24.43:922][767]LogModuleManager: Shutting down and abandoning module MessagingRpc (130)
[2016.05.22-03.24.43:922][767]LogModuleManager: Shutting down and abandoning module AITestSuite (129)
[2016.05.22-03.24.43:922][767]LogModuleManager: Shutting down and abandoning module GameplayDebugger (128)
[2016.05.22-03.24.43:922][767]LogModuleManager: Shutting down and abandoning module AIModule (127)
[2016.05.22-03.24.43:922][767]LogModuleManager: Shutting down and abandoning module ProfilerService (126)
[2016.05.22-03.24.43:977][767]LogModuleManager: Shutting down and abandoning module TaskGraph (125)
[2016.05.22-03.24.43:977][767]LogModuleManager: Shutting down and abandoning module SlateRemote (124)
[2016.05.22-03.24.43:977][767]LogModuleManager: Shutting down and abandoning module SteamVRController (123)
[2016.05.22-03.24.43:977][767]LogModuleManager: Shutting down and abandoning module SteamVR (122)
[2016.05.22-03.24.43:977][767]LogModuleManager: Shutting down and abandoning module ProceduralMeshComponent (121)
[2016.05.22-03.24.43:977][767]LogModuleManager: Shutting down and abandoning module OculusLibrary (120)
[2016.05.22-03.24.43:977][767]LogModuleManager: Shutting down and abandoning module OculusInput (119)
[2016.05.22-03.24.43:977][767]LogModuleManager: Shutting down and abandoning module CustomMeshComponent (118)
[2016.05.22-03.24.43:977][767]LogModuleManager: Shutting down and abandoning module CableComponent (117)
[2016.05.22-03.24.43:977][767]LogModuleManager: Shutting down and abandoning module ArchVisCharacter (116)
[2016.05.22-03.24.43:977][767]LogModuleManager: Shutting down and abandoning module MediaPlayerEditor (115)
[2016.05.22-03.24.43:977][767]LogModuleManager: Shutting down and abandoning module HTML5Networking (114)
[2016.05.22-03.24.43:977][767]LogModuleManager: Shutting down and abandoning module SpeedTreeImporter (113)
[2016.05.22-03.24.43:977][767]LogModuleManager: Shutting down and abandoning module PluginBrowser (112)
[2016.05.22-03.24.43:977][767]LogModuleManager: Shutting down and abandoning module EpicSurvey (111)
[2016.05.22-03.24.43:977][767]LogModuleManager: Shutting down and abandoning module DesktopPlatform (110)
[2016.05.22-03.24.43:977][767]LogModuleManager: Shutting down and abandoning module VisualStudioSourceCodeAccess (109)
[2016.05.22-03.24.43:977][767]LogModuleManager: Shutting down and abandoning module UObjectPlugin (108)
[2016.05.22-03.24.43:977][767]LogModuleManager: Shutting down and abandoning module SubversionSourceControl (107)
[2016.05.22-03.24.43:977][767]LogModuleManager: Shutting down and abandoning module PerforceSourceControl (106)
[2016.05.22-03.24.43:977][767]LogModuleManager: Shutting down and abandoning module SourceControl (105)
[2016.05.22-03.24.43:977][767]LogModuleManager: Shutting down and abandoning module GitSourceControl (104)
[2016.05.22-03.24.43:977][767]LogModuleManager: Shutting down and abandoning module LightPropagationVolumeEditor (103)
[2016.05.22-03.24.43:977][767]LogModuleManager: Shutting down and abandoning module PaperTiledImporter (102)
[2016.05.22-03.24.43:977][767]LogModuleManager: Shutting down and abandoning module PaperSpriteSheetImporter (101)
[2016.05.22-03.24.43:977][767]LogModuleManager: Shutting down and abandoning module MeshPaint (100)
[2016.05.22-03.24.43:977][767]LogModuleManager: Shutting down and abandoning module HotReload (99)
[2016.05.22-03.24.43:978][767]LogModuleManager: Shutting down and abandoning module MainFrame (98)
[2016.05.22-03.24.43:978][767]LogModuleManager: Shutting down and abandoning module LevelEditor (97)
[2016.05.22-03.24.43:978][767]LogModuleManager: Shutting down and abandoning module DirectoryWatcher (96)
[2016.05.22-03.24.43:979][767]LogModuleManager: Shutting down and abandoning module AssetRegistry (95)
[2016.05.22-03.24.44:094][767]LogModuleManager: Shutting down and abandoning module ContentBrowser (94)
[2016.05.22-03.24.44:095][767]LogModuleManager: Shutting down and abandoning module Paper2DEditor (93)
[2016.05.22-03.24.44:095][767]LogModuleManager: Shutting down and abandoning module UdpMessaging (92)
[2016.05.22-03.24.44:197][767]LogModuleManager: Shutting down and abandoning module LightPropagationVolumeRuntime (91)
[2016.05.22-03.24.44:197][767]LogModuleManager: Shutting down and abandoning module Paper2D (90)
[2016.05.22-03.24.44:197][767]LogModuleManager: Shutting down and abandoning module WindowsMoviePlayer (89)
[2016.05.22-03.24.44:197][767]LogModuleManager: Shutting down and abandoning module Media (88)
[2016.05.22-03.24.44:197][767]LogModuleManager: Shutting down and abandoning module WmfMedia (87)
[2016.05.22-03.24.44:197][767]LogModuleManager: Shutting down and abandoning module MediaAssets (86)
[2016.05.22-03.24.44:197][767]LogModuleManager: Shutting down and abandoning module GameLiveStreaming (85)
[2016.05.22-03.24.44:197][767]LogModuleManager: Shutting down and abandoning module GameplayTagsEditor (84)
[2016.05.22-03.24.44:197][767]LogModuleManager: Shutting down and abandoning module OnlineBlueprintSupport (83)
[2016.05.22-03.24.44:197][767]LogModuleManager: Shutting down and abandoning module GameplayTasksEditor (82)
[2016.05.22-03.24.44:197][767]LogModuleManager: Shutting down and abandoning module PropertyEditor (81)
[2016.05.22-03.24.44:198][767]LogModuleManager: Shutting down and abandoning module BehaviorTreeEditor (80)
[2016.05.22-03.24.44:198][767]LogModuleManager: Shutting down and abandoning module FunctionalTesting (79)
[2016.05.22-03.24.44:198][767]LogModuleManager: Shutting down and abandoning module CollisionAnalyzer (78)
[2016.05.22-03.24.44:198][767]LogModuleManager: Shutting down and abandoning module WorkspaceMenuStructure (77)
[2016.05.22-03.24.44:198][767]LogModuleManager: Shutting down and abandoning module MessageLog (76)
[2016.05.22-03.24.44:198][767]LogModuleManager: Shutting down and abandoning module Sequencer (75)
[2016.05.22-03.24.44:198][767]LogModuleManager: Shutting down and abandoning module AssetTools (74)
[2016.05.22-03.24.44:198][767]LogModuleManager: Shutting down and abandoning module UMGEditor (73)
[2016.05.22-03.24.44:198][767]LogModuleManager: Shutting down and abandoning module UMG (72)
[2016.05.22-03.24.44:198][767]LogModuleManager: Shutting down and abandoning module SlateReflector (71)
[2016.05.22-03.24.44:198][767]LogModuleManager: Shutting down and abandoning module Slate (70)
[2016.05.22-03.24.44:198][767]LogModuleManager: Shutting down and abandoning module EditorStyle (69)
[2016.05.22-03.24.44:202][767]LogModuleManager: Shutting down and abandoning module SessionServices (68)
[2016.05.22-03.24.44:202][767]LogModuleManager: Shutting down and abandoning module SourceCodeAccess (67)
[2016.05.22-03.24.44:202][767]LogModuleManager: Shutting down and abandoning module HeadMountedDisplay (66)
[2016.05.22-03.24.44:202][767]LogModuleManager: Shutting down and abandoning module XAudio2 (65)
[2016.05.22-03.24.44:202][767]LogModuleManager: Shutting down and abandoning module Networking (63)
[2016.05.22-03.24.44:202][767]LogModuleManager: Shutting down and abandoning module Core (62)
[2016.05.22-03.24.44:202][767]LogModuleManager: Shutting down and abandoning module KismetCompiler (61)
[2016.05.22-03.24.44:202][767]LogModuleManager: Shutting down and abandoning module PhysXFormats (60)
[2016.05.22-03.24.44:202][767]LogModuleManager: Shutting down and abandoning module MeshUtilities (59)
[2016.05.22-03.24.44:202][767]LogModuleManager: Shutting down and abandoning module CookingStats (58)
[2016.05.22-03.24.44:202][767]LogModuleManager: Shutting down and abandoning module DerivedDataCache (57)
[2016.05.22-03.24.44:202][767]LogDerivedDataCache: Shutdown
[2016.05.22-03.24.44:202][767]LogModuleManager: Shutting down and abandoning module ShaderFormatOpenGL (56)
[2016.05.22-03.24.44:202][767]LogModuleManager: Shutting down and abandoning module ShaderFormatD3D (55)
[2016.05.22-03.24.44:202][767]LogModuleManager: Shutting down and abandoning module MetalShaderFormat (54)
[2016.05.22-03.24.44:202][767]LogModuleManager: Shutting down and abandoning module TextureFormatUncompressed (53)
[2016.05.22-03.24.44:203][767]LogModuleManager: Shutting down and abandoning module TextureFormatPVR (52)
[2016.05.22-03.24.44:203][767]LogModuleManager: Shutting down and abandoning module TextureFormatIntelISPCTexComp (51)
[2016.05.22-03.24.44:203][767]LogModuleManager: Shutting down and abandoning module TextureFormatDXT (50)
[2016.05.22-03.24.44:203][767]LogModuleManager: Shutting down and abandoning module ImageWrapper (49)
[2016.05.22-03.24.44:203][767]LogModuleManager: Shutting down and abandoning module TextureFormatASTC (48)
[2016.05.22-03.24.44:203][767]LogModuleManager: Shutting down and abandoning module TextureFormatAndroid (47)
[2016.05.22-03.24.44:203][767]LogModuleManager: Shutting down and abandoning module AudioFormatOpus (46)
[2016.05.22-03.24.44:203][767]LogModuleManager: Shutting down and abandoning module AudioFormatOgg (45)
[2016.05.22-03.24.44:203][767]LogModuleManager: Shutting down and abandoning module AudioFormatADPCM (44)
[2016.05.22-03.24.44:203][767]LogModuleManager: Shutting down and abandoning module LinuxTargetPlatform (43)
[2016.05.22-03.24.44:203][767]LogModuleManager: Shutting down and abandoning module LinuxServerTargetPlatform (42)
[2016.05.22-03.24.44:203][767]LogModuleManager: Shutting down and abandoning module LinuxNoEditorTargetPlatform (41)
[2016.05.22-03.24.44:203][767]LogModuleManager: Shutting down and abandoning module TVOSTargetPlatform (40)
[2016.05.22-03.24.44:203][767]LogModuleManager: Shutting down and abandoning module Messaging (39)
[2016.05.22-03.24.44:203][767]LogModuleManager: Shutting down and abandoning module IOSTargetPlatform (38)
[2016.05.22-03.24.44:203][767]LogModuleManager: Shutting down and abandoning module HTML5TargetPlatform (37)
[2016.05.22-03.24.44:203][767]LogModuleManager: Shutting down and abandoning module Android_PVRTCTargetPlatform (36)
[2016.05.22-03.24.44:203][767]LogModuleManager: Shutting down and abandoning module Android_MultiTargetPlatform (35)
[2016.05.22-03.24.44:203][767]LogModuleManager: Shutting down and abandoning module Android_ETC2TargetPlatform (34)
[2016.05.22-03.24.44:203][767]LogModuleManager: Shutting down and abandoning module Android_ETC1TargetPlatform (33)
[2016.05.22-03.24.44:203][767]LogModuleManager: Shutting down and abandoning module Android_DXTTargetPlatform (32)
[2016.05.22-03.24.44:203][767]LogModuleManager: Shutting down and abandoning module Android_ATCTargetPlatform (31)
[2016.05.22-03.24.44:203][767]LogModuleManager: Shutting down and abandoning module Android_ASTCTargetPlatform (30)
[2016.05.22-03.24.44:203][767]LogModuleManager: Shutting down and abandoning module AndroidTargetPlatform (29)
[2016.05.22-03.24.44:203][767]LogModuleManager: Shutting down and abandoning module WindowsTargetPlatform (28)
[2016.05.22-03.24.44:203][767]LogModuleManager: Shutting down and abandoning module WindowsServerTargetPlatform (27)
[2016.05.22-03.24.44:203][767]LogModuleManager: Shutting down and abandoning module WindowsNoEditorTargetPlatform (26)
[2016.05.22-03.24.44:203][767]LogModuleManager: Shutting down and abandoning module WindowsClientTargetPlatform (25)
[2016.05.22-03.24.44:203][767]LogModuleManager: Shutting down and abandoning module AllDesktopTargetPlatform (24)
[2016.05.22-03.24.44:203][767]LogModuleManager: Shutting down and abandoning module TargetPlatform (23)
[2016.05.22-03.24.44:203][767]LogModuleManager: Shutting down and abandoning module InputCore (22)
[2016.05.22-03.24.44:203][767]LogModuleManager: Shutting down and abandoning module Settings (21)
[2016.05.22-03.24.44:203][767]LogModuleManager: Shutting down and abandoning module OnlineSubsystem (19)
[2016.05.22-03.24.44:203][767]LogModuleManager: Shutting down and abandoning module HTTP (18)
[2016.05.22-03.24.46:207][767]LogModuleManager: Shutting down and abandoning module XMPP (17)
[2016.05.22-03.24.46:207][767]LogModuleManager: Shutting down and abandoning module OculusRift (16)
[2016.05.22-03.24.46:207][767]LogModuleManager: Shutting down and abandoning module ExampleDeviceProfileSelector (15)
[2016.05.22-03.24.46:207][767]LogModuleManager: Shutting down and abandoning module TextureCompressor (14)
[2016.05.22-03.24.46:207][767]LogModuleManager: Shutting down and abandoning module ShaderCore (13)
[2016.05.22-03.24.46:207][767]LogModuleManager: Shutting down and abandoning module Landscape (12)
[2016.05.22-03.24.46:207][767]LogModuleManager: Shutting down and abandoning module SlateRHIRenderer (11)
[2016.05.22-03.24.46:211][767]LogModuleManager: Shutting down and abandoning module OpenGLDrv (10)
[2016.05.22-03.24.46:211][767]LogModuleManager: Shutting down and abandoning module D3D11RHI (9)
[2016.05.22-03.24.46:211][767]LogModuleManager: Shutting down and abandoning module AnimGraphRuntime (8)
[2016.05.22-03.24.46:211][767]LogModuleManager: Shutting down and abandoning module Renderer (7)
[2016.05.22-03.24.46:211][767]LogModuleManager: Shutting down and abandoning module Engine (6)
[2016.05.22-03.24.46:211][767]LogModuleManager: Shutting down and abandoning module CoreUObject (5)
[2016.05.22-03.24.46:211][767]LogModuleManager: Shutting down and abandoning module NetworkFile (4)
[2016.05.22-03.24.46:211][767]LogModuleManager: Shutting down and abandoning module StreamingFile (3)
[2016.05.22-03.24.46:211][767]LogModuleManager: Shutting down and abandoning module SandboxFile (2)
[2016.05.22-03.24.46:211][767]LogModuleManager: Shutting down and abandoning module PakFile (1)
[2016.05.22-03.24.46:212][767]LogExit: Exiting.
[2016.05.22-03.24.46:229][767]Log file closed, 05/21/16 20:24:46
