Log file open, 05/19/16 22:54:36
LogInit:Display: Running engine for game: GameJamRigging
LogPlatformFile: Not using cached read wrapper
LogInit:Display: RandInit(550307180) SRandInit(550307183).
LogTaskGraph: Started task graph with 4 named threads and 7 total threads.
LogStats: Stats thread started at 0.071589
LogInit: Version: 4.11.2-2946394+++UE4+Release-4.11
LogInit: API Version: 2927265
LogInit: Compiled (64-bit): Apr 18 2016 02:18:46
LogInit: Compiled with Visual C++: 19.00.23026.00
LogInit: Build Configuration: Development
LogInit: Branch Name: ++UE4+Release-4.11
LogInit: Command line:  
LogInit: Base directory: C:/Program Files (x86)/Epic Games/4.11/Engine/Binaries/Win64/
LogInit: Installed Engine Build: 1
LogInit: Using libcurl 7.41.0
LogInit:  - built for x86_64-pc-win32
LogInit:  - supports SSL with WinSSL
LogInit:  - other features:
LogInit:      CURL_VERSION_SSL
LogInit:      CURL_VERSION_IPV6
LogInit:      CURL_VERSION_ASYNCHDNS
LogInit:      CURL_VERSION_LARGEFILE
LogInit:      CURL_VERSION_IDN
LogInit:  CurlRequestOptions (configurable via config and command line):
LogInit:  - bVerifyPeer = true  - Libcurl will verify peer certificate
LogInit:  - bUseHttpProxy = false  - Libcurl will NOT use HTTP proxy
LogInit:  - bDontReuseConnections = false  - Libcurl will reuse connections
LogInit:  - CertBundlePath = nullptr  - Libcurl will use whatever was configured at build time.
LogInit: Presizing for max 16777216 objects, including 0 objects not considered by GC, pre-allocating 0 bytes for permanent pool.
LogInit: Object subsystem initialized
[2016.05.20-05.54.36:883][  0]LogInit: Selected Device Profile: [Windows]
[2016.05.20-05.54.36:883][  0]LogInit: Applying CVar settings loaded from the selected device profile: [Windows]
[2016.05.20-05.54.36:888][  0]LogInit: Computer: DUMPRING
[2016.05.20-05.54.36:888][  0]LogInit: User: theco000
[2016.05.20-05.54.36:888][  0]LogInit: CPU Page size=65536, Cores=4
[2016.05.20-05.54.36:889][  0]LogInit: High frequency timer resolution =3.615390 MHz
[2016.05.20-05.54.36:889][  0]LogMemory: Memory total: Physical=15.9GB (16GB approx)
[2016.05.20-05.54.36:889][  0]LogMemory: Platform Memory Stats for Windows
[2016.05.20-05.54.36:889][  0]LogMemory: Process Physical Memory: 314.07 MB used, 314.07 MB peak
[2016.05.20-05.54.36:889][  0]LogMemory: Process Virtual Memory: 315.03 MB used, 315.03 MB peak
[2016.05.20-05.54.36:889][  0]LogMemory: Physical Memory: 7551.35 MB used, 16326.09 MB total
[2016.05.20-05.54.36:889][  0]LogMemory: Virtual Memory: 639.07 MB used, 134217728.00 MB total
[2016.05.20-05.54.36:918][  0]LogTextLocalizationManager: No specific translations for ('en-US') exist, so ('en') translations will be used.
[2016.05.20-05.54.37:298][  0]LogD3D11RHI: D3D11 adapters:
[2016.05.20-05.54.37:324][  0]LogD3D11RHI:    0. 'NVIDIA GeForce GTX 780' (Feature Level 11_0)
[2016.05.20-05.54.37:324][  0]LogD3D11RHI:       3013MB of dedicated video memory, 0MB of dedicated system memory, and 8163MB of shared system memory, 2 output[s]
[2016.05.20-05.54.37:325][  0]LogD3D11RHI:    1. 'Microsoft Basic Render Driver' (Feature Level 11_0)
[2016.05.20-05.54.37:325][  0]LogD3D11RHI:       0MB of dedicated video memory, 0MB of dedicated system memory, and 8163MB of shared system memory, 0 output[s]
[2016.05.20-05.54.37:325][  0]LogD3D11RHI: Chosen D3D11 Adapter: 0
[2016.05.20-05.54.37:330][  0]LogD3D11RHI: Creating new Direct3DDevice
[2016.05.20-05.54.37:330][  0]LogD3D11RHI:     Adapter Name: NVIDIA GeForce GTX 780
[2016.05.20-05.54.37:330][  0]LogD3D11RHI:   Driver Version: 10.18.13.6510 (internal 10.18.13.6510)
[2016.05.20-05.54.37:330][  0]LogD3D11RHI:      Driver Date: 4-27-2016
[2016.05.20-05.54.37:330][  0]LogRHI: Texture pool is 1361 MB (70% of 1945 MB)
[2016.05.20-05.54.37:345][  0]LogD3D11RHI: Async texture creation enabled
[2016.05.20-05.54.37:355][  0]LogShaderCompilers: Guid format shader working directory is 12 characters bigger than the processId version (D:/Git/RiggingShooter/GameJamRigging/Intermediate/Shaders/WorkingDirectory/23380/).
[2016.05.20-05.54.37:355][  0]LogShaderCompilers: Cleaned the shader compiler working directory 'C:/Users/THECO_~1/AppData/Local/Temp/UnrealShaderWorkingDir/4289900949F4519E6DF97EAA3A422581/'.
[2016.05.20-05.54.37:356][  0]LogShaderCompilers:Display: Using Local Shader Compiler.
[2016.05.20-05.54.38:299][  0]LogTemp:Display: Loaded TP AllDesktopTargetPlatform
[2016.05.20-05.54.38:303][  0]LogTemp:Display: Loaded TP WindowsClientTargetPlatform
[2016.05.20-05.54.38:307][  0]LogTemp:Display: Loaded TP WindowsNoEditorTargetPlatform
[2016.05.20-05.54.38:311][  0]LogTemp:Display: Loaded TP WindowsServerTargetPlatform
[2016.05.20-05.54.38:317][  0]LogTemp:Display: Loaded TP WindowsTargetPlatform
[2016.05.20-05.54.38:319][  0]LogTemp:Display: Loaded TP AndroidTargetPlatform
[2016.05.20-05.54.38:322][  0]LogTemp:Display: Loaded TP Android_ASTCTargetPlatform
[2016.05.20-05.54.38:325][  0]LogTemp:Display: Loaded TP Android_ATCTargetPlatform
[2016.05.20-05.54.38:328][  0]LogTemp:Display: Loaded TP Android_DXTTargetPlatform
[2016.05.20-05.54.38:331][  0]LogTemp:Display: Loaded TP Android_ETC1TargetPlatform
[2016.05.20-05.54.38:333][  0]LogTemp:Display: Loaded TP Android_ETC2TargetPlatform
[2016.05.20-05.54.38:339][  0]LogTemp:Display: Loaded TP Android_MultiTargetPlatform
[2016.05.20-05.54.38:339][  0]LogTemp:Display: Loaded TP Android_PVRTCTargetPlatform
[2016.05.20-05.54.38:339][  0]LogTemp:Display: Loaded TP HTML5TargetPlatform
[2016.05.20-05.54.38:356][  0]LogTemp:Display: Loaded TP IOSTargetPlatform
[2016.05.20-05.54.38:358][  0]LogTemp:Display: Loaded TP TVOSTargetPlatform
[2016.05.20-05.54.38:361][  0]LogTemp:Display: Loaded TP LinuxNoEditorTargetPlatform
[2016.05.20-05.54.38:364][  0]LogTemp:Display: Loaded TP LinuxServerTargetPlatform
[2016.05.20-05.54.38:367][  0]LogTemp:Display: Loaded TP LinuxTargetPlatform
[2016.05.20-05.54.38:367][  0]LogTargetPlatformManager:Display: Building Assets For Windows
[2016.05.20-05.54.38:428][  0]LogDerivedDataCache:Display: Max Cache Size: 512 MB
[2016.05.20-05.54.38:473][  0]LogDerivedDataCache: Loaded boot cache 0.04s 46MB C:/Users/theco_000/AppData/Local/UnrealEngine/4.11/DerivedDataCache/Boot.ddc.
[2016.05.20-05.54.38:473][  0]LogDerivedDataCache:Display: Loaded Boot cache: C:/Users/theco_000/AppData/Local/UnrealEngine/4.11/DerivedDataCache/Boot.ddc
[2016.05.20-05.54.38:473][  0]LogDerivedDataCache: FDerivedDataBackendGraph:  Pak pak cache file D:/Git/RiggingShooter/GameJamRigging/DerivedDataCache/DDC.ddp not found, will not use a pak cache.
[2016.05.20-05.54.38:473][  0]LogDerivedDataCache: Unable to find inner node Pak for hierarchical cache Hierarchy.
[2016.05.20-05.54.38:473][  0]LogDerivedDataCache: FDerivedDataBackendGraph:  CompressedPak pak cache file D:/Git/RiggingShooter/GameJamRigging/DerivedDataCache/Compressed.ddp not found, will not use a pak cache.
[2016.05.20-05.54.38:473][  0]LogDerivedDataCache: Unable to find inner node CompressedPak for hierarchical cache Hierarchy.
[2016.05.20-05.54.38:487][  0]LogDerivedDataCache:Display: Pak cache opened for reading ../../../Engine/DerivedDataCache/Compressed.ddp.
[2016.05.20-05.54.38:498][  0]LogDerivedDataCache: Using Local data cache path C:/Users/theco_000/AppData/Local/UnrealEngine/Common/DerivedDataCache: Writable
[2016.05.20-05.54.38:703][  0]LogInit: Selected Device Profile: [Windows]
[2016.05.20-05.54.38:704][  0]LogContentStreaming: Texture pool size is 0.00 MB
[2016.05.20-05.54.38:738][  0]LogMaterial: Uniform references updated for custom material expression Custom.
[2016.05.20-05.54.38:854][  0]LogMeshUtilities: No automatic mesh reduction module available
[2016.05.20-05.54.38:854][  0]LogMeshUtilities: No automatic mesh merging module available
[2016.05.20-05.54.38:854][  0]LogMeshUtilities: No distributed automatic mesh merging module available
[2016.05.20-05.54.39:057][  0]LogUObjectArray: 27679 objects as part of root set at end of initial load.
[2016.05.20-05.54.39:057][  0]LogUObjectAllocator: 5591592 out of 0 bytes used by permanent object pool.
[2016.05.20-05.54.39:057][  0]LogUObjectArray: CloseDisregardForGC: 0/0 objects in disregard for GC pool
[2016.05.20-05.54.39:062][  0]LogInit: WinSock: version 1.1 (2.2), MaxSocks=32767, MaxUdp=65467
[2016.05.20-05.54.39:137][  0]LogSlate: SlateFontCache - WITH_FREETYPE: 1, WITH_HARFBUZZ: 1
[2016.05.20-05.54.39:137][  0]LogSlate: SlateFontCache - WITH_FREETYPE: 1, WITH_HARFBUZZ: 1
[2016.05.20-05.54.39:222][  0]LogStreaming:Warning: Failed to read file '../../../Engine/Content/Editor/Slate/Common/Selection_16x.png' error.
[2016.05.20-05.54.39:222][  0]LogSlate: Could not find file for Slate resource: ../../../Engine/Content/Editor/Slate/Common/Selection_16x.png
[2016.05.20-05.54.39:222][  0]LogStreaming:Warning: Failed to read file '../../../Engine/Content/Editor/Slate/Common/Selection_16x.png' error.
[2016.05.20-05.54.39:222][  0]LogSlate: Could not find file for Slate resource: ../../../Engine/Content/Editor/Slate/Common/Selection_16x.png
[2016.05.20-05.54.39:222][  0]LogStreaming:Warning: Failed to read file '../../../Engine/Content/Editor/Slate/Common/Selection_16x.png' error.
[2016.05.20-05.54.39:222][  0]LogSlate: Could not find file for Slate resource: ../../../Engine/Content/Editor/Slate/Common/Selection_16x.png
[2016.05.20-05.54.39:703][  0]LogUdpMessaging: Initializing bridge on interface 0.0.0.0:0 to multicast group 230.0.0.1:6666.
[2016.05.20-05.54.39:804][  0]LogAssetRegistry: FAssetRegistry took 0.0225 seconds to start up
[2016.05.20-05.54.39:935][  0]SourceControl: Info Source control is disabled
[2016.05.20-05.54.39:936][  0]SourceControl: Info Source control is disabled
[2016.05.20-05.54.39:942][  0]SourceControl: Info Source control is disabled
[2016.05.20-05.54.39:950][  0]SourceControl: Info Source control is disabled
[2016.05.20-05.54.40:063][  0]LogHMD: Failed to initialize OpenVR with code 110
[2016.05.20-05.54.40:150][  0]LogEngine: Initializing Engine...
[2016.05.20-05.54.40:273][  0]LogAIModule: Creating AISystem for world NewWorld
[2016.05.20-05.54.40:283][  0]LogInit: XAudio2 using 'Speakers (Realtek High Definition Audio)' : 2 channels at 48 kHz using 32 bits per sample (channel mask 0x3)
[2016.05.20-05.54.40:305][  0]LogInit: FAudioDevice initialized.
[2016.05.20-05.54.40:330][  0]LogDerivedDataCache: Saved boot cache 0.02s 46MB C:/Users/theco_000/AppData/Local/UnrealEngine/4.11/DerivedDataCache/Boot.ddc.
[2016.05.20-05.54.40:334][  0]LogInit: Texture streaming: Enabled
[2016.05.20-05.54.40:355][  0]LogInit: Transaction tracking system initialized
[2016.05.20-05.54.40:375][  0]BlueprintLog: New page: Editor Load
[2016.05.20-05.54.40:431][  0]LocalizationService: Info Localization service is disabled
[2016.05.20-05.54.40:487][  0]LogConsoleResponse:Display: 
[2016.05.20-05.54.40:583][  0]LogCook:Display: Max memory allowance for cook 8192mb
[2016.05.20-05.54.40:583][  0]LogCook:Display: Mobile HDR setting 1
[2016.05.20-05.54.40:583][  0]LogCook:Display: Done creating registry. It took  0.00s.
[2016.05.20-05.54.40:624][  0]LogFileCache: Scanning file cache for directory 'D:/Git/RiggingShooter/GameJamRigging/Content/' took 0.02s
[2016.05.20-05.54.40:624][  0]SourceControl: Info Source control is disabled
[2016.05.20-05.54.40:624][  0]Cmd: MAP LOAD FILE="D:/Git/RiggingShooter/GameJamRigging/Content/FirstPersonBP/Maps/FirstPersonExampleMap.umap" TEMPLATE=0 SHOWPROGRESS=1 FEATURELEVEL=3
[2016.05.20-05.54.40:624][  0]LightingResults: New page: Lighting Build
[2016.05.20-05.54.40:627][  0]MapCheck: New page: Map Check
[2016.05.20-05.54.40:627][  0]LightingResults: New page: Lighting Build
[2016.05.20-05.54.42:095][  0]LogAIModule: Creating AISystem for world FirstPersonExampleMap
[2016.05.20-05.54.42:104][  0]LogEditorServer: Finished looking for orphan Actors (0.000 secs)
[2016.05.20-05.54.42:104][  0]Cmd: MAP CHECKDEP NOCLEARLOG
[2016.05.20-05.54.42:154][  0]MapCheck: Info Map check complete: 0 Error(s), 0 Warning(s), took 49.809ms to complete.
[2016.05.20-05.54.42:154][  0]LogFileHelpers: Loading map 'FirstPersonExampleMap' took 1.530
[2016.05.20-05.54.42:269][  0]LogCollectionManager: Loaded 0 collections in 0.001268 seconds
[2016.05.20-05.54.42:316][  0]LogFileCache: Scanning file cache for directory 'D:/Git/RiggingShooter/GameJamRigging/Saved/Collections/' took 0.01s
[2016.05.20-05.54.42:316][  0]LogFileCache: Scanning file cache for directory 'D:/Git/RiggingShooter/GameJamRigging/Content/Developers/theco000/Collections/' took 0.01s
[2016.05.20-05.54.42:316][  0]LogFileCache: Scanning file cache for directory 'D:/Git/RiggingShooter/GameJamRigging/Content/Collections/' took 0.01s
[2016.05.20-05.54.42:316][  0]LogCollectionManager: Rebuilt the GUID cache for 0 collections in 0.000004 seconds
[2016.05.20-05.54.42:327][  0]LogContentBrowser: Native class hierarchy populated in 0.0109 seconds. Added 1979 classes and 343 folders.
[2016.05.20-05.54.42:331][  0]LogStats: UGameplayTagsManager::ConstructGameplayTagTree: Construct from data asset -  0.000 s
[2016.05.20-05.54.42:331][  0]LogStats: UGameplayTagsManager::ConstructGameplayTagTree: GameplayTagTreeChangedEvent.Broadcast -  0.000 s
[2016.05.20-05.54.42:331][  0]LogContentBrowser: Native class hierarchy updated for 'GameplayTags' in 0.0004 seconds. Added 12 classes and 0 folders.
[2016.05.20-05.54.42:336][  0]LogContentBrowser: Native class hierarchy updated for 'WidgetCarousel' in 0.0003 seconds. Added 0 classes and 0 folders.
[2016.05.20-05.54.42:341][  0]LogContentBrowser: Native class hierarchy updated for 'SuperSearch' in 0.0004 seconds. Added 1 classes and 2 folders.
[2016.05.20-05.54.42:378][  0]LogContentBrowser: Native class hierarchy updated for 'AddContentDialog' in 0.0003 seconds. Added 0 classes and 0 folders.
[2016.05.20-05.54.42:384][  0]LogContentBrowser: Native class hierarchy updated for 'WorldBrowser' in 0.0004 seconds. Added 1 classes and 3 folders.
[2016.05.20-05.54.42:389][  0]LogContentBrowser: Native class hierarchy updated for 'SceneOutliner' in 0.0003 seconds. Added 1 classes and 2 folders.
[2016.05.20-05.54.42:455][  0]LogCrashTracker: Crashtracker disabled due to settings.
[2016.05.20-05.54.42:468][  0]LogUObjectGlobals:Warning: Failed to find object 'Class None.'
[2016.05.20-05.54.42:493][  0]LogContentBrowser: Native class hierarchy updated for 'HierarchicalLODOutliner' in 0.0003 seconds. Added 1 classes and 2 folders.
[2016.05.20-05.54.42:493][  0]LogLoad: Full Startup: 6.26 seconds (BP compile: 0.44 seconds)
[2016.05.20-05.54.42:493][  0]LogExternalProfiler: Found external profiler: VSPerf
[2016.05.20-05.54.42:493][  0]LogExternalProfiler: Using external profiler: VSPerf
[2016.05.20-05.54.42:502][  0]LogOcInput: OculusInput pre-init called
[2016.05.20-05.54.42:549][  0]LogContentStreaming: Texture pool size now 1000 MB
[2016.05.20-05.54.42:718][  0]LogRenderer: Reallocating scene render targets to support 1596x808 (Frame:2).
[2016.05.20-05.54.42:765][  1]LogCollectionManager: Rebuilt the object cache for 0 collections in 0.000001 seconds (found 0 objects)
[2016.05.20-05.54.42:818][  1]LogAssetRegistry: Asset discovery search completed in 3.0371 seconds
[2016.05.20-05.54.42:818][  1]LogCollectionManager: Fixed up redirectors for 0 collections in 0.000007 seconds (updated 0 objects)
[2016.05.20-05.54.47:146][421]LogContentBrowser: Native class hierarchy updated for 'Cascade' in 0.0003 seconds. Added 2 classes and 2 folders.
[2016.05.20-05.56.31:231][481]LogActorComponent: UnregisterComponent: (/Engine/Transient.ProjectileMovementComponent_40__A6522401) Not registered. Aborting.
[2016.05.20-05.56.31:231][481]LogActorComponent: UnregisterComponent: (/Engine/Transient.CharMoveComp) Not registered. Aborting.
[2016.05.20-05.56.31:231][481]LogActorComponent: UnregisterComponent: (/Engine/Transient.CharacterMovementComponent_0) Not registered. Aborting.
[2016.05.20-05.56.31:309][481]Cmd: OBJ SAVEPACKAGE PACKAGE="/Game/Blueprints/P_Shren" FILE="D:/Git/RiggingShooter/GameJamRigging/Content/Blueprints/P_Shren.uasset" SILENT=true
[2016.05.20-05.56.31:331][481]LogSavePackage: Save=8.30ms
[2016.05.20-05.56.31:331][481]LogSavePackage: Moving 'D:/Git/RiggingShooter/GameJamRigging/Saved/P_ShrenF60B6C5A40710152DAF46D9B8F5FF68F.tmp' to 'D:/Git/RiggingShooter/GameJamRigging/Content/Blueprints/P_Shren.uasset'
[2016.05.20-05.56.31:332][481]LogSavePackage: Total save time: 22.10ms
[2016.05.20-05.56.31:332][481]LogSavePackage:Display: Finished SavePackage D:/Git/RiggingShooter/GameJamRigging/Content/Blueprints/P_Shren.uasset
[2016.05.20-05.56.37:020][ 56]LogAIModule: Creating AISystem for world ChrisTest
[2016.05.20-05.56.37:023][ 56]LogActorComponent: UnregisterComponent: (/Engine/Transient.CharMoveComp) Not registered. Aborting.
[2016.05.20-05.56.37:023][ 56]LogActorComponent: UnregisterComponent: (/Engine/Transient.ProjectileMovementComponent_40__A6522401) Not registered. Aborting.
[2016.05.20-05.56.37:037][ 56]Cmd: MAP LOAD FILE="D:/Git/RiggingShooter/GameJamRigging/Content/Maps/ChrisTest.umap" TEMPLATE=0 SHOWPROGRESS=1 FEATURELEVEL=3
[2016.05.20-05.56.37:037][ 56]LightingResults: New page: Lighting Build
[2016.05.20-05.56.37:059][ 56]LoadErrors: New page: Loading map: ChrisTest.umap
[2016.05.20-05.56.37:060][ 56]MapCheck: New page: Map Check
[2016.05.20-05.56.37:060][ 56]LightingResults: New page: Lighting Build
[2016.05.20-05.56.37:119][ 56]LogEditorServer: Finished looking for orphan Actors (0.000 secs)
[2016.05.20-05.56.37:143][ 56]Cmd: MAP CHECKDEP NOCLEARLOG
[2016.05.20-05.56.37:198][ 56]MapCheck: Info Map check complete: 0 Error(s), 0 Warning(s), took 54.256ms to complete.
[2016.05.20-05.56.37:198][ 56]LogFileHelpers: Loading map 'ChrisTest' took 0.162
[2016.05.20-05.56.38:402][175]LogEditorViewport: Clicking on Actor (LMB): StaticMeshActor (Cube)
[2016.05.20-05.56.40:367][328]LogBlueprintUserMessages: Early PlayInEditor Detection: Level '/Game/Maps/ChrisTest.ChrisTest:PersistentLevel' has LevelScriptBlueprint '/Game/Maps/ChrisTest.ChrisTest:PersistentLevel.ChrisTest' with GeneratedClass '/Game/Maps/ChrisTest.ChrisTest_C' with ClassGeneratedBy '/Game/Maps/ChrisTest.ChrisTest:PersistentLevel.ChrisTest'
[2016.05.20-05.56.40:367][328]LogPlayLevel: PlayLevel: No blueprints needed recompiling
[2016.05.20-05.56.40:367][328]PIE: New page: PIE session: ChrisTest (May 19, 2016, 2:56:40 PM)
[2016.05.20-05.56.40:367][328]LogPlayLevel: Creating play world package: /Game/Maps/UEDPIE_0_ChrisTest
[2016.05.20-05.56.40:375][328]LogPlayLevel: PIE: StaticDuplicateObject took: (0.007110s)
[2016.05.20-05.56.40:375][328]LogAIModule: Creating AISystem for world ChrisTest
[2016.05.20-05.56.40:375][328]LogPlayLevel: PIE: World Init took: (0.000516s)
[2016.05.20-05.56.40:375][328]LogPlayLevel: PIE: Created PIE world by copying editor world from /Game/Maps/ChrisTest.ChrisTest to /Game/Maps/UEDPIE_0_ChrisTest.ChrisTest (0.007812s)
[2016.05.20-05.56.40:375][328]LogActorComponent: UnregisterComponent: (/Engine/Transient.ProjectileMovementComponent_40__A6522401) Not registered. Aborting.
[2016.05.20-05.56.40:390][328]LogInit: XAudio2 using 'Speakers (Realtek High Definition Audio)' : 2 channels at 48 kHz using 32 bits per sample (channel mask 0x3)
[2016.05.20-05.56.40:399][328]LogInit: FAudioDevice initialized.
[2016.05.20-05.56.40:460][328]LogWorld: Game class is 'ShooterGameMode_C'
[2016.05.20-05.56.40:463][328]LogWorld: Bringing World /Game/Maps/UEDPIE_0_ChrisTest.ChrisTest up for play (max tick rate 0) at 2016.05.19-22.56.40
[2016.05.20-05.56.40:463][328]LogWorld: Bringing up level for play took: 0.001933
[2016.05.20-05.56.40:466][328]LogContentBrowser: Native class hierarchy updated for 'MovieSceneCapture' in 0.0004 seconds. Added 9 classes and 0 folders.
[2016.05.20-05.56.40:480][328]PIE: Info Play in editor start time for /Game/Maps/UEDPIE_0_ChrisTest 0.743
[2016.05.20-05.56.40:480][328]LogBlueprintUserMessages: Late PlayInEditor Detection: Level '/Game/Maps/ChrisTest.ChrisTest:PersistentLevel' has LevelScriptBlueprint '/Game/Maps/ChrisTest.ChrisTest:PersistentLevel.ChrisTest' with GeneratedClass '/Game/Maps/ChrisTest.ChrisTest_C' with ClassGeneratedBy '/Game/Maps/ChrisTest.ChrisTest:PersistentLevel.ChrisTest'
[2016.05.20-05.56.47:256][917]LogBlueprintUserMessages: Early EndPlayMap Detection: Level '/Game/Maps/ChrisTest.ChrisTest:PersistentLevel' has LevelScriptBlueprint '/Game/Maps/ChrisTest.ChrisTest:PersistentLevel.ChrisTest' with GeneratedClass '/Game/Maps/ChrisTest.ChrisTest_C' with ClassGeneratedBy '/Game/Maps/ChrisTest.ChrisTest:PersistentLevel.ChrisTest'
[2016.05.20-05.56.47:313][917]LogBlueprintUserMessages: Late EndPlayMap Detection: Level '/Game/Maps/ChrisTest.ChrisTest:PersistentLevel' has LevelScriptBlueprint '/Game/Maps/ChrisTest.ChrisTest:PersistentLevel.ChrisTest' with GeneratedClass '/Game/Maps/ChrisTest.ChrisTest_C' with ClassGeneratedBy '/Game/Maps/ChrisTest.ChrisTest:PersistentLevel.ChrisTest'
[2016.05.20-05.57.03:864][820]Cmd: OBJ SAVEPACKAGE PACKAGE="/Game/Maps/ChrisTest" FILE="D:/Git/RiggingShooter/GameJamRigging/Content/Maps/ChrisTest.umap" SILENT=true AUTOSAVING=false KEEPDIRTY=false
[2016.05.20-05.57.03:976][820]LogSavePackage: Save=91.12ms
[2016.05.20-05.57.03:976][820]LogSavePackage: Moving 'D:/Git/RiggingShooter/GameJamRigging/Saved/ChrisTest208C1D00438011888389F381E7675EDE.tmp' to 'D:/Git/RiggingShooter/GameJamRigging/Content/Maps/ChrisTest.umap'
[2016.05.20-05.57.03:977][820]LogSavePackage: Total save time: 105.12ms
[2016.05.20-05.57.03:977][820]LogSavePackage:Display: Finished SavePackage D:/Git/RiggingShooter/GameJamRigging/Content/Maps/ChrisTest.umap
[2016.05.20-05.57.04:000][820]LogFileHelpers: Saving map 'ChrisTest' took 0.191
[2016.05.20-05.57.04:008][820]Cmd: OBJ SAVEPACKAGE PACKAGE="/Game/Blueprints/P_Shren" FILE="D:/Git/RiggingShooter/GameJamRigging/Content/Blueprints/P_Shren.uasset" SILENT=true
[2016.05.20-05.57.04:029][820]LogSavePackage: Save=8.12ms
[2016.05.20-05.57.04:029][820]LogSavePackage: Moving 'D:/Git/RiggingShooter/GameJamRigging/Saved/P_Shren1076AE334004C659E6EFB8883EDABB47.tmp' to 'D:/Git/RiggingShooter/GameJamRigging/Content/Blueprints/P_Shren.uasset'
[2016.05.20-05.57.04:030][820]LogSavePackage: Total save time: 21.10ms
[2016.05.20-05.57.04:030][820]LogSavePackage:Display: Finished SavePackage D:/Git/RiggingShooter/GameJamRigging/Content/Blueprints/P_Shren.uasset
[2016.05.20-05.57.05:518][952]LogBlueprintUserMessages: Early PlayInEditor Detection: Level '/Game/Maps/ChrisTest.ChrisTest:PersistentLevel' has LevelScriptBlueprint '/Game/Maps/ChrisTest.ChrisTest:PersistentLevel.ChrisTest' with GeneratedClass '/Game/Maps/ChrisTest.ChrisTest_C' with ClassGeneratedBy '/Game/Maps/ChrisTest.ChrisTest:PersistentLevel.ChrisTest'
[2016.05.20-05.57.05:518][952]LogPlayLevel: PlayLevel: No blueprints needed recompiling
[2016.05.20-05.57.05:518][952]PIE: New page: PIE session: ChrisTest (May 19, 2016, 2:57:05 PM)
[2016.05.20-05.57.05:518][952]LogPlayLevel: Creating play world package: /Game/Maps/UEDPIE_0_ChrisTest
[2016.05.20-05.57.05:526][952]LogPlayLevel: PIE: StaticDuplicateObject took: (0.008672s)
[2016.05.20-05.57.05:527][952]LogAIModule: Creating AISystem for world ChrisTest
[2016.05.20-05.57.05:527][952]LogPlayLevel: PIE: World Init took: (0.000553s)
[2016.05.20-05.57.05:527][952]LogPlayLevel: PIE: Created PIE world by copying editor world from /Game/Maps/ChrisTest.ChrisTest to /Game/Maps/UEDPIE_0_ChrisTest.ChrisTest (0.009406s)
[2016.05.20-05.57.05:544][952]LogInit: XAudio2 using 'Speakers (Realtek High Definition Audio)' : 2 channels at 48 kHz using 32 bits per sample (channel mask 0x3)
[2016.05.20-05.57.05:552][952]LogInit: FAudioDevice initialized.
[2016.05.20-05.57.05:597][952]LogWorld: Game class is 'ShooterGameMode_C'
[2016.05.20-05.57.05:600][952]LogWorld: Bringing World /Game/Maps/UEDPIE_0_ChrisTest.ChrisTest up for play (max tick rate 0) at 2016.05.19-22.57.05
[2016.05.20-05.57.05:600][952]LogWorld: Bringing up level for play took: 0.001865
[2016.05.20-05.57.05:613][952]PIE: Info Play in editor start time for /Game/Maps/UEDPIE_0_ChrisTest -0.124
[2016.05.20-05.57.05:613][952]LogBlueprintUserMessages: Late PlayInEditor Detection: Level '/Game/Maps/ChrisTest.ChrisTest:PersistentLevel' has LevelScriptBlueprint '/Game/Maps/ChrisTest.ChrisTest:PersistentLevel.ChrisTest' with GeneratedClass '/Game/Maps/ChrisTest.ChrisTest_C' with ClassGeneratedBy '/Game/Maps/ChrisTest.ChrisTest:PersistentLevel.ChrisTest'
[2016.05.20-05.57.07:685][131]LogBlueprintUserMessages: Early EndPlayMap Detection: Level '/Game/Maps/ChrisTest.ChrisTest:PersistentLevel' has LevelScriptBlueprint '/Game/Maps/ChrisTest.ChrisTest:PersistentLevel.ChrisTest' with GeneratedClass '/Game/Maps/ChrisTest.ChrisTest_C' with ClassGeneratedBy '/Game/Maps/ChrisTest.ChrisTest:PersistentLevel.ChrisTest'
[2016.05.20-05.57.07:743][131]LogBlueprintUserMessages: Late EndPlayMap Detection: Level '/Game/Maps/ChrisTest.ChrisTest:PersistentLevel' has LevelScriptBlueprint '/Game/Maps/ChrisTest.ChrisTest:PersistentLevel.ChrisTest' with GeneratedClass '/Game/Maps/ChrisTest.ChrisTest_C' with ClassGeneratedBy '/Game/Maps/ChrisTest.ChrisTest:PersistentLevel.ChrisTest'
[2016.05.20-05.57.23:776][963]LogBlueprintUserMessages: Early PlayInEditor Detection: Level '/Game/Maps/ChrisTest.ChrisTest:PersistentLevel' has LevelScriptBlueprint '/Game/Maps/ChrisTest.ChrisTest:PersistentLevel.ChrisTest' with GeneratedClass '/Game/Maps/ChrisTest.ChrisTest_C' with ClassGeneratedBy '/Game/Maps/ChrisTest.ChrisTest:PersistentLevel.ChrisTest'
[2016.05.20-05.57.23:776][963]LogPlayLevel: PlayLevel: No blueprints needed recompiling
[2016.05.20-05.57.23:776][963]PIE: New page: PIE session: ChrisTest (May 19, 2016, 2:57:23 PM)
[2016.05.20-05.57.23:776][963]LogPlayLevel: Creating play world package: /Game/Maps/UEDPIE_0_ChrisTest
[2016.05.20-05.57.23:783][963]LogPlayLevel: PIE: StaticDuplicateObject took: (0.007109s)
[2016.05.20-05.57.23:784][963]LogAIModule: Creating AISystem for world ChrisTest
[2016.05.20-05.57.23:784][963]LogPlayLevel: PIE: World Init took: (0.000538s)
[2016.05.20-05.57.23:784][963]LogPlayLevel: PIE: Created PIE world by copying editor world from /Game/Maps/ChrisTest.ChrisTest to /Game/Maps/UEDPIE_0_ChrisTest.ChrisTest (0.007815s)
[2016.05.20-05.57.23:801][963]LogInit: XAudio2 using 'Speakers (Realtek High Definition Audio)' : 2 channels at 48 kHz using 32 bits per sample (channel mask 0x3)
[2016.05.20-05.57.23:809][963]LogInit: FAudioDevice initialized.
[2016.05.20-05.57.23:854][963]LogWorld: Game class is 'ShooterGameMode_C'
[2016.05.20-05.57.23:857][963]LogWorld: Bringing World /Game/Maps/UEDPIE_0_ChrisTest.ChrisTest up for play (max tick rate 0) at 2016.05.19-22.57.23
[2016.05.20-05.57.23:858][963]LogWorld: Bringing up level for play took: 0.002196
[2016.05.20-05.57.23:869][963]PIE: Info Play in editor start time for /Game/Maps/UEDPIE_0_ChrisTest 0.132
[2016.05.20-05.57.23:869][963]LogBlueprintUserMessages: Late PlayInEditor Detection: Level '/Game/Maps/ChrisTest.ChrisTest:PersistentLevel' has LevelScriptBlueprint '/Game/Maps/ChrisTest.ChrisTest:PersistentLevel.ChrisTest' with GeneratedClass '/Game/Maps/ChrisTest.ChrisTest_C' with ClassGeneratedBy '/Game/Maps/ChrisTest.ChrisTest:PersistentLevel.ChrisTest'
[2016.05.20-05.57.25:207][ 77]LogBlueprintUserMessages: Early EndPlayMap Detection: Level '/Game/Maps/ChrisTest.ChrisTest:PersistentLevel' has LevelScriptBlueprint '/Game/Maps/ChrisTest.ChrisTest:PersistentLevel.ChrisTest' with GeneratedClass '/Game/Maps/ChrisTest.ChrisTest_C' with ClassGeneratedBy '/Game/Maps/ChrisTest.ChrisTest:PersistentLevel.ChrisTest'
[2016.05.20-05.57.25:262][ 77]LogBlueprintUserMessages: Late EndPlayMap Detection: Level '/Game/Maps/ChrisTest.ChrisTest:PersistentLevel' has LevelScriptBlueprint '/Game/Maps/ChrisTest.ChrisTest:PersistentLevel.ChrisTest' with GeneratedClass '/Game/Maps/ChrisTest.ChrisTest_C' with ClassGeneratedBy '/Game/Maps/ChrisTest.ChrisTest:PersistentLevel.ChrisTest'
[2016.05.20-05.57.42:566][ 83]Cmd: OBJ SAVEPACKAGE PACKAGE="/Game/Blueprints/P_Shren" FILE="D:/Git/RiggingShooter/GameJamRigging/Content/Blueprints/P_Shren.uasset" SILENT=true
[2016.05.20-05.57.42:587][ 83]LogSavePackage: Save=8.09ms
[2016.05.20-05.57.42:587][ 83]LogSavePackage: Moving 'D:/Git/RiggingShooter/GameJamRigging/Saved/P_Shren7202A437434ECCC23A7680994D6B1FF5.tmp' to 'D:/Git/RiggingShooter/GameJamRigging/Content/Blueprints/P_Shren.uasset'
[2016.05.20-05.57.42:588][ 83]LogSavePackage: Total save time: 20.98ms
[2016.05.20-05.57.42:588][ 83]LogSavePackage:Display: Finished SavePackage D:/Git/RiggingShooter/GameJamRigging/Content/Blueprints/P_Shren.uasset
[2016.05.20-05.57.43:718][178]LogBlueprintUserMessages: Early PlayInEditor Detection: Level '/Game/Maps/ChrisTest.ChrisTest:PersistentLevel' has LevelScriptBlueprint '/Game/Maps/ChrisTest.ChrisTest:PersistentLevel.ChrisTest' with GeneratedClass '/Game/Maps/ChrisTest.ChrisTest_C' with ClassGeneratedBy '/Game/Maps/ChrisTest.ChrisTest:PersistentLevel.ChrisTest'
[2016.05.20-05.57.43:718][178]LogPlayLevel: PlayLevel: No blueprints needed recompiling
[2016.05.20-05.57.43:718][178]PIE: New page: PIE session: ChrisTest (May 19, 2016, 2:57:43 PM)
[2016.05.20-05.57.43:718][178]LogPlayLevel: Creating play world package: /Game/Maps/UEDPIE_0_ChrisTest
[2016.05.20-05.57.43:725][178]LogPlayLevel: PIE: StaticDuplicateObject took: (0.007410s)
[2016.05.20-05.57.43:725][178]LogAIModule: Creating AISystem for world ChrisTest
[2016.05.20-05.57.43:725][178]LogPlayLevel: PIE: World Init took: (0.000547s)
[2016.05.20-05.57.43:725][178]LogPlayLevel: PIE: Created PIE world by copying editor world from /Game/Maps/ChrisTest.ChrisTest to /Game/Maps/UEDPIE_0_ChrisTest.ChrisTest (0.008133s)
[2016.05.20-05.57.43:742][178]LogInit: XAudio2 using 'Speakers (Realtek High Definition Audio)' : 2 channels at 48 kHz using 32 bits per sample (channel mask 0x3)
[2016.05.20-05.57.43:750][178]LogInit: FAudioDevice initialized.
[2016.05.20-05.57.43:801][178]LogWorld: Game class is 'ShooterGameMode_C'
[2016.05.20-05.57.43:803][178]LogWorld: Bringing World /Game/Maps/UEDPIE_0_ChrisTest.ChrisTest up for play (max tick rate 0) at 2016.05.19-22.57.43
[2016.05.20-05.57.43:804][178]LogWorld: Bringing up level for play took: 0.002183
[2016.05.20-05.57.43:816][178]PIE: Info Play in editor start time for /Game/Maps/UEDPIE_0_ChrisTest 0.079
[2016.05.20-05.57.43:816][178]LogBlueprintUserMessages: Late PlayInEditor Detection: Level '/Game/Maps/ChrisTest.ChrisTest:PersistentLevel' has LevelScriptBlueprint '/Game/Maps/ChrisTest.ChrisTest:PersistentLevel.ChrisTest' with GeneratedClass '/Game/Maps/ChrisTest.ChrisTest_C' with ClassGeneratedBy '/Game/Maps/ChrisTest.ChrisTest:PersistentLevel.ChrisTest'
[2016.05.20-05.57.45:129][288]LogBlueprintUserMessages: Early EndPlayMap Detection: Level '/Game/Maps/ChrisTest.ChrisTest:PersistentLevel' has LevelScriptBlueprint '/Game/Maps/ChrisTest.ChrisTest:PersistentLevel.ChrisTest' with GeneratedClass '/Game/Maps/ChrisTest.ChrisTest_C' with ClassGeneratedBy '/Game/Maps/ChrisTest.ChrisTest:PersistentLevel.ChrisTest'
[2016.05.20-05.57.45:188][288]LogBlueprintUserMessages: Late EndPlayMap Detection: Level '/Game/Maps/ChrisTest.ChrisTest:PersistentLevel' has LevelScriptBlueprint '/Game/Maps/ChrisTest.ChrisTest:PersistentLevel.ChrisTest' with GeneratedClass '/Game/Maps/ChrisTest.ChrisTest_C' with ClassGeneratedBy '/Game/Maps/ChrisTest.ChrisTest:PersistentLevel.ChrisTest'
[2016.05.20-05.57.49:939][822]Cmd: OBJ SAVEPACKAGE PACKAGE="/Game/Blueprints/P_Shren" FILE="D:/Git/RiggingShooter/GameJamRigging/Content/Blueprints/P_Shren.uasset" SILENT=true
[2016.05.20-05.57.49:959][822]LogSavePackage: Save=7.97ms
[2016.05.20-05.57.49:959][822]LogSavePackage: Moving 'D:/Git/RiggingShooter/GameJamRigging/Saved/P_Shren25D6CD4F41691C4DBFBDBA82C3314124.tmp' to 'D:/Git/RiggingShooter/GameJamRigging/Content/Blueprints/P_Shren.uasset'
[2016.05.20-05.57.49:960][822]LogSavePackage: Total save time: 20.95ms
[2016.05.20-05.57.49:960][822]LogSavePackage:Display: Finished SavePackage D:/Git/RiggingShooter/GameJamRigging/Content/Blueprints/P_Shren.uasset
[2016.05.20-05.57.51:165][929]LogBlueprintUserMessages: Early PlayInEditor Detection: Level '/Game/Maps/ChrisTest.ChrisTest:PersistentLevel' has LevelScriptBlueprint '/Game/Maps/ChrisTest.ChrisTest:PersistentLevel.ChrisTest' with GeneratedClass '/Game/Maps/ChrisTest.ChrisTest_C' with ClassGeneratedBy '/Game/Maps/ChrisTest.ChrisTest:PersistentLevel.ChrisTest'
[2016.05.20-05.57.51:165][929]LogPlayLevel: PlayLevel: No blueprints needed recompiling
[2016.05.20-05.57.51:166][929]PIE: New page: PIE session: ChrisTest (May 19, 2016, 2:57:51 PM)
[2016.05.20-05.57.51:166][929]LogPlayLevel: Creating play world package: /Game/Maps/UEDPIE_0_ChrisTest
[2016.05.20-05.57.51:173][929]LogPlayLevel: PIE: StaticDuplicateObject took: (0.007093s)
[2016.05.20-05.57.51:173][929]LogAIModule: Creating AISystem for world ChrisTest
[2016.05.20-05.57.51:173][929]LogPlayLevel: PIE: World Init took: (0.000515s)
[2016.05.20-05.57.51:173][929]LogPlayLevel: PIE: Created PIE world by copying editor world from /Game/Maps/ChrisTest.ChrisTest to /Game/Maps/UEDPIE_0_ChrisTest.ChrisTest (0.007777s)
[2016.05.20-05.57.51:188][929]LogInit: XAudio2 using 'Speakers (Realtek High Definition Audio)' : 2 channels at 48 kHz using 32 bits per sample (channel mask 0x3)
[2016.05.20-05.57.51:195][929]LogInit: FAudioDevice initialized.
[2016.05.20-05.57.51:245][929]LogWorld: Game class is 'ShooterGameMode_C'
[2016.05.20-05.57.51:248][929]LogWorld: Bringing World /Game/Maps/UEDPIE_0_ChrisTest.ChrisTest up for play (max tick rate 0) at 2016.05.19-22.57.51
[2016.05.20-05.57.51:248][929]LogWorld: Bringing up level for play took: 0.001913
[2016.05.20-05.57.51:259][929]PIE: Info Play in editor start time for /Game/Maps/UEDPIE_0_ChrisTest -0.478
[2016.05.20-05.57.51:260][929]LogBlueprintUserMessages: Late PlayInEditor Detection: Level '/Game/Maps/ChrisTest.ChrisTest:PersistentLevel' has LevelScriptBlueprint '/Game/Maps/ChrisTest.ChrisTest:PersistentLevel.ChrisTest' with GeneratedClass '/Game/Maps/ChrisTest.ChrisTest_C' with ClassGeneratedBy '/Game/Maps/ChrisTest.ChrisTest:PersistentLevel.ChrisTest'
[2016.05.20-05.57.52:584][ 40]LogBlueprintUserMessages: Early EndPlayMap Detection: Level '/Game/Maps/ChrisTest.ChrisTest:PersistentLevel' has LevelScriptBlueprint '/Game/Maps/ChrisTest.ChrisTest:PersistentLevel.ChrisTest' with GeneratedClass '/Game/Maps/ChrisTest.ChrisTest_C' with ClassGeneratedBy '/Game/Maps/ChrisTest.ChrisTest:PersistentLevel.ChrisTest'
[2016.05.20-05.57.52:642][ 40]LogBlueprintUserMessages: Late EndPlayMap Detection: Level '/Game/Maps/ChrisTest.ChrisTest:PersistentLevel' has LevelScriptBlueprint '/Game/Maps/ChrisTest.ChrisTest:PersistentLevel.ChrisTest' with GeneratedClass '/Game/Maps/ChrisTest.ChrisTest_C' with ClassGeneratedBy '/Game/Maps/ChrisTest.ChrisTest:PersistentLevel.ChrisTest'
[2016.05.20-05.59.02:322][555]LogBlueprintUserMessages: Early PlayInEditor Detection: Level '/Game/Maps/ChrisTest.ChrisTest:PersistentLevel' has LevelScriptBlueprint '/Game/Maps/ChrisTest.ChrisTest:PersistentLevel.ChrisTest' with GeneratedClass '/Game/Maps/ChrisTest.ChrisTest_C' with ClassGeneratedBy '/Game/Maps/ChrisTest.ChrisTest:PersistentLevel.ChrisTest'
[2016.05.20-05.59.02:322][555]LogPlayLevel: PlayLevel: No blueprints needed recompiling
[2016.05.20-05.59.02:323][555]PIE: New page: PIE session: ChrisTest (May 19, 2016, 2:59:02 PM)
[2016.05.20-05.59.02:323][555]LogPlayLevel: Creating play world package: /Game/Maps/UEDPIE_0_ChrisTest
[2016.05.20-05.59.02:330][555]LogPlayLevel: PIE: StaticDuplicateObject took: (0.007338s)
[2016.05.20-05.59.02:330][555]LogAIModule: Creating AISystem for world ChrisTest
[2016.05.20-05.59.02:331][555]LogPlayLevel: PIE: World Init took: (0.000547s)
[2016.05.20-05.59.02:331][555]LogPlayLevel: PIE: Created PIE world by copying editor world from /Game/Maps/ChrisTest.ChrisTest to /Game/Maps/UEDPIE_0_ChrisTest.ChrisTest (0.008072s)
[2016.05.20-05.59.02:347][555]LogInit: XAudio2 using 'Speakers (Realtek High Definition Audio)' : 2 channels at 48 kHz using 32 bits per sample (channel mask 0x3)
[2016.05.20-05.59.02:354][555]LogInit: FAudioDevice initialized.
[2016.05.20-05.59.02:404][555]LogWorld: Game class is 'ShooterGameMode_C'
[2016.05.20-05.59.02:408][555]LogWorld: Bringing World /Game/Maps/UEDPIE_0_ChrisTest.ChrisTest up for play (max tick rate 0) at 2016.05.19-22.59.02
[2016.05.20-05.59.02:408][555]LogWorld: Bringing up level for play took: 0.002685
[2016.05.20-05.59.02:420][555]PIE: Info Play in editor start time for /Game/Maps/UEDPIE_0_ChrisTest 0.683
[2016.05.20-05.59.02:420][555]LogBlueprintUserMessages: Late PlayInEditor Detection: Level '/Game/Maps/ChrisTest.ChrisTest:PersistentLevel' has LevelScriptBlueprint '/Game/Maps/ChrisTest.ChrisTest:PersistentLevel.ChrisTest' with GeneratedClass '/Game/Maps/ChrisTest.ChrisTest_C' with ClassGeneratedBy '/Game/Maps/ChrisTest.ChrisTest:PersistentLevel.ChrisTest'
[2016.05.20-05.59.07:481][  5]LogBlueprintUserMessages: Early EndPlayMap Detection: Level '/Game/Maps/ChrisTest.ChrisTest:PersistentLevel' has LevelScriptBlueprint '/Game/Maps/ChrisTest.ChrisTest:PersistentLevel.ChrisTest' with GeneratedClass '/Game/Maps/ChrisTest.ChrisTest_C' with ClassGeneratedBy '/Game/Maps/ChrisTest.ChrisTest:PersistentLevel.ChrisTest'
[2016.05.20-05.59.07:535][  5]LogBlueprintUserMessages: Late EndPlayMap Detection: Level '/Game/Maps/ChrisTest.ChrisTest:PersistentLevel' has LevelScriptBlueprint '/Game/Maps/ChrisTest.ChrisTest:PersistentLevel.ChrisTest' with GeneratedClass '/Game/Maps/ChrisTest.ChrisTest_C' with ClassGeneratedBy '/Game/Maps/ChrisTest.ChrisTest:PersistentLevel.ChrisTest'
[2016.05.20-05.59.24:285][421]Cmd: OBJ SAVEPACKAGE PACKAGE="/Game/Blueprints/P_Shren" FILE="D:/Git/RiggingShooter/GameJamRigging/Content/Blueprints/P_Shren.uasset" SILENT=true
[2016.05.20-05.59.24:306][421]LogSavePackage: Save=7.96ms
[2016.05.20-05.59.24:306][421]LogSavePackage: Moving 'D:/Git/RiggingShooter/GameJamRigging/Saved/P_Shren0CFEC08C40B2C81A536404B039B71A87.tmp' to 'D:/Git/RiggingShooter/GameJamRigging/Content/Blueprints/P_Shren.uasset'
[2016.05.20-05.59.24:307][421]LogSavePackage: Total save time: 21.61ms
[2016.05.20-05.59.24:307][421]LogSavePackage:Display: Finished SavePackage D:/Git/RiggingShooter/GameJamRigging/Content/Blueprints/P_Shren.uasset
[2016.05.20-06.00.25:003][422]Cmd: OBJ SAVEPACKAGE PACKAGE="/Game/Blueprints/P_Shren" FILE="D:/Git/RiggingShooter/GameJamRigging/Content/Blueprints/P_Shren.uasset" SILENT=true
[2016.05.20-06.00.25:025][422]LogSavePackage: Save=8.09ms
[2016.05.20-06.00.25:025][422]LogSavePackage: Moving 'D:/Git/RiggingShooter/GameJamRigging/Saved/P_ShrenA2E0EC684D4BC2267B90C4B6C5D3E376.tmp' to 'D:/Git/RiggingShooter/GameJamRigging/Content/Blueprints/P_Shren.uasset'
[2016.05.20-06.00.25:026][422]LogSavePackage: Total save time: 22.81ms
[2016.05.20-06.00.25:026][422]LogSavePackage:Display: Finished SavePackage D:/Git/RiggingShooter/GameJamRigging/Content/Blueprints/P_Shren.uasset
[2016.05.20-06.00.26:938][574]LogBlueprintUserMessages: Early PlayInEditor Detection: Level '/Game/Maps/ChrisTest.ChrisTest:PersistentLevel' has LevelScriptBlueprint '/Game/Maps/ChrisTest.ChrisTest:PersistentLevel.ChrisTest' with GeneratedClass '/Game/Maps/ChrisTest.ChrisTest_C' with ClassGeneratedBy '/Game/Maps/ChrisTest.ChrisTest:PersistentLevel.ChrisTest'
[2016.05.20-06.00.26:938][574]LogPlayLevel: PlayLevel: No blueprints needed recompiling
[2016.05.20-06.00.26:938][574]PIE: New page: PIE session: ChrisTest (May 19, 2016, 3:00:26 PM)
[2016.05.20-06.00.26:938][574]LogPlayLevel: Creating play world package: /Game/Maps/UEDPIE_0_ChrisTest
[2016.05.20-06.00.26:945][574]LogPlayLevel: PIE: StaticDuplicateObject took: (0.007423s)
[2016.05.20-06.00.26:946][574]LogAIModule: Creating AISystem for world ChrisTest
[2016.05.20-06.00.26:946][574]LogPlayLevel: PIE: World Init took: (0.000531s)
[2016.05.20-06.00.26:946][574]LogPlayLevel: PIE: Created PIE world by copying editor world from /Game/Maps/ChrisTest.ChrisTest to /Game/Maps/UEDPIE_0_ChrisTest.ChrisTest (0.008129s)
[2016.05.20-06.00.26:961][574]LogInit: XAudio2 using 'Speakers (Realtek High Definition Audio)' : 2 channels at 48 kHz using 32 bits per sample (channel mask 0x3)
[2016.05.20-06.00.26:970][574]LogInit: FAudioDevice initialized.
[2016.05.20-06.00.27:017][574]LogWorld: Game class is 'ShooterGameMode_C'
[2016.05.20-06.00.27:019][574]LogWorld: Bringing World /Game/Maps/UEDPIE_0_ChrisTest.ChrisTest up for play (max tick rate 0) at 2016.05.19-23.00.27
[2016.05.20-06.00.27:020][574]LogWorld: Bringing up level for play took: 0.001999
[2016.05.20-06.00.27:032][574]PIE: Info Play in editor start time for /Game/Maps/UEDPIE_0_ChrisTest -0.704
[2016.05.20-06.00.27:032][574]LogBlueprintUserMessages: Late PlayInEditor Detection: Level '/Game/Maps/ChrisTest.ChrisTest:PersistentLevel' has LevelScriptBlueprint '/Game/Maps/ChrisTest.ChrisTest:PersistentLevel.ChrisTest' with GeneratedClass '/Game/Maps/ChrisTest.ChrisTest_C' with ClassGeneratedBy '/Game/Maps/ChrisTest.ChrisTest:PersistentLevel.ChrisTest'
[2016.05.20-06.00.28:705][717]LogBlueprintUserMessages: Early EndPlayMap Detection: Level '/Game/Maps/ChrisTest.ChrisTest:PersistentLevel' has LevelScriptBlueprint '/Game/Maps/ChrisTest.ChrisTest:PersistentLevel.ChrisTest' with GeneratedClass '/Game/Maps/ChrisTest.ChrisTest_C' with ClassGeneratedBy '/Game/Maps/ChrisTest.ChrisTest:PersistentLevel.ChrisTest'
[2016.05.20-06.00.28:763][717]LogBlueprintUserMessages: Late EndPlayMap Detection: Level '/Game/Maps/ChrisTest.ChrisTest:PersistentLevel' has LevelScriptBlueprint '/Game/Maps/ChrisTest.ChrisTest:PersistentLevel.ChrisTest' with GeneratedClass '/Game/Maps/ChrisTest.ChrisTest_C' with ClassGeneratedBy '/Game/Maps/ChrisTest.ChrisTest:PersistentLevel.ChrisTest'
[2016.05.20-06.01.20:682][480]Cmd: OBJ SAVEPACKAGE PACKAGE="/Game/Blueprints/P_Shren" FILE="D:/Git/RiggingShooter/GameJamRigging/Content/Blueprints/P_Shren.uasset" SILENT=true
[2016.05.20-06.01.20:703][480]LogSavePackage: Save=8.21ms
[2016.05.20-06.01.20:703][480]LogSavePackage: Moving 'D:/Git/RiggingShooter/GameJamRigging/Saved/P_ShrenCE9D4957415C9D51723D05AE1C77B24E.tmp' to 'D:/Git/RiggingShooter/GameJamRigging/Content/Blueprints/P_Shren.uasset'
[2016.05.20-06.01.20:704][480]LogSavePackage: Total save time: 21.30ms
[2016.05.20-06.01.20:704][480]LogSavePackage:Display: Finished SavePackage D:/Git/RiggingShooter/GameJamRigging/Content/Blueprints/P_Shren.uasset
[2016.05.20-06.01.20:717][480]Cmd: OBJ SAVEPACKAGE PACKAGE="/Game/StarterContent/Particles/P_Explosion" FILE="D:/Git/RiggingShooter/GameJamRigging/Content/StarterContent/Particles/P_Explosion.uasset" SILENT=true
[2016.05.20-06.01.20:748][480]LogSavePackage: Save=17.35ms
[2016.05.20-06.01.20:748][480]LogSavePackage: Moving 'D:/Git/RiggingShooter/GameJamRigging/Saved/P_Explosion4BE9F1C348040262BF875DAF5337283F.tmp' to 'D:/Git/RiggingShooter/GameJamRigging/Content/StarterContent/Particles/P_Explosion.uasset'
[2016.05.20-06.01.20:750][480]LogSavePackage: Total save time: 32.44ms
[2016.05.20-06.01.20:750][480]LogSavePackage:Display: Finished SavePackage D:/Git/RiggingShooter/GameJamRigging/Content/StarterContent/Particles/P_Explosion.uasset
[2016.05.20-06.01.22:133][605]LogBlueprintUserMessages: Early PlayInEditor Detection: Level '/Game/Maps/ChrisTest.ChrisTest:PersistentLevel' has LevelScriptBlueprint '/Game/Maps/ChrisTest.ChrisTest:PersistentLevel.ChrisTest' with GeneratedClass '/Game/Maps/ChrisTest.ChrisTest_C' with ClassGeneratedBy '/Game/Maps/ChrisTest.ChrisTest:PersistentLevel.ChrisTest'
[2016.05.20-06.01.22:133][605]LogPlayLevel: PlayLevel: No blueprints needed recompiling
[2016.05.20-06.01.22:133][605]PIE: New page: PIE session: ChrisTest (May 19, 2016, 3:01:22 PM)
[2016.05.20-06.01.22:133][605]LogPlayLevel: Creating play world package: /Game/Maps/UEDPIE_0_ChrisTest
[2016.05.20-06.01.22:141][605]LogPlayLevel: PIE: StaticDuplicateObject took: (0.007772s)
[2016.05.20-06.01.22:141][605]LogAIModule: Creating AISystem for world ChrisTest
[2016.05.20-06.01.22:141][605]LogPlayLevel: PIE: World Init took: (0.000574s)
[2016.05.20-06.01.22:141][605]LogPlayLevel: PIE: Created PIE world by copying editor world from /Game/Maps/ChrisTest.ChrisTest to /Game/Maps/UEDPIE_0_ChrisTest.ChrisTest (0.008539s)
[2016.05.20-06.01.22:156][605]LogInit: XAudio2 using 'Speakers (Realtek High Definition Audio)' : 2 channels at 48 kHz using 32 bits per sample (channel mask 0x3)
[2016.05.20-06.01.22:164][605]LogInit: FAudioDevice initialized.
[2016.05.20-06.01.22:213][605]LogWorld: Game class is 'ShooterGameMode_C'
[2016.05.20-06.01.22:216][605]LogWorld: Bringing World /Game/Maps/UEDPIE_0_ChrisTest.ChrisTest up for play (max tick rate 0) at 2016.05.19-23.01.22
[2016.05.20-06.01.22:216][605]LogWorld: Bringing up level for play took: 0.001933
[2016.05.20-06.01.22:229][605]PIE: Info Play in editor start time for /Game/Maps/UEDPIE_0_ChrisTest 0.492
[2016.05.20-06.01.22:229][605]LogBlueprintUserMessages: Late PlayInEditor Detection: Level '/Game/Maps/ChrisTest.ChrisTest:PersistentLevel' has LevelScriptBlueprint '/Game/Maps/ChrisTest.ChrisTest:PersistentLevel.ChrisTest' with GeneratedClass '/Game/Maps/ChrisTest.ChrisTest_C' with ClassGeneratedBy '/Game/Maps/ChrisTest.ChrisTest:PersistentLevel.ChrisTest'
[2016.05.20-06.01.29:513][220]LogBlueprintUserMessages: Early EndPlayMap Detection: Level '/Game/Maps/ChrisTest.ChrisTest:PersistentLevel' has LevelScriptBlueprint '/Game/Maps/ChrisTest.ChrisTest:PersistentLevel.ChrisTest' with GeneratedClass '/Game/Maps/ChrisTest.ChrisTest_C' with ClassGeneratedBy '/Game/Maps/ChrisTest.ChrisTest:PersistentLevel.ChrisTest'
[2016.05.20-06.01.29:570][220]LogBlueprintUserMessages: Late EndPlayMap Detection: Level '/Game/Maps/ChrisTest.ChrisTest:PersistentLevel' has LevelScriptBlueprint '/Game/Maps/ChrisTest.ChrisTest:PersistentLevel.ChrisTest' with GeneratedClass '/Game/Maps/ChrisTest.ChrisTest_C' with ClassGeneratedBy '/Game/Maps/ChrisTest.ChrisTest:PersistentLevel.ChrisTest'
[2016.05.20-06.01.32:923][480]LogBlueprintUserMessages: Early PlayInEditor Detection: Level '/Game/Maps/ChrisTest.ChrisTest:PersistentLevel' has LevelScriptBlueprint '/Game/Maps/ChrisTest.ChrisTest:PersistentLevel.ChrisTest' with GeneratedClass '/Game/Maps/ChrisTest.ChrisTest_C' with ClassGeneratedBy '/Game/Maps/ChrisTest.ChrisTest:PersistentLevel.ChrisTest'
[2016.05.20-06.01.32:924][480]LogPlayLevel: PlayLevel: No blueprints needed recompiling
[2016.05.20-06.01.32:924][480]PIE: New page: PIE session: ChrisTest (May 19, 2016, 3:01:32 PM)
[2016.05.20-06.01.32:924][480]LogPlayLevel: Creating play world package: /Game/Maps/UEDPIE_0_ChrisTest
[2016.05.20-06.01.32:931][480]LogPlayLevel: PIE: StaticDuplicateObject took: (0.007564s)
[2016.05.20-06.01.32:932][480]LogAIModule: Creating AISystem for world ChrisTest
[2016.05.20-06.01.32:932][480]LogPlayLevel: PIE: World Init took: (0.000560s)
[2016.05.20-06.01.32:932][480]LogPlayLevel: PIE: Created PIE world by copying editor world from /Game/Maps/ChrisTest.ChrisTest to /Game/Maps/UEDPIE_0_ChrisTest.ChrisTest (0.008324s)
[2016.05.20-06.01.32:949][480]LogInit: XAudio2 using 'Speakers (Realtek High Definition Audio)' : 2 channels at 48 kHz using 32 bits per sample (channel mask 0x3)
[2016.05.20-06.01.32:957][480]LogInit: FAudioDevice initialized.
[2016.05.20-06.01.33:008][480]LogWorld: Game class is 'ShooterGameMode_C'
[2016.05.20-06.01.33:011][480]LogWorld: Bringing World /Game/Maps/UEDPIE_0_ChrisTest.ChrisTest up for play (max tick rate 0) at 2016.05.19-23.01.33
[2016.05.20-06.01.33:011][480]LogWorld: Bringing up level for play took: 0.001915
[2016.05.20-06.01.33:023][480]PIE: Info Play in editor start time for /Game/Maps/UEDPIE_0_ChrisTest -0.714
[2016.05.20-06.01.33:023][480]LogBlueprintUserMessages: Late PlayInEditor Detection: Level '/Game/Maps/ChrisTest.ChrisTest:PersistentLevel' has LevelScriptBlueprint '/Game/Maps/ChrisTest.ChrisTest:PersistentLevel.ChrisTest' with GeneratedClass '/Game/Maps/ChrisTest.ChrisTest_C' with ClassGeneratedBy '/Game/Maps/ChrisTest.ChrisTest:PersistentLevel.ChrisTest'
[2016.05.20-06.01.37:794][887]LogBlueprintUserMessages: Early EndPlayMap Detection: Level '/Game/Maps/ChrisTest.ChrisTest:PersistentLevel' has LevelScriptBlueprint '/Game/Maps/ChrisTest.ChrisTest:PersistentLevel.ChrisTest' with GeneratedClass '/Game/Maps/ChrisTest.ChrisTest_C' with ClassGeneratedBy '/Game/Maps/ChrisTest.ChrisTest:PersistentLevel.ChrisTest'
[2016.05.20-06.01.37:854][887]LogBlueprintUserMessages: Late EndPlayMap Detection: Level '/Game/Maps/ChrisTest.ChrisTest:PersistentLevel' has LevelScriptBlueprint '/Game/Maps/ChrisTest.ChrisTest:PersistentLevel.ChrisTest' with GeneratedClass '/Game/Maps/ChrisTest.ChrisTest_C' with ClassGeneratedBy '/Game/Maps/ChrisTest.ChrisTest:PersistentLevel.ChrisTest'
[2016.05.20-06.01.44:824][492]LogCascade: Quitting Cascade. FXSystem=0x000001F3884DBF60
[2016.05.20-06.01.47:220][674]Cmd: TRANSACTION UNDO
[2016.05.20-06.01.47:220][674]LogEditorTransaction: Undo Edit Y
[2016.05.20-06.01.51:092][978]Cmd: OBJ SAVEPACKAGE PACKAGE="/Game/Blueprints/P_Shren" FILE="D:/Git/RiggingShooter/GameJamRigging/Content/Blueprints/P_Shren.uasset" SILENT=true
[2016.05.20-06.01.51:114][978]LogSavePackage: Save=9.52ms
[2016.05.20-06.01.51:114][978]LogSavePackage: Moving 'D:/Git/RiggingShooter/GameJamRigging/Saved/P_ShrenBDE3B42246D92377CB7970B3CA828BE7.tmp' to 'D:/Git/RiggingShooter/GameJamRigging/Content/Blueprints/P_Shren.uasset'
[2016.05.20-06.01.51:115][978]LogSavePackage: Total save time: 23.36ms
[2016.05.20-06.01.51:115][978]LogSavePackage:Display: Finished SavePackage D:/Git/RiggingShooter/GameJamRigging/Content/Blueprints/P_Shren.uasset
[2016.05.20-06.01.51:794][ 26]LogCascade: Quitting Cascade. FXSystem=0x000001F3B96F4FE0
[2016.05.20-06.01.51:848][ 26]LogActorComponent: UnregisterComponent: (/Engine/Transient.FloorComponent) Not registered. Aborting.
[2016.05.20-06.01.51:877][ 26]LogWindowsTextInputMethodSystem:Display: IME system now deactivated.
[2016.05.20-06.01.52:081][ 27]Cmd: QUIT_EDITOR
[2016.05.20-06.01.52:419][ 27]LogExit: Preparing to exit.
[2016.05.20-06.01.52:945][ 27]LogExit: Editor shut down
[2016.05.20-06.01.52:945][ 27]LogExit: Transaction tracking system shut down
[2016.05.20-06.01.53:045][ 27]LogObj: Freed 0b from 0 cluster array pools.
[2016.05.20-06.01.53:045][ 27]LogExit: Object subsystem successfully closed.
[2016.05.20-06.01.53:056][ 27]LogD3D11RHI: Shutdown
[2016.05.20-06.01.53:056][ 27]LogD3D11RHI: CleanupD3DDevice
[2016.05.20-06.01.53:132][ 27]LogD3D11RHI: ~FD3D11DynamicRHI
[2016.05.20-06.01.53:183][ 27]LogDerivedDataCache: Shutdown
[2016.05.20-06.01.53:183][ 27]LogModuleManager: Shutting down and abandoning module MovieSceneCapture (208)
[2016.05.20-06.01.53:183][ 27]LogModuleManager: Shutting down and abandoning module DistCurveEditor (207)
[2016.05.20-06.01.53:183][ 27]LogModuleManager: Shutting down and abandoning module Cascade (206)
[2016.05.20-06.01.53:183][ 27]LogModuleManager: Shutting down and abandoning module HierarchicalLODOutliner (205)
[2016.05.20-06.01.53:183][ 27]LogModuleManager: Shutting down and abandoning module CrashTracker (204)
[2016.05.20-06.01.53:183][ 27]LogModuleManager: Shutting down and abandoning module SceneOutliner (203)
[2016.05.20-06.01.53:183][ 27]LogModuleManager: Shutting down and abandoning module WorldBrowser (202)
[2016.05.20-06.01.53:184][ 27]LogModuleManager: Shutting down and abandoning module SuperSearch (201)
[2016.05.20-06.01.53:184][ 27]LogModuleManager: Shutting down and abandoning module WidgetCarousel (200)
[2016.05.20-06.01.53:184][ 27]LogModuleManager: Shutting down and abandoning module AddContentDialog (199)
[2016.05.20-06.01.53:185][ 27]LogModuleManager: Shutting down and abandoning module GameplayTags (198)
[2016.05.20-06.01.53:185][ 27]LogModuleManager: Shutting down and abandoning module EditorWidgets (197)
[2016.05.20-06.01.53:185][ 27]LogModuleManager: Shutting down and abandoning module CollectionManager (196)
[2016.05.20-06.01.53:185][ 27]LogModuleManager: Shutting down and abandoning module StatsViewer (195)
[2016.05.20-06.01.53:185][ 27]LogModuleManager: Shutting down and abandoning module FoliageEdit (194)
[2016.05.20-06.01.53:185][ 27]LogModuleManager: Shutting down and abandoning module LandscapeEditor (193)
[2016.05.20-06.01.53:185][ 27]LogModuleManager: Shutting down and abandoning module ActorPickerMode (192)
[2016.05.20-06.01.53:185][ 27]LogModuleManager: Shutting down and abandoning module GeometryMode (191)
[2016.05.20-06.01.53:185][ 27]LogModuleManager: Shutting down and abandoning module TextureAlignMode (190)
[2016.05.20-06.01.53:185][ 27]LogModuleManager: Shutting down and abandoning module BspMode (189)
[2016.05.20-06.01.53:185][ 27]LogModuleManager: Shutting down and abandoning module PlacementMode (188)
[2016.05.20-06.01.53:185][ 27]LogModuleManager: Shutting down and abandoning module AutomationWorker (187)
[2016.05.20-06.01.53:185][ 27]LogModuleManager: Shutting down and abandoning module CharacterAI (186)
[2016.05.20-06.01.53:185][ 27]LogModuleManager: Shutting down and abandoning module SmartSnapping (185)
[2016.05.20-06.01.53:185][ 27]LogModuleManager: Shutting down and abandoning module ViewportSnapping (184)
[2016.05.20-06.01.53:185][ 27]LogModuleManager: Shutting down and abandoning module LogVisualizer (183)
[2016.05.20-06.01.53:185][ 27]LogModuleManager: Shutting down and abandoning module GameProjectGeneration (182)
[2016.05.20-06.01.53:185][ 27]LogModuleManager: Shutting down and abandoning module IntroTutorials (181)
[2016.05.20-06.01.53:185][ 27]LogModuleManager: Shutting down and abandoning module EditorLiveStreaming (180)
[2016.05.20-06.01.53:185][ 27]LogModuleManager: Shutting down and abandoning module IOSPlatformEditor (179)
[2016.05.20-06.01.53:185][ 27]LogModuleManager: Shutting down and abandoning module HTML5PlatformEditor (178)
[2016.05.20-06.01.53:185][ 27]LogModuleManager: Shutting down and abandoning module AndroidDeviceDetection (177)
[2016.05.20-06.01.53:579][ 27]LogModuleManager: Shutting down and abandoning module AndroidPlatformEditor (176)
[2016.05.20-06.01.53:579][ 27]LogModuleManager: Shutting down and abandoning module IOSRuntimeSettings (175)
[2016.05.20-06.01.53:579][ 27]LogModuleManager: Shutting down and abandoning module AndroidRuntimeSettings (174)
[2016.05.20-06.01.53:579][ 27]LogModuleManager: Shutting down and abandoning module MergeActors (173)
[2016.05.20-06.01.53:579][ 27]LogModuleManager: Shutting down and abandoning module SizeMap (172)
[2016.05.20-06.01.53:579][ 27]LogModuleManager: Shutting down and abandoning module TreeMap (171)
[2016.05.20-06.01.53:579][ 27]LogModuleManager: Shutting down and abandoning module ReferenceViewer (170)
[2016.05.20-06.01.53:579][ 27]LogModuleManager: Shutting down and abandoning module LocalizationService (169)
[2016.05.20-06.01.53:579][ 27]LogModuleManager: Shutting down and abandoning module LocalizationDashboard (168)
[2016.05.20-06.01.53:579][ 27]LogModuleManager: Shutting down and abandoning module HardwareTargeting (167)
[2016.05.20-06.01.53:579][ 27]LogModuleManager: Shutting down and abandoning module DeviceProfileEditor (166)
[2016.05.20-06.01.53:579][ 27]LogModuleManager: Shutting down and abandoning module UndoHistory (165)
[2016.05.20-06.01.53:579][ 27]LogModuleManager: Shutting down and abandoning module UserFeedback (164)
[2016.05.20-06.01.53:579][ 27]LogModuleManager: Shutting down and abandoning module XmlParser (163)
[2016.05.20-06.01.53:579][ 27]LogModuleManager: Shutting down and abandoning module Blutility (162)
[2016.05.20-06.01.53:579][ 27]LogModuleManager: Shutting down and abandoning module ProjectTargetPlatformEditor (161)
[2016.05.20-06.01.53:580][ 27]LogModuleManager: Shutting down and abandoning module ProjectSettingsViewer (160)
[2016.05.20-06.01.53:580][ 27]LogModuleManager: Shutting down and abandoning module InputBindingEditor (159)
[2016.05.20-06.01.53:580][ 27]LogModuleManager: Shutting down and abandoning module EditorSettingsViewer (158)
[2016.05.20-06.01.53:580][ 27]LogModuleManager: Shutting down and abandoning module SettingsEditor (157)
[2016.05.20-06.01.53:580][ 27]LogModuleManager: Shutting down and abandoning module ProjectLauncher (156)
[2016.05.20-06.01.53:580][ 27]LogModuleManager: Shutting down and abandoning module SessionFrontend (155)
[2016.05.20-06.01.53:580][ 27]LogModuleManager: Shutting down and abandoning module ProfilerClient (154)
[2016.05.20-06.01.53:580][ 27]LogModuleManager: Shutting down and abandoning module TargetDeviceServices (153)
[2016.05.20-06.01.53:580][ 27]LogModuleManager: Shutting down and abandoning module DeviceManager (152)
[2016.05.20-06.01.53:612][ 27]LogModuleManager: Shutting down and abandoning module AutomationController (151)
[2016.05.20-06.01.53:612][ 27]LogModuleManager: Shutting down and abandoning module AutomationWindow (150)
[2016.05.20-06.01.53:612][ 27]LogModuleManager: Shutting down and abandoning module Layers (149)
[2016.05.20-06.01.53:612][ 27]LogModuleManager: Shutting down and abandoning module ComponentVisualizers (148)
[2016.05.20-06.01.53:612][ 27]LogModuleManager: Shutting down and abandoning module DetailCustomizations (147)
[2016.05.20-06.01.53:612][ 27]LogModuleManager: Shutting down and abandoning module PackagesDialog (146)
[2016.05.20-06.01.53:612][ 27]LogModuleManager: Shutting down and abandoning module Persona (145)
[2016.05.20-06.01.53:612][ 27]LogModuleManager: Shutting down and abandoning module Kismet (144)
[2016.05.20-06.01.53:612][ 27]LogModuleManager: Shutting down and abandoning module GraphEditor (143)
[2016.05.20-06.01.53:612][ 27]LogModuleManager: Shutting down and abandoning module ClassViewer (142)
[2016.05.20-06.01.53:612][ 27]LogModuleManager: Shutting down and abandoning module Toolbox (141)
[2016.05.20-06.01.53:612][ 27]LogModuleManager: Shutting down and abandoning module ModuleUI (140)
[2016.05.20-06.01.53:612][ 27]LogModuleManager: Shutting down and abandoning module MovieSceneTools (139)
[2016.05.20-06.01.53:612][ 27]LogModuleManager: Shutting down and abandoning module OutputLog (138)
[2016.05.20-06.01.53:612][ 27]LogModuleManager: Shutting down and abandoning module GammaUI (137)
[2016.05.20-06.01.53:612][ 27]LogModuleManager: Shutting down and abandoning module Documentation (136)
[2016.05.20-06.01.53:612][ 27]LogModuleManager: Shutting down and abandoning module StreamingPauseRendering (135)
[2016.05.20-06.01.53:612][ 27]LogModuleManager: Shutting down and abandoning module AnalyticsET (134)
[2016.05.20-06.01.53:612][ 27]LogModuleManager: Shutting down and abandoning module Analytics (133)
[2016.05.20-06.01.53:612][ 27]LogModuleManager: Shutting down and abandoning module PortalServices (132)
[2016.05.20-06.01.53:612][ 27]LogModuleManager: Shutting down and abandoning module PortalRpc (131)
[2016.05.20-06.01.53:612][ 27]LogModuleManager: Shutting down and abandoning module MessagingRpc (130)
[2016.05.20-06.01.53:612][ 27]LogModuleManager: Shutting down and abandoning module AITestSuite (129)
[2016.05.20-06.01.53:612][ 27]LogModuleManager: Shutting down and abandoning module GameplayDebugger (128)
[2016.05.20-06.01.53:612][ 27]LogModuleManager: Shutting down and abandoning module AIModule (127)
[2016.05.20-06.01.53:612][ 27]LogModuleManager: Shutting down and abandoning module ProfilerService (126)
[2016.05.20-06.01.53:778][ 27]LogModuleManager: Shutting down and abandoning module TaskGraph (125)
[2016.05.20-06.01.53:778][ 27]LogModuleManager: Shutting down and abandoning module SlateRemote (124)
[2016.05.20-06.01.53:778][ 27]LogModuleManager: Shutting down and abandoning module SteamVRController (123)
[2016.05.20-06.01.53:778][ 27]LogModuleManager: Shutting down and abandoning module SteamVR (122)
[2016.05.20-06.01.53:778][ 27]LogModuleManager: Shutting down and abandoning module ProceduralMeshComponent (121)
[2016.05.20-06.01.53:778][ 27]LogModuleManager: Shutting down and abandoning module OculusLibrary (120)
[2016.05.20-06.01.53:778][ 27]LogModuleManager: Shutting down and abandoning module OculusInput (119)
[2016.05.20-06.01.53:778][ 27]LogModuleManager: Shutting down and abandoning module CustomMeshComponent (118)
[2016.05.20-06.01.53:778][ 27]LogModuleManager: Shutting down and abandoning module CableComponent (117)
[2016.05.20-06.01.53:778][ 27]LogModuleManager: Shutting down and abandoning module ArchVisCharacter (116)
[2016.05.20-06.01.53:778][ 27]LogModuleManager: Shutting down and abandoning module MediaPlayerEditor (115)
[2016.05.20-06.01.53:778][ 27]LogModuleManager: Shutting down and abandoning module HTML5Networking (114)
[2016.05.20-06.01.53:778][ 27]LogModuleManager: Shutting down and abandoning module SpeedTreeImporter (113)
[2016.05.20-06.01.53:778][ 27]LogModuleManager: Shutting down and abandoning module PluginBrowser (112)
[2016.05.20-06.01.53:779][ 27]LogModuleManager: Shutting down and abandoning module EpicSurvey (111)
[2016.05.20-06.01.53:779][ 27]LogModuleManager: Shutting down and abandoning module DesktopPlatform (110)
[2016.05.20-06.01.53:779][ 27]LogModuleManager: Shutting down and abandoning module VisualStudioSourceCodeAccess (109)
[2016.05.20-06.01.53:779][ 27]LogModuleManager: Shutting down and abandoning module UObjectPlugin (108)
[2016.05.20-06.01.53:779][ 27]LogModuleManager: Shutting down and abandoning module SubversionSourceControl (107)
[2016.05.20-06.01.53:779][ 27]LogModuleManager: Shutting down and abandoning module PerforceSourceControl (106)
[2016.05.20-06.01.53:779][ 27]LogModuleManager: Shutting down and abandoning module SourceControl (105)
[2016.05.20-06.01.53:779][ 27]LogModuleManager: Shutting down and abandoning module GitSourceControl (104)
[2016.05.20-06.01.53:779][ 27]LogModuleManager: Shutting down and abandoning module LightPropagationVolumeEditor (103)
[2016.05.20-06.01.53:779][ 27]LogModuleManager: Shutting down and abandoning module PaperTiledImporter (102)
[2016.05.20-06.01.53:779][ 27]LogModuleManager: Shutting down and abandoning module PaperSpriteSheetImporter (101)
[2016.05.20-06.01.53:779][ 27]LogModuleManager: Shutting down and abandoning module MeshPaint (100)
[2016.05.20-06.01.53:779][ 27]LogModuleManager: Shutting down and abandoning module HotReload (99)
[2016.05.20-06.01.53:779][ 27]LogModuleManager: Shutting down and abandoning module MainFrame (98)
[2016.05.20-06.01.53:779][ 27]LogModuleManager: Shutting down and abandoning module LevelEditor (97)
[2016.05.20-06.01.53:780][ 27]LogModuleManager: Shutting down and abandoning module DirectoryWatcher (96)
[2016.05.20-06.01.53:780][ 27]LogModuleManager: Shutting down and abandoning module AssetRegistry (95)
[2016.05.20-06.01.53:873][ 27]LogModuleManager: Shutting down and abandoning module ContentBrowser (94)
[2016.05.20-06.01.53:873][ 27]LogModuleManager: Shutting down and abandoning module Paper2DEditor (93)
[2016.05.20-06.01.53:874][ 27]LogModuleManager: Shutting down and abandoning module UdpMessaging (92)
[2016.05.20-06.01.53:974][ 27]LogModuleManager: Shutting down and abandoning module LightPropagationVolumeRuntime (91)
[2016.05.20-06.01.53:974][ 27]LogModuleManager: Shutting down and abandoning module Paper2D (90)
[2016.05.20-06.01.53:974][ 27]LogModuleManager: Shutting down and abandoning module WindowsMoviePlayer (89)
[2016.05.20-06.01.53:974][ 27]LogModuleManager: Shutting down and abandoning module Media (88)
[2016.05.20-06.01.53:974][ 27]LogModuleManager: Shutting down and abandoning module WmfMedia (87)
[2016.05.20-06.01.53:974][ 27]LogModuleManager: Shutting down and abandoning module MediaAssets (86)
[2016.05.20-06.01.53:974][ 27]LogModuleManager: Shutting down and abandoning module GameLiveStreaming (85)
[2016.05.20-06.01.53:974][ 27]LogModuleManager: Shutting down and abandoning module GameplayTagsEditor (84)
[2016.05.20-06.01.53:974][ 27]LogModuleManager: Shutting down and abandoning module OnlineBlueprintSupport (83)
[2016.05.20-06.01.53:974][ 27]LogModuleManager: Shutting down and abandoning module GameplayTasksEditor (82)
[2016.05.20-06.01.53:974][ 27]LogModuleManager: Shutting down and abandoning module PropertyEditor (81)
[2016.05.20-06.01.53:974][ 27]LogModuleManager: Shutting down and abandoning module BehaviorTreeEditor (80)
[2016.05.20-06.01.53:974][ 27]LogModuleManager: Shutting down and abandoning module FunctionalTesting (79)
[2016.05.20-06.01.53:974][ 27]LogModuleManager: Shutting down and abandoning module CollisionAnalyzer (78)
[2016.05.20-06.01.53:974][ 27]LogModuleManager: Shutting down and abandoning module WorkspaceMenuStructure (77)
[2016.05.20-06.01.53:974][ 27]LogModuleManager: Shutting down and abandoning module MessageLog (76)
[2016.05.20-06.01.53:974][ 27]LogModuleManager: Shutting down and abandoning module Sequencer (75)
[2016.05.20-06.01.53:974][ 27]LogModuleManager: Shutting down and abandoning module AssetTools (74)
[2016.05.20-06.01.53:974][ 27]LogModuleManager: Shutting down and abandoning module UMGEditor (73)
[2016.05.20-06.01.53:974][ 27]LogModuleManager: Shutting down and abandoning module UMG (72)
[2016.05.20-06.01.53:974][ 27]LogModuleManager: Shutting down and abandoning module SlateReflector (71)
[2016.05.20-06.01.53:974][ 27]LogModuleManager: Shutting down and abandoning module Slate (70)
[2016.05.20-06.01.53:974][ 27]LogModuleManager: Shutting down and abandoning module EditorStyle (69)
[2016.05.20-06.01.53:976][ 27]LogModuleManager: Shutting down and abandoning module SessionServices (68)
[2016.05.20-06.01.53:976][ 27]LogModuleManager: Shutting down and abandoning module SourceCodeAccess (67)
[2016.05.20-06.01.53:976][ 27]LogModuleManager: Shutting down and abandoning module HeadMountedDisplay (66)
[2016.05.20-06.01.53:976][ 27]LogModuleManager: Shutting down and abandoning module XAudio2 (65)
[2016.05.20-06.01.53:976][ 27]LogModuleManager: Shutting down and abandoning module Networking (63)
[2016.05.20-06.01.53:976][ 27]LogModuleManager: Shutting down and abandoning module Core (62)
[2016.05.20-06.01.53:976][ 27]LogModuleManager: Shutting down and abandoning module KismetCompiler (61)
[2016.05.20-06.01.53:976][ 27]LogModuleManager: Shutting down and abandoning module PhysXFormats (60)
[2016.05.20-06.01.53:976][ 27]LogModuleManager: Shutting down and abandoning module MeshUtilities (59)
[2016.05.20-06.01.53:976][ 27]LogModuleManager: Shutting down and abandoning module CookingStats (58)
[2016.05.20-06.01.53:976][ 27]LogModuleManager: Shutting down and abandoning module DerivedDataCache (57)
[2016.05.20-06.01.53:976][ 27]LogDerivedDataCache: Shutdown
[2016.05.20-06.01.53:976][ 27]LogModuleManager: Shutting down and abandoning module ShaderFormatOpenGL (56)
[2016.05.20-06.01.53:976][ 27]LogModuleManager: Shutting down and abandoning module ShaderFormatD3D (55)
[2016.05.20-06.01.53:976][ 27]LogModuleManager: Shutting down and abandoning module MetalShaderFormat (54)
[2016.05.20-06.01.53:976][ 27]LogModuleManager: Shutting down and abandoning module TextureFormatUncompressed (53)
[2016.05.20-06.01.53:977][ 27]LogModuleManager: Shutting down and abandoning module TextureFormatPVR (52)
[2016.05.20-06.01.53:977][ 27]LogModuleManager: Shutting down and abandoning module TextureFormatIntelISPCTexComp (51)
[2016.05.20-06.01.53:977][ 27]LogModuleManager: Shutting down and abandoning module TextureFormatDXT (50)
[2016.05.20-06.01.53:977][ 27]LogModuleManager: Shutting down and abandoning module ImageWrapper (49)
[2016.05.20-06.01.53:977][ 27]LogModuleManager: Shutting down and abandoning module TextureFormatASTC (48)
[2016.05.20-06.01.53:977][ 27]LogModuleManager: Shutting down and abandoning module TextureFormatAndroid (47)
[2016.05.20-06.01.53:977][ 27]LogModuleManager: Shutting down and abandoning module AudioFormatOpus (46)
[2016.05.20-06.01.53:977][ 27]LogModuleManager: Shutting down and abandoning module AudioFormatOgg (45)
[2016.05.20-06.01.53:977][ 27]LogModuleManager: Shutting down and abandoning module AudioFormatADPCM (44)
[2016.05.20-06.01.53:977][ 27]LogModuleManager: Shutting down and abandoning module LinuxTargetPlatform (43)
[2016.05.20-06.01.53:977][ 27]LogModuleManager: Shutting down and abandoning module LinuxServerTargetPlatform (42)
[2016.05.20-06.01.53:977][ 27]LogModuleManager: Shutting down and abandoning module LinuxNoEditorTargetPlatform (41)
[2016.05.20-06.01.53:977][ 27]LogModuleManager: Shutting down and abandoning module TVOSTargetPlatform (40)
[2016.05.20-06.01.53:977][ 27]LogModuleManager: Shutting down and abandoning module Messaging (39)
[2016.05.20-06.01.53:977][ 27]LogModuleManager: Shutting down and abandoning module IOSTargetPlatform (38)
[2016.05.20-06.01.53:977][ 27]LogModuleManager: Shutting down and abandoning module HTML5TargetPlatform (37)
[2016.05.20-06.01.53:977][ 27]LogModuleManager: Shutting down and abandoning module Android_PVRTCTargetPlatform (36)
[2016.05.20-06.01.53:977][ 27]LogModuleManager: Shutting down and abandoning module Android_MultiTargetPlatform (35)
[2016.05.20-06.01.53:977][ 27]LogModuleManager: Shutting down and abandoning module Android_ETC2TargetPlatform (34)
[2016.05.20-06.01.53:977][ 27]LogModuleManager: Shutting down and abandoning module Android_ETC1TargetPlatform (33)
[2016.05.20-06.01.53:977][ 27]LogModuleManager: Shutting down and abandoning module Android_DXTTargetPlatform (32)
[2016.05.20-06.01.53:977][ 27]LogModuleManager: Shutting down and abandoning module Android_ATCTargetPlatform (31)
[2016.05.20-06.01.53:977][ 27]LogModuleManager: Shutting down and abandoning module Android_ASTCTargetPlatform (30)
[2016.05.20-06.01.53:977][ 27]LogModuleManager: Shutting down and abandoning module AndroidTargetPlatform (29)
[2016.05.20-06.01.53:977][ 27]LogModuleManager: Shutting down and abandoning module WindowsTargetPlatform (28)
[2016.05.20-06.01.53:977][ 27]LogModuleManager: Shutting down and abandoning module WindowsServerTargetPlatform (27)
[2016.05.20-06.01.53:977][ 27]LogModuleManager: Shutting down and abandoning module WindowsNoEditorTargetPlatform (26)
[2016.05.20-06.01.53:977][ 27]LogModuleManager: Shutting down and abandoning module WindowsClientTargetPlatform (25)
[2016.05.20-06.01.53:977][ 27]LogModuleManager: Shutting down and abandoning module AllDesktopTargetPlatform (24)
[2016.05.20-06.01.53:977][ 27]LogModuleManager: Shutting down and abandoning module TargetPlatform (23)
[2016.05.20-06.01.53:977][ 27]LogModuleManager: Shutting down and abandoning module InputCore (22)
[2016.05.20-06.01.53:977][ 27]LogModuleManager: Shutting down and abandoning module Settings (21)
[2016.05.20-06.01.53:977][ 27]LogModuleManager: Shutting down and abandoning module OnlineSubsystem (19)
[2016.05.20-06.01.53:977][ 27]LogModuleManager: Shutting down and abandoning module HTTP (18)
[2016.05.20-06.01.54:979][ 27]LogModuleManager: Shutting down and abandoning module XMPP (17)
[2016.05.20-06.01.54:979][ 27]LogModuleManager: Shutting down and abandoning module OculusRift (16)
[2016.05.20-06.01.54:979][ 27]LogModuleManager: Shutting down and abandoning module ExampleDeviceProfileSelector (15)
[2016.05.20-06.01.54:979][ 27]LogModuleManager: Shutting down and abandoning module TextureCompressor (14)
[2016.05.20-06.01.54:979][ 27]LogModuleManager: Shutting down and abandoning module ShaderCore (13)
[2016.05.20-06.01.54:979][ 27]LogModuleManager: Shutting down and abandoning module Landscape (12)
[2016.05.20-06.01.54:979][ 27]LogModuleManager: Shutting down and abandoning module SlateRHIRenderer (11)
[2016.05.20-06.01.54:980][ 27]LogModuleManager: Shutting down and abandoning module OpenGLDrv (10)
[2016.05.20-06.01.54:980][ 27]LogModuleManager: Shutting down and abandoning module D3D11RHI (9)
[2016.05.20-06.01.54:980][ 27]LogModuleManager: Shutting down and abandoning module AnimGraphRuntime (8)
[2016.05.20-06.01.54:980][ 27]LogModuleManager: Shutting down and abandoning module Renderer (7)
[2016.05.20-06.01.54:980][ 27]LogModuleManager: Shutting down and abandoning module Engine (6)
[2016.05.20-06.01.54:980][ 27]LogModuleManager: Shutting down and abandoning module CoreUObject (5)
[2016.05.20-06.01.54:980][ 27]LogModuleManager: Shutting down and abandoning module NetworkFile (4)
[2016.05.20-06.01.54:980][ 27]LogModuleManager: Shutting down and abandoning module StreamingFile (3)
[2016.05.20-06.01.54:980][ 27]LogModuleManager: Shutting down and abandoning module SandboxFile (2)
[2016.05.20-06.01.54:980][ 27]LogModuleManager: Shutting down and abandoning module PakFile (1)
[2016.05.20-06.01.54:982][ 27]LogExit: Exiting.
[2016.05.20-06.01.54:983][ 27]Log file closed, 05/19/16 23:01:54
