Log file open, 05/23/16 16:03:14
LogInit:Display: Running engine for game: GameJamRigging
LogPlatformFile: Not using cached read wrapper
LogInit:Display: RandInit(1814441636) SRandInit(1814441638).
LogTaskGraph: Started task graph with 4 named threads and 7 total threads.
LogStats: Stats thread started at 0.085751
LogInit: Version: 4.11.2-2946394+++UE4+Release-4.11
LogInit: API Version: 2927265
LogInit: Compiled (64-bit): Apr 18 2016 02:18:46
LogInit: Compiled with Visual C++: 19.00.23026.00
LogInit: Build Configuration: Development
LogInit: Branch Name: ++UE4+Release-4.11
LogInit: Command line:  
LogInit: Base directory: C:/Program Files (x86)/Epic Games/4.11/Engine/Binaries/Win64/
LogInit: Installed Engine Build: 1
LogInit: Using libcurl 7.41.0
LogInit:  - built for x86_64-pc-win32
LogInit:  - supports SSL with WinSSL
LogInit:  - other features:
LogInit:      CURL_VERSION_SSL
LogInit:      CURL_VERSION_IPV6
LogInit:      CURL_VERSION_ASYNCHDNS
LogInit:      CURL_VERSION_LARGEFILE
LogInit:      CURL_VERSION_IDN
LogInit:  CurlRequestOptions (configurable via config and command line):
LogInit:  - bVerifyPeer = true  - Libcurl will verify peer certificate
LogInit:  - bUseHttpProxy = false  - Libcurl will NOT use HTTP proxy
LogInit:  - bDontReuseConnections = false  - Libcurl will reuse connections
LogInit:  - CertBundlePath = nullptr  - Libcurl will use whatever was configured at build time.
LogInit: Presizing for max 16777216 objects, including 0 objects not considered by GC, pre-allocating 0 bytes for permanent pool.
LogInit: Object subsystem initialized
[2016.05.23-23.03.14:218][  0]LogInit: Selected Device Profile: [Windows]
[2016.05.23-23.03.14:218][  0]LogInit: Applying CVar settings loaded from the selected device profile: [Windows]
[2016.05.23-23.03.14:223][  0]LogInit: Computer: DUMPRING
[2016.05.23-23.03.14:223][  0]LogInit: User: theco000
[2016.05.23-23.03.14:223][  0]LogInit: CPU Page size=65536, Cores=4
[2016.05.23-23.03.14:223][  0]LogInit: High frequency timer resolution =3.615414 MHz
[2016.05.23-23.03.14:224][  0]LogMemory: Memory total: Physical=15.9GB (16GB approx)
[2016.05.23-23.03.14:224][  0]LogMemory: Platform Memory Stats for Windows
[2016.05.23-23.03.14:224][  0]LogMemory: Process Physical Memory: 314.43 MB used, 314.43 MB peak
[2016.05.23-23.03.14:224][  0]LogMemory: Process Virtual Memory: 314.99 MB used, 314.99 MB peak
[2016.05.23-23.03.14:224][  0]LogMemory: Physical Memory: 5310.54 MB used, 16326.09 MB total
[2016.05.23-23.03.14:224][  0]LogMemory: Virtual Memory: 639.07 MB used, 134217728.00 MB total
[2016.05.23-23.03.14:263][  0]LogTextLocalizationManager: No specific translations for ('en-US') exist, so ('en') translations will be used.
[2016.05.23-23.03.14:660][  0]LogD3D11RHI: D3D11 adapters:
[2016.05.23-23.03.14:686][  0]LogD3D11RHI:    0. 'NVIDIA GeForce GTX 780' (Feature Level 11_0)
[2016.05.23-23.03.14:686][  0]LogD3D11RHI:       3013MB of dedicated video memory, 0MB of dedicated system memory, and 8163MB of shared system memory, 2 output[s]
[2016.05.23-23.03.14:687][  0]LogD3D11RHI:    1. 'Microsoft Basic Render Driver' (Feature Level 11_0)
[2016.05.23-23.03.14:687][  0]LogD3D11RHI:       0MB of dedicated video memory, 0MB of dedicated system memory, and 8163MB of shared system memory, 0 output[s]
[2016.05.23-23.03.14:687][  0]LogD3D11RHI: Chosen D3D11 Adapter: 0
[2016.05.23-23.03.14:691][  0]LogD3D11RHI: Creating new Direct3DDevice
[2016.05.23-23.03.14:692][  0]LogD3D11RHI:     Adapter Name: NVIDIA GeForce GTX 780
[2016.05.23-23.03.14:692][  0]LogD3D11RHI:   Driver Version: 10.18.13.6510 (internal 10.18.13.6510)
[2016.05.23-23.03.14:692][  0]LogD3D11RHI:      Driver Date: 4-27-2016
[2016.05.23-23.03.14:692][  0]LogRHI: Texture pool is 1361 MB (70% of 1945 MB)
[2016.05.23-23.03.14:705][  0]LogD3D11RHI: Async texture creation enabled
[2016.05.23-23.03.14:715][  0]LogShaderCompilers: Guid format shader working directory is 12 characters bigger than the processId version (D:/Git/RiggingShooter/GameJamRigging/Intermediate/Shaders/WorkingDirectory/13852/).
[2016.05.23-23.03.14:715][  0]LogShaderCompilers: Cleaned the shader compiler working directory 'C:/Users/THECO_~1/AppData/Local/Temp/UnrealShaderWorkingDir/B69AE0E943FBC1CF225F74A817A6481D/'.
[2016.05.23-23.03.14:715][  0]LogShaderCompilers:Display: Using Local Shader Compiler.
[2016.05.23-23.03.15:611][  0]LogTemp:Display: Loaded TP AllDesktopTargetPlatform
[2016.05.23-23.03.15:619][  0]LogTemp:Display: Loaded TP WindowsClientTargetPlatform
[2016.05.23-23.03.15:627][  0]LogTemp:Display: Loaded TP WindowsNoEditorTargetPlatform
[2016.05.23-23.03.15:636][  0]LogTemp:Display: Loaded TP WindowsServerTargetPlatform
[2016.05.23-23.03.15:645][  0]LogTemp:Display: Loaded TP WindowsTargetPlatform
[2016.05.23-23.03.15:649][  0]LogTemp:Display: Loaded TP AndroidTargetPlatform
[2016.05.23-23.03.15:652][  0]LogTemp:Display: Loaded TP Android_ASTCTargetPlatform
[2016.05.23-23.03.15:654][  0]LogTemp:Display: Loaded TP Android_ATCTargetPlatform
[2016.05.23-23.03.15:657][  0]LogTemp:Display: Loaded TP Android_DXTTargetPlatform
[2016.05.23-23.03.15:659][  0]LogTemp:Display: Loaded TP Android_ETC1TargetPlatform
[2016.05.23-23.03.15:662][  0]LogTemp:Display: Loaded TP Android_ETC2TargetPlatform
[2016.05.23-23.03.15:667][  0]LogTemp:Display: Loaded TP Android_MultiTargetPlatform
[2016.05.23-23.03.15:667][  0]LogTemp:Display: Loaded TP Android_PVRTCTargetPlatform
[2016.05.23-23.03.15:667][  0]LogTemp:Display: Loaded TP HTML5TargetPlatform
[2016.05.23-23.03.15:684][  0]LogTemp:Display: Loaded TP IOSTargetPlatform
[2016.05.23-23.03.15:687][  0]LogTemp:Display: Loaded TP TVOSTargetPlatform
[2016.05.23-23.03.15:692][  0]LogTemp:Display: Loaded TP LinuxNoEditorTargetPlatform
[2016.05.23-23.03.15:697][  0]LogTemp:Display: Loaded TP LinuxServerTargetPlatform
[2016.05.23-23.03.15:701][  0]LogTemp:Display: Loaded TP LinuxTargetPlatform
[2016.05.23-23.03.15:701][  0]LogTargetPlatformManager:Display: Building Assets For Windows
[2016.05.23-23.03.15:762][  0]LogDerivedDataCache:Display: Max Cache Size: 512 MB
[2016.05.23-23.03.15:806][  0]LogDerivedDataCache: Loaded boot cache 0.04s 46MB C:/Users/theco_000/AppData/Local/UnrealEngine/4.11/DerivedDataCache/Boot.ddc.
[2016.05.23-23.03.15:806][  0]LogDerivedDataCache:Display: Loaded Boot cache: C:/Users/theco_000/AppData/Local/UnrealEngine/4.11/DerivedDataCache/Boot.ddc
[2016.05.23-23.03.15:806][  0]LogDerivedDataCache: FDerivedDataBackendGraph:  Pak pak cache file D:/Git/RiggingShooter/GameJamRigging/DerivedDataCache/DDC.ddp not found, will not use a pak cache.
[2016.05.23-23.03.15:806][  0]LogDerivedDataCache: Unable to find inner node Pak for hierarchical cache Hierarchy.
[2016.05.23-23.03.15:806][  0]LogDerivedDataCache: FDerivedDataBackendGraph:  CompressedPak pak cache file D:/Git/RiggingShooter/GameJamRigging/DerivedDataCache/Compressed.ddp not found, will not use a pak cache.
[2016.05.23-23.03.15:806][  0]LogDerivedDataCache: Unable to find inner node CompressedPak for hierarchical cache Hierarchy.
[2016.05.23-23.03.15:824][  0]LogDerivedDataCache:Display: Pak cache opened for reading ../../../Engine/DerivedDataCache/Compressed.ddp.
[2016.05.23-23.03.15:836][  0]LogDerivedDataCache: Using Local data cache path C:/Users/theco_000/AppData/Local/UnrealEngine/Common/DerivedDataCache: Writable
[2016.05.23-23.03.15:994][  0]LogInit: Selected Device Profile: [Windows]
[2016.05.23-23.03.15:995][  0]LogContentStreaming: Texture pool size is 0.00 MB
[2016.05.23-23.03.16:033][  0]LogMaterial: Uniform references updated for custom material expression Custom.
[2016.05.23-23.03.16:144][  0]LogMeshUtilities: No automatic mesh reduction module available
[2016.05.23-23.03.16:144][  0]LogMeshUtilities: No automatic mesh merging module available
[2016.05.23-23.03.16:144][  0]LogMeshUtilities: No distributed automatic mesh merging module available
[2016.05.23-23.03.16:344][  0]LogUObjectArray: 27679 objects as part of root set at end of initial load.
[2016.05.23-23.03.16:344][  0]LogUObjectAllocator: 5591592 out of 0 bytes used by permanent object pool.
[2016.05.23-23.03.16:344][  0]LogUObjectArray: CloseDisregardForGC: 0/0 objects in disregard for GC pool
[2016.05.23-23.03.16:349][  0]LogInit: WinSock: version 1.1 (2.2), MaxSocks=32767, MaxUdp=65467
[2016.05.23-23.03.16:427][  0]LogSlate: SlateFontCache - WITH_FREETYPE: 1, WITH_HARFBUZZ: 1
[2016.05.23-23.03.16:427][  0]LogSlate: SlateFontCache - WITH_FREETYPE: 1, WITH_HARFBUZZ: 1
[2016.05.23-23.03.16:531][  0]LogStreaming:Warning: Failed to read file '../../../Engine/Content/Editor/Slate/Common/Selection_16x.png' error.
[2016.05.23-23.03.16:531][  0]LogSlate: Could not find file for Slate resource: ../../../Engine/Content/Editor/Slate/Common/Selection_16x.png
[2016.05.23-23.03.16:531][  0]LogStreaming:Warning: Failed to read file '../../../Engine/Content/Editor/Slate/Common/Selection_16x.png' error.
[2016.05.23-23.03.16:531][  0]LogSlate: Could not find file for Slate resource: ../../../Engine/Content/Editor/Slate/Common/Selection_16x.png
[2016.05.23-23.03.16:531][  0]LogStreaming:Warning: Failed to read file '../../../Engine/Content/Editor/Slate/Common/Selection_16x.png' error.
[2016.05.23-23.03.16:531][  0]LogSlate: Could not find file for Slate resource: ../../../Engine/Content/Editor/Slate/Common/Selection_16x.png
[2016.05.23-23.03.17:007][  0]LogUdpMessaging: Initializing bridge on interface 0.0.0.0:0 to multicast group 230.0.0.1:6666.
[2016.05.23-23.03.17:105][  0]LogAssetRegistry: FAssetRegistry took 0.0215 seconds to start up
[2016.05.23-23.03.17:232][  0]SourceControl: Info Source control is disabled
[2016.05.23-23.03.17:233][  0]SourceControl: Info Source control is disabled
[2016.05.23-23.03.17:239][  0]SourceControl: Info Source control is disabled
[2016.05.23-23.03.17:245][  0]SourceControl: Info Source control is disabled
[2016.05.23-23.03.17:353][  0]LogHMD: Failed to initialize OpenVR with code 110
[2016.05.23-23.03.17:435][  0]LogEngine: Initializing Engine...
[2016.05.23-23.03.17:599][  0]LogAIModule: Creating AISystem for world NewWorld
[2016.05.23-23.03.17:608][  0]LogInit: XAudio2 using 'Speakers (Realtek High Definition Audio)' : 2 channels at 48 kHz using 32 bits per sample (channel mask 0x3)
[2016.05.23-23.03.17:622][  0]LogInit: FAudioDevice initialized.
[2016.05.23-23.03.17:645][  0]LogDerivedDataCache: Saved boot cache 0.02s 46MB C:/Users/theco_000/AppData/Local/UnrealEngine/4.11/DerivedDataCache/Boot.ddc.
[2016.05.23-23.03.17:648][  0]LogInit: Texture streaming: Enabled
[2016.05.23-23.03.17:669][  0]LogInit: Transaction tracking system initialized
[2016.05.23-23.03.17:688][  0]BlueprintLog: New page: Editor Load
[2016.05.23-23.03.17:743][  0]LocalizationService: Info Localization service is disabled
[2016.05.23-23.03.17:800][  0]LogConsoleResponse:Display: 
[2016.05.23-23.03.17:896][  0]LogCook:Display: Max memory allowance for cook 8192mb
[2016.05.23-23.03.17:896][  0]LogCook:Display: Mobile HDR setting 1
[2016.05.23-23.03.17:896][  0]LogCook:Display: Done creating registry. It took  0.00s.
[2016.05.23-23.03.17:933][  0]LogFileCache: Scanning file cache for directory 'D:/Git/RiggingShooter/GameJamRigging/Content/' took 0.02s
[2016.05.23-23.03.17:933][  0]SourceControl: Info Source control is disabled
[2016.05.23-23.03.17:933][  0]Cmd: MAP LOAD FILE="D:/Git/RiggingShooter/GameJamRigging/Content/Maps/ChrisTest.umap" TEMPLATE=0 SHOWPROGRESS=1 FEATURELEVEL=3
[2016.05.23-23.03.17:934][  0]LightingResults: New page: Lighting Build
[2016.05.23-23.03.17:936][  0]MapCheck: New page: Map Check
[2016.05.23-23.03.17:936][  0]LightingResults: New page: Lighting Build
[2016.05.23-23.03.19:500][  0]LogAIModule: Creating AISystem for world ChrisTest
[2016.05.23-23.03.19:506][  0]LogEditorServer: Finished looking for orphan Actors (0.000 secs)
[2016.05.23-23.03.19:507][  0]Cmd: MAP CHECKDEP NOCLEARLOG
[2016.05.23-23.03.19:566][  0]MapCheck: Info Map check complete: 0 Error(s), 0 Warning(s), took 59.442ms to complete.
[2016.05.23-23.03.19:566][  0]LogFileHelpers: Loading map 'ChrisTest' took 1.633
[2016.05.23-23.03.19:677][  0]LogCollectionManager: Loaded 0 collections in 0.001221 seconds
[2016.05.23-23.03.19:726][  0]LogFileCache: Scanning file cache for directory 'D:/Git/RiggingShooter/GameJamRigging/Saved/Collections/' took 0.01s
[2016.05.23-23.03.19:726][  0]LogFileCache: Scanning file cache for directory 'D:/Git/RiggingShooter/GameJamRigging/Content/Developers/theco000/Collections/' took 0.01s
[2016.05.23-23.03.19:726][  0]LogFileCache: Scanning file cache for directory 'D:/Git/RiggingShooter/GameJamRigging/Content/Collections/' took 0.01s
[2016.05.23-23.03.19:727][  0]LogCollectionManager: Rebuilt the GUID cache for 0 collections in 0.000003 seconds
[2016.05.23-23.03.19:733][  0]LogContentBrowser: Native class hierarchy populated in 0.0065 seconds. Added 1979 classes and 343 folders.
[2016.05.23-23.03.19:736][  0]LogStats: UGameplayTagsManager::ConstructGameplayTagTree: Construct from data asset -  0.000 s
[2016.05.23-23.03.19:736][  0]LogStats: UGameplayTagsManager::ConstructGameplayTagTree: GameplayTagTreeChangedEvent.Broadcast -  0.000 s
[2016.05.23-23.03.19:737][  0]LogContentBrowser: Native class hierarchy updated for 'GameplayTags' in 0.0004 seconds. Added 12 classes and 0 folders.
[2016.05.23-23.03.19:740][  0]LogContentBrowser: Native class hierarchy updated for 'WidgetCarousel' in 0.0003 seconds. Added 0 classes and 0 folders.
[2016.05.23-23.03.19:745][  0]LogContentBrowser: Native class hierarchy updated for 'SuperSearch' in 0.0003 seconds. Added 1 classes and 2 folders.
[2016.05.23-23.03.19:777][  0]LogContentBrowser: Native class hierarchy updated for 'AddContentDialog' in 0.0003 seconds. Added 0 classes and 0 folders.
[2016.05.23-23.03.19:782][  0]LogContentBrowser: Native class hierarchy updated for 'WorldBrowser' in 0.0003 seconds. Added 1 classes and 3 folders.
[2016.05.23-23.03.19:786][  0]LogContentBrowser: Native class hierarchy updated for 'SceneOutliner' in 0.0003 seconds. Added 1 classes and 2 folders.
[2016.05.23-23.03.19:859][  0]LogCrashTracker: Crashtracker disabled due to settings.
[2016.05.23-23.03.19:865][  0]LogUObjectGlobals:Warning: Failed to find object 'Class None.'
[2016.05.23-23.03.19:895][  0]LogContentBrowser: Native class hierarchy updated for 'HierarchicalLODOutliner' in 0.0006 seconds. Added 1 classes and 2 folders.
[2016.05.23-23.03.19:895][  0]LogLoad: Full Startup: 6.37 seconds (BP compile: 0.53 seconds)
[2016.05.23-23.03.19:895][  0]LogExternalProfiler: Found external profiler: VSPerf
[2016.05.23-23.03.19:895][  0]LogExternalProfiler: Using external profiler: VSPerf
[2016.05.23-23.03.19:904][  0]LogOcInput: OculusInput pre-init called
[2016.05.23-23.03.19:950][  0]LogContentStreaming: Texture pool size now 1000 MB
[2016.05.23-23.03.20:135][  0]LogRenderer: Reallocating scene render targets to support 1596x808 (Frame:2).
[2016.05.23-23.03.20:212][  1]LogAssetRegistry: Asset discovery search completed in 3.1290 seconds
[2016.05.23-23.03.20:212][  1]LogCollectionManager: Rebuilt the object cache for 0 collections in 0.000001 seconds (found 0 objects)
[2016.05.23-23.03.20:212][  1]LogCollectionManager: Fixed up redirectors for 0 collections in 0.000021 seconds (updated 0 objects)
[2016.05.23-23.05.40:701][598]LogFactory: FactoryCreateBinary: StaticMesh with FbxFactory (0 0 D:\GameAssets\RiggingShooter\RiggingShooterCharacter.fbx)
[2016.05.23-23.05.40:723][598]LogFbx: ItemName: GlobalSettings, ItemCount : 1
[2016.05.23-23.05.40:723][598]LogFbx: ItemName: Geometry, ItemCount : 1
[2016.05.23-23.05.40:723][598]LogFbx: ItemName: Model, ItemCount : 1
[2016.05.23-23.05.40:737][598]LogFbx: Loading FBX Scene from D:\GameAssets\RiggingShooter\RiggingShooterCharacter.fbx
[2016.05.23-23.05.40:753][598]LogFbx: FBX Scene Loaded Succesfully
[2016.05.23-23.05.47:361][598]LogFbx: Loading FBX Scene from D:\GameAssets\RiggingShooter\RiggingShooterCharacter.fbx
[2016.05.23-23.05.47:366][598]LogFbx: FBX Scene Loaded Succesfully
[2016.05.23-23.05.47:368][598]LogFbx:Warning: Triangulating static mesh Cube
[2016.05.23-23.05.47:419][598]LogStaticMesh: Building static mesh RiggingShooterCharacter...
[2016.05.23-23.05.47:426][598]LogStaticMesh: Built static mesh [0.01s] /Game/Models/RiggingShooterCharacter.RiggingShooterCharacter
[2016.05.23-23.05.47:436][598]FBXImport:Warning: Warning Warning: No smoothing group information was found in this FBX scene.  Please make sure to enable the 'Export Smoothing Groups' option in the FBX Exporter plug-in before exporting the file.  Even for tools that don't support smoothing groups, the FBX Exporter will generate appropriate smoothing data at export-time so that correct vertex normals can be inferred while importing. 
[2016.05.23-23.05.51:004][988]LogActorFactory: Actor Factory created RiggingShooterCharacter
[2016.05.23-23.05.51:574][ 44]LogActorFactory: Actor Factory created RiggingShooterCharacter
[2016.05.23-23.06.18:604][144]LogBlueprintUserMessages: Early PlayInEditor Detection: Level '/Game/Maps/ChrisTest.ChrisTest:PersistentLevel' has LevelScriptBlueprint '/Game/Maps/ChrisTest.ChrisTest:PersistentLevel.ChrisTest' with GeneratedClass '/Game/Maps/ChrisTest.ChrisTest_C' with ClassGeneratedBy '/Game/Maps/ChrisTest.ChrisTest:PersistentLevel.ChrisTest'
[2016.05.23-23.06.18:604][144]LogPlayLevel: PlayLevel: No blueprints needed recompiling
[2016.05.23-23.06.18:605][144]PIE: New page: PIE session: ChrisTest (May 23, 2016, 8:06:18 AM)
[2016.05.23-23.06.18:606][144]LogPlayLevel: Creating play world package: /Game/Maps/UEDPIE_0_ChrisTest
[2016.05.23-23.06.18:617][144]LogPlayLevel: PIE: StaticDuplicateObject took: (0.011462s)
[2016.05.23-23.06.18:617][144]LogAIModule: Creating AISystem for world ChrisTest
[2016.05.23-23.06.18:618][144]LogPlayLevel: PIE: World Init took: (0.000599s)
[2016.05.23-23.06.18:618][144]LogPlayLevel: PIE: Created PIE world by copying editor world from /Game/Maps/ChrisTest.ChrisTest to /Game/Maps/UEDPIE_0_ChrisTest.ChrisTest (0.012526s)
[2016.05.23-23.06.18:618][144]LogActorComponent: UnregisterComponent: (/Engine/Transient.ProjectileMovementComponent_40__A6522401) Not registered. Aborting.
[2016.05.23-23.06.18:618][144]LogActorComponent: UnregisterComponent: (/Engine/Transient.CharMoveComp) Not registered. Aborting.
[2016.05.23-23.06.18:693][144]LogInit: XAudio2 using 'Speakers (Realtek High Definition Audio)' : 2 channels at 48 kHz using 32 bits per sample (channel mask 0x3)
[2016.05.23-23.06.18:705][144]LogInit: FAudioDevice initialized.
[2016.05.23-23.06.18:760][144]LogWorld: Game class is 'ShooterGameMode_C'
[2016.05.23-23.06.18:763][144]LogWorld: Bringing World /Game/Maps/UEDPIE_0_ChrisTest.ChrisTest up for play (max tick rate 0) at 2016.05.23-16.06.18
[2016.05.23-23.06.18:770][144]LogWorld: Bringing up level for play took: 0.009233
[2016.05.23-23.06.18:780][144]LogContentBrowser: Native class hierarchy updated for 'MovieSceneCapture' in 0.0004 seconds. Added 9 classes and 0 folders.
[2016.05.23-23.06.18:791][144]PIE: Info Play in editor start time for /Game/Maps/UEDPIE_0_ChrisTest 0.651
[2016.05.23-23.06.18:791][144]LogBlueprintUserMessages: Late PlayInEditor Detection: Level '/Game/Maps/ChrisTest.ChrisTest:PersistentLevel' has LevelScriptBlueprint '/Game/Maps/ChrisTest.ChrisTest:PersistentLevel.ChrisTest' with GeneratedClass '/Game/Maps/ChrisTest.ChrisTest_C' with ClassGeneratedBy '/Game/Maps/ChrisTest.ChrisTest:PersistentLevel.ChrisTest'
[2016.05.23-23.06.45:183][305]LogBlueprintUserMessages: Early EndPlayMap Detection: Level '/Game/Maps/ChrisTest.ChrisTest:PersistentLevel' has LevelScriptBlueprint '/Game/Maps/ChrisTest.ChrisTest:PersistentLevel.ChrisTest' with GeneratedClass '/Game/Maps/ChrisTest.ChrisTest_C' with ClassGeneratedBy '/Game/Maps/ChrisTest.ChrisTest:PersistentLevel.ChrisTest'
[2016.05.23-23.06.45:230][305]LogBlueprintUserMessages: Late EndPlayMap Detection: Level '/Game/Maps/ChrisTest.ChrisTest:PersistentLevel' has LevelScriptBlueprint '/Game/Maps/ChrisTest.ChrisTest:PersistentLevel.ChrisTest' with GeneratedClass '/Game/Maps/ChrisTest.ChrisTest_C' with ClassGeneratedBy '/Game/Maps/ChrisTest.ChrisTest:PersistentLevel.ChrisTest'
[2016.05.23-23.06.56:861][448]LogEditorViewport: Clicking on Actor (LMB): StaticMeshActor (RiggingShooterCharacter)
[2016.05.23-23.07.02:349][ 12]LogBlueprintUserMessages: Early PlayInEditor Detection: Level '/Game/Maps/ChrisTest.ChrisTest:PersistentLevel' has LevelScriptBlueprint '/Game/Maps/ChrisTest.ChrisTest:PersistentLevel.ChrisTest' with GeneratedClass '/Game/Maps/ChrisTest.ChrisTest_C' with ClassGeneratedBy '/Game/Maps/ChrisTest.ChrisTest:PersistentLevel.ChrisTest'
[2016.05.23-23.07.02:349][ 12]LogPlayLevel: PlayLevel: No blueprints needed recompiling
[2016.05.23-23.07.02:349][ 12]PIE: New page: PIE session: ChrisTest (May 23, 2016, 8:07:02 AM)
[2016.05.23-23.07.02:350][ 12]LogPlayLevel: Creating play world package: /Game/Maps/UEDPIE_0_ChrisTest
[2016.05.23-23.07.02:359][ 12]LogPlayLevel: PIE: StaticDuplicateObject took: (0.009597s)
[2016.05.23-23.07.02:360][ 12]LogAIModule: Creating AISystem for world ChrisTest
[2016.05.23-23.07.02:360][ 12]LogPlayLevel: PIE: World Init took: (0.000543s)
[2016.05.23-23.07.02:360][ 12]LogPlayLevel: PIE: Created PIE world by copying editor world from /Game/Maps/ChrisTest.ChrisTest to /Game/Maps/UEDPIE_0_ChrisTest.ChrisTest (0.010324s)
[2016.05.23-23.07.02:375][ 12]LogInit: XAudio2 using 'Speakers (Realtek High Definition Audio)' : 2 channels at 48 kHz using 32 bits per sample (channel mask 0x3)
[2016.05.23-23.07.02:382][ 12]LogInit: FAudioDevice initialized.
[2016.05.23-23.07.02:409][ 12]LogWorld: Game class is 'ShooterGameMode_C'
[2016.05.23-23.07.02:412][ 12]LogWorld: Bringing World /Game/Maps/UEDPIE_0_ChrisTest.ChrisTest up for play (max tick rate 0) at 2016.05.23-16.07.02
[2016.05.23-23.07.02:413][ 12]LogWorld: Bringing up level for play took: 0.002675
[2016.05.23-23.07.02:416][ 12]PIE: Info Play in editor start time for /Game/Maps/UEDPIE_0_ChrisTest 0.276
[2016.05.23-23.07.02:416][ 12]LogBlueprintUserMessages: Late PlayInEditor Detection: Level '/Game/Maps/ChrisTest.ChrisTest:PersistentLevel' has LevelScriptBlueprint '/Game/Maps/ChrisTest.ChrisTest:PersistentLevel.ChrisTest' with GeneratedClass '/Game/Maps/ChrisTest.ChrisTest_C' with ClassGeneratedBy '/Game/Maps/ChrisTest.ChrisTest:PersistentLevel.ChrisTest'
[2016.05.23-23.07.06:996][560]LogSelection:Warning: PIE object was selected: "StaticMeshActor /Game/Maps/UEDPIE_0_ChrisTest.ChrisTest:PersistentLevel.RiggingShooterCharacter_4"
[2016.05.23-23.07.24:745][825]LogBlueprintUserMessages: Early EndPlayMap Detection: Level '/Game/Maps/ChrisTest.ChrisTest:PersistentLevel' has LevelScriptBlueprint '/Game/Maps/ChrisTest.ChrisTest:PersistentLevel.ChrisTest' with GeneratedClass '/Game/Maps/ChrisTest.ChrisTest_C' with ClassGeneratedBy '/Game/Maps/ChrisTest.ChrisTest:PersistentLevel.ChrisTest'
[2016.05.23-23.07.24:794][825]LogBlueprintUserMessages: Late EndPlayMap Detection: Level '/Game/Maps/ChrisTest.ChrisTest:PersistentLevel' has LevelScriptBlueprint '/Game/Maps/ChrisTest.ChrisTest:PersistentLevel.ChrisTest' with GeneratedClass '/Game/Maps/ChrisTest.ChrisTest_C' with ClassGeneratedBy '/Game/Maps/ChrisTest.ChrisTest:PersistentLevel.ChrisTest'
[2016.05.23-23.14.13:363][ 18]Cmd: OBJ SAVEPACKAGE PACKAGE="/Game/Maps/ChrisTest" FILE="D:/Git/RiggingShooter/GameJamRigging/Saved/Autosaves/Game/Maps/ChrisTest_Auto1.umap" SILENT=true AUTOSAVING=true KEEPDIRTY=false
[2016.05.23-23.14.13:501][ 18]LogSavePackage: Save=124.95ms
[2016.05.23-23.14.13:501][ 18]LogSavePackage: Moving 'D:/Git/RiggingShooter/GameJamRigging/Saved/ChrisTest_Auto11CA9AC034C454E17C0103DB3BEC05802.tmp' to 'D:/Git/RiggingShooter/GameJamRigging/Saved/Autosaves/Game/Maps/ChrisTest_Auto1.umap'
[2016.05.23-23.14.13:522][ 18]LogSavePackage: Total save time: 157.91ms
[2016.05.23-23.14.13:522][ 18]LogSavePackage:Display: Finished SavePackage D:/Git/RiggingShooter/GameJamRigging/Saved/Autosaves/Game/Maps/ChrisTest_Auto1.umap
[2016.05.23-23.14.13:523][ 18]LogFileHelpers: Editor autosave (incl. sublevels) for '/Game/Maps/ChrisTest' took 0.172
[2016.05.23-23.14.13:523][ 18]LogFileHelpers: Editor autosave (incl. sublevels) for all levels took 0.172
[2016.05.23-23.14.13:526][ 18]OBJ SavePackage: Generating thumbnails for [1] asset(s) in package [/Game/Models/RiggingShooterCharacter] ([1] browsable assets)...
[2016.05.23-23.14.13:543][ 18]OBJ SavePackage:     Rendered thumbnail for [StaticMesh /Game/Models/RiggingShooterCharacter.RiggingShooterCharacter]
[2016.05.23-23.14.13:543][ 18]OBJ SavePackage: Finished generating thumbnails for package [/Game/Models/RiggingShooterCharacter]
[2016.05.23-23.14.13:559][ 18]LogSavePackage: Save=8.74ms
[2016.05.23-23.14.13:559][ 18]LogSavePackage: Moving 'D:/Git/RiggingShooter/GameJamRigging/Saved/RiggingShooterCharacter_Auto10B94ACF54A7EBF29C1B113908E1FE107.tmp' to 'D:/Git/RiggingShooter/GameJamRigging/Saved/Autosaves/Game/Models/RiggingShooterCharacter_Auto1.uasset'
[2016.05.23-23.14.13:560][ 18]LogSavePackage: Total save time: 9.39ms
[2016.05.23-23.14.13:560][ 18]LogSavePackage:Display: Finished SavePackage D:/Git/RiggingShooter/GameJamRigging/Saved/Autosaves/Game/Models/RiggingShooterCharacter_Auto1.uasset
[2016.05.23-23.14.13:560][ 18]LogFileHelpers: Auto-saving content packages took 0.036
[2016.05.24-03.05.41:140][489]LogEditorViewport: Clicking on Actor (LMB): StaticMeshActor (RiggingShooterCharacter)
[2016.05.24-03.05.42:158][586]LogEditorViewport: Clicking on Actor (CTRL LMB): StaticMeshActor (RiggingShooterCharacter2)
[2016.05.24-03.05.43:290][708]Cmd: DELETE
[2016.05.24-03.05.43:290][708]Cmd: ACTOR DELETE
[2016.05.24-03.05.43:297][708]LogEditorActor: Deleted Actor: StaticMeshActor
[2016.05.24-03.05.43:298][708]LogEditorActor: Deleted Actor: StaticMeshActor
[2016.05.24-03.05.43:336][708]LogEditorActor: Deleted 2 Actors (0.041 secs)
[2016.05.24-03.05.48:808][167]LogActorComponent: UnregisterComponent: (/Engine/Transient.ProjectileMovementComponent_40__A6522401) Not registered. Aborting.
[2016.05.24-03.05.48:808][167]LogActorComponent: UnregisterComponent: (/Engine/Transient.CharMoveComp) Not registered. Aborting.
[2016.05.24-03.05.48:893][167]Cmd: OBJ SAVEPACKAGE PACKAGE="/Game/Maps/ChrisTest" FILE="D:/Git/RiggingShooter/GameJamRigging/Content/Maps/ChrisTest.umap" SILENT=true AUTOSAVING=false KEEPDIRTY=false
[2016.05.24-03.05.49:108][167]LogSavePackage: Save=171.02ms
[2016.05.24-03.05.49:108][167]LogSavePackage: Moving 'D:/Git/RiggingShooter/GameJamRigging/Saved/ChrisTestB8EFA4954554EA84AC714F9F198F1D09.tmp' to 'D:/Git/RiggingShooter/GameJamRigging/Content/Maps/ChrisTest.umap'
[2016.05.24-03.05.49:112][167]LogSavePackage: Total save time: 208.90ms
[2016.05.24-03.05.49:112][167]LogSavePackage:Display: Finished SavePackage D:/Git/RiggingShooter/GameJamRigging/Content/Maps/ChrisTest.umap
[2016.05.24-03.05.49:148][167]LogFileHelpers: Saving map 'ChrisTest' took 0.304
[2016.05.24-03.05.49:988][227]Cmd: QUIT_EDITOR
[2016.05.24-03.05.50:305][227]LogWindowsTextInputMethodSystem:Display: IME system now deactivated.
[2016.05.24-03.05.50:391][227]LogExit: Preparing to exit.
[2016.05.24-03.05.51:431][227]LogExit: Editor shut down
[2016.05.24-03.05.51:433][227]LogExit: Transaction tracking system shut down
[2016.05.24-03.05.51:585][227]LogObj: Freed 0b from 0 cluster array pools.
[2016.05.24-03.05.51:586][227]LogExit: Object subsystem successfully closed.
[2016.05.24-03.05.51:618][227]LogD3D11RHI: Shutdown
[2016.05.24-03.05.51:619][227]LogD3D11RHI: CleanupD3DDevice
[2016.05.24-03.05.51:712][227]LogD3D11RHI: ~FD3D11DynamicRHI
[2016.05.24-03.05.51:745][227]LogDerivedDataCache: Shutdown
[2016.05.24-03.05.51:747][227]LogModuleManager: Shutting down and abandoning module MovieSceneCapture (206)
[2016.05.24-03.05.51:747][227]LogModuleManager: Shutting down and abandoning module HierarchicalLODOutliner (205)
[2016.05.24-03.05.51:747][227]LogModuleManager: Shutting down and abandoning module CrashTracker (204)
[2016.05.24-03.05.51:747][227]LogModuleManager: Shutting down and abandoning module SceneOutliner (203)
[2016.05.24-03.05.51:747][227]LogModuleManager: Shutting down and abandoning module WorldBrowser (202)
[2016.05.24-03.05.51:747][227]LogModuleManager: Shutting down and abandoning module SuperSearch (201)
[2016.05.24-03.05.51:747][227]LogModuleManager: Shutting down and abandoning module WidgetCarousel (200)
[2016.05.24-03.05.51:747][227]LogModuleManager: Shutting down and abandoning module AddContentDialog (199)
[2016.05.24-03.05.51:775][227]LogModuleManager: Shutting down and abandoning module GameplayTags (198)
[2016.05.24-03.05.51:775][227]LogModuleManager: Shutting down and abandoning module EditorWidgets (197)
[2016.05.24-03.05.51:775][227]LogModuleManager: Shutting down and abandoning module CollectionManager (196)
[2016.05.24-03.05.51:775][227]LogModuleManager: Shutting down and abandoning module StatsViewer (195)
[2016.05.24-03.05.51:775][227]LogModuleManager: Shutting down and abandoning module FoliageEdit (194)
[2016.05.24-03.05.51:775][227]LogModuleManager: Shutting down and abandoning module LandscapeEditor (193)
[2016.05.24-03.05.51:775][227]LogModuleManager: Shutting down and abandoning module ActorPickerMode (192)
[2016.05.24-03.05.51:775][227]LogModuleManager: Shutting down and abandoning module GeometryMode (191)
[2016.05.24-03.05.51:775][227]LogModuleManager: Shutting down and abandoning module TextureAlignMode (190)
[2016.05.24-03.05.51:775][227]LogModuleManager: Shutting down and abandoning module BspMode (189)
[2016.05.24-03.05.51:775][227]LogModuleManager: Shutting down and abandoning module PlacementMode (188)
[2016.05.24-03.05.51:775][227]LogModuleManager: Shutting down and abandoning module AutomationWorker (187)
[2016.05.24-03.05.51:775][227]LogModuleManager: Shutting down and abandoning module CharacterAI (186)
[2016.05.24-03.05.51:775][227]LogModuleManager: Shutting down and abandoning module SmartSnapping (185)
[2016.05.24-03.05.51:775][227]LogModuleManager: Shutting down and abandoning module ViewportSnapping (184)
[2016.05.24-03.05.51:775][227]LogModuleManager: Shutting down and abandoning module LogVisualizer (183)
[2016.05.24-03.05.51:776][227]LogModuleManager: Shutting down and abandoning module GameProjectGeneration (182)
[2016.05.24-03.05.51:776][227]LogModuleManager: Shutting down and abandoning module IntroTutorials (181)
[2016.05.24-03.05.51:776][227]LogModuleManager: Shutting down and abandoning module EditorLiveStreaming (180)
[2016.05.24-03.05.51:776][227]LogModuleManager: Shutting down and abandoning module IOSPlatformEditor (179)
[2016.05.24-03.05.51:776][227]LogModuleManager: Shutting down and abandoning module HTML5PlatformEditor (178)
[2016.05.24-03.05.51:776][227]LogModuleManager: Shutting down and abandoning module AndroidDeviceDetection (177)
[2016.05.24-03.05.52:260][227]LogModuleManager: Shutting down and abandoning module AndroidPlatformEditor (176)
[2016.05.24-03.05.52:260][227]LogModuleManager: Shutting down and abandoning module IOSRuntimeSettings (175)
[2016.05.24-03.05.52:260][227]LogModuleManager: Shutting down and abandoning module AndroidRuntimeSettings (174)
[2016.05.24-03.05.52:260][227]LogModuleManager: Shutting down and abandoning module MergeActors (173)
[2016.05.24-03.05.52:260][227]LogModuleManager: Shutting down and abandoning module SizeMap (172)
[2016.05.24-03.05.52:260][227]LogModuleManager: Shutting down and abandoning module TreeMap (171)
[2016.05.24-03.05.52:260][227]LogModuleManager: Shutting down and abandoning module ReferenceViewer (170)
[2016.05.24-03.05.52:260][227]LogModuleManager: Shutting down and abandoning module LocalizationService (169)
[2016.05.24-03.05.52:260][227]LogModuleManager: Shutting down and abandoning module LocalizationDashboard (168)
[2016.05.24-03.05.52:260][227]LogModuleManager: Shutting down and abandoning module HardwareTargeting (167)
[2016.05.24-03.05.52:260][227]LogModuleManager: Shutting down and abandoning module DeviceProfileEditor (166)
[2016.05.24-03.05.52:260][227]LogModuleManager: Shutting down and abandoning module UndoHistory (165)
[2016.05.24-03.05.52:260][227]LogModuleManager: Shutting down and abandoning module UserFeedback (164)
[2016.05.24-03.05.52:260][227]LogModuleManager: Shutting down and abandoning module XmlParser (163)
[2016.05.24-03.05.52:261][227]LogModuleManager: Shutting down and abandoning module Blutility (162)
[2016.05.24-03.05.52:261][227]LogModuleManager: Shutting down and abandoning module ProjectTargetPlatformEditor (161)
[2016.05.24-03.05.52:261][227]LogModuleManager: Shutting down and abandoning module ProjectSettingsViewer (160)
[2016.05.24-03.05.52:261][227]LogModuleManager: Shutting down and abandoning module InputBindingEditor (159)
[2016.05.24-03.05.52:262][227]LogModuleManager: Shutting down and abandoning module EditorSettingsViewer (158)
[2016.05.24-03.05.52:262][227]LogModuleManager: Shutting down and abandoning module SettingsEditor (157)
[2016.05.24-03.05.52:262][227]LogModuleManager: Shutting down and abandoning module ProjectLauncher (156)
[2016.05.24-03.05.52:263][227]LogModuleManager: Shutting down and abandoning module SessionFrontend (155)
[2016.05.24-03.05.52:263][227]LogModuleManager: Shutting down and abandoning module ProfilerClient (154)
[2016.05.24-03.05.52:263][227]LogModuleManager: Shutting down and abandoning module TargetDeviceServices (153)
[2016.05.24-03.05.52:263][227]LogModuleManager: Shutting down and abandoning module DeviceManager (152)
[2016.05.24-03.05.52:296][227]LogModuleManager: Shutting down and abandoning module AutomationController (151)
[2016.05.24-03.05.52:296][227]LogModuleManager: Shutting down and abandoning module AutomationWindow (150)
[2016.05.24-03.05.52:296][227]LogModuleManager: Shutting down and abandoning module Layers (149)
[2016.05.24-03.05.52:296][227]LogModuleManager: Shutting down and abandoning module ComponentVisualizers (148)
[2016.05.24-03.05.52:296][227]LogModuleManager: Shutting down and abandoning module DetailCustomizations (147)
[2016.05.24-03.05.52:296][227]LogModuleManager: Shutting down and abandoning module PackagesDialog (146)
[2016.05.24-03.05.52:296][227]LogModuleManager: Shutting down and abandoning module Persona (145)
[2016.05.24-03.05.52:297][227]LogModuleManager: Shutting down and abandoning module Kismet (144)
[2016.05.24-03.05.52:298][227]LogModuleManager: Shutting down and abandoning module GraphEditor (143)
[2016.05.24-03.05.52:298][227]LogModuleManager: Shutting down and abandoning module ClassViewer (142)
[2016.05.24-03.05.52:298][227]LogModuleManager: Shutting down and abandoning module Toolbox (141)
[2016.05.24-03.05.52:298][227]LogModuleManager: Shutting down and abandoning module ModuleUI (140)
[2016.05.24-03.05.52:298][227]LogModuleManager: Shutting down and abandoning module MovieSceneTools (139)
[2016.05.24-03.05.52:298][227]LogModuleManager: Shutting down and abandoning module OutputLog (138)
[2016.05.24-03.05.52:298][227]LogModuleManager: Shutting down and abandoning module GammaUI (137)
[2016.05.24-03.05.52:298][227]LogModuleManager: Shutting down and abandoning module Documentation (136)
[2016.05.24-03.05.52:299][227]LogModuleManager: Shutting down and abandoning module StreamingPauseRendering (135)
[2016.05.24-03.05.52:299][227]LogModuleManager: Shutting down and abandoning module AnalyticsET (134)
[2016.05.24-03.05.52:299][227]LogModuleManager: Shutting down and abandoning module Analytics (133)
[2016.05.24-03.05.52:299][227]LogModuleManager: Shutting down and abandoning module PortalServices (132)
[2016.05.24-03.05.52:299][227]LogModuleManager: Shutting down and abandoning module PortalRpc (131)
[2016.05.24-03.05.52:299][227]LogModuleManager: Shutting down and abandoning module MessagingRpc (130)
[2016.05.24-03.05.52:299][227]LogModuleManager: Shutting down and abandoning module AITestSuite (129)
[2016.05.24-03.05.52:299][227]LogModuleManager: Shutting down and abandoning module GameplayDebugger (128)
[2016.05.24-03.05.52:299][227]LogModuleManager: Shutting down and abandoning module AIModule (127)
[2016.05.24-03.05.52:299][227]LogModuleManager: Shutting down and abandoning module ProfilerService (126)
[2016.05.24-03.05.52:409][227]LogModuleManager: Shutting down and abandoning module TaskGraph (125)
[2016.05.24-03.05.52:409][227]LogModuleManager: Shutting down and abandoning module SlateRemote (124)
[2016.05.24-03.05.52:410][227]LogModuleManager: Shutting down and abandoning module SteamVRController (123)
[2016.05.24-03.05.52:410][227]LogModuleManager: Shutting down and abandoning module SteamVR (122)
[2016.05.24-03.05.52:410][227]LogModuleManager: Shutting down and abandoning module ProceduralMeshComponent (121)
[2016.05.24-03.05.52:410][227]LogModuleManager: Shutting down and abandoning module OculusLibrary (120)
[2016.05.24-03.05.52:410][227]LogModuleManager: Shutting down and abandoning module OculusInput (119)
[2016.05.24-03.05.52:410][227]LogModuleManager: Shutting down and abandoning module CustomMeshComponent (118)
[2016.05.24-03.05.52:410][227]LogModuleManager: Shutting down and abandoning module CableComponent (117)
[2016.05.24-03.05.52:410][227]LogModuleManager: Shutting down and abandoning module ArchVisCharacter (116)
[2016.05.24-03.05.52:410][227]LogModuleManager: Shutting down and abandoning module MediaPlayerEditor (115)
[2016.05.24-03.05.52:410][227]LogModuleManager: Shutting down and abandoning module HTML5Networking (114)
[2016.05.24-03.05.52:410][227]LogModuleManager: Shutting down and abandoning module SpeedTreeImporter (113)
[2016.05.24-03.05.52:410][227]LogModuleManager: Shutting down and abandoning module PluginBrowser (112)
[2016.05.24-03.05.52:410][227]LogModuleManager: Shutting down and abandoning module EpicSurvey (111)
[2016.05.24-03.05.52:410][227]LogModuleManager: Shutting down and abandoning module DesktopPlatform (110)
[2016.05.24-03.05.52:410][227]LogModuleManager: Shutting down and abandoning module VisualStudioSourceCodeAccess (109)
[2016.05.24-03.05.52:410][227]LogModuleManager: Shutting down and abandoning module UObjectPlugin (108)
[2016.05.24-03.05.52:410][227]LogModuleManager: Shutting down and abandoning module SubversionSourceControl (107)
[2016.05.24-03.05.52:410][227]LogModuleManager: Shutting down and abandoning module PerforceSourceControl (106)
[2016.05.24-03.05.52:410][227]LogModuleManager: Shutting down and abandoning module SourceControl (105)
[2016.05.24-03.05.52:411][227]LogModuleManager: Shutting down and abandoning module GitSourceControl (104)
[2016.05.24-03.05.52:411][227]LogModuleManager: Shutting down and abandoning module LightPropagationVolumeEditor (103)
[2016.05.24-03.05.52:411][227]LogModuleManager: Shutting down and abandoning module PaperTiledImporter (102)
[2016.05.24-03.05.52:411][227]LogModuleManager: Shutting down and abandoning module PaperSpriteSheetImporter (101)
[2016.05.24-03.05.52:411][227]LogModuleManager: Shutting down and abandoning module MeshPaint (100)
[2016.05.24-03.05.52:411][227]LogModuleManager: Shutting down and abandoning module HotReload (99)
[2016.05.24-03.05.52:412][227]LogModuleManager: Shutting down and abandoning module MainFrame (98)
[2016.05.24-03.05.52:412][227]LogModuleManager: Shutting down and abandoning module LevelEditor (97)
[2016.05.24-03.05.52:413][227]LogModuleManager: Shutting down and abandoning module DirectoryWatcher (96)
[2016.05.24-03.05.52:418][227]LogModuleManager: Shutting down and abandoning module AssetRegistry (95)
[2016.05.24-03.05.52:651][227]LogModuleManager: Shutting down and abandoning module ContentBrowser (94)
[2016.05.24-03.05.52:652][227]LogModuleManager: Shutting down and abandoning module Paper2DEditor (93)
[2016.05.24-03.05.52:652][227]LogModuleManager: Shutting down and abandoning module UdpMessaging (92)
[2016.05.24-03.05.52:754][227]LogModuleManager: Shutting down and abandoning module LightPropagationVolumeRuntime (91)
[2016.05.24-03.05.52:754][227]LogModuleManager: Shutting down and abandoning module Paper2D (90)
[2016.05.24-03.05.52:754][227]LogModuleManager: Shutting down and abandoning module WindowsMoviePlayer (89)
[2016.05.24-03.05.52:754][227]LogModuleManager: Shutting down and abandoning module Media (88)
[2016.05.24-03.05.52:754][227]LogModuleManager: Shutting down and abandoning module WmfMedia (87)
[2016.05.24-03.05.52:754][227]LogModuleManager: Shutting down and abandoning module MediaAssets (86)
[2016.05.24-03.05.52:754][227]LogModuleManager: Shutting down and abandoning module GameLiveStreaming (85)
[2016.05.24-03.05.52:754][227]LogModuleManager: Shutting down and abandoning module GameplayTagsEditor (84)
[2016.05.24-03.05.52:754][227]LogModuleManager: Shutting down and abandoning module OnlineBlueprintSupport (83)
[2016.05.24-03.05.52:754][227]LogModuleManager: Shutting down and abandoning module GameplayTasksEditor (82)
[2016.05.24-03.05.52:754][227]LogModuleManager: Shutting down and abandoning module PropertyEditor (81)
[2016.05.24-03.05.52:754][227]LogModuleManager: Shutting down and abandoning module BehaviorTreeEditor (80)
[2016.05.24-03.05.52:754][227]LogModuleManager: Shutting down and abandoning module FunctionalTesting (79)
[2016.05.24-03.05.52:754][227]LogModuleManager: Shutting down and abandoning module CollisionAnalyzer (78)
[2016.05.24-03.05.52:754][227]LogModuleManager: Shutting down and abandoning module WorkspaceMenuStructure (77)
[2016.05.24-03.05.52:754][227]LogModuleManager: Shutting down and abandoning module MessageLog (76)
[2016.05.24-03.05.52:754][227]LogModuleManager: Shutting down and abandoning module Sequencer (75)
[2016.05.24-03.05.52:754][227]LogModuleManager: Shutting down and abandoning module AssetTools (74)
[2016.05.24-03.05.52:754][227]LogModuleManager: Shutting down and abandoning module UMGEditor (73)
[2016.05.24-03.05.52:754][227]LogModuleManager: Shutting down and abandoning module UMG (72)
[2016.05.24-03.05.52:755][227]LogModuleManager: Shutting down and abandoning module SlateReflector (71)
[2016.05.24-03.05.52:755][227]LogModuleManager: Shutting down and abandoning module Slate (70)
[2016.05.24-03.05.52:755][227]LogModuleManager: Shutting down and abandoning module EditorStyle (69)
[2016.05.24-03.05.52:758][227]LogModuleManager: Shutting down and abandoning module SessionServices (68)
[2016.05.24-03.05.52:758][227]LogModuleManager: Shutting down and abandoning module SourceCodeAccess (67)
[2016.05.24-03.05.52:758][227]LogModuleManager: Shutting down and abandoning module HeadMountedDisplay (66)
[2016.05.24-03.05.52:758][227]LogModuleManager: Shutting down and abandoning module XAudio2 (65)
[2016.05.24-03.05.52:758][227]LogModuleManager: Shutting down and abandoning module Networking (63)
[2016.05.24-03.05.52:758][227]LogModuleManager: Shutting down and abandoning module Core (62)
[2016.05.24-03.05.52:758][227]LogModuleManager: Shutting down and abandoning module KismetCompiler (61)
[2016.05.24-03.05.52:758][227]LogModuleManager: Shutting down and abandoning module PhysXFormats (60)
[2016.05.24-03.05.52:758][227]LogModuleManager: Shutting down and abandoning module MeshUtilities (59)
[2016.05.24-03.05.52:758][227]LogModuleManager: Shutting down and abandoning module CookingStats (58)
[2016.05.24-03.05.52:758][227]LogModuleManager: Shutting down and abandoning module DerivedDataCache (57)
[2016.05.24-03.05.52:758][227]LogDerivedDataCache: Shutdown
[2016.05.24-03.05.52:758][227]LogModuleManager: Shutting down and abandoning module ShaderFormatOpenGL (56)
[2016.05.24-03.05.52:758][227]LogModuleManager: Shutting down and abandoning module ShaderFormatD3D (55)
[2016.05.24-03.05.52:758][227]LogModuleManager: Shutting down and abandoning module MetalShaderFormat (54)
[2016.05.24-03.05.52:758][227]LogModuleManager: Shutting down and abandoning module TextureFormatUncompressed (53)
[2016.05.24-03.05.52:758][227]LogModuleManager: Shutting down and abandoning module TextureFormatPVR (52)
[2016.05.24-03.05.52:758][227]LogModuleManager: Shutting down and abandoning module TextureFormatIntelISPCTexComp (51)
[2016.05.24-03.05.52:758][227]LogModuleManager: Shutting down and abandoning module TextureFormatDXT (50)
[2016.05.24-03.05.52:758][227]LogModuleManager: Shutting down and abandoning module ImageWrapper (49)
[2016.05.24-03.05.52:758][227]LogModuleManager: Shutting down and abandoning module TextureFormatASTC (48)
[2016.05.24-03.05.52:758][227]LogModuleManager: Shutting down and abandoning module TextureFormatAndroid (47)
[2016.05.24-03.05.52:758][227]LogModuleManager: Shutting down and abandoning module AudioFormatOpus (46)
[2016.05.24-03.05.52:758][227]LogModuleManager: Shutting down and abandoning module AudioFormatOgg (45)
[2016.05.24-03.05.52:758][227]LogModuleManager: Shutting down and abandoning module AudioFormatADPCM (44)
[2016.05.24-03.05.52:758][227]LogModuleManager: Shutting down and abandoning module LinuxTargetPlatform (43)
[2016.05.24-03.05.52:758][227]LogModuleManager: Shutting down and abandoning module LinuxServerTargetPlatform (42)
[2016.05.24-03.05.52:758][227]LogModuleManager: Shutting down and abandoning module LinuxNoEditorTargetPlatform (41)
[2016.05.24-03.05.52:758][227]LogModuleManager: Shutting down and abandoning module TVOSTargetPlatform (40)
[2016.05.24-03.05.52:758][227]LogModuleManager: Shutting down and abandoning module Messaging (39)
[2016.05.24-03.05.52:758][227]LogModuleManager: Shutting down and abandoning module IOSTargetPlatform (38)
[2016.05.24-03.05.52:759][227]LogModuleManager: Shutting down and abandoning module HTML5TargetPlatform (37)
[2016.05.24-03.05.52:759][227]LogModuleManager: Shutting down and abandoning module Android_PVRTCTargetPlatform (36)
[2016.05.24-03.05.52:759][227]LogModuleManager: Shutting down and abandoning module Android_MultiTargetPlatform (35)
[2016.05.24-03.05.52:759][227]LogModuleManager: Shutting down and abandoning module Android_ETC2TargetPlatform (34)
[2016.05.24-03.05.52:759][227]LogModuleManager: Shutting down and abandoning module Android_ETC1TargetPlatform (33)
[2016.05.24-03.05.52:759][227]LogModuleManager: Shutting down and abandoning module Android_DXTTargetPlatform (32)
[2016.05.24-03.05.52:759][227]LogModuleManager: Shutting down and abandoning module Android_ATCTargetPlatform (31)
[2016.05.24-03.05.52:759][227]LogModuleManager: Shutting down and abandoning module Android_ASTCTargetPlatform (30)
[2016.05.24-03.05.52:759][227]LogModuleManager: Shutting down and abandoning module AndroidTargetPlatform (29)
[2016.05.24-03.05.52:759][227]LogModuleManager: Shutting down and abandoning module WindowsTargetPlatform (28)
[2016.05.24-03.05.52:759][227]LogModuleManager: Shutting down and abandoning module WindowsServerTargetPlatform (27)
[2016.05.24-03.05.52:759][227]LogModuleManager: Shutting down and abandoning module WindowsNoEditorTargetPlatform (26)
[2016.05.24-03.05.52:759][227]LogModuleManager: Shutting down and abandoning module WindowsClientTargetPlatform (25)
[2016.05.24-03.05.52:759][227]LogModuleManager: Shutting down and abandoning module AllDesktopTargetPlatform (24)
[2016.05.24-03.05.52:759][227]LogModuleManager: Shutting down and abandoning module TargetPlatform (23)
[2016.05.24-03.05.52:759][227]LogModuleManager: Shutting down and abandoning module InputCore (22)
[2016.05.24-03.05.52:759][227]LogModuleManager: Shutting down and abandoning module Settings (21)
[2016.05.24-03.05.52:759][227]LogModuleManager: Shutting down and abandoning module OnlineSubsystem (19)
[2016.05.24-03.05.52:759][227]LogModuleManager: Shutting down and abandoning module HTTP (18)
[2016.05.24-03.05.54:762][227]LogModuleManager: Shutting down and abandoning module XMPP (17)
[2016.05.24-03.05.54:762][227]LogModuleManager: Shutting down and abandoning module OculusRift (16)
[2016.05.24-03.05.54:762][227]LogModuleManager: Shutting down and abandoning module ExampleDeviceProfileSelector (15)
[2016.05.24-03.05.54:762][227]LogModuleManager: Shutting down and abandoning module TextureCompressor (14)
[2016.05.24-03.05.54:763][227]LogModuleManager: Shutting down and abandoning module ShaderCore (13)
[2016.05.24-03.05.54:763][227]LogModuleManager: Shutting down and abandoning module Landscape (12)
[2016.05.24-03.05.54:763][227]LogModuleManager: Shutting down and abandoning module SlateRHIRenderer (11)
[2016.05.24-03.05.54:778][227]LogModuleManager: Shutting down and abandoning module OpenGLDrv (10)
[2016.05.24-03.05.54:778][227]LogModuleManager: Shutting down and abandoning module D3D11RHI (9)
[2016.05.24-03.05.54:778][227]LogModuleManager: Shutting down and abandoning module AnimGraphRuntime (8)
[2016.05.24-03.05.54:778][227]LogModuleManager: Shutting down and abandoning module Renderer (7)
[2016.05.24-03.05.54:778][227]LogModuleManager: Shutting down and abandoning module Engine (6)
[2016.05.24-03.05.54:778][227]LogModuleManager: Shutting down and abandoning module CoreUObject (5)
[2016.05.24-03.05.54:778][227]LogModuleManager: Shutting down and abandoning module NetworkFile (4)
[2016.05.24-03.05.54:778][227]LogModuleManager: Shutting down and abandoning module StreamingFile (3)
[2016.05.24-03.05.54:778][227]LogModuleManager: Shutting down and abandoning module SandboxFile (2)
[2016.05.24-03.05.54:779][227]LogModuleManager: Shutting down and abandoning module PakFile (1)
[2016.05.24-03.05.54:782][227]LogExit: Exiting.
[2016.05.24-03.05.54:789][227]Log file closed, 05/23/16 20:05:54
