Log file open, 05/20/16 19:55:52
LogInit:Display: Running engine for game: GameJamRigging
LogPlatformFile: Not using cached read wrapper
LogInit:Display: RandInit(-1923942978) SRandInit(-1923942976).
LogTaskGraph: Started task graph with 4 named threads and 7 total threads.
LogStats: Stats thread started at 0.072881
LogInit: Version: 4.11.2-2946394+++UE4+Release-4.11
LogInit: API Version: 2927265
LogInit: Compiled (64-bit): Apr 18 2016 02:18:46
LogInit: Compiled with Visual C++: 19.00.23026.00
LogInit: Build Configuration: Development
LogInit: Branch Name: ++UE4+Release-4.11
LogInit: Command line:  
LogInit: Base directory: C:/Program Files (x86)/Epic Games/4.11/Engine/Binaries/Win64/
LogInit: Installed Engine Build: 1
LogInit: Using libcurl 7.41.0
LogInit:  - built for x86_64-pc-win32
LogInit:  - supports SSL with WinSSL
LogInit:  - other features:
LogInit:      CURL_VERSION_SSL
LogInit:      CURL_VERSION_IPV6
LogInit:      CURL_VERSION_ASYNCHDNS
LogInit:      CURL_VERSION_LARGEFILE
LogInit:      CURL_VERSION_IDN
LogInit:  CurlRequestOptions (configurable via config and command line):
LogInit:  - bVerifyPeer = true  - Libcurl will verify peer certificate
LogInit:  - bUseHttpProxy = false  - Libcurl will NOT use HTTP proxy
LogInit:  - bDontReuseConnections = false  - Libcurl will reuse connections
LogInit:  - CertBundlePath = nullptr  - Libcurl will use whatever was configured at build time.
LogInit: Presizing for max 16777216 objects, including 0 objects not considered by GC, pre-allocating 0 bytes for permanent pool.
LogInit: Object subsystem initialized
[2016.05.21-02.55.52:413][  0]LogInit: Selected Device Profile: [Windows]
[2016.05.21-02.55.52:413][  0]LogInit: Applying CVar settings loaded from the selected device profile: [Windows]
[2016.05.21-02.55.52:475][  0]LogInit: Computer: COMEDICLIFE-PC
[2016.05.21-02.55.52:475][  0]LogInit: User: k0ola
[2016.05.21-02.55.52:475][  0]LogInit: CPU Page size=65536, Cores=4
[2016.05.21-02.55.52:475][  0]LogInit: High frequency timer resolution =3.312791 MHz
[2016.05.21-02.55.52:476][  0]LogMemory: Memory total: Physical=7.9GB (8GB approx)
[2016.05.21-02.55.52:480][  0]LogMemory: Platform Memory Stats for Windows
[2016.05.21-02.55.52:480][  0]LogMemory: Process Physical Memory: 313.98 MB used, 313.98 MB peak
[2016.05.21-02.55.52:480][  0]LogMemory: Process Virtual Memory: 316.16 MB used, 316.16 MB peak
[2016.05.21-02.55.52:480][  0]LogMemory: Physical Memory: 5108.17 MB used, 8085.19 MB total
[2016.05.21-02.55.52:480][  0]LogMemory: Virtual Memory: 654.57 MB used, 134217728.00 MB total
[2016.05.21-02.55.53:526][  0]LogTextLocalizationManager: No specific translations for ('en-US') exist, so ('en') translations will be used.
[2016.05.21-02.55.54:252][  0]LogD3D11RHI: D3D11 adapters:
[2016.05.21-02.55.54:272][  0]LogD3D11RHI:    0. 'NVIDIA GeForce  GTX 555' (Feature Level 11_0)
[2016.05.21-02.55.54:272][  0]LogD3D11RHI:       972MB of dedicated video memory, 0MB of dedicated system memory, and 3071MB of shared system memory, 2 output[s]
[2016.05.21-02.55.54:302][  0]LogD3D11RHI:    1. 'NVIDIA GeForce  GTX 555' (Feature Level 11_0)
[2016.05.21-02.55.54:302][  0]LogD3D11RHI:       972MB of dedicated video memory, 0MB of dedicated system memory, and 3071MB of shared system memory, 0 output[s]
[2016.05.21-02.55.54:305][  0]LogD3D11RHI:    2. 'NVIDIA GeForce  GTX 555' (Feature Level 11_0)
[2016.05.21-02.55.54:305][  0]LogD3D11RHI:       972MB of dedicated video memory, 0MB of dedicated system memory, and 3071MB of shared system memory, 0 output[s]
[2016.05.21-02.55.54:305][  0]LogD3D11RHI: Chosen D3D11 Adapter: 0
[2016.05.21-02.55.54:582][  0]LogD3D11RHI: Creating new Direct3DDevice
[2016.05.21-02.55.54:582][  0]LogD3D11RHI:     Adapter Name: NVIDIA GeForce  GTX 555
[2016.05.21-02.55.54:582][  0]LogD3D11RHI:   Driver Version: Unknown (internal Unknown)
[2016.05.21-02.55.54:582][  0]LogD3D11RHI:      Driver Date: Unknown
[2016.05.21-02.55.54:582][  0]LogRHI: Texture pool is 680 MB (70% of 972 MB)
[2016.05.21-02.55.54:592][  0]LogD3D11RHI: Async texture creation enabled
[2016.05.21-02.55.54:702][  0]LogShaderCompilers: Guid format shader working directory is -30 characters bigger than the processId version (../../../../../../Users/k0ola/Documents/GitHub/RiggingShooter/GameJamRigging/Intermediate/Shaders/WorkingDirectory/6872/).
[2016.05.21-02.55.54:703][  0]LogShaderCompilers: Cleaned the shader compiler working directory 'C:/Users/k0ola/AppData/Local/Temp/UnrealShaderWorkingDir/2A3BE2A243A872718705A8A79AA502DD/'.
[2016.05.21-02.55.54:703][  0]LogShaderCompilers:Display: Using Local Shader Compiler.
[2016.05.21-02.55.57:774][  0]LogTemp:Display: Loaded TP AllDesktopTargetPlatform
[2016.05.21-02.55.57:784][  0]LogTemp:Display: Loaded TP WindowsClientTargetPlatform
[2016.05.21-02.55.57:795][  0]LogTemp:Display: Loaded TP WindowsNoEditorTargetPlatform
[2016.05.21-02.55.57:801][  0]LogTemp:Display: Loaded TP WindowsServerTargetPlatform
[2016.05.21-02.55.57:806][  0]LogTemp:Display: Loaded TP WindowsTargetPlatform
[2016.05.21-02.55.57:811][  0]LogTemp:Display: Loaded TP AndroidTargetPlatform
[2016.05.21-02.55.57:815][  0]LogTemp:Display: Loaded TP Android_ASTCTargetPlatform
[2016.05.21-02.55.57:819][  0]LogTemp:Display: Loaded TP Android_ATCTargetPlatform
[2016.05.21-02.55.57:823][  0]LogTemp:Display: Loaded TP Android_DXTTargetPlatform
[2016.05.21-02.55.57:827][  0]LogTemp:Display: Loaded TP Android_ETC1TargetPlatform
[2016.05.21-02.55.57:831][  0]LogTemp:Display: Loaded TP Android_ETC2TargetPlatform
[2016.05.21-02.55.57:839][  0]LogTemp:Display: Loaded TP Android_MultiTargetPlatform
[2016.05.21-02.55.57:839][  0]LogTemp:Display: Loaded TP Android_PVRTCTargetPlatform
[2016.05.21-02.55.57:840][  0]LogTemp:Display: Loaded TP HTML5TargetPlatform
[2016.05.21-02.55.57:873][  0]LogTemp:Display: Loaded TP IOSTargetPlatform
[2016.05.21-02.55.57:876][  0]LogTemp:Display: Loaded TP TVOSTargetPlatform
[2016.05.21-02.55.57:880][  0]LogTemp:Display: Loaded TP LinuxNoEditorTargetPlatform
[2016.05.21-02.55.57:884][  0]LogTemp:Display: Loaded TP LinuxServerTargetPlatform
[2016.05.21-02.55.57:891][  0]LogTemp:Display: Loaded TP LinuxTargetPlatform
[2016.05.21-02.55.57:891][  0]LogTargetPlatformManager:Display: Building Assets For Windows
[2016.05.21-02.55.58:223][  0]LogDerivedDataCache:Display: Max Cache Size: 512 MB
[2016.05.21-02.55.58:768][  0]LogDerivedDataCache: Loaded boot cache 0.54s 46MB C:/Users/k0ola/AppData/Local/UnrealEngine/4.11/DerivedDataCache/Boot.ddc.
[2016.05.21-02.55.58:768][  0]LogDerivedDataCache:Display: Loaded Boot cache: C:/Users/k0ola/AppData/Local/UnrealEngine/4.11/DerivedDataCache/Boot.ddc
[2016.05.21-02.55.58:768][  0]LogDerivedDataCache: FDerivedDataBackendGraph:  Pak pak cache file ../../../../../../Users/k0ola/Documents/GitHub/RiggingShooter/GameJamRigging/DerivedDataCache/DDC.ddp not found, will not use a pak cache.
[2016.05.21-02.55.58:768][  0]LogDerivedDataCache: Unable to find inner node Pak for hierarchical cache Hierarchy.
[2016.05.21-02.55.58:768][  0]LogDerivedDataCache: FDerivedDataBackendGraph:  CompressedPak pak cache file ../../../../../../Users/k0ola/Documents/GitHub/RiggingShooter/GameJamRigging/DerivedDataCache/Compressed.ddp not found, will not use a pak cache.
[2016.05.21-02.55.58:768][  0]LogDerivedDataCache: Unable to find inner node CompressedPak for hierarchical cache Hierarchy.
[2016.05.21-02.55.58:802][  0]LogDerivedDataCache:Display: Pak cache opened for reading ../../../Engine/DerivedDataCache/Compressed.ddp.
[2016.05.21-02.55.58:813][  0]LogDerivedDataCache: Using Local data cache path C:/Users/k0ola/AppData/Local/UnrealEngine/Common/DerivedDataCache: Writable
[2016.05.21-02.56.00:317][  0]LogInit: Selected Device Profile: [Windows]
[2016.05.21-02.56.00:405][  0]LogContentStreaming: Texture pool size is 0.00 MB
[2016.05.21-02.56.00:733][  0]LogMaterial: Uniform references updated for custom material expression Custom.
[2016.05.21-02.56.01:557][  0]LogMeshUtilities: No automatic mesh reduction module available
[2016.05.21-02.56.01:557][  0]LogMeshUtilities: No automatic mesh merging module available
[2016.05.21-02.56.01:557][  0]LogMeshUtilities: No distributed automatic mesh merging module available
[2016.05.21-02.56.06:397][  0]LogUObjectArray: 27679 objects as part of root set at end of initial load.
[2016.05.21-02.56.06:415][  0]LogUObjectAllocator: 5591592 out of 0 bytes used by permanent object pool.
[2016.05.21-02.56.06:415][  0]LogUObjectArray: CloseDisregardForGC: 0/0 objects in disregard for GC pool
[2016.05.21-02.56.06:424][  0]LogInit: WinSock: version 1.1 (2.2), MaxSocks=32767, MaxUdp=65467
[2016.05.21-02.56.08:139][  0]LogSlate: SlateFontCache - WITH_FREETYPE: 1, WITH_HARFBUZZ: 1
[2016.05.21-02.56.08:139][  0]LogSlate: SlateFontCache - WITH_FREETYPE: 1, WITH_HARFBUZZ: 1
[2016.05.21-02.56.09:825][  0]LogStreaming:Warning: Failed to read file '../../../Engine/Content/Editor/Slate/Common/Selection_16x.png' error.
[2016.05.21-02.56.09:825][  0]LogSlate: Could not find file for Slate resource: ../../../Engine/Content/Editor/Slate/Common/Selection_16x.png
[2016.05.21-02.56.09:836][  0]LogStreaming:Warning: Failed to read file '../../../Engine/Content/Editor/Slate/Common/Selection_16x.png' error.
[2016.05.21-02.56.09:836][  0]LogSlate: Could not find file for Slate resource: ../../../Engine/Content/Editor/Slate/Common/Selection_16x.png
[2016.05.21-02.56.09:836][  0]LogStreaming:Warning: Failed to read file '../../../Engine/Content/Editor/Slate/Common/Selection_16x.png' error.
[2016.05.21-02.56.09:836][  0]LogSlate: Could not find file for Slate resource: ../../../Engine/Content/Editor/Slate/Common/Selection_16x.png
[2016.05.21-02.56.16:976][  0]LogUdpMessaging: Initializing bridge on interface 0.0.0.0:0 to multicast group 230.0.0.1:6666.
[2016.05.21-02.56.17:697][  0]LogAssetRegistry: FAssetRegistry took 0.0243 seconds to start up
[2016.05.21-02.56.21:334][  0]SourceControl: Info Source control is disabled
[2016.05.21-02.56.21:336][  0]SourceControl: Info Source control is disabled
[2016.05.21-02.56.22:038][  0]SourceControl: Info Source control is disabled
[2016.05.21-02.56.22:204][  0]SourceControl: Info Source control is disabled
[2016.05.21-02.56.23:822][  0]LogHMD: Failed to initialize OpenVR with code 110
[2016.05.21-02.56.25:507][  0]LogAutomationTest:Warning: Smoke tests took > 1s to run: 1.27s
[2016.05.21-02.56.25:576][  0]LogEngine: Initializing Engine...
[2016.05.21-02.56.27:504][  0]LogAIModule: Creating AISystem for world NewWorld
[2016.05.21-02.56.27:638][  0]LogInit: XAudio2 using 'Speakers (Realtek High Definition Audio)' : 2 channels at 48 kHz using 32 bits per sample (channel mask 0x3)
[2016.05.21-02.56.27:945][  0]LogInit: FAudioDevice initialized.
[2016.05.21-02.56.27:982][  0]LogDerivedDataCache: Saved boot cache 0.04s 46MB C:/Users/k0ola/AppData/Local/UnrealEngine/4.11/DerivedDataCache/Boot.ddc.
[2016.05.21-02.56.28:235][  0]LogInit: Texture streaming: Enabled
[2016.05.21-02.56.28:951][  0]LogInit: Transaction tracking system initialized
[2016.05.21-02.56.31:268][  0]BlueprintLog: New page: Editor Load
[2016.05.21-02.56.35:924][  0]LocalizationService: Info Localization service is disabled
[2016.05.21-02.56.39:720][  0]LogConsoleResponse:Display: 
[2016.05.21-02.56.42:661][  0]LogFileCache: Scanning file cache for directory 'C:/Users/k0ola/Documents/GitHub/RiggingShooter/GameJamRigging/Content/' took 0.02s
[2016.05.21-02.56.42:661][  0]LogCook:Display: Max memory allowance for cook 8192mb
[2016.05.21-02.56.42:817][  0]LogCook:Display: Mobile HDR setting 1
[2016.05.21-02.56.42:818][  0]LogCook:Display: Done creating registry. It took  0.00s.
[2016.05.21-02.56.45:811][  0]SourceControl: Info Source control is disabled
[2016.05.21-02.56.45:977][  0]Cmd: MAP LOAD FILE="../../../../../../Users/k0ola/Documents/GitHub/RiggingShooter/GameJamRigging/Content/FirstPersonBP/Maps/FirstPersonExampleMap.umap" TEMPLATE=0 SHOWPROGRESS=1 FEATURELEVEL=3
[2016.05.21-02.56.46:043][  0]LightingResults: New page: Lighting Build
[2016.05.21-02.56.46:605][  0]MapCheck: New page: Map Check
[2016.05.21-02.56.46:605][  0]LightingResults: New page: Lighting Build
[2016.05.21-02.57.03:050][  0]LogAIModule: Creating AISystem for world FirstPersonExampleMap
[2016.05.21-02.57.04:109][  0]LogEditorServer: Finished looking for orphan Actors (0.021 secs)
[2016.05.21-02.57.04:210][  0]Cmd: MAP CHECKDEP NOCLEARLOG
[2016.05.21-02.57.04:326][  0]MapCheck: Info Map check complete: 0 Error(s), 0 Warning(s), took 115.062ms to complete.
[2016.05.21-02.57.04:326][  0]LogFileHelpers: Loading map 'FirstPersonExampleMap' took 18.361
[2016.05.21-02.57.07:584][  0]LogCollectionManager: Loaded 0 collections in 0.004263 seconds
[2016.05.21-02.57.07:729][  0]LogFileCache: Scanning file cache for directory 'C:/Users/k0ola/Documents/GitHub/RiggingShooter/GameJamRigging/Saved/Collections/' took 0.01s
[2016.05.21-02.57.07:729][  0]LogFileCache: Scanning file cache for directory 'C:/Users/k0ola/Documents/GitHub/RiggingShooter/GameJamRigging/Content/Developers/k0ola/Collections/' took 0.01s
[2016.05.21-02.57.07:729][  0]LogFileCache: Scanning file cache for directory 'C:/Users/k0ola/Documents/GitHub/RiggingShooter/GameJamRigging/Content/Collections/' took 0.01s
[2016.05.21-02.57.07:729][  0]LogCollectionManager: Rebuilt the GUID cache for 0 collections in 0.000006 seconds
[2016.05.21-02.57.07:749][  0]LogContentBrowser: Native class hierarchy populated in 0.0189 seconds. Added 1979 classes and 343 folders.
[2016.05.21-02.57.07:865][  0]LogStats: UGameplayTagsManager::ConstructGameplayTagTree: Construct from data asset -  0.010 s
[2016.05.21-02.57.07:865][  0]LogStats: UGameplayTagsManager::ConstructGameplayTagTree: GameplayTagTreeChangedEvent.Broadcast -  0.000 s
[2016.05.21-02.57.07:866][  0]LogContentBrowser: Native class hierarchy updated for 'GameplayTags' in 0.0006 seconds. Added 12 classes and 0 folders.
[2016.05.21-02.57.07:889][  0]LogContentBrowser: Native class hierarchy updated for 'WidgetCarousel' in 0.0004 seconds. Added 0 classes and 0 folders.
[2016.05.21-02.57.08:118][  0]LogContentBrowser: Native class hierarchy updated for 'SuperSearch' in 0.0005 seconds. Added 1 classes and 2 folders.
[2016.05.21-02.57.09:779][  0]LogContentBrowser: Native class hierarchy updated for 'AddContentDialog' in 0.0007 seconds. Added 0 classes and 0 folders.
[2016.05.21-02.57.09:917][  0]LogContentBrowser: Native class hierarchy updated for 'WorldBrowser' in 0.0004 seconds. Added 1 classes and 3 folders.
[2016.05.21-02.57.10:013][  0]LogContentBrowser: Native class hierarchy updated for 'SceneOutliner' in 0.0004 seconds. Added 1 classes and 2 folders.
[2016.05.21-02.57.10:610][  0]LogCrashTracker: Crashtracker disabled due to settings.
[2016.05.21-02.57.10:659][  0]LogUObjectGlobals:Warning: Failed to find object 'Class None.'
[2016.05.21-02.57.10:744][  0]LogContentBrowser: Native class hierarchy updated for 'HierarchicalLODOutliner' in 0.0004 seconds. Added 1 classes and 2 folders.
[2016.05.21-02.57.10:745][  0]LogLoad: Full Startup: 79.25 seconds (BP compile: 1.52 seconds)
[2016.05.21-02.57.10:745][  0]LogExternalProfiler:Warning: No registered external profiler was matched with a command-line switch (or the DLL could not be loaded).  External profiling features will not be available.
[2016.05.21-02.57.11:123][  0]LogOcInput: OculusInput pre-init called
[2016.05.21-02.57.11:600][  0]LogContentStreaming: Texture pool size now 400 MB
[2016.05.21-02.57.12:039][  0]LogRenderer: Reallocating scene render targets to support 944x524 (Frame:2).
[2016.05.21-02.57.13:394][  4]LogAssetRegistry: Asset discovery search completed in 55.7206 seconds
[2016.05.21-02.57.13:395][  4]LogCollectionManager: Rebuilt the object cache for 0 collections in 0.000001 seconds (found 0 objects)
[2016.05.21-02.57.13:400][  4]LogCollectionManager: Fixed up redirectors for 0 collections in 0.005388 seconds (updated 0 objects)
[2016.05.21-02.57.49:739][403]LogActorComponent: UnregisterComponent: (/Engine/Transient.ProjectileMovementComponent_40__A6522401) Not registered. Aborting.
[2016.05.21-02.57.49:977][403]LogWindowsTextInputMethodSystem:Display: IME system now deactivated.
[2016.05.21-02.57.50:656][404]Cmd: QUIT_EDITOR
[2016.05.21-02.57.51:039][404]LogExit: Preparing to exit.
[2016.05.21-02.57.52:456][404]LogExit: Editor shut down
[2016.05.21-02.57.52:456][404]LogExit: Transaction tracking system shut down
[2016.05.21-02.57.58:213][404]LogObj: Freed 0b from 0 cluster array pools.
[2016.05.21-02.57.58:213][404]LogExit: Object subsystem successfully closed.
[2016.05.21-02.58.00:005][404]LogD3D11RHI: Shutdown
[2016.05.21-02.58.00:005][404]LogD3D11RHI: CleanupD3DDevice
[2016.05.21-02.58.00:166][404]LogD3D11RHI: ~FD3D11DynamicRHI
[2016.05.21-02.58.00:332][404]LogDerivedDataCache: Shutdown
[2016.05.21-02.58.03:248][404]LogModuleManager: Shutting down and abandoning module HierarchicalLODOutliner (205)
[2016.05.21-02.58.03:294][404]LogModuleManager: Shutting down and abandoning module CrashTracker (204)
[2016.05.21-02.58.03:294][404]LogModuleManager: Shutting down and abandoning module SceneOutliner (203)
[2016.05.21-02.58.03:362][404]LogModuleManager: Shutting down and abandoning module WorldBrowser (202)
[2016.05.21-02.58.03:363][404]LogModuleManager: Shutting down and abandoning module SuperSearch (201)
[2016.05.21-02.58.03:363][404]LogModuleManager: Shutting down and abandoning module WidgetCarousel (200)
[2016.05.21-02.58.03:363][404]LogModuleManager: Shutting down and abandoning module AddContentDialog (199)
[2016.05.21-02.58.03:425][404]LogModuleManager: Shutting down and abandoning module GameplayTags (198)
[2016.05.21-02.58.03:425][404]LogModuleManager: Shutting down and abandoning module EditorWidgets (197)
[2016.05.21-02.58.03:425][404]LogModuleManager: Shutting down and abandoning module CollectionManager (196)
[2016.05.21-02.58.03:452][404]LogModuleManager: Shutting down and abandoning module StatsViewer (195)
[2016.05.21-02.58.03:497][404]LogModuleManager: Shutting down and abandoning module FoliageEdit (194)
[2016.05.21-02.58.03:520][404]LogModuleManager: Shutting down and abandoning module LandscapeEditor (193)
[2016.05.21-02.58.03:644][404]LogModuleManager: Shutting down and abandoning module ActorPickerMode (192)
[2016.05.21-02.58.03:644][404]LogModuleManager: Shutting down and abandoning module GeometryMode (191)
[2016.05.21-02.58.03:644][404]LogModuleManager: Shutting down and abandoning module TextureAlignMode (190)
[2016.05.21-02.58.03:644][404]LogModuleManager: Shutting down and abandoning module BspMode (189)
[2016.05.21-02.58.03:644][404]LogModuleManager: Shutting down and abandoning module PlacementMode (188)
[2016.05.21-02.58.03:644][404]LogModuleManager: Shutting down and abandoning module AutomationWorker (187)
[2016.05.21-02.58.03:644][404]LogModuleManager: Shutting down and abandoning module CharacterAI (186)
[2016.05.21-02.58.03:644][404]LogModuleManager: Shutting down and abandoning module SmartSnapping (185)
[2016.05.21-02.58.03:644][404]LogModuleManager: Shutting down and abandoning module ViewportSnapping (184)
[2016.05.21-02.58.03:644][404]LogModuleManager: Shutting down and abandoning module LogVisualizer (183)
[2016.05.21-02.58.03:684][404]LogModuleManager: Shutting down and abandoning module GameProjectGeneration (182)
[2016.05.21-02.58.03:751][404]LogModuleManager: Shutting down and abandoning module IntroTutorials (181)
[2016.05.21-02.58.03:821][404]LogModuleManager: Shutting down and abandoning module EditorLiveStreaming (180)
[2016.05.21-02.58.03:821][404]LogModuleManager: Shutting down and abandoning module IOSPlatformEditor (179)
[2016.05.21-02.58.03:821][404]LogModuleManager: Shutting down and abandoning module HTML5PlatformEditor (178)
[2016.05.21-02.58.03:821][404]LogModuleManager: Shutting down and abandoning module AndroidDeviceDetection (177)
[2016.05.21-02.58.04:481][404]LogModuleManager: Shutting down and abandoning module AndroidPlatformEditor (176)
[2016.05.21-02.58.04:481][404]LogModuleManager: Shutting down and abandoning module IOSRuntimeSettings (175)
[2016.05.21-02.58.04:481][404]LogModuleManager: Shutting down and abandoning module AndroidRuntimeSettings (174)
[2016.05.21-02.58.04:481][404]LogModuleManager: Shutting down and abandoning module MergeActors (173)
[2016.05.21-02.58.04:491][404]LogModuleManager: Shutting down and abandoning module SizeMap (172)
[2016.05.21-02.58.04:507][404]LogModuleManager: Shutting down and abandoning module TreeMap (171)
[2016.05.21-02.58.04:532][404]LogModuleManager: Shutting down and abandoning module ReferenceViewer (170)
[2016.05.21-02.58.04:565][404]LogModuleManager: Shutting down and abandoning module LocalizationService (169)
[2016.05.21-02.58.04:581][404]LogModuleManager: Shutting down and abandoning module LocalizationDashboard (168)
[2016.05.21-02.58.04:591][404]LogModuleManager: Shutting down and abandoning module HardwareTargeting (167)
[2016.05.21-02.58.04:608][404]LogModuleManager: Shutting down and abandoning module DeviceProfileEditor (166)
[2016.05.21-02.58.04:634][404]LogModuleManager: Shutting down and abandoning module UndoHistory (165)
[2016.05.21-02.58.04:634][404]LogModuleManager: Shutting down and abandoning module UserFeedback (164)
[2016.05.21-02.58.04:634][404]LogModuleManager: Shutting down and abandoning module XmlParser (163)
[2016.05.21-02.58.04:634][404]LogModuleManager: Shutting down and abandoning module Blutility (162)
[2016.05.21-02.58.04:648][404]LogModuleManager: Shutting down and abandoning module ProjectTargetPlatformEditor (161)
[2016.05.21-02.58.04:648][404]LogModuleManager: Shutting down and abandoning module ProjectSettingsViewer (160)
[2016.05.21-02.58.04:649][404]LogModuleManager: Shutting down and abandoning module InputBindingEditor (159)
[2016.05.21-02.58.04:683][404]LogModuleManager: Shutting down and abandoning module EditorSettingsViewer (158)
[2016.05.21-02.58.04:684][404]LogModuleManager: Shutting down and abandoning module SettingsEditor (157)
[2016.05.21-02.58.04:741][404]LogModuleManager: Shutting down and abandoning module ProjectLauncher (156)
[2016.05.21-02.58.04:787][404]LogModuleManager: Shutting down and abandoning module SessionFrontend (155)
[2016.05.21-02.58.04:819][404]LogModuleManager: Shutting down and abandoning module ProfilerClient (154)
[2016.05.21-02.58.04:834][404]LogModuleManager: Shutting down and abandoning module TargetDeviceServices (153)
[2016.05.21-02.58.04:848][404]LogModuleManager: Shutting down and abandoning module DeviceManager (152)
[2016.05.21-02.58.04:900][404]LogModuleManager: Shutting down and abandoning module AutomationController (151)
[2016.05.21-02.58.04:900][404]LogModuleManager: Shutting down and abandoning module AutomationWindow (150)
[2016.05.21-02.58.04:909][404]LogModuleManager: Shutting down and abandoning module Layers (149)
[2016.05.21-02.58.04:961][404]LogModuleManager: Shutting down and abandoning module ComponentVisualizers (148)
[2016.05.21-02.58.04:961][404]LogModuleManager: Shutting down and abandoning module DetailCustomizations (147)
[2016.05.21-02.58.04:984][404]LogModuleManager: Shutting down and abandoning module PackagesDialog (146)
[2016.05.21-02.58.04:985][404]LogModuleManager: Shutting down and abandoning module Persona (145)
[2016.05.21-02.58.05:086][404]LogModuleManager: Shutting down and abandoning module Kismet (144)
[2016.05.21-02.58.05:120][404]LogModuleManager: Shutting down and abandoning module GraphEditor (143)
[2016.05.21-02.58.05:120][404]LogModuleManager: Shutting down and abandoning module ClassViewer (142)
[2016.05.21-02.58.05:139][404]LogModuleManager: Shutting down and abandoning module Toolbox (141)
[2016.05.21-02.58.05:155][404]LogModuleManager: Shutting down and abandoning module ModuleUI (140)
[2016.05.21-02.58.05:191][404]LogModuleManager: Shutting down and abandoning module MovieSceneTools (139)
[2016.05.21-02.58.05:219][404]LogModuleManager: Shutting down and abandoning module OutputLog (138)
[2016.05.21-02.58.05:219][404]LogModuleManager: Shutting down and abandoning module GammaUI (137)
[2016.05.21-02.58.05:234][404]LogModuleManager: Shutting down and abandoning module Documentation (136)
[2016.05.21-02.58.05:234][404]LogModuleManager: Shutting down and abandoning module StreamingPauseRendering (135)
[2016.05.21-02.58.05:234][404]LogModuleManager: Shutting down and abandoning module AnalyticsET (134)
[2016.05.21-02.58.05:234][404]LogModuleManager: Shutting down and abandoning module Analytics (133)
[2016.05.21-02.58.05:234][404]LogModuleManager: Shutting down and abandoning module PortalServices (132)
[2016.05.21-02.58.05:234][404]LogModuleManager: Shutting down and abandoning module PortalRpc (131)
[2016.05.21-02.58.05:234][404]LogModuleManager: Shutting down and abandoning module MessagingRpc (130)
[2016.05.21-02.58.05:234][404]LogModuleManager: Shutting down and abandoning module AITestSuite (129)
[2016.05.21-02.58.05:257][404]LogModuleManager: Shutting down and abandoning module GameplayDebugger (128)
[2016.05.21-02.58.05:276][404]LogModuleManager: Shutting down and abandoning module AIModule (127)
[2016.05.21-02.58.05:276][404]LogModuleManager: Shutting down and abandoning module ProfilerService (126)
[2016.05.21-02.58.05:307][404]LogModuleManager: Shutting down and abandoning module TaskGraph (125)
[2016.05.21-02.58.05:423][404]LogModuleManager: Shutting down and abandoning module SlateRemote (124)
[2016.05.21-02.58.05:423][404]LogModuleManager: Shutting down and abandoning module SteamVRController (123)
[2016.05.21-02.58.05:423][404]LogModuleManager: Shutting down and abandoning module SteamVR (122)
[2016.05.21-02.58.05:424][404]LogModuleManager: Shutting down and abandoning module ProceduralMeshComponent (121)
[2016.05.21-02.58.05:456][404]LogModuleManager: Shutting down and abandoning module OculusLibrary (120)
[2016.05.21-02.58.05:456][404]LogModuleManager: Shutting down and abandoning module OculusInput (119)
[2016.05.21-02.58.05:456][404]LogModuleManager: Shutting down and abandoning module CustomMeshComponent (118)
[2016.05.21-02.58.05:456][404]LogModuleManager: Shutting down and abandoning module CableComponent (117)
[2016.05.21-02.58.05:456][404]LogModuleManager: Shutting down and abandoning module ArchVisCharacter (116)
[2016.05.21-02.58.05:456][404]LogModuleManager: Shutting down and abandoning module MediaPlayerEditor (115)
[2016.05.21-02.58.05:526][404]LogModuleManager: Shutting down and abandoning module HTML5Networking (114)
[2016.05.21-02.58.05:526][404]LogModuleManager: Shutting down and abandoning module SpeedTreeImporter (113)
[2016.05.21-02.58.05:526][404]LogModuleManager: Shutting down and abandoning module PluginBrowser (112)
[2016.05.21-02.58.05:572][404]LogModuleManager: Shutting down and abandoning module EpicSurvey (111)
[2016.05.21-02.58.05:576][404]LogModuleManager: Shutting down and abandoning module DesktopPlatform (110)
[2016.05.21-02.58.05:628][404]LogModuleManager: Shutting down and abandoning module VisualStudioSourceCodeAccess (109)
[2016.05.21-02.58.05:628][404]LogModuleManager: Shutting down and abandoning module UObjectPlugin (108)
[2016.05.21-02.58.05:628][404]LogModuleManager: Shutting down and abandoning module SubversionSourceControl (107)
[2016.05.21-02.58.05:652][404]LogModuleManager: Shutting down and abandoning module PerforceSourceControl (106)
[2016.05.21-02.58.05:664][404]LogModuleManager: Shutting down and abandoning module SourceControl (105)
[2016.05.21-02.58.05:678][404]LogModuleManager: Shutting down and abandoning module GitSourceControl (104)
[2016.05.21-02.58.05:703][404]LogModuleManager: Shutting down and abandoning module LightPropagationVolumeEditor (103)
[2016.05.21-02.58.05:704][404]LogModuleManager: Shutting down and abandoning module PaperTiledImporter (102)
[2016.05.21-02.58.05:716][404]LogModuleManager: Shutting down and abandoning module PaperSpriteSheetImporter (101)
[2016.05.21-02.58.05:731][404]LogModuleManager: Shutting down and abandoning module MeshPaint (100)
[2016.05.21-02.58.05:738][404]LogModuleManager: Shutting down and abandoning module HotReload (99)
[2016.05.21-02.58.05:752][404]LogModuleManager: Shutting down and abandoning module MainFrame (98)
[2016.05.21-02.58.05:781][404]LogModuleManager: Shutting down and abandoning module LevelEditor (97)
[2016.05.21-02.58.05:819][404]LogModuleManager: Shutting down and abandoning module DirectoryWatcher (96)
[2016.05.21-02.58.05:820][404]LogModuleManager: Shutting down and abandoning module AssetRegistry (95)
[2016.05.21-02.58.05:970][404]LogModuleManager: Shutting down and abandoning module ContentBrowser (94)
[2016.05.21-02.58.05:971][404]LogModuleManager: Shutting down and abandoning module Paper2DEditor (93)
[2016.05.21-02.58.06:049][404]LogModuleManager: Shutting down and abandoning module UdpMessaging (92)
[2016.05.21-02.58.06:150][404]LogModuleManager: Shutting down and abandoning module LightPropagationVolumeRuntime (91)
[2016.05.21-02.58.06:150][404]LogModuleManager: Shutting down and abandoning module Paper2D (90)
[2016.05.21-02.58.06:178][404]LogModuleManager: Shutting down and abandoning module WindowsMoviePlayer (89)
[2016.05.21-02.58.06:178][404]LogModuleManager: Shutting down and abandoning module Media (88)
[2016.05.21-02.58.06:178][404]LogModuleManager: Shutting down and abandoning module WmfMedia (87)
[2016.05.21-02.58.06:197][404]LogModuleManager: Shutting down and abandoning module MediaAssets (86)
[2016.05.21-02.58.06:197][404]LogModuleManager: Shutting down and abandoning module GameLiveStreaming (85)
[2016.05.21-02.58.06:225][404]LogModuleManager: Shutting down and abandoning module GameplayTagsEditor (84)
[2016.05.21-02.58.06:225][404]LogModuleManager: Shutting down and abandoning module OnlineBlueprintSupport (83)
[2016.05.21-02.58.06:225][404]LogModuleManager: Shutting down and abandoning module GameplayTasksEditor (82)
[2016.05.21-02.58.06:225][404]LogModuleManager: Shutting down and abandoning module PropertyEditor (81)
[2016.05.21-02.58.06:225][404]LogModuleManager: Shutting down and abandoning module BehaviorTreeEditor (80)
[2016.05.21-02.58.06:600][404]LogModuleManager: Shutting down and abandoning module FunctionalTesting (79)
[2016.05.21-02.58.06:600][404]LogModuleManager: Shutting down and abandoning module CollisionAnalyzer (78)
[2016.05.21-02.58.06:742][404]LogModuleManager: Shutting down and abandoning module WorkspaceMenuStructure (77)
[2016.05.21-02.58.06:743][404]LogModuleManager: Shutting down and abandoning module MessageLog (76)
[2016.05.21-02.58.06:743][404]LogModuleManager: Shutting down and abandoning module Sequencer (75)
[2016.05.21-02.58.06:863][404]LogModuleManager: Shutting down and abandoning module AssetTools (74)
[2016.05.21-02.58.06:946][404]LogModuleManager: Shutting down and abandoning module UMGEditor (73)
[2016.05.21-02.58.07:110][404]LogModuleManager: Shutting down and abandoning module UMG (72)
[2016.05.21-02.58.07:382][404]LogModuleManager: Shutting down and abandoning module SlateReflector (71)
[2016.05.21-02.58.07:663][404]LogModuleManager: Shutting down and abandoning module Slate (70)
[2016.05.21-02.58.07:663][404]LogModuleManager: Shutting down and abandoning module EditorStyle (69)
[2016.05.21-02.58.07:665][404]LogModuleManager: Shutting down and abandoning module SessionServices (68)
[2016.05.21-02.58.07:666][404]LogModuleManager: Shutting down and abandoning module SourceCodeAccess (67)
[2016.05.21-02.58.07:666][404]LogModuleManager: Shutting down and abandoning module HeadMountedDisplay (66)
[2016.05.21-02.58.07:666][404]LogModuleManager: Shutting down and abandoning module XAudio2 (65)
[2016.05.21-02.58.07:666][404]LogModuleManager: Shutting down and abandoning module Networking (63)
[2016.05.21-02.58.07:666][404]LogModuleManager: Shutting down and abandoning module Core (62)
[2016.05.21-02.58.07:666][404]LogModuleManager: Shutting down and abandoning module KismetCompiler (61)
[2016.05.21-02.58.07:666][404]LogModuleManager: Shutting down and abandoning module PhysXFormats (60)
[2016.05.21-02.58.07:666][404]LogModuleManager: Shutting down and abandoning module MeshUtilities (59)
[2016.05.21-02.58.08:016][404]LogModuleManager: Shutting down and abandoning module CookingStats (58)
[2016.05.21-02.58.08:016][404]LogModuleManager: Shutting down and abandoning module DerivedDataCache (57)
[2016.05.21-02.58.08:016][404]LogDerivedDataCache: Shutdown
[2016.05.21-02.58.08:016][404]LogModuleManager: Shutting down and abandoning module ShaderFormatOpenGL (56)
[2016.05.21-02.58.08:157][404]LogModuleManager: Shutting down and abandoning module ShaderFormatD3D (55)
[2016.05.21-02.58.08:158][404]LogModuleManager: Shutting down and abandoning module MetalShaderFormat (54)
[2016.05.21-02.58.08:232][404]LogModuleManager: Shutting down and abandoning module TextureFormatUncompressed (53)
[2016.05.21-02.58.08:232][404]LogModuleManager: Shutting down and abandoning module TextureFormatPVR (52)
[2016.05.21-02.58.08:232][404]LogModuleManager: Shutting down and abandoning module TextureFormatIntelISPCTexComp (51)
[2016.05.21-02.58.08:232][404]LogModuleManager: Shutting down and abandoning module TextureFormatDXT (50)
[2016.05.21-02.58.08:232][404]LogModuleManager: Shutting down and abandoning module ImageWrapper (49)
[2016.05.21-02.58.08:232][404]LogModuleManager: Shutting down and abandoning module TextureFormatASTC (48)
[2016.05.21-02.58.08:232][404]LogModuleManager: Shutting down and abandoning module TextureFormatAndroid (47)
[2016.05.21-02.58.08:232][404]LogModuleManager: Shutting down and abandoning module AudioFormatOpus (46)
[2016.05.21-02.58.08:258][404]LogModuleManager: Shutting down and abandoning module AudioFormatOgg (45)
[2016.05.21-02.58.08:258][404]LogModuleManager: Shutting down and abandoning module AudioFormatADPCM (44)
[2016.05.21-02.58.08:258][404]LogModuleManager: Shutting down and abandoning module LinuxTargetPlatform (43)
[2016.05.21-02.58.08:258][404]LogModuleManager: Shutting down and abandoning module LinuxServerTargetPlatform (42)
[2016.05.21-02.58.08:258][404]LogModuleManager: Shutting down and abandoning module LinuxNoEditorTargetPlatform (41)
[2016.05.21-02.58.08:258][404]LogModuleManager: Shutting down and abandoning module TVOSTargetPlatform (40)
[2016.05.21-02.58.08:258][404]LogModuleManager: Shutting down and abandoning module Messaging (39)
[2016.05.21-02.58.08:258][404]LogModuleManager: Shutting down and abandoning module IOSTargetPlatform (38)
[2016.05.21-02.58.08:258][404]LogModuleManager: Shutting down and abandoning module HTML5TargetPlatform (37)
[2016.05.21-02.58.08:258][404]LogModuleManager: Shutting down and abandoning module Android_PVRTCTargetPlatform (36)
[2016.05.21-02.58.08:258][404]LogModuleManager: Shutting down and abandoning module Android_MultiTargetPlatform (35)
[2016.05.21-02.58.08:322][404]LogModuleManager: Shutting down and abandoning module Android_ETC2TargetPlatform (34)
[2016.05.21-02.58.08:322][404]LogModuleManager: Shutting down and abandoning module Android_ETC1TargetPlatform (33)
[2016.05.21-02.58.08:322][404]LogModuleManager: Shutting down and abandoning module Android_DXTTargetPlatform (32)
[2016.05.21-02.58.08:322][404]LogModuleManager: Shutting down and abandoning module Android_ATCTargetPlatform (31)
[2016.05.21-02.58.08:322][404]LogModuleManager: Shutting down and abandoning module Android_ASTCTargetPlatform (30)
[2016.05.21-02.58.08:322][404]LogModuleManager: Shutting down and abandoning module AndroidTargetPlatform (29)
[2016.05.21-02.58.08:322][404]LogModuleManager: Shutting down and abandoning module WindowsTargetPlatform (28)
[2016.05.21-02.58.08:322][404]LogModuleManager: Shutting down and abandoning module WindowsServerTargetPlatform (27)
[2016.05.21-02.58.08:322][404]LogModuleManager: Shutting down and abandoning module WindowsNoEditorTargetPlatform (26)
[2016.05.21-02.58.08:322][404]LogModuleManager: Shutting down and abandoning module WindowsClientTargetPlatform (25)
[2016.05.21-02.58.08:322][404]LogModuleManager: Shutting down and abandoning module AllDesktopTargetPlatform (24)
[2016.05.21-02.58.08:322][404]LogModuleManager: Shutting down and abandoning module TargetPlatform (23)
[2016.05.21-02.58.08:322][404]LogModuleManager: Shutting down and abandoning module InputCore (22)
[2016.05.21-02.58.08:322][404]LogModuleManager: Shutting down and abandoning module Settings (21)
[2016.05.21-02.58.08:322][404]LogModuleManager: Shutting down and abandoning module OnlineSubsystem (19)
[2016.05.21-02.58.08:720][404]LogModuleManager: Shutting down and abandoning module HTTP (18)
[2016.05.21-02.58.10:724][404]LogModuleManager: Shutting down and abandoning module XMPP (17)
[2016.05.21-02.58.10:768][404]LogModuleManager: Shutting down and abandoning module OculusRift (16)
[2016.05.21-02.58.10:817][404]LogModuleManager: Shutting down and abandoning module ExampleDeviceProfileSelector (15)
[2016.05.21-02.58.10:817][404]LogModuleManager: Shutting down and abandoning module TextureCompressor (14)
[2016.05.21-02.58.10:818][404]LogModuleManager: Shutting down and abandoning module ShaderCore (13)
[2016.05.21-02.58.10:818][404]LogModuleManager: Shutting down and abandoning module Landscape (12)
[2016.05.21-02.58.10:818][404]LogModuleManager: Shutting down and abandoning module SlateRHIRenderer (11)
[2016.05.21-02.58.10:870][404]LogModuleManager: Shutting down and abandoning module OpenGLDrv (10)
[2016.05.21-02.58.10:927][404]LogModuleManager: Shutting down and abandoning module D3D11RHI (9)
[2016.05.21-02.58.10:927][404]LogModuleManager: Shutting down and abandoning module AnimGraphRuntime (8)
[2016.05.21-02.58.10:927][404]LogModuleManager: Shutting down and abandoning module Renderer (7)
[2016.05.21-02.58.10:927][404]LogModuleManager: Shutting down and abandoning module Engine (6)
[2016.05.21-02.58.10:927][404]LogModuleManager: Shutting down and abandoning module CoreUObject (5)
[2016.05.21-02.58.10:927][404]LogModuleManager: Shutting down and abandoning module NetworkFile (4)
[2016.05.21-02.58.10:959][404]LogModuleManager: Shutting down and abandoning module StreamingFile (3)
[2016.05.21-02.58.10:959][404]LogModuleManager: Shutting down and abandoning module SandboxFile (2)
[2016.05.21-02.58.10:980][404]LogModuleManager: Shutting down and abandoning module PakFile (1)
[2016.05.21-02.58.11:060][404]LogExit: Exiting.
[2016.05.21-02.58.11:079][404]Log file closed, 05/20/16 19:58:11
