Log file open, 05/08/16 16:00:34
LogInit:Display: Running engine for game: GameJamRigging
LogPlatformFile: Not using cached read wrapper
LogInit:Display: RandInit(108092143) SRandInit(108092144).
LogTaskGraph: Started task graph with 4 named threads and 7 total threads.
LogStats: Stats thread started at 0.072277
LogInit: Version: 4.11.2-2946394+++UE4+Release-4.11
LogInit: API Version: 2927265
LogInit: Compiled (64-bit): Apr 18 2016 02:18:46
LogInit: Compiled with Visual C++: 19.00.23026.00
LogInit: Build Configuration: Development
LogInit: Branch Name: ++UE4+Release-4.11
LogInit: Command line: -EpicPortal 
LogInit: Base directory: C:/Program Files (x86)/Epic Games/4.11/Engine/Binaries/Win64/
LogInit: Installed Engine Build: 1
LogInit: Using libcurl 7.41.0
LogInit:  - built for x86_64-pc-win32
LogInit:  - supports SSL with WinSSL
LogInit:  - other features:
LogInit:      CURL_VERSION_SSL
LogInit:      CURL_VERSION_IPV6
LogInit:      CURL_VERSION_ASYNCHDNS
LogInit:      CURL_VERSION_LARGEFILE
LogInit:      CURL_VERSION_IDN
LogInit:  CurlRequestOptions (configurable via config and command line):
LogInit:  - bVerifyPeer = true  - Libcurl will verify peer certificate
LogInit:  - bUseHttpProxy = false  - Libcurl will NOT use HTTP proxy
LogInit:  - bDontReuseConnections = false  - Libcurl will reuse connections
LogInit:  - CertBundlePath = nullptr  - Libcurl will use whatever was configured at build time.
LogInit: Presizing for max 16777216 objects, including 0 objects not considered by GC, pre-allocating 0 bytes for permanent pool.
LogInit: Object subsystem initialized
[2016.05.08-23.00.34:576][  0]LogInit: Selected Device Profile: [Windows]
[2016.05.08-23.00.34:577][  0]LogInit: Applying CVar settings loaded from the selected device profile: [Windows]
[2016.05.08-23.00.34:589][  0]LogInit: Computer: COMEDICLIFE-PC
[2016.05.08-23.00.34:589][  0]LogInit: User: k0ola
[2016.05.08-23.00.34:589][  0]LogInit: CPU Page size=65536, Cores=4
[2016.05.08-23.00.34:589][  0]LogInit: High frequency timer resolution =3.312789 MHz
[2016.05.08-23.00.34:589][  0]LogMemory: Memory total: Physical=7.9GB (8GB approx)
[2016.05.08-23.00.34:589][  0]LogMemory: Platform Memory Stats for Windows
[2016.05.08-23.00.34:589][  0]LogMemory: Process Physical Memory: 314.09 MB used, 314.09 MB peak
[2016.05.08-23.00.34:589][  0]LogMemory: Process Virtual Memory: 315.13 MB used, 315.13 MB peak
[2016.05.08-23.00.34:589][  0]LogMemory: Physical Memory: 6318.53 MB used, 8085.19 MB total
[2016.05.08-23.00.34:589][  0]LogMemory: Virtual Memory: 653.64 MB used, 134217728.00 MB total
[2016.05.08-23.00.34:618][  0]LogTextLocalizationManager: No specific translations for ('en-US') exist, so ('en') translations will be used.
[2016.05.08-23.00.35:015][  0]LogD3D11RHI: D3D11 adapters:
[2016.05.08-23.00.35:030][  0]LogD3D11RHI:    0. 'NVIDIA GeForce  GTX 555' (Feature Level 11_0)
[2016.05.08-23.00.35:030][  0]LogD3D11RHI:       972MB of dedicated video memory, 0MB of dedicated system memory, and 3071MB of shared system memory, 2 output[s]
[2016.05.08-23.00.35:047][  0]LogD3D11RHI:    1. 'NVIDIA GeForce  GTX 555' (Feature Level 11_0)
[2016.05.08-23.00.35:047][  0]LogD3D11RHI:       972MB of dedicated video memory, 0MB of dedicated system memory, and 3071MB of shared system memory, 0 output[s]
[2016.05.08-23.00.35:049][  0]LogD3D11RHI:    2. 'NVIDIA GeForce  GTX 555' (Feature Level 11_0)
[2016.05.08-23.00.35:049][  0]LogD3D11RHI:       972MB of dedicated video memory, 0MB of dedicated system memory, and 3071MB of shared system memory, 0 output[s]
[2016.05.08-23.00.35:049][  0]LogD3D11RHI: Chosen D3D11 Adapter: 0
[2016.05.08-23.00.35:055][  0]LogD3D11RHI: Creating new Direct3DDevice
[2016.05.08-23.00.35:055][  0]LogD3D11RHI:     Adapter Name: NVIDIA GeForce  GTX 555
[2016.05.08-23.00.35:055][  0]LogD3D11RHI:   Driver Version: Unknown (internal Unknown)
[2016.05.08-23.00.35:055][  0]LogD3D11RHI:      Driver Date: Unknown
[2016.05.08-23.00.35:055][  0]LogRHI: Texture pool is 680 MB (70% of 972 MB)
[2016.05.08-23.00.35:066][  0]LogD3D11RHI: Async texture creation enabled
[2016.05.08-23.00.35:082][  0]LogShaderCompilers: Guid format shader working directory is -30 characters bigger than the processId version (../../../../../../Users/k0ola/Documents/GitHub/RiggingShooter/GameJamRigging/Intermediate/Shaders/WorkingDirectory/4396/).
[2016.05.08-23.00.35:082][  0]LogShaderCompilers: Cleaned the shader compiler working directory 'C:/Users/k0ola/AppData/Local/Temp/UnrealShaderWorkingDir/1F03FB824E31B9D4422DC68960EF9C28/'.
[2016.05.08-23.00.35:082][  0]LogShaderCompilers:Display: Using Local Shader Compiler.
[2016.05.08-23.00.36:399][  0]LogTemp:Display: Loaded TP AllDesktopTargetPlatform
[2016.05.08-23.00.36:404][  0]LogTemp:Display: Loaded TP WindowsClientTargetPlatform
[2016.05.08-23.00.36:409][  0]LogTemp:Display: Loaded TP WindowsNoEditorTargetPlatform
[2016.05.08-23.00.36:414][  0]LogTemp:Display: Loaded TP WindowsServerTargetPlatform
[2016.05.08-23.00.36:419][  0]LogTemp:Display: Loaded TP WindowsTargetPlatform
[2016.05.08-23.00.36:422][  0]LogTemp:Display: Loaded TP AndroidTargetPlatform
[2016.05.08-23.00.36:425][  0]LogTemp:Display: Loaded TP Android_ASTCTargetPlatform
[2016.05.08-23.00.36:429][  0]LogTemp:Display: Loaded TP Android_ATCTargetPlatform
[2016.05.08-23.00.36:432][  0]LogTemp:Display: Loaded TP Android_DXTTargetPlatform
[2016.05.08-23.00.36:435][  0]LogTemp:Display: Loaded TP Android_ETC1TargetPlatform
[2016.05.08-23.00.36:439][  0]LogTemp:Display: Loaded TP Android_ETC2TargetPlatform
[2016.05.08-23.00.36:446][  0]LogTemp:Display: Loaded TP Android_MultiTargetPlatform
[2016.05.08-23.00.36:446][  0]LogTemp:Display: Loaded TP Android_PVRTCTargetPlatform
[2016.05.08-23.00.36:448][  0]LogTemp:Display: Loaded TP HTML5TargetPlatform
[2016.05.08-23.00.36:464][  0]LogTemp:Display: Loaded TP IOSTargetPlatform
[2016.05.08-23.00.36:467][  0]LogTemp:Display: Loaded TP TVOSTargetPlatform
[2016.05.08-23.00.36:472][  0]LogTemp:Display: Loaded TP LinuxNoEditorTargetPlatform
[2016.05.08-23.00.36:475][  0]LogTemp:Display: Loaded TP LinuxServerTargetPlatform
[2016.05.08-23.00.36:479][  0]LogTemp:Display: Loaded TP LinuxTargetPlatform
[2016.05.08-23.00.36:479][  0]LogTargetPlatformManager:Display: Building Assets For Windows
[2016.05.08-23.00.36:563][  0]LogDerivedDataCache:Display: Max Cache Size: 512 MB
[2016.05.08-23.00.36:613][  0]LogDerivedDataCache: Loaded boot cache 0.05s 46MB C:/Users/k0ola/AppData/Local/UnrealEngine/4.11/DerivedDataCache/Boot.ddc.
[2016.05.08-23.00.36:613][  0]LogDerivedDataCache:Display: Loaded Boot cache: C:/Users/k0ola/AppData/Local/UnrealEngine/4.11/DerivedDataCache/Boot.ddc
[2016.05.08-23.00.36:613][  0]LogDerivedDataCache: FDerivedDataBackendGraph:  Pak pak cache file ../../../../../../Users/k0ola/Documents/GitHub/RiggingShooter/GameJamRigging/DerivedDataCache/DDC.ddp not found, will not use a pak cache.
[2016.05.08-23.00.36:613][  0]LogDerivedDataCache: Unable to find inner node Pak for hierarchical cache Hierarchy.
[2016.05.08-23.00.36:613][  0]LogDerivedDataCache: FDerivedDataBackendGraph:  CompressedPak pak cache file ../../../../../../Users/k0ola/Documents/GitHub/RiggingShooter/GameJamRigging/DerivedDataCache/Compressed.ddp not found, will not use a pak cache.
[2016.05.08-23.00.36:613][  0]LogDerivedDataCache: Unable to find inner node CompressedPak for hierarchical cache Hierarchy.
[2016.05.08-23.00.36:633][  0]LogDerivedDataCache:Display: Pak cache opened for reading ../../../Engine/DerivedDataCache/Compressed.ddp.
[2016.05.08-23.00.36:645][  0]LogDerivedDataCache: Using Local data cache path C:/Users/k0ola/AppData/Local/UnrealEngine/Common/DerivedDataCache: Writable
[2016.05.08-23.00.36:858][  0]LogInit: Selected Device Profile: [Windows]
[2016.05.08-23.00.36:859][  0]LogContentStreaming: Texture pool size is 0.00 MB
[2016.05.08-23.00.36:898][  0]LogMaterial: Uniform references updated for custom material expression Custom.
[2016.05.08-23.00.37:033][  0]LogMeshUtilities: No automatic mesh reduction module available
[2016.05.08-23.00.37:034][  0]LogMeshUtilities: No automatic mesh merging module available
[2016.05.08-23.00.37:034][  0]LogMeshUtilities: No distributed automatic mesh merging module available
[2016.05.08-23.00.37:295][  0]LogUObjectArray: 27679 objects as part of root set at end of initial load.
[2016.05.08-23.00.37:295][  0]LogUObjectAllocator: 5591600 out of 0 bytes used by permanent object pool.
[2016.05.08-23.00.37:295][  0]LogUObjectArray: CloseDisregardForGC: 0/0 objects in disregard for GC pool
[2016.05.08-23.00.37:302][  0]LogInit: WinSock: version 1.1 (2.2), MaxSocks=32767, MaxUdp=65467
[2016.05.08-23.00.37:393][  0]LogSlate: SlateFontCache - WITH_FREETYPE: 1, WITH_HARFBUZZ: 1
[2016.05.08-23.00.37:393][  0]LogSlate: SlateFontCache - WITH_FREETYPE: 1, WITH_HARFBUZZ: 1
[2016.05.08-23.00.37:505][  0]LogStreaming:Warning: Failed to read file '../../../Engine/Content/Editor/Slate/Common/Selection_16x.png' error.
[2016.05.08-23.00.37:505][  0]LogSlate: Could not find file for Slate resource: ../../../Engine/Content/Editor/Slate/Common/Selection_16x.png
[2016.05.08-23.00.37:505][  0]LogStreaming:Warning: Failed to read file '../../../Engine/Content/Editor/Slate/Common/Selection_16x.png' error.
[2016.05.08-23.00.37:505][  0]LogSlate: Could not find file for Slate resource: ../../../Engine/Content/Editor/Slate/Common/Selection_16x.png
[2016.05.08-23.00.37:505][  0]LogStreaming:Warning: Failed to read file '../../../Engine/Content/Editor/Slate/Common/Selection_16x.png' error.
[2016.05.08-23.00.37:505][  0]LogSlate: Could not find file for Slate resource: ../../../Engine/Content/Editor/Slate/Common/Selection_16x.png
[2016.05.08-23.00.38:092][  0]LogUdpMessaging: Initializing bridge on interface 0.0.0.0:0 to multicast group 230.0.0.1:6666.
[2016.05.08-23.00.38:202][  0]LogAssetRegistry: FAssetRegistry took 0.0214 seconds to start up
[2016.05.08-23.00.38:346][  0]SourceControl: Info Source control is disabled
[2016.05.08-23.00.38:347][  0]SourceControl: Info Source control is disabled
[2016.05.08-23.00.38:356][  0]SourceControl: Info Source control is disabled
[2016.05.08-23.00.38:366][  0]SourceControl: Info Source control is disabled
[2016.05.08-23.00.38:511][  0]LogHMD: Failed to initialize OpenVR with code 110
[2016.05.08-23.00.38:584][  0]LogEngine: Initializing Engine...
[2016.05.08-23.00.38:730][  0]LogAIModule: Creating AISystem for world NewWorld
[2016.05.08-23.00.38:735][  0]LogInit: XAudio2 using 'Speakers (Realtek High Definition Audio)' : 2 channels at 48 kHz using 32 bits per sample (channel mask 0x3)
[2016.05.08-23.00.38:750][  0]LogInit: FAudioDevice initialized.
[2016.05.08-23.00.38:773][  0]LogDerivedDataCache: Saved boot cache 0.02s 46MB C:/Users/k0ola/AppData/Local/UnrealEngine/4.11/DerivedDataCache/Boot.ddc.
[2016.05.08-23.00.38:780][  0]LogInit: Texture streaming: Enabled
[2016.05.08-23.00.38:804][  0]LogInit: Transaction tracking system initialized
[2016.05.08-23.00.38:827][  0]BlueprintLog: New page: Editor Load
[2016.05.08-23.00.38:924][  0]LocalizationService: Info Localization service is disabled
[2016.05.08-23.00.38:995][  0]LogConsoleResponse:Display: 
[2016.05.08-23.00.39:161][  0]LogCook:Display: Max memory allowance for cook 8192mb
[2016.05.08-23.00.39:161][  0]LogCook:Display: Mobile HDR setting 1
[2016.05.08-23.00.39:161][  0]LogCook:Display: Done creating registry. It took  0.00s.
[2016.05.08-23.00.39:246][  0]LogFileCache: Scanning file cache for directory 'C:/Users/k0ola/Documents/GitHub/RiggingShooter/GameJamRigging/Content/' took 0.07s
[2016.05.08-23.00.39:252][  0]SourceControl: Info Source control is disabled
[2016.05.08-23.00.39:252][  0]Cmd: MAP LOAD FILE="../../../../../../Users/k0ola/Documents/GitHub/RiggingShooter/GameJamRigging/Content/FirstPersonBP/Maps/FirstPersonExampleMap.umap" TEMPLATE=0 SHOWPROGRESS=1 FEATURELEVEL=3
[2016.05.08-23.00.39:252][  0]LightingResults: New page: Lighting Build
[2016.05.08-23.00.39:255][  0]MapCheck: New page: Map Check
[2016.05.08-23.00.39:255][  0]LightingResults: New page: Lighting Build
[2016.05.08-23.00.42:705][  0]LogTexture:Display: Building textures: T_ML_Rubber_Blue_01_D (AutoDXT)
[2016.05.08-23.00.45:537][  0]LogTexture:Display: Building textures: T_ML_Rubber_Blue_01_N (BC5)
[2016.05.08-23.00.46:026][  0]LogTexture:Display: Building textures: T_ML_Aluminum01_N (BC5)
[2016.05.08-23.00.46:602][  0]LogTexture:Display: Building textures: T_ML_Aluminum01 (AutoDXT)
[2016.05.08-23.00.49:336][  0]LogTexture:Display: Building textures: T_FPGun_N (BC5)
[2016.05.08-23.00.49:801][  0]LogTexture:Display: Building textures: T_FPGun_M (AutoDXT)
[2016.05.08-23.00.51:345][  0]LogTexture:Display: Building textures: T_ML_Rubber_Blue_01_D (AutoDXT)
[2016.05.08-23.00.54:096][  0]LogTexture:Display: Building textures: T_ML_Rubber_Blue_01_N (BC5)
[2016.05.08-23.00.54:635][  0]LogTexture:Display: Building textures: T_ML_Aluminum01 (AutoDXT)
[2016.05.08-23.00.57:276][  0]LogTexture:Display: Building textures: T_ML_Aluminum01_N (BC5)
[2016.05.08-23.00.57:671][  0]LogTexture:Display: Building textures: UE4_Mannequin_MAT_MASKA (AutoDXT)
[2016.05.08-23.00.57:899][  0]LogTexture:Display: Building textures: UE4_Mannequin__normals (BC5)
[2016.05.08-23.00.58:286][  0]LogTexture:Display: Building textures: UE4_LOGO_CARD (AutoDXT)
[2016.05.08-23.00.58:554][  0]LogTexture:Display: Building textures: HQ_Lightmap1_1 (AutoDXT)
[2016.05.08-23.00.58:915][  0]LogTexture:Display: Building textures: HQ_Lightmap1_2 (AutoDXT)
[2016.05.08-23.00.59:265][  0]LogTexture:Display: Building textures: HQ_Lightmap1_3 (AutoDXT)
[2016.05.08-23.00.59:627][  0]LogTexture:Display: Building textures: HQ_Lightmap1_4 (AutoDXT)
[2016.05.08-23.00.59:971][  0]LogTexture:Display: Building textures: HQ_Lightmap1_5 (AutoDXT)
[2016.05.08-23.01.00:539][  0]LogTexture:Display: Building textures: HQ_Lightmap1_6 (AutoDXT)
[2016.05.08-23.01.01:078][  0]LogTexture:Display: Building textures: HQ_Lightmap1_7 (AutoDXT)
[2016.05.08-23.01.01:411][  0]LogTexture:Display: Building textures: HQ_Lightmap1_8 (AutoDXT)
[2016.05.08-23.01.01:448][  0]LogTexture:Display: Building textures: LQ_Lightmap_1_1 (DXT1)
[2016.05.08-23.01.01:679][  0]LogTexture:Display: Building textures: LQ_Lightmap_1_2 (DXT1)
[2016.05.08-23.01.01:917][  0]LogTexture:Display: Building textures: LQ_Lightmap_1_3 (DXT1)
[2016.05.08-23.01.02:154][  0]LogTexture:Display: Building textures: LQ_Lightmap_1_4 (DXT1)
[2016.05.08-23.01.02:395][  0]LogTexture:Display: Building textures: LQ_Lightmap_1_5 (DXT1)
[2016.05.08-23.01.02:681][  0]LogTexture:Display: Building textures: LQ_Lightmap_1_6 (DXT1)
[2016.05.08-23.01.02:946][  0]LogTexture:Display: Building textures: LQ_Lightmap_1_7 (DXT1)
[2016.05.08-23.01.03:160][  0]LogTexture:Display: Building textures: LQ_Lightmap_1_8 (DXT1)
[2016.05.08-23.01.03:165][  0]LogTexture:Display: Building textures: SkyOcclusion0_8 (AutoDXT)
[2016.05.08-23.01.03:183][  0]LogTexture:Display: Building textures: SkyOcclusion1_1 (AutoDXT)
[2016.05.08-23.01.03:344][  0]LogTexture:Display: Building textures: SkyOcclusion1_2 (AutoDXT)
[2016.05.08-23.01.03:513][  0]LogTexture:Display: Building textures: SkyOcclusion1_3 (AutoDXT)
[2016.05.08-23.01.03:671][  0]LogTexture:Display: Building textures: SkyOcclusion1_4 (AutoDXT)
[2016.05.08-23.01.03:828][  0]LogTexture:Display: Building textures: SkyOcclusion1_5 (AutoDXT)
[2016.05.08-23.01.04:044][  0]LogTexture:Display: Building textures: SkyOcclusion1_6 (AutoDXT)
[2016.05.08-23.01.04:266][  0]LogTexture:Display: Building textures: SkyOcclusion1_7 (AutoDXT)
[2016.05.08-23.01.04:456][  0]LogTexture:Display: Building textures: ShadowMapTexture2D_10 (G8)
[2016.05.08-23.01.04:555][  0]LogTexture:Display: Building textures: ShadowMapTexture2D_11 (G8)
[2016.05.08-23.01.04:649][  0]LogTexture:Display: Building textures: ShadowMapTexture2D_12 (G8)
[2016.05.08-23.01.04:737][  0]LogTexture:Display: Building textures: ShadowMapTexture2D_13 (G8)
[2016.05.08-23.01.04:825][  0]LogTexture:Display: Building textures: ShadowMapTexture2D_14 (G8)
[2016.05.08-23.01.04:906][  0]LogTexture:Display: Building textures: ShadowMapTexture2D_15 (G8)
[2016.05.08-23.01.04:911][  0]LogTexture:Display: Building textures: ShadowMapTexture2D_7 (G8)
[2016.05.08-23.01.05:000][  0]LogTexture:Display: Building textures: ShadowMapTexture2D_9 (G8)
[2016.05.08-23.01.05:179][  0]LogAIModule: Creating AISystem for world FirstPersonExampleMap
[2016.05.08-23.01.06:165][  0]LogEditorServer: Finished looking for orphan Actors (0.000 secs)
[2016.05.08-23.01.06:189][  0]Cmd: MAP CHECKDEP NOCLEARLOG
[2016.05.08-23.01.06:243][  0]MapCheck: Info Map check complete: 0 Error(s), 0 Warning(s), took 53.25ms to complete.
[2016.05.08-23.01.06:243][  0]LogFileHelpers: Loading map 'FirstPersonExampleMap' took 26.991
[2016.05.08-23.01.06:719][  0]LogCollectionManager: Loaded 0 collections in 0.002123 seconds
[2016.05.08-23.01.07:314][  0]LogFileCache: Scanning file cache for directory 'C:/Users/k0ola/Documents/GitHub/RiggingShooter/GameJamRigging/Saved/Collections/' took 0.01s
[2016.05.08-23.01.07:314][  0]LogFileCache: Scanning file cache for directory 'C:/Users/k0ola/Documents/GitHub/RiggingShooter/GameJamRigging/Content/Developers/k0ola/Collections/' took 0.01s
[2016.05.08-23.01.07:314][  0]LogFileCache: Scanning file cache for directory 'C:/Users/k0ola/Documents/GitHub/RiggingShooter/GameJamRigging/Content/Collections/' took 0.01s
[2016.05.08-23.01.07:314][  0]LogCollectionManager: Rebuilt the GUID cache for 0 collections in 0.000005 seconds
[2016.05.08-23.01.07:332][  0]LogContentBrowser: Native class hierarchy populated in 0.0160 seconds. Added 1979 classes and 343 folders.
[2016.05.08-23.01.07:417][  0]LogStats: UGameplayTagsManager::ConstructGameplayTagTree: Construct from data asset -  0.000 s
[2016.05.08-23.01.07:418][  0]LogStats: UGameplayTagsManager::ConstructGameplayTagTree: GameplayTagTreeChangedEvent.Broadcast -  0.000 s
[2016.05.08-23.01.07:419][  0]LogContentBrowser: Native class hierarchy updated for 'GameplayTags' in 0.0008 seconds. Added 12 classes and 0 folders.
[2016.05.08-23.01.07:445][  0]LogContentBrowser: Native class hierarchy updated for 'WidgetCarousel' in 0.0007 seconds. Added 0 classes and 0 folders.
[2016.05.08-23.01.07:592][  0]LogContentBrowser: Native class hierarchy updated for 'SuperSearch' in 0.0004 seconds. Added 1 classes and 2 folders.
[2016.05.08-23.01.09:553][  0]LogContentBrowser: Native class hierarchy updated for 'AddContentDialog' in 0.0007 seconds. Added 0 classes and 0 folders.
[2016.05.08-23.01.09:710][  0]LogContentBrowser: Native class hierarchy updated for 'WorldBrowser' in 0.0008 seconds. Added 1 classes and 3 folders.
[2016.05.08-23.01.09:810][  0]LogContentBrowser: Native class hierarchy updated for 'SceneOutliner' in 0.0007 seconds. Added 1 classes and 2 folders.
[2016.05.08-23.01.10:508][  0]LogCrashTracker: Crashtracker disabled due to settings.
[2016.05.08-23.01.10:613][  0]LogUObjectGlobals:Warning: Failed to find object 'Class None.'
[2016.05.08-23.01.10:660][  0]LogContentBrowser: Native class hierarchy updated for 'HierarchicalLODOutliner' in 0.0007 seconds. Added 1 classes and 2 folders.
[2016.05.08-23.01.10:661][  0]LogLoad: Full Startup: 36.88 seconds (BP compile: 1.39 seconds)
[2016.05.08-23.01.10:661][  0]LogExternalProfiler:Warning: No registered external profiler was matched with a command-line switch (or the DLL could not be loaded).  External profiling features will not be available.
[2016.05.08-23.01.10:671][  0]LogOcInput: OculusInput pre-init called
[2016.05.08-23.01.11:022][  0]LogContentStreaming: Texture pool size now 400 MB
[2016.05.08-23.01.11:648][  0]LogRenderer: Reallocating scene render targets to support 936x548 (Frame:2).
[2016.05.08-23.01.11:863][  1]LogAssetRegistry: Asset discovery search completed in 33.6832 seconds
[2016.05.08-23.01.11:863][  1]LogCollectionManager: Rebuilt the object cache for 0 collections in 0.000001 seconds (found 0 objects)
[2016.05.08-23.01.11:863][  1]LogCollectionManager: Fixed up redirectors for 0 collections in 0.000094 seconds (updated 0 objects)
[2016.05.08-23.01.21:087][759]LogActorComponent: UnregisterComponent: (/Engine/Transient.ProjectileMovementComponent_40__A6522401) Not registered. Aborting.
[2016.05.08-23.01.21:087][759]LogActorComponent: UnregisterComponent: (/Engine/Transient.CharMoveComp) Not registered. Aborting.
[2016.05.08-23.01.21:174][759]LogWindowsTextInputMethodSystem:Display: IME system now deactivated.
[2016.05.08-23.01.21:538][760]Cmd: QUIT_EDITOR
[2016.05.08-23.01.21:635][760]LogExit: Preparing to exit.
[2016.05.08-23.01.22:259][760]LogExit: Editor shut down
[2016.05.08-23.01.22:259][760]LogExit: Transaction tracking system shut down
[2016.05.08-23.01.22:439][760]LogObj: Freed 0b from 0 cluster array pools.
[2016.05.08-23.01.22:439][760]LogExit: Object subsystem successfully closed.
[2016.05.08-23.01.22:454][760]LogD3D11RHI: Shutdown
[2016.05.08-23.01.22:454][760]LogD3D11RHI: CleanupD3DDevice
[2016.05.08-23.01.22:839][760]LogD3D11RHI: ~FD3D11DynamicRHI
[2016.05.08-23.01.23:181][760]LogDerivedDataCache: Shutdown
[2016.05.08-23.01.23:192][760]LogModuleManager: Shutting down and abandoning module HierarchicalLODOutliner (205)
[2016.05.08-23.01.23:192][760]LogModuleManager: Shutting down and abandoning module CrashTracker (204)
[2016.05.08-23.01.23:192][760]LogModuleManager: Shutting down and abandoning module SceneOutliner (203)
[2016.05.08-23.01.23:207][760]LogModuleManager: Shutting down and abandoning module WorldBrowser (202)
[2016.05.08-23.01.23:207][760]LogModuleManager: Shutting down and abandoning module SuperSearch (201)
[2016.05.08-23.01.23:207][760]LogModuleManager: Shutting down and abandoning module WidgetCarousel (200)
[2016.05.08-23.01.23:207][760]LogModuleManager: Shutting down and abandoning module AddContentDialog (199)
[2016.05.08-23.01.23:219][760]LogModuleManager: Shutting down and abandoning module GameplayTags (198)
[2016.05.08-23.01.23:219][760]LogModuleManager: Shutting down and abandoning module EditorWidgets (197)
[2016.05.08-23.01.23:219][760]LogModuleManager: Shutting down and abandoning module CollectionManager (196)
[2016.05.08-23.01.23:219][760]LogModuleManager: Shutting down and abandoning module StatsViewer (195)
[2016.05.08-23.01.23:219][760]LogModuleManager: Shutting down and abandoning module FoliageEdit (194)
[2016.05.08-23.01.23:219][760]LogModuleManager: Shutting down and abandoning module LandscapeEditor (193)
[2016.05.08-23.01.23:219][760]LogModuleManager: Shutting down and abandoning module ActorPickerMode (192)
[2016.05.08-23.01.23:219][760]LogModuleManager: Shutting down and abandoning module GeometryMode (191)
[2016.05.08-23.01.23:219][760]LogModuleManager: Shutting down and abandoning module TextureAlignMode (190)
[2016.05.08-23.01.23:219][760]LogModuleManager: Shutting down and abandoning module BspMode (189)
[2016.05.08-23.01.23:219][760]LogModuleManager: Shutting down and abandoning module PlacementMode (188)
[2016.05.08-23.01.23:219][760]LogModuleManager: Shutting down and abandoning module AutomationWorker (187)
[2016.05.08-23.01.23:219][760]LogModuleManager: Shutting down and abandoning module CharacterAI (186)
[2016.05.08-23.01.23:219][760]LogModuleManager: Shutting down and abandoning module SmartSnapping (185)
[2016.05.08-23.01.23:219][760]LogModuleManager: Shutting down and abandoning module ViewportSnapping (184)
[2016.05.08-23.01.23:219][760]LogModuleManager: Shutting down and abandoning module LogVisualizer (183)
[2016.05.08-23.01.23:219][760]LogModuleManager: Shutting down and abandoning module GameProjectGeneration (182)
[2016.05.08-23.01.23:219][760]LogModuleManager: Shutting down and abandoning module IntroTutorials (181)
[2016.05.08-23.01.23:219][760]LogModuleManager: Shutting down and abandoning module EditorLiveStreaming (180)
[2016.05.08-23.01.23:219][760]LogModuleManager: Shutting down and abandoning module IOSPlatformEditor (179)
[2016.05.08-23.01.23:219][760]LogModuleManager: Shutting down and abandoning module HTML5PlatformEditor (178)
[2016.05.08-23.01.23:219][760]LogModuleManager: Shutting down and abandoning module AndroidDeviceDetection (177)
[2016.05.08-23.01.23:970][760]LogModuleManager: Shutting down and abandoning module AndroidPlatformEditor (176)
[2016.05.08-23.01.23:970][760]LogModuleManager: Shutting down and abandoning module IOSRuntimeSettings (175)
[2016.05.08-23.01.23:971][760]LogModuleManager: Shutting down and abandoning module AndroidRuntimeSettings (174)
[2016.05.08-23.01.23:971][760]LogModuleManager: Shutting down and abandoning module MergeActors (173)
[2016.05.08-23.01.23:971][760]LogModuleManager: Shutting down and abandoning module SizeMap (172)
[2016.05.08-23.01.23:971][760]LogModuleManager: Shutting down and abandoning module TreeMap (171)
[2016.05.08-23.01.23:971][760]LogModuleManager: Shutting down and abandoning module ReferenceViewer (170)
[2016.05.08-23.01.23:971][760]LogModuleManager: Shutting down and abandoning module LocalizationService (169)
[2016.05.08-23.01.23:971][760]LogModuleManager: Shutting down and abandoning module LocalizationDashboard (168)
[2016.05.08-23.01.23:971][760]LogModuleManager: Shutting down and abandoning module HardwareTargeting (167)
[2016.05.08-23.01.23:971][760]LogModuleManager: Shutting down and abandoning module DeviceProfileEditor (166)
[2016.05.08-23.01.23:971][760]LogModuleManager: Shutting down and abandoning module UndoHistory (165)
[2016.05.08-23.01.23:971][760]LogModuleManager: Shutting down and abandoning module UserFeedback (164)
[2016.05.08-23.01.23:971][760]LogModuleManager: Shutting down and abandoning module XmlParser (163)
[2016.05.08-23.01.23:971][760]LogModuleManager: Shutting down and abandoning module Blutility (162)
[2016.05.08-23.01.23:971][760]LogModuleManager: Shutting down and abandoning module ProjectTargetPlatformEditor (161)
[2016.05.08-23.01.23:971][760]LogModuleManager: Shutting down and abandoning module ProjectSettingsViewer (160)
[2016.05.08-23.01.23:971][760]LogModuleManager: Shutting down and abandoning module InputBindingEditor (159)
[2016.05.08-23.01.23:971][760]LogModuleManager: Shutting down and abandoning module EditorSettingsViewer (158)
[2016.05.08-23.01.23:971][760]LogModuleManager: Shutting down and abandoning module SettingsEditor (157)
[2016.05.08-23.01.23:971][760]LogModuleManager: Shutting down and abandoning module ProjectLauncher (156)
[2016.05.08-23.01.23:971][760]LogModuleManager: Shutting down and abandoning module SessionFrontend (155)
[2016.05.08-23.01.23:971][760]LogModuleManager: Shutting down and abandoning module ProfilerClient (154)
[2016.05.08-23.01.23:971][760]LogModuleManager: Shutting down and abandoning module TargetDeviceServices (153)
[2016.05.08-23.01.23:971][760]LogModuleManager: Shutting down and abandoning module DeviceManager (152)
[2016.05.08-23.01.24:003][760]LogModuleManager: Shutting down and abandoning module AutomationController (151)
[2016.05.08-23.01.24:003][760]LogModuleManager: Shutting down and abandoning module AutomationWindow (150)
[2016.05.08-23.01.24:003][760]LogModuleManager: Shutting down and abandoning module Layers (149)
[2016.05.08-23.01.24:003][760]LogModuleManager: Shutting down and abandoning module ComponentVisualizers (148)
[2016.05.08-23.01.24:003][760]LogModuleManager: Shutting down and abandoning module DetailCustomizations (147)
[2016.05.08-23.01.24:003][760]LogModuleManager: Shutting down and abandoning module PackagesDialog (146)
[2016.05.08-23.01.24:003][760]LogModuleManager: Shutting down and abandoning module Persona (145)
[2016.05.08-23.01.24:003][760]LogModuleManager: Shutting down and abandoning module Kismet (144)
[2016.05.08-23.01.24:003][760]LogModuleManager: Shutting down and abandoning module GraphEditor (143)
[2016.05.08-23.01.24:003][760]LogModuleManager: Shutting down and abandoning module ClassViewer (142)
[2016.05.08-23.01.24:003][760]LogModuleManager: Shutting down and abandoning module Toolbox (141)
[2016.05.08-23.01.24:003][760]LogModuleManager: Shutting down and abandoning module ModuleUI (140)
[2016.05.08-23.01.24:003][760]LogModuleManager: Shutting down and abandoning module MovieSceneTools (139)
[2016.05.08-23.01.24:003][760]LogModuleManager: Shutting down and abandoning module OutputLog (138)
[2016.05.08-23.01.24:003][760]LogModuleManager: Shutting down and abandoning module GammaUI (137)
[2016.05.08-23.01.24:003][760]LogModuleManager: Shutting down and abandoning module Documentation (136)
[2016.05.08-23.01.24:003][760]LogModuleManager: Shutting down and abandoning module StreamingPauseRendering (135)
[2016.05.08-23.01.24:003][760]LogModuleManager: Shutting down and abandoning module AnalyticsET (134)
[2016.05.08-23.01.24:003][760]LogModuleManager: Shutting down and abandoning module Analytics (133)
[2016.05.08-23.01.24:003][760]LogModuleManager: Shutting down and abandoning module PortalServices (132)
[2016.05.08-23.01.24:003][760]LogModuleManager: Shutting down and abandoning module PortalRpc (131)
[2016.05.08-23.01.24:003][760]LogModuleManager: Shutting down and abandoning module MessagingRpc (130)
[2016.05.08-23.01.24:003][760]LogModuleManager: Shutting down and abandoning module AITestSuite (129)
[2016.05.08-23.01.24:003][760]LogModuleManager: Shutting down and abandoning module GameplayDebugger (128)
[2016.05.08-23.01.24:003][760]LogModuleManager: Shutting down and abandoning module AIModule (127)
[2016.05.08-23.01.24:003][760]LogModuleManager: Shutting down and abandoning module ProfilerService (126)
[2016.05.08-23.01.24:073][760]LogModuleManager: Shutting down and abandoning module TaskGraph (125)
[2016.05.08-23.01.24:073][760]LogModuleManager: Shutting down and abandoning module SlateRemote (124)
[2016.05.08-23.01.24:073][760]LogModuleManager: Shutting down and abandoning module SteamVRController (123)
[2016.05.08-23.01.24:073][760]LogModuleManager: Shutting down and abandoning module SteamVR (122)
[2016.05.08-23.01.24:073][760]LogModuleManager: Shutting down and abandoning module ProceduralMeshComponent (121)
[2016.05.08-23.01.24:073][760]LogModuleManager: Shutting down and abandoning module OculusLibrary (120)
[2016.05.08-23.01.24:073][760]LogModuleManager: Shutting down and abandoning module OculusInput (119)
[2016.05.08-23.01.24:073][760]LogModuleManager: Shutting down and abandoning module CustomMeshComponent (118)
[2016.05.08-23.01.24:073][760]LogModuleManager: Shutting down and abandoning module CableComponent (117)
[2016.05.08-23.01.24:073][760]LogModuleManager: Shutting down and abandoning module ArchVisCharacter (116)
[2016.05.08-23.01.24:073][760]LogModuleManager: Shutting down and abandoning module MediaPlayerEditor (115)
[2016.05.08-23.01.24:073][760]LogModuleManager: Shutting down and abandoning module HTML5Networking (114)
[2016.05.08-23.01.24:073][760]LogModuleManager: Shutting down and abandoning module SpeedTreeImporter (113)
[2016.05.08-23.01.24:073][760]LogModuleManager: Shutting down and abandoning module PluginBrowser (112)
[2016.05.08-23.01.24:073][760]LogModuleManager: Shutting down and abandoning module EpicSurvey (111)
[2016.05.08-23.01.24:080][760]LogModuleManager: Shutting down and abandoning module DesktopPlatform (110)
[2016.05.08-23.01.24:080][760]LogModuleManager: Shutting down and abandoning module VisualStudioSourceCodeAccess (109)
[2016.05.08-23.01.24:080][760]LogModuleManager: Shutting down and abandoning module UObjectPlugin (108)
[2016.05.08-23.01.24:080][760]LogModuleManager: Shutting down and abandoning module SubversionSourceControl (107)
[2016.05.08-23.01.24:080][760]LogModuleManager: Shutting down and abandoning module PerforceSourceControl (106)
[2016.05.08-23.01.24:080][760]LogModuleManager: Shutting down and abandoning module SourceControl (105)
[2016.05.08-23.01.24:080][760]LogModuleManager: Shutting down and abandoning module GitSourceControl (104)
[2016.05.08-23.01.24:080][760]LogModuleManager: Shutting down and abandoning module LightPropagationVolumeEditor (103)
[2016.05.08-23.01.24:080][760]LogModuleManager: Shutting down and abandoning module PaperTiledImporter (102)
[2016.05.08-23.01.24:080][760]LogModuleManager: Shutting down and abandoning module PaperSpriteSheetImporter (101)
[2016.05.08-23.01.24:080][760]LogModuleManager: Shutting down and abandoning module MeshPaint (100)
[2016.05.08-23.01.24:080][760]LogModuleManager: Shutting down and abandoning module HotReload (99)
[2016.05.08-23.01.24:081][760]LogModuleManager: Shutting down and abandoning module MainFrame (98)
[2016.05.08-23.01.24:081][760]LogModuleManager: Shutting down and abandoning module LevelEditor (97)
[2016.05.08-23.01.24:081][760]LogModuleManager: Shutting down and abandoning module DirectoryWatcher (96)
[2016.05.08-23.01.24:082][760]LogModuleManager: Shutting down and abandoning module AssetRegistry (95)
[2016.05.08-23.01.24:150][760]LogModuleManager: Shutting down and abandoning module ContentBrowser (94)
[2016.05.08-23.01.24:151][760]LogModuleManager: Shutting down and abandoning module Paper2DEditor (93)
[2016.05.08-23.01.24:151][760]LogModuleManager: Shutting down and abandoning module UdpMessaging (92)
[2016.05.08-23.01.24:252][760]LogModuleManager: Shutting down and abandoning module LightPropagationVolumeRuntime (91)
[2016.05.08-23.01.24:252][760]LogModuleManager: Shutting down and abandoning module Paper2D (90)
[2016.05.08-23.01.24:252][760]LogModuleManager: Shutting down and abandoning module WindowsMoviePlayer (89)
[2016.05.08-23.01.24:252][760]LogModuleManager: Shutting down and abandoning module Media (88)
[2016.05.08-23.01.24:252][760]LogModuleManager: Shutting down and abandoning module WmfMedia (87)
[2016.05.08-23.01.24:252][760]LogModuleManager: Shutting down and abandoning module MediaAssets (86)
[2016.05.08-23.01.24:252][760]LogModuleManager: Shutting down and abandoning module GameLiveStreaming (85)
[2016.05.08-23.01.24:252][760]LogModuleManager: Shutting down and abandoning module GameplayTagsEditor (84)
[2016.05.08-23.01.24:252][760]LogModuleManager: Shutting down and abandoning module OnlineBlueprintSupport (83)
[2016.05.08-23.01.24:252][760]LogModuleManager: Shutting down and abandoning module GameplayTasksEditor (82)
[2016.05.08-23.01.24:252][760]LogModuleManager: Shutting down and abandoning module PropertyEditor (81)
[2016.05.08-23.01.24:252][760]LogModuleManager: Shutting down and abandoning module BehaviorTreeEditor (80)
[2016.05.08-23.01.24:252][760]LogModuleManager: Shutting down and abandoning module FunctionalTesting (79)
[2016.05.08-23.01.24:252][760]LogModuleManager: Shutting down and abandoning module CollisionAnalyzer (78)
[2016.05.08-23.01.24:252][760]LogModuleManager: Shutting down and abandoning module WorkspaceMenuStructure (77)
[2016.05.08-23.01.24:252][760]LogModuleManager: Shutting down and abandoning module MessageLog (76)
[2016.05.08-23.01.24:252][760]LogModuleManager: Shutting down and abandoning module Sequencer (75)
[2016.05.08-23.01.24:252][760]LogModuleManager: Shutting down and abandoning module AssetTools (74)
[2016.05.08-23.01.24:252][760]LogModuleManager: Shutting down and abandoning module UMGEditor (73)
[2016.05.08-23.01.24:252][760]LogModuleManager: Shutting down and abandoning module UMG (72)
[2016.05.08-23.01.24:252][760]LogModuleManager: Shutting down and abandoning module SlateReflector (71)
[2016.05.08-23.01.24:252][760]LogModuleManager: Shutting down and abandoning module Slate (70)
[2016.05.08-23.01.24:252][760]LogModuleManager: Shutting down and abandoning module EditorStyle (69)
[2016.05.08-23.01.24:255][760]LogModuleManager: Shutting down and abandoning module SessionServices (68)
[2016.05.08-23.01.24:255][760]LogModuleManager: Shutting down and abandoning module SourceCodeAccess (67)
[2016.05.08-23.01.24:255][760]LogModuleManager: Shutting down and abandoning module HeadMountedDisplay (66)
[2016.05.08-23.01.24:255][760]LogModuleManager: Shutting down and abandoning module XAudio2 (65)
[2016.05.08-23.01.24:255][760]LogModuleManager: Shutting down and abandoning module Networking (63)
[2016.05.08-23.01.24:255][760]LogModuleManager: Shutting down and abandoning module Core (62)
[2016.05.08-23.01.24:255][760]LogModuleManager: Shutting down and abandoning module KismetCompiler (61)
[2016.05.08-23.01.24:255][760]LogModuleManager: Shutting down and abandoning module PhysXFormats (60)
[2016.05.08-23.01.24:255][760]LogModuleManager: Shutting down and abandoning module MeshUtilities (59)
[2016.05.08-23.01.24:255][760]LogModuleManager: Shutting down and abandoning module CookingStats (58)
[2016.05.08-23.01.24:256][760]LogModuleManager: Shutting down and abandoning module DerivedDataCache (57)
[2016.05.08-23.01.24:256][760]LogDerivedDataCache: Shutdown
[2016.05.08-23.01.24:256][760]LogModuleManager: Shutting down and abandoning module ShaderFormatOpenGL (56)
[2016.05.08-23.01.24:256][760]LogModuleManager: Shutting down and abandoning module ShaderFormatD3D (55)
[2016.05.08-23.01.24:256][760]LogModuleManager: Shutting down and abandoning module MetalShaderFormat (54)
[2016.05.08-23.01.24:256][760]LogModuleManager: Shutting down and abandoning module TextureFormatUncompressed (53)
[2016.05.08-23.01.24:256][760]LogModuleManager: Shutting down and abandoning module TextureFormatPVR (52)
[2016.05.08-23.01.24:256][760]LogModuleManager: Shutting down and abandoning module TextureFormatIntelISPCTexComp (51)
[2016.05.08-23.01.24:256][760]LogModuleManager: Shutting down and abandoning module TextureFormatDXT (50)
[2016.05.08-23.01.24:256][760]LogModuleManager: Shutting down and abandoning module ImageWrapper (49)
[2016.05.08-23.01.24:256][760]LogModuleManager: Shutting down and abandoning module TextureFormatASTC (48)
[2016.05.08-23.01.24:256][760]LogModuleManager: Shutting down and abandoning module TextureFormatAndroid (47)
[2016.05.08-23.01.24:256][760]LogModuleManager: Shutting down and abandoning module AudioFormatOpus (46)
[2016.05.08-23.01.24:256][760]LogModuleManager: Shutting down and abandoning module AudioFormatOgg (45)
[2016.05.08-23.01.24:256][760]LogModuleManager: Shutting down and abandoning module AudioFormatADPCM (44)
[2016.05.08-23.01.24:256][760]LogModuleManager: Shutting down and abandoning module LinuxTargetPlatform (43)
[2016.05.08-23.01.24:256][760]LogModuleManager: Shutting down and abandoning module LinuxServerTargetPlatform (42)
[2016.05.08-23.01.24:256][760]LogModuleManager: Shutting down and abandoning module LinuxNoEditorTargetPlatform (41)
[2016.05.08-23.01.24:256][760]LogModuleManager: Shutting down and abandoning module TVOSTargetPlatform (40)
[2016.05.08-23.01.24:256][760]LogModuleManager: Shutting down and abandoning module Messaging (39)
[2016.05.08-23.01.24:256][760]LogModuleManager: Shutting down and abandoning module IOSTargetPlatform (38)
[2016.05.08-23.01.24:256][760]LogModuleManager: Shutting down and abandoning module HTML5TargetPlatform (37)
[2016.05.08-23.01.24:256][760]LogModuleManager: Shutting down and abandoning module Android_PVRTCTargetPlatform (36)
[2016.05.08-23.01.24:256][760]LogModuleManager: Shutting down and abandoning module Android_MultiTargetPlatform (35)
[2016.05.08-23.01.24:256][760]LogModuleManager: Shutting down and abandoning module Android_ETC2TargetPlatform (34)
[2016.05.08-23.01.24:256][760]LogModuleManager: Shutting down and abandoning module Android_ETC1TargetPlatform (33)
[2016.05.08-23.01.24:256][760]LogModuleManager: Shutting down and abandoning module Android_DXTTargetPlatform (32)
[2016.05.08-23.01.24:256][760]LogModuleManager: Shutting down and abandoning module Android_ATCTargetPlatform (31)
[2016.05.08-23.01.24:256][760]LogModuleManager: Shutting down and abandoning module Android_ASTCTargetPlatform (30)
[2016.05.08-23.01.24:256][760]LogModuleManager: Shutting down and abandoning module AndroidTargetPlatform (29)
[2016.05.08-23.01.24:256][760]LogModuleManager: Shutting down and abandoning module WindowsTargetPlatform (28)
[2016.05.08-23.01.24:256][760]LogModuleManager: Shutting down and abandoning module WindowsServerTargetPlatform (27)
[2016.05.08-23.01.24:256][760]LogModuleManager: Shutting down and abandoning module WindowsNoEditorTargetPlatform (26)
[2016.05.08-23.01.24:256][760]LogModuleManager: Shutting down and abandoning module WindowsClientTargetPlatform (25)
[2016.05.08-23.01.24:256][760]LogModuleManager: Shutting down and abandoning module AllDesktopTargetPlatform (24)
[2016.05.08-23.01.24:256][760]LogModuleManager: Shutting down and abandoning module TargetPlatform (23)
[2016.05.08-23.01.24:256][760]LogModuleManager: Shutting down and abandoning module InputCore (22)
[2016.05.08-23.01.24:256][760]LogModuleManager: Shutting down and abandoning module Settings (21)
[2016.05.08-23.01.24:256][760]LogModuleManager: Shutting down and abandoning module OnlineSubsystem (19)
[2016.05.08-23.01.24:256][760]LogModuleManager: Shutting down and abandoning module HTTP (18)
[2016.05.08-23.01.26:259][760]LogModuleManager: Shutting down and abandoning module XMPP (17)
[2016.05.08-23.01.26:259][760]LogModuleManager: Shutting down and abandoning module OculusRift (16)
[2016.05.08-23.01.26:259][760]LogModuleManager: Shutting down and abandoning module ExampleDeviceProfileSelector (15)
[2016.05.08-23.01.26:259][760]LogModuleManager: Shutting down and abandoning module TextureCompressor (14)
[2016.05.08-23.01.26:259][760]LogModuleManager: Shutting down and abandoning module ShaderCore (13)
[2016.05.08-23.01.26:259][760]LogModuleManager: Shutting down and abandoning module Landscape (12)
[2016.05.08-23.01.26:259][760]LogModuleManager: Shutting down and abandoning module SlateRHIRenderer (11)
[2016.05.08-23.01.26:260][760]LogModuleManager: Shutting down and abandoning module OpenGLDrv (10)
[2016.05.08-23.01.26:261][760]LogModuleManager: Shutting down and abandoning module D3D11RHI (9)
[2016.05.08-23.01.26:261][760]LogModuleManager: Shutting down and abandoning module AnimGraphRuntime (8)
[2016.05.08-23.01.26:261][760]LogModuleManager: Shutting down and abandoning module Renderer (7)
[2016.05.08-23.01.26:261][760]LogModuleManager: Shutting down and abandoning module Engine (6)
[2016.05.08-23.01.26:261][760]LogModuleManager: Shutting down and abandoning module CoreUObject (5)
[2016.05.08-23.01.26:261][760]LogModuleManager: Shutting down and abandoning module NetworkFile (4)
[2016.05.08-23.01.26:261][760]LogModuleManager: Shutting down and abandoning module StreamingFile (3)
[2016.05.08-23.01.26:261][760]LogModuleManager: Shutting down and abandoning module SandboxFile (2)
[2016.05.08-23.01.26:261][760]LogModuleManager: Shutting down and abandoning module PakFile (1)
[2016.05.08-23.01.26:262][760]LogExit: Exiting.
[2016.05.08-23.01.26:277][760]Log file closed, 05/08/16 16:01:26
