Log file open, 05/25/16 01:49:24
LogInit:Display: Running engine for game: GameJamRigging
LogPlatformFile: Not using cached read wrapper
LogInit:Display: RandInit(1543867279) SRandInit(1543867281).
LogTaskGraph: Started task graph with 4 named threads and 7 total threads.
LogStats: Stats thread started at 0.073674
LogInit: Version: 4.11.2-2946394+++UE4+Release-4.11
LogInit: API Version: 2927265
LogInit: Compiled (64-bit): Apr 18 2016 02:18:46
LogInit: Compiled with Visual C++: 19.00.23026.00
LogInit: Build Configuration: Development
LogInit: Branch Name: ++UE4+Release-4.11
LogInit: Command line:  
LogInit: Base directory: C:/Program Files (x86)/Epic Games/4.11/Engine/Binaries/Win64/
LogInit: Installed Engine Build: 1
LogInit: Using libcurl 7.41.0
LogInit:  - built for x86_64-pc-win32
LogInit:  - supports SSL with WinSSL
LogInit:  - other features:
LogInit:      CURL_VERSION_SSL
LogInit:      CURL_VERSION_IPV6
LogInit:      CURL_VERSION_ASYNCHDNS
LogInit:      CURL_VERSION_LARGEFILE
LogInit:      CURL_VERSION_IDN
LogInit:  CurlRequestOptions (configurable via config and command line):
LogInit:  - bVerifyPeer = true  - Libcurl will verify peer certificate
LogInit:  - bUseHttpProxy = false  - Libcurl will NOT use HTTP proxy
LogInit:  - bDontReuseConnections = false  - Libcurl will reuse connections
LogInit:  - CertBundlePath = nullptr  - Libcurl will use whatever was configured at build time.
LogInit: Presizing for max 16777216 objects, including 0 objects not considered by GC, pre-allocating 0 bytes for permanent pool.
LogInit: Object subsystem initialized
[2016.05.25-08.49.24:566][  0]LogInit: Selected Device Profile: [Windows]
[2016.05.25-08.49.24:566][  0]LogInit: Applying CVar settings loaded from the selected device profile: [Windows]
[2016.05.25-08.49.24:571][  0]LogInit: Computer: DUMPRING
[2016.05.25-08.49.24:571][  0]LogInit: User: theco000
[2016.05.25-08.49.24:571][  0]LogInit: CPU Page size=65536, Cores=4
[2016.05.25-08.49.24:571][  0]LogInit: High frequency timer resolution =3.615397 MHz
[2016.05.25-08.49.24:571][  0]LogMemory: Memory total: Physical=15.9GB (16GB approx)
[2016.05.25-08.49.24:571][  0]LogMemory: Platform Memory Stats for Windows
[2016.05.25-08.49.24:571][  0]LogMemory: Process Physical Memory: 314.41 MB used, 314.41 MB peak
[2016.05.25-08.49.24:571][  0]LogMemory: Process Virtual Memory: 315.04 MB used, 315.04 MB peak
[2016.05.25-08.49.24:571][  0]LogMemory: Physical Memory: 5791.08 MB used, 16326.09 MB total
[2016.05.25-08.49.24:571][  0]LogMemory: Virtual Memory: 639.07 MB used, 134217728.00 MB total
[2016.05.25-08.49.24:603][  0]LogTextLocalizationManager: No specific translations for ('en-US') exist, so ('en') translations will be used.
[2016.05.25-08.49.24:985][  0]LogD3D11RHI: D3D11 adapters:
[2016.05.25-08.49.25:012][  0]LogD3D11RHI:    0. 'NVIDIA GeForce GTX 780' (Feature Level 11_0)
[2016.05.25-08.49.25:012][  0]LogD3D11RHI:       3013MB of dedicated video memory, 0MB of dedicated system memory, and 8163MB of shared system memory, 2 output[s]
[2016.05.25-08.49.25:014][  0]LogD3D11RHI:    1. 'Microsoft Basic Render Driver' (Feature Level 11_0)
[2016.05.25-08.49.25:014][  0]LogD3D11RHI:       0MB of dedicated video memory, 0MB of dedicated system memory, and 8163MB of shared system memory, 0 output[s]
[2016.05.25-08.49.25:014][  0]LogD3D11RHI: Chosen D3D11 Adapter: 0
[2016.05.25-08.49.25:017][  0]LogD3D11RHI: Creating new Direct3DDevice
[2016.05.25-08.49.25:017][  0]LogD3D11RHI:     Adapter Name: NVIDIA GeForce GTX 780
[2016.05.25-08.49.25:017][  0]LogD3D11RHI:   Driver Version: 10.18.13.6510 (internal 10.18.13.6510)
[2016.05.25-08.49.25:017][  0]LogD3D11RHI:      Driver Date: 4-27-2016
[2016.05.25-08.49.25:017][  0]LogRHI: Texture pool is 1361 MB (70% of 1945 MB)
[2016.05.25-08.49.25:030][  0]LogD3D11RHI: Async texture creation enabled
[2016.05.25-08.49.25:040][  0]LogShaderCompilers: Guid format shader working directory is 12 characters bigger than the processId version (D:/Git/RiggingShooter/GameJamRigging/Intermediate/Shaders/WorkingDirectory/10648/).
[2016.05.25-08.49.25:041][  0]LogShaderCompilers: Cleaned the shader compiler working directory 'C:/Users/THECO_~1/AppData/Local/Temp/UnrealShaderWorkingDir/D350F5074D48B85F46274587A555D59F/'.
[2016.05.25-08.49.25:041][  0]LogShaderCompilers:Display: Using Local Shader Compiler.
[2016.05.25-08.49.26:028][  0]LogTemp:Display: Loaded TP AllDesktopTargetPlatform
[2016.05.25-08.49.26:032][  0]LogTemp:Display: Loaded TP WindowsClientTargetPlatform
[2016.05.25-08.49.26:036][  0]LogTemp:Display: Loaded TP WindowsNoEditorTargetPlatform
[2016.05.25-08.49.26:040][  0]LogTemp:Display: Loaded TP WindowsServerTargetPlatform
[2016.05.25-08.49.26:045][  0]LogTemp:Display: Loaded TP WindowsTargetPlatform
[2016.05.25-08.49.26:048][  0]LogTemp:Display: Loaded TP AndroidTargetPlatform
[2016.05.25-08.49.26:050][  0]LogTemp:Display: Loaded TP Android_ASTCTargetPlatform
[2016.05.25-08.49.26:053][  0]LogTemp:Display: Loaded TP Android_ATCTargetPlatform
[2016.05.25-08.49.26:056][  0]LogTemp:Display: Loaded TP Android_DXTTargetPlatform
[2016.05.25-08.49.26:060][  0]LogTemp:Display: Loaded TP Android_ETC1TargetPlatform
[2016.05.25-08.49.26:062][  0]LogTemp:Display: Loaded TP Android_ETC2TargetPlatform
[2016.05.25-08.49.26:068][  0]LogTemp:Display: Loaded TP Android_MultiTargetPlatform
[2016.05.25-08.49.26:068][  0]LogTemp:Display: Loaded TP Android_PVRTCTargetPlatform
[2016.05.25-08.49.26:069][  0]LogTemp:Display: Loaded TP HTML5TargetPlatform
[2016.05.25-08.49.26:086][  0]LogTemp:Display: Loaded TP IOSTargetPlatform
[2016.05.25-08.49.26:088][  0]LogTemp:Display: Loaded TP TVOSTargetPlatform
[2016.05.25-08.49.26:091][  0]LogTemp:Display: Loaded TP LinuxNoEditorTargetPlatform
[2016.05.25-08.49.26:094][  0]LogTemp:Display: Loaded TP LinuxServerTargetPlatform
[2016.05.25-08.49.26:097][  0]LogTemp:Display: Loaded TP LinuxTargetPlatform
[2016.05.25-08.49.26:097][  0]LogTargetPlatformManager:Display: Building Assets For Windows
[2016.05.25-08.49.26:161][  0]LogDerivedDataCache:Display: Max Cache Size: 512 MB
[2016.05.25-08.49.26:205][  0]LogDerivedDataCache: Loaded boot cache 0.04s 46MB C:/Users/theco_000/AppData/Local/UnrealEngine/4.11/DerivedDataCache/Boot.ddc.
[2016.05.25-08.49.26:205][  0]LogDerivedDataCache:Display: Loaded Boot cache: C:/Users/theco_000/AppData/Local/UnrealEngine/4.11/DerivedDataCache/Boot.ddc
[2016.05.25-08.49.26:205][  0]LogDerivedDataCache: FDerivedDataBackendGraph:  Pak pak cache file D:/Git/RiggingShooter/GameJamRigging/DerivedDataCache/DDC.ddp not found, will not use a pak cache.
[2016.05.25-08.49.26:205][  0]LogDerivedDataCache: Unable to find inner node Pak for hierarchical cache Hierarchy.
[2016.05.25-08.49.26:205][  0]LogDerivedDataCache: FDerivedDataBackendGraph:  CompressedPak pak cache file D:/Git/RiggingShooter/GameJamRigging/DerivedDataCache/Compressed.ddp not found, will not use a pak cache.
[2016.05.25-08.49.26:205][  0]LogDerivedDataCache: Unable to find inner node CompressedPak for hierarchical cache Hierarchy.
[2016.05.25-08.49.26:219][  0]LogDerivedDataCache:Display: Pak cache opened for reading ../../../Engine/DerivedDataCache/Compressed.ddp.
[2016.05.25-08.49.26:231][  0]LogDerivedDataCache: Using Local data cache path C:/Users/theco_000/AppData/Local/UnrealEngine/Common/DerivedDataCache: Writable
[2016.05.25-08.49.26:414][  0]LogInit: Selected Device Profile: [Windows]
[2016.05.25-08.49.26:415][  0]LogContentStreaming: Texture pool size is 0.00 MB
[2016.05.25-08.49.26:447][  0]LogMaterial: Uniform references updated for custom material expression Custom.
[2016.05.25-08.49.26:558][  0]LogMeshUtilities: No automatic mesh reduction module available
[2016.05.25-08.49.26:558][  0]LogMeshUtilities: No automatic mesh merging module available
[2016.05.25-08.49.26:558][  0]LogMeshUtilities: No distributed automatic mesh merging module available
[2016.05.25-08.49.26:764][  0]LogUObjectArray: 27679 objects as part of root set at end of initial load.
[2016.05.25-08.49.26:764][  0]LogUObjectAllocator: 5591592 out of 0 bytes used by permanent object pool.
[2016.05.25-08.49.26:764][  0]LogUObjectArray: CloseDisregardForGC: 0/0 objects in disregard for GC pool
[2016.05.25-08.49.26:769][  0]LogInit: WinSock: version 1.1 (2.2), MaxSocks=32767, MaxUdp=65467
[2016.05.25-08.49.26:849][  0]LogSlate: SlateFontCache - WITH_FREETYPE: 1, WITH_HARFBUZZ: 1
[2016.05.25-08.49.26:849][  0]LogSlate: SlateFontCache - WITH_FREETYPE: 1, WITH_HARFBUZZ: 1
[2016.05.25-08.49.26:984][  0]LogStreaming:Warning: Failed to read file '../../../Engine/Content/Editor/Slate/Common/Selection_16x.png' error.
[2016.05.25-08.49.26:984][  0]LogSlate: Could not find file for Slate resource: ../../../Engine/Content/Editor/Slate/Common/Selection_16x.png
[2016.05.25-08.49.26:984][  0]LogStreaming:Warning: Failed to read file '../../../Engine/Content/Editor/Slate/Common/Selection_16x.png' error.
[2016.05.25-08.49.26:984][  0]LogSlate: Could not find file for Slate resource: ../../../Engine/Content/Editor/Slate/Common/Selection_16x.png
[2016.05.25-08.49.26:984][  0]LogStreaming:Warning: Failed to read file '../../../Engine/Content/Editor/Slate/Common/Selection_16x.png' error.
[2016.05.25-08.49.26:984][  0]LogSlate: Could not find file for Slate resource: ../../../Engine/Content/Editor/Slate/Common/Selection_16x.png
[2016.05.25-08.49.27:657][  0]LogUdpMessaging: Initializing bridge on interface 0.0.0.0:0 to multicast group 230.0.0.1:6666.
[2016.05.25-08.49.27:765][  0]LogAssetRegistry: FAssetRegistry took 0.0224 seconds to start up
[2016.05.25-08.49.27:922][  0]SourceControl: Info Source control is disabled
[2016.05.25-08.49.27:923][  0]SourceControl: Info Source control is disabled
[2016.05.25-08.49.27:930][  0]SourceControl: Info Source control is disabled
[2016.05.25-08.49.27:937][  0]SourceControl: Info Source control is disabled
[2016.05.25-08.49.28:040][  0]LogHMD: Failed to initialize OpenVR with code 110
[2016.05.25-08.49.28:106][  0]LogEngine: Initializing Engine...
[2016.05.25-08.49.28:241][  0]LogAIModule: Creating AISystem for world NewWorld
[2016.05.25-08.49.28:252][  0]LogInit: XAudio2 using 'Speakers (Realtek High Definition Audio)' : 2 channels at 48 kHz using 32 bits per sample (channel mask 0x3)
[2016.05.25-08.49.28:276][  0]LogInit: FAudioDevice initialized.
[2016.05.25-08.49.28:299][  0]LogDerivedDataCache: Saved boot cache 0.02s 46MB C:/Users/theco_000/AppData/Local/UnrealEngine/4.11/DerivedDataCache/Boot.ddc.
[2016.05.25-08.49.28:303][  0]LogInit: Texture streaming: Enabled
[2016.05.25-08.49.28:322][  0]LogInit: Transaction tracking system initialized
[2016.05.25-08.49.28:341][  0]BlueprintLog: New page: Editor Load
[2016.05.25-08.49.28:399][  0]LocalizationService: Info Localization service is disabled
[2016.05.25-08.49.28:461][  0]LogConsoleResponse:Display: 
[2016.05.25-08.49.28:557][  0]LogCook:Display: Max memory allowance for cook 8192mb
[2016.05.25-08.49.28:557][  0]LogCook:Display: Mobile HDR setting 1
[2016.05.25-08.49.28:557][  0]LogCook:Display: Done creating registry. It took  0.00s.
[2016.05.25-08.49.28:599][  0]LogFileCache: Scanning file cache for directory 'D:/Git/RiggingShooter/GameJamRigging/Content/' took 0.02s
[2016.05.25-08.49.28:599][  0]SourceControl: Info Source control is disabled
[2016.05.25-08.49.28:599][  0]Cmd: MAP LOAD FILE="D:/Git/RiggingShooter/GameJamRigging/Content/Maps/ChrisTest.umap" TEMPLATE=0 SHOWPROGRESS=1 FEATURELEVEL=3
[2016.05.25-08.49.28:599][  0]LightingResults: New page: Lighting Build
[2016.05.25-08.49.28:601][  0]MapCheck: New page: Map Check
[2016.05.25-08.49.28:601][  0]LightingResults: New page: Lighting Build
[2016.05.25-08.49.29:803][  0]LogAIModule: Creating AISystem for world ChrisTest
[2016.05.25-08.49.29:810][  0]LogEditorServer: Finished looking for orphan Actors (0.000 secs)
[2016.05.25-08.49.29:810][  0]Cmd: MAP CHECKDEP NOCLEARLOG
[2016.05.25-08.49.29:852][  0]MapCheck: Info Map check complete: 0 Error(s), 0 Warning(s), took 42.04ms to complete.
[2016.05.25-08.49.29:852][  0]LogFileHelpers: Loading map 'ChrisTest' took 1.254
[2016.05.25-08.49.29:976][  0]LogCollectionManager: Loaded 0 collections in 0.001189 seconds
[2016.05.25-08.49.30:020][  0]LogFileCache: Scanning file cache for directory 'D:/Git/RiggingShooter/GameJamRigging/Saved/Collections/' took 0.01s
[2016.05.25-08.49.30:020][  0]LogFileCache: Scanning file cache for directory 'D:/Git/RiggingShooter/GameJamRigging/Content/Developers/theco000/Collections/' took 0.01s
[2016.05.25-08.49.30:020][  0]LogFileCache: Scanning file cache for directory 'D:/Git/RiggingShooter/GameJamRigging/Content/Collections/' took 0.01s
[2016.05.25-08.49.30:020][  0]LogCollectionManager: Rebuilt the GUID cache for 0 collections in 0.000003 seconds
[2016.05.25-08.49.30:026][  0]LogContentBrowser: Native class hierarchy populated in 0.0064 seconds. Added 1979 classes and 343 folders.
[2016.05.25-08.49.30:029][  0]LogStats: UGameplayTagsManager::ConstructGameplayTagTree: Construct from data asset -  0.000 s
[2016.05.25-08.49.30:029][  0]LogStats: UGameplayTagsManager::ConstructGameplayTagTree: GameplayTagTreeChangedEvent.Broadcast -  0.000 s
[2016.05.25-08.49.30:030][  0]LogContentBrowser: Native class hierarchy updated for 'GameplayTags' in 0.0004 seconds. Added 12 classes and 0 folders.
[2016.05.25-08.49.30:034][  0]LogContentBrowser: Native class hierarchy updated for 'WidgetCarousel' in 0.0003 seconds. Added 0 classes and 0 folders.
[2016.05.25-08.49.30:039][  0]LogContentBrowser: Native class hierarchy updated for 'SuperSearch' in 0.0003 seconds. Added 1 classes and 2 folders.
[2016.05.25-08.49.30:081][  0]LogContentBrowser: Native class hierarchy updated for 'AddContentDialog' in 0.0004 seconds. Added 0 classes and 0 folders.
[2016.05.25-08.49.30:088][  0]LogContentBrowser: Native class hierarchy updated for 'WorldBrowser' in 0.0004 seconds. Added 1 classes and 3 folders.
[2016.05.25-08.49.30:093][  0]LogContentBrowser: Native class hierarchy updated for 'SceneOutliner' in 0.0003 seconds. Added 1 classes and 2 folders.
[2016.05.25-08.49.30:151][  0]LogCrashTracker: Crashtracker disabled due to settings.
[2016.05.25-08.49.30:165][  0]LogUObjectGlobals:Warning: Failed to find object 'Class None.'
[2016.05.25-08.49.30:190][  0]LogContentBrowser: Native class hierarchy updated for 'HierarchicalLODOutliner' in 0.0003 seconds. Added 1 classes and 2 folders.
[2016.05.25-08.49.30:190][  0]LogLoad: Full Startup: 6.29 seconds (BP compile: 0.36 seconds)
[2016.05.25-08.49.30:190][  0]LogExternalProfiler: Found external profiler: VSPerf
[2016.05.25-08.49.30:190][  0]LogExternalProfiler: Using external profiler: VSPerf
[2016.05.25-08.49.30:199][  0]LogOcInput: OculusInput pre-init called
[2016.05.25-08.49.30:242][  0]LogContentStreaming: Texture pool size now 1000 MB
[2016.05.25-08.49.30:383][  0]LogRenderer: Reallocating scene render targets to support 1596x808 (Frame:2).
[2016.05.25-08.49.30:459][  1]LogAssetRegistry: Asset discovery search completed in 2.7158 seconds
[2016.05.25-08.49.30:459][  1]LogCollectionManager: Rebuilt the object cache for 0 collections in 0.000001 seconds (found 0 objects)
[2016.05.25-08.49.30:459][  1]LogCollectionManager: Fixed up redirectors for 0 collections in 0.000033 seconds (updated 0 objects)
[2016.05.25-08.49.45:318][359]LogMetaData: Removing '/Game/Models/Character/RiggingCharacterAnimBP.RiggingCharacterAnimBP_C' ref from Metadata '/Game/Models/NewFolder/RiggingCharacterAnimBP.PackageMetaData'
[2016.05.25-08.49.45:318][359]LogMetaData: Removing '/Game/Models/Character/RiggingCharacterAnimBP.RiggingCharacterAnimBP:EventGraph.K2Node_Event_255' ref from Metadata '/Game/Models/NewFolder/RiggingCharacterAnimBP.PackageMetaData'
[2016.05.25-08.49.45:318][359]LogMetaData: Removing '/Game/Models/Character/RiggingCharacterAnimBP.RiggingCharacterAnimBP:EventGraph.K2Node_CallFunction_3958' ref from Metadata '/Game/Models/NewFolder/RiggingCharacterAnimBP.PackageMetaData'
[2016.05.25-08.49.45:318][359]LogMetaData: Removing '/Game/Models/Character/RiggingCharacterAnimBP.RiggingCharacterAnimBP:AnimGraph.AnimGraphNode_Root_12' ref from Metadata '/Game/Models/NewFolder/RiggingCharacterAnimBP.PackageMetaData'
[2016.05.25-08.49.45:318][359]LogMetaData: Removing '/Game/Models/Character/RiggingCharacterAnimBP.RiggingCharacterAnimBP:AnimGraph.AnimGraphNode_StateMachine_7.Locomotion.AnimStateEntryNode_0' ref from Metadata '/Game/Models/NewFolder/RiggingCharacterAnimBP.PackageMetaData'
[2016.05.25-08.49.45:318][359]LogMetaData: Removing '/Game/Models/Character/RiggingCharacterAnimBP.RiggingCharacterAnimBP:AnimGraph.AnimGraphNode_StateMachine_7.Locomotion.AnimStateNode_3.IdleWalk.AnimGraphNode_StateResult_37' ref from Metadata '/Game/Models/NewFolder/RiggingCharacterAnimBP.PackageMetaData'
[2016.05.25-08.49.45:318][359]LogMetaData: Removing '/Game/Models/Character/RiggingCharacterAnimBP.RiggingCharacterAnimBP:AnimGraph.AnimGraphNode_StateMachine_7.Locomotion.AnimStateNode_1.Jump.AnimGraphNode_StateResult_85' ref from Metadata '/Game/Models/NewFolder/RiggingCharacterAnimBP.PackageMetaData'
[2016.05.25-08.49.45:318][359]LogMetaData: Removing '/Game/Models/Character/RiggingCharacterAnimBP.RiggingCharacterAnimBP:AnimGraph.AnimGraphNode_StateMachine_7.Locomotion.AnimStateTransitionNode_1.Transition.AnimGraphNode_TransitionResult_156' ref from Metadata '/Game/Models/NewFolder/RiggingCharacterAnimBP.PackageMetaData'
[2016.05.25-08.49.45:318][359]LogMetaData: Removing '/Game/Models/Character/RiggingCharacterAnimBP.RiggingCharacterAnimBP:AnimGraph.AnimGraphNode_StateMachine_7.Locomotion.AnimStateTransitionNode_3.Transition.AnimGraphNode_TransitionResult_161' ref from Metadata '/Game/Models/NewFolder/RiggingCharacterAnimBP.PackageMetaData'
[2016.05.25-08.49.45:318][359]LogMetaData: Removing '/Game/Models/Character/RiggingCharacterAnimBP.RiggingCharacterAnimBP_C:ExecuteUbergraph_RiggingCharacterAnimBP' ref from Metadata '/Game/Models/NewFolder/RiggingCharacterAnimBP.PackageMetaData'
[2016.05.25-08.49.45:318][359]LogMetaData: Removing '/Game/Models/Character/RiggingCharacterAnimBP.RiggingCharacterAnimBP_C:BlueprintUpdateAnimation' ref from Metadata '/Game/Models/NewFolder/RiggingCharacterAnimBP.PackageMetaData'
[2016.05.25-08.49.45:318][359]LogMetaData: Removing '/Game/Models/Character/RiggingCharacterAnimBP.RiggingCharacterAnimBP_C:Speed' ref from Metadata '/Game/Models/NewFolder/RiggingCharacterAnimBP.PackageMetaData'
[2016.05.25-08.49.45:318][359]LogMetaData: Removing '/Game/Models/Character/RiggingCharacterAnimBP.RiggingCharacterAnimBP_C:InAir' ref from Metadata '/Game/Models/NewFolder/RiggingCharacterAnimBP.PackageMetaData'
[2016.05.25-08.49.45:318][359]LogMetaData: Removing '/Game/Models/Character/RiggingCharacterAnimBP.SKEL_RiggingCharacterAnimBP_C:InAir' ref from Metadata '/Game/Models/NewFolder/RiggingCharacterAnimBP.PackageMetaData'
[2016.05.25-08.49.45:318][359]LogMetaData: Removing '/Game/Models/Character/RiggingCharacterAnimBP.SKEL_RiggingCharacterAnimBP_C:Speed' ref from Metadata '/Game/Models/NewFolder/RiggingCharacterAnimBP.PackageMetaData'
[2016.05.25-08.49.45:318][359]LogMetaData: Removing '/Game/Models/Character/RiggingCharacterAnimBP.SKEL_RiggingCharacterAnimBP_C:BlueprintUpdateAnimation' ref from Metadata '/Game/Models/NewFolder/RiggingCharacterAnimBP.PackageMetaData'
[2016.05.25-08.49.45:318][359]LogMetaData: Removing '/Game/Models/Character/RiggingCharacterAnimBP.SKEL_RiggingCharacterAnimBP_C:ExecuteUbergraph_RiggingCharacterAnimBP' ref from Metadata '/Game/Models/NewFolder/RiggingCharacterAnimBP.PackageMetaData'
[2016.05.25-08.49.45:318][359]LogMetaData: Removing '/Game/Models/Character/RiggingCharacterAnimBP.SKEL_RiggingCharacterAnimBP_C' ref from Metadata '/Game/Models/NewFolder/RiggingCharacterAnimBP.PackageMetaData'
[2016.05.25-08.49.45:450][359]LogSavePackage: Save=1.37ms
[2016.05.25-08.49.45:450][359]LogSavePackage: Moving 'D:/Git/RiggingShooter/GameJamRigging/Saved/RiggingShooterCharacter2_dot_3_Skeleton1215B1344D41AE478893CAA495179CA7.tmp' to 'D:/Git/RiggingShooter/GameJamRigging/Content/Models/Character/RiggingShooterCharacter2_dot_3_Skeleton.uasset'
[2016.05.25-08.49.45:451][359]LogSavePackage: Total save time: 2.40ms
[2016.05.25-08.49.45:451][359]LogSavePackage:Display: Finished SavePackage D:/Git/RiggingShooter/GameJamRigging/Content/Models/Character/RiggingShooterCharacter2_dot_3_Skeleton.uasset
[2016.05.25-08.49.45:483][359]LogSavePackage: Save=9.29ms
[2016.05.25-08.49.45:483][359]LogSavePackage: Moving 'D:/Git/RiggingShooter/GameJamRigging/Saved/RiggingShooterCharacter2_dot_3_Anim_Armature_InAirBBADBDF44EC65E55C0534F97F0E6CE2D.tmp' to 'D:/Git/RiggingShooter/GameJamRigging/Content/Models/Character/RiggingShooterCharacter2_dot_3_Anim_Armature_InAir.uasset'
[2016.05.25-08.49.45:484][359]LogSavePackage: Total save time: 10.27ms
[2016.05.25-08.49.45:484][359]LogSavePackage:Display: Finished SavePackage D:/Git/RiggingShooter/GameJamRigging/Content/Models/Character/RiggingShooterCharacter2_dot_3_Anim_Armature_InAir.uasset
[2016.05.25-08.49.45:516][359]LogSavePackage: Save=9.28ms
[2016.05.25-08.49.45:516][359]LogSavePackage: Moving 'D:/Git/RiggingShooter/GameJamRigging/Saved/RiggingShooterCharacter2_dot_3_Anim_Armature_Idle639BAF384039F33B4DE4289BC369915E.tmp' to 'D:/Git/RiggingShooter/GameJamRigging/Content/Models/Character/RiggingShooterCharacter2_dot_3_Anim_Armature_Idle.uasset'
[2016.05.25-08.49.45:517][359]LogSavePackage: Total save time: 10.32ms
[2016.05.25-08.49.45:517][359]LogSavePackage:Display: Finished SavePackage D:/Git/RiggingShooter/GameJamRigging/Content/Models/Character/RiggingShooterCharacter2_dot_3_Anim_Armature_Idle.uasset
[2016.05.25-08.49.45:547][359]LogSavePackage: Save=9.54ms
[2016.05.25-08.49.45:547][359]LogSavePackage: Moving 'D:/Git/RiggingShooter/GameJamRigging/Saved/RiggingShooterCharacter2_dot_3_Anim_Armature_WalkDCB293A24C4A543BB927328D99A3372A.tmp' to 'D:/Git/RiggingShooter/GameJamRigging/Content/Models/Character/RiggingShooterCharacter2_dot_3_Anim_Armature_Walk.uasset'
[2016.05.25-08.49.45:548][359]LogSavePackage: Total save time: 10.63ms
[2016.05.25-08.49.45:548][359]LogSavePackage:Display: Finished SavePackage D:/Git/RiggingShooter/GameJamRigging/Content/Models/Character/RiggingShooterCharacter2_dot_3_Anim_Armature_Walk.uasset
[2016.05.25-08.49.45:566][359]Cmd: OBJ SAVEPACKAGE PACKAGE="/Game/Models/Character/IdleWalk" FILE="D:/Git/RiggingShooter/GameJamRigging/Content/Models/Character/IdleWalk.uasset" SILENT=true
[2016.05.25-08.49.45:575][359]LogSavePackage: Save=8.56ms
[2016.05.25-08.49.45:575][359]LogSavePackage: Moving 'D:/Git/RiggingShooter/GameJamRigging/Saved/IdleWalkD78419FC47F50FC866628FBDA1F53E15.tmp' to 'D:/Git/RiggingShooter/GameJamRigging/Content/Models/Character/IdleWalk.uasset'
[2016.05.25-08.49.45:575][359]LogSavePackage: Total save time: 9.59ms
[2016.05.25-08.49.45:575][359]LogSavePackage:Display: Finished SavePackage D:/Git/RiggingShooter/GameJamRigging/Content/Models/Character/IdleWalk.uasset
[2016.05.25-08.49.45:594][359]Cmd: OBJ SAVEPACKAGE PACKAGE="/Game/Models/Character/RiggingCharacterAnimBP" FILE="D:/Git/RiggingShooter/GameJamRigging/Content/Models/Character/RiggingCharacterAnimBP.uasset" SILENT=true
[2016.05.25-08.49.45:658][359]LogSavePackage: Save=62.17ms
[2016.05.25-08.49.45:658][359]LogSavePackage: Moving 'D:/Git/RiggingShooter/GameJamRigging/Saved/RiggingCharacterAnimBP0E6EDDDA48D42FC5DA3F42AC31D46CE3.tmp' to 'D:/Git/RiggingShooter/GameJamRigging/Content/Models/Character/RiggingCharacterAnimBP.uasset'
[2016.05.25-08.49.45:659][359]LogSavePackage: Total save time: 64.09ms
[2016.05.25-08.49.45:659][359]LogSavePackage:Display: Finished SavePackage D:/Git/RiggingShooter/GameJamRigging/Content/Models/Character/RiggingCharacterAnimBP.uasset
[2016.05.25-08.49.45:677][359]LogSavePackage: Save=5.85ms
[2016.05.25-08.49.45:677][359]LogSavePackage: Moving 'D:/Git/RiggingShooter/GameJamRigging/Saved/RiggingShooterCharacter2_dot_3_PhysicsAssetED2D1446451802D8B0097A99D42A05FB.tmp' to 'D:/Git/RiggingShooter/GameJamRigging/Content/Models/Character/RiggingShooterCharacter2_dot_3_PhysicsAsset.uasset'
[2016.05.25-08.49.45:678][359]LogSavePackage: Total save time: 6.92ms
[2016.05.25-08.49.45:678][359]LogSavePackage:Display: Finished SavePackage D:/Git/RiggingShooter/GameJamRigging/Content/Models/Character/RiggingShooterCharacter2_dot_3_PhysicsAsset.uasset
[2016.05.25-08.49.45:697][359]Cmd: OBJ SAVEPACKAGE PACKAGE="/Game/Models/Character/RiggingShooterCharacter2_dot_3" FILE="D:/Git/RiggingShooter/GameJamRigging/Content/Models/Character/RiggingShooterCharacter2_dot_3.uasset" SILENT=true
[2016.05.25-08.49.45:712][359]LogSavePackage: Save=14.09ms
[2016.05.25-08.49.45:712][359]LogSavePackage: Moving 'D:/Git/RiggingShooter/GameJamRigging/Saved/RiggingShooterCharacter2_dot_3D61840204297FC4AB0A1D888A0E4764E.tmp' to 'D:/Git/RiggingShooter/GameJamRigging/Content/Models/Character/RiggingShooterCharacter2_dot_3.uasset'
[2016.05.25-08.49.45:713][359]LogSavePackage: Total save time: 15.14ms
[2016.05.25-08.49.45:713][359]LogSavePackage:Display: Finished SavePackage D:/Git/RiggingShooter/GameJamRigging/Content/Models/Character/RiggingShooterCharacter2_dot_3.uasset
[2016.05.25-08.49.45:732][359]Cmd: OBJ SAVEPACKAGE PACKAGE="/Game/Models/Character/GunMat" FILE="D:/Git/RiggingShooter/GameJamRigging/Content/Models/Character/GunMat.uasset" SILENT=true
[2016.05.25-08.49.45:742][359]LogSavePackage: Save=8.88ms
[2016.05.25-08.49.45:742][359]LogSavePackage: Moving 'D:/Git/RiggingShooter/GameJamRigging/Saved/GunMat6C8ABD8447DDBEBA4DD9859BD098DF2F.tmp' to 'D:/Git/RiggingShooter/GameJamRigging/Content/Models/Character/GunMat.uasset'
[2016.05.25-08.49.45:743][359]LogSavePackage: Total save time: 9.92ms
[2016.05.25-08.49.45:743][359]LogSavePackage:Display: Finished SavePackage D:/Git/RiggingShooter/GameJamRigging/Content/Models/Character/GunMat.uasset
[2016.05.25-08.49.45:761][359]Cmd: OBJ SAVEPACKAGE PACKAGE="/Game/Models/Character/Material" FILE="D:/Git/RiggingShooter/GameJamRigging/Content/Models/Character/Material.uasset" SILENT=true
[2016.05.25-08.49.45:771][359]LogSavePackage: Save=8.82ms
[2016.05.25-08.49.45:771][359]LogSavePackage: Moving 'D:/Git/RiggingShooter/GameJamRigging/Saved/Material10C8C9F5453D4033D64CC88CCBDB0333.tmp' to 'D:/Git/RiggingShooter/GameJamRigging/Content/Models/Character/Material.uasset'
[2016.05.25-08.49.45:772][359]LogSavePackage: Total save time: 9.79ms
[2016.05.25-08.49.45:772][359]LogSavePackage:Display: Finished SavePackage D:/Git/RiggingShooter/GameJamRigging/Content/Models/Character/Material.uasset
[2016.05.25-08.49.45:791][359]Cmd: OBJ SAVEPACKAGE PACKAGE="/Game/Models/Character/Material_001" FILE="D:/Git/RiggingShooter/GameJamRigging/Content/Models/Character/Material_001.uasset" SILENT=true
[2016.05.25-08.49.45:802][359]LogSavePackage: Save=10.11ms
[2016.05.25-08.49.45:802][359]LogSavePackage: Moving 'D:/Git/RiggingShooter/GameJamRigging/Saved/Material_00142EE7BE648F4A2A0FFC7C5B89CD9110C.tmp' to 'D:/Git/RiggingShooter/GameJamRigging/Content/Models/Character/Material_001.uasset'
[2016.05.25-08.49.45:803][359]LogSavePackage: Total save time: 11.15ms
[2016.05.25-08.49.45:803][359]LogSavePackage:Display: Finished SavePackage D:/Git/RiggingShooter/GameJamRigging/Content/Models/Character/Material_001.uasset
[2016.05.25-08.49.45:822][359]Cmd: OBJ SAVEPACKAGE PACKAGE="/Game/Models/Character/Material_002" FILE="D:/Git/RiggingShooter/GameJamRigging/Content/Models/Character/Material_002.uasset" SILENT=true
[2016.05.25-08.49.45:832][359]LogSavePackage: Save=9.07ms
[2016.05.25-08.49.45:832][359]LogSavePackage: Moving 'D:/Git/RiggingShooter/GameJamRigging/Saved/Material_002E080395340FFA093F58FAEB6EE746404.tmp' to 'D:/Git/RiggingShooter/GameJamRigging/Content/Models/Character/Material_002.uasset'
[2016.05.25-08.49.45:833][359]LogSavePackage: Total save time: 10.17ms
[2016.05.25-08.49.45:833][359]LogSavePackage:Display: Finished SavePackage D:/Git/RiggingShooter/GameJamRigging/Content/Models/Character/Material_002.uasset
[2016.05.25-08.49.45:852][359]Cmd: OBJ SAVEPACKAGE PACKAGE="/Game/Models/Character/Material_003" FILE="D:/Git/RiggingShooter/GameJamRigging/Content/Models/Character/Material_003.uasset" SILENT=true
[2016.05.25-08.49.45:862][359]LogSavePackage: Save=9.50ms
[2016.05.25-08.49.45:862][359]LogSavePackage: Moving 'D:/Git/RiggingShooter/GameJamRigging/Saved/Material_0034483F6154427884E73D2E68D1B93111B.tmp' to 'D:/Git/RiggingShooter/GameJamRigging/Content/Models/Character/Material_003.uasset'
[2016.05.25-08.49.45:863][359]LogSavePackage: Total save time: 10.54ms
[2016.05.25-08.49.45:863][359]LogSavePackage:Display: Finished SavePackage D:/Git/RiggingShooter/GameJamRigging/Content/Models/Character/Material_003.uasset
[2016.05.25-08.49.45:893][359]LogSavePackage: Save=9.11ms
[2016.05.25-08.49.45:893][359]LogSavePackage: Moving 'D:/Git/RiggingShooter/GameJamRigging/Saved/RiggingShooterCharacter2_dot_3_Anim_Armature_JumpStartF1CE452F4752AD341FC5AA92E92BC85F.tmp' to 'D:/Git/RiggingShooter/GameJamRigging/Content/Models/Character/RiggingShooterCharacter2_dot_3_Anim_Armature_JumpStart.uasset'
[2016.05.25-08.49.45:894][359]LogSavePackage: Total save time: 10.20ms
[2016.05.25-08.49.45:894][359]LogSavePackage:Display: Finished SavePackage D:/Git/RiggingShooter/GameJamRigging/Content/Models/Character/RiggingShooterCharacter2_dot_3_Anim_Armature_JumpStart.uasset
[2016.05.25-08.49.45:923][359]LogSavePackage: Save=9.13ms
[2016.05.25-08.49.45:923][359]LogSavePackage: Moving 'D:/Git/RiggingShooter/GameJamRigging/Saved/RiggingShooterCharacter2_dot_3_Anim_Cube_Idle6429B6D141BA4E3F343B1B9DA199BAB5.tmp' to 'D:/Git/RiggingShooter/GameJamRigging/Content/Models/Character/RiggingShooterCharacter2_dot_3_Anim_Cube_Idle.uasset'
[2016.05.25-08.49.45:923][359]LogSavePackage: Total save time: 10.11ms
[2016.05.25-08.49.45:923][359]LogSavePackage:Display: Finished SavePackage D:/Git/RiggingShooter/GameJamRigging/Content/Models/Character/RiggingShooterCharacter2_dot_3_Anim_Cube_Idle.uasset
[2016.05.25-08.49.45:952][359]LogSavePackage: Save=9.17ms
[2016.05.25-08.49.45:952][359]LogSavePackage: Moving 'D:/Git/RiggingShooter/GameJamRigging/Saved/RiggingShooterCharacter2_dot_3_Anim_Cylinder_Idle0BAB89D54648AFCFA14C2AB4BE70C047.tmp' to 'D:/Git/RiggingShooter/GameJamRigging/Content/Models/Character/RiggingShooterCharacter2_dot_3_Anim_Cylinder_Idle.uasset'
[2016.05.25-08.49.45:953][359]LogSavePackage: Total save time: 10.13ms
[2016.05.25-08.49.45:953][359]LogSavePackage:Display: Finished SavePackage D:/Git/RiggingShooter/GameJamRigging/Content/Models/Character/RiggingShooterCharacter2_dot_3_Anim_Cylinder_Idle.uasset
[2016.05.25-08.49.45:984][359]LogActorComponent: UnregisterComponent: (/Engine/Transient.ProjectileMovementComponent_40__A6522401) Not registered. Aborting.
[2016.05.25-08.49.45:984][359]LogActorComponent: UnregisterComponent: (/Engine/Transient.CharMoveComp) Not registered. Aborting.
[2016.05.25-08.49.46:694][359]Cmd: OBJ SAVEPACKAGE PACKAGE="/Game/Blueprints/Player" FILE="D:/Git/RiggingShooter/GameJamRigging/Content/Blueprints/Player.uasset" SILENT=true
[2016.05.25-08.49.47:182][359]LogSavePackage: Save=457.63ms
[2016.05.25-08.49.47:182][359]LogSavePackage: Moving 'D:/Git/RiggingShooter/GameJamRigging/Saved/PlayerA4150EC2442462D23F567C8D2A3D43AB.tmp' to 'D:/Git/RiggingShooter/GameJamRigging/Content/Blueprints/Player.uasset'
[2016.05.25-08.49.47:183][359]LogSavePackage: Total save time: 487.75ms
[2016.05.25-08.49.47:183][359]LogSavePackage:Display: Finished SavePackage D:/Git/RiggingShooter/GameJamRigging/Content/Blueprints/Player.uasset
[2016.05.25-08.49.47:188][359]Cmd: OBJ SAVEPACKAGE PACKAGE="/Game/Blueprints/Player" FILE="D:/Git/RiggingShooter/GameJamRigging/Content/Blueprints/Player.uasset" SILENT=true
[2016.05.25-08.49.47:644][359]LogSavePackage: Save=436.09ms
[2016.05.25-08.49.47:644][359]LogSavePackage: Moving 'D:/Git/RiggingShooter/GameJamRigging/Saved/Player811C36D3434EDE4DA41063A99CAC5412.tmp' to 'D:/Git/RiggingShooter/GameJamRigging/Content/Blueprints/Player.uasset'
[2016.05.25-08.49.47:645][359]LogSavePackage: Total save time: 456.67ms
[2016.05.25-08.49.47:645][359]LogSavePackage:Display: Finished SavePackage D:/Git/RiggingShooter/GameJamRigging/Content/Blueprints/Player.uasset
[2016.05.25-08.49.55:582][235]LogActorComponent: UnregisterComponent: (/Engine/Transient.CharMoveComp) Not registered. Aborting.
[2016.05.25-08.49.55:582][235]LogActorComponent: UnregisterComponent: (/Engine/Transient.ProjectileMovementComponent_40__A6522401) Not registered. Aborting.
[2016.05.25-08.49.55:582][235]LogActorComponent: UnregisterComponent: (/Engine/Transient.CharacterMovementComponent_0) Not registered. Aborting.
[2016.05.25-08.50.15:336][345]LogFactory: FactoryCreateBinary: StaticMesh with FbxFactory (0 0 D:\GameAssets\RiggingShooter\RiggingShooterEnemy1.fbx)
[2016.05.25-08.50.15:345][345]LogFbx: ItemName: GlobalSettings, ItemCount : 1
[2016.05.25-08.50.15:345][345]LogFbx: ItemName: Geometry, ItemCount : 1
[2016.05.25-08.50.15:345][345]LogFbx: ItemName: Model, ItemCount : 1
[2016.05.25-08.50.15:345][345]LogFbx: ItemName: Material, ItemCount : 2
[2016.05.25-08.50.15:352][345]LogFbx: Loading FBX Scene from D:\GameAssets\RiggingShooter\RiggingShooterEnemy1.fbx
[2016.05.25-08.50.15:364][345]LogFbx: FBX Scene Loaded Succesfully
[2016.05.25-08.50.26:620][345]LogFbx: Loading FBX Scene from D:\GameAssets\RiggingShooter\RiggingShooterEnemy1.fbx
[2016.05.25-08.50.26:625][345]LogFbx: FBX Scene Loaded Succesfully
[2016.05.25-08.50.26:629][345]LogLinker:Warning: Can't find file '/Game/Models/Enemy1/Material'
[2016.05.25-08.50.26:629][345]LogLinker:Warning: Can't find file '/Game/Models/Enemy1/Material'
[2016.05.25-08.50.26:632][345]LogMaterial: Missing cached shader map for material Material, compiling. 
[2016.05.25-08.50.26:653][345]LogLinker:Warning: Can't find file '/Game/Models/Enemy1/Material_001'
[2016.05.25-08.50.26:653][345]LogLinker:Warning: Can't find file '/Game/Models/Enemy1/Material_001'
[2016.05.25-08.50.26:658][345]LogMaterial: Missing cached shader map for material Material_001, compiling. 
[2016.05.25-08.50.26:666][345]LogFbx:Warning: Triangulating static mesh Body
[2016.05.25-08.50.26:724][345]LogStaticMesh: Building static mesh RiggingShooterEnemy1...
[2016.05.25-08.50.26:736][345]LogStaticMesh: Built static mesh [0.01s] /Game/Models/Enemy1/RiggingShooterEnemy1.RiggingShooterEnemy1
[2016.05.25-08.50.26:746][345]FBXImport:Warning: Warning Warning: No smoothing group information was found in this FBX scene.  Please make sure to enable the 'Export Smoothing Groups' option in the FBX Exporter plug-in before exporting the file.  Even for tools that don't support smoothing groups, the FBX Exporter will generate appropriate smoothing data at export-time so that correct vertex normals can be inferred while importing. 
[2016.05.25-08.50.27:990][413]LogActorFactory: Actor Factory created RiggingShooterEnemy1
[2016.05.25-08.50.28:699][460]LogActorFactory: Actor Factory created RiggingShooterEnemy1
[2016.05.25-08.51.04:659][248]LogBlueprintUserMessages: Early PlayInEditor Detection: Level '/Game/Maps/ChrisTest.ChrisTest:PersistentLevel' has LevelScriptBlueprint '/Game/Maps/ChrisTest.ChrisTest:PersistentLevel.ChrisTest' with GeneratedClass '/Game/Maps/ChrisTest.ChrisTest_C' with ClassGeneratedBy '/Game/Maps/ChrisTest.ChrisTest:PersistentLevel.ChrisTest'
[2016.05.25-08.51.04:659][248]LogPlayLevel: PlayLevel: No blueprints needed recompiling
[2016.05.25-08.51.04:659][248]PIE: New page: PIE session: ChrisTest (May 24, 2016, 5:51:04 PM)
[2016.05.25-08.51.04:659][248]LogPlayLevel: Creating play world package: /Game/Maps/UEDPIE_0_ChrisTest
[2016.05.25-08.51.04:669][248]LogPlayLevel: PIE: StaticDuplicateObject took: (0.009736s)
[2016.05.25-08.51.04:670][248]LogAIModule: Creating AISystem for world ChrisTest
[2016.05.25-08.51.04:670][248]LogPlayLevel: PIE: World Init took: (0.000572s)
[2016.05.25-08.51.04:670][248]LogPlayLevel: PIE: Created PIE world by copying editor world from /Game/Maps/ChrisTest.ChrisTest to /Game/Maps/UEDPIE_0_ChrisTest.ChrisTest (0.010489s)
[2016.05.25-08.51.04:670][248]LogActorComponent: UnregisterComponent: (/Engine/Transient.ProjectileMovementComponent_40__A6522401) Not registered. Aborting.
[2016.05.25-08.51.04:670][248]LogActorComponent: UnregisterComponent: (/Engine/Transient.CharMoveComp) Not registered. Aborting.
[2016.05.25-08.51.04:685][248]LogInit: XAudio2 using 'Speakers (Realtek High Definition Audio)' : 2 channels at 48 kHz using 32 bits per sample (channel mask 0x3)
[2016.05.25-08.51.04:694][248]LogInit: FAudioDevice initialized.
[2016.05.25-08.51.04:756][248]LogWorld: Game class is 'ShooterGameMode_C'
[2016.05.25-08.51.04:759][248]LogWorld: Bringing World /Game/Maps/UEDPIE_0_ChrisTest.ChrisTest up for play (max tick rate 0) at 2016.05.25-01.51.04
[2016.05.25-08.51.04:760][248]LogWorld: Bringing up level for play took: 0.002838
[2016.05.25-08.51.04:763][248]LogContentBrowser: Native class hierarchy updated for 'MovieSceneCapture' in 0.0004 seconds. Added 9 classes and 0 folders.
[2016.05.25-08.51.04:772][248]PIE: Info Play in editor start time for /Game/Maps/UEDPIE_0_ChrisTest 0.592
[2016.05.25-08.51.04:773][248]LogBlueprintUserMessages: Late PlayInEditor Detection: Level '/Game/Maps/ChrisTest.ChrisTest:PersistentLevel' has LevelScriptBlueprint '/Game/Maps/ChrisTest.ChrisTest:PersistentLevel.ChrisTest' with GeneratedClass '/Game/Maps/ChrisTest.ChrisTest_C' with ClassGeneratedBy '/Game/Maps/ChrisTest.ChrisTest:PersistentLevel.ChrisTest'
[2016.05.25-08.51.13:252][253]LogBlueprintUserMessages: Early EndPlayMap Detection: Level '/Game/Maps/ChrisTest.ChrisTest:PersistentLevel' has LevelScriptBlueprint '/Game/Maps/ChrisTest.ChrisTest:PersistentLevel.ChrisTest' with GeneratedClass '/Game/Maps/ChrisTest.ChrisTest_C' with ClassGeneratedBy '/Game/Maps/ChrisTest.ChrisTest:PersistentLevel.ChrisTest'
[2016.05.25-08.51.13:311][253]LogBlueprintUserMessages: Late EndPlayMap Detection: Level '/Game/Maps/ChrisTest.ChrisTest:PersistentLevel' has LevelScriptBlueprint '/Game/Maps/ChrisTest.ChrisTest:PersistentLevel.ChrisTest' with GeneratedClass '/Game/Maps/ChrisTest.ChrisTest_C' with ClassGeneratedBy '/Game/Maps/ChrisTest.ChrisTest:PersistentLevel.ChrisTest'
[2016.05.25-08.51.21:117][134]Cmd: OBJ SAVEPACKAGE PACKAGE="/Game/Maps/ChrisTest" FILE="D:/Git/RiggingShooter/GameJamRigging/Content/Maps/ChrisTest.umap" SILENT=true AUTOSAVING=false KEEPDIRTY=false
[2016.05.25-08.51.21:249][134]LogSavePackage: Save=111.20ms
[2016.05.25-08.51.21:249][134]LogSavePackage: Moving 'D:/Git/RiggingShooter/GameJamRigging/Saved/ChrisTest734663A849A879051FE12EB20A37D99C.tmp' to 'D:/Git/RiggingShooter/GameJamRigging/Content/Maps/ChrisTest.umap'
[2016.05.25-08.51.21:250][134]LogSavePackage: Total save time: 125.94ms
[2016.05.25-08.51.21:250][134]LogSavePackage:Display: Finished SavePackage D:/Git/RiggingShooter/GameJamRigging/Content/Maps/ChrisTest.umap
[2016.05.25-08.51.21:283][134]LogFileHelpers: Saving map 'ChrisTest' took 0.210
[2016.05.25-08.51.21:301][134]Cmd: OBJ SAVEPACKAGE PACKAGE="/Game/Models/Enemy1/Material_001" FILE="D:/Git/RiggingShooter/GameJamRigging/Content/Models/Enemy1/Material_001.uasset" SILENT=true
[2016.05.25-08.51.21:312][134]LogSavePackage: Save=9.80ms
[2016.05.25-08.51.21:312][134]LogSavePackage: Moving 'D:/Git/RiggingShooter/GameJamRigging/Saved/Material_0014436F2F447CE5F52C63A3A9CA74340A9.tmp' to 'D:/Git/RiggingShooter/GameJamRigging/Content/Models/Enemy1/Material_001.uasset'
[2016.05.25-08.51.21:313][134]LogSavePackage: Total save time: 10.76ms
[2016.05.25-08.51.21:313][134]LogSavePackage:Display: Finished SavePackage D:/Git/RiggingShooter/GameJamRigging/Content/Models/Enemy1/Material_001.uasset
[2016.05.25-08.51.21:331][134]Cmd: OBJ SAVEPACKAGE PACKAGE="/Game/Models/Enemy1/Material" FILE="D:/Git/RiggingShooter/GameJamRigging/Content/Models/Enemy1/Material.uasset" SILENT=true
[2016.05.25-08.51.21:340][134]LogSavePackage: Save=8.63ms
[2016.05.25-08.51.21:340][134]LogSavePackage: Moving 'D:/Git/RiggingShooter/GameJamRigging/Saved/Material28C9223643FAAC2DDD0899B8547B0A67.tmp' to 'D:/Git/RiggingShooter/GameJamRigging/Content/Models/Enemy1/Material.uasset'
[2016.05.25-08.51.21:341][134]LogSavePackage: Total save time: 9.58ms
[2016.05.25-08.51.21:341][134]LogSavePackage:Display: Finished SavePackage D:/Git/RiggingShooter/GameJamRigging/Content/Models/Enemy1/Material.uasset
[2016.05.25-08.51.21:359][134]Cmd: OBJ SAVEPACKAGE PACKAGE="/Game/Models/Enemy1/RiggingShooterEnemy1" FILE="D:/Git/RiggingShooter/GameJamRigging/Content/Models/Enemy1/RiggingShooterEnemy1.uasset" SILENT=true
[2016.05.25-08.51.21:368][134]LogSavePackage: Save=8.60ms
[2016.05.25-08.51.21:368][134]LogSavePackage: Moving 'D:/Git/RiggingShooter/GameJamRigging/Saved/RiggingShooterEnemy1955BAE184DA906B77C656F81D98A4D08.tmp' to 'D:/Git/RiggingShooter/GameJamRigging/Content/Models/Enemy1/RiggingShooterEnemy1.uasset'
[2016.05.25-08.51.21:369][134]LogSavePackage: Total save time: 9.73ms
[2016.05.25-08.51.21:369][134]LogSavePackage:Display: Finished SavePackage D:/Git/RiggingShooter/GameJamRigging/Content/Models/Enemy1/RiggingShooterEnemy1.uasset
[2016.05.25-08.51.22:056][200]LogWindowsTextInputMethodSystem:Display: IME system now deactivated.
[2016.05.25-08.51.22:233][201]Cmd: QUIT_EDITOR
[2016.05.25-08.51.22:826][201]LogExit: Preparing to exit.
[2016.05.25-08.51.23:818][201]LogExit: Editor shut down
[2016.05.25-08.51.23:818][201]LogExit: Transaction tracking system shut down
[2016.05.25-08.51.23:923][201]LogObj: Freed 0b from 0 cluster array pools.
[2016.05.25-08.51.23:923][201]LogExit: Object subsystem successfully closed.
[2016.05.25-08.51.23:939][201]LogD3D11RHI: Shutdown
[2016.05.25-08.51.23:939][201]LogD3D11RHI: CleanupD3DDevice
[2016.05.25-08.51.24:000][201]LogD3D11RHI: ~FD3D11DynamicRHI
[2016.05.25-08.51.24:292][201]LogDerivedDataCache: Shutdown
[2016.05.25-08.51.24:292][201]LogModuleManager: Shutting down and abandoning module MovieSceneCapture (206)
[2016.05.25-08.51.24:292][201]LogModuleManager: Shutting down and abandoning module HierarchicalLODOutliner (205)
[2016.05.25-08.51.24:292][201]LogModuleManager: Shutting down and abandoning module CrashTracker (204)
[2016.05.25-08.51.24:292][201]LogModuleManager: Shutting down and abandoning module SceneOutliner (203)
[2016.05.25-08.51.24:292][201]LogModuleManager: Shutting down and abandoning module WorldBrowser (202)
[2016.05.25-08.51.24:293][201]LogModuleManager: Shutting down and abandoning module SuperSearch (201)
[2016.05.25-08.51.24:293][201]LogModuleManager: Shutting down and abandoning module WidgetCarousel (200)
[2016.05.25-08.51.24:293][201]LogModuleManager: Shutting down and abandoning module AddContentDialog (199)
[2016.05.25-08.51.24:295][201]LogModuleManager: Shutting down and abandoning module GameplayTags (198)
[2016.05.25-08.51.24:295][201]LogModuleManager: Shutting down and abandoning module EditorWidgets (197)
[2016.05.25-08.51.24:295][201]LogModuleManager: Shutting down and abandoning module CollectionManager (196)
[2016.05.25-08.51.24:295][201]LogModuleManager: Shutting down and abandoning module StatsViewer (195)
[2016.05.25-08.51.24:295][201]LogModuleManager: Shutting down and abandoning module FoliageEdit (194)
[2016.05.25-08.51.24:295][201]LogModuleManager: Shutting down and abandoning module LandscapeEditor (193)
[2016.05.25-08.51.24:295][201]LogModuleManager: Shutting down and abandoning module ActorPickerMode (192)
[2016.05.25-08.51.24:295][201]LogModuleManager: Shutting down and abandoning module GeometryMode (191)
[2016.05.25-08.51.24:295][201]LogModuleManager: Shutting down and abandoning module TextureAlignMode (190)
[2016.05.25-08.51.24:295][201]LogModuleManager: Shutting down and abandoning module BspMode (189)
[2016.05.25-08.51.24:295][201]LogModuleManager: Shutting down and abandoning module PlacementMode (188)
[2016.05.25-08.51.24:295][201]LogModuleManager: Shutting down and abandoning module AutomationWorker (187)
[2016.05.25-08.51.24:295][201]LogModuleManager: Shutting down and abandoning module CharacterAI (186)
[2016.05.25-08.51.24:295][201]LogModuleManager: Shutting down and abandoning module SmartSnapping (185)
[2016.05.25-08.51.24:295][201]LogModuleManager: Shutting down and abandoning module ViewportSnapping (184)
[2016.05.25-08.51.24:295][201]LogModuleManager: Shutting down and abandoning module LogVisualizer (183)
[2016.05.25-08.51.24:296][201]LogModuleManager: Shutting down and abandoning module GameProjectGeneration (182)
[2016.05.25-08.51.24:296][201]LogModuleManager: Shutting down and abandoning module IntroTutorials (181)
[2016.05.25-08.51.24:296][201]LogModuleManager: Shutting down and abandoning module EditorLiveStreaming (180)
[2016.05.25-08.51.24:296][201]LogModuleManager: Shutting down and abandoning module IOSPlatformEditor (179)
[2016.05.25-08.51.24:296][201]LogModuleManager: Shutting down and abandoning module HTML5PlatformEditor (178)
[2016.05.25-08.51.24:296][201]LogModuleManager: Shutting down and abandoning module AndroidDeviceDetection (177)
[2016.05.25-08.51.24:455][201]LogModuleManager: Shutting down and abandoning module AndroidPlatformEditor (176)
[2016.05.25-08.51.24:455][201]LogModuleManager: Shutting down and abandoning module IOSRuntimeSettings (175)
[2016.05.25-08.51.24:455][201]LogModuleManager: Shutting down and abandoning module AndroidRuntimeSettings (174)
[2016.05.25-08.51.24:455][201]LogModuleManager: Shutting down and abandoning module MergeActors (173)
[2016.05.25-08.51.24:455][201]LogModuleManager: Shutting down and abandoning module SizeMap (172)
[2016.05.25-08.51.24:455][201]LogModuleManager: Shutting down and abandoning module TreeMap (171)
[2016.05.25-08.51.24:455][201]LogModuleManager: Shutting down and abandoning module ReferenceViewer (170)
[2016.05.25-08.51.24:455][201]LogModuleManager: Shutting down and abandoning module LocalizationService (169)
[2016.05.25-08.51.24:455][201]LogModuleManager: Shutting down and abandoning module LocalizationDashboard (168)
[2016.05.25-08.51.24:455][201]LogModuleManager: Shutting down and abandoning module HardwareTargeting (167)
[2016.05.25-08.51.24:456][201]LogModuleManager: Shutting down and abandoning module DeviceProfileEditor (166)
[2016.05.25-08.51.24:456][201]LogModuleManager: Shutting down and abandoning module UndoHistory (165)
[2016.05.25-08.51.24:456][201]LogModuleManager: Shutting down and abandoning module UserFeedback (164)
[2016.05.25-08.51.24:456][201]LogModuleManager: Shutting down and abandoning module XmlParser (163)
[2016.05.25-08.51.24:456][201]LogModuleManager: Shutting down and abandoning module Blutility (162)
[2016.05.25-08.51.24:456][201]LogModuleManager: Shutting down and abandoning module ProjectTargetPlatformEditor (161)
[2016.05.25-08.51.24:456][201]LogModuleManager: Shutting down and abandoning module ProjectSettingsViewer (160)
[2016.05.25-08.51.24:456][201]LogModuleManager: Shutting down and abandoning module InputBindingEditor (159)
[2016.05.25-08.51.24:456][201]LogModuleManager: Shutting down and abandoning module EditorSettingsViewer (158)
[2016.05.25-08.51.24:456][201]LogModuleManager: Shutting down and abandoning module SettingsEditor (157)
[2016.05.25-08.51.24:456][201]LogModuleManager: Shutting down and abandoning module ProjectLauncher (156)
[2016.05.25-08.51.24:456][201]LogModuleManager: Shutting down and abandoning module SessionFrontend (155)
[2016.05.25-08.51.24:456][201]LogModuleManager: Shutting down and abandoning module ProfilerClient (154)
[2016.05.25-08.51.24:456][201]LogModuleManager: Shutting down and abandoning module TargetDeviceServices (153)
[2016.05.25-08.51.24:456][201]LogModuleManager: Shutting down and abandoning module DeviceManager (152)
[2016.05.25-08.51.24:488][201]LogModuleManager: Shutting down and abandoning module AutomationController (151)
[2016.05.25-08.51.24:488][201]LogModuleManager: Shutting down and abandoning module AutomationWindow (150)
[2016.05.25-08.51.24:488][201]LogModuleManager: Shutting down and abandoning module Layers (149)
[2016.05.25-08.51.24:488][201]LogModuleManager: Shutting down and abandoning module ComponentVisualizers (148)
[2016.05.25-08.51.24:488][201]LogModuleManager: Shutting down and abandoning module DetailCustomizations (147)
[2016.05.25-08.51.24:488][201]LogModuleManager: Shutting down and abandoning module PackagesDialog (146)
[2016.05.25-08.51.24:489][201]LogModuleManager: Shutting down and abandoning module Persona (145)
[2016.05.25-08.51.24:489][201]LogModuleManager: Shutting down and abandoning module Kismet (144)
[2016.05.25-08.51.24:489][201]LogModuleManager: Shutting down and abandoning module GraphEditor (143)
[2016.05.25-08.51.24:489][201]LogModuleManager: Shutting down and abandoning module ClassViewer (142)
[2016.05.25-08.51.24:489][201]LogModuleManager: Shutting down and abandoning module Toolbox (141)
[2016.05.25-08.51.24:489][201]LogModuleManager: Shutting down and abandoning module ModuleUI (140)
[2016.05.25-08.51.24:489][201]LogModuleManager: Shutting down and abandoning module MovieSceneTools (139)
[2016.05.25-08.51.24:489][201]LogModuleManager: Shutting down and abandoning module OutputLog (138)
[2016.05.25-08.51.24:489][201]LogModuleManager: Shutting down and abandoning module GammaUI (137)
[2016.05.25-08.51.24:489][201]LogModuleManager: Shutting down and abandoning module Documentation (136)
[2016.05.25-08.51.24:489][201]LogModuleManager: Shutting down and abandoning module StreamingPauseRendering (135)
[2016.05.25-08.51.24:489][201]LogModuleManager: Shutting down and abandoning module AnalyticsET (134)
[2016.05.25-08.51.24:489][201]LogModuleManager: Shutting down and abandoning module Analytics (133)
[2016.05.25-08.51.24:489][201]LogModuleManager: Shutting down and abandoning module PortalServices (132)
[2016.05.25-08.51.24:489][201]LogModuleManager: Shutting down and abandoning module PortalRpc (131)
[2016.05.25-08.51.24:489][201]LogModuleManager: Shutting down and abandoning module MessagingRpc (130)
[2016.05.25-08.51.24:489][201]LogModuleManager: Shutting down and abandoning module AITestSuite (129)
[2016.05.25-08.51.24:489][201]LogModuleManager: Shutting down and abandoning module GameplayDebugger (128)
[2016.05.25-08.51.24:489][201]LogModuleManager: Shutting down and abandoning module AIModule (127)
[2016.05.25-08.51.24:489][201]LogModuleManager: Shutting down and abandoning module ProfilerService (126)
[2016.05.25-08.51.24:677][201]LogModuleManager: Shutting down and abandoning module TaskGraph (125)
[2016.05.25-08.51.24:677][201]LogModuleManager: Shutting down and abandoning module SlateRemote (124)
[2016.05.25-08.51.24:677][201]LogModuleManager: Shutting down and abandoning module SteamVRController (123)
[2016.05.25-08.51.24:677][201]LogModuleManager: Shutting down and abandoning module SteamVR (122)
[2016.05.25-08.51.24:677][201]LogModuleManager: Shutting down and abandoning module ProceduralMeshComponent (121)
[2016.05.25-08.51.24:677][201]LogModuleManager: Shutting down and abandoning module OculusLibrary (120)
[2016.05.25-08.51.24:677][201]LogModuleManager: Shutting down and abandoning module OculusInput (119)
[2016.05.25-08.51.24:677][201]LogModuleManager: Shutting down and abandoning module CustomMeshComponent (118)
[2016.05.25-08.51.24:677][201]LogModuleManager: Shutting down and abandoning module CableComponent (117)
[2016.05.25-08.51.24:677][201]LogModuleManager: Shutting down and abandoning module ArchVisCharacter (116)
[2016.05.25-08.51.24:677][201]LogModuleManager: Shutting down and abandoning module MediaPlayerEditor (115)
[2016.05.25-08.51.24:677][201]LogModuleManager: Shutting down and abandoning module HTML5Networking (114)
[2016.05.25-08.51.24:677][201]LogModuleManager: Shutting down and abandoning module SpeedTreeImporter (113)
[2016.05.25-08.51.24:677][201]LogModuleManager: Shutting down and abandoning module PluginBrowser (112)
[2016.05.25-08.51.24:677][201]LogModuleManager: Shutting down and abandoning module EpicSurvey (111)
[2016.05.25-08.51.24:677][201]LogModuleManager: Shutting down and abandoning module DesktopPlatform (110)
[2016.05.25-08.51.24:677][201]LogModuleManager: Shutting down and abandoning module VisualStudioSourceCodeAccess (109)
[2016.05.25-08.51.24:677][201]LogModuleManager: Shutting down and abandoning module UObjectPlugin (108)
[2016.05.25-08.51.24:677][201]LogModuleManager: Shutting down and abandoning module SubversionSourceControl (107)
[2016.05.25-08.51.24:677][201]LogModuleManager: Shutting down and abandoning module PerforceSourceControl (106)
[2016.05.25-08.51.24:677][201]LogModuleManager: Shutting down and abandoning module SourceControl (105)
[2016.05.25-08.51.24:678][201]LogModuleManager: Shutting down and abandoning module GitSourceControl (104)
[2016.05.25-08.51.24:678][201]LogModuleManager: Shutting down and abandoning module LightPropagationVolumeEditor (103)
[2016.05.25-08.51.24:678][201]LogModuleManager: Shutting down and abandoning module PaperTiledImporter (102)
[2016.05.25-08.51.24:678][201]LogModuleManager: Shutting down and abandoning module PaperSpriteSheetImporter (101)
[2016.05.25-08.51.24:678][201]LogModuleManager: Shutting down and abandoning module MeshPaint (100)
[2016.05.25-08.51.24:678][201]LogModuleManager: Shutting down and abandoning module HotReload (99)
[2016.05.25-08.51.24:679][201]LogModuleManager: Shutting down and abandoning module MainFrame (98)
[2016.05.25-08.51.24:679][201]LogModuleManager: Shutting down and abandoning module LevelEditor (97)
[2016.05.25-08.51.24:680][201]LogModuleManager: Shutting down and abandoning module DirectoryWatcher (96)
[2016.05.25-08.51.24:681][201]LogModuleManager: Shutting down and abandoning module AssetRegistry (95)
[2016.05.25-08.51.24:866][201]LogModuleManager: Shutting down and abandoning module ContentBrowser (94)
[2016.05.25-08.51.24:867][201]LogModuleManager: Shutting down and abandoning module Paper2DEditor (93)
[2016.05.25-08.51.24:867][201]LogModuleManager: Shutting down and abandoning module UdpMessaging (92)
[2016.05.25-08.51.24:969][201]LogModuleManager: Shutting down and abandoning module LightPropagationVolumeRuntime (91)
[2016.05.25-08.51.24:969][201]LogModuleManager: Shutting down and abandoning module Paper2D (90)
[2016.05.25-08.51.24:969][201]LogModuleManager: Shutting down and abandoning module WindowsMoviePlayer (89)
[2016.05.25-08.51.24:969][201]LogModuleManager: Shutting down and abandoning module Media (88)
[2016.05.25-08.51.24:969][201]LogModuleManager: Shutting down and abandoning module WmfMedia (87)
[2016.05.25-08.51.24:969][201]LogModuleManager: Shutting down and abandoning module MediaAssets (86)
[2016.05.25-08.51.24:969][201]LogModuleManager: Shutting down and abandoning module GameLiveStreaming (85)
[2016.05.25-08.51.24:969][201]LogModuleManager: Shutting down and abandoning module GameplayTagsEditor (84)
[2016.05.25-08.51.24:969][201]LogModuleManager: Shutting down and abandoning module OnlineBlueprintSupport (83)
[2016.05.25-08.51.24:969][201]LogModuleManager: Shutting down and abandoning module GameplayTasksEditor (82)
[2016.05.25-08.51.24:969][201]LogModuleManager: Shutting down and abandoning module PropertyEditor (81)
[2016.05.25-08.51.24:969][201]LogModuleManager: Shutting down and abandoning module BehaviorTreeEditor (80)
[2016.05.25-08.51.24:969][201]LogModuleManager: Shutting down and abandoning module FunctionalTesting (79)
[2016.05.25-08.51.24:969][201]LogModuleManager: Shutting down and abandoning module CollisionAnalyzer (78)
[2016.05.25-08.51.24:969][201]LogModuleManager: Shutting down and abandoning module WorkspaceMenuStructure (77)
[2016.05.25-08.51.24:969][201]LogModuleManager: Shutting down and abandoning module MessageLog (76)
[2016.05.25-08.51.24:969][201]LogModuleManager: Shutting down and abandoning module Sequencer (75)
[2016.05.25-08.51.24:969][201]LogModuleManager: Shutting down and abandoning module AssetTools (74)
[2016.05.25-08.51.24:969][201]LogModuleManager: Shutting down and abandoning module UMGEditor (73)
[2016.05.25-08.51.24:969][201]LogModuleManager: Shutting down and abandoning module UMG (72)
[2016.05.25-08.51.24:969][201]LogModuleManager: Shutting down and abandoning module SlateReflector (71)
[2016.05.25-08.51.24:969][201]LogModuleManager: Shutting down and abandoning module Slate (70)
[2016.05.25-08.51.24:969][201]LogModuleManager: Shutting down and abandoning module EditorStyle (69)
[2016.05.25-08.51.24:971][201]LogModuleManager: Shutting down and abandoning module SessionServices (68)
[2016.05.25-08.51.24:971][201]LogModuleManager: Shutting down and abandoning module SourceCodeAccess (67)
[2016.05.25-08.51.24:971][201]LogModuleManager: Shutting down and abandoning module HeadMountedDisplay (66)
[2016.05.25-08.51.24:971][201]LogModuleManager: Shutting down and abandoning module XAudio2 (65)
[2016.05.25-08.51.24:971][201]LogModuleManager: Shutting down and abandoning module Networking (63)
[2016.05.25-08.51.24:971][201]LogModuleManager: Shutting down and abandoning module Core (62)
[2016.05.25-08.51.24:971][201]LogModuleManager: Shutting down and abandoning module KismetCompiler (61)
[2016.05.25-08.51.24:971][201]LogModuleManager: Shutting down and abandoning module PhysXFormats (60)
[2016.05.25-08.51.24:971][201]LogModuleManager: Shutting down and abandoning module MeshUtilities (59)
[2016.05.25-08.51.24:971][201]LogModuleManager: Shutting down and abandoning module CookingStats (58)
[2016.05.25-08.51.24:971][201]LogModuleManager: Shutting down and abandoning module DerivedDataCache (57)
[2016.05.25-08.51.24:971][201]LogDerivedDataCache: Shutdown
[2016.05.25-08.51.24:971][201]LogModuleManager: Shutting down and abandoning module ShaderFormatOpenGL (56)
[2016.05.25-08.51.24:971][201]LogModuleManager: Shutting down and abandoning module ShaderFormatD3D (55)
[2016.05.25-08.51.24:971][201]LogModuleManager: Shutting down and abandoning module MetalShaderFormat (54)
[2016.05.25-08.51.24:971][201]LogModuleManager: Shutting down and abandoning module TextureFormatUncompressed (53)
[2016.05.25-08.51.24:971][201]LogModuleManager: Shutting down and abandoning module TextureFormatPVR (52)
[2016.05.25-08.51.24:971][201]LogModuleManager: Shutting down and abandoning module TextureFormatIntelISPCTexComp (51)
[2016.05.25-08.51.24:971][201]LogModuleManager: Shutting down and abandoning module TextureFormatDXT (50)
[2016.05.25-08.51.24:972][201]LogModuleManager: Shutting down and abandoning module ImageWrapper (49)
[2016.05.25-08.51.24:972][201]LogModuleManager: Shutting down and abandoning module TextureFormatASTC (48)
[2016.05.25-08.51.24:972][201]LogModuleManager: Shutting down and abandoning module TextureFormatAndroid (47)
[2016.05.25-08.51.24:972][201]LogModuleManager: Shutting down and abandoning module AudioFormatOpus (46)
[2016.05.25-08.51.24:972][201]LogModuleManager: Shutting down and abandoning module AudioFormatOgg (45)
[2016.05.25-08.51.24:972][201]LogModuleManager: Shutting down and abandoning module AudioFormatADPCM (44)
[2016.05.25-08.51.24:972][201]LogModuleManager: Shutting down and abandoning module LinuxTargetPlatform (43)
[2016.05.25-08.51.24:972][201]LogModuleManager: Shutting down and abandoning module LinuxServerTargetPlatform (42)
[2016.05.25-08.51.24:972][201]LogModuleManager: Shutting down and abandoning module LinuxNoEditorTargetPlatform (41)
[2016.05.25-08.51.24:972][201]LogModuleManager: Shutting down and abandoning module TVOSTargetPlatform (40)
[2016.05.25-08.51.24:972][201]LogModuleManager: Shutting down and abandoning module Messaging (39)
[2016.05.25-08.51.24:972][201]LogModuleManager: Shutting down and abandoning module IOSTargetPlatform (38)
[2016.05.25-08.51.24:972][201]LogModuleManager: Shutting down and abandoning module HTML5TargetPlatform (37)
[2016.05.25-08.51.24:972][201]LogModuleManager: Shutting down and abandoning module Android_PVRTCTargetPlatform (36)
[2016.05.25-08.51.24:972][201]LogModuleManager: Shutting down and abandoning module Android_MultiTargetPlatform (35)
[2016.05.25-08.51.24:972][201]LogModuleManager: Shutting down and abandoning module Android_ETC2TargetPlatform (34)
[2016.05.25-08.51.24:972][201]LogModuleManager: Shutting down and abandoning module Android_ETC1TargetPlatform (33)
[2016.05.25-08.51.24:972][201]LogModuleManager: Shutting down and abandoning module Android_DXTTargetPlatform (32)
[2016.05.25-08.51.24:972][201]LogModuleManager: Shutting down and abandoning module Android_ATCTargetPlatform (31)
[2016.05.25-08.51.24:972][201]LogModuleManager: Shutting down and abandoning module Android_ASTCTargetPlatform (30)
[2016.05.25-08.51.24:972][201]LogModuleManager: Shutting down and abandoning module AndroidTargetPlatform (29)
[2016.05.25-08.51.24:972][201]LogModuleManager: Shutting down and abandoning module WindowsTargetPlatform (28)
[2016.05.25-08.51.24:972][201]LogModuleManager: Shutting down and abandoning module WindowsServerTargetPlatform (27)
[2016.05.25-08.51.24:972][201]LogModuleManager: Shutting down and abandoning module WindowsNoEditorTargetPlatform (26)
[2016.05.25-08.51.24:972][201]LogModuleManager: Shutting down and abandoning module WindowsClientTargetPlatform (25)
[2016.05.25-08.51.24:972][201]LogModuleManager: Shutting down and abandoning module AllDesktopTargetPlatform (24)
[2016.05.25-08.51.24:972][201]LogModuleManager: Shutting down and abandoning module TargetPlatform (23)
[2016.05.25-08.51.24:972][201]LogModuleManager: Shutting down and abandoning module InputCore (22)
[2016.05.25-08.51.24:972][201]LogModuleManager: Shutting down and abandoning module Settings (21)
[2016.05.25-08.51.24:972][201]LogModuleManager: Shutting down and abandoning module OnlineSubsystem (19)
[2016.05.25-08.51.24:972][201]LogModuleManager: Shutting down and abandoning module HTTP (18)
[2016.05.25-08.51.25:973][201]LogModuleManager: Shutting down and abandoning module XMPP (17)
[2016.05.25-08.51.25:973][201]LogModuleManager: Shutting down and abandoning module OculusRift (16)
[2016.05.25-08.51.25:973][201]LogModuleManager: Shutting down and abandoning module ExampleDeviceProfileSelector (15)
[2016.05.25-08.51.25:973][201]LogModuleManager: Shutting down and abandoning module TextureCompressor (14)
[2016.05.25-08.51.25:973][201]LogModuleManager: Shutting down and abandoning module ShaderCore (13)
[2016.05.25-08.51.25:973][201]LogModuleManager: Shutting down and abandoning module Landscape (12)
[2016.05.25-08.51.25:973][201]LogModuleManager: Shutting down and abandoning module SlateRHIRenderer (11)
[2016.05.25-08.51.25:974][201]LogModuleManager: Shutting down and abandoning module OpenGLDrv (10)
[2016.05.25-08.51.25:974][201]LogModuleManager: Shutting down and abandoning module D3D11RHI (9)
[2016.05.25-08.51.25:974][201]LogModuleManager: Shutting down and abandoning module AnimGraphRuntime (8)
[2016.05.25-08.51.25:974][201]LogModuleManager: Shutting down and abandoning module Renderer (7)
[2016.05.25-08.51.25:974][201]LogModuleManager: Shutting down and abandoning module Engine (6)
[2016.05.25-08.51.25:974][201]LogModuleManager: Shutting down and abandoning module CoreUObject (5)
[2016.05.25-08.51.25:974][201]LogModuleManager: Shutting down and abandoning module NetworkFile (4)
[2016.05.25-08.51.25:974][201]LogModuleManager: Shutting down and abandoning module StreamingFile (3)
[2016.05.25-08.51.25:974][201]LogModuleManager: Shutting down and abandoning module SandboxFile (2)
[2016.05.25-08.51.25:974][201]LogModuleManager: Shutting down and abandoning module PakFile (1)
[2016.05.25-08.51.25:975][201]LogExit: Exiting.
[2016.05.25-08.51.25:977][201]Log file closed, 05/25/16 01:51:25
