Log file open, 05/08/16 20:59:27
LogInit:Display: Running engine for game: GameJamRigging
LogPlatformFile: Not using cached read wrapper
LogInit:Display: RandInit(-585222086) SRandInit(-585222085).
LogTaskGraph: Started task graph with 4 named threads and 7 total threads.
LogStats: Stats thread started at 0.073292
LogInit: Version: 4.11.2-2946394+++UE4+Release-4.11
LogInit: API Version: 2927265
LogInit: Compiled (64-bit): Apr 18 2016 02:18:46
LogInit: Compiled with Visual C++: 19.00.23026.00
LogInit: Build Configuration: Development
LogInit: Branch Name: ++UE4+Release-4.11
LogInit: Command line:  
LogInit: Base directory: C:/Program Files/Epic Games/4.11/Engine/Binaries/Win64/
LogInit: Installed Engine Build: 1
LogInit: Using libcurl 7.41.0
LogInit:  - built for x86_64-pc-win32
LogInit:  - supports SSL with WinSSL
LogInit:  - other features:
LogInit:      CURL_VERSION_SSL
LogInit:      CURL_VERSION_IPV6
LogInit:      CURL_VERSION_ASYNCHDNS
LogInit:      CURL_VERSION_LARGEFILE
LogInit:      CURL_VERSION_IDN
LogInit:  CurlRequestOptions (configurable via config and command line):
LogInit:  - bVerifyPeer = true  - Libcurl will verify peer certificate
LogInit:  - bUseHttpProxy = false  - Libcurl will NOT use HTTP proxy
LogInit:  - bDontReuseConnections = false  - Libcurl will reuse connections
LogInit:  - CertBundlePath = nullptr  - Libcurl will use whatever was configured at build time.
LogInit: Presizing for max 16777216 objects, including 0 objects not considered by GC, pre-allocating 0 bytes for permanent pool.
LogInit: Object subsystem initialized
[2016.05.09-03.59.28:038][  0]LogInit: Selected Device Profile: [Windows]
[2016.05.09-03.59.28:038][  0]LogInit: Applying CVar settings loaded from the selected device profile: [Windows]
[2016.05.09-03.59.28:043][  0]LogInit: Computer: DUMPRING
[2016.05.09-03.59.28:043][  0]LogInit: User: theco000
[2016.05.09-03.59.28:043][  0]LogInit: CPU Page size=65536, Cores=4
[2016.05.09-03.59.28:043][  0]LogInit: High frequency timer resolution =3.615396 MHz
[2016.05.09-03.59.28:043][  0]LogMemory: Memory total: Physical=15.9GB (16GB approx)
[2016.05.09-03.59.28:043][  0]LogMemory: Platform Memory Stats for Windows
[2016.05.09-03.59.28:043][  0]LogMemory: Process Physical Memory: 314.57 MB used, 314.57 MB peak
[2016.05.09-03.59.28:043][  0]LogMemory: Process Virtual Memory: 315.00 MB used, 315.00 MB peak
[2016.05.09-03.59.28:043][  0]LogMemory: Physical Memory: 5112.21 MB used, 16326.09 MB total
[2016.05.09-03.59.28:043][  0]LogMemory: Virtual Memory: 635.30 MB used, 134217728.00 MB total
[2016.05.09-03.59.28:073][  0]LogTextLocalizationManager: No specific translations for ('en-US') exist, so ('en') translations will be used.
[2016.05.09-03.59.28:437][  0]LogD3D11RHI: D3D11 adapters:
[2016.05.09-03.59.28:456][  0]LogD3D11RHI:    0. 'NVIDIA GeForce GTX 780' (Feature Level 11_0)
[2016.05.09-03.59.28:456][  0]LogD3D11RHI:       3013MB of dedicated video memory, 0MB of dedicated system memory, and 8163MB of shared system memory, 2 output[s]
[2016.05.09-03.59.28:458][  0]LogD3D11RHI:    1. 'Microsoft Basic Render Driver' (Feature Level 11_0)
[2016.05.09-03.59.28:458][  0]LogD3D11RHI:       0MB of dedicated video memory, 0MB of dedicated system memory, and 8163MB of shared system memory, 0 output[s]
[2016.05.09-03.59.28:458][  0]LogD3D11RHI: Chosen D3D11 Adapter: 0
[2016.05.09-03.59.28:462][  0]LogD3D11RHI: Creating new Direct3DDevice
[2016.05.09-03.59.28:462][  0]LogD3D11RHI:     Adapter Name: NVIDIA GeForce GTX 780
[2016.05.09-03.59.28:462][  0]LogD3D11RHI:   Driver Version: 10.18.13.6472 (internal 10.18.13.6472)
[2016.05.09-03.59.28:462][  0]LogD3D11RHI:      Driver Date: 3-21-2016
[2016.05.09-03.59.28:462][  0]LogRHI: Texture pool is 1361 MB (70% of 1945 MB)
[2016.05.09-03.59.28:473][  0]LogD3D11RHI: Async texture creation enabled
[2016.05.09-03.59.28:483][  0]LogShaderCompilers: Guid format shader working directory is 12 characters bigger than the processId version (D:/Git/RiggingShooter/GameJamRigging/Intermediate/Shaders/WorkingDirectory/11572/).
[2016.05.09-03.59.28:484][  0]LogShaderCompilers: Cleaned the shader compiler working directory 'C:/Users/THECO_~1/AppData/Local/Temp/UnrealShaderWorkingDir/A00DE8BF49DB58E420A02099009CE1EA/'.
[2016.05.09-03.59.28:484][  0]LogShaderCompilers:Display: Using Local Shader Compiler.
[2016.05.09-03.59.29:415][  0]LogTemp:Display: Loaded TP AllDesktopTargetPlatform
[2016.05.09-03.59.29:422][  0]LogTemp:Display: Loaded TP WindowsClientTargetPlatform
[2016.05.09-03.59.29:428][  0]LogTemp:Display: Loaded TP WindowsNoEditorTargetPlatform
[2016.05.09-03.59.29:432][  0]LogTemp:Display: Loaded TP WindowsServerTargetPlatform
[2016.05.09-03.59.29:435][  0]LogTemp:Display: Loaded TP WindowsTargetPlatform
[2016.05.09-03.59.29:438][  0]LogTemp:Display: Loaded TP AndroidTargetPlatform
[2016.05.09-03.59.29:441][  0]LogTemp:Display: Loaded TP Android_ASTCTargetPlatform
[2016.05.09-03.59.29:444][  0]LogTemp:Display: Loaded TP Android_ATCTargetPlatform
[2016.05.09-03.59.29:446][  0]LogTemp:Display: Loaded TP Android_DXTTargetPlatform
[2016.05.09-03.59.29:449][  0]LogTemp:Display: Loaded TP Android_ETC1TargetPlatform
[2016.05.09-03.59.29:452][  0]LogTemp:Display: Loaded TP Android_ETC2TargetPlatform
[2016.05.09-03.59.29:459][  0]LogTemp:Display: Loaded TP Android_MultiTargetPlatform
[2016.05.09-03.59.29:459][  0]LogTemp:Display: Loaded TP Android_PVRTCTargetPlatform
[2016.05.09-03.59.29:460][  0]LogTemp:Display: Loaded TP HTML5TargetPlatform
[2016.05.09-03.59.29:476][  0]LogTemp:Display: Loaded TP IOSTargetPlatform
[2016.05.09-03.59.29:478][  0]LogTemp:Display: Loaded TP TVOSTargetPlatform
[2016.05.09-03.59.29:481][  0]LogTemp:Display: Loaded TP LinuxNoEditorTargetPlatform
[2016.05.09-03.59.29:484][  0]LogTemp:Display: Loaded TP LinuxServerTargetPlatform
[2016.05.09-03.59.29:487][  0]LogTemp:Display: Loaded TP LinuxTargetPlatform
[2016.05.09-03.59.29:487][  0]LogTargetPlatformManager:Display: Building Assets For Windows
[2016.05.09-03.59.29:547][  0]LogDerivedDataCache:Display: Max Cache Size: 512 MB
[2016.05.09-03.59.29:599][  0]LogDerivedDataCache: Loaded boot cache 0.05s 46MB C:/Users/theco_000/AppData/Local/UnrealEngine/4.11/DerivedDataCache/Boot.ddc.
[2016.05.09-03.59.29:599][  0]LogDerivedDataCache:Display: Loaded Boot cache: C:/Users/theco_000/AppData/Local/UnrealEngine/4.11/DerivedDataCache/Boot.ddc
[2016.05.09-03.59.29:599][  0]LogDerivedDataCache: FDerivedDataBackendGraph:  Pak pak cache file D:/Git/RiggingShooter/GameJamRigging/DerivedDataCache/DDC.ddp not found, will not use a pak cache.
[2016.05.09-03.59.29:599][  0]LogDerivedDataCache: Unable to find inner node Pak for hierarchical cache Hierarchy.
[2016.05.09-03.59.29:599][  0]LogDerivedDataCache: FDerivedDataBackendGraph:  CompressedPak pak cache file D:/Git/RiggingShooter/GameJamRigging/DerivedDataCache/Compressed.ddp not found, will not use a pak cache.
[2016.05.09-03.59.29:599][  0]LogDerivedDataCache: Unable to find inner node CompressedPak for hierarchical cache Hierarchy.
[2016.05.09-03.59.29:612][  0]LogDerivedDataCache:Display: Pak cache opened for reading ../../../Engine/DerivedDataCache/Compressed.ddp.
[2016.05.09-03.59.29:625][  0]LogDerivedDataCache: Using Local data cache path C:/Users/theco_000/AppData/Local/UnrealEngine/Common/DerivedDataCache: Writable
[2016.05.09-03.59.29:797][  0]LogInit: Selected Device Profile: [Windows]
[2016.05.09-03.59.29:798][  0]LogContentStreaming: Texture pool size is 0.00 MB
[2016.05.09-03.59.29:846][  0]LogMaterial: Uniform references updated for custom material expression Custom.
[2016.05.09-03.59.29:961][  0]LogMeshUtilities: No automatic mesh reduction module available
[2016.05.09-03.59.29:961][  0]LogMeshUtilities: No automatic mesh merging module available
[2016.05.09-03.59.29:961][  0]LogMeshUtilities: No distributed automatic mesh merging module available
[2016.05.09-03.59.30:164][  0]LogUObjectArray: 27679 objects as part of root set at end of initial load.
[2016.05.09-03.59.30:164][  0]LogUObjectAllocator: 5591592 out of 0 bytes used by permanent object pool.
[2016.05.09-03.59.30:164][  0]LogUObjectArray: CloseDisregardForGC: 0/0 objects in disregard for GC pool
[2016.05.09-03.59.30:170][  0]LogInit: WinSock: version 1.1 (2.2), MaxSocks=32767, MaxUdp=65467
[2016.05.09-03.59.30:250][  0]LogSlate: SlateFontCache - WITH_FREETYPE: 1, WITH_HARFBUZZ: 1
[2016.05.09-03.59.30:250][  0]LogSlate: SlateFontCache - WITH_FREETYPE: 1, WITH_HARFBUZZ: 1
[2016.05.09-03.59.30:333][  0]LogStreaming:Warning: Failed to read file '../../../Engine/Content/Editor/Slate/Common/Selection_16x.png' error.
[2016.05.09-03.59.30:333][  0]LogSlate: Could not find file for Slate resource: ../../../Engine/Content/Editor/Slate/Common/Selection_16x.png
[2016.05.09-03.59.30:333][  0]LogStreaming:Warning: Failed to read file '../../../Engine/Content/Editor/Slate/Common/Selection_16x.png' error.
[2016.05.09-03.59.30:333][  0]LogSlate: Could not find file for Slate resource: ../../../Engine/Content/Editor/Slate/Common/Selection_16x.png
[2016.05.09-03.59.30:333][  0]LogStreaming:Warning: Failed to read file '../../../Engine/Content/Editor/Slate/Common/Selection_16x.png' error.
[2016.05.09-03.59.30:333][  0]LogSlate: Could not find file for Slate resource: ../../../Engine/Content/Editor/Slate/Common/Selection_16x.png
[2016.05.09-03.59.30:889][  0]LogUdpMessaging: Initializing bridge on interface 0.0.0.0:0 to multicast group 230.0.0.1:6666.
[2016.05.09-03.59.30:991][  0]LogAssetRegistry: FAssetRegistry took 0.0225 seconds to start up
[2016.05.09-03.59.31:108][  0]SourceControl: Info Source control is disabled
[2016.05.09-03.59.31:109][  0]SourceControl: Info Source control is disabled
[2016.05.09-03.59.31:115][  0]SourceControl: Info Source control is disabled
[2016.05.09-03.59.31:121][  0]SourceControl: Info Source control is disabled
[2016.05.09-03.59.31:223][  0]LogHMD: Failed to initialize OpenVR with code 110
[2016.05.09-03.59.31:292][  0]LogEngine: Initializing Engine...
[2016.05.09-03.59.31:418][  0]LogAIModule: Creating AISystem for world NewWorld
[2016.05.09-03.59.31:429][  0]LogInit: XAudio2 using 'Speakers (Realtek High Definition Audio)' : 2 channels at 48 kHz using 32 bits per sample (channel mask 0x3)
[2016.05.09-03.59.31:450][  0]LogInit: FAudioDevice initialized.
[2016.05.09-03.59.31:471][  0]LogDerivedDataCache: Saved boot cache 0.02s 46MB C:/Users/theco_000/AppData/Local/UnrealEngine/4.11/DerivedDataCache/Boot.ddc.
[2016.05.09-03.59.31:474][  0]LogInit: Texture streaming: Enabled
[2016.05.09-03.59.31:492][  0]LogInit: Transaction tracking system initialized
[2016.05.09-03.59.31:509][  0]BlueprintLog: New page: Editor Load
[2016.05.09-03.59.31:563][  0]LocalizationService: Info Localization service is disabled
[2016.05.09-03.59.31:627][  0]LogConsoleResponse:Display: 
[2016.05.09-03.59.31:717][  0]LogCook:Display: Max memory allowance for cook 8192mb
[2016.05.09-03.59.31:717][  0]LogCook:Display: Mobile HDR setting 1
[2016.05.09-03.59.31:717][  0]LogCook:Display: Done creating registry. It took  0.00s.
[2016.05.09-03.59.31:755][  0]LogFileCache: Scanning file cache for directory 'D:/Git/RiggingShooter/GameJamRigging/Content/' took 0.01s
[2016.05.09-03.59.31:755][  0]SourceControl: Info Source control is disabled
[2016.05.09-03.59.31:755][  0]Cmd: MAP LOAD FILE="D:/Git/RiggingShooter/GameJamRigging/Content/FirstPersonBP/Maps/FirstPersonExampleMap.umap" TEMPLATE=0 SHOWPROGRESS=1 FEATURELEVEL=3
[2016.05.09-03.59.31:756][  0]LightingResults: New page: Lighting Build
[2016.05.09-03.59.31:758][  0]MapCheck: New page: Map Check
[2016.05.09-03.59.31:758][  0]LightingResults: New page: Lighting Build
[2016.05.09-03.59.32:286][  0]LogAIModule: Creating AISystem for world FirstPersonExampleMap
[2016.05.09-03.59.32:296][  0]LogEditorServer: Finished looking for orphan Actors (0.000 secs)
[2016.05.09-03.59.32:296][  0]Cmd: MAP CHECKDEP NOCLEARLOG
[2016.05.09-03.59.32:337][  0]MapCheck: Info Map check complete: 0 Error(s), 0 Warning(s), took 40.49ms to complete.
[2016.05.09-03.59.32:337][  0]LogFileHelpers: Loading map 'FirstPersonExampleMap' took 0.581
[2016.05.09-03.59.32:459][  0]LogCollectionManager: Loaded 0 collections in 0.001295 seconds
[2016.05.09-03.59.32:500][  0]LogFileCache: Scanning file cache for directory 'D:/Git/RiggingShooter/GameJamRigging/Saved/Collections/' took 0.01s
[2016.05.09-03.59.32:500][  0]LogFileCache: Scanning file cache for directory 'D:/Git/RiggingShooter/GameJamRigging/Content/Developers/theco000/Collections/' took 0.01s
[2016.05.09-03.59.32:500][  0]LogFileCache: Scanning file cache for directory 'D:/Git/RiggingShooter/GameJamRigging/Content/Collections/' took 0.01s
[2016.05.09-03.59.32:500][  0]LogCollectionManager: Rebuilt the GUID cache for 0 collections in 0.000002 seconds
[2016.05.09-03.59.32:507][  0]LogContentBrowser: Native class hierarchy populated in 0.0067 seconds. Added 1979 classes and 343 folders.
[2016.05.09-03.59.32:510][  0]LogStats: UGameplayTagsManager::ConstructGameplayTagTree: Construct from data asset -  0.000 s
[2016.05.09-03.59.32:510][  0]LogStats: UGameplayTagsManager::ConstructGameplayTagTree: GameplayTagTreeChangedEvent.Broadcast -  0.000 s
[2016.05.09-03.59.32:510][  0]LogContentBrowser: Native class hierarchy updated for 'GameplayTags' in 0.0003 seconds. Added 12 classes and 0 folders.
[2016.05.09-03.59.32:514][  0]LogContentBrowser: Native class hierarchy updated for 'WidgetCarousel' in 0.0002 seconds. Added 0 classes and 0 folders.
[2016.05.09-03.59.32:518][  0]LogContentBrowser: Native class hierarchy updated for 'SuperSearch' in 0.0003 seconds. Added 1 classes and 2 folders.
[2016.05.09-03.59.32:552][  0]LogContentBrowser: Native class hierarchy updated for 'AddContentDialog' in 0.0003 seconds. Added 0 classes and 0 folders.
[2016.05.09-03.59.32:557][  0]LogContentBrowser: Native class hierarchy updated for 'WorldBrowser' in 0.0004 seconds. Added 1 classes and 3 folders.
[2016.05.09-03.59.32:561][  0]LogContentBrowser: Native class hierarchy updated for 'SceneOutliner' in 0.0003 seconds. Added 1 classes and 2 folders.
[2016.05.09-03.59.32:624][  0]LogCrashTracker: Crashtracker disabled due to settings.
[2016.05.09-03.59.32:628][  0]LogUObjectGlobals:Warning: Failed to find object 'Class None.'
[2016.05.09-03.59.32:654][  0]LogContentBrowser: Native class hierarchy updated for 'HierarchicalLODOutliner' in 0.0003 seconds. Added 1 classes and 2 folders.
[2016.05.09-03.59.32:654][  0]LogLoad: Full Startup: 5.29 seconds (BP compile: 0.12 seconds)
[2016.05.09-03.59.32:654][  0]LogExternalProfiler: Found external profiler: VSPerf
[2016.05.09-03.59.32:654][  0]LogExternalProfiler: Using external profiler: VSPerf
[2016.05.09-03.59.32:663][  0]LogOcInput: OculusInput pre-init called
[2016.05.09-03.59.32:708][  0]LogContentStreaming: Texture pool size now 1000 MB
[2016.05.09-03.59.32:879][  0]LogRenderer: Reallocating scene render targets to support 1596x808 (Frame:2).
[2016.05.09-03.59.32:949][  1]LogAssetRegistry: Asset discovery search completed in 1.9812 seconds
[2016.05.09-03.59.32:949][  1]LogCollectionManager: Rebuilt the object cache for 0 collections in 0.000001 seconds (found 0 objects)
[2016.05.09-03.59.32:949][  1]LogCollectionManager: Fixed up redirectors for 0 collections in 0.000021 seconds (updated 0 objects)
[2016.05.09-03.59.46:366][546]LogBlueprint:Warning: [compiler Ue4ASP_Character] Warning InputAction Event references unknown Action 'Crouch' for  InputAction Crouch 
[2016.05.09-03.59.46:369][546]LogBlueprint:Warning: [compiler Ue4ASP_Character] Warning [0019.00] Compile of Ue4ASP_Character successful, but with 1 Warning(s) [in 6 ms]
[2016.05.09-03.59.46:369][546]LogBlueprint:Warning: [compiler Ue4ASP_Character] Warning [0019.00] Compile of Ue4ASP_Character successful, but with 2 Warning(s) [in 0 ms]
[2016.05.09-03.59.46:369][546]LogBlueprint:Warning: [compiler Ue4ASP_Character] Warning [0019.00] Compile of Ue4ASP_Character successful, but with 3 Warning(s) [in 0 ms]
[2016.05.09-03.59.46:432][546]LogBlueprint:Warning: [compiler Ue4ASP_Character] Warning InputAction Event references unknown Action 'Crouch' for  InputAction Crouch 
[2016.05.09-03.59.46:435][546]LogBlueprint:Warning: [compiler Ue4ASP_Character] Warning [0019.07] Compile of Ue4ASP_Character successful, but with 1 Warning(s) [in 7 ms]
[2016.05.09-03.59.46:435][546]LogBlueprint:Warning: [compiler Ue4ASP_Character] Warning [0019.07] Compile of Ue4ASP_Character successful, but with 2 Warning(s) [in 0 ms]
[2016.05.09-03.59.46:436][546]LogBlueprint:Warning: [compiler Ue4ASP_Character] Warning [0019.07] Compile of Ue4ASP_Character successful, but with 3 Warning(s) [in 0 ms]
[2016.05.09-03.59.47:037][546]LogContentBrowser: Native class hierarchy updated for 'BlueprintGraph' in 0.0012 seconds. Added 108 classes and 0 folders.
[2016.05.09-03.59.47:452][546]LogSkeletalMesh: InitArticulated: Bodies already created (/Engine/Transient.DebugSkelMeshComponent_0) - call TermArticulated first.
[2016.05.09-03.59.48:422][576]LogSkeletalMesh: InitArticulated: Bodies already created (/Engine/Transient.DebugSkelMeshComponent_2) - call TermArticulated first.
[2016.05.09-04.00.36:235][390]BlueprintLog: New page: Compile UE4ASP_HeroTPP_AnimBlueprint2
[2016.05.09-04.00.36:300][390]LogActorComponent: UnregisterComponent: (/Engine/Transient.CharMoveComp) Not registered. Aborting.
[2016.05.09-04.00.36:423][390]BlueprintEditorCompileResults: Info [0069.06] Compile of UE4ASP_HeroTPP_AnimBlueprint2 successful! [in 187 ms]
[2016.05.09-04.00.37:365][445]LogBlueprintUserMessages: Early PlayInEditor Detection: Level '/Game/FirstPersonBP/Maps/FirstPersonExampleMap.FirstPersonExampleMap:PersistentLevel' has LevelScriptBlueprint '/Game/FirstPersonBP/Maps/FirstPersonExampleMap.FirstPersonExampleMap:PersistentLevel.FirstPersonExampleMap' with GeneratedClass '/Game/FirstPersonBP/Maps/FirstPersonExampleMap.FirstPersonExampleMap_C' with ClassGeneratedBy '/Game/FirstPersonBP/Maps/FirstPersonExampleMap.FirstPersonExampleMap:PersistentLevel.FirstPersonExampleMap'
[2016.05.09-04.00.37:365][445]LogPlayLevel: PlayLevel: No blueprints needed recompiling
[2016.05.09-04.00.37:366][445]PIE: New page: PIE session: FirstPersonExampleMap (May 8, 2016, 1:00:37 PM)
[2016.05.09-04.00.37:366][445]LogPlayLevel: Creating play world package: /Game/FirstPersonBP/Maps/UEDPIE_0_FirstPersonExampleMap
[2016.05.09-04.00.37:391][445]LogPlayLevel: PIE: StaticDuplicateObject took: (0.025095s)
[2016.05.09-04.00.37:392][445]LogAIModule: Creating AISystem for world FirstPersonExampleMap
[2016.05.09-04.00.37:392][445]LogPlayLevel: PIE: World Init took: (0.000846s)
[2016.05.09-04.00.37:392][445]LogPlayLevel: PIE: Created PIE world by copying editor world from /Game/FirstPersonBP/Maps/FirstPersonExampleMap.FirstPersonExampleMap to /Game/FirstPersonBP/Maps/UEDPIE_0_FirstPersonExampleMap.FirstPersonExampleMap (0.026264s)
[2016.05.09-04.00.37:419][445]LogInit: XAudio2 using 'Speakers (Realtek High Definition Audio)' : 2 channels at 48 kHz using 32 bits per sample (channel mask 0x3)
[2016.05.09-04.00.37:427][445]LogInit: FAudioDevice initialized.
[2016.05.09-04.00.37:514][445]LogWorld: Game class is 'FirstPersonGameMode_C'
[2016.05.09-04.00.37:519][445]LogWorld: Bringing World /Game/FirstPersonBP/Maps/UEDPIE_0_FirstPersonExampleMap.FirstPersonExampleMap up for play (max tick rate 0) at 2016.05.08-21.00.37
[2016.05.09-04.00.37:519][445]LogWorld: Bringing up level for play took: 0.004385
[2016.05.09-04.00.37:526][445]LogContentBrowser: Native class hierarchy updated for 'MovieSceneCapture' in 0.0004 seconds. Added 9 classes and 0 folders.
[2016.05.09-04.00.37:546][445]PIE: Info Play in editor start time for /Game/FirstPersonBP/Maps/UEDPIE_0_FirstPersonExampleMap -0.639
[2016.05.09-04.00.37:546][445]LogBlueprintUserMessages: Late PlayInEditor Detection: Level '/Game/FirstPersonBP/Maps/FirstPersonExampleMap.FirstPersonExampleMap:PersistentLevel' has LevelScriptBlueprint '/Game/FirstPersonBP/Maps/FirstPersonExampleMap.FirstPersonExampleMap:PersistentLevel.FirstPersonExampleMap' with GeneratedClass '/Game/FirstPersonBP/Maps/FirstPersonExampleMap.FirstPersonExampleMap_C' with ClassGeneratedBy '/Game/FirstPersonBP/Maps/FirstPersonExampleMap.FirstPersonExampleMap:PersistentLevel.FirstPersonExampleMap'
[2016.05.09-04.00.38:615][492]LogBlueprintUserMessages: Early EndPlayMap Detection: Level '/Game/FirstPersonBP/Maps/FirstPersonExampleMap.FirstPersonExampleMap:PersistentLevel' has LevelScriptBlueprint '/Game/FirstPersonBP/Maps/FirstPersonExampleMap.FirstPersonExampleMap:PersistentLevel.FirstPersonExampleMap' with GeneratedClass '/Game/FirstPersonBP/Maps/FirstPersonExampleMap.FirstPersonExampleMap_C' with ClassGeneratedBy '/Game/FirstPersonBP/Maps/FirstPersonExampleMap.FirstPersonExampleMap:PersistentLevel.FirstPersonExampleMap'
[2016.05.09-04.00.38:661][492]LogBlueprintUserMessages: Late EndPlayMap Detection: Level '/Game/FirstPersonBP/Maps/FirstPersonExampleMap.FirstPersonExampleMap:PersistentLevel' has LevelScriptBlueprint '/Game/FirstPersonBP/Maps/FirstPersonExampleMap.FirstPersonExampleMap:PersistentLevel.FirstPersonExampleMap' with GeneratedClass '/Game/FirstPersonBP/Maps/FirstPersonExampleMap.FirstPersonExampleMap_C' with ClassGeneratedBy '/Game/FirstPersonBP/Maps/FirstPersonExampleMap.FirstPersonExampleMap:PersistentLevel.FirstPersonExampleMap'
[2016.05.09-04.00.41:898][686]LogAIModule: Creating AISystem for world ChrisTest
[2016.05.09-04.00.41:901][686]LogActorComponent: UnregisterComponent: (/Engine/Transient.CharMoveComp) Not registered. Aborting.
[2016.05.09-04.00.43:339][686]Cmd: OBJ SAVEPACKAGE PACKAGE="/Game/AnimStarterPack/UE4ASP_HeroTPP_AnimBlueprint2" FILE="D:/Git/RiggingShooter/GameJamRigging/Content/AnimStarterPack/UE4ASP_HeroTPP_AnimBlueprint2.uasset" SILENT=true
[2016.05.09-04.00.43:526][686]LogSavePackage: Save=185.19ms
[2016.05.09-04.00.43:526][686]LogSavePackage: Moving 'D:/Git/RiggingShooter/GameJamRigging/Saved/UE4ASP_HeroTPP_AnimBlueprint2A2BEA27F45B0204BC76ED5AEF399D5F3.tmp' to 'D:/Git/RiggingShooter/GameJamRigging/Content/AnimStarterPack/UE4ASP_HeroTPP_AnimBlueprint2.uasset'
[2016.05.09-04.00.43:528][686]LogSavePackage: Total save time: 188.29ms
[2016.05.09-04.00.43:528][686]LogSavePackage:Display: Finished SavePackage D:/Git/RiggingShooter/GameJamRigging/Content/AnimStarterPack/UE4ASP_HeroTPP_AnimBlueprint2.uasset
[2016.05.09-04.00.43:530][686]Cmd: MAP LOAD FILE="D:/Git/RiggingShooter/GameJamRigging/Content/Maps/ChrisTest.umap" TEMPLATE=0 SHOWPROGRESS=1 FEATURELEVEL=3
[2016.05.09-04.00.43:530][686]LightingResults: New page: Lighting Build
[2016.05.09-04.00.43:550][686]LoadErrors: New page: Loading map: ChrisTest.umap
[2016.05.09-04.00.43:551][686]MapCheck: New page: Map Check
[2016.05.09-04.00.43:551][686]LightingResults: New page: Lighting Build
[2016.05.09-04.00.43:620][686]LogEditorServer: Finished looking for orphan Actors (0.000 secs)
[2016.05.09-04.00.43:639][686]Cmd: MAP CHECKDEP NOCLEARLOG
[2016.05.09-04.00.43:692][686]MapCheck: Info Map check complete: 0 Error(s), 0 Warning(s), took 53.592ms to complete.
[2016.05.09-04.00.43:692][686]LogFileHelpers: Loading map 'ChrisTest' took 0.165
[2016.05.09-04.00.44:641][749]LogBlueprintUserMessages: Early PlayInEditor Detection: Level '/Game/Maps/ChrisTest.ChrisTest:PersistentLevel' has LevelScriptBlueprint '/Game/Maps/ChrisTest.ChrisTest:PersistentLevel.ChrisTest' with GeneratedClass '/Game/Maps/ChrisTest.ChrisTest_C' with ClassGeneratedBy '/Game/Maps/ChrisTest.ChrisTest:PersistentLevel.ChrisTest'
[2016.05.09-04.00.44:641][749]LogPlayLevel: PlayLevel: No blueprints needed recompiling
[2016.05.09-04.00.44:641][749]PIE: New page: PIE session: ChrisTest (May 8, 2016, 1:00:44 PM)
[2016.05.09-04.00.44:641][749]LogPlayLevel: Creating play world package: /Game/Maps/UEDPIE_0_ChrisTest
[2016.05.09-04.00.44:645][749]LogPlayLevel: PIE: StaticDuplicateObject took: (0.003525s)
[2016.05.09-04.00.44:645][749]LogAIModule: Creating AISystem for world ChrisTest
[2016.05.09-04.00.44:645][749]LogPlayLevel: PIE: World Init took: (0.000500s)
[2016.05.09-04.00.44:645][749]LogPlayLevel: PIE: Created PIE world by copying editor world from /Game/Maps/ChrisTest.ChrisTest to /Game/Maps/UEDPIE_0_ChrisTest.ChrisTest (0.004195s)
[2016.05.09-04.00.44:667][749]LogInit: XAudio2 using 'Speakers (Realtek High Definition Audio)' : 2 channels at 48 kHz using 32 bits per sample (channel mask 0x3)
[2016.05.09-04.00.44:674][749]LogInit: FAudioDevice initialized.
[2016.05.09-04.00.44:709][749]LogWorld: Game class is 'ShooterGameMode_C'
[2016.05.09-04.00.44:711][749]LogWorld: Bringing World /Game/Maps/UEDPIE_0_ChrisTest.ChrisTest up for play (max tick rate 0) at 2016.05.08-21.00.44
[2016.05.09-04.00.44:711][749]LogWorld: Bringing up level for play took: 0.001529
[2016.05.09-04.00.44:714][749]PIE: Info Play in editor start time for /Game/Maps/UEDPIE_0_ChrisTest 0.529
[2016.05.09-04.00.44:714][749]LogBlueprintUserMessages: Late PlayInEditor Detection: Level '/Game/Maps/ChrisTest.ChrisTest:PersistentLevel' has LevelScriptBlueprint '/Game/Maps/ChrisTest.ChrisTest:PersistentLevel.ChrisTest' with GeneratedClass '/Game/Maps/ChrisTest.ChrisTest_C' with ClassGeneratedBy '/Game/Maps/ChrisTest.ChrisTest:PersistentLevel.ChrisTest'
[2016.05.09-04.00.52:519][243]LogBlueprintUserMessages: Early EndPlayMap Detection: Level '/Game/Maps/ChrisTest.ChrisTest:PersistentLevel' has LevelScriptBlueprint '/Game/Maps/ChrisTest.ChrisTest:PersistentLevel.ChrisTest' with GeneratedClass '/Game/Maps/ChrisTest.ChrisTest_C' with ClassGeneratedBy '/Game/Maps/ChrisTest.ChrisTest:PersistentLevel.ChrisTest'
[2016.05.09-04.00.52:555][243]LogBlueprintUserMessages: Late EndPlayMap Detection: Level '/Game/Maps/ChrisTest.ChrisTest:PersistentLevel' has LevelScriptBlueprint '/Game/Maps/ChrisTest.ChrisTest:PersistentLevel.ChrisTest' with GeneratedClass '/Game/Maps/ChrisTest.ChrisTest_C' with ClassGeneratedBy '/Game/Maps/ChrisTest.ChrisTest:PersistentLevel.ChrisTest'
[2016.05.09-04.00.53:206][287]LogBlueprintUserMessages: Early PlayInEditor Detection: Level '/Game/Maps/ChrisTest.ChrisTest:PersistentLevel' has LevelScriptBlueprint '/Game/Maps/ChrisTest.ChrisTest:PersistentLevel.ChrisTest' with GeneratedClass '/Game/Maps/ChrisTest.ChrisTest_C' with ClassGeneratedBy '/Game/Maps/ChrisTest.ChrisTest:PersistentLevel.ChrisTest'
[2016.05.09-04.00.53:206][287]LogPlayLevel: PlayLevel: No blueprints needed recompiling
[2016.05.09-04.00.53:206][287]PIE: New page: PIE session: ChrisTest (May 8, 2016, 1:00:53 PM)
[2016.05.09-04.00.53:206][287]LogPlayLevel: Creating play world package: /Game/Maps/UEDPIE_0_ChrisTest
[2016.05.09-04.00.53:210][287]LogPlayLevel: PIE: StaticDuplicateObject took: (0.003125s)
[2016.05.09-04.00.53:210][287]LogAIModule: Creating AISystem for world ChrisTest
[2016.05.09-04.00.53:210][287]LogPlayLevel: PIE: World Init took: (0.000514s)
[2016.05.09-04.00.53:210][287]LogPlayLevel: PIE: Created PIE world by copying editor world from /Game/Maps/ChrisTest.ChrisTest to /Game/Maps/UEDPIE_0_ChrisTest.ChrisTest (0.003813s)
[2016.05.09-04.00.53:230][287]LogInit: XAudio2 using 'Speakers (Realtek High Definition Audio)' : 2 channels at 48 kHz using 32 bits per sample (channel mask 0x3)
[2016.05.09-04.00.53:238][287]LogInit: FAudioDevice initialized.
[2016.05.09-04.00.53:271][287]LogWorld: Game class is 'ShooterGameMode_C'
[2016.05.09-04.00.53:273][287]LogWorld: Bringing World /Game/Maps/UEDPIE_0_ChrisTest.ChrisTest up for play (max tick rate 0) at 2016.05.08-21.00.53
[2016.05.09-04.00.53:273][287]LogWorld: Bringing up level for play took: 0.001312
[2016.05.09-04.00.53:276][287]PIE: Info Play in editor start time for /Game/Maps/UEDPIE_0_ChrisTest -0.909
[2016.05.09-04.00.53:276][287]LogBlueprintUserMessages: Late PlayInEditor Detection: Level '/Game/Maps/ChrisTest.ChrisTest:PersistentLevel' has LevelScriptBlueprint '/Game/Maps/ChrisTest.ChrisTest:PersistentLevel.ChrisTest' with GeneratedClass '/Game/Maps/ChrisTest.ChrisTest_C' with ClassGeneratedBy '/Game/Maps/ChrisTest.ChrisTest:PersistentLevel.ChrisTest'
[2016.05.09-04.01.33:406][838]LogBlueprintUserMessages: Early EndPlayMap Detection: Level '/Game/Maps/ChrisTest.ChrisTest:PersistentLevel' has LevelScriptBlueprint '/Game/Maps/ChrisTest.ChrisTest:PersistentLevel.ChrisTest' with GeneratedClass '/Game/Maps/ChrisTest.ChrisTest_C' with ClassGeneratedBy '/Game/Maps/ChrisTest.ChrisTest:PersistentLevel.ChrisTest'
[2016.05.09-04.01.33:436][838]LogBlueprintUserMessages: Late EndPlayMap Detection: Level '/Game/Maps/ChrisTest.ChrisTest:PersistentLevel' has LevelScriptBlueprint '/Game/Maps/ChrisTest.ChrisTest:PersistentLevel.ChrisTest' with GeneratedClass '/Game/Maps/ChrisTest.ChrisTest_C' with ClassGeneratedBy '/Game/Maps/ChrisTest.ChrisTest:PersistentLevel.ChrisTest'
[2016.05.09-04.02.13:436][544]LogEditorTransaction: Undo Edit Speed
[2016.05.09-04.02.20:877][ 42]LogRenderer: Reallocating scene render targets to support 1596x1276 (Frame:20937).
[2016.05.09-04.02.20:877][ 42]LogContentBrowser:Verbose: The majority of assets in the view are of type: AnimSequence
[2016.05.09-04.03.41:859][165]LogWindowsTextInputMethodSystem:Display: IME system now deactivated.
[2016.05.09-04.03.42:044][166]Cmd: QUIT_EDITOR
[2016.05.09-04.03.43:098][166]LogExit: Preparing to exit.
[2016.05.09-04.03.44:127][166]LogExit: Editor shut down
[2016.05.09-04.03.44:128][166]LogExit: Transaction tracking system shut down
[2016.05.09-04.03.44:265][166]LogObj: Freed 0b from 0 cluster array pools.
[2016.05.09-04.03.44:265][166]LogExit: Object subsystem successfully closed.
[2016.05.09-04.03.44:272][166]LogD3D11RHI: Shutdown
[2016.05.09-04.03.44:273][166]LogD3D11RHI: CleanupD3DDevice
[2016.05.09-04.03.44:355][166]LogD3D11RHI: ~FD3D11DynamicRHI
[2016.05.09-04.03.44:405][166]LogDerivedDataCache: Shutdown
[2016.05.09-04.03.44:406][166]LogModuleManager: Shutting down and abandoning module MovieSceneCapture (207)
[2016.05.09-04.03.44:406][166]LogModuleManager: Shutting down and abandoning module BlueprintGraph (206)
[2016.05.09-04.03.44:406][166]LogModuleManager: Shutting down and abandoning module HierarchicalLODOutliner (205)
[2016.05.09-04.03.44:406][166]LogModuleManager: Shutting down and abandoning module CrashTracker (204)
[2016.05.09-04.03.44:406][166]LogModuleManager: Shutting down and abandoning module SceneOutliner (203)
[2016.05.09-04.03.44:406][166]LogModuleManager: Shutting down and abandoning module WorldBrowser (202)
[2016.05.09-04.03.44:406][166]LogModuleManager: Shutting down and abandoning module SuperSearch (201)
[2016.05.09-04.03.44:406][166]LogModuleManager: Shutting down and abandoning module WidgetCarousel (200)
[2016.05.09-04.03.44:406][166]LogModuleManager: Shutting down and abandoning module AddContentDialog (199)
[2016.05.09-04.03.44:407][166]LogModuleManager: Shutting down and abandoning module GameplayTags (198)
[2016.05.09-04.03.44:407][166]LogModuleManager: Shutting down and abandoning module EditorWidgets (197)
[2016.05.09-04.03.44:407][166]LogModuleManager: Shutting down and abandoning module CollectionManager (196)
[2016.05.09-04.03.44:407][166]LogModuleManager: Shutting down and abandoning module StatsViewer (195)
[2016.05.09-04.03.44:407][166]LogModuleManager: Shutting down and abandoning module FoliageEdit (194)
[2016.05.09-04.03.44:407][166]LogModuleManager: Shutting down and abandoning module LandscapeEditor (193)
[2016.05.09-04.03.44:408][166]LogModuleManager: Shutting down and abandoning module ActorPickerMode (192)
[2016.05.09-04.03.44:408][166]LogModuleManager: Shutting down and abandoning module GeometryMode (191)
[2016.05.09-04.03.44:408][166]LogModuleManager: Shutting down and abandoning module TextureAlignMode (190)
[2016.05.09-04.03.44:408][166]LogModuleManager: Shutting down and abandoning module BspMode (189)
[2016.05.09-04.03.44:408][166]LogModuleManager: Shutting down and abandoning module PlacementMode (188)
[2016.05.09-04.03.44:408][166]LogModuleManager: Shutting down and abandoning module AutomationWorker (187)
[2016.05.09-04.03.44:408][166]LogModuleManager: Shutting down and abandoning module CharacterAI (186)
[2016.05.09-04.03.44:408][166]LogModuleManager: Shutting down and abandoning module SmartSnapping (185)
[2016.05.09-04.03.44:408][166]LogModuleManager: Shutting down and abandoning module ViewportSnapping (184)
[2016.05.09-04.03.44:408][166]LogModuleManager: Shutting down and abandoning module LogVisualizer (183)
[2016.05.09-04.03.44:408][166]LogModuleManager: Shutting down and abandoning module GameProjectGeneration (182)
[2016.05.09-04.03.44:408][166]LogModuleManager: Shutting down and abandoning module IntroTutorials (181)
[2016.05.09-04.03.44:408][166]LogModuleManager: Shutting down and abandoning module EditorLiveStreaming (180)
[2016.05.09-04.03.44:408][166]LogModuleManager: Shutting down and abandoning module IOSPlatformEditor (179)
[2016.05.09-04.03.44:408][166]LogModuleManager: Shutting down and abandoning module HTML5PlatformEditor (178)
[2016.05.09-04.03.44:408][166]LogModuleManager: Shutting down and abandoning module AndroidDeviceDetection (177)
[2016.05.09-04.03.44:678][166]LogModuleManager: Shutting down and abandoning module AndroidPlatformEditor (176)
[2016.05.09-04.03.44:678][166]LogModuleManager: Shutting down and abandoning module IOSRuntimeSettings (175)
[2016.05.09-04.03.44:678][166]LogModuleManager: Shutting down and abandoning module AndroidRuntimeSettings (174)
[2016.05.09-04.03.44:678][166]LogModuleManager: Shutting down and abandoning module MergeActors (173)
[2016.05.09-04.03.44:678][166]LogModuleManager: Shutting down and abandoning module SizeMap (172)
[2016.05.09-04.03.44:678][166]LogModuleManager: Shutting down and abandoning module TreeMap (171)
[2016.05.09-04.03.44:678][166]LogModuleManager: Shutting down and abandoning module ReferenceViewer (170)
[2016.05.09-04.03.44:678][166]LogModuleManager: Shutting down and abandoning module LocalizationService (169)
[2016.05.09-04.03.44:678][166]LogModuleManager: Shutting down and abandoning module LocalizationDashboard (168)
[2016.05.09-04.03.44:678][166]LogModuleManager: Shutting down and abandoning module HardwareTargeting (167)
[2016.05.09-04.03.44:678][166]LogModuleManager: Shutting down and abandoning module DeviceProfileEditor (166)
[2016.05.09-04.03.44:678][166]LogModuleManager: Shutting down and abandoning module UndoHistory (165)
[2016.05.09-04.03.44:678][166]LogModuleManager: Shutting down and abandoning module UserFeedback (164)
[2016.05.09-04.03.44:678][166]LogModuleManager: Shutting down and abandoning module XmlParser (163)
[2016.05.09-04.03.44:678][166]LogModuleManager: Shutting down and abandoning module Blutility (162)
[2016.05.09-04.03.44:678][166]LogModuleManager: Shutting down and abandoning module ProjectTargetPlatformEditor (161)
[2016.05.09-04.03.44:678][166]LogModuleManager: Shutting down and abandoning module ProjectSettingsViewer (160)
[2016.05.09-04.03.44:678][166]LogModuleManager: Shutting down and abandoning module InputBindingEditor (159)
[2016.05.09-04.03.44:678][166]LogModuleManager: Shutting down and abandoning module EditorSettingsViewer (158)
[2016.05.09-04.03.44:679][166]LogModuleManager: Shutting down and abandoning module SettingsEditor (157)
[2016.05.09-04.03.44:679][166]LogModuleManager: Shutting down and abandoning module ProjectLauncher (156)
[2016.05.09-04.03.44:679][166]LogModuleManager: Shutting down and abandoning module SessionFrontend (155)
[2016.05.09-04.03.44:679][166]LogModuleManager: Shutting down and abandoning module ProfilerClient (154)
[2016.05.09-04.03.44:679][166]LogModuleManager: Shutting down and abandoning module TargetDeviceServices (153)
[2016.05.09-04.03.44:679][166]LogModuleManager: Shutting down and abandoning module DeviceManager (152)
[2016.05.09-04.03.44:711][166]LogModuleManager: Shutting down and abandoning module AutomationController (151)
[2016.05.09-04.03.44:711][166]LogModuleManager: Shutting down and abandoning module AutomationWindow (150)
[2016.05.09-04.03.44:711][166]LogModuleManager: Shutting down and abandoning module Layers (149)
[2016.05.09-04.03.44:711][166]LogModuleManager: Shutting down and abandoning module ComponentVisualizers (148)
[2016.05.09-04.03.44:711][166]LogModuleManager: Shutting down and abandoning module DetailCustomizations (147)
[2016.05.09-04.03.44:711][166]LogModuleManager: Shutting down and abandoning module PackagesDialog (146)
[2016.05.09-04.03.44:711][166]LogModuleManager: Shutting down and abandoning module Persona (145)
[2016.05.09-04.03.44:711][166]LogModuleManager: Shutting down and abandoning module Kismet (144)
[2016.05.09-04.03.44:711][166]LogModuleManager: Shutting down and abandoning module GraphEditor (143)
[2016.05.09-04.03.44:711][166]LogModuleManager: Shutting down and abandoning module ClassViewer (142)
[2016.05.09-04.03.44:711][166]LogModuleManager: Shutting down and abandoning module Toolbox (141)
[2016.05.09-04.03.44:711][166]LogModuleManager: Shutting down and abandoning module ModuleUI (140)
[2016.05.09-04.03.44:711][166]LogModuleManager: Shutting down and abandoning module MovieSceneTools (139)
[2016.05.09-04.03.44:711][166]LogModuleManager: Shutting down and abandoning module OutputLog (138)
[2016.05.09-04.03.44:711][166]LogModuleManager: Shutting down and abandoning module GammaUI (137)
[2016.05.09-04.03.44:711][166]LogModuleManager: Shutting down and abandoning module Documentation (136)
[2016.05.09-04.03.44:711][166]LogModuleManager: Shutting down and abandoning module StreamingPauseRendering (135)
[2016.05.09-04.03.44:711][166]LogModuleManager: Shutting down and abandoning module AnalyticsET (134)
[2016.05.09-04.03.44:711][166]LogModuleManager: Shutting down and abandoning module Analytics (133)
[2016.05.09-04.03.44:711][166]LogModuleManager: Shutting down and abandoning module PortalServices (132)
[2016.05.09-04.03.44:711][166]LogModuleManager: Shutting down and abandoning module PortalRpc (131)
[2016.05.09-04.03.44:711][166]LogModuleManager: Shutting down and abandoning module MessagingRpc (130)
[2016.05.09-04.03.44:711][166]LogModuleManager: Shutting down and abandoning module AITestSuite (129)
[2016.05.09-04.03.44:711][166]LogModuleManager: Shutting down and abandoning module GameplayDebugger (128)
[2016.05.09-04.03.44:711][166]LogModuleManager: Shutting down and abandoning module AIModule (127)
[2016.05.09-04.03.44:711][166]LogModuleManager: Shutting down and abandoning module ProfilerService (126)
[2016.05.09-04.03.44:828][166]LogModuleManager: Shutting down and abandoning module TaskGraph (125)
[2016.05.09-04.03.44:828][166]LogModuleManager: Shutting down and abandoning module SlateRemote (124)
[2016.05.09-04.03.44:828][166]LogModuleManager: Shutting down and abandoning module SteamVRController (123)
[2016.05.09-04.03.44:828][166]LogModuleManager: Shutting down and abandoning module SteamVR (122)
[2016.05.09-04.03.44:828][166]LogModuleManager: Shutting down and abandoning module ProceduralMeshComponent (121)
[2016.05.09-04.03.44:828][166]LogModuleManager: Shutting down and abandoning module OculusLibrary (120)
[2016.05.09-04.03.44:828][166]LogModuleManager: Shutting down and abandoning module OculusInput (119)
[2016.05.09-04.03.44:828][166]LogModuleManager: Shutting down and abandoning module CustomMeshComponent (118)
[2016.05.09-04.03.44:828][166]LogModuleManager: Shutting down and abandoning module CableComponent (117)
[2016.05.09-04.03.44:828][166]LogModuleManager: Shutting down and abandoning module ArchVisCharacter (116)
[2016.05.09-04.03.44:828][166]LogModuleManager: Shutting down and abandoning module MediaPlayerEditor (115)
[2016.05.09-04.03.44:828][166]LogModuleManager: Shutting down and abandoning module HTML5Networking (114)
[2016.05.09-04.03.44:828][166]LogModuleManager: Shutting down and abandoning module SpeedTreeImporter (113)
[2016.05.09-04.03.44:828][166]LogModuleManager: Shutting down and abandoning module PluginBrowser (112)
[2016.05.09-04.03.44:828][166]LogModuleManager: Shutting down and abandoning module EpicSurvey (111)
[2016.05.09-04.03.44:828][166]LogModuleManager: Shutting down and abandoning module DesktopPlatform (110)
[2016.05.09-04.03.44:828][166]LogModuleManager: Shutting down and abandoning module VisualStudioSourceCodeAccess (109)
[2016.05.09-04.03.44:828][166]LogModuleManager: Shutting down and abandoning module UObjectPlugin (108)
[2016.05.09-04.03.44:828][166]LogModuleManager: Shutting down and abandoning module SubversionSourceControl (107)
[2016.05.09-04.03.44:828][166]LogModuleManager: Shutting down and abandoning module PerforceSourceControl (106)
[2016.05.09-04.03.44:828][166]LogModuleManager: Shutting down and abandoning module SourceControl (105)
[2016.05.09-04.03.44:829][166]LogModuleManager: Shutting down and abandoning module GitSourceControl (104)
[2016.05.09-04.03.44:829][166]LogModuleManager: Shutting down and abandoning module LightPropagationVolumeEditor (103)
[2016.05.09-04.03.44:829][166]LogModuleManager: Shutting down and abandoning module PaperTiledImporter (102)
[2016.05.09-04.03.44:829][166]LogModuleManager: Shutting down and abandoning module PaperSpriteSheetImporter (101)
[2016.05.09-04.03.44:829][166]LogModuleManager: Shutting down and abandoning module MeshPaint (100)
[2016.05.09-04.03.44:829][166]LogModuleManager: Shutting down and abandoning module HotReload (99)
[2016.05.09-04.03.44:830][166]LogModuleManager: Shutting down and abandoning module MainFrame (98)
[2016.05.09-04.03.44:830][166]LogModuleManager: Shutting down and abandoning module LevelEditor (97)
[2016.05.09-04.03.44:831][166]LogModuleManager: Shutting down and abandoning module DirectoryWatcher (96)
[2016.05.09-04.03.44:831][166]LogModuleManager: Shutting down and abandoning module AssetRegistry (95)
[2016.05.09-04.03.45:021][166]LogModuleManager: Shutting down and abandoning module ContentBrowser (94)
[2016.05.09-04.03.45:022][166]LogModuleManager: Shutting down and abandoning module Paper2DEditor (93)
[2016.05.09-04.03.45:022][166]LogModuleManager: Shutting down and abandoning module UdpMessaging (92)
[2016.05.09-04.03.45:123][166]LogModuleManager: Shutting down and abandoning module LightPropagationVolumeRuntime (91)
[2016.05.09-04.03.45:123][166]LogModuleManager: Shutting down and abandoning module Paper2D (90)
[2016.05.09-04.03.45:123][166]LogModuleManager: Shutting down and abandoning module WindowsMoviePlayer (89)
[2016.05.09-04.03.45:123][166]LogModuleManager: Shutting down and abandoning module Media (88)
[2016.05.09-04.03.45:123][166]LogModuleManager: Shutting down and abandoning module WmfMedia (87)
[2016.05.09-04.03.45:123][166]LogModuleManager: Shutting down and abandoning module MediaAssets (86)
[2016.05.09-04.03.45:123][166]LogModuleManager: Shutting down and abandoning module GameLiveStreaming (85)
[2016.05.09-04.03.45:123][166]LogModuleManager: Shutting down and abandoning module GameplayTagsEditor (84)
[2016.05.09-04.03.45:123][166]LogModuleManager: Shutting down and abandoning module OnlineBlueprintSupport (83)
[2016.05.09-04.03.45:123][166]LogModuleManager: Shutting down and abandoning module GameplayTasksEditor (82)
[2016.05.09-04.03.45:123][166]LogModuleManager: Shutting down and abandoning module PropertyEditor (81)
[2016.05.09-04.03.45:123][166]LogModuleManager: Shutting down and abandoning module BehaviorTreeEditor (80)
[2016.05.09-04.03.45:123][166]LogModuleManager: Shutting down and abandoning module FunctionalTesting (79)
[2016.05.09-04.03.45:123][166]LogModuleManager: Shutting down and abandoning module CollisionAnalyzer (78)
[2016.05.09-04.03.45:123][166]LogModuleManager: Shutting down and abandoning module WorkspaceMenuStructure (77)
[2016.05.09-04.03.45:123][166]LogModuleManager: Shutting down and abandoning module MessageLog (76)
[2016.05.09-04.03.45:123][166]LogModuleManager: Shutting down and abandoning module Sequencer (75)
[2016.05.09-04.03.45:123][166]LogModuleManager: Shutting down and abandoning module AssetTools (74)
[2016.05.09-04.03.45:123][166]LogModuleManager: Shutting down and abandoning module UMGEditor (73)
[2016.05.09-04.03.45:123][166]LogModuleManager: Shutting down and abandoning module UMG (72)
[2016.05.09-04.03.45:123][166]LogModuleManager: Shutting down and abandoning module SlateReflector (71)
[2016.05.09-04.03.45:123][166]LogModuleManager: Shutting down and abandoning module Slate (70)
[2016.05.09-04.03.45:123][166]LogModuleManager: Shutting down and abandoning module EditorStyle (69)
[2016.05.09-04.03.45:126][166]LogModuleManager: Shutting down and abandoning module SessionServices (68)
[2016.05.09-04.03.45:126][166]LogModuleManager: Shutting down and abandoning module SourceCodeAccess (67)
[2016.05.09-04.03.45:126][166]LogModuleManager: Shutting down and abandoning module HeadMountedDisplay (66)
[2016.05.09-04.03.45:126][166]LogModuleManager: Shutting down and abandoning module XAudio2 (65)
[2016.05.09-04.03.45:126][166]LogModuleManager: Shutting down and abandoning module Networking (63)
[2016.05.09-04.03.45:126][166]LogModuleManager: Shutting down and abandoning module Core (62)
[2016.05.09-04.03.45:126][166]LogModuleManager: Shutting down and abandoning module KismetCompiler (61)
[2016.05.09-04.03.45:127][166]LogModuleManager: Shutting down and abandoning module PhysXFormats (60)
[2016.05.09-04.03.45:127][166]LogModuleManager: Shutting down and abandoning module MeshUtilities (59)
[2016.05.09-04.03.45:127][166]LogModuleManager: Shutting down and abandoning module CookingStats (58)
[2016.05.09-04.03.45:127][166]LogModuleManager: Shutting down and abandoning module DerivedDataCache (57)
[2016.05.09-04.03.45:127][166]LogDerivedDataCache: Shutdown
[2016.05.09-04.03.45:127][166]LogModuleManager: Shutting down and abandoning module ShaderFormatOpenGL (56)
[2016.05.09-04.03.45:127][166]LogModuleManager: Shutting down and abandoning module ShaderFormatD3D (55)
[2016.05.09-04.03.45:127][166]LogModuleManager: Shutting down and abandoning module MetalShaderFormat (54)
[2016.05.09-04.03.45:127][166]LogModuleManager: Shutting down and abandoning module TextureFormatUncompressed (53)
[2016.05.09-04.03.45:127][166]LogModuleManager: Shutting down and abandoning module TextureFormatPVR (52)
[2016.05.09-04.03.45:127][166]LogModuleManager: Shutting down and abandoning module TextureFormatIntelISPCTexComp (51)
[2016.05.09-04.03.45:127][166]LogModuleManager: Shutting down and abandoning module TextureFormatDXT (50)
[2016.05.09-04.03.45:127][166]LogModuleManager: Shutting down and abandoning module ImageWrapper (49)
[2016.05.09-04.03.45:127][166]LogModuleManager: Shutting down and abandoning module TextureFormatASTC (48)
[2016.05.09-04.03.45:127][166]LogModuleManager: Shutting down and abandoning module TextureFormatAndroid (47)
[2016.05.09-04.03.45:127][166]LogModuleManager: Shutting down and abandoning module AudioFormatOpus (46)
[2016.05.09-04.03.45:127][166]LogModuleManager: Shutting down and abandoning module AudioFormatOgg (45)
[2016.05.09-04.03.45:127][166]LogModuleManager: Shutting down and abandoning module AudioFormatADPCM (44)
[2016.05.09-04.03.45:127][166]LogModuleManager: Shutting down and abandoning module LinuxTargetPlatform (43)
[2016.05.09-04.03.45:127][166]LogModuleManager: Shutting down and abandoning module LinuxServerTargetPlatform (42)
[2016.05.09-04.03.45:127][166]LogModuleManager: Shutting down and abandoning module LinuxNoEditorTargetPlatform (41)
[2016.05.09-04.03.45:127][166]LogModuleManager: Shutting down and abandoning module TVOSTargetPlatform (40)
[2016.05.09-04.03.45:127][166]LogModuleManager: Shutting down and abandoning module Messaging (39)
[2016.05.09-04.03.45:127][166]LogModuleManager: Shutting down and abandoning module IOSTargetPlatform (38)
[2016.05.09-04.03.45:127][166]LogModuleManager: Shutting down and abandoning module HTML5TargetPlatform (37)
[2016.05.09-04.03.45:127][166]LogModuleManager: Shutting down and abandoning module Android_PVRTCTargetPlatform (36)
[2016.05.09-04.03.45:127][166]LogModuleManager: Shutting down and abandoning module Android_MultiTargetPlatform (35)
[2016.05.09-04.03.45:127][166]LogModuleManager: Shutting down and abandoning module Android_ETC2TargetPlatform (34)
[2016.05.09-04.03.45:127][166]LogModuleManager: Shutting down and abandoning module Android_ETC1TargetPlatform (33)
[2016.05.09-04.03.45:127][166]LogModuleManager: Shutting down and abandoning module Android_DXTTargetPlatform (32)
[2016.05.09-04.03.45:127][166]LogModuleManager: Shutting down and abandoning module Android_ATCTargetPlatform (31)
[2016.05.09-04.03.45:127][166]LogModuleManager: Shutting down and abandoning module Android_ASTCTargetPlatform (30)
[2016.05.09-04.03.45:127][166]LogModuleManager: Shutting down and abandoning module AndroidTargetPlatform (29)
[2016.05.09-04.03.45:127][166]LogModuleManager: Shutting down and abandoning module WindowsTargetPlatform (28)
[2016.05.09-04.03.45:127][166]LogModuleManager: Shutting down and abandoning module WindowsServerTargetPlatform (27)
[2016.05.09-04.03.45:127][166]LogModuleManager: Shutting down and abandoning module WindowsNoEditorTargetPlatform (26)
[2016.05.09-04.03.45:127][166]LogModuleManager: Shutting down and abandoning module WindowsClientTargetPlatform (25)
[2016.05.09-04.03.45:127][166]LogModuleManager: Shutting down and abandoning module AllDesktopTargetPlatform (24)
[2016.05.09-04.03.45:127][166]LogModuleManager: Shutting down and abandoning module TargetPlatform (23)
[2016.05.09-04.03.45:127][166]LogModuleManager: Shutting down and abandoning module InputCore (22)
[2016.05.09-04.03.45:127][166]LogModuleManager: Shutting down and abandoning module Settings (21)
[2016.05.09-04.03.45:127][166]LogModuleManager: Shutting down and abandoning module OnlineSubsystem (19)
[2016.05.09-04.03.45:127][166]LogModuleManager: Shutting down and abandoning module HTTP (18)
[2016.05.09-04.03.47:131][166]LogModuleManager: Shutting down and abandoning module XMPP (17)
[2016.05.09-04.03.47:131][166]LogModuleManager: Shutting down and abandoning module OculusRift (16)
[2016.05.09-04.03.47:131][166]LogModuleManager: Shutting down and abandoning module ExampleDeviceProfileSelector (15)
[2016.05.09-04.03.47:131][166]LogModuleManager: Shutting down and abandoning module TextureCompressor (14)
[2016.05.09-04.03.47:131][166]LogModuleManager: Shutting down and abandoning module ShaderCore (13)
[2016.05.09-04.03.47:131][166]LogModuleManager: Shutting down and abandoning module Landscape (12)
[2016.05.09-04.03.47:131][166]LogModuleManager: Shutting down and abandoning module SlateRHIRenderer (11)
[2016.05.09-04.03.47:133][166]LogModuleManager: Shutting down and abandoning module OpenGLDrv (10)
[2016.05.09-04.03.47:133][166]LogModuleManager: Shutting down and abandoning module D3D11RHI (9)
[2016.05.09-04.03.47:133][166]LogModuleManager: Shutting down and abandoning module AnimGraphRuntime (8)
[2016.05.09-04.03.47:133][166]LogModuleManager: Shutting down and abandoning module Renderer (7)
[2016.05.09-04.03.47:133][166]LogModuleManager: Shutting down and abandoning module Engine (6)
[2016.05.09-04.03.47:133][166]LogModuleManager: Shutting down and abandoning module CoreUObject (5)
[2016.05.09-04.03.47:133][166]LogModuleManager: Shutting down and abandoning module NetworkFile (4)
[2016.05.09-04.03.47:133][166]LogModuleManager: Shutting down and abandoning module StreamingFile (3)
[2016.05.09-04.03.47:133][166]LogModuleManager: Shutting down and abandoning module SandboxFile (2)
[2016.05.09-04.03.47:133][166]LogModuleManager: Shutting down and abandoning module PakFile (1)
[2016.05.09-04.03.47:135][166]LogExit: Exiting.
[2016.05.09-04.03.47:136][166]Log file closed, 05/08/16 21:03:47
