Log file open, 05/21/16 17:19:23
LogInit:Display: Running engine for game: GameJamRigging
LogPlatformFile: Not using cached read wrapper
LogInit:Display: RandInit(-480333573) SRandInit(-480333571).
LogTaskGraph: Started task graph with 4 named threads and 7 total threads.
LogStats: Stats thread started at 0.121769
LogInit: Version: 4.11.2-2946394+++UE4+Release-4.11
LogInit: API Version: 2927265
LogInit: Compiled (64-bit): Apr 18 2016 02:18:46
LogInit: Compiled with Visual C++: 19.00.23026.00
LogInit: Build Configuration: Development
LogInit: Branch Name: ++UE4+Release-4.11
LogInit: Command line:  
LogInit: Base directory: C:/Program Files (x86)/Epic Games/4.11/Engine/Binaries/Win64/
LogInit: Installed Engine Build: 1
LogInit: Using libcurl 7.41.0
LogInit:  - built for x86_64-pc-win32
LogInit:  - supports SSL with WinSSL
LogInit:  - other features:
LogInit:      CURL_VERSION_SSL
LogInit:      CURL_VERSION_IPV6
LogInit:      CURL_VERSION_ASYNCHDNS
LogInit:      CURL_VERSION_LARGEFILE
LogInit:      CURL_VERSION_IDN
LogInit:  CurlRequestOptions (configurable via config and command line):
LogInit:  - bVerifyPeer = true  - Libcurl will verify peer certificate
LogInit:  - bUseHttpProxy = false  - Libcurl will NOT use HTTP proxy
LogInit:  - bDontReuseConnections = false  - Libcurl will reuse connections
LogInit:  - CertBundlePath = nullptr  - Libcurl will use whatever was configured at build time.
LogInit: Presizing for max 16777216 objects, including 0 objects not considered by GC, pre-allocating 0 bytes for permanent pool.
LogInit: Object subsystem initialized
[2016.05.22-00.19.23:559][  0]LogInit: Selected Device Profile: [Windows]
[2016.05.22-00.19.23:559][  0]LogInit: Applying CVar settings loaded from the selected device profile: [Windows]
[2016.05.22-00.19.23:573][  0]LogInit: Computer: DUMPRING
[2016.05.22-00.19.23:573][  0]LogInit: User: theco000
[2016.05.22-00.19.23:573][  0]LogInit: CPU Page size=65536, Cores=4
[2016.05.22-00.19.23:573][  0]LogInit: High frequency timer resolution =3.615392 MHz
[2016.05.22-00.19.23:573][  0]LogMemory: Memory total: Physical=15.9GB (16GB approx)
[2016.05.22-00.19.23:573][  0]LogMemory: Platform Memory Stats for Windows
[2016.05.22-00.19.23:573][  0]LogMemory: Process Physical Memory: 315.14 MB used, 315.14 MB peak
[2016.05.22-00.19.23:573][  0]LogMemory: Process Virtual Memory: 315.05 MB used, 315.05 MB peak
[2016.05.22-00.19.23:573][  0]LogMemory: Physical Memory: 5192.44 MB used, 16326.09 MB total
[2016.05.22-00.19.23:573][  0]LogMemory: Virtual Memory: 639.54 MB used, 134217728.00 MB total
[2016.05.22-00.19.23:604][  0]LogTextLocalizationManager: No specific translations for ('en-US') exist, so ('en') translations will be used.
[2016.05.22-00.19.23:982][  0]LogD3D11RHI: D3D11 adapters:
[2016.05.22-00.19.24:012][  0]LogD3D11RHI:    0. 'NVIDIA GeForce GTX 780' (Feature Level 11_0)
[2016.05.22-00.19.24:012][  0]LogD3D11RHI:       3013MB of dedicated video memory, 0MB of dedicated system memory, and 8163MB of shared system memory, 2 output[s]
[2016.05.22-00.19.24:013][  0]LogD3D11RHI:    1. 'Microsoft Basic Render Driver' (Feature Level 11_0)
[2016.05.22-00.19.24:013][  0]LogD3D11RHI:       0MB of dedicated video memory, 0MB of dedicated system memory, and 8163MB of shared system memory, 0 output[s]
[2016.05.22-00.19.24:013][  0]LogD3D11RHI: Chosen D3D11 Adapter: 0
[2016.05.22-00.19.24:017][  0]LogD3D11RHI: Creating new Direct3DDevice
[2016.05.22-00.19.24:017][  0]LogD3D11RHI:     Adapter Name: NVIDIA GeForce GTX 780
[2016.05.22-00.19.24:017][  0]LogD3D11RHI:   Driver Version: 10.18.13.6510 (internal 10.18.13.6510)
[2016.05.22-00.19.24:017][  0]LogD3D11RHI:      Driver Date: 4-27-2016
[2016.05.22-00.19.24:017][  0]LogRHI: Texture pool is 1361 MB (70% of 1945 MB)
[2016.05.22-00.19.24:030][  0]LogD3D11RHI: Async texture creation enabled
[2016.05.22-00.19.24:040][  0]LogShaderCompilers: Guid format shader working directory is 12 characters bigger than the processId version (D:/Git/RiggingShooter/GameJamRigging/Intermediate/Shaders/WorkingDirectory/14460/).
[2016.05.22-00.19.24:040][  0]LogShaderCompilers: Cleaned the shader compiler working directory 'C:/Users/THECO_~1/AppData/Local/Temp/UnrealShaderWorkingDir/6A6AF9634E5D65BF94BD57A72626292D/'.
[2016.05.22-00.19.24:040][  0]LogShaderCompilers:Display: Using Local Shader Compiler.
[2016.05.22-00.19.25:061][  0]LogTemp:Display: Loaded TP AllDesktopTargetPlatform
[2016.05.22-00.19.25:065][  0]LogTemp:Display: Loaded TP WindowsClientTargetPlatform
[2016.05.22-00.19.25:068][  0]LogTemp:Display: Loaded TP WindowsNoEditorTargetPlatform
[2016.05.22-00.19.25:072][  0]LogTemp:Display: Loaded TP WindowsServerTargetPlatform
[2016.05.22-00.19.25:075][  0]LogTemp:Display: Loaded TP WindowsTargetPlatform
[2016.05.22-00.19.25:078][  0]LogTemp:Display: Loaded TP AndroidTargetPlatform
[2016.05.22-00.19.25:081][  0]LogTemp:Display: Loaded TP Android_ASTCTargetPlatform
[2016.05.22-00.19.25:084][  0]LogTemp:Display: Loaded TP Android_ATCTargetPlatform
[2016.05.22-00.19.25:086][  0]LogTemp:Display: Loaded TP Android_DXTTargetPlatform
[2016.05.22-00.19.25:089][  0]LogTemp:Display: Loaded TP Android_ETC1TargetPlatform
[2016.05.22-00.19.25:092][  0]LogTemp:Display: Loaded TP Android_ETC2TargetPlatform
[2016.05.22-00.19.25:097][  0]LogTemp:Display: Loaded TP Android_MultiTargetPlatform
[2016.05.22-00.19.25:097][  0]LogTemp:Display: Loaded TP Android_PVRTCTargetPlatform
[2016.05.22-00.19.25:098][  0]LogTemp:Display: Loaded TP HTML5TargetPlatform
[2016.05.22-00.19.25:114][  0]LogTemp:Display: Loaded TP IOSTargetPlatform
[2016.05.22-00.19.25:116][  0]LogTemp:Display: Loaded TP TVOSTargetPlatform
[2016.05.22-00.19.25:121][  0]LogTemp:Display: Loaded TP LinuxNoEditorTargetPlatform
[2016.05.22-00.19.25:124][  0]LogTemp:Display: Loaded TP LinuxServerTargetPlatform
[2016.05.22-00.19.25:128][  0]LogTemp:Display: Loaded TP LinuxTargetPlatform
[2016.05.22-00.19.25:128][  0]LogTargetPlatformManager:Display: Building Assets For Windows
[2016.05.22-00.19.25:196][  0]LogDerivedDataCache:Display: Max Cache Size: 512 MB
[2016.05.22-00.19.25:360][  0]LogDerivedDataCache: Loaded boot cache 0.16s 46MB C:/Users/theco_000/AppData/Local/UnrealEngine/4.11/DerivedDataCache/Boot.ddc.
[2016.05.22-00.19.25:360][  0]LogDerivedDataCache:Display: Loaded Boot cache: C:/Users/theco_000/AppData/Local/UnrealEngine/4.11/DerivedDataCache/Boot.ddc
[2016.05.22-00.19.25:360][  0]LogDerivedDataCache: FDerivedDataBackendGraph:  Pak pak cache file D:/Git/RiggingShooter/GameJamRigging/DerivedDataCache/DDC.ddp not found, will not use a pak cache.
[2016.05.22-00.19.25:360][  0]LogDerivedDataCache: Unable to find inner node Pak for hierarchical cache Hierarchy.
[2016.05.22-00.19.25:360][  0]LogDerivedDataCache: FDerivedDataBackendGraph:  CompressedPak pak cache file D:/Git/RiggingShooter/GameJamRigging/DerivedDataCache/Compressed.ddp not found, will not use a pak cache.
[2016.05.22-00.19.25:360][  0]LogDerivedDataCache: Unable to find inner node CompressedPak for hierarchical cache Hierarchy.
[2016.05.22-00.19.25:376][  0]LogDerivedDataCache:Display: Pak cache opened for reading ../../../Engine/DerivedDataCache/Compressed.ddp.
[2016.05.22-00.19.25:389][  0]LogDerivedDataCache: Using Local data cache path C:/Users/theco_000/AppData/Local/UnrealEngine/Common/DerivedDataCache: Writable
[2016.05.22-00.19.25:924][  0]LogInit: Selected Device Profile: [Windows]
[2016.05.22-00.19.25:931][  0]LogContentStreaming: Texture pool size is 0.00 MB
[2016.05.22-00.19.26:028][  0]LogMaterial: Uniform references updated for custom material expression Custom.
[2016.05.22-00.19.26:216][  0]LogMeshUtilities: No automatic mesh reduction module available
[2016.05.22-00.19.26:216][  0]LogMeshUtilities: No automatic mesh merging module available
[2016.05.22-00.19.26:216][  0]LogMeshUtilities: No distributed automatic mesh merging module available
[2016.05.22-00.19.26:608][  0]LogUObjectArray: 27679 objects as part of root set at end of initial load.
[2016.05.22-00.19.26:608][  0]LogUObjectAllocator: 5591592 out of 0 bytes used by permanent object pool.
[2016.05.22-00.19.26:608][  0]LogUObjectArray: CloseDisregardForGC: 0/0 objects in disregard for GC pool
[2016.05.22-00.19.26:614][  0]LogInit: WinSock: version 1.1 (2.2), MaxSocks=32767, MaxUdp=65467
[2016.05.22-00.19.26:850][  0]LogSlate: SlateFontCache - WITH_FREETYPE: 1, WITH_HARFBUZZ: 1
[2016.05.22-00.19.26:850][  0]LogSlate: SlateFontCache - WITH_FREETYPE: 1, WITH_HARFBUZZ: 1
[2016.05.22-00.19.27:135][  0]LogStreaming:Warning: Failed to read file '../../../Engine/Content/Editor/Slate/Common/Selection_16x.png' error.
[2016.05.22-00.19.27:135][  0]LogSlate: Could not find file for Slate resource: ../../../Engine/Content/Editor/Slate/Common/Selection_16x.png
[2016.05.22-00.19.27:135][  0]LogStreaming:Warning: Failed to read file '../../../Engine/Content/Editor/Slate/Common/Selection_16x.png' error.
[2016.05.22-00.19.27:135][  0]LogSlate: Could not find file for Slate resource: ../../../Engine/Content/Editor/Slate/Common/Selection_16x.png
[2016.05.22-00.19.27:135][  0]LogStreaming:Warning: Failed to read file '../../../Engine/Content/Editor/Slate/Common/Selection_16x.png' error.
[2016.05.22-00.19.27:136][  0]LogSlate: Could not find file for Slate resource: ../../../Engine/Content/Editor/Slate/Common/Selection_16x.png
[2016.05.22-00.19.28:356][  0]LogUdpMessaging: Initializing bridge on interface 0.0.0.0:0 to multicast group 230.0.0.1:6666.
[2016.05.22-00.19.28:497][  0]LogAssetRegistry: FAssetRegistry took 0.0245 seconds to start up
[2016.05.22-00.19.28:691][  0]SourceControl: Info Source control is disabled
[2016.05.22-00.19.28:692][  0]SourceControl: Info Source control is disabled
[2016.05.22-00.19.28:703][  0]SourceControl: Info Source control is disabled
[2016.05.22-00.19.28:713][  0]SourceControl: Info Source control is disabled
[2016.05.22-00.19.28:873][  0]LogHMD: Failed to initialize OpenVR with code 110
[2016.05.22-00.19.28:977][  0]LogEngine: Initializing Engine...
[2016.05.22-00.19.29:165][  0]LogAIModule: Creating AISystem for world NewWorld
[2016.05.22-00.19.29:182][  0]LogInit: XAudio2 using 'Speakers (Realtek High Definition Audio)' : 2 channels at 48 kHz using 32 bits per sample (channel mask 0x3)
[2016.05.22-00.19.29:207][  0]LogInit: FAudioDevice initialized.
[2016.05.22-00.19.29:227][  0]LogDerivedDataCache: Saved boot cache 0.02s 46MB C:/Users/theco_000/AppData/Local/UnrealEngine/4.11/DerivedDataCache/Boot.ddc.
[2016.05.22-00.19.29:231][  0]LogInit: Texture streaming: Enabled
[2016.05.22-00.19.29:261][  0]LogInit: Transaction tracking system initialized
[2016.05.22-00.19.29:308][  0]BlueprintLog: New page: Editor Load
[2016.05.22-00.19.29:447][  0]LocalizationService: Info Localization service is disabled
[2016.05.22-00.19.29:556][  0]LogConsoleResponse:Display: 
[2016.05.22-00.19.29:697][  0]LogCook:Display: Max memory allowance for cook 8192mb
[2016.05.22-00.19.29:697][  0]LogCook:Display: Mobile HDR setting 1
[2016.05.22-00.19.29:697][  0]LogCook:Display: Done creating registry. It took  0.00s.
[2016.05.22-00.19.29:782][  0]LogFileCache: Scanning file cache for directory 'D:/Git/RiggingShooter/GameJamRigging/Content/' took 0.02s
[2016.05.22-00.19.29:782][  0]SourceControl: Info Source control is disabled
[2016.05.22-00.19.29:784][  0]Cmd: MAP LOAD FILE="D:/Git/RiggingShooter/GameJamRigging/Content/FirstPersonBP/Maps/FirstPersonExampleMap.umap" TEMPLATE=0 SHOWPROGRESS=1 FEATURELEVEL=3
[2016.05.22-00.19.29:784][  0]LightingResults: New page: Lighting Build
[2016.05.22-00.19.29:793][  0]MapCheck: New page: Map Check
[2016.05.22-00.19.29:793][  0]LightingResults: New page: Lighting Build
[2016.05.22-00.19.33:224][  0]LogAIModule: Creating AISystem for world FirstPersonExampleMap
[2016.05.22-00.19.33:261][  0]LogEditorServer: Finished looking for orphan Actors (0.000 secs)
[2016.05.22-00.19.33:263][  0]Cmd: MAP CHECKDEP NOCLEARLOG
[2016.05.22-00.19.33:312][  0]MapCheck: Info Map check complete: 0 Error(s), 0 Warning(s), took 48.588ms to complete.
[2016.05.22-00.19.33:312][  0]LogFileHelpers: Loading map 'FirstPersonExampleMap' took 3.529
[2016.05.22-00.19.33:466][  0]LogCollectionManager: Loaded 0 collections in 0.002524 seconds
[2016.05.22-00.19.33:520][  0]LogFileCache: Scanning file cache for directory 'D:/Git/RiggingShooter/GameJamRigging/Saved/Collections/' took 0.01s
[2016.05.22-00.19.33:520][  0]LogFileCache: Scanning file cache for directory 'D:/Git/RiggingShooter/GameJamRigging/Content/Developers/theco000/Collections/' took 0.01s
[2016.05.22-00.19.33:521][  0]LogFileCache: Scanning file cache for directory 'D:/Git/RiggingShooter/GameJamRigging/Content/Collections/' took 0.01s
[2016.05.22-00.19.33:521][  0]LogCollectionManager: Rebuilt the GUID cache for 0 collections in 0.000003 seconds
[2016.05.22-00.19.33:533][  0]LogContentBrowser: Native class hierarchy populated in 0.0122 seconds. Added 1979 classes and 343 folders.
[2016.05.22-00.19.33:540][  0]LogStats: UGameplayTagsManager::ConstructGameplayTagTree: Construct from data asset -  0.000 s
[2016.05.22-00.19.33:540][  0]LogStats: UGameplayTagsManager::ConstructGameplayTagTree: GameplayTagTreeChangedEvent.Broadcast -  0.000 s
[2016.05.22-00.19.33:540][  0]LogContentBrowser: Native class hierarchy updated for 'GameplayTags' in 0.0004 seconds. Added 12 classes and 0 folders.
[2016.05.22-00.19.33:544][  0]LogContentBrowser: Native class hierarchy updated for 'WidgetCarousel' in 0.0002 seconds. Added 0 classes and 0 folders.
[2016.05.22-00.19.33:559][  0]LogContentBrowser: Native class hierarchy updated for 'SuperSearch' in 0.0003 seconds. Added 1 classes and 2 folders.
[2016.05.22-00.19.33:675][  0]LogContentBrowser: Native class hierarchy updated for 'AddContentDialog' in 0.0003 seconds. Added 0 classes and 0 folders.
[2016.05.22-00.19.33:688][  0]LogContentBrowser: Native class hierarchy updated for 'WorldBrowser' in 0.0004 seconds. Added 1 classes and 3 folders.
[2016.05.22-00.19.33:704][  0]LogContentBrowser: Native class hierarchy updated for 'SceneOutliner' in 0.0003 seconds. Added 1 classes and 2 folders.
[2016.05.22-00.19.33:834][  0]LogCrashTracker: Crashtracker disabled due to settings.
[2016.05.22-00.19.33:854][  0]LogUObjectGlobals:Warning: Failed to find object 'Class None.'
[2016.05.22-00.19.33:889][  0]LogContentBrowser: Native class hierarchy updated for 'HierarchicalLODOutliner' in 0.0003 seconds. Added 1 classes and 2 folders.
[2016.05.22-00.19.33:890][  0]LogLoad: Full Startup: 11.07 seconds (BP compile: 0.54 seconds)
[2016.05.22-00.19.33:890][  0]LogExternalProfiler: Found external profiler: VSPerf
[2016.05.22-00.19.33:890][  0]LogExternalProfiler: Using external profiler: VSPerf
[2016.05.22-00.19.33:899][  0]LogOcInput: OculusInput pre-init called
[2016.05.22-00.19.33:965][  0]LogContentStreaming: Texture pool size now 1000 MB
[2016.05.22-00.19.34:167][  0]LogRenderer: Reallocating scene render targets to support 1596x808 (Frame:2).
[2016.05.22-00.19.34:254][  1]LogAssetRegistry: Asset discovery search completed in 5.7800 seconds
[2016.05.22-00.19.34:254][  1]LogCollectionManager: Rebuilt the object cache for 0 collections in 0.000001 seconds (found 0 objects)
[2016.05.22-00.19.34:254][  1]LogCollectionManager: Fixed up redirectors for 0 collections in 0.000255 seconds (updated 0 objects)
[2016.05.22-00.19.40:904][633]LogTexture:Display: Building textures: HQ_Lightmap0_1 (AutoDXT)
[2016.05.22-00.19.40:977][633]LogTexture:Display: Building textures: LQ_Lightmap_0_1 (DXT1)
[2016.05.22-00.19.41:087][633]LogBlueprint:Warning: Node '/Game/Enemies/BasicEnemy/Enemy_Basic.Enemy_Basic:EventGraph.K2Node_Event_601' missing NodeGuid, this can cause deterministic cooking issues please resave package.
[2016.05.22-00.19.41:093][633]LogMaterial: Missing cached shader map for material M_MaterialSphere_Plain, compiling. 
[2016.05.22-00.19.41:129][633]LogMaterial: Missing cached shader map for material M_MaterialSphere, compiling. 
[2016.05.22-00.19.41:162][633]LogMaterial: Missing cached shader map for material EmissiveTest, compiling. 
[2016.05.22-00.19.41:178][633]LogMaterial: Missing cached shader map for material M_Glass, compiling. 
[2016.05.22-00.19.41:274][633]LogAIModule: Creating AISystem for world LightingTest
[2016.05.22-00.19.41:275][633]LogParticles:Warning: InitializeSystem called on an unregistered component. Template=/Game/Blueprints/P_Rain.P_Rain Component=/Game/Maps/LightingTest.LightingTest:PersistentLevel.P_Rain_2.ParticleSystemComponent0
[2016.05.22-00.19.41:280][633]LogActorComponent: UnregisterComponent: (/Engine/Transient.ProjectileMovementComponent_40__A6522401) Not registered. Aborting.
[2016.05.22-00.19.41:280][633]LogActorComponent: UnregisterComponent: (/Engine/Transient.CharMoveComp) Not registered. Aborting.
[2016.05.22-00.19.41:356][633]Cmd: MAP LOAD FILE="D:/Git/RiggingShooter/GameJamRigging/Content/Maps/LightingTest.umap" TEMPLATE=0 SHOWPROGRESS=1 FEATURELEVEL=3
[2016.05.22-00.19.41:356][633]LightingResults: New page: Lighting Build
[2016.05.22-00.19.41:385][633]LoadErrors: New page: Loading map: LightingTest.umap
[2016.05.22-00.19.41:387][633]MapCheck: New page: Map Check
[2016.05.22-00.19.41:387][633]LightingResults: New page: Lighting Build
[2016.05.22-00.19.41:464][633]LogEditorServer: Finished looking for orphan Actors (0.000 secs)
[2016.05.22-00.19.41:504][633]Cmd: MAP CHECKDEP NOCLEARLOG
[2016.05.22-00.19.41:573][633]MapCheck: Info Map check complete: 0 Error(s), 0 Warning(s), took 69.293ms to complete.
[2016.05.22-00.19.41:574][633]LogFileHelpers: Loading map 'LightingTest' took 0.220
[2016.05.22-00.19.51:331][690]LogEditorViewport: Clicking on Actor (LMB): StaticMeshActor (Cube3)
[2016.05.22-00.19.57:344][348]LogMaterial: Missing cached shader map for material EmissiveTest, compiling. 
[2016.05.22-00.19.57:432][348]LogMaterial: Missing cached shader map for material EmissiveTest, compiling. 
[2016.05.22-00.19.57:438][348]LogMaterial: 0.00 seconds spent updating 1 materials, 1 interfaces, 0 instances, 0 with static permutations.
[2016.05.22-00.19.57:461][348]LogMaterial: Missing cached shader map for material FMatExpressionPreview MaterialExpressionVectorParameter_0, compiling. 
[2016.05.22-00.19.57:466][348]LogMaterial: Missing cached shader map for material FMatExpressionPreview MaterialExpressionNoise_0, compiling. 
[2016.05.22-00.19.58:279][413]MaterialEditorStats: Info Base pass shader with static lighting: 52 instructions
[2016.05.22-00.19.58:279][413]MaterialEditorStats: Info Base pass shader with only dynamic lighting: 23 instructions
[2016.05.22-00.19.58:279][413]MaterialEditorStats: Info Vertex shader: 29 instructions
[2016.05.22-00.19.58:279][413]MaterialEditorStats: Info Texture samplers: 2/16
[2016.05.22-00.20.13:088][ 52]LogContentBrowser: Native class hierarchy updated for 'BlueprintGraph' in 0.0010 seconds. Added 108 classes and 0 folders.
[2016.05.22-00.20.44:574][232]LogMaterial: Missing cached shader map for material EmissiveTest, compiling. 
[2016.05.22-00.20.44:580][232]LogMaterial: 0.00 seconds spent updating 1 materials, 1 interfaces, 0 instances, 0 with static permutations.
[2016.05.22-00.20.44:581][232]LogMaterial: Missing cached shader map for material FMatExpressionPreview MaterialExpressionVectorParameter_1, compiling. 
[2016.05.22-00.20.45:635][297]MaterialEditorStats: Info Base pass shader with static lighting: 52 instructions
[2016.05.22-00.20.45:635][297]MaterialEditorStats: Info Base pass shader with only dynamic lighting: 23 instructions
[2016.05.22-00.20.45:635][297]MaterialEditorStats: Info Vertex shader: 29 instructions
[2016.05.22-00.20.45:635][297]MaterialEditorStats: Info Texture samplers: 2/16
[2016.05.22-00.20.48:359][539]LogMaterial: Missing cached shader map for material EmissiveTest, compiling. 
[2016.05.22-00.20.48:365][539]LogMaterial: 0.00 seconds spent updating 1 materials, 1 interfaces, 0 instances, 0 with static permutations.
[2016.05.22-00.20.49:182][588]MaterialEditorStats: Info Base pass shader with static lighting: 52 instructions
[2016.05.22-00.20.49:182][588]MaterialEditorStats: Info Base pass shader with only dynamic lighting: 23 instructions
[2016.05.22-00.20.49:182][588]MaterialEditorStats: Info Vertex shader: 29 instructions
[2016.05.22-00.20.49:182][588]MaterialEditorStats: Info Texture samplers: 2/16
[2016.05.22-00.21.08:160][360]LogMaterial: Missing cached shader map for material EmissiveTest, compiling. 
[2016.05.22-00.21.08:166][360]LogMaterial: 0.00 seconds spent updating 1 materials, 1 interfaces, 0 instances, 0 with static permutations.
[2016.05.22-00.21.08:986][407]MaterialEditorStats: Info Base pass shader with static lighting: 52 instructions
[2016.05.22-00.21.08:986][407]MaterialEditorStats: Info Base pass shader with only dynamic lighting: 23 instructions
[2016.05.22-00.21.08:986][407]MaterialEditorStats: Info Vertex shader: 29 instructions
[2016.05.22-00.21.08:986][407]MaterialEditorStats: Info Texture samplers: 2/16
[2016.05.22-00.22.02:328][485]LogMaterial: Missing cached shader map for material EmissiveTest, compiling. 
[2016.05.22-00.22.02:334][485]LogMaterial: 0.00 seconds spent updating 1 materials, 1 interfaces, 0 instances, 0 with static permutations.
[2016.05.22-00.22.03:371][553]MaterialEditorStats: Info Base pass shader with static lighting: 52 instructions
[2016.05.22-00.22.03:371][553]MaterialEditorStats: Info Base pass shader with only dynamic lighting: 23 instructions
[2016.05.22-00.22.03:371][553]MaterialEditorStats: Info Vertex shader: 29 instructions
[2016.05.22-00.22.03:371][553]MaterialEditorStats: Info Texture samplers: 2/16
[2016.05.22-00.22.06:472][843]LogMaterial: Uniform references updated for custom material expression Custom.
[2016.05.22-00.22.06:521][843]LogMaterial: Uniform references updated for custom material expression TemporalAA SampleID.
[2016.05.22-00.22.06:600][843]LogMaterial: Uniform references updated for custom material expression Ambient Cubemap Intensity.
[2016.05.22-00.22.06:602][843]LogMaterial: Uniform references updated for custom material expression Ambient Cubemap Tint.
[2016.05.22-00.22.07:920][960]LogMaterial: Missing cached shader map for material EmissiveTest, compiling. 
[2016.05.22-00.22.07:926][960]LogMaterial: 0.00 seconds spent updating 1 materials, 1 interfaces, 0 instances, 0 with static permutations.
[2016.05.22-00.22.07:929][960]LogMaterial: Missing cached shader map for material EmissiveTest, compiling. 
[2016.05.22-00.22.07:934][960]LogMaterial: 0.00 seconds spent updating 1 materials, 1 interfaces, 0 instances, 0 with static permutations.
[2016.05.22-00.22.08:769][ 13]MaterialEditorStats: Info Base pass shader with static lighting: 52 instructions
[2016.05.22-00.22.08:769][ 13]MaterialEditorStats: Info Base pass shader with only dynamic lighting: 23 instructions
[2016.05.22-00.22.08:769][ 13]MaterialEditorStats: Info Vertex shader: 29 instructions
[2016.05.22-00.22.08:769][ 13]MaterialEditorStats: Info Texture samplers: 2/16
[2016.05.22-00.22.14:444][551]LogMaterial: Missing cached shader map for material EmissiveTest, compiling. 
[2016.05.22-00.22.14:450][551]LogMaterial: 0.00 seconds spent updating 1 materials, 1 interfaces, 0 instances, 0 with static permutations.
[2016.05.22-00.22.15:257][600]MaterialEditorStats: Info Base pass shader with static lighting: 52 instructions
[2016.05.22-00.22.15:257][600]MaterialEditorStats: Info Base pass shader with only dynamic lighting: 23 instructions
[2016.05.22-00.22.15:257][600]MaterialEditorStats: Info Vertex shader: 29 instructions
[2016.05.22-00.22.15:257][600]MaterialEditorStats: Info Texture samplers: 2/16
[2016.05.22-00.22.16:068][672]LogMaterial: Missing cached shader map for material EmissiveTest, compiling. 
[2016.05.22-00.22.16:074][672]LogMaterial: 0.00 seconds spent updating 1 materials, 1 interfaces, 0 instances, 0 with static permutations.
[2016.05.22-00.22.16:886][723]MaterialEditorStats: Info Base pass shader with static lighting: 52 instructions
[2016.05.22-00.22.16:886][723]MaterialEditorStats: Info Base pass shader with only dynamic lighting: 23 instructions
[2016.05.22-00.22.16:886][723]MaterialEditorStats: Info Vertex shader: 29 instructions
[2016.05.22-00.22.16:886][723]MaterialEditorStats: Info Texture samplers: 2/16
[2016.05.22-00.22.17:625][791]LogMaterial: Missing cached shader map for material EmissiveTest, compiling. 
[2016.05.22-00.22.17:630][791]LogMaterial: 0.00 seconds spent updating 1 materials, 1 interfaces, 0 instances, 0 with static permutations.
[2016.05.22-00.22.18:442][843]MaterialEditorStats: Info Base pass shader with static lighting: 52 instructions
[2016.05.22-00.22.18:442][843]MaterialEditorStats: Info Base pass shader with only dynamic lighting: 23 instructions
[2016.05.22-00.22.18:442][843]MaterialEditorStats: Info Vertex shader: 29 instructions
[2016.05.22-00.22.18:442][843]MaterialEditorStats: Info Texture samplers: 2/16
[2016.05.22-00.22.18:941][890]LogMaterial: Missing cached shader map for material EmissiveTest, compiling. 
[2016.05.22-00.22.18:947][890]LogMaterial: 0.00 seconds spent updating 1 materials, 1 interfaces, 0 instances, 0 with static permutations.
[2016.05.22-00.22.19:766][943]MaterialEditorStats: Info Base pass shader with static lighting: 55 instructions
[2016.05.22-00.22.19:766][943]MaterialEditorStats: Info Base pass shader with only dynamic lighting: 26 instructions
[2016.05.22-00.22.19:766][943]MaterialEditorStats: Info Vertex shader: 29 instructions
[2016.05.22-00.22.19:766][943]MaterialEditorStats: Info Texture samplers: 2/16
[2016.05.22-00.22.27:345][661]LogMaterial: Missing cached shader map for material EmissiveTest, compiling. 
[2016.05.22-00.22.27:351][661]LogMaterial: 0.00 seconds spent updating 1 materials, 1 interfaces, 0 instances, 0 with static permutations.
[2016.05.22-00.22.28:171][712]MaterialEditorStats: Info Base pass shader with static lighting: 55 instructions
[2016.05.22-00.22.28:171][712]MaterialEditorStats: Info Base pass shader with only dynamic lighting: 26 instructions
[2016.05.22-00.22.28:171][712]MaterialEditorStats: Info Vertex shader: 29 instructions
[2016.05.22-00.22.28:171][712]MaterialEditorStats: Info Texture samplers: 2/16
[2016.05.22-00.22.35:809][354]LogMaterial: Missing cached shader map for material EmissiveTest, compiling. 
[2016.05.22-00.22.35:816][354]LogMaterial: 0.00 seconds spent updating 1 materials, 1 interfaces, 0 instances, 0 with static permutations.
[2016.05.22-00.22.35:819][354]LogMaterial: Missing cached shader map for material EmissiveTest, compiling. 
[2016.05.22-00.22.35:824][354]LogMaterial: 0.00 seconds spent updating 1 materials, 1 interfaces, 0 instances, 0 with static permutations.
[2016.05.22-00.22.36:654][406]MaterialEditorStats: Info Base pass shader with static lighting: 55 instructions
[2016.05.22-00.22.36:654][406]MaterialEditorStats: Info Base pass shader with only dynamic lighting: 26 instructions
[2016.05.22-00.22.36:654][406]MaterialEditorStats: Info Vertex shader: 29 instructions
[2016.05.22-00.22.36:654][406]MaterialEditorStats: Info Texture samplers: 2/16
[2016.05.22-00.22.37:317][469]LogMaterial: Missing cached shader map for material EmissiveTest, compiling. 
[2016.05.22-00.22.37:322][469]LogMaterial: 0.00 seconds spent updating 1 materials, 1 interfaces, 0 instances, 0 with static permutations.
[2016.05.22-00.22.38:159][523]MaterialEditorStats: Info Base pass shader with static lighting: 55 instructions
[2016.05.22-00.22.38:159][523]MaterialEditorStats: Info Base pass shader with only dynamic lighting: 26 instructions
[2016.05.22-00.22.38:159][523]MaterialEditorStats: Info Vertex shader: 29 instructions
[2016.05.22-00.22.38:159][523]MaterialEditorStats: Info Texture samplers: 2/16
[2016.05.22-00.22.41:562][836]LogMaterial: Missing cached shader map for material EmissiveTest, compiling. 
[2016.05.22-00.22.41:568][836]LogMaterial: 0.00 seconds spent updating 1 materials, 1 interfaces, 0 instances, 0 with static permutations.
[2016.05.22-00.22.41:570][836]LogMaterial: Missing cached shader map for material EmissiveTest, compiling. 
[2016.05.22-00.22.41:576][836]LogMaterial: 0.00 seconds spent updating 1 materials, 1 interfaces, 0 instances, 0 with static permutations.
[2016.05.22-00.22.42:403][885]MaterialEditorStats: Info Base pass shader with static lighting: 55 instructions
[2016.05.22-00.22.42:403][885]MaterialEditorStats: Info Base pass shader with only dynamic lighting: 26 instructions
[2016.05.22-00.22.42:403][885]MaterialEditorStats: Info Vertex shader: 29 instructions
[2016.05.22-00.22.42:403][885]MaterialEditorStats: Info Texture samplers: 2/16
[2016.05.22-00.22.45:675][173]LogMaterial: Missing cached shader map for material EmissiveTest, compiling. 
[2016.05.22-00.22.45:681][173]LogMaterial: 0.00 seconds spent updating 1 materials, 1 interfaces, 0 instances, 0 with static permutations.
[2016.05.22-00.22.45:683][173]LogMaterial: Missing cached shader map for material EmissiveTest, compiling. 
[2016.05.22-00.22.45:689][173]LogMaterial: 0.00 seconds spent updating 1 materials, 1 interfaces, 0 instances, 0 with static permutations.
[2016.05.22-00.22.46:512][221]MaterialEditorStats: Info Base pass shader with static lighting: 55 instructions
[2016.05.22-00.22.46:512][221]MaterialEditorStats: Info Base pass shader with only dynamic lighting: 26 instructions
[2016.05.22-00.22.46:512][221]MaterialEditorStats: Info Vertex shader: 29 instructions
[2016.05.22-00.22.46:512][221]MaterialEditorStats: Info Texture samplers: 2/16
[2016.05.22-00.22.48:044][361]LogMaterial: Missing cached shader map for material EmissiveTest, compiling. 
[2016.05.22-00.22.48:051][361]LogMaterial: 0.00 seconds spent updating 1 materials, 1 interfaces, 0 instances, 0 with static permutations.
[2016.05.22-00.22.48:883][408]MaterialEditorStats: Info Base pass shader with static lighting: 55 instructions
[2016.05.22-00.22.48:883][408]MaterialEditorStats: Info Base pass shader with only dynamic lighting: 26 instructions
[2016.05.22-00.22.48:883][408]MaterialEditorStats: Info Vertex shader: 29 instructions
[2016.05.22-00.22.48:883][408]MaterialEditorStats: Info Texture samplers: 2/16
[2016.05.22-00.22.49:343][445]LogMaterial: Missing cached shader map for material EmissiveTest, compiling. 
[2016.05.22-00.22.49:349][445]LogMaterial: 0.00 seconds spent updating 1 materials, 1 interfaces, 0 instances, 0 with static permutations.
[2016.05.22-00.22.50:171][491]MaterialEditorStats: Info Base pass shader with static lighting: 56 instructions
[2016.05.22-00.22.50:171][491]MaterialEditorStats: Info Base pass shader with only dynamic lighting: 27 instructions
[2016.05.22-00.22.50:171][491]MaterialEditorStats: Info Vertex shader: 29 instructions
[2016.05.22-00.22.50:171][491]MaterialEditorStats: Info Texture samplers: 2/16
[2016.05.22-00.22.52:265][663]LogMaterialEditor: Applying material EmissiveTest
[2016.05.22-00.22.52:736][663]LogMaterial: Missing cached shader map for material EmissiveTest, compiling. 
[2016.05.22-00.22.52:754][663]LogMaterial: 0.00 seconds spent updating 1 materials, 1 interfaces, 0 instances, 0 with static permutations.
[2016.05.22-00.22.52:776][663]LogMaterial: Missing cached shader map for material EmissiveTest, compiling. 
[2016.05.22-00.22.52:814][663]LogMaterial: Missing cached shader map for material EmissiveTest, compiling. 
[2016.05.22-00.22.52:829][663]LogMaterial: 0.00 seconds spent updating 1 materials, 1 interfaces, 2 instances, 0 with static permutations.
[2016.05.22-00.22.55:480][816]MaterialEditorStats: Info Base pass shader with static lighting: 93 instructions
[2016.05.22-00.22.55:480][816]MaterialEditorStats: Info Base pass shader with only dynamic lighting: 63 instructions
[2016.05.22-00.22.55:480][816]MaterialEditorStats: Info Vertex shader: 29 instructions
[2016.05.22-00.22.55:480][816]MaterialEditorStats: Info Texture samplers: 3/16
[2016.05.22-00.23.24:998][540]LogMaterial: Missing cached shader map for material FMatExpressionPreview MaterialExpressionSine_0, compiling. 
[2016.05.22-00.23.51:856][104]LogMaterial: Missing cached shader map for material EmissiveTest, compiling. 
[2016.05.22-00.23.51:861][104]LogMaterial: 0.00 seconds spent updating 1 materials, 1 interfaces, 0 instances, 0 with static permutations.
[2016.05.22-00.23.52:949][171]MaterialEditorStats: Info Base pass shader with static lighting: 56 instructions
[2016.05.22-00.23.52:949][171]MaterialEditorStats: Info Base pass shader with only dynamic lighting: 27 instructions
[2016.05.22-00.23.52:949][171]MaterialEditorStats: Info Vertex shader: 29 instructions
[2016.05.22-00.23.52:949][171]MaterialEditorStats: Info Texture samplers: 2/16
[2016.05.22-00.23.59:167][763]LogMaterial: Missing cached shader map for material EmissiveTest, compiling. 
[2016.05.22-00.23.59:173][763]LogMaterial: 0.00 seconds spent updating 1 materials, 1 interfaces, 0 instances, 0 with static permutations.
[2016.05.22-00.23.59:989][809]MaterialEditorStats: Info Base pass shader with static lighting: 56 instructions
[2016.05.22-00.23.59:989][809]MaterialEditorStats: Info Base pass shader with only dynamic lighting: 27 instructions
[2016.05.22-00.23.59:989][809]MaterialEditorStats: Info Vertex shader: 29 instructions
[2016.05.22-00.23.59:989][809]MaterialEditorStats: Info Texture samplers: 2/16
[2016.05.22-00.24.00:744][874]LogMaterialEditor: Applying material EmissiveTest
[2016.05.22-00.24.01:208][874]LogMaterial: Missing cached shader map for material EmissiveTest, compiling. 
[2016.05.22-00.24.01:224][874]LogMaterial: 0.00 seconds spent updating 1 materials, 1 interfaces, 0 instances, 0 with static permutations.
[2016.05.22-00.24.01:248][874]LogMaterial: Missing cached shader map for material EmissiveTest, compiling. 
[2016.05.22-00.24.01:283][874]LogMaterial: Missing cached shader map for material EmissiveTest, compiling. 
[2016.05.22-00.24.01:295][874]LogMaterial: 0.00 seconds spent updating 1 materials, 1 interfaces, 2 instances, 0 with static permutations.
[2016.05.22-00.24.03:889][ 12]MaterialEditorStats: Info Base pass shader with static lighting: 93 instructions
[2016.05.22-00.24.03:889][ 12]MaterialEditorStats: Info Base pass shader with only dynamic lighting: 63 instructions
[2016.05.22-00.24.03:890][ 12]MaterialEditorStats: Info Vertex shader: 29 instructions
[2016.05.22-00.24.03:890][ 12]MaterialEditorStats: Info Texture samplers: 3/16
[2016.05.22-00.24.14:666][910]LogMaterial: Missing cached shader map for material EmissiveTest, compiling. 
[2016.05.22-00.24.14:672][910]LogMaterial: 0.00 seconds spent updating 1 materials, 1 interfaces, 0 instances, 0 with static permutations.
[2016.05.22-00.24.15:508][965]MaterialEditorStats: Info Base pass shader with static lighting: 56 instructions
[2016.05.22-00.24.15:508][965]MaterialEditorStats: Info Base pass shader with only dynamic lighting: 27 instructions
[2016.05.22-00.24.15:508][965]MaterialEditorStats: Info Vertex shader: 29 instructions
[2016.05.22-00.24.15:508][965]MaterialEditorStats: Info Texture samplers: 2/16
[2016.05.22-00.24.15:732][987]LogMaterialEditor: Applying material EmissiveTest
[2016.05.22-00.24.16:191][987]LogMaterial: Missing cached shader map for material EmissiveTest, compiling. 
[2016.05.22-00.24.16:208][987]LogMaterial: 0.00 seconds spent updating 1 materials, 1 interfaces, 0 instances, 0 with static permutations.
[2016.05.22-00.24.16:227][987]LogMaterial: Missing cached shader map for material EmissiveTest, compiling. 
[2016.05.22-00.24.16:264][987]LogMaterial: Missing cached shader map for material EmissiveTest, compiling. 
[2016.05.22-00.24.16:282][987]LogMaterial: 0.00 seconds spent updating 1 materials, 1 interfaces, 2 instances, 0 with static permutations.
[2016.05.22-00.24.18:917][132]MaterialEditorStats: Info Base pass shader with static lighting: 93 instructions
[2016.05.22-00.24.18:917][132]MaterialEditorStats: Info Base pass shader with only dynamic lighting: 63 instructions
[2016.05.22-00.24.18:917][132]MaterialEditorStats: Info Vertex shader: 29 instructions
[2016.05.22-00.24.18:917][132]MaterialEditorStats: Info Texture samplers: 3/16
[2016.05.22-00.24.32:684][160]LogEditorViewport: Clicking Background
[2016.05.22-00.24.36:541][531]LogEditorViewport: Clicking on Actor (context menu): Emitter (P_Rain)
[2016.05.22-00.24.37:388][589]LogEditorViewport: Clicking on Actor (LMB): StaticMeshActor (Cube)
[2016.05.22-00.24.38:117][641]LogEditorViewport: Clicking Background
[2016.05.22-00.24.57:440][522]LogEditorViewport: Clicking on Actor (LMB): PostProcessVolume (PostProcessVolume)
[2016.05.22-00.25.11:597][600]LogEditorViewport: Clicking on Actor (LMB): StaticMeshActor (Cube3)
[2016.05.22-00.25.17:837][ 67]LogEditorViewport: Clicking on Actor (LMB): StaticMeshActor (Cube5)
[2016.05.22-00.25.19:741][207]LogEditorViewport: Clicking on Actor (LMB): StaticMeshActor (Cube2)
[2016.05.22-00.25.21:439][333]LogEditorViewport: Clicking on Actor (LMB): StaticMeshActor (Cube3)
[2016.05.22-00.25.22:550][415]LogEditorViewport: Clicking on Actor (LMB): PointLight (PointLight)
[2016.05.22-00.25.24:608][564]LogEditorViewport: Clicking on Actor (LMB): StaticMeshActor (Cube3)
[2016.05.22-00.25.46:275][234]LogEditorViewport: Clicking on Actor (LMB): StaticMeshActor (SM_GlassWindow)
[2016.05.22-00.25.47:468][319]LogEditorViewport: Clicking Background
[2016.05.22-00.25.50:806][610]LogEditorViewport: Clicking on Actor (LMB): Enemy_Basic_C (Enemy_Basic)
[2016.05.22-00.26.05:612][527]LogEditorViewport: Clicking on Actor (LMB): Emitter (P_Rain)
[2016.05.22-00.26.11:975][971]LogContentBrowser: Native class hierarchy updated for 'Cascade' in 0.0004 seconds. Added 2 classes and 2 folders.
[2016.05.22-00.26.29:388][417]LogCascade: Quitting Cascade. FXSystem=0x0000025D191DFC40
[2016.05.22-00.26.35:117][807]LogEditorViewport: Clicking Background
[2016.05.22-00.26.50:555][116]LogEditorViewport: Clicking on Actor (LMB): Emitter (P_Rain)
[2016.05.22-00.27.49:214][953]LogParticles:Warning: MaxCount = 3010 for Emitter ParticleSpriteEmitter_0 (/Game/Blueprints/P_Rain.P_Rain)
[2016.05.22-00.28.10:902][781]LogParticles:Warning: MaxCount = 3010 for Emitter ParticleSpriteEmitter_0 (/Game/Blueprints/P_Rain.P_Rain)
[2016.05.22-00.28.37:891][  7]LogEditorViewport: Clicking Background
[2016.05.22-00.28.40:515][239]LogEditorViewport: Clicking on Actor (LMB): PointLight (PointLight2)
[2016.05.22-00.29.08:851][382]LogEditorViewport: Clicking on Actor (LMB): StaticMeshActor (SM_MatPreviewMesh_02)
[2016.05.22-00.29.17:235][ 43]LogEditorViewport: Clicking on Actor (LMB): StaticMeshActor (SM_Statue)
[2016.05.22-00.29.18:294][124]LogEditorViewport: Clicking Background
[2016.05.22-00.29.22:761][579]LogEditorViewport: Clicking on Actor (LMB): PointLight (PointLight)
[2016.05.22-00.29.24:998][754]LogEditorViewport: Clicking Background
[2016.05.22-00.29.56:523][112]LogActorComponent: UnregisterComponent: (/Engine/Transient.CharMoveComp) Not registered. Aborting.
[2016.05.22-00.29.56:523][112]LogActorComponent: UnregisterComponent: (/Engine/Transient.ProjectileMovementComponent_40__A6522401) Not registered. Aborting.
[2016.05.22-00.29.56:523][112]LogActorComponent: UnregisterComponent: (/Engine/Transient.CharacterMovementComponent_0) Not registered. Aborting.
[2016.05.22-00.29.56:556][112]Cmd: OBJ SAVEPACKAGE PACKAGE="/Game/Maps/LightingTest" FILE="D:/Git/RiggingShooter/GameJamRigging/Saved/Autosaves/Game/Maps/LightingTest_Auto1.umap" SILENT=true AUTOSAVING=true KEEPDIRTY=false
[2016.05.22-00.29.56:632][112]LogSavePackage: Save=61.94ms
[2016.05.22-00.29.56:632][112]LogSavePackage: Moving 'D:/Git/RiggingShooter/GameJamRigging/Saved/LightingTest_Auto10A91F93D44A1C1C2D53374A9EACDB3EE.tmp' to 'D:/Git/RiggingShooter/GameJamRigging/Saved/Autosaves/Game/Maps/LightingTest_Auto1.umap'
[2016.05.22-00.29.56:633][112]LogSavePackage: Total save time: 75.57ms
[2016.05.22-00.29.56:633][112]LogSavePackage:Display: Finished SavePackage D:/Git/RiggingShooter/GameJamRigging/Saved/Autosaves/Game/Maps/LightingTest_Auto1.umap
[2016.05.22-00.29.56:635][112]LogFileHelpers: Editor autosave (incl. sublevels) for '/Game/Maps/LightingTest' took 0.111
[2016.05.22-00.29.56:635][112]LogFileHelpers: Editor autosave (incl. sublevels) for all levels took 0.111
[2016.05.22-00.29.56:640][112]OBJ SavePackage: Generating thumbnails for [1] asset(s) in package [/Game/Blueprints/FirstPersonProjectile] ([1] browsable assets)...
[2016.05.22-00.29.56:653][112]OBJ SavePackage:     Rendered thumbnail for [Blueprint /Game/Blueprints/FirstPersonProjectile.FirstPersonProjectile]
[2016.05.22-00.29.56:653][112]OBJ SavePackage: Finished generating thumbnails for package [/Game/Blueprints/FirstPersonProjectile]
[2016.05.22-00.29.56:818][112]LogSavePackage: Save=151.06ms
[2016.05.22-00.29.56:818][112]LogSavePackage: Moving 'D:/Git/RiggingShooter/GameJamRigging/Saved/FirstPersonProjectile_Auto1DCD211C147F1DD2C726F8C846050723A.tmp' to 'D:/Git/RiggingShooter/GameJamRigging/Saved/Autosaves/Game/Blueprints/FirstPersonProjectile_Auto1.uasset'
[2016.05.22-00.29.56:819][112]LogSavePackage: Total save time: 165.21ms
[2016.05.22-00.29.56:819][112]LogSavePackage:Display: Finished SavePackage D:/Git/RiggingShooter/GameJamRigging/Saved/Autosaves/Game/Blueprints/FirstPersonProjectile_Auto1.uasset
[2016.05.22-00.29.56:822][112]OBJ SavePackage: Generating thumbnails for [1] asset(s) in package [/Game/Materials/EmissiveTest] ([1] browsable assets)...
[2016.05.22-00.29.56:835][112]OBJ SavePackage:     Rendered thumbnail for [Material /Game/Materials/EmissiveTest.EmissiveTest]
[2016.05.22-00.29.56:835][112]OBJ SavePackage: Finished generating thumbnails for package [/Game/Materials/EmissiveTest]
[2016.05.22-00.29.56:836][112]Cmd: OBJ SAVEPACKAGE PACKAGE="/Game/Materials/EmissiveTest" FILE="D:/Git/RiggingShooter/GameJamRigging/Saved/Autosaves/Game/Materials/EmissiveTest_Auto1.uasset" SILENT=false AUTOSAVING=true
[2016.05.22-00.29.56:879][112]LogSavePackage: Save=12.17ms
[2016.05.22-00.29.56:879][112]LogSavePackage: Moving 'D:/Git/RiggingShooter/GameJamRigging/Saved/EmissiveTest_Auto11508FB344743FA08590A9E87CD3BE28F.tmp' to 'D:/Git/RiggingShooter/GameJamRigging/Saved/Autosaves/Game/Materials/EmissiveTest_Auto1.uasset'
[2016.05.22-00.29.56:880][112]LogSavePackage: Total save time: 25.10ms
[2016.05.22-00.29.56:880][112]LogSavePackage:Display: Finished SavePackage D:/Git/RiggingShooter/GameJamRigging/Saved/Autosaves/Game/Materials/EmissiveTest_Auto1.uasset
[2016.05.22-00.29.56:883][112]OBJ SavePackage: Generating thumbnails for [1] asset(s) in package [/Game/Blueprints/P_Rain] ([1] browsable assets)...
[2016.05.22-00.29.56:889][112]OBJ SavePackage:     Rendered thumbnail for [ParticleSystem /Game/Blueprints/P_Rain.P_Rain]
[2016.05.22-00.29.56:889][112]OBJ SavePackage: Finished generating thumbnails for package [/Game/Blueprints/P_Rain]
[2016.05.22-00.29.56:889][112]Cmd: OBJ SAVEPACKAGE PACKAGE="/Game/Blueprints/P_Rain" FILE="D:/Git/RiggingShooter/GameJamRigging/Saved/Autosaves/Game/Blueprints/P_Rain_Auto1.uasset" SILENT=false AUTOSAVING=true
[2016.05.22-00.29.56:910][112]LogSavePackage: Save=7.08ms
[2016.05.22-00.29.56:910][112]LogSavePackage: Moving 'D:/Git/RiggingShooter/GameJamRigging/Saved/P_Rain_Auto1B6B45F3946A9007C2D4B9CBBDFD2C13A.tmp' to 'D:/Git/RiggingShooter/GameJamRigging/Saved/Autosaves/Game/Blueprints/P_Rain_Auto1.uasset'
[2016.05.22-00.29.56:911][112]LogSavePackage: Total save time: 20.30ms
[2016.05.22-00.29.56:911][112]LogSavePackage:Display: Finished SavePackage D:/Git/RiggingShooter/GameJamRigging/Saved/Autosaves/Game/Blueprints/P_Rain_Auto1.uasset
[2016.05.22-00.29.56:911][112]LogFileHelpers: Auto-saving content packages took 0.275
[2016.05.22-00.37.10:141][648]LogEditorViewport: Clicking Background
[2016.05.22-00.37.27:443][314]LogEditorViewport: Clicking Background
[2016.05.22-00.37.38:432][355]LogEditorViewport: Clicking on Actor (LMB): StaticMeshActor (SM_Lamp_Wall)
[2016.05.22-00.37.46:945][944]MapCheck: New page: Map Check
[2016.05.22-00.37.46:966][944]LightingResults: New page: Lighting Build - May 21, 2016, 9:37:46 AM
[2016.05.22-00.37.47:013][944]LogSwarmInterface: [OpenConnection] Registering TCP channel ...
[2016.05.22-00.37.47:099][944]LogSwarmInterface: [OpenConnection] Connecting to agent ...
[2016.05.22-00.37.47:110][944]LogSwarmInterface: [TryOpenConnection] Testing the Agent
[2016.05.22-00.37.48:148][944]LogSwarmInterface: [TryOpenConnection] Opening Connection to Agent
[2016.05.22-00.37.48:148][944]LogSwarmInterface: [TryOpenConnection] Local Process ID is 14460
[2016.05.22-00.37.50:517][944]LogStaticLightingSystem:Warning: No importance volume found, so the scene bounding box was used.  You can optimize your scene's quality and lighting build times by adding importance volumes.
[2016.05.22-00.37.50:517][944]LogStaticLightingSystem: Running Lightmass w/ ImmediateImport mode ENABLED
[2016.05.22-00.37.50:517][944]LogStaticLightingSystem: Running Lightmass w/ ImmediateProcess mode ENABLED
[2016.05.22-00.37.50:517][944]LogStaticLightingSystem: Running Lightmass w/ Sorting mode ENABLED
[2016.05.22-00.37.50:517][944]LogStaticLightingSystem: Running Lightmass w/ Mapping paddings ENABLED
[2016.05.22-00.37.50:517][944]LogStaticLightingSystem: Running Lightmass w/ Mapping debug paddings DISABLED
[2016.05.22-00.37.50:736][944]LogEditorBuildUtils: Build time 0:00:03
[2016.05.22-00.37.50:744][944]LogMaterial: Missing cached shader map for material FLightmassMaterialRenderer CubeMaterial, compiling. 
[2016.05.22-00.37.50:755][944]LogMaterial: Missing cached shader map for material FLightmassMaterialRenderer CubeMaterial, compiling. 
[2016.05.22-00.37.50:789][945]LogMaterial: Missing cached shader map for material FLightmassMaterialRenderer EmissiveTest_Inst_Red, compiling. 
[2016.05.22-00.37.50:796][945]LogMaterial: Missing cached shader map for material FLightmassMaterialRenderer EmissiveTest_Inst_Red, compiling. 
[2016.05.22-00.37.50:825][946]LogMaterial: Missing cached shader map for material FLightmassMaterialRenderer M_MaterialSphere_Plain, compiling. 
[2016.05.22-00.37.50:831][946]LogMaterial: Missing cached shader map for material FLightmassMaterialRenderer M_MaterialSphere_Plain, compiling. 
[2016.05.22-00.37.50:854][947]LogMaterial: Missing cached shader map for material FLightmassMaterialRenderer M_MaterialSphere, compiling. 
[2016.05.22-00.37.50:859][947]LogMaterial: Missing cached shader map for material FLightmassMaterialRenderer M_MaterialSphere, compiling. 
[2016.05.22-00.37.50:893][948]LogMaterial: Missing cached shader map for material FLightmassMaterialRenderer M_StatueGlass, compiling. 
[2016.05.22-00.37.50:899][948]LogMaterial: Missing cached shader map for material FLightmassMaterialRenderer M_StatueGlass, compiling. 
[2016.05.22-00.37.50:929][949]LogMaterial: Missing cached shader map for material FLightmassMaterialRenderer M_Statue, compiling. 
[2016.05.22-00.37.50:936][949]LogMaterial: Missing cached shader map for material FLightmassMaterialRenderer M_Statue, compiling. 
[2016.05.22-00.37.50:965][950]LogMaterial: Missing cached shader map for material FLightmassMaterialRenderer M_Glass, compiling. 
[2016.05.22-00.37.50:972][950]LogMaterial: Missing cached shader map for material FLightmassMaterialRenderer M_Glass, compiling. 
[2016.05.22-00.37.51:002][951]LogMaterial: Missing cached shader map for material FLightmassMaterialRenderer M_Basic_Wall, compiling. 
[2016.05.22-00.37.51:010][951]LogMaterial: Missing cached shader map for material FLightmassMaterialRenderer M_Basic_Wall, compiling. 
[2016.05.22-00.37.53:136][964]LogActorComponent: UnregisterComponent: (/Engine/Transient.ProjectileMovementComponent_40__A6522401) Not registered. Aborting.
[2016.05.22-00.37.53:136][964]LogActorComponent: UnregisterComponent: (/Engine/Transient.CharMoveComp) Not registered. Aborting.
[2016.05.22-00.37.55:183][975]Job is a success!
[2016.05.22-00.37.55:520][976]LogEditorViewport: Clicking on Actor (LMB): StaticMeshActor (Cube5)
[2016.05.22-00.37.55:771][976]LogTexture:Display: Building textures: HQ_Lightmap1_1 (AutoDXT)
[2016.05.22-00.37.55:771][976]LogTexture:Display: Building textures: LQ_Lightmap_1_1 (DXT1)
[2016.05.22-00.37.55:808][976]Lightmass on DUMPRING: 1.90 sec total, 130 ms importing, 28 ms setup, 294 ms photons, 1.43 sec processing, 0 ms extra exporting [11/11 mappings]. Threads: 9.87 sec total, 2.05 sec processing.
[2016.05.22-00.37.55:831][976]LogStaticLightingSystem: Illumination: 8.49 sec (126 ms encoding lightmaps, 0 ms encoding shadowmaps)
[2016.05.22-00.37.55:831][976]LogStaticLightingSystem: Lightmap texture memory:  0.5 MB (0.5 MB streaming, 0.0 MB non-streaming), 2 textures
[2016.05.22-00.37.55:831][976]LogStaticLightingSystem: Shadowmap texture memory: 0.0 MB (0.0 MB streaming, 0.0 MB non-streaming), 0 textures
[2016.05.22-00.37.56:567][977]Cmd: MAP CHECK NOTIFYRESULTS
[2016.05.22-00.37.56:567][977]MapCheck: New page: LightingTest - May 21, 2016, 9:37:56 AM
[2016.05.22-00.37.56:648][977]MapCheck: Info Map check complete: 0 Error(s), 0 Warning(s), took 80.95ms to complete.
[2016.05.22-00.37.58:161][ 92]LogEditorViewport: Clicking Background
[2016.05.22-00.38.01:894][429]LogEditorViewport: Clicking on Actor (LMB): StaticMeshActor (SM_Lamp_Wall)
[2016.05.22-00.38.06:746][761]LogEditorViewport: Clicking on Actor (LMB): StaticMeshActor (Cube5)
[2016.05.22-00.38.08:221][857]LogEditorViewport: Clicking on Actor (LMB): StaticMeshActor (Cube2)
[2016.05.22-00.38.09:140][919]LogEditorViewport: Clicking Background
[2016.05.22-00.38.11:309][125]LogEditorViewport: Clicking on Actor (LMB): PointLight (PointLight)
[2016.05.22-00.38.16:060][489]LogEditorViewport: Clicking on Actor (LMB): PostProcessVolume (PostProcessVolume)
[2016.05.22-00.39.20:308][251]LogEditorViewport: Clicking on Actor (LMB): StaticMeshActor (SM_Statue)
[2016.05.22-00.39.24:596][585]LogEditorViewport: Clicking on Actor (LMB): StaticMeshActor (SM_MatPreviewMesh_02)
[2016.05.22-00.39.28:438][889]LogEditorViewport: Clicking on Actor (LMB): StaticMeshActor (SM_Chair)
[2016.05.22-00.40.27:299][601]LogActorComponent: UnregisterComponent: (/Engine/Transient.CharMoveComp) Not registered. Aborting.
[2016.05.22-00.40.27:299][601]LogActorComponent: UnregisterComponent: (/Engine/Transient.ProjectileMovementComponent_40__A6522401) Not registered. Aborting.
[2016.05.22-00.40.27:319][601]Cmd: OBJ SAVEPACKAGE PACKAGE="/Game/Maps/LightingTest" FILE="D:/Git/RiggingShooter/GameJamRigging/Saved/Autosaves/Game/Maps/LightingTest_Auto2.umap" SILENT=true AUTOSAVING=true KEEPDIRTY=false
[2016.05.22-00.40.27:396][601]LogSavePackage: Save=63.80ms
[2016.05.22-00.40.27:397][601]LogSavePackage: Moving 'D:/Git/RiggingShooter/GameJamRigging/Saved/LightingTest_Auto2F4FE518D44974337D56EBBAF97179305.tmp' to 'D:/Git/RiggingShooter/GameJamRigging/Saved/Autosaves/Game/Maps/LightingTest_Auto2.umap'
[2016.05.22-00.40.27:397][601]LogSavePackage: Total save time: 77.55ms
[2016.05.22-00.40.27:397][601]LogSavePackage:Display: Finished SavePackage D:/Git/RiggingShooter/GameJamRigging/Saved/Autosaves/Game/Maps/LightingTest_Auto2.umap
[2016.05.22-00.40.27:398][601]LogFileHelpers: Editor autosave (incl. sublevels) for '/Game/Maps/LightingTest' took 0.099
[2016.05.22-00.40.27:398][601]LogFileHelpers: Editor autosave (incl. sublevels) for all levels took 0.099
[2016.05.22-00.45.33:244][518]LogContentBrowser: Native class hierarchy updated for 'PhAT' in 0.0004 seconds. Added 1 classes and 2 folders.
[2016.05.22-00.45.33:358][519]LogRenderer: Reallocating scene render targets to support 1596x872 (Frame:183787).
[2016.05.22-00.50.28:097][408]LogActorComponent: UnregisterComponent: (/Engine/Transient.CharMoveComp) Not registered. Aborting.
[2016.05.22-00.50.28:122][408]LogFileHelpers: Editor autosave (incl. sublevels) for '/Game/Maps/LightingTest' took 0.025
[2016.05.22-00.50.28:128][408]OBJ SavePackage: Generating thumbnails for [0] asset(s) in package [/Game/AnimStarterPack/UE4_Mannequin/Mesh/SK_Mannequin_PhysicsAsset] ([1] browsable assets)...
[2016.05.22-00.50.28:128][408]OBJ SavePackage: Finished generating thumbnails for package [/Game/AnimStarterPack/UE4_Mannequin/Mesh/SK_Mannequin_PhysicsAsset]
[2016.05.22-00.50.28:175][408]LogSavePackage: Save=30.57ms
[2016.05.22-00.50.28:175][408]LogSavePackage: Moving 'D:/Git/RiggingShooter/GameJamRigging/Saved/SK_Mannequin_PhysicsAsset_Auto3AC1AE4314A6FC863BDD22EA9CA8832ED.tmp' to 'D:/Git/RiggingShooter/GameJamRigging/Saved/Autosaves/Game/AnimStarterPack/UE4_Mannequin/Mesh/SK_Mannequin_PhysicsAsset_Auto3.uasset'
[2016.05.22-00.50.28:175][408]LogSavePackage: Total save time: 46.15ms
[2016.05.22-00.50.28:175][408]LogSavePackage:Display: Finished SavePackage D:/Git/RiggingShooter/GameJamRigging/Saved/Autosaves/Game/AnimStarterPack/UE4_Mannequin/Mesh/SK_Mannequin_PhysicsAsset_Auto3.uasset
[2016.05.22-00.50.28:175][408]LogFileHelpers: Auto-saving content packages took 0.053
[2016.05.22-00.51.37:715][937]LogAIModule: Creating AISystem for world KennethTest
[2016.05.22-00.51.37:718][937]LogParticles:Warning: InitializeSystem called on an unregistered component. Template=/Game/ExampleContent/Effects/ParticleSystems/P_cloud.P_cloud Component=/Game/Maps/KennethTest.KennethTest:PersistentLevel.P_cloud_30.ParticleSystemComponent0
[2016.05.22-00.51.37:718][937]LogParticles:Warning: InitializeSystem called on an unregistered component. Template=/Game/Effects/Particles/Snow/P_SnowFlare.P_SnowFlare Component=/Game/Maps/KennethTest.KennethTest:PersistentLevel.P_SnowFlare_2.ParticleSystemComponent0
[2016.05.22-00.51.37:718][937]LogParticles:Warning: InitializeSystem called on an unregistered component. Template=/Game/Effects/Particles/Snow/P_Blizzard.P_Blizzard Component=/Game/Maps/KennethTest.KennethTest:PersistentLevel.P_Blizzard_8.ParticleSystemComponent0
[2016.05.22-00.51.39:007][937]LogSavePackage: Save=6.87ms
[2016.05.22-00.51.39:007][937]LogSavePackage: Moving 'D:/Git/RiggingShooter/GameJamRigging/Saved/SK_Mannequin_PhysicsAssetF6BFDC224FB37A7A2FE2D4B6824CF5F7.tmp' to 'D:/Git/RiggingShooter/GameJamRigging/Content/AnimStarterPack/UE4_Mannequin/Mesh/SK_Mannequin_PhysicsAsset.uasset'
[2016.05.22-00.51.39:008][937]LogSavePackage: Total save time: 19.89ms
[2016.05.22-00.51.39:008][937]LogSavePackage:Display: Finished SavePackage D:/Git/RiggingShooter/GameJamRigging/Content/AnimStarterPack/UE4_Mannequin/Mesh/SK_Mannequin_PhysicsAsset.uasset
[2016.05.22-00.51.39:012][937]Cmd: OBJ SAVEPACKAGE PACKAGE="/Game/Blueprints/FirstPersonProjectile" FILE="D:/Git/RiggingShooter/GameJamRigging/Content/Blueprints/FirstPersonProjectile.uasset" SILENT=true
[2016.05.22-00.51.39:170][937]LogSavePackage: Save=144.25ms
[2016.05.22-00.51.39:170][937]LogSavePackage: Moving 'D:/Git/RiggingShooter/GameJamRigging/Saved/FirstPersonProjectile54F0F8F240DE1803E580138DAD2BFC0C.tmp' to 'D:/Git/RiggingShooter/GameJamRigging/Content/Blueprints/FirstPersonProjectile.uasset'
[2016.05.22-00.51.39:171][937]LogSavePackage: Total save time: 158.48ms
[2016.05.22-00.51.39:171][937]LogSavePackage:Display: Finished SavePackage D:/Git/RiggingShooter/GameJamRigging/Content/Blueprints/FirstPersonProjectile.uasset
[2016.05.22-00.51.39:175][937]Cmd: OBJ SAVEPACKAGE PACKAGE="/Game/Blueprints/P_Rain" FILE="D:/Git/RiggingShooter/GameJamRigging/Content/Blueprints/P_Rain.uasset" SILENT=true
[2016.05.22-00.51.39:193][937]LogSavePackage: Save=3.74ms
[2016.05.22-00.51.39:193][937]LogSavePackage: Moving 'D:/Git/RiggingShooter/GameJamRigging/Saved/P_Rain773FD5494990252FC99BE792878133A2.tmp' to 'D:/Git/RiggingShooter/GameJamRigging/Content/Blueprints/P_Rain.uasset'
[2016.05.22-00.51.39:194][937]LogSavePackage: Total save time: 18.21ms
[2016.05.22-00.51.39:194][937]LogSavePackage:Display: Finished SavePackage D:/Git/RiggingShooter/GameJamRigging/Content/Blueprints/P_Rain.uasset
[2016.05.22-00.51.39:271][937]Cmd: OBJ SAVEPACKAGE PACKAGE="/Game/Maps/LightingTest" FILE="D:/Git/RiggingShooter/GameJamRigging/Content/Maps/LightingTest.umap" SILENT=true AUTOSAVING=false KEEPDIRTY=false
[2016.05.22-00.51.39:359][937]LogSavePackage: Save=56.91ms
[2016.05.22-00.51.39:359][937]LogSavePackage: Moving 'D:/Git/RiggingShooter/GameJamRigging/Saved/LightingTest969003524348BF825BB5FBB29FE5631C.tmp' to 'D:/Git/RiggingShooter/GameJamRigging/Content/Maps/LightingTest.umap'
[2016.05.22-00.51.39:360][937]LogSavePackage: Total save time: 71.05ms
[2016.05.22-00.51.39:360][937]LogSavePackage:Display: Finished SavePackage D:/Git/RiggingShooter/GameJamRigging/Content/Maps/LightingTest.umap
[2016.05.22-00.51.39:385][937]LogFileHelpers: Saving map 'LightingTest' took 0.191
[2016.05.22-00.51.39:388][937]Cmd: OBJ SAVEPACKAGE PACKAGE="/Game/Materials/EmissiveTest" FILE="D:/Git/RiggingShooter/GameJamRigging/Content/Materials/EmissiveTest.uasset" SILENT=true
[2016.05.22-00.51.39:421][937]LogSavePackage: Save=14.62ms
[2016.05.22-00.51.39:421][937]LogSavePackage: Moving 'D:/Git/RiggingShooter/GameJamRigging/Saved/EmissiveTest6B877D684036A51424EE43A90E1126FA.tmp' to 'D:/Git/RiggingShooter/GameJamRigging/Content/Materials/EmissiveTest.uasset'
[2016.05.22-00.51.39:422][937]LogSavePackage: Total save time: 28.55ms
[2016.05.22-00.51.39:422][937]LogSavePackage:Display: Finished SavePackage D:/Git/RiggingShooter/GameJamRigging/Content/Materials/EmissiveTest.uasset
[2016.05.22-00.51.39:424][937]Cmd: MAP LOAD FILE="D:/Git/RiggingShooter/GameJamRigging/Content/Maps/KennethTest.umap" TEMPLATE=0 SHOWPROGRESS=1 FEATURELEVEL=3
[2016.05.22-00.51.39:424][937]LightingResults: New page: Lighting Build
[2016.05.22-00.51.39:446][937]LoadErrors: New page: Loading map: KennethTest.umap
[2016.05.22-00.51.39:447][937]MapCheck: New page: Map Check
[2016.05.22-00.51.39:447][937]LightingResults: New page: Lighting Build
[2016.05.22-00.51.39:587][937]LogEditorServer: Finished looking for orphan Actors (0.000 secs)
[2016.05.22-00.51.39:618][937]Cmd: MAP CHECKDEP NOCLEARLOG
[2016.05.22-00.51.39:691][937]MapCheck: Info Map check complete: 0 Error(s), 0 Warning(s), took 72.41ms to complete.
[2016.05.22-00.51.39:691][937]LogFileHelpers: Loading map 'KennethTest' took 0.269
[2016.05.22-00.51.53:883][307]LogAIModule: Creating AISystem for world LightingTest
[2016.05.22-00.51.53:884][307]LogParticles:Warning: InitializeSystem called on an unregistered component. Template=/Game/Blueprints/P_Rain.P_Rain Component=/Game/Maps/LightingTest.LightingTest:PersistentLevel.P_Rain_2.ParticleSystemComponent0
[2016.05.22-00.51.53:887][307]LogActorComponent: UnregisterComponent: (/Engine/Transient.ProjectileMovementComponent_40__A6522401) Not registered. Aborting.
[2016.05.22-00.51.53:887][307]LogActorComponent: UnregisterComponent: (/Engine/Transient.CharMoveComp) Not registered. Aborting.
[2016.05.22-00.51.53:908][307]Cmd: MAP LOAD FILE="D:/Git/RiggingShooter/GameJamRigging/Content/Maps/LightingTest.umap" TEMPLATE=0 SHOWPROGRESS=1 FEATURELEVEL=3
[2016.05.22-00.51.53:908][307]LightingResults: New page: Lighting Build
[2016.05.22-00.51.53:928][307]LoadErrors: New page: Loading map: LightingTest.umap
[2016.05.22-00.51.53:930][307]MapCheck: New page: Map Check
[2016.05.22-00.51.53:930][307]LightingResults: New page: Lighting Build
[2016.05.22-00.51.54:045][307]LogEditorServer: Finished looking for orphan Actors (0.000 secs)
[2016.05.22-00.51.54:072][307]Cmd: MAP CHECKDEP NOCLEARLOG
[2016.05.22-00.51.54:144][307]MapCheck: Info Map check complete: 0 Error(s), 0 Warning(s), took 71.738ms to complete.
[2016.05.22-00.51.54:145][307]LogFileHelpers: Loading map 'LightingTest' took 0.239
[2016.05.22-00.52.05:607][473]LogActorComponent: UnregisterComponent: (/Engine/Transient.ProjectileMovementComponent_40__A6522401) Not registered. Aborting.
[2016.05.22-00.52.05:607][473]LogActorComponent: UnregisterComponent: (/Engine/Transient.CharMoveComp) Not registered. Aborting.
[2016.05.22-00.52.05:848][473]LogActorComponent: UnregisterComponent: (/Engine/Transient.EditorFloorComp) Not registered. Aborting.
[2016.05.22-00.52.05:897][473]LogCascade: Quitting Cascade. FXSystem=0x0000025D92800CC0
[2016.05.22-00.52.05:987][473]LogWindowsTextInputMethodSystem:Display: IME system now deactivated.
[2016.05.22-00.52.06:181][474]Cmd: QUIT_EDITOR
[2016.05.22-00.52.06:279][474]LogExit: Preparing to exit.
[2016.05.22-00.52.07:045][474]LogExit: Editor shut down
[2016.05.22-00.52.07:045][474]LogExit: Transaction tracking system shut down
[2016.05.22-00.52.07:225][474]LogObj: Freed 0b from 0 cluster array pools.
[2016.05.22-00.52.07:226][474]LogExit: Object subsystem successfully closed.
[2016.05.22-00.52.07:246][474]LogD3D11RHI: Shutdown
[2016.05.22-00.52.07:246][474]LogD3D11RHI: CleanupD3DDevice
[2016.05.22-00.52.07:338][474]LogD3D11RHI: ~FD3D11DynamicRHI
[2016.05.22-00.52.07:428][474]LogDerivedDataCache: Shutdown
[2016.05.22-00.52.07:432][474]LogModuleManager: Shutting down and abandoning module PhAT (210)
[2016.05.22-00.52.07:432][474]LogModuleManager: Shutting down and abandoning module DistCurveEditor (209)
[2016.05.22-00.52.07:432][474]LogModuleManager: Shutting down and abandoning module Cascade (208)
[2016.05.22-00.52.07:432][474]LogModuleManager: Shutting down and abandoning module BlueprintGraph (207)
[2016.05.22-00.52.07:432][474]LogModuleManager: Shutting down and abandoning module MaterialEditor (206)
[2016.05.22-00.52.07:432][474]LogModuleManager: Shutting down and abandoning module HierarchicalLODOutliner (205)
[2016.05.22-00.52.07:433][474]LogModuleManager: Shutting down and abandoning module CrashTracker (204)
[2016.05.22-00.52.07:433][474]LogModuleManager: Shutting down and abandoning module SceneOutliner (203)
[2016.05.22-00.52.07:433][474]LogModuleManager: Shutting down and abandoning module WorldBrowser (202)
[2016.05.22-00.52.07:433][474]LogModuleManager: Shutting down and abandoning module SuperSearch (201)
[2016.05.22-00.52.07:433][474]LogModuleManager: Shutting down and abandoning module WidgetCarousel (200)
[2016.05.22-00.52.07:433][474]LogModuleManager: Shutting down and abandoning module AddContentDialog (199)
[2016.05.22-00.52.07:435][474]LogModuleManager: Shutting down and abandoning module GameplayTags (198)
[2016.05.22-00.52.07:435][474]LogModuleManager: Shutting down and abandoning module EditorWidgets (197)
[2016.05.22-00.52.07:435][474]LogModuleManager: Shutting down and abandoning module CollectionManager (196)
[2016.05.22-00.52.07:435][474]LogModuleManager: Shutting down and abandoning module StatsViewer (195)
[2016.05.22-00.52.07:435][474]LogModuleManager: Shutting down and abandoning module FoliageEdit (194)
[2016.05.22-00.52.07:435][474]LogModuleManager: Shutting down and abandoning module LandscapeEditor (193)
[2016.05.22-00.52.07:437][474]LogModuleManager: Shutting down and abandoning module ActorPickerMode (192)
[2016.05.22-00.52.07:437][474]LogModuleManager: Shutting down and abandoning module GeometryMode (191)
[2016.05.22-00.52.07:437][474]LogModuleManager: Shutting down and abandoning module TextureAlignMode (190)
[2016.05.22-00.52.07:437][474]LogModuleManager: Shutting down and abandoning module BspMode (189)
[2016.05.22-00.52.07:437][474]LogModuleManager: Shutting down and abandoning module PlacementMode (188)
[2016.05.22-00.52.07:437][474]LogModuleManager: Shutting down and abandoning module AutomationWorker (187)
[2016.05.22-00.52.07:437][474]LogModuleManager: Shutting down and abandoning module CharacterAI (186)
[2016.05.22-00.52.07:437][474]LogModuleManager: Shutting down and abandoning module SmartSnapping (185)
[2016.05.22-00.52.07:437][474]LogModuleManager: Shutting down and abandoning module ViewportSnapping (184)
[2016.05.22-00.52.07:437][474]LogModuleManager: Shutting down and abandoning module LogVisualizer (183)
[2016.05.22-00.52.07:438][474]LogModuleManager: Shutting down and abandoning module GameProjectGeneration (182)
[2016.05.22-00.52.07:438][474]LogModuleManager: Shutting down and abandoning module IntroTutorials (181)
[2016.05.22-00.52.07:438][474]LogModuleManager: Shutting down and abandoning module EditorLiveStreaming (180)
[2016.05.22-00.52.07:439][474]LogModuleManager: Shutting down and abandoning module IOSPlatformEditor (179)
[2016.05.22-00.52.07:439][474]LogModuleManager: Shutting down and abandoning module HTML5PlatformEditor (178)
[2016.05.22-00.52.07:439][474]LogModuleManager: Shutting down and abandoning module AndroidDeviceDetection (177)
[2016.05.22-00.52.08:029][474]LogModuleManager: Shutting down and abandoning module AndroidPlatformEditor (176)
[2016.05.22-00.52.08:029][474]LogModuleManager: Shutting down and abandoning module IOSRuntimeSettings (175)
[2016.05.22-00.52.08:029][474]LogModuleManager: Shutting down and abandoning module AndroidRuntimeSettings (174)
[2016.05.22-00.52.08:029][474]LogModuleManager: Shutting down and abandoning module MergeActors (173)
[2016.05.22-00.52.08:030][474]LogModuleManager: Shutting down and abandoning module SizeMap (172)
[2016.05.22-00.52.08:030][474]LogModuleManager: Shutting down and abandoning module TreeMap (171)
[2016.05.22-00.52.08:030][474]LogModuleManager: Shutting down and abandoning module ReferenceViewer (170)
[2016.05.22-00.52.08:030][474]LogModuleManager: Shutting down and abandoning module LocalizationService (169)
[2016.05.22-00.52.08:030][474]LogModuleManager: Shutting down and abandoning module LocalizationDashboard (168)
[2016.05.22-00.52.08:030][474]LogModuleManager: Shutting down and abandoning module HardwareTargeting (167)
[2016.05.22-00.52.08:030][474]LogModuleManager: Shutting down and abandoning module DeviceProfileEditor (166)
[2016.05.22-00.52.08:031][474]LogModuleManager: Shutting down and abandoning module UndoHistory (165)
[2016.05.22-00.52.08:031][474]LogModuleManager: Shutting down and abandoning module UserFeedback (164)
[2016.05.22-00.52.08:031][474]LogModuleManager: Shutting down and abandoning module XmlParser (163)
[2016.05.22-00.52.08:031][474]LogModuleManager: Shutting down and abandoning module Blutility (162)
[2016.05.22-00.52.08:031][474]LogModuleManager: Shutting down and abandoning module ProjectTargetPlatformEditor (161)
[2016.05.22-00.52.08:032][474]LogModuleManager: Shutting down and abandoning module ProjectSettingsViewer (160)
[2016.05.22-00.52.08:032][474]LogModuleManager: Shutting down and abandoning module InputBindingEditor (159)
[2016.05.22-00.52.08:032][474]LogModuleManager: Shutting down and abandoning module EditorSettingsViewer (158)
[2016.05.22-00.52.08:032][474]LogModuleManager: Shutting down and abandoning module SettingsEditor (157)
[2016.05.22-00.52.08:033][474]LogModuleManager: Shutting down and abandoning module ProjectLauncher (156)
[2016.05.22-00.52.08:034][474]LogModuleManager: Shutting down and abandoning module SessionFrontend (155)
[2016.05.22-00.52.08:034][474]LogModuleManager: Shutting down and abandoning module ProfilerClient (154)
[2016.05.22-00.52.08:035][474]LogModuleManager: Shutting down and abandoning module TargetDeviceServices (153)
[2016.05.22-00.52.08:035][474]LogModuleManager: Shutting down and abandoning module DeviceManager (152)
[2016.05.22-00.52.08:068][474]LogModuleManager: Shutting down and abandoning module AutomationController (151)
[2016.05.22-00.52.08:069][474]LogModuleManager: Shutting down and abandoning module AutomationWindow (150)
[2016.05.22-00.52.08:070][474]LogModuleManager: Shutting down and abandoning module Layers (149)
[2016.05.22-00.52.08:071][474]LogModuleManager: Shutting down and abandoning module ComponentVisualizers (148)
[2016.05.22-00.52.08:071][474]LogModuleManager: Shutting down and abandoning module DetailCustomizations (147)
[2016.05.22-00.52.08:071][474]LogModuleManager: Shutting down and abandoning module PackagesDialog (146)
[2016.05.22-00.52.08:071][474]LogModuleManager: Shutting down and abandoning module Persona (145)
[2016.05.22-00.52.08:072][474]LogModuleManager: Shutting down and abandoning module Kismet (144)
[2016.05.22-00.52.08:072][474]LogModuleManager: Shutting down and abandoning module GraphEditor (143)
[2016.05.22-00.52.08:072][474]LogModuleManager: Shutting down and abandoning module ClassViewer (142)
[2016.05.22-00.52.08:073][474]LogModuleManager: Shutting down and abandoning module Toolbox (141)
[2016.05.22-00.52.08:073][474]LogModuleManager: Shutting down and abandoning module ModuleUI (140)
[2016.05.22-00.52.08:073][474]LogModuleManager: Shutting down and abandoning module MovieSceneTools (139)
[2016.05.22-00.52.08:074][474]LogModuleManager: Shutting down and abandoning module OutputLog (138)
[2016.05.22-00.52.08:074][474]LogModuleManager: Shutting down and abandoning module GammaUI (137)
[2016.05.22-00.52.08:074][474]LogModuleManager: Shutting down and abandoning module Documentation (136)
[2016.05.22-00.52.08:074][474]LogModuleManager: Shutting down and abandoning module StreamingPauseRendering (135)
[2016.05.22-00.52.08:074][474]LogModuleManager: Shutting down and abandoning module AnalyticsET (134)
[2016.05.22-00.52.08:074][474]LogModuleManager: Shutting down and abandoning module Analytics (133)
[2016.05.22-00.52.08:074][474]LogModuleManager: Shutting down and abandoning module PortalServices (132)
[2016.05.22-00.52.08:074][474]LogModuleManager: Shutting down and abandoning module PortalRpc (131)
[2016.05.22-00.52.08:074][474]LogModuleManager: Shutting down and abandoning module MessagingRpc (130)
[2016.05.22-00.52.08:074][474]LogModuleManager: Shutting down and abandoning module AITestSuite (129)
[2016.05.22-00.52.08:074][474]LogModuleManager: Shutting down and abandoning module GameplayDebugger (128)
[2016.05.22-00.52.08:075][474]LogModuleManager: Shutting down and abandoning module AIModule (127)
[2016.05.22-00.52.08:075][474]LogModuleManager: Shutting down and abandoning module ProfilerService (126)
[2016.05.22-00.52.08:132][474]LogModuleManager: Shutting down and abandoning module TaskGraph (125)
[2016.05.22-00.52.08:133][474]LogModuleManager: Shutting down and abandoning module SlateRemote (124)
[2016.05.22-00.52.08:133][474]LogModuleManager: Shutting down and abandoning module SteamVRController (123)
[2016.05.22-00.52.08:133][474]LogModuleManager: Shutting down and abandoning module SteamVR (122)
[2016.05.22-00.52.08:133][474]LogModuleManager: Shutting down and abandoning module ProceduralMeshComponent (121)
[2016.05.22-00.52.08:133][474]LogModuleManager: Shutting down and abandoning module OculusLibrary (120)
[2016.05.22-00.52.08:133][474]LogModuleManager: Shutting down and abandoning module OculusInput (119)
[2016.05.22-00.52.08:133][474]LogModuleManager: Shutting down and abandoning module CustomMeshComponent (118)
[2016.05.22-00.52.08:133][474]LogModuleManager: Shutting down and abandoning module CableComponent (117)
[2016.05.22-00.52.08:133][474]LogModuleManager: Shutting down and abandoning module ArchVisCharacter (116)
[2016.05.22-00.52.08:133][474]LogModuleManager: Shutting down and abandoning module MediaPlayerEditor (115)
[2016.05.22-00.52.08:133][474]LogModuleManager: Shutting down and abandoning module HTML5Networking (114)
[2016.05.22-00.52.08:133][474]LogModuleManager: Shutting down and abandoning module SpeedTreeImporter (113)
[2016.05.22-00.52.08:133][474]LogModuleManager: Shutting down and abandoning module PluginBrowser (112)
[2016.05.22-00.52.08:133][474]LogModuleManager: Shutting down and abandoning module EpicSurvey (111)
[2016.05.22-00.52.08:134][474]LogModuleManager: Shutting down and abandoning module DesktopPlatform (110)
[2016.05.22-00.52.08:134][474]LogModuleManager: Shutting down and abandoning module VisualStudioSourceCodeAccess (109)
[2016.05.22-00.52.08:134][474]LogModuleManager: Shutting down and abandoning module UObjectPlugin (108)
[2016.05.22-00.52.08:134][474]LogModuleManager: Shutting down and abandoning module SubversionSourceControl (107)
[2016.05.22-00.52.08:134][474]LogModuleManager: Shutting down and abandoning module PerforceSourceControl (106)
[2016.05.22-00.52.08:134][474]LogModuleManager: Shutting down and abandoning module SourceControl (105)
[2016.05.22-00.52.08:134][474]LogModuleManager: Shutting down and abandoning module GitSourceControl (104)
[2016.05.22-00.52.08:134][474]LogModuleManager: Shutting down and abandoning module LightPropagationVolumeEditor (103)
[2016.05.22-00.52.08:134][474]LogModuleManager: Shutting down and abandoning module PaperTiledImporter (102)
[2016.05.22-00.52.08:134][474]LogModuleManager: Shutting down and abandoning module PaperSpriteSheetImporter (101)
[2016.05.22-00.52.08:134][474]LogModuleManager: Shutting down and abandoning module MeshPaint (100)
[2016.05.22-00.52.08:134][474]LogModuleManager: Shutting down and abandoning module HotReload (99)
[2016.05.22-00.52.08:135][474]LogModuleManager: Shutting down and abandoning module MainFrame (98)
[2016.05.22-00.52.08:135][474]LogModuleManager: Shutting down and abandoning module LevelEditor (97)
[2016.05.22-00.52.08:136][474]LogModuleManager: Shutting down and abandoning module DirectoryWatcher (96)
[2016.05.22-00.52.08:138][474]LogModuleManager: Shutting down and abandoning module AssetRegistry (95)
[2016.05.22-00.52.08:333][474]LogModuleManager: Shutting down and abandoning module ContentBrowser (94)
[2016.05.22-00.52.08:333][474]LogModuleManager: Shutting down and abandoning module Paper2DEditor (93)
[2016.05.22-00.52.08:334][474]LogModuleManager: Shutting down and abandoning module UdpMessaging (92)
[2016.05.22-00.52.08:434][474]LogModuleManager: Shutting down and abandoning module LightPropagationVolumeRuntime (91)
[2016.05.22-00.52.08:434][474]LogModuleManager: Shutting down and abandoning module Paper2D (90)
[2016.05.22-00.52.08:434][474]LogModuleManager: Shutting down and abandoning module WindowsMoviePlayer (89)
[2016.05.22-00.52.08:434][474]LogModuleManager: Shutting down and abandoning module Media (88)
[2016.05.22-00.52.08:434][474]LogModuleManager: Shutting down and abandoning module WmfMedia (87)
[2016.05.22-00.52.08:435][474]LogModuleManager: Shutting down and abandoning module MediaAssets (86)
[2016.05.22-00.52.08:435][474]LogModuleManager: Shutting down and abandoning module GameLiveStreaming (85)
[2016.05.22-00.52.08:435][474]LogModuleManager: Shutting down and abandoning module GameplayTagsEditor (84)
[2016.05.22-00.52.08:435][474]LogModuleManager: Shutting down and abandoning module OnlineBlueprintSupport (83)
[2016.05.22-00.52.08:435][474]LogModuleManager: Shutting down and abandoning module GameplayTasksEditor (82)
[2016.05.22-00.52.08:435][474]LogModuleManager: Shutting down and abandoning module PropertyEditor (81)
[2016.05.22-00.52.08:435][474]LogModuleManager: Shutting down and abandoning module BehaviorTreeEditor (80)
[2016.05.22-00.52.08:435][474]LogModuleManager: Shutting down and abandoning module FunctionalTesting (79)
[2016.05.22-00.52.08:435][474]LogModuleManager: Shutting down and abandoning module CollisionAnalyzer (78)
[2016.05.22-00.52.08:435][474]LogModuleManager: Shutting down and abandoning module WorkspaceMenuStructure (77)
[2016.05.22-00.52.08:435][474]LogModuleManager: Shutting down and abandoning module MessageLog (76)
[2016.05.22-00.52.08:435][474]LogModuleManager: Shutting down and abandoning module Sequencer (75)
[2016.05.22-00.52.08:436][474]LogModuleManager: Shutting down and abandoning module AssetTools (74)
[2016.05.22-00.52.08:436][474]LogModuleManager: Shutting down and abandoning module UMGEditor (73)
[2016.05.22-00.52.08:436][474]LogModuleManager: Shutting down and abandoning module UMG (72)
[2016.05.22-00.52.08:436][474]LogModuleManager: Shutting down and abandoning module SlateReflector (71)
[2016.05.22-00.52.08:437][474]LogModuleManager: Shutting down and abandoning module Slate (70)
[2016.05.22-00.52.08:437][474]LogModuleManager: Shutting down and abandoning module EditorStyle (69)
[2016.05.22-00.52.08:440][474]LogModuleManager: Shutting down and abandoning module SessionServices (68)
[2016.05.22-00.52.08:440][474]LogModuleManager: Shutting down and abandoning module SourceCodeAccess (67)
[2016.05.22-00.52.08:440][474]LogModuleManager: Shutting down and abandoning module HeadMountedDisplay (66)
[2016.05.22-00.52.08:440][474]LogModuleManager: Shutting down and abandoning module XAudio2 (65)
[2016.05.22-00.52.08:440][474]LogModuleManager: Shutting down and abandoning module Networking (63)
[2016.05.22-00.52.08:440][474]LogModuleManager: Shutting down and abandoning module Core (62)
[2016.05.22-00.52.08:440][474]LogModuleManager: Shutting down and abandoning module KismetCompiler (61)
[2016.05.22-00.52.08:440][474]LogModuleManager: Shutting down and abandoning module PhysXFormats (60)
[2016.05.22-00.52.08:440][474]LogModuleManager: Shutting down and abandoning module MeshUtilities (59)
[2016.05.22-00.52.08:440][474]LogModuleManager: Shutting down and abandoning module CookingStats (58)
[2016.05.22-00.52.08:441][474]LogModuleManager: Shutting down and abandoning module DerivedDataCache (57)
[2016.05.22-00.52.08:441][474]LogDerivedDataCache: Shutdown
[2016.05.22-00.52.08:441][474]LogModuleManager: Shutting down and abandoning module ShaderFormatOpenGL (56)
[2016.05.22-00.52.08:441][474]LogModuleManager: Shutting down and abandoning module ShaderFormatD3D (55)
[2016.05.22-00.52.08:441][474]LogModuleManager: Shutting down and abandoning module MetalShaderFormat (54)
[2016.05.22-00.52.08:442][474]LogModuleManager: Shutting down and abandoning module TextureFormatUncompressed (53)
[2016.05.22-00.52.08:442][474]LogModuleManager: Shutting down and abandoning module TextureFormatPVR (52)
[2016.05.22-00.52.08:442][474]LogModuleManager: Shutting down and abandoning module TextureFormatIntelISPCTexComp (51)
[2016.05.22-00.52.08:442][474]LogModuleManager: Shutting down and abandoning module TextureFormatDXT (50)
[2016.05.22-00.52.08:442][474]LogModuleManager: Shutting down and abandoning module ImageWrapper (49)
[2016.05.22-00.52.08:442][474]LogModuleManager: Shutting down and abandoning module TextureFormatASTC (48)
[2016.05.22-00.52.08:442][474]LogModuleManager: Shutting down and abandoning module TextureFormatAndroid (47)
[2016.05.22-00.52.08:442][474]LogModuleManager: Shutting down and abandoning module AudioFormatOpus (46)
[2016.05.22-00.52.08:442][474]LogModuleManager: Shutting down and abandoning module AudioFormatOgg (45)
[2016.05.22-00.52.08:442][474]LogModuleManager: Shutting down and abandoning module AudioFormatADPCM (44)
[2016.05.22-00.52.08:442][474]LogModuleManager: Shutting down and abandoning module LinuxTargetPlatform (43)
[2016.05.22-00.52.08:442][474]LogModuleManager: Shutting down and abandoning module LinuxServerTargetPlatform (42)
[2016.05.22-00.52.08:442][474]LogModuleManager: Shutting down and abandoning module LinuxNoEditorTargetPlatform (41)
[2016.05.22-00.52.08:442][474]LogModuleManager: Shutting down and abandoning module TVOSTargetPlatform (40)
[2016.05.22-00.52.08:442][474]LogModuleManager: Shutting down and abandoning module Messaging (39)
[2016.05.22-00.52.08:442][474]LogModuleManager: Shutting down and abandoning module IOSTargetPlatform (38)
[2016.05.22-00.52.08:442][474]LogModuleManager: Shutting down and abandoning module HTML5TargetPlatform (37)
[2016.05.22-00.52.08:442][474]LogModuleManager: Shutting down and abandoning module Android_PVRTCTargetPlatform (36)
[2016.05.22-00.52.08:442][474]LogModuleManager: Shutting down and abandoning module Android_MultiTargetPlatform (35)
[2016.05.22-00.52.08:442][474]LogModuleManager: Shutting down and abandoning module Android_ETC2TargetPlatform (34)
[2016.05.22-00.52.08:442][474]LogModuleManager: Shutting down and abandoning module Android_ETC1TargetPlatform (33)
[2016.05.22-00.52.08:442][474]LogModuleManager: Shutting down and abandoning module Android_DXTTargetPlatform (32)
[2016.05.22-00.52.08:442][474]LogModuleManager: Shutting down and abandoning module Android_ATCTargetPlatform (31)
[2016.05.22-00.52.08:442][474]LogModuleManager: Shutting down and abandoning module Android_ASTCTargetPlatform (30)
[2016.05.22-00.52.08:442][474]LogModuleManager: Shutting down and abandoning module AndroidTargetPlatform (29)
[2016.05.22-00.52.08:442][474]LogModuleManager: Shutting down and abandoning module WindowsTargetPlatform (28)
[2016.05.22-00.52.08:442][474]LogModuleManager: Shutting down and abandoning module WindowsServerTargetPlatform (27)
[2016.05.22-00.52.08:442][474]LogModuleManager: Shutting down and abandoning module WindowsNoEditorTargetPlatform (26)
[2016.05.22-00.52.08:442][474]LogModuleManager: Shutting down and abandoning module WindowsClientTargetPlatform (25)
[2016.05.22-00.52.08:442][474]LogModuleManager: Shutting down and abandoning module AllDesktopTargetPlatform (24)
[2016.05.22-00.52.08:442][474]LogModuleManager: Shutting down and abandoning module TargetPlatform (23)
[2016.05.22-00.52.08:442][474]LogModuleManager: Shutting down and abandoning module InputCore (22)
[2016.05.22-00.52.08:442][474]LogModuleManager: Shutting down and abandoning module Settings (21)
[2016.05.22-00.52.08:442][474]LogModuleManager: Shutting down and abandoning module OnlineSubsystem (19)
[2016.05.22-00.52.08:442][474]LogModuleManager: Shutting down and abandoning module HTTP (18)
[2016.05.22-00.52.10:445][474]LogModuleManager: Shutting down and abandoning module XMPP (17)
[2016.05.22-00.52.10:446][474]LogModuleManager: Shutting down and abandoning module OculusRift (16)
[2016.05.22-00.52.10:447][474]LogModuleManager: Shutting down and abandoning module ExampleDeviceProfileSelector (15)
[2016.05.22-00.52.10:447][474]LogModuleManager: Shutting down and abandoning module TextureCompressor (14)
[2016.05.22-00.52.10:447][474]LogModuleManager: Shutting down and abandoning module ShaderCore (13)
[2016.05.22-00.52.10:447][474]LogModuleManager: Shutting down and abandoning module Landscape (12)
[2016.05.22-00.52.10:447][474]LogModuleManager: Shutting down and abandoning module SlateRHIRenderer (11)
[2016.05.22-00.52.10:452][474]LogModuleManager: Shutting down and abandoning module OpenGLDrv (10)
[2016.05.22-00.52.10:453][474]LogModuleManager: Shutting down and abandoning module D3D11RHI (9)
[2016.05.22-00.52.10:453][474]LogModuleManager: Shutting down and abandoning module AnimGraphRuntime (8)
[2016.05.22-00.52.10:453][474]LogModuleManager: Shutting down and abandoning module Renderer (7)
[2016.05.22-00.52.10:453][474]LogModuleManager: Shutting down and abandoning module Engine (6)
[2016.05.22-00.52.10:453][474]LogModuleManager: Shutting down and abandoning module CoreUObject (5)
[2016.05.22-00.52.10:453][474]LogModuleManager: Shutting down and abandoning module NetworkFile (4)
[2016.05.22-00.52.10:453][474]LogModuleManager: Shutting down and abandoning module StreamingFile (3)
[2016.05.22-00.52.10:453][474]LogModuleManager: Shutting down and abandoning module SandboxFile (2)
[2016.05.22-00.52.10:453][474]LogModuleManager: Shutting down and abandoning module PakFile (1)
[2016.05.22-00.52.10:455][474]LogExit: Exiting.
[2016.05.22-00.52.10:470][474]Log file closed, 05/21/16 17:52:10
