Log file open, 05/25/16 23:15:23
LogInit:Display: Running engine for game: GameJamRigging
LogPlatformFile: Not using cached read wrapper
LogInit:Display: RandInit(648516241) SRandInit(648516243).
LogTaskGraph: Started task graph with 4 named threads and 7 total threads.
LogStats: Stats thread started at 0.069787
LogInit: Version: 4.11.2-2946394+++UE4+Release-4.11
LogInit: API Version: 2927265
LogInit: Compiled (64-bit): Apr 18 2016 02:18:46
LogInit: Compiled with Visual C++: 19.00.23026.00
LogInit: Build Configuration: Development
LogInit: Branch Name: ++UE4+Release-4.11
LogInit: Command line:  
LogInit: Base directory: C:/Program Files (x86)/Epic Games/4.11/Engine/Binaries/Win64/
LogInit: Installed Engine Build: 1
LogInit: Using libcurl 7.41.0
LogInit:  - built for x86_64-pc-win32
LogInit:  - supports SSL with WinSSL
LogInit:  - other features:
LogInit:      CURL_VERSION_SSL
LogInit:      CURL_VERSION_IPV6
LogInit:      CURL_VERSION_ASYNCHDNS
LogInit:      CURL_VERSION_LARGEFILE
LogInit:      CURL_VERSION_IDN
LogInit:  CurlRequestOptions (configurable via config and command line):
LogInit:  - bVerifyPeer = true  - Libcurl will verify peer certificate
LogInit:  - bUseHttpProxy = false  - Libcurl will NOT use HTTP proxy
LogInit:  - bDontReuseConnections = false  - Libcurl will reuse connections
LogInit:  - CertBundlePath = nullptr  - Libcurl will use whatever was configured at build time.
LogInit: Presizing for max 16777216 objects, including 0 objects not considered by GC, pre-allocating 0 bytes for permanent pool.
LogInit: Object subsystem initialized
[2016.05.26-06.15.24:028][  0]LogInit: Selected Device Profile: [Windows]
[2016.05.26-06.15.24:028][  0]LogInit: Applying CVar settings loaded from the selected device profile: [Windows]
[2016.05.26-06.15.24:037][  0]LogInit: Computer: DUMPRING
[2016.05.26-06.15.24:037][  0]LogInit: User: theco000
[2016.05.26-06.15.24:037][  0]LogInit: CPU Page size=65536, Cores=4
[2016.05.26-06.15.24:037][  0]LogInit: High frequency timer resolution =3.615387 MHz
[2016.05.26-06.15.24:037][  0]LogMemory: Memory total: Physical=15.9GB (16GB approx)
[2016.05.26-06.15.24:037][  0]LogMemory: Platform Memory Stats for Windows
[2016.05.26-06.15.24:037][  0]LogMemory: Process Physical Memory: 314.44 MB used, 314.44 MB peak
[2016.05.26-06.15.24:037][  0]LogMemory: Process Virtual Memory: 315.04 MB used, 315.04 MB peak
[2016.05.26-06.15.24:037][  0]LogMemory: Physical Memory: 5479.34 MB used, 16326.09 MB total
[2016.05.26-06.15.24:037][  0]LogMemory: Virtual Memory: 639.07 MB used, 134217728.00 MB total
[2016.05.26-06.15.24:068][  0]LogTextLocalizationManager: No specific translations for ('en-US') exist, so ('en') translations will be used.
[2016.05.26-06.15.24:419][  0]LogD3D11RHI: D3D11 adapters:
[2016.05.26-06.15.24:442][  0]LogD3D11RHI:    0. 'NVIDIA GeForce GTX 780' (Feature Level 11_0)
[2016.05.26-06.15.24:442][  0]LogD3D11RHI:       3013MB of dedicated video memory, 0MB of dedicated system memory, and 8163MB of shared system memory, 2 output[s]
[2016.05.26-06.15.24:444][  0]LogD3D11RHI:    1. 'Microsoft Basic Render Driver' (Feature Level 11_0)
[2016.05.26-06.15.24:444][  0]LogD3D11RHI:       0MB of dedicated video memory, 0MB of dedicated system memory, and 8163MB of shared system memory, 0 output[s]
[2016.05.26-06.15.24:444][  0]LogD3D11RHI: Chosen D3D11 Adapter: 0
[2016.05.26-06.15.24:448][  0]LogD3D11RHI: Creating new Direct3DDevice
[2016.05.26-06.15.24:448][  0]LogD3D11RHI:     Adapter Name: NVIDIA GeForce GTX 780
[2016.05.26-06.15.24:448][  0]LogD3D11RHI:   Driver Version: 10.18.13.6510 (internal 10.18.13.6510)
[2016.05.26-06.15.24:448][  0]LogD3D11RHI:      Driver Date: 4-27-2016
[2016.05.26-06.15.24:448][  0]LogRHI: Texture pool is 1361 MB (70% of 1945 MB)
[2016.05.26-06.15.24:460][  0]LogD3D11RHI: Async texture creation enabled
[2016.05.26-06.15.24:471][  0]LogShaderCompilers: Guid format shader working directory is 13 characters bigger than the processId version (D:/Git/RiggingShooter/GameJamRigging/Intermediate/Shaders/WorkingDirectory/5528/).
[2016.05.26-06.15.24:472][  0]LogShaderCompilers: Cleaned the shader compiler working directory 'C:/Users/THECO_~1/AppData/Local/Temp/UnrealShaderWorkingDir/B9752C2146D7DB263E0B468114E3FF90/'.
[2016.05.26-06.15.24:472][  0]LogShaderCompilers:Display: Using Local Shader Compiler.
[2016.05.26-06.15.25:421][  0]LogTemp:Display: Loaded TP AllDesktopTargetPlatform
[2016.05.26-06.15.25:425][  0]LogTemp:Display: Loaded TP WindowsClientTargetPlatform
[2016.05.26-06.15.25:427][  0]LogTemp:Display: Loaded TP WindowsNoEditorTargetPlatform
[2016.05.26-06.15.25:433][  0]LogTemp:Display: Loaded TP WindowsServerTargetPlatform
[2016.05.26-06.15.25:438][  0]LogTemp:Display: Loaded TP WindowsTargetPlatform
[2016.05.26-06.15.25:440][  0]LogTemp:Display: Loaded TP AndroidTargetPlatform
[2016.05.26-06.15.25:443][  0]LogTemp:Display: Loaded TP Android_ASTCTargetPlatform
[2016.05.26-06.15.25:446][  0]LogTemp:Display: Loaded TP Android_ATCTargetPlatform
[2016.05.26-06.15.25:449][  0]LogTemp:Display: Loaded TP Android_DXTTargetPlatform
[2016.05.26-06.15.25:452][  0]LogTemp:Display: Loaded TP Android_ETC1TargetPlatform
[2016.05.26-06.15.25:454][  0]LogTemp:Display: Loaded TP Android_ETC2TargetPlatform
[2016.05.26-06.15.25:460][  0]LogTemp:Display: Loaded TP Android_MultiTargetPlatform
[2016.05.26-06.15.25:460][  0]LogTemp:Display: Loaded TP Android_PVRTCTargetPlatform
[2016.05.26-06.15.25:460][  0]LogTemp:Display: Loaded TP HTML5TargetPlatform
[2016.05.26-06.15.25:476][  0]LogTemp:Display: Loaded TP IOSTargetPlatform
[2016.05.26-06.15.25:479][  0]LogTemp:Display: Loaded TP TVOSTargetPlatform
[2016.05.26-06.15.25:482][  0]LogTemp:Display: Loaded TP LinuxNoEditorTargetPlatform
[2016.05.26-06.15.25:485][  0]LogTemp:Display: Loaded TP LinuxServerTargetPlatform
[2016.05.26-06.15.25:487][  0]LogTemp:Display: Loaded TP LinuxTargetPlatform
[2016.05.26-06.15.25:487][  0]LogTargetPlatformManager:Display: Building Assets For Windows
[2016.05.26-06.15.25:548][  0]LogDerivedDataCache:Display: Max Cache Size: 512 MB
[2016.05.26-06.15.25:596][  0]LogDerivedDataCache: Loaded boot cache 0.05s 46MB C:/Users/theco_000/AppData/Local/UnrealEngine/4.11/DerivedDataCache/Boot.ddc.
[2016.05.26-06.15.25:596][  0]LogDerivedDataCache:Display: Loaded Boot cache: C:/Users/theco_000/AppData/Local/UnrealEngine/4.11/DerivedDataCache/Boot.ddc
[2016.05.26-06.15.25:596][  0]LogDerivedDataCache: FDerivedDataBackendGraph:  Pak pak cache file D:/Git/RiggingShooter/GameJamRigging/DerivedDataCache/DDC.ddp not found, will not use a pak cache.
[2016.05.26-06.15.25:596][  0]LogDerivedDataCache: Unable to find inner node Pak for hierarchical cache Hierarchy.
[2016.05.26-06.15.25:596][  0]LogDerivedDataCache: FDerivedDataBackendGraph:  CompressedPak pak cache file D:/Git/RiggingShooter/GameJamRigging/DerivedDataCache/Compressed.ddp not found, will not use a pak cache.
[2016.05.26-06.15.25:596][  0]LogDerivedDataCache: Unable to find inner node CompressedPak for hierarchical cache Hierarchy.
[2016.05.26-06.15.25:611][  0]LogDerivedDataCache:Display: Pak cache opened for reading ../../../Engine/DerivedDataCache/Compressed.ddp.
[2016.05.26-06.15.25:623][  0]LogDerivedDataCache: Using Local data cache path C:/Users/theco_000/AppData/Local/UnrealEngine/Common/DerivedDataCache: Writable
[2016.05.26-06.15.25:788][  0]LogInit: Selected Device Profile: [Windows]
[2016.05.26-06.15.25:788][  0]LogContentStreaming: Texture pool size is 0.00 MB
[2016.05.26-06.15.25:822][  0]LogMaterial: Uniform references updated for custom material expression Custom.
[2016.05.26-06.15.25:940][  0]LogMeshUtilities: No automatic mesh reduction module available
[2016.05.26-06.15.25:940][  0]LogMeshUtilities: No automatic mesh merging module available
[2016.05.26-06.15.25:940][  0]LogMeshUtilities: No distributed automatic mesh merging module available
[2016.05.26-06.15.26:140][  0]LogUObjectArray: 27679 objects as part of root set at end of initial load.
[2016.05.26-06.15.26:140][  0]LogUObjectAllocator: 5591592 out of 0 bytes used by permanent object pool.
[2016.05.26-06.15.26:140][  0]LogUObjectArray: CloseDisregardForGC: 0/0 objects in disregard for GC pool
[2016.05.26-06.15.26:145][  0]LogInit: WinSock: version 1.1 (2.2), MaxSocks=32767, MaxUdp=65467
[2016.05.26-06.15.26:222][  0]LogSlate: SlateFontCache - WITH_FREETYPE: 1, WITH_HARFBUZZ: 1
[2016.05.26-06.15.26:222][  0]LogSlate: SlateFontCache - WITH_FREETYPE: 1, WITH_HARFBUZZ: 1
[2016.05.26-06.15.26:305][  0]LogStreaming:Warning: Failed to read file '../../../Engine/Content/Editor/Slate/Common/Selection_16x.png' error.
[2016.05.26-06.15.26:305][  0]LogSlate: Could not find file for Slate resource: ../../../Engine/Content/Editor/Slate/Common/Selection_16x.png
[2016.05.26-06.15.26:305][  0]LogStreaming:Warning: Failed to read file '../../../Engine/Content/Editor/Slate/Common/Selection_16x.png' error.
[2016.05.26-06.15.26:305][  0]LogSlate: Could not find file for Slate resource: ../../../Engine/Content/Editor/Slate/Common/Selection_16x.png
[2016.05.26-06.15.26:305][  0]LogStreaming:Warning: Failed to read file '../../../Engine/Content/Editor/Slate/Common/Selection_16x.png' error.
[2016.05.26-06.15.26:305][  0]LogSlate: Could not find file for Slate resource: ../../../Engine/Content/Editor/Slate/Common/Selection_16x.png
[2016.05.26-06.15.26:779][  0]LogUdpMessaging: Initializing bridge on interface 0.0.0.0:0 to multicast group 230.0.0.1:6666.
[2016.05.26-06.15.26:877][  0]LogAssetRegistry: FAssetRegistry took 0.0214 seconds to start up
[2016.05.26-06.15.27:016][  0]SourceControl: Info Source control is disabled
[2016.05.26-06.15.27:017][  0]SourceControl: Info Source control is disabled
[2016.05.26-06.15.27:025][  0]SourceControl: Info Source control is disabled
[2016.05.26-06.15.27:030][  0]SourceControl: Info Source control is disabled
[2016.05.26-06.15.27:126][  0]LogHMD: Failed to initialize OpenVR with code 110
[2016.05.26-06.15.27:230][  0]LogEngine: Initializing Engine...
[2016.05.26-06.15.27:358][  0]LogAIModule: Creating AISystem for world NewWorld
[2016.05.26-06.15.27:367][  0]LogInit: XAudio2 using 'Speakers (Realtek High Definition Audio)' : 2 channels at 48 kHz using 32 bits per sample (channel mask 0x3)
[2016.05.26-06.15.27:377][  0]LogInit: FAudioDevice initialized.
[2016.05.26-06.15.27:399][  0]LogDerivedDataCache: Saved boot cache 0.02s 46MB C:/Users/theco_000/AppData/Local/UnrealEngine/4.11/DerivedDataCache/Boot.ddc.
[2016.05.26-06.15.27:402][  0]LogInit: Texture streaming: Enabled
[2016.05.26-06.15.27:423][  0]LogInit: Transaction tracking system initialized
[2016.05.26-06.15.27:441][  0]BlueprintLog: New page: Editor Load
[2016.05.26-06.15.27:498][  0]LocalizationService: Info Localization service is disabled
[2016.05.26-06.15.27:556][  0]LogConsoleResponse:Display: 
[2016.05.26-06.15.27:652][  0]LogCook:Display: Max memory allowance for cook 8192mb
[2016.05.26-06.15.27:652][  0]LogCook:Display: Mobile HDR setting 1
[2016.05.26-06.15.27:652][  0]LogCook:Display: Done creating registry. It took  0.00s.
[2016.05.26-06.15.27:691][  0]LogFileCache: Scanning file cache for directory 'D:/Git/RiggingShooter/GameJamRigging/Content/' took 0.02s
[2016.05.26-06.15.27:691][  0]SourceControl: Info Source control is disabled
[2016.05.26-06.15.27:692][  0]Cmd: MAP LOAD FILE="D:/Git/RiggingShooter/GameJamRigging/Content/Maps/ChrisTest.umap" TEMPLATE=0 SHOWPROGRESS=1 FEATURELEVEL=3
[2016.05.26-06.15.27:692][  0]LightingResults: New page: Lighting Build
[2016.05.26-06.15.27:694][  0]MapCheck: New page: Map Check
[2016.05.26-06.15.27:694][  0]LightingResults: New page: Lighting Build
[2016.05.26-06.15.28:866][  0]LogAIModule: Creating AISystem for world ChrisTest
[2016.05.26-06.15.28:873][  0]LogEditorServer: Finished looking for orphan Actors (0.000 secs)
[2016.05.26-06.15.28:873][  0]Cmd: MAP CHECKDEP NOCLEARLOG
[2016.05.26-06.15.28:915][  0]MapCheck: Info Map check complete: 0 Error(s), 0 Warning(s), took 41.057ms to complete.
[2016.05.26-06.15.28:915][  0]LogFileHelpers: Loading map 'ChrisTest' took 1.223
[2016.05.26-06.15.29:038][  0]LogCollectionManager: Loaded 0 collections in 0.001338 seconds
[2016.05.26-06.15.29:080][  0]LogFileCache: Scanning file cache for directory 'D:/Git/RiggingShooter/GameJamRigging/Saved/Collections/' took 0.01s
[2016.05.26-06.15.29:080][  0]LogFileCache: Scanning file cache for directory 'D:/Git/RiggingShooter/GameJamRigging/Content/Developers/theco000/Collections/' took 0.01s
[2016.05.26-06.15.29:080][  0]LogFileCache: Scanning file cache for directory 'D:/Git/RiggingShooter/GameJamRigging/Content/Collections/' took 0.01s
[2016.05.26-06.15.29:080][  0]LogCollectionManager: Rebuilt the GUID cache for 0 collections in 0.000003 seconds
[2016.05.26-06.15.29:086][  0]LogContentBrowser: Native class hierarchy populated in 0.0064 seconds. Added 1979 classes and 343 folders.
[2016.05.26-06.15.29:089][  0]LogStats: UGameplayTagsManager::ConstructGameplayTagTree: Construct from data asset -  0.000 s
[2016.05.26-06.15.29:089][  0]LogStats: UGameplayTagsManager::ConstructGameplayTagTree: GameplayTagTreeChangedEvent.Broadcast -  0.000 s
[2016.05.26-06.15.29:090][  0]LogContentBrowser: Native class hierarchy updated for 'GameplayTags' in 0.0004 seconds. Added 12 classes and 0 folders.
[2016.05.26-06.15.29:093][  0]LogContentBrowser: Native class hierarchy updated for 'WidgetCarousel' in 0.0003 seconds. Added 0 classes and 0 folders.
[2016.05.26-06.15.29:097][  0]LogContentBrowser: Native class hierarchy updated for 'SuperSearch' in 0.0003 seconds. Added 1 classes and 2 folders.
[2016.05.26-06.15.29:140][  0]LogContentBrowser: Native class hierarchy updated for 'AddContentDialog' in 0.0003 seconds. Added 0 classes and 0 folders.
[2016.05.26-06.15.29:146][  0]LogContentBrowser: Native class hierarchy updated for 'WorldBrowser' in 0.0003 seconds. Added 1 classes and 3 folders.
[2016.05.26-06.15.29:150][  0]LogContentBrowser: Native class hierarchy updated for 'SceneOutliner' in 0.0003 seconds. Added 1 classes and 2 folders.
[2016.05.26-06.15.29:206][  0]LogCrashTracker: Crashtracker disabled due to settings.
[2016.05.26-06.15.29:210][  0]LogUObjectGlobals:Warning: Failed to find object 'Class None.'
[2016.05.26-06.15.29:236][  0]LogContentBrowser: Native class hierarchy updated for 'HierarchicalLODOutliner' in 0.0004 seconds. Added 1 classes and 2 folders.
[2016.05.26-06.15.29:236][  0]LogLoad: Full Startup: 5.89 seconds (BP compile: 0.36 seconds)
[2016.05.26-06.15.29:236][  0]LogExternalProfiler: Found external profiler: VSPerf
[2016.05.26-06.15.29:236][  0]LogExternalProfiler: Using external profiler: VSPerf
[2016.05.26-06.15.29:245][  0]LogOcInput: OculusInput pre-init called
[2016.05.26-06.15.29:287][  0]LogContentStreaming: Texture pool size now 1000 MB
[2016.05.26-06.15.29:443][  0]LogRenderer: Reallocating scene render targets to support 1596x808 (Frame:2).
[2016.05.26-06.15.29:526][  1]LogAssetRegistry: Asset discovery search completed in 2.6700 seconds
[2016.05.26-06.15.29:526][  1]LogCollectionManager: Rebuilt the object cache for 0 collections in 0.000001 seconds (found 0 objects)
[2016.05.26-06.15.29:526][  1]LogCollectionManager: Fixed up redirectors for 0 collections in 0.000020 seconds (updated 0 objects)
[2016.05.26-06.22.03:220][592]LogActorComponent: UnregisterComponent: (/Engine/Transient.ProjectileMovementComponent_40__A6522401) Not registered. Aborting.
[2016.05.26-06.22.03:220][592]LogActorComponent: UnregisterComponent: (/Engine/Transient.CharMoveComp) Not registered. Aborting.
[2016.05.26-06.22.03:220][592]LogActorComponent: UnregisterComponent: (/Engine/Transient.CharacterMovementComponent_0) Not registered. Aborting.
[2016.05.26-06.22.05:789][680]LogEditorViewport: Clicking on Actor (LMB): SkeletalMeshActor (RiggingShooterEnemy1)
[2016.05.26-06.22.06:171][718]Cmd: DELETE
[2016.05.26-06.22.06:171][718]Cmd: ACTOR DELETE
[2016.05.26-06.22.06:173][718]LogEditorActor: Deleted Actor: SkeletalMeshActor
[2016.05.26-06.22.06:173][718]LogActorComponent: UnregisterComponent: (/Engine/Transient.CharMoveComp) Not registered. Aborting.
[2016.05.26-06.22.06:182][718]LogEditorActor: Deleted 1 Actors (0.011 secs)
[2016.05.26-06.22.07:833][883]Cmd: OBJ SAVEPACKAGE PACKAGE="/Game/Maps/ChrisTest" FILE="D:/Git/RiggingShooter/GameJamRigging/Content/Maps/ChrisTest.umap" SILENT=true AUTOSAVING=false KEEPDIRTY=false
[2016.05.26-06.22.07:988][883]LogSavePackage: Save=131.14ms
[2016.05.26-06.22.07:988][883]LogSavePackage: Moving 'D:/Git/RiggingShooter/GameJamRigging/Saved/ChrisTestB84DBB24454ADC967C3DAFA7087E98EE.tmp' to 'D:/Git/RiggingShooter/GameJamRigging/Content/Maps/ChrisTest.umap'
[2016.05.26-06.22.07:990][883]LogSavePackage: Total save time: 149.54ms
[2016.05.26-06.22.07:990][883]LogSavePackage:Display: Finished SavePackage D:/Git/RiggingShooter/GameJamRigging/Content/Maps/ChrisTest.umap
[2016.05.26-06.22.08:023][883]LogFileHelpers: Saving map 'ChrisTest' took 0.234
[2016.05.26-06.22.11:589][232]LogContentBrowser: Native class hierarchy updated for 'BlueprintGraph' in 0.0007 seconds. Added 108 classes and 0 folders.
[2016.05.26-06.22.18:733][576]LogActorComponent: UnregisterComponent: (/Engine/Transient.CharMoveComp) Not registered. Aborting.
[2016.05.26-06.22.18:733][576]LogActorComponent: UnregisterComponent: (/Engine/Transient.ProjectileMovementComponent_40__A6522401) Not registered. Aborting.
[2016.05.26-06.22.19:732][636]BlueprintLog: New page: Compile Player
[2016.05.26-06.22.19:969][636]LogActorComponent: UnregisterComponent: (/Engine/Transient.CharacterMovementComponent_1) Not registered. Aborting.
[2016.05.26-06.22.20:140][636]BlueprintEditorCompileResults: Info [0416.79] Compile of Player successful! [in 408 ms]
[2016.05.26-06.22.20:549][648]LogActorComponent: UnregisterComponent: (/Engine/Transient.CharMoveComp) Not registered. Aborting.
[2016.05.26-06.22.20:549][648]LogActorComponent: UnregisterComponent: (/Engine/Transient.CharacterMovementComponent_2) Not registered. Aborting.
[2016.05.26-06.22.20:602][648]Cmd: OBJ SAVEPACKAGE PACKAGE="/Game/Blueprints/Player" FILE="D:/Git/RiggingShooter/GameJamRigging/Content/Blueprints/Player.uasset" SILENT=true
[2016.05.26-06.22.21:104][648]LogSavePackage: Save=486.16ms
[2016.05.26-06.22.21:104][648]LogSavePackage: Moving 'D:/Git/RiggingShooter/GameJamRigging/Saved/Player7A0CF9FD48C994E398FFB58E921BAD19.tmp' to 'D:/Git/RiggingShooter/GameJamRigging/Content/Blueprints/Player.uasset'
[2016.05.26-06.22.21:105][648]LogSavePackage: Total save time: 503.21ms
[2016.05.26-06.22.21:105][648]LogSavePackage:Display: Finished SavePackage D:/Git/RiggingShooter/GameJamRigging/Content/Blueprints/Player.uasset
[2016.05.26-06.22.28:107][327]LogActorComponent: UnregisterComponent: (/Engine/Transient.CharMoveComp) Not registered. Aborting.
[2016.05.26-06.22.28:107][327]LogActorComponent: UnregisterComponent: (/Engine/Transient.ProjectileMovementComponent_40__A6522401) Not registered. Aborting.
[2016.05.26-06.22.34:429][457]LogFactory: FactoryCreateBinary: StaticMesh with FbxFactory (0 0 D:\GameAssets\RiggingShooter\RiggingShooterEnemy1.fbx)
[2016.05.26-06.22.34:436][457]LogFbx: ItemName: GlobalSettings, ItemCount : 1
[2016.05.26-06.22.34:436][457]LogFbx: ItemName: NodeAttribute, ItemCount : 22
[2016.05.26-06.22.34:436][457]LogFbx: ItemName: Geometry, ItemCount : 2
[2016.05.26-06.22.34:436][457]LogFbx: ItemName: Model, ItemCount : 24
[2016.05.26-06.22.34:436][457]LogFbx: ItemName: Pose, ItemCount : 2
[2016.05.26-06.22.34:436][457]LogFbx: ItemName: Deformer, ItemCount : 43
[2016.05.26-06.22.34:436][457]LogFbx: ItemName: Material, ItemCount : 2
[2016.05.26-06.22.34:436][457]LogFbx: ItemName: AnimationStack, ItemCount : 3
[2016.05.26-06.22.34:436][457]LogFbx: ItemName: AnimationLayer, ItemCount : 3
[2016.05.26-06.22.34:436][457]LogFbx: ItemName: AnimationCurveNode, ItemCount : 198
[2016.05.26-06.22.34:436][457]LogFbx: ItemName: AnimationCurve, ItemCount : 594
[2016.05.26-06.22.34:441][457]LogFbx: Loading FBX Scene from D:\GameAssets\RiggingShooter\RiggingShooterEnemy1.fbx
[2016.05.26-06.22.34:475][457]LogFbx: FBX Scene Loaded Succesfully
[2016.05.26-06.22.50:560][457]LogFbx: Loading FBX Scene from D:\GameAssets\RiggingShooter\RiggingShooterEnemy1.fbx
[2016.05.26-06.22.50:591][457]LogFbx: FBX Scene Loaded Succesfully
[2016.05.26-06.22.50:594][457]LogFbx: =================================================
[2016.05.26-06.22.50:594][457]LogFbx: Dumping Node START [Body] 
[2016.05.26-06.22.50:594][457]LogFbx: 	Total Deformer Count -1462305392.
[2016.05.26-06.22.50:594][457]LogFbx: 		[Node 1] Armature (Type Skin).
[2016.05.26-06.22.50:594][457]LogFbx: =================================================
[2016.05.26-06.22.50:594][457]LogFbx: 	Attribute (Cube.001) Type (4).
[2016.05.26-06.22.50:594][457]LogFbx: 		[Node Attribute Child 1] Body (Type Mesh).
[2016.05.26-06.22.50:594][457]LogFbx: Dumping Node END [Body]
[2016.05.26-06.22.50:594][457]LogFbx: =================================================
[2016.05.26-06.22.50:594][457]LogFbx: Dumping Node START [Cube] 
[2016.05.26-06.22.50:594][457]LogFbx: 	Total Deformer Count -1462305392.
[2016.05.26-06.22.50:594][457]LogFbx: 		[Node 1] Armature (Type Skin).
[2016.05.26-06.22.50:594][457]LogFbx: =================================================
[2016.05.26-06.22.50:594][457]LogFbx: 	Attribute (Cube.000) Type (4).
[2016.05.26-06.22.50:594][457]LogFbx: 		[Node Attribute Child 1] Cube (Type Mesh).
[2016.05.26-06.22.50:594][457]LogFbx: Dumping Node END [Cube]
[2016.05.26-06.22.50:594][457]LogFbx: =================================================
[2016.05.26-06.22.50:594][457]LogFbx: Dumping Node START [Body] 
[2016.05.26-06.22.50:594][457]LogFbx: 	Total Deformer Count -1462305392.
[2016.05.26-06.22.50:594][457]LogFbx: 		[Node 1] Armature (Type Skin).
[2016.05.26-06.22.50:594][457]LogFbx: =================================================
[2016.05.26-06.22.50:594][457]LogFbx: 	Attribute (Cube.001) Type (4).
[2016.05.26-06.22.50:594][457]LogFbx: 		[Node Attribute Child 1] Body (Type Mesh).
[2016.05.26-06.22.50:594][457]LogFbx: Dumping Node END [Body]
[2016.05.26-06.22.50:594][457]LogFbx: =================================================
[2016.05.26-06.22.50:594][457]LogFbx: Dumping Node START [Cube] 
[2016.05.26-06.22.50:594][457]LogFbx: 	Total Deformer Count -1462305392.
[2016.05.26-06.22.50:595][457]LogFbx: 		[Node 1] Armature (Type Skin).
[2016.05.26-06.22.50:595][457]LogFbx: =================================================
[2016.05.26-06.22.50:595][457]LogFbx: 	Attribute (Cube.000) Type (4).
[2016.05.26-06.22.50:595][457]LogFbx: 		[Node Attribute Child 1] Cube (Type Mesh).
[2016.05.26-06.22.50:595][457]LogFbx: Dumping Node END [Cube]
[2016.05.26-06.22.50:595][457]LogFbx:Warning: Not valid bind pose for Pose (Cube.001) - Node Body : The relative matrices do not match
[2016.05.26-06.22.50:595][457]LogFbx:Warning: Not valid bind pose for Pose (Cube.001) - Node Cube : The relative matrices do not match
[2016.05.26-06.22.50:595][457]LogFbx: Valid bind pose for Pose (Cube.000) - Body
[2016.05.26-06.22.50:596][457]LogLinker:Warning: Can't find file '/Game/Models/Enemy1/Material'
[2016.05.26-06.22.50:596][457]LogLinker:Warning: Can't find file '/Game/Models/Enemy1/Material'
[2016.05.26-06.22.50:599][457]LogMaterial: Missing cached shader map for material Material, compiling. 
[2016.05.26-06.22.50:621][457]LogLinker:Warning: Can't find file '/Game/Models/Enemy1/Material_001'
[2016.05.26-06.22.50:621][457]LogLinker:Warning: Can't find file '/Game/Models/Enemy1/Material_001'
[2016.05.26-06.22.50:625][457]LogMaterial: Missing cached shader map for material Material_001, compiling. 
[2016.05.26-06.22.50:633][457]LogFbx: Triangulating skeletal mesh Body
[2016.05.26-06.22.50:722][457]LogFbx: Triangulating skeletal mesh Cube
[2016.05.26-06.22.50:736][457]LogFbx:Warning: Bones digested - 35  Depth of hierarchy - 7
[2016.05.26-06.22.50:743][457]LogSkeletalMesh: Chunk 0: 198 rigid vertices, 846 soft vertices, 16 active bones
[2016.05.26-06.22.50:743][457]LogSkeletalMesh: Chunk 1: 387 rigid vertices, 368 soft vertices, 13 active bones
[2016.05.26-06.22.50:744][457]LogSkeletalMesh: Section 0: Material=0, Chunk=0, 550 triangles
[2016.05.26-06.22.50:744][457]LogSkeletalMesh: Section 1: Material=1, Chunk=1, 458 triangles
[2016.05.26-06.22.50:746][457]LogLinker:Warning: Can't find file '/Game/Models/Enemy1/RiggingShooterEnemy1_PhysicsAsset'
[2016.05.26-06.22.50:746][457]LogLinker:Warning: Can't find file '/Game/Models/Enemy1/RiggingShooterEnemy1_PhysicsAsset'
[2016.05.26-06.22.50:746][457]LogUObjectGlobals:Warning: Failed to find object 'Object /Game/Models/Enemy1/RiggingShooterEnemy1_PhysicsAsset.RiggingShooterEnemy1_PhysicsAsset'
[2016.05.26-06.22.50:753][457]FBXImport:Warning: Warning Warning: No smoothing group information was found in this FBX scene.  Please make sure to enable the 'Export Smoothing Groups' option in the FBX Exporter plug-in before exporting the file.  Even for tools that don't support smoothing groups, the FBX Exporter will generate appropriate smoothing data at export-time so that correct vertex normals can be inferred while importing. 
[2016.05.26-06.22.50:753][457]FBXImport:Warning: Warning The following bones are missing from the bind pose:
Knee.L_end  
Knee.R_end  
Elbow.L_end  
Elbow.R_end  
Head_end  
Hand.l_end  
Gun_end  
Foot.l_end  
Foot.R_end  
ArmIK.l_end  
ArmIK.R_end  
FootIK.L_end  
FootIK.R_end  

This can happen for bones that are not vert weighted. If they are not in the correct orientation after importing,
please set the "Use T0 as ref pose" option or add them to the bind pose and reimport the skeletal mesh. 
[2016.05.26-06.22.50:753][457]FBXImport:Warning: Warning Mesh 'Body' has no UV set. Creating a default set. 
[2016.05.26-06.22.50:753][457]FBXImport:Warning: Warning Mesh 'Cube' has no UV set. Creating a default set. 
[2016.05.26-06.22.50:767][457]LogMaterial:Warning: Material /Game/Models/Enemy1/Material.Material needed to have new flag set bUsedWithSkeletalMesh !
[2016.05.26-06.22.50:768][457]LogMaterial: Missing cached shader map for material Material, compiling. 
[2016.05.26-06.22.50:791][457]LogMaterial: 0.00 seconds spent updating 1 materials, 1 interfaces, 0 instances, 0 with static permutations.
[2016.05.26-06.22.50:791][457]LogMaterial:Warning: Material /Game/Models/Enemy1/Material_001.Material_001 needed to have new flag set bUsedWithSkeletalMesh !
[2016.05.26-06.22.50:794][457]LogMaterial: Missing cached shader map for material Material_001, compiling. 
[2016.05.26-06.22.50:818][457]LogMaterial: 0.00 seconds spent updating 1 materials, 1 interfaces, 0 instances, 0 with static permutations.
[2016.05.26-06.22.53:918][721]LogActorComponent: UnregisterComponent: (/Engine/Transient.ProjectileMovementComponent_40__A6522401) Not registered. Aborting.
[2016.05.26-06.22.53:918][721]LogActorComponent: UnregisterComponent: (/Engine/Transient.CharMoveComp) Not registered. Aborting.
[2016.05.26-06.22.53:969][721]Cmd: OBJ SAVEPACKAGE PACKAGE="/Game/Models/Enemy1/RiggingShooterEnemy1_PhysicsAsset" FILE="D:/Git/RiggingShooter/GameJamRigging/Content/Models/Enemy1/RiggingShooterEnemy1_PhysicsAsset.uasset" SILENT=true
[2016.05.26-06.22.53:976][721]LogSavePackage: Save=6.19ms
[2016.05.26-06.22.53:976][721]LogSavePackage: Moving 'D:/Git/RiggingShooter/GameJamRigging/Saved/RiggingShooterEnemy1_PhysicsAsset0C38C83140A8C32B162BAD86430ECF84.tmp' to 'D:/Git/RiggingShooter/GameJamRigging/Content/Models/Enemy1/RiggingShooterEnemy1_PhysicsAsset.uasset'
[2016.05.26-06.22.53:978][721]LogSavePackage: Total save time: 7.63ms
[2016.05.26-06.22.53:978][721]LogSavePackage:Display: Finished SavePackage D:/Git/RiggingShooter/GameJamRigging/Content/Models/Enemy1/RiggingShooterEnemy1_PhysicsAsset.uasset
[2016.05.26-06.23.01:279][721]Cmd: OBJ SAVEPACKAGE PACKAGE="/Game/Models/Enemy1/Material_001" FILE="D:/Git/RiggingShooter/GameJamRigging/Content/Models/Enemy1/Material_001.uasset" SILENT=true
[2016.05.26-06.23.01:290][721]LogSavePackage: Save=10.01ms
[2016.05.26-06.23.01:290][721]LogSavePackage: Moving 'D:/Git/RiggingShooter/GameJamRigging/Saved/Material_0018820944544E9151D1E9B5D81428AF4CC.tmp' to 'D:/Git/RiggingShooter/GameJamRigging/Content/Models/Enemy1/Material_001.uasset'
[2016.05.26-06.23.01:291][721]LogSavePackage: Total save time: 11.01ms
[2016.05.26-06.23.01:291][721]LogSavePackage:Display: Finished SavePackage D:/Git/RiggingShooter/GameJamRigging/Content/Models/Enemy1/Material_001.uasset
[2016.05.26-06.23.01:312][721]Cmd: OBJ SAVEPACKAGE PACKAGE="/Game/Models/Enemy1/Material" FILE="D:/Git/RiggingShooter/GameJamRigging/Content/Models/Enemy1/Material.uasset" SILENT=true
[2016.05.26-06.23.01:322][721]LogSavePackage: Save=8.98ms
[2016.05.26-06.23.01:322][721]LogSavePackage: Moving 'D:/Git/RiggingShooter/GameJamRigging/Saved/MaterialDA5C35C94B886E52004F20AFD0717F6E.tmp' to 'D:/Git/RiggingShooter/GameJamRigging/Content/Models/Enemy1/Material.uasset'
[2016.05.26-06.23.01:323][721]LogSavePackage: Total save time: 10.03ms
[2016.05.26-06.23.01:323][721]LogSavePackage:Display: Finished SavePackage D:/Git/RiggingShooter/GameJamRigging/Content/Models/Enemy1/Material.uasset
[2016.05.26-06.23.01:342][721]Cmd: OBJ SAVEPACKAGE PACKAGE="/Game/Models/Enemy1/RiggingShooterEnemy1" FILE="D:/Git/RiggingShooter/GameJamRigging/Content/Models/Enemy1/RiggingShooterEnemy1.uasset" SILENT=true
[2016.05.26-06.23.01:356][721]LogSavePackage: Save=12.63ms
[2016.05.26-06.23.01:356][721]LogSavePackage: Moving 'D:/Git/RiggingShooter/GameJamRigging/Saved/RiggingShooterEnemy183B1E79B4B7DC5FCF8FB959D364D78CF.tmp' to 'D:/Git/RiggingShooter/GameJamRigging/Content/Models/Enemy1/RiggingShooterEnemy1.uasset'
[2016.05.26-06.23.01:357][721]LogSavePackage: Total save time: 13.66ms
[2016.05.26-06.23.01:357][721]LogSavePackage:Display: Finished SavePackage D:/Git/RiggingShooter/GameJamRigging/Content/Models/Enemy1/RiggingShooterEnemy1.uasset
[2016.05.26-06.23.04:224][730]LogSkeletalMesh: InitArticulated: Bodies already created (/Engine/Transient.DebugSkelMeshComponent_0) - call TermArticulated first.
[2016.05.26-06.23.04:296][730]LogRenderer: Reallocating scene render targets to support 1596x848 (Frame:7029).
[2016.05.26-06.23.05:989][856]LogRenderer: Reallocating scene render targets to support 1596x1240 (Frame:7322).
[2016.05.26-06.23.06:026][858]LogRenderTargetPool:Warning: r.RenderTargetPoolMin exceeded 414/400 MB (ok in editor, bad on fixed memory platform)
[2016.05.26-06.23.22:150][701]Cmd: OBJ SAVEPACKAGE PACKAGE="/Game/Models/Enemy1/RiggingShooterEnemy1" FILE="D:/Git/RiggingShooter/GameJamRigging/Content/Models/Enemy1/RiggingShooterEnemy1.uasset" SILENT=true
[2016.05.26-06.23.22:177][701]LogSavePackage: Save=12.28ms
[2016.05.26-06.23.22:177][701]LogSavePackage: Moving 'D:/Git/RiggingShooter/GameJamRigging/Saved/RiggingShooterEnemy1CC450EDF498BF1E8BEAF3B8CD9C021E4.tmp' to 'D:/Git/RiggingShooter/GameJamRigging/Content/Models/Enemy1/RiggingShooterEnemy1.uasset'
[2016.05.26-06.23.22:178][701]LogSavePackage: Total save time: 28.01ms
[2016.05.26-06.23.22:178][701]LogSavePackage:Display: Finished SavePackage D:/Git/RiggingShooter/GameJamRigging/Content/Models/Enemy1/RiggingShooterEnemy1.uasset
[2016.05.26-06.23.28:986][409]LogSkeletalMesh: InitArticulated: Bodies already created (/Engine/Transient.DebugSkelMeshComponent_1) - call TermArticulated first.
[2016.05.26-06.23.29:068][412]LogRenderTargetPool:Warning: r.RenderTargetPoolMin exceeded 410/400 MB (ok in editor, bad on fixed memory platform)
[2016.05.26-06.23.30:610][574]LogContentBrowser:Verbose: The majority of assets in the view are of type: AnimSequence
[2016.05.26-06.23.30:662][577]LogRenderer: Reallocating scene render targets to support 1596x1276 (Frame:11508).
[2016.05.26-06.23.32:854][823]LogRenderTargetPool:Warning: r.RenderTargetPoolMin exceeded 435/400 MB (ok in editor, bad on fixed memory platform)
[2016.05.26-06.23.34:438][972]LogSkeletalMesh: InitArticulated: Bodies already created (/Engine/Transient.DebugSkelMeshComponent_3) - call TermArticulated first.
[2016.05.26-06.23.34:578][975]LogRenderTargetPool:Warning: r.RenderTargetPoolMin exceeded 420/400 MB (ok in editor, bad on fixed memory platform)
[2016.05.26-06.23.35:840][ 70]LogRenderTargetPool:Warning: r.RenderTargetPoolMin exceeded 420/400 MB (ok in editor, bad on fixed memory platform)
[2016.05.26-06.24.20:339][190]BlueprintLog: New page: Compile RiggingCharacterAnimBP
[2016.05.26-06.24.20:429][190]BlueprintEditorCompileResults: Info [0537.08] Compile of RiggingCharacterAnimBP successful! [in 90 ms]
[2016.05.26-06.24.20:951][243]Cmd: OBJ SAVEPACKAGE PACKAGE="/Game/Models/Character/RiggingCharacterAnimBP" FILE="D:/Git/RiggingShooter/GameJamRigging/Content/Models/Character/RiggingCharacterAnimBP.uasset" SILENT=true
[2016.05.26-06.24.21:022][243]LogSavePackage: Save=55.83ms
[2016.05.26-06.24.21:022][243]LogSavePackage: Moving 'D:/Git/RiggingShooter/GameJamRigging/Saved/RiggingCharacterAnimBP1285C44B4C7E60FF5320FDA9934CB0F5.tmp' to 'D:/Git/RiggingShooter/GameJamRigging/Content/Models/Character/RiggingCharacterAnimBP.uasset'
[2016.05.26-06.24.21:023][243]LogSavePackage: Total save time: 71.49ms
[2016.05.26-06.24.21:023][243]LogSavePackage:Display: Finished SavePackage D:/Git/RiggingShooter/GameJamRigging/Content/Models/Character/RiggingCharacterAnimBP.uasset
[2016.05.26-06.24.40:872][302]LogActorComponent: UnregisterComponent: (/Engine/Transient.CharMoveComp) Not registered. Aborting.
[2016.05.26-06.24.40:872][302]LogActorComponent: UnregisterComponent: (/Engine/Transient.ProjectileMovementComponent_40__A6522401) Not registered. Aborting.
[2016.05.26-06.24.40:872][302]LogActorComponent: UnregisterComponent: (/Engine/Transient.CharacterMovementComponent_3) Not registered. Aborting.
[2016.05.26-06.24.41:152][327]LogActorComponent: UnregisterComponent: (/Engine/Transient.CharacterMovementComponent_4) Not registered. Aborting.
[2016.05.26-06.24.41:555][363]LogActorComponent: UnregisterComponent: (/Engine/Transient.CharacterMovementComponent_5) Not registered. Aborting.
[2016.05.26-06.24.44:096][586]LogActorComponent: UnregisterComponent: (/Engine/Transient.CharacterMovementComponent_6) Not registered. Aborting.
[2016.05.26-06.24.45:491][710]LogSlate:Warning: Prevented a slow task dialog from being summoned while a context menu was open
[2016.05.26-06.24.47:336][885]LogActorComponent: UnregisterComponent: (/Engine/Transient.CharacterMovementComponent_7) Not registered. Aborting.
[2016.05.26-06.24.49:775][122]BlueprintLog: New page: Compile Enemy_Basic
[2016.05.26-06.24.49:845][122]LogActorComponent: UnregisterComponent: (/Engine/Transient.CharacterMovementComponent_8) Not registered. Aborting.
[2016.05.26-06.24.50:019][122]BlueprintEditorCompileResults: Info [0566.67] Compile of Enemy_Basic successful! [in 243 ms]
[2016.05.26-06.25.44:302][867]LogActorComponent: UnregisterComponent: (/Engine/Transient.CharMoveComp) Not registered. Aborting.
[2016.05.26-06.25.44:356][867]Cmd: OBJ SAVEPACKAGE PACKAGE="/Game/Enemies/BasicEnemy/Enemy_Basic" FILE="D:/Git/RiggingShooter/GameJamRigging/Content/Enemies/BasicEnemy/Enemy_Basic.uasset" SILENT=true
[2016.05.26-06.25.44:573][867]LogSavePackage: Save=183.86ms
[2016.05.26-06.25.44:573][867]LogSavePackage: Moving 'D:/Git/RiggingShooter/GameJamRigging/Saved/Enemy_Basic1E9FDDB34C84AAD4F434D4B84CEE1AE0.tmp' to 'D:/Git/RiggingShooter/GameJamRigging/Content/Enemies/BasicEnemy/Enemy_Basic.uasset'
[2016.05.26-06.25.44:576][867]LogSavePackage: Total save time: 219.35ms
[2016.05.26-06.25.44:576][867]LogSavePackage:Display: Finished SavePackage D:/Git/RiggingShooter/GameJamRigging/Content/Enemies/BasicEnemy/Enemy_Basic.uasset
[2016.05.26-06.25.45:154][933]LogActorComponent: UnregisterComponent: (/Engine/Transient.CharMoveComp) Not registered. Aborting.
[2016.05.26-06.25.45:316][933]LogWindowsTextInputMethodSystem:Display: IME system now deactivated.
[2016.05.26-06.25.45:494][934]Cmd: QUIT_EDITOR
[2016.05.26-06.25.45:585][934]LogExit: Preparing to exit.
[2016.05.26-06.25.46:114][934]LogExit: Editor shut down
[2016.05.26-06.25.46:114][934]LogExit: Transaction tracking system shut down
[2016.05.26-06.25.46:252][934]LogObj: Freed 0b from 0 cluster array pools.
[2016.05.26-06.25.46:253][934]LogExit: Object subsystem successfully closed.
[2016.05.26-06.25.46:269][934]LogD3D11RHI: Shutdown
[2016.05.26-06.25.46:269][934]LogD3D11RHI: CleanupD3DDevice
[2016.05.26-06.25.46:341][934]LogD3D11RHI: ~FD3D11DynamicRHI
[2016.05.26-06.25.46:389][934]LogDerivedDataCache: Shutdown
[2016.05.26-06.25.46:389][934]LogModuleManager: Shutting down and abandoning module BlueprintGraph (206)
[2016.05.26-06.25.46:390][934]LogModuleManager: Shutting down and abandoning module HierarchicalLODOutliner (205)
[2016.05.26-06.25.46:390][934]LogModuleManager: Shutting down and abandoning module CrashTracker (204)
[2016.05.26-06.25.46:390][934]LogModuleManager: Shutting down and abandoning module SceneOutliner (203)
[2016.05.26-06.25.46:390][934]LogModuleManager: Shutting down and abandoning module WorldBrowser (202)
[2016.05.26-06.25.46:390][934]LogModuleManager: Shutting down and abandoning module SuperSearch (201)
[2016.05.26-06.25.46:390][934]LogModuleManager: Shutting down and abandoning module WidgetCarousel (200)
[2016.05.26-06.25.46:390][934]LogModuleManager: Shutting down and abandoning module AddContentDialog (199)
[2016.05.26-06.25.46:392][934]LogModuleManager: Shutting down and abandoning module GameplayTags (198)
[2016.05.26-06.25.46:392][934]LogModuleManager: Shutting down and abandoning module EditorWidgets (197)
[2016.05.26-06.25.46:392][934]LogModuleManager: Shutting down and abandoning module CollectionManager (196)
[2016.05.26-06.25.46:392][934]LogModuleManager: Shutting down and abandoning module StatsViewer (195)
[2016.05.26-06.25.46:392][934]LogModuleManager: Shutting down and abandoning module FoliageEdit (194)
[2016.05.26-06.25.46:392][934]LogModuleManager: Shutting down and abandoning module LandscapeEditor (193)
[2016.05.26-06.25.46:392][934]LogModuleManager: Shutting down and abandoning module ActorPickerMode (192)
[2016.05.26-06.25.46:392][934]LogModuleManager: Shutting down and abandoning module GeometryMode (191)
[2016.05.26-06.25.46:392][934]LogModuleManager: Shutting down and abandoning module TextureAlignMode (190)
[2016.05.26-06.25.46:392][934]LogModuleManager: Shutting down and abandoning module BspMode (189)
[2016.05.26-06.25.46:392][934]LogModuleManager: Shutting down and abandoning module PlacementMode (188)
[2016.05.26-06.25.46:392][934]LogModuleManager: Shutting down and abandoning module AutomationWorker (187)
[2016.05.26-06.25.46:392][934]LogModuleManager: Shutting down and abandoning module CharacterAI (186)
[2016.05.26-06.25.46:392][934]LogModuleManager: Shutting down and abandoning module SmartSnapping (185)
[2016.05.26-06.25.46:392][934]LogModuleManager: Shutting down and abandoning module ViewportSnapping (184)
[2016.05.26-06.25.46:392][934]LogModuleManager: Shutting down and abandoning module LogVisualizer (183)
[2016.05.26-06.25.46:393][934]LogModuleManager: Shutting down and abandoning module GameProjectGeneration (182)
[2016.05.26-06.25.46:393][934]LogModuleManager: Shutting down and abandoning module IntroTutorials (181)
[2016.05.26-06.25.46:393][934]LogModuleManager: Shutting down and abandoning module EditorLiveStreaming (180)
[2016.05.26-06.25.46:393][934]LogModuleManager: Shutting down and abandoning module IOSPlatformEditor (179)
[2016.05.26-06.25.46:393][934]LogModuleManager: Shutting down and abandoning module HTML5PlatformEditor (178)
[2016.05.26-06.25.46:393][934]LogModuleManager: Shutting down and abandoning module AndroidDeviceDetection (177)
[2016.05.26-06.25.46:694][934]LogModuleManager: Shutting down and abandoning module AndroidPlatformEditor (176)
[2016.05.26-06.25.46:695][934]LogModuleManager: Shutting down and abandoning module IOSRuntimeSettings (175)
[2016.05.26-06.25.46:695][934]LogModuleManager: Shutting down and abandoning module AndroidRuntimeSettings (174)
[2016.05.26-06.25.46:695][934]LogModuleManager: Shutting down and abandoning module MergeActors (173)
[2016.05.26-06.25.46:695][934]LogModuleManager: Shutting down and abandoning module SizeMap (172)
[2016.05.26-06.25.46:695][934]LogModuleManager: Shutting down and abandoning module TreeMap (171)
[2016.05.26-06.25.46:695][934]LogModuleManager: Shutting down and abandoning module ReferenceViewer (170)
[2016.05.26-06.25.46:695][934]LogModuleManager: Shutting down and abandoning module LocalizationService (169)
[2016.05.26-06.25.46:695][934]LogModuleManager: Shutting down and abandoning module LocalizationDashboard (168)
[2016.05.26-06.25.46:695][934]LogModuleManager: Shutting down and abandoning module HardwareTargeting (167)
[2016.05.26-06.25.46:695][934]LogModuleManager: Shutting down and abandoning module DeviceProfileEditor (166)
[2016.05.26-06.25.46:695][934]LogModuleManager: Shutting down and abandoning module UndoHistory (165)
[2016.05.26-06.25.46:695][934]LogModuleManager: Shutting down and abandoning module UserFeedback (164)
[2016.05.26-06.25.46:695][934]LogModuleManager: Shutting down and abandoning module XmlParser (163)
[2016.05.26-06.25.46:695][934]LogModuleManager: Shutting down and abandoning module Blutility (162)
[2016.05.26-06.25.46:695][934]LogModuleManager: Shutting down and abandoning module ProjectTargetPlatformEditor (161)
[2016.05.26-06.25.46:695][934]LogModuleManager: Shutting down and abandoning module ProjectSettingsViewer (160)
[2016.05.26-06.25.46:695][934]LogModuleManager: Shutting down and abandoning module InputBindingEditor (159)
[2016.05.26-06.25.46:696][934]LogModuleManager: Shutting down and abandoning module EditorSettingsViewer (158)
[2016.05.26-06.25.46:696][934]LogModuleManager: Shutting down and abandoning module SettingsEditor (157)
[2016.05.26-06.25.46:696][934]LogModuleManager: Shutting down and abandoning module ProjectLauncher (156)
[2016.05.26-06.25.46:696][934]LogModuleManager: Shutting down and abandoning module SessionFrontend (155)
[2016.05.26-06.25.46:696][934]LogModuleManager: Shutting down and abandoning module ProfilerClient (154)
[2016.05.26-06.25.46:696][934]LogModuleManager: Shutting down and abandoning module TargetDeviceServices (153)
[2016.05.26-06.25.46:696][934]LogModuleManager: Shutting down and abandoning module DeviceManager (152)
[2016.05.26-06.25.46:728][934]LogModuleManager: Shutting down and abandoning module AutomationController (151)
[2016.05.26-06.25.46:728][934]LogModuleManager: Shutting down and abandoning module AutomationWindow (150)
[2016.05.26-06.25.46:728][934]LogModuleManager: Shutting down and abandoning module Layers (149)
[2016.05.26-06.25.46:728][934]LogModuleManager: Shutting down and abandoning module ComponentVisualizers (148)
[2016.05.26-06.25.46:728][934]LogModuleManager: Shutting down and abandoning module DetailCustomizations (147)
[2016.05.26-06.25.46:728][934]LogModuleManager: Shutting down and abandoning module PackagesDialog (146)
[2016.05.26-06.25.46:728][934]LogModuleManager: Shutting down and abandoning module Persona (145)
[2016.05.26-06.25.46:728][934]LogModuleManager: Shutting down and abandoning module Kismet (144)
[2016.05.26-06.25.46:728][934]LogModuleManager: Shutting down and abandoning module GraphEditor (143)
[2016.05.26-06.25.46:728][934]LogModuleManager: Shutting down and abandoning module ClassViewer (142)
[2016.05.26-06.25.46:731][934]LogModuleManager: Shutting down and abandoning module Toolbox (141)
[2016.05.26-06.25.46:731][934]LogModuleManager: Shutting down and abandoning module ModuleUI (140)
[2016.05.26-06.25.46:731][934]LogModuleManager: Shutting down and abandoning module MovieSceneTools (139)
[2016.05.26-06.25.46:731][934]LogModuleManager: Shutting down and abandoning module OutputLog (138)
[2016.05.26-06.25.46:731][934]LogModuleManager: Shutting down and abandoning module GammaUI (137)
[2016.05.26-06.25.46:731][934]LogModuleManager: Shutting down and abandoning module Documentation (136)
[2016.05.26-06.25.46:732][934]LogModuleManager: Shutting down and abandoning module StreamingPauseRendering (135)
[2016.05.26-06.25.46:732][934]LogModuleManager: Shutting down and abandoning module AnalyticsET (134)
[2016.05.26-06.25.46:732][934]LogModuleManager: Shutting down and abandoning module Analytics (133)
[2016.05.26-06.25.46:732][934]LogModuleManager: Shutting down and abandoning module PortalServices (132)
[2016.05.26-06.25.46:732][934]LogModuleManager: Shutting down and abandoning module PortalRpc (131)
[2016.05.26-06.25.46:732][934]LogModuleManager: Shutting down and abandoning module MessagingRpc (130)
[2016.05.26-06.25.46:732][934]LogModuleManager: Shutting down and abandoning module AITestSuite (129)
[2016.05.26-06.25.46:732][934]LogModuleManager: Shutting down and abandoning module GameplayDebugger (128)
[2016.05.26-06.25.46:732][934]LogModuleManager: Shutting down and abandoning module AIModule (127)
[2016.05.26-06.25.46:732][934]LogModuleManager: Shutting down and abandoning module ProfilerService (126)
[2016.05.26-06.25.46:799][934]LogModuleManager: Shutting down and abandoning module TaskGraph (125)
[2016.05.26-06.25.46:799][934]LogModuleManager: Shutting down and abandoning module SlateRemote (124)
[2016.05.26-06.25.46:799][934]LogModuleManager: Shutting down and abandoning module SteamVRController (123)
[2016.05.26-06.25.46:799][934]LogModuleManager: Shutting down and abandoning module SteamVR (122)
[2016.05.26-06.25.46:799][934]LogModuleManager: Shutting down and abandoning module ProceduralMeshComponent (121)
[2016.05.26-06.25.46:799][934]LogModuleManager: Shutting down and abandoning module OculusLibrary (120)
[2016.05.26-06.25.46:799][934]LogModuleManager: Shutting down and abandoning module OculusInput (119)
[2016.05.26-06.25.46:799][934]LogModuleManager: Shutting down and abandoning module CustomMeshComponent (118)
[2016.05.26-06.25.46:800][934]LogModuleManager: Shutting down and abandoning module CableComponent (117)
[2016.05.26-06.25.46:800][934]LogModuleManager: Shutting down and abandoning module ArchVisCharacter (116)
[2016.05.26-06.25.46:800][934]LogModuleManager: Shutting down and abandoning module MediaPlayerEditor (115)
[2016.05.26-06.25.46:800][934]LogModuleManager: Shutting down and abandoning module HTML5Networking (114)
[2016.05.26-06.25.46:800][934]LogModuleManager: Shutting down and abandoning module SpeedTreeImporter (113)
[2016.05.26-06.25.46:800][934]LogModuleManager: Shutting down and abandoning module PluginBrowser (112)
[2016.05.26-06.25.46:800][934]LogModuleManager: Shutting down and abandoning module EpicSurvey (111)
[2016.05.26-06.25.46:800][934]LogModuleManager: Shutting down and abandoning module DesktopPlatform (110)
[2016.05.26-06.25.46:800][934]LogModuleManager: Shutting down and abandoning module VisualStudioSourceCodeAccess (109)
[2016.05.26-06.25.46:800][934]LogModuleManager: Shutting down and abandoning module UObjectPlugin (108)
[2016.05.26-06.25.46:800][934]LogModuleManager: Shutting down and abandoning module SubversionSourceControl (107)
[2016.05.26-06.25.46:800][934]LogModuleManager: Shutting down and abandoning module PerforceSourceControl (106)
[2016.05.26-06.25.46:800][934]LogModuleManager: Shutting down and abandoning module SourceControl (105)
[2016.05.26-06.25.46:800][934]LogModuleManager: Shutting down and abandoning module GitSourceControl (104)
[2016.05.26-06.25.46:800][934]LogModuleManager: Shutting down and abandoning module LightPropagationVolumeEditor (103)
[2016.05.26-06.25.46:800][934]LogModuleManager: Shutting down and abandoning module PaperTiledImporter (102)
[2016.05.26-06.25.46:800][934]LogModuleManager: Shutting down and abandoning module PaperSpriteSheetImporter (101)
[2016.05.26-06.25.46:800][934]LogModuleManager: Shutting down and abandoning module MeshPaint (100)
[2016.05.26-06.25.46:800][934]LogModuleManager: Shutting down and abandoning module HotReload (99)
[2016.05.26-06.25.46:801][934]LogModuleManager: Shutting down and abandoning module MainFrame (98)
[2016.05.26-06.25.46:801][934]LogModuleManager: Shutting down and abandoning module LevelEditor (97)
[2016.05.26-06.25.46:802][934]LogModuleManager: Shutting down and abandoning module DirectoryWatcher (96)
[2016.05.26-06.25.46:804][934]LogModuleManager: Shutting down and abandoning module AssetRegistry (95)
[2016.05.26-06.25.46:997][934]LogModuleManager: Shutting down and abandoning module ContentBrowser (94)
[2016.05.26-06.25.46:997][934]LogModuleManager: Shutting down and abandoning module Paper2DEditor (93)
[2016.05.26-06.25.46:997][934]LogModuleManager: Shutting down and abandoning module UdpMessaging (92)
[2016.05.26-06.25.47:098][934]LogModuleManager: Shutting down and abandoning module LightPropagationVolumeRuntime (91)
[2016.05.26-06.25.47:098][934]LogModuleManager: Shutting down and abandoning module Paper2D (90)
[2016.05.26-06.25.47:098][934]LogModuleManager: Shutting down and abandoning module WindowsMoviePlayer (89)
[2016.05.26-06.25.47:098][934]LogModuleManager: Shutting down and abandoning module Media (88)
[2016.05.26-06.25.47:098][934]LogModuleManager: Shutting down and abandoning module WmfMedia (87)
[2016.05.26-06.25.47:098][934]LogModuleManager: Shutting down and abandoning module MediaAssets (86)
[2016.05.26-06.25.47:098][934]LogModuleManager: Shutting down and abandoning module GameLiveStreaming (85)
[2016.05.26-06.25.47:098][934]LogModuleManager: Shutting down and abandoning module GameplayTagsEditor (84)
[2016.05.26-06.25.47:098][934]LogModuleManager: Shutting down and abandoning module OnlineBlueprintSupport (83)
[2016.05.26-06.25.47:098][934]LogModuleManager: Shutting down and abandoning module GameplayTasksEditor (82)
[2016.05.26-06.25.47:098][934]LogModuleManager: Shutting down and abandoning module PropertyEditor (81)
[2016.05.26-06.25.47:098][934]LogModuleManager: Shutting down and abandoning module BehaviorTreeEditor (80)
[2016.05.26-06.25.47:098][934]LogModuleManager: Shutting down and abandoning module FunctionalTesting (79)
[2016.05.26-06.25.47:098][934]LogModuleManager: Shutting down and abandoning module CollisionAnalyzer (78)
[2016.05.26-06.25.47:098][934]LogModuleManager: Shutting down and abandoning module WorkspaceMenuStructure (77)
[2016.05.26-06.25.47:098][934]LogModuleManager: Shutting down and abandoning module MessageLog (76)
[2016.05.26-06.25.47:098][934]LogModuleManager: Shutting down and abandoning module Sequencer (75)
[2016.05.26-06.25.47:098][934]LogModuleManager: Shutting down and abandoning module AssetTools (74)
[2016.05.26-06.25.47:098][934]LogModuleManager: Shutting down and abandoning module UMGEditor (73)
[2016.05.26-06.25.47:098][934]LogModuleManager: Shutting down and abandoning module UMG (72)
[2016.05.26-06.25.47:098][934]LogModuleManager: Shutting down and abandoning module SlateReflector (71)
[2016.05.26-06.25.47:098][934]LogModuleManager: Shutting down and abandoning module Slate (70)
[2016.05.26-06.25.47:098][934]LogModuleManager: Shutting down and abandoning module EditorStyle (69)
[2016.05.26-06.25.47:100][934]LogModuleManager: Shutting down and abandoning module SessionServices (68)
[2016.05.26-06.25.47:100][934]LogModuleManager: Shutting down and abandoning module SourceCodeAccess (67)
[2016.05.26-06.25.47:100][934]LogModuleManager: Shutting down and abandoning module HeadMountedDisplay (66)
[2016.05.26-06.25.47:100][934]LogModuleManager: Shutting down and abandoning module XAudio2 (65)
[2016.05.26-06.25.47:100][934]LogModuleManager: Shutting down and abandoning module Networking (63)
[2016.05.26-06.25.47:100][934]LogModuleManager: Shutting down and abandoning module Core (62)
[2016.05.26-06.25.47:100][934]LogModuleManager: Shutting down and abandoning module KismetCompiler (61)
[2016.05.26-06.25.47:100][934]LogModuleManager: Shutting down and abandoning module PhysXFormats (60)
[2016.05.26-06.25.47:100][934]LogModuleManager: Shutting down and abandoning module MeshUtilities (59)
[2016.05.26-06.25.47:100][934]LogModuleManager: Shutting down and abandoning module CookingStats (58)
[2016.05.26-06.25.47:100][934]LogModuleManager: Shutting down and abandoning module DerivedDataCache (57)
[2016.05.26-06.25.47:100][934]LogDerivedDataCache: Shutdown
[2016.05.26-06.25.47:100][934]LogModuleManager: Shutting down and abandoning module ShaderFormatOpenGL (56)
[2016.05.26-06.25.47:100][934]LogModuleManager: Shutting down and abandoning module ShaderFormatD3D (55)
[2016.05.26-06.25.47:100][934]LogModuleManager: Shutting down and abandoning module MetalShaderFormat (54)
[2016.05.26-06.25.47:100][934]LogModuleManager: Shutting down and abandoning module TextureFormatUncompressed (53)
[2016.05.26-06.25.47:100][934]LogModuleManager: Shutting down and abandoning module TextureFormatPVR (52)
[2016.05.26-06.25.47:100][934]LogModuleManager: Shutting down and abandoning module TextureFormatIntelISPCTexComp (51)
[2016.05.26-06.25.47:101][934]LogModuleManager: Shutting down and abandoning module TextureFormatDXT (50)
[2016.05.26-06.25.47:101][934]LogModuleManager: Shutting down and abandoning module ImageWrapper (49)
[2016.05.26-06.25.47:101][934]LogModuleManager: Shutting down and abandoning module TextureFormatASTC (48)
[2016.05.26-06.25.47:101][934]LogModuleManager: Shutting down and abandoning module TextureFormatAndroid (47)
[2016.05.26-06.25.47:101][934]LogModuleManager: Shutting down and abandoning module AudioFormatOpus (46)
[2016.05.26-06.25.47:101][934]LogModuleManager: Shutting down and abandoning module AudioFormatOgg (45)
[2016.05.26-06.25.47:101][934]LogModuleManager: Shutting down and abandoning module AudioFormatADPCM (44)
[2016.05.26-06.25.47:101][934]LogModuleManager: Shutting down and abandoning module LinuxTargetPlatform (43)
[2016.05.26-06.25.47:101][934]LogModuleManager: Shutting down and abandoning module LinuxServerTargetPlatform (42)
[2016.05.26-06.25.47:101][934]LogModuleManager: Shutting down and abandoning module LinuxNoEditorTargetPlatform (41)
[2016.05.26-06.25.47:101][934]LogModuleManager: Shutting down and abandoning module TVOSTargetPlatform (40)
[2016.05.26-06.25.47:101][934]LogModuleManager: Shutting down and abandoning module Messaging (39)
[2016.05.26-06.25.47:101][934]LogModuleManager: Shutting down and abandoning module IOSTargetPlatform (38)
[2016.05.26-06.25.47:101][934]LogModuleManager: Shutting down and abandoning module HTML5TargetPlatform (37)
[2016.05.26-06.25.47:101][934]LogModuleManager: Shutting down and abandoning module Android_PVRTCTargetPlatform (36)
[2016.05.26-06.25.47:101][934]LogModuleManager: Shutting down and abandoning module Android_MultiTargetPlatform (35)
[2016.05.26-06.25.47:101][934]LogModuleManager: Shutting down and abandoning module Android_ETC2TargetPlatform (34)
[2016.05.26-06.25.47:101][934]LogModuleManager: Shutting down and abandoning module Android_ETC1TargetPlatform (33)
[2016.05.26-06.25.47:101][934]LogModuleManager: Shutting down and abandoning module Android_DXTTargetPlatform (32)
[2016.05.26-06.25.47:101][934]LogModuleManager: Shutting down and abandoning module Android_ATCTargetPlatform (31)
[2016.05.26-06.25.47:101][934]LogModuleManager: Shutting down and abandoning module Android_ASTCTargetPlatform (30)
[2016.05.26-06.25.47:101][934]LogModuleManager: Shutting down and abandoning module AndroidTargetPlatform (29)
[2016.05.26-06.25.47:101][934]LogModuleManager: Shutting down and abandoning module WindowsTargetPlatform (28)
[2016.05.26-06.25.47:101][934]LogModuleManager: Shutting down and abandoning module WindowsServerTargetPlatform (27)
[2016.05.26-06.25.47:101][934]LogModuleManager: Shutting down and abandoning module WindowsNoEditorTargetPlatform (26)
[2016.05.26-06.25.47:101][934]LogModuleManager: Shutting down and abandoning module WindowsClientTargetPlatform (25)
[2016.05.26-06.25.47:101][934]LogModuleManager: Shutting down and abandoning module AllDesktopTargetPlatform (24)
[2016.05.26-06.25.47:101][934]LogModuleManager: Shutting down and abandoning module TargetPlatform (23)
[2016.05.26-06.25.47:101][934]LogModuleManager: Shutting down and abandoning module InputCore (22)
[2016.05.26-06.25.47:101][934]LogModuleManager: Shutting down and abandoning module Settings (21)
[2016.05.26-06.25.47:101][934]LogModuleManager: Shutting down and abandoning module OnlineSubsystem (19)
[2016.05.26-06.25.47:101][934]LogModuleManager: Shutting down and abandoning module HTTP (18)
[2016.05.26-06.25.49:104][934]LogModuleManager: Shutting down and abandoning module XMPP (17)
[2016.05.26-06.25.49:104][934]LogModuleManager: Shutting down and abandoning module OculusRift (16)
[2016.05.26-06.25.49:104][934]LogModuleManager: Shutting down and abandoning module ExampleDeviceProfileSelector (15)
[2016.05.26-06.25.49:104][934]LogModuleManager: Shutting down and abandoning module TextureCompressor (14)
[2016.05.26-06.25.49:104][934]LogModuleManager: Shutting down and abandoning module ShaderCore (13)
[2016.05.26-06.25.49:104][934]LogModuleManager: Shutting down and abandoning module Landscape (12)
[2016.05.26-06.25.49:104][934]LogModuleManager: Shutting down and abandoning module SlateRHIRenderer (11)
[2016.05.26-06.25.49:107][934]LogModuleManager: Shutting down and abandoning module OpenGLDrv (10)
[2016.05.26-06.25.49:108][934]LogModuleManager: Shutting down and abandoning module D3D11RHI (9)
[2016.05.26-06.25.49:108][934]LogModuleManager: Shutting down and abandoning module AnimGraphRuntime (8)
[2016.05.26-06.25.49:108][934]LogModuleManager: Shutting down and abandoning module Renderer (7)
[2016.05.26-06.25.49:108][934]LogModuleManager: Shutting down and abandoning module Engine (6)
[2016.05.26-06.25.49:108][934]LogModuleManager: Shutting down and abandoning module CoreUObject (5)
[2016.05.26-06.25.49:108][934]LogModuleManager: Shutting down and abandoning module NetworkFile (4)
[2016.05.26-06.25.49:108][934]LogModuleManager: Shutting down and abandoning module StreamingFile (3)
[2016.05.26-06.25.49:108][934]LogModuleManager: Shutting down and abandoning module SandboxFile (2)
[2016.05.26-06.25.49:108][934]LogModuleManager: Shutting down and abandoning module PakFile (1)
[2016.05.26-06.25.49:109][934]LogExit: Exiting.
[2016.05.26-06.25.49:111][934]Log file closed, 05/25/16 23:25:49
