Log file open, 05/23/16 14:15:15
LogInit:Display: Running engine for game: GameJamRigging
LogPlatformFile: Not using cached read wrapper
LogInit:Display: RandInit(-134109780) SRandInit(-134109779).
LogTaskGraph: Started task graph with 4 named threads and 7 total threads.
LogStats: Stats thread started at 0.083550
LogInit: Version: 4.11.2-2946394+++UE4+Release-4.11
LogInit: API Version: 2927265
LogInit: Compiled (64-bit): Apr 18 2016 02:18:46
LogInit: Compiled with Visual C++: 19.00.23026.00
LogInit: Build Configuration: Development
LogInit: Branch Name: ++UE4+Release-4.11
LogInit: Command line:  
LogInit: Base directory: C:/Program Files (x86)/Epic Games/4.11/Engine/Binaries/Win64/
LogInit: Installed Engine Build: 1
LogInit: Using libcurl 7.41.0
LogInit:  - built for x86_64-pc-win32
LogInit:  - supports SSL with WinSSL
LogInit:  - other features:
LogInit:      CURL_VERSION_SSL
LogInit:      CURL_VERSION_IPV6
LogInit:      CURL_VERSION_ASYNCHDNS
LogInit:      CURL_VERSION_LARGEFILE
LogInit:      CURL_VERSION_IDN
LogInit:  CurlRequestOptions (configurable via config and command line):
LogInit:  - bVerifyPeer = true  - Libcurl will verify peer certificate
LogInit:  - bUseHttpProxy = false  - Libcurl will NOT use HTTP proxy
LogInit:  - bDontReuseConnections = false  - Libcurl will reuse connections
LogInit:  - CertBundlePath = nullptr  - Libcurl will use whatever was configured at build time.
LogInit: Presizing for max 16777216 objects, including 0 objects not considered by GC, pre-allocating 0 bytes for permanent pool.
LogInit: Object subsystem initialized
[2016.05.23-21.15.15:716][  0]LogInit: Selected Device Profile: [Windows]
[2016.05.23-21.15.15:716][  0]LogInit: Applying CVar settings loaded from the selected device profile: [Windows]
[2016.05.23-21.15.15:733][  0]LogInit: Computer: DUMPRING
[2016.05.23-21.15.15:733][  0]LogInit: User: theco000
[2016.05.23-21.15.15:733][  0]LogInit: CPU Page size=65536, Cores=4
[2016.05.23-21.15.15:733][  0]LogInit: High frequency timer resolution =3.615414 MHz
[2016.05.23-21.15.15:734][  0]LogMemory: Memory total: Physical=15.9GB (16GB approx)
[2016.05.23-21.15.15:734][  0]LogMemory: Platform Memory Stats for Windows
[2016.05.23-21.15.15:734][  0]LogMemory: Process Physical Memory: 316.06 MB used, 316.06 MB peak
[2016.05.23-21.15.15:734][  0]LogMemory: Process Virtual Memory: 315.00 MB used, 315.00 MB peak
[2016.05.23-21.15.15:734][  0]LogMemory: Physical Memory: 5183.38 MB used, 16326.09 MB total
[2016.05.23-21.15.15:734][  0]LogMemory: Virtual Memory: 639.54 MB used, 134217728.00 MB total
[2016.05.23-21.15.15:828][  0]LogTextLocalizationManager: No specific translations for ('en-US') exist, so ('en') translations will be used.
[2016.05.23-21.15.16:225][  0]LogD3D11RHI: D3D11 adapters:
[2016.05.23-21.15.16:255][  0]LogD3D11RHI:    0. 'NVIDIA GeForce GTX 780' (Feature Level 11_0)
[2016.05.23-21.15.16:255][  0]LogD3D11RHI:       3013MB of dedicated video memory, 0MB of dedicated system memory, and 8163MB of shared system memory, 2 output[s]
[2016.05.23-21.15.16:257][  0]LogD3D11RHI:    1. 'Microsoft Basic Render Driver' (Feature Level 11_0)
[2016.05.23-21.15.16:257][  0]LogD3D11RHI:       0MB of dedicated video memory, 0MB of dedicated system memory, and 8163MB of shared system memory, 0 output[s]
[2016.05.23-21.15.16:257][  0]LogD3D11RHI: Chosen D3D11 Adapter: 0
[2016.05.23-21.15.16:261][  0]LogD3D11RHI: Creating new Direct3DDevice
[2016.05.23-21.15.16:261][  0]LogD3D11RHI:     Adapter Name: NVIDIA GeForce GTX 780
[2016.05.23-21.15.16:261][  0]LogD3D11RHI:   Driver Version: 10.18.13.6510 (internal 10.18.13.6510)
[2016.05.23-21.15.16:261][  0]LogD3D11RHI:      Driver Date: 4-27-2016
[2016.05.23-21.15.16:261][  0]LogRHI: Texture pool is 1361 MB (70% of 1945 MB)
[2016.05.23-21.15.16:274][  0]LogD3D11RHI: Async texture creation enabled
[2016.05.23-21.15.16:291][  0]LogShaderCompilers: Guid format shader working directory is 12 characters bigger than the processId version (D:/Git/RiggingShooter/GameJamRigging/Intermediate/Shaders/WorkingDirectory/13616/).
[2016.05.23-21.15.16:291][  0]LogShaderCompilers: Cleaned the shader compiler working directory 'C:/Users/THECO_~1/AppData/Local/Temp/UnrealShaderWorkingDir/2622557B42C4A22EC0CFFC92E84C553B/'.
[2016.05.23-21.15.16:291][  0]LogShaderCompilers:Display: Using Local Shader Compiler.
[2016.05.23-21.15.17:420][  0]LogTemp:Display: Loaded TP AllDesktopTargetPlatform
[2016.05.23-21.15.17:424][  0]LogTemp:Display: Loaded TP WindowsClientTargetPlatform
[2016.05.23-21.15.17:430][  0]LogTemp:Display: Loaded TP WindowsNoEditorTargetPlatform
[2016.05.23-21.15.17:433][  0]LogTemp:Display: Loaded TP WindowsServerTargetPlatform
[2016.05.23-21.15.17:437][  0]LogTemp:Display: Loaded TP WindowsTargetPlatform
[2016.05.23-21.15.17:442][  0]LogTemp:Display: Loaded TP AndroidTargetPlatform
[2016.05.23-21.15.17:446][  0]LogTemp:Display: Loaded TP Android_ASTCTargetPlatform
[2016.05.23-21.15.17:449][  0]LogTemp:Display: Loaded TP Android_ATCTargetPlatform
[2016.05.23-21.15.17:452][  0]LogTemp:Display: Loaded TP Android_DXTTargetPlatform
[2016.05.23-21.15.17:455][  0]LogTemp:Display: Loaded TP Android_ETC1TargetPlatform
[2016.05.23-21.15.17:459][  0]LogTemp:Display: Loaded TP Android_ETC2TargetPlatform
[2016.05.23-21.15.17:466][  0]LogTemp:Display: Loaded TP Android_MultiTargetPlatform
[2016.05.23-21.15.17:466][  0]LogTemp:Display: Loaded TP Android_PVRTCTargetPlatform
[2016.05.23-21.15.17:466][  0]LogTemp:Display: Loaded TP HTML5TargetPlatform
[2016.05.23-21.15.17:486][  0]LogTemp:Display: Loaded TP IOSTargetPlatform
[2016.05.23-21.15.17:488][  0]LogTemp:Display: Loaded TP TVOSTargetPlatform
[2016.05.23-21.15.17:491][  0]LogTemp:Display: Loaded TP LinuxNoEditorTargetPlatform
[2016.05.23-21.15.17:493][  0]LogTemp:Display: Loaded TP LinuxServerTargetPlatform
[2016.05.23-21.15.17:497][  0]LogTemp:Display: Loaded TP LinuxTargetPlatform
[2016.05.23-21.15.17:497][  0]LogTargetPlatformManager:Display: Building Assets For Windows
[2016.05.23-21.15.17:588][  0]LogDerivedDataCache:Display: Max Cache Size: 512 MB
[2016.05.23-21.15.17:752][  0]LogDerivedDataCache: Loaded boot cache 0.16s 46MB C:/Users/theco_000/AppData/Local/UnrealEngine/4.11/DerivedDataCache/Boot.ddc.
[2016.05.23-21.15.17:753][  0]LogDerivedDataCache:Display: Loaded Boot cache: C:/Users/theco_000/AppData/Local/UnrealEngine/4.11/DerivedDataCache/Boot.ddc
[2016.05.23-21.15.17:753][  0]LogDerivedDataCache: FDerivedDataBackendGraph:  Pak pak cache file D:/Git/RiggingShooter/GameJamRigging/DerivedDataCache/DDC.ddp not found, will not use a pak cache.
[2016.05.23-21.15.17:753][  0]LogDerivedDataCache: Unable to find inner node Pak for hierarchical cache Hierarchy.
[2016.05.23-21.15.17:753][  0]LogDerivedDataCache: FDerivedDataBackendGraph:  CompressedPak pak cache file D:/Git/RiggingShooter/GameJamRigging/DerivedDataCache/Compressed.ddp not found, will not use a pak cache.
[2016.05.23-21.15.17:753][  0]LogDerivedDataCache: Unable to find inner node CompressedPak for hierarchical cache Hierarchy.
[2016.05.23-21.15.17:770][  0]LogDerivedDataCache:Display: Pak cache opened for reading ../../../Engine/DerivedDataCache/Compressed.ddp.
[2016.05.23-21.15.17:782][  0]LogDerivedDataCache: Using Local data cache path C:/Users/theco_000/AppData/Local/UnrealEngine/Common/DerivedDataCache: Writable
[2016.05.23-21.15.18:334][  0]LogInit: Selected Device Profile: [Windows]
[2016.05.23-21.15.18:339][  0]LogContentStreaming: Texture pool size is 0.00 MB
[2016.05.23-21.15.18:432][  0]LogMaterial: Uniform references updated for custom material expression Custom.
[2016.05.23-21.15.18:621][  0]LogMeshUtilities: No automatic mesh reduction module available
[2016.05.23-21.15.18:621][  0]LogMeshUtilities: No automatic mesh merging module available
[2016.05.23-21.15.18:621][  0]LogMeshUtilities: No distributed automatic mesh merging module available
[2016.05.23-21.15.19:014][  0]LogUObjectArray: 27679 objects as part of root set at end of initial load.
[2016.05.23-21.15.19:014][  0]LogUObjectAllocator: 5591592 out of 0 bytes used by permanent object pool.
[2016.05.23-21.15.19:014][  0]LogUObjectArray: CloseDisregardForGC: 0/0 objects in disregard for GC pool
[2016.05.23-21.15.19:021][  0]LogInit: WinSock: version 1.1 (2.2), MaxSocks=32767, MaxUdp=65467
[2016.05.23-21.15.19:253][  0]LogSlate: SlateFontCache - WITH_FREETYPE: 1, WITH_HARFBUZZ: 1
[2016.05.23-21.15.19:253][  0]LogSlate: SlateFontCache - WITH_FREETYPE: 1, WITH_HARFBUZZ: 1
[2016.05.23-21.15.19:786][  0]LogStreaming:Warning: Failed to read file '../../../Engine/Content/Editor/Slate/Common/Selection_16x.png' error.
[2016.05.23-21.15.19:786][  0]LogSlate: Could not find file for Slate resource: ../../../Engine/Content/Editor/Slate/Common/Selection_16x.png
[2016.05.23-21.15.19:786][  0]LogStreaming:Warning: Failed to read file '../../../Engine/Content/Editor/Slate/Common/Selection_16x.png' error.
[2016.05.23-21.15.19:786][  0]LogSlate: Could not find file for Slate resource: ../../../Engine/Content/Editor/Slate/Common/Selection_16x.png
[2016.05.23-21.15.19:786][  0]LogStreaming:Warning: Failed to read file '../../../Engine/Content/Editor/Slate/Common/Selection_16x.png' error.
[2016.05.23-21.15.19:786][  0]LogSlate: Could not find file for Slate resource: ../../../Engine/Content/Editor/Slate/Common/Selection_16x.png
[2016.05.23-21.15.21:899][  0]LogUdpMessaging: Initializing bridge on interface 0.0.0.0:0 to multicast group 230.0.0.1:6666.
[2016.05.23-21.15.22:139][  0]LogAssetRegistry: FAssetRegistry took 0.0246 seconds to start up
[2016.05.23-21.15.22:427][  0]SourceControl: Info Source control is disabled
[2016.05.23-21.15.22:428][  0]SourceControl: Info Source control is disabled
[2016.05.23-21.15.22:440][  0]SourceControl: Info Source control is disabled
[2016.05.23-21.15.22:450][  0]SourceControl: Info Source control is disabled
[2016.05.23-21.15.22:609][  0]LogHMD: Failed to initialize OpenVR with code 110
[2016.05.23-21.15.22:728][  0]LogEngine: Initializing Engine...
[2016.05.23-21.15.22:919][  0]LogAIModule: Creating AISystem for world NewWorld
[2016.05.23-21.15.22:937][  0]LogInit: XAudio2 using 'Speakers (Realtek High Definition Audio)' : 2 channels at 48 kHz using 32 bits per sample (channel mask 0x3)
[2016.05.23-21.15.22:965][  0]LogInit: FAudioDevice initialized.
[2016.05.23-21.15.22:984][  0]LogDerivedDataCache: Saved boot cache 0.02s 46MB C:/Users/theco_000/AppData/Local/UnrealEngine/4.11/DerivedDataCache/Boot.ddc.
[2016.05.23-21.15.22:988][  0]LogInit: Texture streaming: Enabled
[2016.05.23-21.15.23:019][  0]LogInit: Transaction tracking system initialized
[2016.05.23-21.15.23:062][  0]BlueprintLog: New page: Editor Load
[2016.05.23-21.15.23:257][  0]LocalizationService: Info Localization service is disabled
[2016.05.23-21.15.23:381][  0]LogConsoleResponse:Display: 
[2016.05.23-21.15.23:672][  0]LogCook:Display: Max memory allowance for cook 8192mb
[2016.05.23-21.15.23:672][  0]LogCook:Display: Mobile HDR setting 1
[2016.05.23-21.15.23:672][  0]LogCook:Display: Done creating registry. It took  0.00s.
[2016.05.23-21.15.23:773][  0]SourceControl: Info Source control is disabled
[2016.05.23-21.15.23:774][  0]Cmd: MAP LOAD FILE="D:/Git/RiggingShooter/GameJamRigging/Content/Maps/ChrisTest.umap" TEMPLATE=0 SHOWPROGRESS=1 FEATURELEVEL=3
[2016.05.23-21.15.23:893][  0]LightingResults: New page: Lighting Build
[2016.05.23-21.15.23:904][  0]MapCheck: New page: Map Check
[2016.05.23-21.15.23:904][  0]LightingResults: New page: Lighting Build
[2016.05.23-21.15.24:168][  0]LogFileCache: Scanning file cache for directory 'D:/Git/RiggingShooter/GameJamRigging/Content/' took 0.53s
[2016.05.23-21.15.27:747][  0]LogAIModule: Creating AISystem for world ChrisTest
[2016.05.23-21.15.27:772][  0]LogEditorServer: Finished looking for orphan Actors (0.000 secs)
[2016.05.23-21.15.27:774][  0]Cmd: MAP CHECKDEP NOCLEARLOG
[2016.05.23-21.15.27:839][  0]MapCheck: Info Map check complete: 0 Error(s), 0 Warning(s), took 64.192ms to complete.
[2016.05.23-21.15.27:839][  0]LogFileHelpers: Loading map 'ChrisTest' took 4.065
[2016.05.23-21.15.28:022][  0]LogCollectionManager: Loaded 0 collections in 0.007943 seconds
[2016.05.23-21.15.28:079][  0]LogFileCache: Scanning file cache for directory 'D:/Git/RiggingShooter/GameJamRigging/Saved/Collections/' took 0.01s
[2016.05.23-21.15.28:079][  0]LogFileCache: Scanning file cache for directory 'D:/Git/RiggingShooter/GameJamRigging/Content/Developers/theco000/Collections/' took 0.01s
[2016.05.23-21.15.28:079][  0]LogFileCache: Scanning file cache for directory 'D:/Git/RiggingShooter/GameJamRigging/Content/Collections/' took 0.01s
[2016.05.23-21.15.28:079][  0]LogCollectionManager: Rebuilt the GUID cache for 0 collections in 0.000003 seconds
[2016.05.23-21.15.28:086][  0]LogContentBrowser: Native class hierarchy populated in 0.0073 seconds. Added 1979 classes and 343 folders.
[2016.05.23-21.15.28:092][  0]LogStats: UGameplayTagsManager::ConstructGameplayTagTree: Construct from data asset -  0.000 s
[2016.05.23-21.15.28:092][  0]LogStats: UGameplayTagsManager::ConstructGameplayTagTree: GameplayTagTreeChangedEvent.Broadcast -  0.000 s
[2016.05.23-21.15.28:093][  0]LogContentBrowser: Native class hierarchy updated for 'GameplayTags' in 0.0004 seconds. Added 12 classes and 0 folders.
[2016.05.23-21.15.28:099][  0]LogContentBrowser: Native class hierarchy updated for 'WidgetCarousel' in 0.0003 seconds. Added 0 classes and 0 folders.
[2016.05.23-21.15.28:122][  0]LogContentBrowser: Native class hierarchy updated for 'SuperSearch' in 0.0003 seconds. Added 1 classes and 2 folders.
[2016.05.23-21.15.28:309][  0]LogContentBrowser: Native class hierarchy updated for 'AddContentDialog' in 0.0003 seconds. Added 0 classes and 0 folders.
[2016.05.23-21.15.28:324][  0]LogContentBrowser: Native class hierarchy updated for 'WorldBrowser' in 0.0003 seconds. Added 1 classes and 3 folders.
[2016.05.23-21.15.28:341][  0]LogContentBrowser: Native class hierarchy updated for 'SceneOutliner' in 0.0003 seconds. Added 1 classes and 2 folders.
[2016.05.23-21.15.28:479][  0]LogCrashTracker: Crashtracker disabled due to settings.
[2016.05.23-21.15.28:491][  0]LogUObjectGlobals:Warning: Failed to find object 'Class None.'
[2016.05.23-21.15.28:521][  0]LogContentBrowser: Native class hierarchy updated for 'HierarchicalLODOutliner' in 0.0003 seconds. Added 1 classes and 2 folders.
[2016.05.23-21.15.28:521][  0]LogLoad: Full Startup: 13.76 seconds (BP compile: 0.62 seconds)
[2016.05.23-21.15.28:521][  0]LogExternalProfiler: Found external profiler: VSPerf
[2016.05.23-21.15.28:521][  0]LogExternalProfiler: Using external profiler: VSPerf
[2016.05.23-21.15.28:532][  0]LogOcInput: OculusInput pre-init called
[2016.05.23-21.15.28:601][  0]LogContentStreaming: Texture pool size now 1000 MB
[2016.05.23-21.15.28:770][  0]LogRenderer: Reallocating scene render targets to support 1596x808 (Frame:2).
[2016.05.23-21.15.28:950][  1]LogAssetRegistry: Asset discovery search completed in 6.8344 seconds
[2016.05.23-21.15.28:951][  1]LogCollectionManager: Rebuilt the object cache for 0 collections in 0.000001 seconds (found 0 objects)
[2016.05.23-21.15.28:951][  1]LogCollectionManager: Fixed up redirectors for 0 collections in 0.000203 seconds (updated 0 objects)
[2016.05.23-21.15.58:629][373]LogFactory: FactoryCreateBinary: StaticMesh with FbxFactory (0 0 C:\Users\theco_000\Downloads\MannequinRigTest.fbx)
[2016.05.23-21.15.58:660][373]LogFbx: ItemName: GlobalSettings, ItemCount : 1
[2016.05.23-21.15.58:660][373]LogFbx: ItemName: NodeAttribute, ItemCount : 67
[2016.05.23-21.15.58:660][373]LogFbx: ItemName: Geometry, ItemCount : 1
[2016.05.23-21.15.58:660][373]LogFbx: ItemName: Model, ItemCount : 68
[2016.05.23-21.15.58:660][373]LogFbx: ItemName: Pose, ItemCount : 1
[2016.05.23-21.15.58:660][373]LogFbx: ItemName: Deformer, ItemCount : 64
[2016.05.23-21.15.58:660][373]LogFbx: ItemName: Material, ItemCount : 2
[2016.05.23-21.15.58:672][373]LogFbx: Loading FBX Scene from C:\Users\theco_000\Downloads\MannequinRigTest.fbx
[2016.05.23-21.15.58:734][373]LogFbx: FBX Scene Loaded Succesfully
[2016.05.23-21.16.26:428][ 57]LogFactory: FactoryCreateBinary: StaticMesh with FbxFactory (0 0 C:\Users\theco_000\Downloads\MannequinRigTest.fbx)
[2016.05.23-21.16.26:434][ 57]LogFbx: ItemName: GlobalSettings, ItemCount : 1
[2016.05.23-21.16.26:434][ 57]LogFbx: ItemName: NodeAttribute, ItemCount : 67
[2016.05.23-21.16.26:434][ 57]LogFbx: ItemName: Geometry, ItemCount : 1
[2016.05.23-21.16.26:434][ 57]LogFbx: ItemName: Model, ItemCount : 68
[2016.05.23-21.16.26:434][ 57]LogFbx: ItemName: Pose, ItemCount : 1
[2016.05.23-21.16.26:434][ 57]LogFbx: ItemName: Deformer, ItemCount : 64
[2016.05.23-21.16.26:434][ 57]LogFbx: ItemName: Material, ItemCount : 2
[2016.05.23-21.16.26:438][ 57]LogFbx: Loading FBX Scene from C:\Users\theco_000\Downloads\MannequinRigTest.fbx
[2016.05.23-21.16.26:488][ 57]LogFbx: FBX Scene Loaded Succesfully
[2016.05.23-21.16.41:908][162]LogFactory: FactoryCreateBinary: StaticMesh with FbxFactory (0 0 C:\Users\theco_000\Downloads\MannequinRigTest.fbx)
[2016.05.23-21.16.41:913][162]LogFbx: ItemName: GlobalSettings, ItemCount : 1
[2016.05.23-21.16.41:913][162]LogFbx: ItemName: NodeAttribute, ItemCount : 67
[2016.05.23-21.16.41:913][162]LogFbx: ItemName: Geometry, ItemCount : 1
[2016.05.23-21.16.41:913][162]LogFbx: ItemName: Model, ItemCount : 68
[2016.05.23-21.16.41:913][162]LogFbx: ItemName: Pose, ItemCount : 1
[2016.05.23-21.16.41:913][162]LogFbx: ItemName: Deformer, ItemCount : 64
[2016.05.23-21.16.41:913][162]LogFbx: ItemName: Material, ItemCount : 2
[2016.05.23-21.16.41:918][162]LogFbx: Loading FBX Scene from C:\Users\theco_000\Downloads\MannequinRigTest.fbx
[2016.05.23-21.16.41:968][162]LogFbx: FBX Scene Loaded Succesfully
[2016.05.23-21.16.48:971][162]LogFbx: Loading FBX Scene from C:\Users\theco_000\Downloads\MannequinRigTest.fbx
[2016.05.23-21.16.49:021][162]LogFbx: FBX Scene Loaded Succesfully
[2016.05.23-21.16.49:026][162]LogFbx: =================================================
[2016.05.23-21.16.49:026][162]LogFbx: Dumping Node START [SK_Mannequin.001] 
[2016.05.23-21.16.49:026][162]LogFbx: 	Total Deformer Count 756814672.
[2016.05.23-21.16.49:026][162]LogFbx: 		[Node 1] root (Type Skin).
[2016.05.23-21.16.49:026][162]LogFbx: =================================================
[2016.05.23-21.16.49:026][162]LogFbx: 	Attribute (SK_Mannequin) Type (4).
[2016.05.23-21.16.49:026][162]LogFbx: 		[Node Attribute Child 1] SK_Mannequin.001 (Type Mesh).
[2016.05.23-21.16.49:026][162]LogFbx: Dumping Node END [SK_Mannequin.001]
[2016.05.23-21.16.49:028][162]LogFbx: =================================================
[2016.05.23-21.16.49:028][162]LogFbx: Dumping Node START [SK_Mannequin.001] 
[2016.05.23-21.16.49:028][162]LogFbx: 	Total Deformer Count 756814672.
[2016.05.23-21.16.49:028][162]LogFbx: 		[Node 1] root (Type Skin).
[2016.05.23-21.16.49:028][162]LogFbx: =================================================
[2016.05.23-21.16.49:028][162]LogFbx: 	Attribute (SK_Mannequin) Type (4).
[2016.05.23-21.16.49:028][162]LogFbx: 		[Node Attribute Child 1] SK_Mannequin.001 (Type Mesh).
[2016.05.23-21.16.49:028][162]LogFbx: Dumping Node END [SK_Mannequin.001]
[2016.05.23-21.16.49:031][162]LogFbx: Valid bind pose for Pose (SK_Mannequin) - SK_Mannequin.001
[2016.05.23-21.16.49:035][162]LogLinker:Warning: Can't find file '/Game/Models/M_UE4Man_Body'
[2016.05.23-21.16.49:036][162]LogLinker:Warning: Can't find file '/Game/Models/M_UE4Man_Body'
[2016.05.23-21.16.49:039][162]LogMaterial: Missing cached shader map for material M_UE4Man_Body, compiling. 
[2016.05.23-21.16.49:065][162]LogLinker:Warning: Can't find file '/Game/Models/Fbx_Default_Material_1'
[2016.05.23-21.16.49:065][162]LogLinker:Warning: Can't find file '/Game/Models/Fbx_Default_Material_1'
[2016.05.23-21.16.49:069][162]LogMaterial: Missing cached shader map for material Fbx_Default_Material_1, compiling. 
[2016.05.23-21.16.49:155][162]LogFbx:Warning: Bones digested - 89  Depth of hierarchy - 14
[2016.05.23-21.16.50:393][162]LogSkeletalMesh: Chunk 0: 18673 rigid vertices, 4601 soft vertices, 59 active bones
[2016.05.23-21.16.50:393][162]LogSkeletalMesh: Chunk 1: 0 rigid vertices, 35 soft vertices, 4 active bones
[2016.05.23-21.16.50:462][162]LogSkeletalMesh: Section 0: Material=0, Chunk=0, 41004 triangles
[2016.05.23-21.16.50:462][162]LogSkeletalMesh: Section 1: Material=1, Chunk=1, 48 triangles
[2016.05.23-21.16.50:472][162]LogLinker:Warning: Can't find file '/Game/Models/MannequinRigTest_PhysicsAsset'
[2016.05.23-21.16.50:473][162]LogLinker:Warning: Can't find file '/Game/Models/MannequinRigTest_PhysicsAsset'
[2016.05.23-21.16.50:473][162]LogUObjectGlobals:Warning: Failed to find object 'Object /Game/Models/MannequinRigTest_PhysicsAsset.MannequinRigTest_PhysicsAsset'
[2016.05.23-21.16.50:477][162]LogAnimation:Warning: SK_Mannequin : Missing joint on skeleton.  Make sure to assign to the skeleeton.
[2016.05.23-21.17.04:011][162]FBXImport:Warning: Warning Warning: No smoothing group information was found in this FBX scene.  Please make sure to enable the 'Export Smoothing Groups' option in the FBX Exporter plug-in before exporting the file.  Even for tools that don't support smoothing groups, the FBX Exporter will generate appropriate smoothing data at export-time so that correct vertex normals can be inferred while importing. 
[2016.05.23-21.17.04:011][162]FBXImport:Warning: Warning The following bones are missing from the bind pose:
index_03_l_end  
middle_03_l_end  
pinky_03_l_end  
ring_03_l_end  
thumb_03_l_end  
lowerarm_twist_01_l_end  
upperarm_twist_01_l_end  
index_03_r_end  
middle_03_r_end  
pinky_03_r_end  
ring_03_r_end  
thumb_03_r_end  
lowerarm_twist_01_r_end  
upperarm_twist_01_r_end  
head_end  
calf_twist_01_l_end  
foot_l_end  
thigh_twist_01_l_end  
calf_twist_01_r_end  
foot_r_end  
thigh_twist_01_r_end  
ik_foot_root_end  
ik_hand_l_end  
ik_hand_r_end  

This can happen for bones that are not vert weighted. If they are not in the correct orientation after importing,
please set the "Use T0 as ref pose" option or add them to the bind pose and reimport the skeletal mesh. 
[2016.05.23-21.17.04:011][162]FBXImport:Warning: Warning Missing influence on vert 316. Weighting it to root. 
[2016.05.23-21.17.04:011][162]FBXImport:Warning: Warning Missing influence on vert 316. Weighting it to root. 
[2016.05.23-21.17.04:011][162]FBXImport:Warning: Warning Missing influence on vert 316. Weighting it to root. 
[2016.05.23-21.17.04:011][162]FBXImport:Warning: Warning Missing influence on vert 316. Weighting it to root. 
[2016.05.23-21.17.04:011][162]FBXImport:Warning: Warning Missing influence on vert 316. Weighting it to root. 
[2016.05.23-21.17.04:011][162]FBXImport:Warning: Warning Missing influence on vert 316. Weighting it to root. 
[2016.05.23-21.17.04:066][163]LogMaterial:Warning: Material /Game/Models/M_UE4Man_Body.M_UE4Man_Body needed to have new flag set bUsedWithSkeletalMesh !
[2016.05.23-21.17.04:077][163]LogMaterial: Missing cached shader map for material M_UE4Man_Body, compiling. 
[2016.05.23-21.17.04:092][163]LogMaterial: 0.00 seconds spent updating 1 materials, 1 interfaces, 0 instances, 0 with static permutations.
[2016.05.23-21.17.04:092][163]LogMaterial:Warning: Material /Game/Models/Fbx_Default_Material_1.Fbx_Default_Material_1 needed to have new flag set bUsedWithSkeletalMesh !
[2016.05.23-21.17.04:094][163]LogMaterial: Missing cached shader map for material Fbx_Default_Material_1, compiling. 
[2016.05.23-21.17.04:114][163]LogMaterial: 0.00 seconds spent updating 1 materials, 1 interfaces, 0 instances, 0 with static permutations.
[2016.05.23-21.17.15:093][209]LogSkeletalMesh: InitArticulated: Bodies already created (/Engine/Transient.DebugSkelMeshComponent_0) - call TermArticulated first.
[2016.05.23-21.17.15:204][209]LogRenderer: Reallocating scene render targets to support 1596x848 (Frame:8318).
[2016.05.23-21.17.17:205][360]LogContentBrowser:Verbose: The majority of assets in the view are of type: AnimSequence
[2016.05.23-21.17.17:266][362]LogRenderer: Reallocating scene render targets to support 1596x884 (Frame:8777).
[2016.05.23-21.17.23:131][476]LoadErrors:Error: Error The Skeleton  UE4_Mannequin_Skeleton is missing bones that SkeletalMesh  SK_Mannequin needs. They will be added now. Please save the Skeleton!
[2016.05.23-21.17.23:140][476]LogAnimation:Warning: root : Hierarchy does not match.
[2016.05.23-21.17.23:140][476]LogAnimation:Warning: root : Hierarchy does not match.
[2016.05.23-21.17.23:141][476]LogAnimation:Warning: root : Hierarchy does not match.
[2016.05.23-21.17.23:141][476]LogAnimation:Warning: root : Hierarchy does not match.
[2016.05.23-21.17.30:268][114]LogActorComponent: UnregisterComponent: (/Engine/Transient.ProjectileMovementComponent_40__A6522401) Not registered. Aborting.
[2016.05.23-21.17.30:268][114]LogActorComponent: UnregisterComponent: (/Engine/Transient.CharMoveComp) Not registered. Aborting.
[2016.05.23-21.17.30:268][114]LogActorComponent: UnregisterComponent: (/Engine/Transient.CharacterMovementComponent_0) Not registered. Aborting.
[2016.05.23-21.17.30:268][114]LogActorComponent: UnregisterComponent: (/Engine/Transient.CharacterMovementComponent_1) Not registered. Aborting.
[2016.05.23-21.17.30:368][114]Cmd: OBJ SAVEPACKAGE PACKAGE="/Game/AnimStarterPack/Crouch_Idle_Rifle_Hip" FILE="D:/Git/RiggingShooter/GameJamRigging/Content/AnimStarterPack/Crouch_Idle_Rifle_Hip.uasset" SILENT=true
[2016.05.23-21.17.30:587][114]LogSavePackage: Save=13.36ms
[2016.05.23-21.17.30:587][114]LogSavePackage: Moving 'D:/Git/RiggingShooter/GameJamRigging/Saved/Crouch_Idle_Rifle_HipD50C36D14C1D9CF9828BA4AED94D7030.tmp' to 'D:/Git/RiggingShooter/GameJamRigging/Content/AnimStarterPack/Crouch_Idle_Rifle_Hip.uasset'
[2016.05.23-21.17.30:588][114]LogSavePackage: Total save time: 219.41ms
[2016.05.23-21.17.30:588][114]LogSavePackage:Display: Finished SavePackage D:/Git/RiggingShooter/GameJamRigging/Content/AnimStarterPack/Crouch_Idle_Rifle_Hip.uasset
[2016.05.23-21.17.30:621][114]LogSavePackage: Save=2.49ms
[2016.05.23-21.17.30:621][114]LogSavePackage: Moving 'D:/Git/RiggingShooter/GameJamRigging/Saved/UE4_Mannequin_Skeleton0F1F3EC44B0CA8C5B806D9B4A34D6EAF.tmp' to 'D:/Git/RiggingShooter/GameJamRigging/Content/AnimStarterPack/UE4_Mannequin/Mesh/UE4_Mannequin_Skeleton.uasset'
[2016.05.23-21.17.30:622][114]LogSavePackage: Total save time: 23.07ms
[2016.05.23-21.17.30:622][114]LogSavePackage:Display: Finished SavePackage D:/Git/RiggingShooter/GameJamRigging/Content/AnimStarterPack/UE4_Mannequin/Mesh/UE4_Mannequin_Skeleton.uasset
[2016.05.23-21.17.30:643][114]Cmd: OBJ SAVEPACKAGE PACKAGE="/Game/AnimStarterPack/Idle_Rifle_Hip" FILE="D:/Git/RiggingShooter/GameJamRigging/Content/AnimStarterPack/Idle_Rifle_Hip.uasset" SILENT=true
[2016.05.23-21.17.30:668][114]LogSavePackage: Save=11.26ms
[2016.05.23-21.17.30:668][114]LogSavePackage: Moving 'D:/Git/RiggingShooter/GameJamRigging/Saved/Idle_Rifle_HipEE4AF7F74C024F2DA9CF25AE72D8277E.tmp' to 'D:/Git/RiggingShooter/GameJamRigging/Content/AnimStarterPack/Idle_Rifle_Hip.uasset'
[2016.05.23-21.17.30:669][114]LogSavePackage: Total save time: 25.37ms
[2016.05.23-21.17.30:669][114]LogSavePackage:Display: Finished SavePackage D:/Git/RiggingShooter/GameJamRigging/Content/AnimStarterPack/Idle_Rifle_Hip.uasset
[2016.05.23-21.17.30:690][114]Cmd: OBJ SAVEPACKAGE PACKAGE="/Game/AnimStarterPack/Jump_From_Jog" FILE="D:/Git/RiggingShooter/GameJamRigging/Content/AnimStarterPack/Jump_From_Jog.uasset" SILENT=true
[2016.05.23-21.17.30:713][114]LogSavePackage: Save=9.60ms
[2016.05.23-21.17.30:713][114]LogSavePackage: Moving 'D:/Git/RiggingShooter/GameJamRigging/Saved/Jump_From_Jog886FFDE44F44B4EC198B2680217B8F0F.tmp' to 'D:/Git/RiggingShooter/GameJamRigging/Content/AnimStarterPack/Jump_From_Jog.uasset'
[2016.05.23-21.17.30:714][114]LogSavePackage: Total save time: 23.64ms
[2016.05.23-21.17.30:714][114]LogSavePackage:Display: Finished SavePackage D:/Git/RiggingShooter/GameJamRigging/Content/AnimStarterPack/Jump_From_Jog.uasset
[2016.05.23-21.17.30:739][114]Cmd: OBJ SAVEPACKAGE PACKAGE="/Game/AnimStarterPack/Jump_From_Stand" FILE="D:/Git/RiggingShooter/GameJamRigging/Content/AnimStarterPack/Jump_From_Stand.uasset" SILENT=true
[2016.05.23-21.17.30:765][114]LogSavePackage: Save=10.01ms
[2016.05.23-21.17.30:765][114]LogSavePackage: Moving 'D:/Git/RiggingShooter/GameJamRigging/Saved/Jump_From_Stand4FB2B80F4BD246E498A053B7FBFF169A.tmp' to 'D:/Git/RiggingShooter/GameJamRigging/Content/AnimStarterPack/Jump_From_Stand.uasset'
[2016.05.23-21.17.30:766][114]LogSavePackage: Total save time: 26.14ms
[2016.05.23-21.17.30:766][114]LogSavePackage:Display: Finished SavePackage D:/Git/RiggingShooter/GameJamRigging/Content/AnimStarterPack/Jump_From_Stand.uasset
[2016.05.23-21.17.30:790][114]Cmd: OBJ SAVEPACKAGE PACKAGE="/Game/AnimStarterPack/BS_CrouchWalk" FILE="D:/Git/RiggingShooter/GameJamRigging/Content/AnimStarterPack/BS_CrouchWalk.uasset" SILENT=true
[2016.05.23-21.17.30:821][114]LogSavePackage: Save=14.20ms
[2016.05.23-21.17.30:821][114]LogSavePackage: Moving 'D:/Git/RiggingShooter/GameJamRigging/Saved/BS_CrouchWalk2D5DDCE34D013FACF59F4698C5262CFE.tmp' to 'D:/Git/RiggingShooter/GameJamRigging/Content/AnimStarterPack/BS_CrouchWalk.uasset'
[2016.05.23-21.17.30:822][114]LogSavePackage: Total save time: 31.51ms
[2016.05.23-21.17.30:822][114]LogSavePackage:Display: Finished SavePackage D:/Git/RiggingShooter/GameJamRigging/Content/AnimStarterPack/BS_CrouchWalk.uasset
[2016.05.23-21.17.30:845][114]Cmd: OBJ SAVEPACKAGE PACKAGE="/Game/AnimStarterPack/Crouch_Walk_Bwd_Rifle_Hip" FILE="D:/Git/RiggingShooter/GameJamRigging/Content/AnimStarterPack/Crouch_Walk_Bwd_Rifle_Hip.uasset" SILENT=true
[2016.05.23-21.17.30:870][114]LogSavePackage: Save=10.00ms
[2016.05.23-21.17.30:870][114]LogSavePackage: Moving 'D:/Git/RiggingShooter/GameJamRigging/Saved/Crouch_Walk_Bwd_Rifle_Hip322DCCA840878D9CE4F91BB6D11939CA.tmp' to 'D:/Git/RiggingShooter/GameJamRigging/Content/AnimStarterPack/Crouch_Walk_Bwd_Rifle_Hip.uasset'
[2016.05.23-21.17.30:871][114]LogSavePackage: Total save time: 25.68ms
[2016.05.23-21.17.30:871][114]LogSavePackage:Display: Finished SavePackage D:/Git/RiggingShooter/GameJamRigging/Content/AnimStarterPack/Crouch_Walk_Bwd_Rifle_Hip.uasset
[2016.05.23-21.17.30:889][114]Cmd: OBJ SAVEPACKAGE PACKAGE="/Game/AnimStarterPack/Crouch_Walk_Fwd_Rifle_Hip" FILE="D:/Git/RiggingShooter/GameJamRigging/Content/AnimStarterPack/Crouch_Walk_Fwd_Rifle_Hip.uasset" SILENT=true
[2016.05.23-21.17.30:917][114]LogSavePackage: Save=14.33ms
[2016.05.23-21.17.30:917][114]LogSavePackage: Moving 'D:/Git/RiggingShooter/GameJamRigging/Saved/Crouch_Walk_Fwd_Rifle_Hip8F58F1034E37C797819EB1BCF0593B84.tmp' to 'D:/Git/RiggingShooter/GameJamRigging/Content/AnimStarterPack/Crouch_Walk_Fwd_Rifle_Hip.uasset'
[2016.05.23-21.17.30:918][114]LogSavePackage: Total save time: 28.69ms
[2016.05.23-21.17.30:918][114]LogSavePackage:Display: Finished SavePackage D:/Git/RiggingShooter/GameJamRigging/Content/AnimStarterPack/Crouch_Walk_Fwd_Rifle_Hip.uasset
[2016.05.23-21.17.30:941][114]Cmd: OBJ SAVEPACKAGE PACKAGE="/Game/AnimStarterPack/Crouch_Walk_Lt_Rifle_Hip" FILE="D:/Git/RiggingShooter/GameJamRigging/Content/AnimStarterPack/Crouch_Walk_Lt_Rifle_Hip.uasset" SILENT=true
[2016.05.23-21.17.30:967][114]LogSavePackage: Save=9.92ms
[2016.05.23-21.17.30:967][114]LogSavePackage: Moving 'D:/Git/RiggingShooter/GameJamRigging/Saved/Crouch_Walk_Lt_Rifle_Hip8AF748E147F49AB72EB606AB55761EF7.tmp' to 'D:/Git/RiggingShooter/GameJamRigging/Content/AnimStarterPack/Crouch_Walk_Lt_Rifle_Hip.uasset'
[2016.05.23-21.17.30:968][114]LogSavePackage: Total save time: 26.37ms
[2016.05.23-21.17.30:968][114]LogSavePackage:Display: Finished SavePackage D:/Git/RiggingShooter/GameJamRigging/Content/AnimStarterPack/Crouch_Walk_Lt_Rifle_Hip.uasset
[2016.05.23-21.17.30:988][114]Cmd: OBJ SAVEPACKAGE PACKAGE="/Game/AnimStarterPack/Crouch_Walk_Rt_Rifle_Hip" FILE="D:/Git/RiggingShooter/GameJamRigging/Content/AnimStarterPack/Crouch_Walk_Rt_Rifle_Hip.uasset" SILENT=true
[2016.05.23-21.17.31:011][114]LogSavePackage: Save=9.70ms
[2016.05.23-21.17.31:011][114]LogSavePackage: Moving 'D:/Git/RiggingShooter/GameJamRigging/Saved/Crouch_Walk_Rt_Rifle_Hip3477024A4B02AE272AE39ABEADFB561A.tmp' to 'D:/Git/RiggingShooter/GameJamRigging/Content/AnimStarterPack/Crouch_Walk_Rt_Rifle_Hip.uasset'
[2016.05.23-21.17.31:013][114]LogSavePackage: Total save time: 23.92ms
[2016.05.23-21.17.31:013][114]LogSavePackage:Display: Finished SavePackage D:/Git/RiggingShooter/GameJamRigging/Content/AnimStarterPack/Crouch_Walk_Rt_Rifle_Hip.uasset
[2016.05.23-21.17.31:030][114]Cmd: OBJ SAVEPACKAGE PACKAGE="/Game/AnimStarterPack/BS_Jog" FILE="D:/Git/RiggingShooter/GameJamRigging/Content/AnimStarterPack/BS_Jog.uasset" SILENT=true
[2016.05.23-21.17.31:053][114]LogSavePackage: Save=9.77ms
[2016.05.23-21.17.31:053][114]LogSavePackage: Moving 'D:/Git/RiggingShooter/GameJamRigging/Saved/BS_Jog5A8A8270469FF7977C05959EDB95E96F.tmp' to 'D:/Git/RiggingShooter/GameJamRigging/Content/AnimStarterPack/BS_Jog.uasset'
[2016.05.23-21.17.31:054][114]LogSavePackage: Total save time: 24.03ms
[2016.05.23-21.17.31:054][114]LogSavePackage:Display: Finished SavePackage D:/Git/RiggingShooter/GameJamRigging/Content/AnimStarterPack/BS_Jog.uasset
[2016.05.23-21.17.31:073][114]Cmd: OBJ SAVEPACKAGE PACKAGE="/Game/AnimStarterPack/Jog_Bwd_Rifle" FILE="D:/Git/RiggingShooter/GameJamRigging/Content/AnimStarterPack/Jog_Bwd_Rifle.uasset" SILENT=true
[2016.05.23-21.17.31:097][114]LogSavePackage: Save=9.79ms
[2016.05.23-21.17.31:097][114]LogSavePackage: Moving 'D:/Git/RiggingShooter/GameJamRigging/Saved/Jog_Bwd_RifleD6486CBB48B44F2291A0D58100F7257D.tmp' to 'D:/Git/RiggingShooter/GameJamRigging/Content/AnimStarterPack/Jog_Bwd_Rifle.uasset'
[2016.05.23-21.17.31:098][114]LogSavePackage: Total save time: 23.65ms
[2016.05.23-21.17.31:098][114]LogSavePackage:Display: Finished SavePackage D:/Git/RiggingShooter/GameJamRigging/Content/AnimStarterPack/Jog_Bwd_Rifle.uasset
[2016.05.23-21.17.31:119][114]Cmd: OBJ SAVEPACKAGE PACKAGE="/Game/AnimStarterPack/Jog_Fwd_Rifle" FILE="D:/Git/RiggingShooter/GameJamRigging/Content/AnimStarterPack/Jog_Fwd_Rifle.uasset" SILENT=true
[2016.05.23-21.17.31:143][114]LogSavePackage: Save=9.58ms
[2016.05.23-21.17.31:143][114]LogSavePackage: Moving 'D:/Git/RiggingShooter/GameJamRigging/Saved/Jog_Fwd_Rifle6B8A252E477AAF8D5F5670A50938FD38.tmp' to 'D:/Git/RiggingShooter/GameJamRigging/Content/AnimStarterPack/Jog_Fwd_Rifle.uasset'
[2016.05.23-21.17.31:144][114]LogSavePackage: Total save time: 23.92ms
[2016.05.23-21.17.31:144][114]LogSavePackage:Display: Finished SavePackage D:/Git/RiggingShooter/GameJamRigging/Content/AnimStarterPack/Jog_Fwd_Rifle.uasset
[2016.05.23-21.17.31:162][114]Cmd: OBJ SAVEPACKAGE PACKAGE="/Game/AnimStarterPack/Jog_Lt_Rifle" FILE="D:/Git/RiggingShooter/GameJamRigging/Content/AnimStarterPack/Jog_Lt_Rifle.uasset" SILENT=true
[2016.05.23-21.17.31:196][114]LogSavePackage: Save=20.76ms
[2016.05.23-21.17.31:196][114]LogSavePackage: Moving 'D:/Git/RiggingShooter/GameJamRigging/Saved/Jog_Lt_RifleE5A12ABB4394BE9522BBF3BB08F8C206.tmp' to 'D:/Git/RiggingShooter/GameJamRigging/Content/AnimStarterPack/Jog_Lt_Rifle.uasset'
[2016.05.23-21.17.31:197][114]LogSavePackage: Total save time: 34.48ms
[2016.05.23-21.17.31:197][114]LogSavePackage:Display: Finished SavePackage D:/Git/RiggingShooter/GameJamRigging/Content/AnimStarterPack/Jog_Lt_Rifle.uasset
[2016.05.23-21.17.31:219][114]Cmd: OBJ SAVEPACKAGE PACKAGE="/Game/AnimStarterPack/Jog_Rt_Rifle" FILE="D:/Git/RiggingShooter/GameJamRigging/Content/AnimStarterPack/Jog_Rt_Rifle.uasset" SILENT=true
[2016.05.23-21.17.31:243][114]LogSavePackage: Save=9.59ms
[2016.05.23-21.17.31:243][114]LogSavePackage: Moving 'D:/Git/RiggingShooter/GameJamRigging/Saved/Jog_Rt_RifleB71182EB465B43B15C310AA1A17801DE.tmp' to 'D:/Git/RiggingShooter/GameJamRigging/Content/AnimStarterPack/Jog_Rt_Rifle.uasset'
[2016.05.23-21.17.31:244][114]LogSavePackage: Total save time: 24.40ms
[2016.05.23-21.17.31:244][114]LogSavePackage:Display: Finished SavePackage D:/Git/RiggingShooter/GameJamRigging/Content/AnimStarterPack/Jog_Rt_Rifle.uasset
[2016.05.23-21.17.31:261][114]Cmd: OBJ SAVEPACKAGE PACKAGE="/Game/AnimStarterPack/Death_1" FILE="D:/Git/RiggingShooter/GameJamRigging/Content/AnimStarterPack/Death_1.uasset" SILENT=true
[2016.05.23-21.17.31:290][114]LogSavePackage: Save=13.94ms
[2016.05.23-21.17.31:290][114]LogSavePackage: Moving 'D:/Git/RiggingShooter/GameJamRigging/Saved/Death_1FFB1A1CD424C153BF19C5598B02BB85C.tmp' to 'D:/Git/RiggingShooter/GameJamRigging/Content/AnimStarterPack/Death_1.uasset'
[2016.05.23-21.17.31:291][114]LogSavePackage: Total save time: 28.99ms
[2016.05.23-21.17.31:291][114]LogSavePackage:Display: Finished SavePackage D:/Git/RiggingShooter/GameJamRigging/Content/AnimStarterPack/Death_1.uasset
[2016.05.23-21.17.31:308][114]Cmd: OBJ SAVEPACKAGE PACKAGE="/Game/AnimStarterPack/Death_2" FILE="D:/Git/RiggingShooter/GameJamRigging/Content/AnimStarterPack/Death_2.uasset" SILENT=true
[2016.05.23-21.17.31:332][114]LogSavePackage: Save=9.48ms
[2016.05.23-21.17.31:332][114]LogSavePackage: Moving 'D:/Git/RiggingShooter/GameJamRigging/Saved/Death_2579E263444792D3B7BAE4387ADED3027.tmp' to 'D:/Git/RiggingShooter/GameJamRigging/Content/AnimStarterPack/Death_2.uasset'
[2016.05.23-21.17.31:333][114]LogSavePackage: Total save time: 24.33ms
[2016.05.23-21.17.31:333][114]LogSavePackage:Display: Finished SavePackage D:/Git/RiggingShooter/GameJamRigging/Content/AnimStarterPack/Death_2.uasset
[2016.05.23-21.17.31:350][114]Cmd: OBJ SAVEPACKAGE PACKAGE="/Game/AnimStarterPack/Death_3" FILE="D:/Git/RiggingShooter/GameJamRigging/Content/AnimStarterPack/Death_3.uasset" SILENT=true
[2016.05.23-21.17.31:374][114]LogSavePackage: Save=9.69ms
[2016.05.23-21.17.31:374][114]LogSavePackage: Moving 'D:/Git/RiggingShooter/GameJamRigging/Saved/Death_325FDD54748F12545536D628544020B74.tmp' to 'D:/Git/RiggingShooter/GameJamRigging/Content/AnimStarterPack/Death_3.uasset'
[2016.05.23-21.17.31:375][114]LogSavePackage: Total save time: 24.10ms
[2016.05.23-21.17.31:375][114]LogSavePackage:Display: Finished SavePackage D:/Git/RiggingShooter/GameJamRigging/Content/AnimStarterPack/Death_3.uasset
[2016.05.23-21.17.31:394][114]Cmd: OBJ SAVEPACKAGE PACKAGE="/Game/Models/MannequinRigTest" FILE="D:/Git/RiggingShooter/GameJamRigging/Content/Models/MannequinRigTest.uasset" SILENT=true
[2016.05.23-21.17.31:444][114]LogSavePackage: Save=50.09ms
[2016.05.23-21.17.31:444][114]LogSavePackage: Moving 'D:/Git/RiggingShooter/GameJamRigging/Saved/MannequinRigTestE9CFAED2470AC2BE2B4CB8A47BC60827.tmp' to 'D:/Git/RiggingShooter/GameJamRigging/Content/Models/MannequinRigTest.uasset'
[2016.05.23-21.17.31:445][114]LogSavePackage: Total save time: 51.13ms
[2016.05.23-21.17.31:445][114]LogSavePackage:Display: Finished SavePackage D:/Git/RiggingShooter/GameJamRigging/Content/Models/MannequinRigTest.uasset
[2016.05.23-21.17.31:468][114]Cmd: OBJ SAVEPACKAGE PACKAGE="/Game/Models/M_UE4Man_Body" FILE="D:/Git/RiggingShooter/GameJamRigging/Content/Models/M_UE4Man_Body.uasset" SILENT=true
[2016.05.23-21.17.31:478][114]LogSavePackage: Save=8.47ms
[2016.05.23-21.17.31:478][114]LogSavePackage: Moving 'D:/Git/RiggingShooter/GameJamRigging/Saved/M_UE4Man_BodyBC053A344939F27DE24C83B217786EF8.tmp' to 'D:/Git/RiggingShooter/GameJamRigging/Content/Models/M_UE4Man_Body.uasset'
[2016.05.23-21.17.31:479][114]LogSavePackage: Total save time: 9.44ms
[2016.05.23-21.17.31:479][114]LogSavePackage:Display: Finished SavePackage D:/Git/RiggingShooter/GameJamRigging/Content/Models/M_UE4Man_Body.uasset
[2016.05.23-21.17.31:497][114]Cmd: OBJ SAVEPACKAGE PACKAGE="/Game/Models/Fbx_Default_Material_1" FILE="D:/Git/RiggingShooter/GameJamRigging/Content/Models/Fbx_Default_Material_1.uasset" SILENT=true
[2016.05.23-21.17.31:506][114]LogSavePackage: Save=8.62ms
[2016.05.23-21.17.31:506][114]LogSavePackage: Moving 'D:/Git/RiggingShooter/GameJamRigging/Saved/Fbx_Default_Material_1794804C141786FA88D53A7A3F02C96C8.tmp' to 'D:/Git/RiggingShooter/GameJamRigging/Content/Models/Fbx_Default_Material_1.uasset'
[2016.05.23-21.17.31:507][114]LogSavePackage: Total save time: 9.55ms
[2016.05.23-21.17.31:507][114]LogSavePackage:Display: Finished SavePackage D:/Git/RiggingShooter/GameJamRigging/Content/Models/Fbx_Default_Material_1.uasset
[2016.05.23-21.17.31:511][114]Cmd: OBJ SAVEPACKAGE PACKAGE="/Game/Models/MannequinRigTest_PhysicsAsset" FILE="D:/Git/RiggingShooter/GameJamRigging/Content/Models/MannequinRigTest_PhysicsAsset.uasset" SILENT=true
[2016.05.23-21.17.31:526][114]LogSavePackage: Save=13.82ms
[2016.05.23-21.17.31:526][114]LogSavePackage: Moving 'D:/Git/RiggingShooter/GameJamRigging/Saved/MannequinRigTest_PhysicsAssetCFB9F3934302770E2B41F984ABBF582B.tmp' to 'D:/Git/RiggingShooter/GameJamRigging/Content/Models/MannequinRigTest_PhysicsAsset.uasset'
[2016.05.23-21.17.31:527][114]LogSavePackage: Total save time: 15.53ms
[2016.05.23-21.17.31:527][114]LogSavePackage:Display: Finished SavePackage D:/Git/RiggingShooter/GameJamRigging/Content/Models/MannequinRigTest_PhysicsAsset.uasset
[2016.05.23-21.17.54:098][858]LogContentBrowser:Verbose: The majority of assets in the view are of type: AnimSequence
[2016.05.23-21.18.25:213][715]LogAnimation:Warning: root : Hierarchy does not match.
[2016.05.23-21.18.29:118][715]LogAnimation:Warning: RESAVE ANIMATION NEEDED(Crouch_Idle_Rifle_Hip): Fixing track data.
[2016.05.23-21.18.29:119][715]LoadErrors:Warning: Warning The Animation  Crouch_Idle_Rifle_Hip needs resave.
[2016.05.23-21.18.29:130][715]LogAnimation:Warning: RESAVE ANIMATION NEEDED(Idle_Rifle_Hip): Fixing track data.
[2016.05.23-21.18.29:130][715]LoadErrors:Warning: Warning The Animation  Idle_Rifle_Hip needs resave.
[2016.05.23-21.18.29:141][715]LogAnimation:Warning: RESAVE ANIMATION NEEDED(Jump_From_Jog): Fixing track data.
[2016.05.23-21.18.29:141][715]LoadErrors:Warning: Warning The Animation  Jump_From_Jog needs resave.
[2016.05.23-21.18.29:147][715]LogAnimation:Warning: RESAVE ANIMATION NEEDED(Jump_From_Stand): Fixing track data.
[2016.05.23-21.18.29:147][715]LoadErrors:Warning: Warning The Animation  Jump_From_Stand needs resave.
[2016.05.23-21.18.29:153][715]LogAnimation:Warning: RESAVE ANIMATION NEEDED(Crouch_Walk_Bwd_Rifle_Hip): Fixing track data.
[2016.05.23-21.18.29:153][715]LoadErrors:Warning: Warning The Animation  Crouch_Walk_Bwd_Rifle_Hip needs resave.
[2016.05.23-21.18.29:159][715]LogAnimation:Warning: RESAVE ANIMATION NEEDED(Crouch_Walk_Fwd_Rifle_Hip): Fixing track data.
[2016.05.23-21.18.29:159][715]LoadErrors:Warning: Warning The Animation  Crouch_Walk_Fwd_Rifle_Hip needs resave.
[2016.05.23-21.18.29:167][715]LogAnimation:Warning: RESAVE ANIMATION NEEDED(Crouch_Walk_Lt_Rifle_Hip): Fixing track data.
[2016.05.23-21.18.29:167][715]LoadErrors:Warning: Warning The Animation  Crouch_Walk_Lt_Rifle_Hip needs resave.
[2016.05.23-21.18.29:174][715]LogAnimation:Warning: RESAVE ANIMATION NEEDED(Crouch_Walk_Rt_Rifle_Hip): Fixing track data.
[2016.05.23-21.18.29:174][715]LoadErrors:Warning: Warning The Animation  Crouch_Walk_Rt_Rifle_Hip needs resave.
[2016.05.23-21.18.29:184][715]LogAnimation:Warning: RESAVE ANIMATION NEEDED(Jog_Bwd_Rifle): Fixing track data.
[2016.05.23-21.18.29:184][715]LoadErrors:Warning: Warning The Animation  Jog_Bwd_Rifle needs resave.
[2016.05.23-21.18.29:193][715]LogAnimation:Warning: RESAVE ANIMATION NEEDED(Jog_Fwd_Rifle): Fixing track data.
[2016.05.23-21.18.29:193][715]LoadErrors:Warning: Warning The Animation  Jog_Fwd_Rifle needs resave.
[2016.05.23-21.18.29:201][715]LogAnimation:Warning: RESAVE ANIMATION NEEDED(Jog_Lt_Rifle): Fixing track data.
[2016.05.23-21.18.29:201][715]LoadErrors:Warning: Warning The Animation  Jog_Lt_Rifle needs resave.
[2016.05.23-21.18.29:207][715]LogAnimation:Warning: RESAVE ANIMATION NEEDED(Jog_Rt_Rifle): Fixing track data.
[2016.05.23-21.18.29:207][715]LoadErrors:Warning: Warning The Animation  Jog_Rt_Rifle needs resave.
[2016.05.23-21.18.29:215][715]LogAnimation:Warning: RESAVE ANIMATION NEEDED(Death_1): Fixing track data.
[2016.05.23-21.18.29:215][715]LoadErrors:Warning: Warning The Animation  Death_1 needs resave.
[2016.05.23-21.18.29:225][715]LogAnimation:Warning: RESAVE ANIMATION NEEDED(Death_2): Fixing track data.
[2016.05.23-21.18.29:225][715]LoadErrors:Warning: Warning The Animation  Death_2 needs resave.
[2016.05.23-21.18.29:234][715]LogAnimation:Warning: RESAVE ANIMATION NEEDED(Death_3): Fixing track data.
[2016.05.23-21.18.29:234][715]LoadErrors:Warning: Warning The Animation  Death_3 needs resave.
[2016.05.23-21.18.29:241][715]LogAnimation:Warning: RESAVE ANIMATION NEEDED(Aim_Space_Hip): Fixing track data.
[2016.05.23-21.18.29:241][715]LoadErrors:Warning: Warning The Animation  Aim_Space_Hip needs resave.
[2016.05.23-21.18.29:251][715]LogAnimation:Warning: RESAVE ANIMATION NEEDED(Aim_Space_Ironsights): Fixing track data.
[2016.05.23-21.18.29:251][715]LoadErrors:Warning: Warning The Animation  Aim_Space_Ironsights needs resave.
[2016.05.23-21.18.29:260][715]LogAnimation:Warning: RESAVE ANIMATION NEEDED(Crouch_to_Stand_Rifle_Ironsights): Fixing track data.
[2016.05.23-21.18.29:260][715]LoadErrors:Warning: Warning The Animation  Crouch_to_Stand_Rifle_Ironsights needs resave.
[2016.05.23-21.18.29:298][715]LogActorComponent: RegisterComponentWithWorld: (/Engine/Transient.DebugSkelMeshComponent_0) Already registered. Aborting.
[2016.05.23-21.18.46:135][ 72]LogActorComponent: UnregisterComponent: (/Engine/Transient.CharMoveComp) Not registered. Aborting.
[2016.05.23-21.18.50:810][ 73]Cmd: QUIT_EDITOR
[2016.05.23-21.18.50:884][ 73]LogWindowsTextInputMethodSystem:Display: IME system now deactivated.
[2016.05.23-21.18.50:924][ 73]LogExit: Preparing to exit.
[2016.05.23-21.18.52:122][ 73]LogExit: Editor shut down
[2016.05.23-21.18.52:123][ 73]LogExit: Transaction tracking system shut down
[2016.05.23-21.18.52:340][ 73]LogObj: Freed 0b from 0 cluster array pools.
[2016.05.23-21.18.52:340][ 73]LogExit: Object subsystem successfully closed.
[2016.05.23-21.18.52:361][ 73]LogD3D11RHI: Shutdown
[2016.05.23-21.18.52:361][ 73]LogD3D11RHI: CleanupD3DDevice
[2016.05.23-21.18.52:439][ 73]LogD3D11RHI: ~FD3D11DynamicRHI
[2016.05.23-21.18.52:516][ 73]LogDerivedDataCache: Shutdown
[2016.05.23-21.18.52:524][ 73]LogModuleManager: Shutting down and abandoning module HierarchicalLODOutliner (205)
[2016.05.23-21.18.52:524][ 73]LogModuleManager: Shutting down and abandoning module CrashTracker (204)
[2016.05.23-21.18.52:524][ 73]LogModuleManager: Shutting down and abandoning module SceneOutliner (203)
[2016.05.23-21.18.52:524][ 73]LogModuleManager: Shutting down and abandoning module WorldBrowser (202)
[2016.05.23-21.18.52:525][ 73]LogModuleManager: Shutting down and abandoning module SuperSearch (201)
[2016.05.23-21.18.52:525][ 73]LogModuleManager: Shutting down and abandoning module WidgetCarousel (200)
[2016.05.23-21.18.52:525][ 73]LogModuleManager: Shutting down and abandoning module AddContentDialog (199)
[2016.05.23-21.18.52:527][ 73]LogModuleManager: Shutting down and abandoning module GameplayTags (198)
[2016.05.23-21.18.52:527][ 73]LogModuleManager: Shutting down and abandoning module EditorWidgets (197)
[2016.05.23-21.18.52:527][ 73]LogModuleManager: Shutting down and abandoning module CollectionManager (196)
[2016.05.23-21.18.52:528][ 73]LogModuleManager: Shutting down and abandoning module StatsViewer (195)
[2016.05.23-21.18.52:528][ 73]LogModuleManager: Shutting down and abandoning module FoliageEdit (194)
[2016.05.23-21.18.52:528][ 73]LogModuleManager: Shutting down and abandoning module LandscapeEditor (193)
[2016.05.23-21.18.52:529][ 73]LogModuleManager: Shutting down and abandoning module ActorPickerMode (192)
[2016.05.23-21.18.52:529][ 73]LogModuleManager: Shutting down and abandoning module GeometryMode (191)
[2016.05.23-21.18.52:529][ 73]LogModuleManager: Shutting down and abandoning module TextureAlignMode (190)
[2016.05.23-21.18.52:529][ 73]LogModuleManager: Shutting down and abandoning module BspMode (189)
[2016.05.23-21.18.52:529][ 73]LogModuleManager: Shutting down and abandoning module PlacementMode (188)
[2016.05.23-21.18.52:529][ 73]LogModuleManager: Shutting down and abandoning module AutomationWorker (187)
[2016.05.23-21.18.52:529][ 73]LogModuleManager: Shutting down and abandoning module CharacterAI (186)
[2016.05.23-21.18.52:529][ 73]LogModuleManager: Shutting down and abandoning module SmartSnapping (185)
[2016.05.23-21.18.52:529][ 73]LogModuleManager: Shutting down and abandoning module ViewportSnapping (184)
[2016.05.23-21.18.52:530][ 73]LogModuleManager: Shutting down and abandoning module LogVisualizer (183)
[2016.05.23-21.18.52:531][ 73]LogModuleManager: Shutting down and abandoning module GameProjectGeneration (182)
[2016.05.23-21.18.52:532][ 73]LogModuleManager: Shutting down and abandoning module IntroTutorials (181)
[2016.05.23-21.18.52:533][ 73]LogModuleManager: Shutting down and abandoning module EditorLiveStreaming (180)
[2016.05.23-21.18.52:533][ 73]LogModuleManager: Shutting down and abandoning module IOSPlatformEditor (179)
[2016.05.23-21.18.52:533][ 73]LogModuleManager: Shutting down and abandoning module HTML5PlatformEditor (178)
[2016.05.23-21.18.52:533][ 73]LogModuleManager: Shutting down and abandoning module AndroidDeviceDetection (177)
[2016.05.23-21.18.53:363][ 73]LogModuleManager: Shutting down and abandoning module AndroidPlatformEditor (176)
[2016.05.23-21.18.53:364][ 73]LogModuleManager: Shutting down and abandoning module IOSRuntimeSettings (175)
[2016.05.23-21.18.53:364][ 73]LogModuleManager: Shutting down and abandoning module AndroidRuntimeSettings (174)
[2016.05.23-21.18.53:364][ 73]LogModuleManager: Shutting down and abandoning module MergeActors (173)
[2016.05.23-21.18.53:364][ 73]LogModuleManager: Shutting down and abandoning module SizeMap (172)
[2016.05.23-21.18.53:364][ 73]LogModuleManager: Shutting down and abandoning module TreeMap (171)
[2016.05.23-21.18.53:364][ 73]LogModuleManager: Shutting down and abandoning module ReferenceViewer (170)
[2016.05.23-21.18.53:364][ 73]LogModuleManager: Shutting down and abandoning module LocalizationService (169)
[2016.05.23-21.18.53:364][ 73]LogModuleManager: Shutting down and abandoning module LocalizationDashboard (168)
[2016.05.23-21.18.53:365][ 73]LogModuleManager: Shutting down and abandoning module HardwareTargeting (167)
[2016.05.23-21.18.53:365][ 73]LogModuleManager: Shutting down and abandoning module DeviceProfileEditor (166)
[2016.05.23-21.18.53:365][ 73]LogModuleManager: Shutting down and abandoning module UndoHistory (165)
[2016.05.23-21.18.53:365][ 73]LogModuleManager: Shutting down and abandoning module UserFeedback (164)
[2016.05.23-21.18.53:366][ 73]LogModuleManager: Shutting down and abandoning module XmlParser (163)
[2016.05.23-21.18.53:366][ 73]LogModuleManager: Shutting down and abandoning module Blutility (162)
[2016.05.23-21.18.53:366][ 73]LogModuleManager: Shutting down and abandoning module ProjectTargetPlatformEditor (161)
[2016.05.23-21.18.53:366][ 73]LogModuleManager: Shutting down and abandoning module ProjectSettingsViewer (160)
[2016.05.23-21.18.53:366][ 73]LogModuleManager: Shutting down and abandoning module InputBindingEditor (159)
[2016.05.23-21.18.53:366][ 73]LogModuleManager: Shutting down and abandoning module EditorSettingsViewer (158)
[2016.05.23-21.18.53:366][ 73]LogModuleManager: Shutting down and abandoning module SettingsEditor (157)
[2016.05.23-21.18.53:367][ 73]LogModuleManager: Shutting down and abandoning module ProjectLauncher (156)
[2016.05.23-21.18.53:368][ 73]LogModuleManager: Shutting down and abandoning module SessionFrontend (155)
[2016.05.23-21.18.53:368][ 73]LogModuleManager: Shutting down and abandoning module ProfilerClient (154)
[2016.05.23-21.18.53:369][ 73]LogModuleManager: Shutting down and abandoning module TargetDeviceServices (153)
[2016.05.23-21.18.53:369][ 73]LogModuleManager: Shutting down and abandoning module DeviceManager (152)
[2016.05.23-21.18.53:401][ 73]LogModuleManager: Shutting down and abandoning module AutomationController (151)
[2016.05.23-21.18.53:402][ 73]LogModuleManager: Shutting down and abandoning module AutomationWindow (150)
[2016.05.23-21.18.53:403][ 73]LogModuleManager: Shutting down and abandoning module Layers (149)
[2016.05.23-21.18.53:404][ 73]LogModuleManager: Shutting down and abandoning module ComponentVisualizers (148)
[2016.05.23-21.18.53:404][ 73]LogModuleManager: Shutting down and abandoning module DetailCustomizations (147)
[2016.05.23-21.18.53:405][ 73]LogModuleManager: Shutting down and abandoning module PackagesDialog (146)
[2016.05.23-21.18.53:407][ 73]LogModuleManager: Shutting down and abandoning module Persona (145)
[2016.05.23-21.18.53:407][ 73]LogModuleManager: Shutting down and abandoning module Kismet (144)
[2016.05.23-21.18.53:407][ 73]LogModuleManager: Shutting down and abandoning module GraphEditor (143)
[2016.05.23-21.18.53:409][ 73]LogModuleManager: Shutting down and abandoning module ClassViewer (142)
[2016.05.23-21.18.53:410][ 73]LogModuleManager: Shutting down and abandoning module Toolbox (141)
[2016.05.23-21.18.53:410][ 73]LogModuleManager: Shutting down and abandoning module ModuleUI (140)
[2016.05.23-21.18.53:410][ 73]LogModuleManager: Shutting down and abandoning module MovieSceneTools (139)
[2016.05.23-21.18.53:410][ 73]LogModuleManager: Shutting down and abandoning module OutputLog (138)
[2016.05.23-21.18.53:411][ 73]LogModuleManager: Shutting down and abandoning module GammaUI (137)
[2016.05.23-21.18.53:411][ 73]LogModuleManager: Shutting down and abandoning module Documentation (136)
[2016.05.23-21.18.53:411][ 73]LogModuleManager: Shutting down and abandoning module StreamingPauseRendering (135)
[2016.05.23-21.18.53:411][ 73]LogModuleManager: Shutting down and abandoning module AnalyticsET (134)
[2016.05.23-21.18.53:411][ 73]LogModuleManager: Shutting down and abandoning module Analytics (133)
[2016.05.23-21.18.53:411][ 73]LogModuleManager: Shutting down and abandoning module PortalServices (132)
[2016.05.23-21.18.53:411][ 73]LogModuleManager: Shutting down and abandoning module PortalRpc (131)
[2016.05.23-21.18.53:411][ 73]LogModuleManager: Shutting down and abandoning module MessagingRpc (130)
[2016.05.23-21.18.53:411][ 73]LogModuleManager: Shutting down and abandoning module AITestSuite (129)
[2016.05.23-21.18.53:411][ 73]LogModuleManager: Shutting down and abandoning module GameplayDebugger (128)
[2016.05.23-21.18.53:411][ 73]LogModuleManager: Shutting down and abandoning module AIModule (127)
[2016.05.23-21.18.53:411][ 73]LogModuleManager: Shutting down and abandoning module ProfilerService (126)
[2016.05.23-21.18.53:601][ 73]LogModuleManager: Shutting down and abandoning module TaskGraph (125)
[2016.05.23-21.18.53:602][ 73]LogModuleManager: Shutting down and abandoning module SlateRemote (124)
[2016.05.23-21.18.53:602][ 73]LogModuleManager: Shutting down and abandoning module SteamVRController (123)
[2016.05.23-21.18.53:602][ 73]LogModuleManager: Shutting down and abandoning module SteamVR (122)
[2016.05.23-21.18.53:602][ 73]LogModuleManager: Shutting down and abandoning module ProceduralMeshComponent (121)
[2016.05.23-21.18.53:602][ 73]LogModuleManager: Shutting down and abandoning module OculusLibrary (120)
[2016.05.23-21.18.53:602][ 73]LogModuleManager: Shutting down and abandoning module OculusInput (119)
[2016.05.23-21.18.53:602][ 73]LogModuleManager: Shutting down and abandoning module CustomMeshComponent (118)
[2016.05.23-21.18.53:602][ 73]LogModuleManager: Shutting down and abandoning module CableComponent (117)
[2016.05.23-21.18.53:602][ 73]LogModuleManager: Shutting down and abandoning module ArchVisCharacter (116)
[2016.05.23-21.18.53:602][ 73]LogModuleManager: Shutting down and abandoning module MediaPlayerEditor (115)
[2016.05.23-21.18.53:602][ 73]LogModuleManager: Shutting down and abandoning module HTML5Networking (114)
[2016.05.23-21.18.53:602][ 73]LogModuleManager: Shutting down and abandoning module SpeedTreeImporter (113)
[2016.05.23-21.18.53:602][ 73]LogModuleManager: Shutting down and abandoning module PluginBrowser (112)
[2016.05.23-21.18.53:602][ 73]LogModuleManager: Shutting down and abandoning module EpicSurvey (111)
[2016.05.23-21.18.53:602][ 73]LogModuleManager: Shutting down and abandoning module DesktopPlatform (110)
[2016.05.23-21.18.53:602][ 73]LogModuleManager: Shutting down and abandoning module VisualStudioSourceCodeAccess (109)
[2016.05.23-21.18.53:602][ 73]LogModuleManager: Shutting down and abandoning module UObjectPlugin (108)
[2016.05.23-21.18.53:602][ 73]LogModuleManager: Shutting down and abandoning module SubversionSourceControl (107)
[2016.05.23-21.18.53:602][ 73]LogModuleManager: Shutting down and abandoning module PerforceSourceControl (106)
[2016.05.23-21.18.53:602][ 73]LogModuleManager: Shutting down and abandoning module SourceControl (105)
[2016.05.23-21.18.53:602][ 73]LogModuleManager: Shutting down and abandoning module GitSourceControl (104)
[2016.05.23-21.18.53:603][ 73]LogModuleManager: Shutting down and abandoning module LightPropagationVolumeEditor (103)
[2016.05.23-21.18.53:603][ 73]LogModuleManager: Shutting down and abandoning module PaperTiledImporter (102)
[2016.05.23-21.18.53:603][ 73]LogModuleManager: Shutting down and abandoning module PaperSpriteSheetImporter (101)
[2016.05.23-21.18.53:603][ 73]LogModuleManager: Shutting down and abandoning module MeshPaint (100)
[2016.05.23-21.18.53:603][ 73]LogModuleManager: Shutting down and abandoning module HotReload (99)
[2016.05.23-21.18.53:603][ 73]LogModuleManager: Shutting down and abandoning module MainFrame (98)
[2016.05.23-21.18.53:603][ 73]LogModuleManager: Shutting down and abandoning module LevelEditor (97)
[2016.05.23-21.18.53:604][ 73]LogModuleManager: Shutting down and abandoning module DirectoryWatcher (96)
[2016.05.23-21.18.53:604][ 73]LogModuleManager: Shutting down and abandoning module AssetRegistry (95)
[2016.05.23-21.18.53:752][ 73]LogModuleManager: Shutting down and abandoning module ContentBrowser (94)
[2016.05.23-21.18.53:752][ 73]LogModuleManager: Shutting down and abandoning module Paper2DEditor (93)
[2016.05.23-21.18.53:753][ 73]LogModuleManager: Shutting down and abandoning module UdpMessaging (92)
[2016.05.23-21.18.53:853][ 73]LogModuleManager: Shutting down and abandoning module LightPropagationVolumeRuntime (91)
[2016.05.23-21.18.53:853][ 73]LogModuleManager: Shutting down and abandoning module Paper2D (90)
[2016.05.23-21.18.53:853][ 73]LogModuleManager: Shutting down and abandoning module WindowsMoviePlayer (89)
[2016.05.23-21.18.53:853][ 73]LogModuleManager: Shutting down and abandoning module Media (88)
[2016.05.23-21.18.53:853][ 73]LogModuleManager: Shutting down and abandoning module WmfMedia (87)
[2016.05.23-21.18.53:854][ 73]LogModuleManager: Shutting down and abandoning module MediaAssets (86)
[2016.05.23-21.18.53:854][ 73]LogModuleManager: Shutting down and abandoning module GameLiveStreaming (85)
[2016.05.23-21.18.53:854][ 73]LogModuleManager: Shutting down and abandoning module GameplayTagsEditor (84)
[2016.05.23-21.18.53:854][ 73]LogModuleManager: Shutting down and abandoning module OnlineBlueprintSupport (83)
[2016.05.23-21.18.53:854][ 73]LogModuleManager: Shutting down and abandoning module GameplayTasksEditor (82)
[2016.05.23-21.18.53:854][ 73]LogModuleManager: Shutting down and abandoning module PropertyEditor (81)
[2016.05.23-21.18.53:854][ 73]LogModuleManager: Shutting down and abandoning module BehaviorTreeEditor (80)
[2016.05.23-21.18.53:854][ 73]LogModuleManager: Shutting down and abandoning module FunctionalTesting (79)
[2016.05.23-21.18.53:854][ 73]LogModuleManager: Shutting down and abandoning module CollisionAnalyzer (78)
[2016.05.23-21.18.53:854][ 73]LogModuleManager: Shutting down and abandoning module WorkspaceMenuStructure (77)
[2016.05.23-21.18.53:854][ 73]LogModuleManager: Shutting down and abandoning module MessageLog (76)
[2016.05.23-21.18.53:854][ 73]LogModuleManager: Shutting down and abandoning module Sequencer (75)
[2016.05.23-21.18.53:855][ 73]LogModuleManager: Shutting down and abandoning module AssetTools (74)
[2016.05.23-21.18.53:855][ 73]LogModuleManager: Shutting down and abandoning module UMGEditor (73)
[2016.05.23-21.18.53:856][ 73]LogModuleManager: Shutting down and abandoning module UMG (72)
[2016.05.23-21.18.53:856][ 73]LogModuleManager: Shutting down and abandoning module SlateReflector (71)
[2016.05.23-21.18.53:857][ 73]LogModuleManager: Shutting down and abandoning module Slate (70)
[2016.05.23-21.18.53:857][ 73]LogModuleManager: Shutting down and abandoning module EditorStyle (69)
[2016.05.23-21.18.53:861][ 73]LogModuleManager: Shutting down and abandoning module SessionServices (68)
[2016.05.23-21.18.53:861][ 73]LogModuleManager: Shutting down and abandoning module SourceCodeAccess (67)
[2016.05.23-21.18.53:861][ 73]LogModuleManager: Shutting down and abandoning module HeadMountedDisplay (66)
[2016.05.23-21.18.53:862][ 73]LogModuleManager: Shutting down and abandoning module XAudio2 (65)
[2016.05.23-21.18.53:862][ 73]LogModuleManager: Shutting down and abandoning module Networking (63)
[2016.05.23-21.18.53:862][ 73]LogModuleManager: Shutting down and abandoning module Core (62)
[2016.05.23-21.18.53:862][ 73]LogModuleManager: Shutting down and abandoning module KismetCompiler (61)
[2016.05.23-21.18.53:862][ 73]LogModuleManager: Shutting down and abandoning module PhysXFormats (60)
[2016.05.23-21.18.53:862][ 73]LogModuleManager: Shutting down and abandoning module MeshUtilities (59)
[2016.05.23-21.18.53:862][ 73]LogModuleManager: Shutting down and abandoning module CookingStats (58)
[2016.05.23-21.18.53:862][ 73]LogModuleManager: Shutting down and abandoning module DerivedDataCache (57)
[2016.05.23-21.18.53:862][ 73]LogDerivedDataCache: Shutdown
[2016.05.23-21.18.53:862][ 73]LogModuleManager: Shutting down and abandoning module ShaderFormatOpenGL (56)
[2016.05.23-21.18.53:862][ 73]LogModuleManager: Shutting down and abandoning module ShaderFormatD3D (55)
[2016.05.23-21.18.53:862][ 73]LogModuleManager: Shutting down and abandoning module MetalShaderFormat (54)
[2016.05.23-21.18.53:862][ 73]LogModuleManager: Shutting down and abandoning module TextureFormatUncompressed (53)
[2016.05.23-21.18.53:862][ 73]LogModuleManager: Shutting down and abandoning module TextureFormatPVR (52)
[2016.05.23-21.18.53:862][ 73]LogModuleManager: Shutting down and abandoning module TextureFormatIntelISPCTexComp (51)
[2016.05.23-21.18.53:862][ 73]LogModuleManager: Shutting down and abandoning module TextureFormatDXT (50)
[2016.05.23-21.18.53:862][ 73]LogModuleManager: Shutting down and abandoning module ImageWrapper (49)
[2016.05.23-21.18.53:862][ 73]LogModuleManager: Shutting down and abandoning module TextureFormatASTC (48)
[2016.05.23-21.18.53:862][ 73]LogModuleManager: Shutting down and abandoning module TextureFormatAndroid (47)
[2016.05.23-21.18.53:862][ 73]LogModuleManager: Shutting down and abandoning module AudioFormatOpus (46)
[2016.05.23-21.18.53:862][ 73]LogModuleManager: Shutting down and abandoning module AudioFormatOgg (45)
[2016.05.23-21.18.53:862][ 73]LogModuleManager: Shutting down and abandoning module AudioFormatADPCM (44)
[2016.05.23-21.18.53:862][ 73]LogModuleManager: Shutting down and abandoning module LinuxTargetPlatform (43)
[2016.05.23-21.18.53:863][ 73]LogModuleManager: Shutting down and abandoning module LinuxServerTargetPlatform (42)
[2016.05.23-21.18.53:863][ 73]LogModuleManager: Shutting down and abandoning module LinuxNoEditorTargetPlatform (41)
[2016.05.23-21.18.53:863][ 73]LogModuleManager: Shutting down and abandoning module TVOSTargetPlatform (40)
[2016.05.23-21.18.53:863][ 73]LogModuleManager: Shutting down and abandoning module Messaging (39)
[2016.05.23-21.18.53:863][ 73]LogModuleManager: Shutting down and abandoning module IOSTargetPlatform (38)
[2016.05.23-21.18.53:863][ 73]LogModuleManager: Shutting down and abandoning module HTML5TargetPlatform (37)
[2016.05.23-21.18.53:863][ 73]LogModuleManager: Shutting down and abandoning module Android_PVRTCTargetPlatform (36)
[2016.05.23-21.18.53:863][ 73]LogModuleManager: Shutting down and abandoning module Android_MultiTargetPlatform (35)
[2016.05.23-21.18.53:863][ 73]LogModuleManager: Shutting down and abandoning module Android_ETC2TargetPlatform (34)
[2016.05.23-21.18.53:863][ 73]LogModuleManager: Shutting down and abandoning module Android_ETC1TargetPlatform (33)
[2016.05.23-21.18.53:863][ 73]LogModuleManager: Shutting down and abandoning module Android_DXTTargetPlatform (32)
[2016.05.23-21.18.53:863][ 73]LogModuleManager: Shutting down and abandoning module Android_ATCTargetPlatform (31)
[2016.05.23-21.18.53:863][ 73]LogModuleManager: Shutting down and abandoning module Android_ASTCTargetPlatform (30)
[2016.05.23-21.18.53:863][ 73]LogModuleManager: Shutting down and abandoning module AndroidTargetPlatform (29)
[2016.05.23-21.18.53:863][ 73]LogModuleManager: Shutting down and abandoning module WindowsTargetPlatform (28)
[2016.05.23-21.18.53:863][ 73]LogModuleManager: Shutting down and abandoning module WindowsServerTargetPlatform (27)
[2016.05.23-21.18.53:863][ 73]LogModuleManager: Shutting down and abandoning module WindowsNoEditorTargetPlatform (26)
[2016.05.23-21.18.53:863][ 73]LogModuleManager: Shutting down and abandoning module WindowsClientTargetPlatform (25)
[2016.05.23-21.18.53:863][ 73]LogModuleManager: Shutting down and abandoning module AllDesktopTargetPlatform (24)
[2016.05.23-21.18.53:863][ 73]LogModuleManager: Shutting down and abandoning module TargetPlatform (23)
[2016.05.23-21.18.53:863][ 73]LogModuleManager: Shutting down and abandoning module InputCore (22)
[2016.05.23-21.18.53:863][ 73]LogModuleManager: Shutting down and abandoning module Settings (21)
[2016.05.23-21.18.53:863][ 73]LogModuleManager: Shutting down and abandoning module OnlineSubsystem (19)
[2016.05.23-21.18.53:863][ 73]LogModuleManager: Shutting down and abandoning module HTTP (18)
[2016.05.23-21.18.55:865][ 73]LogModuleManager: Shutting down and abandoning module XMPP (17)
[2016.05.23-21.18.55:866][ 73]LogModuleManager: Shutting down and abandoning module OculusRift (16)
[2016.05.23-21.18.55:867][ 73]LogModuleManager: Shutting down and abandoning module ExampleDeviceProfileSelector (15)
[2016.05.23-21.18.55:867][ 73]LogModuleManager: Shutting down and abandoning module TextureCompressor (14)
[2016.05.23-21.18.55:868][ 73]LogModuleManager: Shutting down and abandoning module ShaderCore (13)
[2016.05.23-21.18.55:868][ 73]LogModuleManager: Shutting down and abandoning module Landscape (12)
[2016.05.23-21.18.55:868][ 73]LogModuleManager: Shutting down and abandoning module SlateRHIRenderer (11)
[2016.05.23-21.18.55:870][ 73]LogModuleManager: Shutting down and abandoning module OpenGLDrv (10)
[2016.05.23-21.18.55:871][ 73]LogModuleManager: Shutting down and abandoning module D3D11RHI (9)
[2016.05.23-21.18.55:871][ 73]LogModuleManager: Shutting down and abandoning module AnimGraphRuntime (8)
[2016.05.23-21.18.55:871][ 73]LogModuleManager: Shutting down and abandoning module Renderer (7)
[2016.05.23-21.18.55:871][ 73]LogModuleManager: Shutting down and abandoning module Engine (6)
[2016.05.23-21.18.55:871][ 73]LogModuleManager: Shutting down and abandoning module CoreUObject (5)
[2016.05.23-21.18.55:871][ 73]LogModuleManager: Shutting down and abandoning module NetworkFile (4)
[2016.05.23-21.18.55:871][ 73]LogModuleManager: Shutting down and abandoning module StreamingFile (3)
[2016.05.23-21.18.55:872][ 73]LogModuleManager: Shutting down and abandoning module SandboxFile (2)
[2016.05.23-21.18.55:872][ 73]LogModuleManager: Shutting down and abandoning module PakFile (1)
[2016.05.23-21.18.55:874][ 73]LogExit: Exiting.
[2016.05.23-21.18.55:876][ 73]Log file closed, 05/23/16 14:18:55
