Log file open, 05/18/16 16:59:06
LogInit:Display: Running engine for game: GameJamRigging
LogPlatformFile: Not using cached read wrapper
LogInit:Display: RandInit(1878781577) SRandInit(1878781579).
LogTaskGraph: Started task graph with 4 named threads and 7 total threads.
LogStats: Stats thread started at 0.069035
LogInit: Version: 4.11.2-2946394+++UE4+Release-4.11
LogInit: API Version: 2927265
LogInit: Compiled (64-bit): Apr 18 2016 02:18:46
LogInit: Compiled with Visual C++: 19.00.23026.00
LogInit: Build Configuration: Development
LogInit: Branch Name: ++UE4+Release-4.11
LogInit: Command line:  
LogInit: Base directory: C:/Program Files (x86)/Epic Games/4.11/Engine/Binaries/Win64/
LogInit: Installed Engine Build: 1
LogInit: Using libcurl 7.41.0
LogInit:  - built for x86_64-pc-win32
LogInit:  - supports SSL with WinSSL
LogInit:  - other features:
LogInit:      CURL_VERSION_SSL
LogInit:      CURL_VERSION_IPV6
LogInit:      CURL_VERSION_ASYNCHDNS
LogInit:      CURL_VERSION_LARGEFILE
LogInit:      CURL_VERSION_IDN
LogInit:  CurlRequestOptions (configurable via config and command line):
LogInit:  - bVerifyPeer = true  - Libcurl will verify peer certificate
LogInit:  - bUseHttpProxy = false  - Libcurl will NOT use HTTP proxy
LogInit:  - bDontReuseConnections = false  - Libcurl will reuse connections
LogInit:  - CertBundlePath = nullptr  - Libcurl will use whatever was configured at build time.
LogInit: Presizing for max 16777216 objects, including 0 objects not considered by GC, pre-allocating 0 bytes for permanent pool.
LogInit: Object subsystem initialized
[2016.05.18-23.59.06:688][  0]LogInit: Selected Device Profile: [Windows]
[2016.05.18-23.59.06:688][  0]LogInit: Applying CVar settings loaded from the selected device profile: [Windows]
[2016.05.18-23.59.06:693][  0]LogInit: Computer: DUMPRING
[2016.05.18-23.59.06:693][  0]LogInit: User: theco000
[2016.05.18-23.59.06:693][  0]LogInit: CPU Page size=65536, Cores=4
[2016.05.18-23.59.06:693][  0]LogInit: High frequency timer resolution =3.615390 MHz
[2016.05.18-23.59.06:694][  0]LogMemory: Memory total: Physical=15.9GB (16GB approx)
[2016.05.18-23.59.06:694][  0]LogMemory: Platform Memory Stats for Windows
[2016.05.18-23.59.06:694][  0]LogMemory: Process Physical Memory: 314.20 MB used, 314.20 MB peak
[2016.05.18-23.59.06:694][  0]LogMemory: Process Virtual Memory: 315.03 MB used, 315.03 MB peak
[2016.05.18-23.59.06:694][  0]LogMemory: Physical Memory: 9219.77 MB used, 16326.09 MB total
[2016.05.18-23.59.06:694][  0]LogMemory: Virtual Memory: 639.07 MB used, 134217728.00 MB total
[2016.05.18-23.59.06:725][  0]LogTextLocalizationManager: No specific translations for ('en-US') exist, so ('en') translations will be used.
[2016.05.18-23.59.07:079][  0]LogD3D11RHI: D3D11 adapters:
[2016.05.18-23.59.07:107][  0]LogD3D11RHI:    0. 'NVIDIA GeForce GTX 780' (Feature Level 11_0)
[2016.05.18-23.59.07:107][  0]LogD3D11RHI:       3013MB of dedicated video memory, 0MB of dedicated system memory, and 8163MB of shared system memory, 2 output[s]
[2016.05.18-23.59.07:109][  0]LogD3D11RHI:    1. 'Microsoft Basic Render Driver' (Feature Level 11_0)
[2016.05.18-23.59.07:109][  0]LogD3D11RHI:       0MB of dedicated video memory, 0MB of dedicated system memory, and 8163MB of shared system memory, 0 output[s]
[2016.05.18-23.59.07:109][  0]LogD3D11RHI: Chosen D3D11 Adapter: 0
[2016.05.18-23.59.07:117][  0]LogD3D11RHI: Creating new Direct3DDevice
[2016.05.18-23.59.07:117][  0]LogD3D11RHI:     Adapter Name: NVIDIA GeForce GTX 780
[2016.05.18-23.59.07:117][  0]LogD3D11RHI:   Driver Version: 10.18.13.6510 (internal 10.18.13.6510)
[2016.05.18-23.59.07:117][  0]LogD3D11RHI:      Driver Date: 4-27-2016
[2016.05.18-23.59.07:117][  0]LogRHI: Texture pool is 1361 MB (70% of 1945 MB)
[2016.05.18-23.59.07:134][  0]LogD3D11RHI: Async texture creation enabled
[2016.05.18-23.59.07:145][  0]LogShaderCompilers: Guid format shader working directory is 12 characters bigger than the processId version (D:/Git/RiggingShooter/GameJamRigging/Intermediate/Shaders/WorkingDirectory/22728/).
[2016.05.18-23.59.07:145][  0]LogShaderCompilers: Cleaned the shader compiler working directory 'C:/Users/THECO_~1/AppData/Local/Temp/UnrealShaderWorkingDir/998318804C7E374669C261947500E1A1/'.
[2016.05.18-23.59.07:146][  0]LogShaderCompilers:Display: Using Local Shader Compiler.
[2016.05.18-23.59.08:133][  0]LogTemp:Display: Loaded TP AllDesktopTargetPlatform
[2016.05.18-23.59.08:137][  0]LogTemp:Display: Loaded TP WindowsClientTargetPlatform
[2016.05.18-23.59.08:141][  0]LogTemp:Display: Loaded TP WindowsNoEditorTargetPlatform
[2016.05.18-23.59.08:145][  0]LogTemp:Display: Loaded TP WindowsServerTargetPlatform
[2016.05.18-23.59.08:149][  0]LogTemp:Display: Loaded TP WindowsTargetPlatform
[2016.05.18-23.59.08:152][  0]LogTemp:Display: Loaded TP AndroidTargetPlatform
[2016.05.18-23.59.08:154][  0]LogTemp:Display: Loaded TP Android_ASTCTargetPlatform
[2016.05.18-23.59.08:157][  0]LogTemp:Display: Loaded TP Android_ATCTargetPlatform
[2016.05.18-23.59.08:160][  0]LogTemp:Display: Loaded TP Android_DXTTargetPlatform
[2016.05.18-23.59.08:162][  0]LogTemp:Display: Loaded TP Android_ETC1TargetPlatform
[2016.05.18-23.59.08:165][  0]LogTemp:Display: Loaded TP Android_ETC2TargetPlatform
[2016.05.18-23.59.08:171][  0]LogTemp:Display: Loaded TP Android_MultiTargetPlatform
[2016.05.18-23.59.08:171][  0]LogTemp:Display: Loaded TP Android_PVRTCTargetPlatform
[2016.05.18-23.59.08:172][  0]LogTemp:Display: Loaded TP HTML5TargetPlatform
[2016.05.18-23.59.08:188][  0]LogTemp:Display: Loaded TP IOSTargetPlatform
[2016.05.18-23.59.08:191][  0]LogTemp:Display: Loaded TP TVOSTargetPlatform
[2016.05.18-23.59.08:194][  0]LogTemp:Display: Loaded TP LinuxNoEditorTargetPlatform
[2016.05.18-23.59.08:198][  0]LogTemp:Display: Loaded TP LinuxServerTargetPlatform
[2016.05.18-23.59.08:201][  0]LogTemp:Display: Loaded TP LinuxTargetPlatform
[2016.05.18-23.59.08:201][  0]LogTargetPlatformManager:Display: Building Assets For Windows
[2016.05.18-23.59.08:280][  0]LogDerivedDataCache:Display: Max Cache Size: 512 MB
[2016.05.18-23.59.08:323][  0]LogDerivedDataCache: Loaded boot cache 0.04s 46MB C:/Users/theco_000/AppData/Local/UnrealEngine/4.11/DerivedDataCache/Boot.ddc.
[2016.05.18-23.59.08:323][  0]LogDerivedDataCache:Display: Loaded Boot cache: C:/Users/theco_000/AppData/Local/UnrealEngine/4.11/DerivedDataCache/Boot.ddc
[2016.05.18-23.59.08:323][  0]LogDerivedDataCache: FDerivedDataBackendGraph:  Pak pak cache file D:/Git/RiggingShooter/GameJamRigging/DerivedDataCache/DDC.ddp not found, will not use a pak cache.
[2016.05.18-23.59.08:323][  0]LogDerivedDataCache: Unable to find inner node Pak for hierarchical cache Hierarchy.
[2016.05.18-23.59.08:323][  0]LogDerivedDataCache: FDerivedDataBackendGraph:  CompressedPak pak cache file D:/Git/RiggingShooter/GameJamRigging/DerivedDataCache/Compressed.ddp not found, will not use a pak cache.
[2016.05.18-23.59.08:323][  0]LogDerivedDataCache: Unable to find inner node CompressedPak for hierarchical cache Hierarchy.
[2016.05.18-23.59.08:336][  0]LogDerivedDataCache:Display: Pak cache opened for reading ../../../Engine/DerivedDataCache/Compressed.ddp.
[2016.05.18-23.59.08:348][  0]LogDerivedDataCache: Using Local data cache path C:/Users/theco_000/AppData/Local/UnrealEngine/Common/DerivedDataCache: Writable
[2016.05.18-23.59.08:536][  0]LogInit: Selected Device Profile: [Windows]
[2016.05.18-23.59.08:537][  0]LogContentStreaming: Texture pool size is 0.00 MB
[2016.05.18-23.59.08:580][  0]LogMaterial: Uniform references updated for custom material expression Custom.
[2016.05.18-23.59.08:690][  0]LogMeshUtilities: No automatic mesh reduction module available
[2016.05.18-23.59.08:690][  0]LogMeshUtilities: No automatic mesh merging module available
[2016.05.18-23.59.08:690][  0]LogMeshUtilities: No distributed automatic mesh merging module available
[2016.05.18-23.59.08:914][  0]LogUObjectArray: 27679 objects as part of root set at end of initial load.
[2016.05.18-23.59.08:914][  0]LogUObjectAllocator: 5591592 out of 0 bytes used by permanent object pool.
[2016.05.18-23.59.08:914][  0]LogUObjectArray: CloseDisregardForGC: 0/0 objects in disregard for GC pool
[2016.05.18-23.59.08:920][  0]LogInit: WinSock: version 1.1 (2.2), MaxSocks=32767, MaxUdp=65467
[2016.05.18-23.59.09:003][  0]LogSlate: SlateFontCache - WITH_FREETYPE: 1, WITH_HARFBUZZ: 1
[2016.05.18-23.59.09:003][  0]LogSlate: SlateFontCache - WITH_FREETYPE: 1, WITH_HARFBUZZ: 1
[2016.05.18-23.59.09:099][  0]LogStreaming:Warning: Failed to read file '../../../Engine/Content/Editor/Slate/Common/Selection_16x.png' error.
[2016.05.18-23.59.09:099][  0]LogSlate: Could not find file for Slate resource: ../../../Engine/Content/Editor/Slate/Common/Selection_16x.png
[2016.05.18-23.59.09:099][  0]LogStreaming:Warning: Failed to read file '../../../Engine/Content/Editor/Slate/Common/Selection_16x.png' error.
[2016.05.18-23.59.09:099][  0]LogSlate: Could not find file for Slate resource: ../../../Engine/Content/Editor/Slate/Common/Selection_16x.png
[2016.05.18-23.59.09:099][  0]LogStreaming:Warning: Failed to read file '../../../Engine/Content/Editor/Slate/Common/Selection_16x.png' error.
[2016.05.18-23.59.09:099][  0]LogSlate: Could not find file for Slate resource: ../../../Engine/Content/Editor/Slate/Common/Selection_16x.png
[2016.05.18-23.59.09:605][  0]LogUdpMessaging: Initializing bridge on interface 0.0.0.0:0 to multicast group 230.0.0.1:6666.
[2016.05.18-23.59.09:710][  0]LogAssetRegistry: FAssetRegistry took 0.0217 seconds to start up
[2016.05.18-23.59.09:854][  0]SourceControl: Info Source control is disabled
[2016.05.18-23.59.09:855][  0]SourceControl: Info Source control is disabled
[2016.05.18-23.59.09:864][  0]SourceControl: Info Source control is disabled
[2016.05.18-23.59.09:873][  0]SourceControl: Info Source control is disabled
[2016.05.18-23.59.09:987][  0]LogHMD: Failed to initialize OpenVR with code 110
[2016.05.18-23.59.10:064][  0]LogEngine: Initializing Engine...
[2016.05.18-23.59.10:204][  0]LogAIModule: Creating AISystem for world NewWorld
[2016.05.18-23.59.10:214][  0]LogInit: XAudio2 using 'Speakers (Realtek High Definition Audio)' : 2 channels at 48 kHz using 32 bits per sample (channel mask 0x3)
[2016.05.18-23.59.10:236][  0]LogInit: FAudioDevice initialized.
[2016.05.18-23.59.10:257][  0]LogDerivedDataCache: Saved boot cache 0.02s 46MB C:/Users/theco_000/AppData/Local/UnrealEngine/4.11/DerivedDataCache/Boot.ddc.
[2016.05.18-23.59.10:261][  0]LogInit: Texture streaming: Enabled
[2016.05.18-23.59.10:281][  0]LogInit: Transaction tracking system initialized
[2016.05.18-23.59.10:299][  0]BlueprintLog: New page: Editor Load
[2016.05.18-23.59.10:355][  0]LocalizationService: Info Localization service is disabled
[2016.05.18-23.59.10:413][  0]LogConsoleResponse:Display: 
[2016.05.18-23.59.10:504][  0]LogCook:Display: Max memory allowance for cook 8192mb
[2016.05.18-23.59.10:504][  0]LogCook:Display: Mobile HDR setting 1
[2016.05.18-23.59.10:504][  0]LogCook:Display: Done creating registry. It took  0.00s.
[2016.05.18-23.59.10:546][  0]LogFileCache: Scanning file cache for directory 'D:/Git/RiggingShooter/GameJamRigging/Content/' took 0.01s
[2016.05.18-23.59.10:546][  0]SourceControl: Info Source control is disabled
[2016.05.18-23.59.10:547][  0]Cmd: MAP LOAD FILE="D:/Git/RiggingShooter/GameJamRigging/Content/FirstPersonBP/Maps/FirstPersonExampleMap.umap" TEMPLATE=0 SHOWPROGRESS=1 FEATURELEVEL=3
[2016.05.18-23.59.10:547][  0]LightingResults: New page: Lighting Build
[2016.05.18-23.59.10:549][  0]MapCheck: New page: Map Check
[2016.05.18-23.59.10:549][  0]LightingResults: New page: Lighting Build
[2016.05.18-23.59.11:938][  0]LogAIModule: Creating AISystem for world FirstPersonExampleMap
[2016.05.18-23.59.11:948][  0]LogEditorServer: Finished looking for orphan Actors (0.000 secs)
[2016.05.18-23.59.11:948][  0]Cmd: MAP CHECKDEP NOCLEARLOG
[2016.05.18-23.59.11:997][  0]MapCheck: Info Map check complete: 0 Error(s), 0 Warning(s), took 49.016ms to complete.
[2016.05.18-23.59.11:997][  0]LogFileHelpers: Loading map 'FirstPersonExampleMap' took 1.451
[2016.05.18-23.59.12:123][  0]LogCollectionManager: Loaded 0 collections in 0.001233 seconds
[2016.05.18-23.59.12:164][  0]LogFileCache: Scanning file cache for directory 'D:/Git/RiggingShooter/GameJamRigging/Saved/Collections/' took 0.01s
[2016.05.18-23.59.12:164][  0]LogFileCache: Scanning file cache for directory 'D:/Git/RiggingShooter/GameJamRigging/Content/Developers/theco000/Collections/' took 0.01s
[2016.05.18-23.59.12:164][  0]LogFileCache: Scanning file cache for directory 'D:/Git/RiggingShooter/GameJamRigging/Content/Collections/' took 0.01s
[2016.05.18-23.59.12:164][  0]LogCollectionManager: Rebuilt the GUID cache for 0 collections in 0.000003 seconds
[2016.05.18-23.59.12:174][  0]LogContentBrowser: Native class hierarchy populated in 0.0090 seconds. Added 1979 classes and 343 folders.
[2016.05.18-23.59.12:178][  0]LogStats: UGameplayTagsManager::ConstructGameplayTagTree: Construct from data asset -  0.000 s
[2016.05.18-23.59.12:178][  0]LogStats: UGameplayTagsManager::ConstructGameplayTagTree: GameplayTagTreeChangedEvent.Broadcast -  0.000 s
[2016.05.18-23.59.12:179][  0]LogContentBrowser: Native class hierarchy updated for 'GameplayTags' in 0.0004 seconds. Added 12 classes and 0 folders.
[2016.05.18-23.59.12:184][  0]LogContentBrowser: Native class hierarchy updated for 'WidgetCarousel' in 0.0004 seconds. Added 0 classes and 0 folders.
[2016.05.18-23.59.12:190][  0]LogContentBrowser: Native class hierarchy updated for 'SuperSearch' in 0.0003 seconds. Added 1 classes and 2 folders.
[2016.05.18-23.59.12:222][  0]LogContentBrowser: Native class hierarchy updated for 'AddContentDialog' in 0.0003 seconds. Added 0 classes and 0 folders.
[2016.05.18-23.59.12:227][  0]LogContentBrowser: Native class hierarchy updated for 'WorldBrowser' in 0.0004 seconds. Added 1 classes and 3 folders.
[2016.05.18-23.59.12:232][  0]LogContentBrowser: Native class hierarchy updated for 'SceneOutliner' in 0.0003 seconds. Added 1 classes and 2 folders.
[2016.05.18-23.59.12:287][  0]LogCrashTracker: Crashtracker disabled due to settings.
[2016.05.18-23.59.12:291][  0]LogUObjectGlobals:Warning: Failed to find object 'Class None.'
[2016.05.18-23.59.12:317][  0]LogContentBrowser: Native class hierarchy updated for 'HierarchicalLODOutliner' in 0.0003 seconds. Added 1 classes and 2 folders.
[2016.05.18-23.59.12:317][  0]LogLoad: Full Startup: 6.27 seconds (BP compile: 0.44 seconds)
[2016.05.18-23.59.12:317][  0]LogExternalProfiler: Found external profiler: VSPerf
[2016.05.18-23.59.12:317][  0]LogExternalProfiler: Using external profiler: VSPerf
[2016.05.18-23.59.12:326][  0]LogOcInput: OculusInput pre-init called
[2016.05.18-23.59.12:327][  0]LoadErrors:Error: Error /Game/FirstPersonBP/Blueprints/GravityWell : Failed import for GravityWell_C /Game/Blueprints/GravityWell.Default__GravityWell_C [redirection] in /Game/FirstPersonBP/Blueprints/GravityWell
[2016.05.18-23.59.12:369][  0]LogContentStreaming: Texture pool size now 1000 MB
[2016.05.18-23.59.12:527][  0]LogRenderer: Reallocating scene render targets to support 1596x808 (Frame:2).
[2016.05.18-23.59.12:606][  1]LogAssetRegistry: Asset discovery search completed in 2.9175 seconds
[2016.05.18-23.59.12:606][  1]LogCollectionManager: Rebuilt the object cache for 0 collections in 0.000001 seconds (found 0 objects)
[2016.05.18-23.59.12:606][  1]LogCollectionManager: Fixed up redirectors for 0 collections in 0.000022 seconds (updated 0 objects)
[2016.05.19-00.01.27:231][524]LogAIModule: Creating AISystem for world ChrisTest
[2016.05.19-00.01.27:235][524]LogActorComponent: UnregisterComponent: (/Engine/Transient.CharMoveComp) Not registered. Aborting.
[2016.05.19-00.01.27:235][524]LogActorComponent: UnregisterComponent: (/Engine/Transient.ProjectileMovementComponent_40__A6522401) Not registered. Aborting.
[2016.05.19-00.01.27:283][524]Cmd: MAP LOAD FILE="D:/Git/RiggingShooter/GameJamRigging/Content/Maps/ChrisTest.umap" TEMPLATE=0 SHOWPROGRESS=1 FEATURELEVEL=3
[2016.05.19-00.01.27:283][524]LightingResults: New page: Lighting Build
[2016.05.19-00.01.27:301][524]LoadErrors: New page: Loading map: ChrisTest.umap
[2016.05.19-00.01.27:302][524]MapCheck: New page: Map Check
[2016.05.19-00.01.27:302][524]LightingResults: New page: Lighting Build
[2016.05.19-00.01.27:371][524]LogEditorServer: Finished looking for orphan Actors (0.000 secs)
[2016.05.19-00.01.27:392][524]Cmd: MAP CHECKDEP NOCLEARLOG
[2016.05.19-00.01.27:443][524]MapCheck: Info Map check complete: 0 Error(s), 0 Warning(s), took 51.378ms to complete.
[2016.05.19-00.01.27:444][524]LogFileHelpers: Loading map 'ChrisTest' took 0.162
[2016.05.19-00.02.13:677][241]LogContentBrowser: Native class hierarchy updated for 'BlueprintGraph' in 0.0007 seconds. Added 108 classes and 0 folders.
[2016.05.19-00.03.00:362][667]LogSlate:Warning: Prevented a slow task dialog from being summoned while a context menu was open
[2016.05.19-00.03.46:564][121]LogEditorViewport: Clicking on Actor (LMB): PlayerStart (PlayerStart)
[2016.05.19-00.03.52:701][650]BlueprintLog: New page: Compile ChrisTest
[2016.05.19-00.03.52:712][650]LogActorComponent: UnregisterComponent: (/Engine/Transient.CharMoveComp) Not registered. Aborting.
[2016.05.19-00.03.52:713][650]LogActorComponent: UnregisterComponent: (/Engine/Transient.ProjectileMovementComponent_40__A6522401) Not registered. Aborting.
[2016.05.19-00.03.52:713][650]LogActorComponent: UnregisterComponent: (/Engine/Transient.CharacterMovementComponent_0) Not registered. Aborting.
[2016.05.19-00.03.52:713][650]LogActorComponent: UnregisterComponent: (/Engine/Transient.CharacterMovementComponent_1) Not registered. Aborting.
[2016.05.19-00.03.52:799][650]BlueprintEditorCompileResults: Info [0286.75] Compile of ChrisTest successful! [in 97 ms]
[2016.05.19-00.03.55:275][863]LogBlueprintUserMessages: Early PlayInEditor Detection: Level '/Game/Maps/ChrisTest.ChrisTest:PersistentLevel' has LevelScriptBlueprint '/Game/Maps/ChrisTest.ChrisTest:PersistentLevel.ChrisTest' with GeneratedClass '/Game/Maps/ChrisTest.ChrisTest_C' with ClassGeneratedBy '/Game/Maps/ChrisTest.ChrisTest:PersistentLevel.ChrisTest'
[2016.05.19-00.03.55:275][863]BlueprintLog: New page: Pre-Play auto-recompile
[2016.05.19-00.03.55:309][863]LogPlayLevel: [PlayLevel] Compiling Player before play...
[2016.05.19-00.03.55:542][863]LogPlayLevel: PlayLevel: Blueprint regeneration took 267 ms (3 blueprints)
[2016.05.19-00.03.55:543][863]LogPlayLevel: [PlayLevel] Compiling FirstPersonProjectile before play...
[2016.05.19-00.03.55:634][863]LogPlayLevel: PlayLevel: Blueprint regeneration took 358 ms (5 blueprints)
[2016.05.19-00.03.55:636][863]LogPlayLevel: [PlayLevel] Compiling UE4ASP_HeroTPP_AnimBlueprint2 before play...
[2016.05.19-00.03.55:791][863]LogPlayLevel: PlayLevel: Blueprint regeneration took 515 ms (5 blueprints)
[2016.05.19-00.03.55:791][863]LogPlayLevel: [PlayLevel] Compiling GravityWell2 before play...
[2016.05.19-00.03.55:931][863]LogPlayLevel: PlayLevel: Blueprint regeneration took 655 ms (5 blueprints)
[2016.05.19-00.03.55:932][863]LogPlayLevel: [PlayLevel] Compiling FirstPersonCharacter before play...
[2016.05.19-00.03.56:025][863]LogPlayLevel: PlayLevel: Blueprint regeneration took 749 ms (5 blueprints)
[2016.05.19-00.03.56:062][863]PIE: New page: PIE session: ChrisTest (May 18, 2016, 9:03:56 AM)
[2016.05.19-00.03.56:062][863]LogPlayLevel: Creating play world package: /Game/Maps/UEDPIE_0_ChrisTest
[2016.05.19-00.03.56:070][863]LogPlayLevel: PIE: StaticDuplicateObject took: (0.007503s)
[2016.05.19-00.03.56:070][863]LogAIModule: Creating AISystem for world ChrisTest
[2016.05.19-00.03.56:070][863]LogPlayLevel: PIE: World Init took: (0.000537s)
[2016.05.19-00.03.56:070][863]LogPlayLevel: PIE: Created PIE world by copying editor world from /Game/Maps/ChrisTest.ChrisTest to /Game/Maps/UEDPIE_0_ChrisTest.ChrisTest (0.008228s)
[2016.05.19-00.03.56:093][863]LogInit: XAudio2 using 'Speakers (Realtek High Definition Audio)' : 2 channels at 48 kHz using 32 bits per sample (channel mask 0x3)
[2016.05.19-00.03.56:102][863]LogInit: FAudioDevice initialized.
[2016.05.19-00.03.56:145][863]LogWorld: Game class is 'ShooterGameMode_C'
[2016.05.19-00.03.56:148][863]LogWorld: Bringing World /Game/Maps/UEDPIE_0_ChrisTest.ChrisTest up for play (max tick rate 0) at 2016.05.18-17.03.56
[2016.05.19-00.03.56:148][863]LogWorld: Bringing up level for play took: 0.001996
[2016.05.19-00.03.56:153][863]LogContentBrowser: Native class hierarchy updated for 'MovieSceneCapture' in 0.0004 seconds. Added 9 classes and 0 folders.
[2016.05.19-00.03.56:155][863]PIE: Info Play in editor start time for /Game/Maps/UEDPIE_0_ChrisTest 0.974
[2016.05.19-00.03.56:155][863]LogBlueprintUserMessages: Late PlayInEditor Detection: Level '/Game/Maps/ChrisTest.ChrisTest:PersistentLevel' has LevelScriptBlueprint '/Game/Maps/ChrisTest.ChrisTest:PersistentLevel.ChrisTest' with GeneratedClass '/Game/Maps/ChrisTest.ChrisTest_C' with ClassGeneratedBy '/Game/Maps/ChrisTest.ChrisTest:PersistentLevel.ChrisTest'
[2016.05.19-00.04.03:449][598]LogBlueprintUserMessages: Early EndPlayMap Detection: Level '/Game/Maps/ChrisTest.ChrisTest:PersistentLevel' has LevelScriptBlueprint '/Game/Maps/ChrisTest.ChrisTest:PersistentLevel.ChrisTest' with GeneratedClass '/Game/Maps/ChrisTest.ChrisTest_C' with ClassGeneratedBy '/Game/Maps/ChrisTest.ChrisTest:PersistentLevel.ChrisTest'
[2016.05.19-00.04.03:494][598]LogBlueprintUserMessages: Late EndPlayMap Detection: Level '/Game/Maps/ChrisTest.ChrisTest:PersistentLevel' has LevelScriptBlueprint '/Game/Maps/ChrisTest.ChrisTest:PersistentLevel.ChrisTest' with GeneratedClass '/Game/Maps/ChrisTest.ChrisTest_C' with ClassGeneratedBy '/Game/Maps/ChrisTest.ChrisTest:PersistentLevel.ChrisTest'
[2016.05.19-00.04.03:495][598]LogActorComponent: UnregisterComponent: (/Engine/Transient.CharMoveComp) Not registered. Aborting.
[2016.05.19-00.04.03:495][598]LogActorComponent: UnregisterComponent: (/Engine/Transient.CharacterMovementComponent_2) Not registered. Aborting.
[2016.05.19-00.04.12:329][351]BlueprintLog: New page: Compile ChrisTest
[2016.05.19-00.04.12:414][351]BlueprintEditorCompileResults: Info [0306.37] Compile of ChrisTest successful! [in 84 ms]
[2016.05.19-00.04.13:833][475]LogBlueprintUserMessages: Early PlayInEditor Detection: Level '/Game/Maps/ChrisTest.ChrisTest:PersistentLevel' has LevelScriptBlueprint '/Game/Maps/ChrisTest.ChrisTest:PersistentLevel.ChrisTest' with GeneratedClass '/Game/Maps/ChrisTest.ChrisTest_C' with ClassGeneratedBy '/Game/Maps/ChrisTest.ChrisTest:PersistentLevel.ChrisTest'
[2016.05.19-00.04.13:833][475]LogPlayLevel: PlayLevel: No blueprints needed recompiling
[2016.05.19-00.04.13:833][475]PIE: New page: PIE session: ChrisTest (May 18, 2016, 9:04:13 AM)
[2016.05.19-00.04.13:833][475]LogPlayLevel: Creating play world package: /Game/Maps/UEDPIE_0_ChrisTest
[2016.05.19-00.04.13:841][475]LogPlayLevel: PIE: StaticDuplicateObject took: (0.007437s)
[2016.05.19-00.04.13:841][475]LogAIModule: Creating AISystem for world ChrisTest
[2016.05.19-00.04.13:841][475]LogPlayLevel: PIE: World Init took: (0.000547s)
[2016.05.19-00.04.13:841][475]LogPlayLevel: PIE: Created PIE world by copying editor world from /Game/Maps/ChrisTest.ChrisTest to /Game/Maps/UEDPIE_0_ChrisTest.ChrisTest (0.008159s)
[2016.05.19-00.04.13:863][475]LogInit: XAudio2 using 'Speakers (Realtek High Definition Audio)' : 2 channels at 48 kHz using 32 bits per sample (channel mask 0x3)
[2016.05.19-00.04.13:872][475]LogInit: FAudioDevice initialized.
[2016.05.19-00.04.13:903][475]LogWorld: Game class is 'ShooterGameMode_C'
[2016.05.19-00.04.13:906][475]LogWorld: Bringing World /Game/Maps/UEDPIE_0_ChrisTest.ChrisTest up for play (max tick rate 0) at 2016.05.18-17.04.13
[2016.05.19-00.04.13:906][475]LogWorld: Bringing up level for play took: 0.001897
[2016.05.19-00.04.13:909][475]PIE: Info Play in editor start time for /Game/Maps/UEDPIE_0_ChrisTest 0.728
[2016.05.19-00.04.13:909][475]LogBlueprintUserMessages: Late PlayInEditor Detection: Level '/Game/Maps/ChrisTest.ChrisTest:PersistentLevel' has LevelScriptBlueprint '/Game/Maps/ChrisTest.ChrisTest:PersistentLevel.ChrisTest' with GeneratedClass '/Game/Maps/ChrisTest.ChrisTest_C' with ClassGeneratedBy '/Game/Maps/ChrisTest.ChrisTest:PersistentLevel.ChrisTest'
[2016.05.19-00.04.18:844][  9]LogBlueprintUserMessages: Early EndPlayMap Detection: Level '/Game/Maps/ChrisTest.ChrisTest:PersistentLevel' has LevelScriptBlueprint '/Game/Maps/ChrisTest.ChrisTest:PersistentLevel.ChrisTest' with GeneratedClass '/Game/Maps/ChrisTest.ChrisTest_C' with ClassGeneratedBy '/Game/Maps/ChrisTest.ChrisTest:PersistentLevel.ChrisTest'
[2016.05.19-00.04.18:881][  9]LogBlueprintUserMessages: Late EndPlayMap Detection: Level '/Game/Maps/ChrisTest.ChrisTest:PersistentLevel' has LevelScriptBlueprint '/Game/Maps/ChrisTest.ChrisTest:PersistentLevel.ChrisTest' with GeneratedClass '/Game/Maps/ChrisTest.ChrisTest_C' with ClassGeneratedBy '/Game/Maps/ChrisTest.ChrisTest:PersistentLevel.ChrisTest'
[2016.05.19-00.04.19:737][ 79]LogBlueprintUserMessages: Early PlayInEditor Detection: Level '/Game/Maps/ChrisTest.ChrisTest:PersistentLevel' has LevelScriptBlueprint '/Game/Maps/ChrisTest.ChrisTest:PersistentLevel.ChrisTest' with GeneratedClass '/Game/Maps/ChrisTest.ChrisTest_C' with ClassGeneratedBy '/Game/Maps/ChrisTest.ChrisTest:PersistentLevel.ChrisTest'
[2016.05.19-00.04.19:737][ 79]LogPlayLevel: PlayLevel: No blueprints needed recompiling
[2016.05.19-00.04.19:737][ 79]PIE: New page: PIE session: ChrisTest (May 18, 2016, 9:04:19 AM)
[2016.05.19-00.04.19:737][ 79]LogPlayLevel: Creating play world package: /Game/Maps/UEDPIE_0_ChrisTest
[2016.05.19-00.04.19:745][ 79]LogPlayLevel: PIE: StaticDuplicateObject took: (0.007441s)
[2016.05.19-00.04.19:745][ 79]LogAIModule: Creating AISystem for world ChrisTest
[2016.05.19-00.04.19:745][ 79]LogPlayLevel: PIE: World Init took: (0.000529s)
[2016.05.19-00.04.19:745][ 79]LogPlayLevel: PIE: Created PIE world by copying editor world from /Game/Maps/ChrisTest.ChrisTest to /Game/Maps/UEDPIE_0_ChrisTest.ChrisTest (0.008134s)
[2016.05.19-00.04.19:768][ 79]LogInit: XAudio2 using 'Speakers (Realtek High Definition Audio)' : 2 channels at 48 kHz using 32 bits per sample (channel mask 0x3)
[2016.05.19-00.04.19:776][ 79]LogInit: FAudioDevice initialized.
[2016.05.19-00.04.19:805][ 79]LogWorld: Game class is 'ShooterGameMode_C'
[2016.05.19-00.04.19:807][ 79]LogWorld: Bringing World /Game/Maps/UEDPIE_0_ChrisTest.ChrisTest up for play (max tick rate 0) at 2016.05.18-17.04.19
[2016.05.19-00.04.19:808][ 79]LogWorld: Bringing up level for play took: 0.001914
[2016.05.19-00.04.19:810][ 79]PIE: Info Play in editor start time for /Game/Maps/UEDPIE_0_ChrisTest 0.629
[2016.05.19-00.04.19:810][ 79]LogBlueprintUserMessages: Late PlayInEditor Detection: Level '/Game/Maps/ChrisTest.ChrisTest:PersistentLevel' has LevelScriptBlueprint '/Game/Maps/ChrisTest.ChrisTest:PersistentLevel.ChrisTest' with GeneratedClass '/Game/Maps/ChrisTest.ChrisTest_C' with ClassGeneratedBy '/Game/Maps/ChrisTest.ChrisTest:PersistentLevel.ChrisTest'
[2016.05.19-00.04.29:626][139]LogBlueprintUserMessages: Early EndPlayMap Detection: Level '/Game/Maps/ChrisTest.ChrisTest:PersistentLevel' has LevelScriptBlueprint '/Game/Maps/ChrisTest.ChrisTest:PersistentLevel.ChrisTest' with GeneratedClass '/Game/Maps/ChrisTest.ChrisTest_C' with ClassGeneratedBy '/Game/Maps/ChrisTest.ChrisTest:PersistentLevel.ChrisTest'
[2016.05.19-00.04.29:663][139]LogBlueprintUserMessages: Late EndPlayMap Detection: Level '/Game/Maps/ChrisTest.ChrisTest:PersistentLevel' has LevelScriptBlueprint '/Game/Maps/ChrisTest.ChrisTest:PersistentLevel.ChrisTest' with GeneratedClass '/Game/Maps/ChrisTest.ChrisTest_C' with ClassGeneratedBy '/Game/Maps/ChrisTest.ChrisTest:PersistentLevel.ChrisTest'
[2016.05.19-00.04.58:311][312]LogActorComponent: UnregisterComponent: (/Engine/Transient.CharMoveComp) Not registered. Aborting.
[2016.05.19-00.04.58:311][312]LogActorComponent: UnregisterComponent: (/Engine/Transient.ProjectileMovementComponent_40__A6522401) Not registered. Aborting.
[2016.05.19-00.05.09:953][903]LogActorComponent: UnregisterComponent: (/Engine/Transient.CharacterMovementComponent_3) Not registered. Aborting.
[2016.05.19-00.05.10:067][903]Cmd: OBJ SAVEPACKAGE PACKAGE="/Game/Maps/ChrisTest" FILE="D:/Git/RiggingShooter/GameJamRigging/Content/Maps/ChrisTest.umap" SILENT=true AUTOSAVING=false KEEPDIRTY=false
[2016.05.19-00.05.10:218][903]LogSavePackage: Save=125.00ms
[2016.05.19-00.05.10:218][903]LogSavePackage: Moving 'D:/Git/RiggingShooter/GameJamRigging/Saved/ChrisTest021B60BB48D684420959C38D909FC7AE.tmp' to 'D:/Git/RiggingShooter/GameJamRigging/Content/Maps/ChrisTest.umap'
[2016.05.19-00.05.10:220][903]LogSavePackage: Total save time: 135.74ms
[2016.05.19-00.05.10:220][903]LogSavePackage:Display: Finished SavePackage D:/Git/RiggingShooter/GameJamRigging/Content/Maps/ChrisTest.umap
[2016.05.19-00.05.10:240][903]LogFileHelpers: Saving map 'ChrisTest' took 0.240
[2016.05.19-00.05.10:261][903]Cmd: OBJ SAVEPACKAGE PACKAGE="/Game/Blueprints/Player" FILE="D:/Git/RiggingShooter/GameJamRigging/Content/Blueprints/Player.uasset" SILENT=true
[2016.05.19-00.05.10:692][903]LogSavePackage: Save=421.05ms
[2016.05.19-00.05.10:692][903]LogSavePackage: Moving 'D:/Git/RiggingShooter/GameJamRigging/Saved/Player5B858B4844637CBA357479843E084304.tmp' to 'D:/Git/RiggingShooter/GameJamRigging/Content/Blueprints/Player.uasset'
[2016.05.19-00.05.10:694][903]LogSavePackage: Total save time: 432.70ms
[2016.05.19-00.05.10:694][903]LogSavePackage:Display: Finished SavePackage D:/Git/RiggingShooter/GameJamRigging/Content/Blueprints/Player.uasset
[2016.05.19-00.05.11:518][949]LogActorComponent: UnregisterComponent: (/Engine/Transient.CharMoveComp) Not registered. Aborting.
[2016.05.19-00.05.11:693][949]LogWindowsTextInputMethodSystem:Display: IME system now deactivated.
[2016.05.19-00.05.11:881][950]Cmd: QUIT_EDITOR
[2016.05.19-00.05.12:926][950]LogExit: Preparing to exit.
[2016.05.19-00.05.13:856][950]LogExit: Editor shut down
[2016.05.19-00.05.13:856][950]LogExit: Transaction tracking system shut down
[2016.05.19-00.05.14:006][950]LogObj: Freed 0b from 0 cluster array pools.
[2016.05.19-00.05.14:007][950]LogExit: Object subsystem successfully closed.
[2016.05.19-00.05.14:021][950]LogD3D11RHI: Shutdown
[2016.05.19-00.05.14:021][950]LogD3D11RHI: CleanupD3DDevice
[2016.05.19-00.05.14:089][950]LogD3D11RHI: ~FD3D11DynamicRHI
[2016.05.19-00.05.14:138][950]LogDerivedDataCache: Shutdown
[2016.05.19-00.05.14:138][950]LogModuleManager: Shutting down and abandoning module MovieSceneCapture (207)
[2016.05.19-00.05.14:138][950]LogModuleManager: Shutting down and abandoning module BlueprintGraph (206)
[2016.05.19-00.05.14:138][950]LogModuleManager: Shutting down and abandoning module HierarchicalLODOutliner (205)
[2016.05.19-00.05.14:138][950]LogModuleManager: Shutting down and abandoning module CrashTracker (204)
[2016.05.19-00.05.14:138][950]LogModuleManager: Shutting down and abandoning module SceneOutliner (203)
[2016.05.19-00.05.14:138][950]LogModuleManager: Shutting down and abandoning module WorldBrowser (202)
[2016.05.19-00.05.14:138][950]LogModuleManager: Shutting down and abandoning module SuperSearch (201)
[2016.05.19-00.05.14:138][950]LogModuleManager: Shutting down and abandoning module WidgetCarousel (200)
[2016.05.19-00.05.14:138][950]LogModuleManager: Shutting down and abandoning module AddContentDialog (199)
[2016.05.19-00.05.14:139][950]LogModuleManager: Shutting down and abandoning module GameplayTags (198)
[2016.05.19-00.05.14:139][950]LogModuleManager: Shutting down and abandoning module EditorWidgets (197)
[2016.05.19-00.05.14:139][950]LogModuleManager: Shutting down and abandoning module CollectionManager (196)
[2016.05.19-00.05.14:140][950]LogModuleManager: Shutting down and abandoning module StatsViewer (195)
[2016.05.19-00.05.14:140][950]LogModuleManager: Shutting down and abandoning module FoliageEdit (194)
[2016.05.19-00.05.14:140][950]LogModuleManager: Shutting down and abandoning module LandscapeEditor (193)
[2016.05.19-00.05.14:140][950]LogModuleManager: Shutting down and abandoning module ActorPickerMode (192)
[2016.05.19-00.05.14:140][950]LogModuleManager: Shutting down and abandoning module GeometryMode (191)
[2016.05.19-00.05.14:140][950]LogModuleManager: Shutting down and abandoning module TextureAlignMode (190)
[2016.05.19-00.05.14:140][950]LogModuleManager: Shutting down and abandoning module BspMode (189)
[2016.05.19-00.05.14:140][950]LogModuleManager: Shutting down and abandoning module PlacementMode (188)
[2016.05.19-00.05.14:140][950]LogModuleManager: Shutting down and abandoning module AutomationWorker (187)
[2016.05.19-00.05.14:140][950]LogModuleManager: Shutting down and abandoning module CharacterAI (186)
[2016.05.19-00.05.14:140][950]LogModuleManager: Shutting down and abandoning module SmartSnapping (185)
[2016.05.19-00.05.14:140][950]LogModuleManager: Shutting down and abandoning module ViewportSnapping (184)
[2016.05.19-00.05.14:140][950]LogModuleManager: Shutting down and abandoning module LogVisualizer (183)
[2016.05.19-00.05.14:140][950]LogModuleManager: Shutting down and abandoning module GameProjectGeneration (182)
[2016.05.19-00.05.14:140][950]LogModuleManager: Shutting down and abandoning module IntroTutorials (181)
[2016.05.19-00.05.14:140][950]LogModuleManager: Shutting down and abandoning module EditorLiveStreaming (180)
[2016.05.19-00.05.14:140][950]LogModuleManager: Shutting down and abandoning module IOSPlatformEditor (179)
[2016.05.19-00.05.14:140][950]LogModuleManager: Shutting down and abandoning module HTML5PlatformEditor (178)
[2016.05.19-00.05.14:140][950]LogModuleManager: Shutting down and abandoning module AndroidDeviceDetection (177)
[2016.05.19-00.05.14:482][950]LogModuleManager: Shutting down and abandoning module AndroidPlatformEditor (176)
[2016.05.19-00.05.14:482][950]LogModuleManager: Shutting down and abandoning module IOSRuntimeSettings (175)
[2016.05.19-00.05.14:482][950]LogModuleManager: Shutting down and abandoning module AndroidRuntimeSettings (174)
[2016.05.19-00.05.14:482][950]LogModuleManager: Shutting down and abandoning module MergeActors (173)
[2016.05.19-00.05.14:482][950]LogModuleManager: Shutting down and abandoning module SizeMap (172)
[2016.05.19-00.05.14:482][950]LogModuleManager: Shutting down and abandoning module TreeMap (171)
[2016.05.19-00.05.14:482][950]LogModuleManager: Shutting down and abandoning module ReferenceViewer (170)
[2016.05.19-00.05.14:482][950]LogModuleManager: Shutting down and abandoning module LocalizationService (169)
[2016.05.19-00.05.14:482][950]LogModuleManager: Shutting down and abandoning module LocalizationDashboard (168)
[2016.05.19-00.05.14:482][950]LogModuleManager: Shutting down and abandoning module HardwareTargeting (167)
[2016.05.19-00.05.14:482][950]LogModuleManager: Shutting down and abandoning module DeviceProfileEditor (166)
[2016.05.19-00.05.14:482][950]LogModuleManager: Shutting down and abandoning module UndoHistory (165)
[2016.05.19-00.05.14:482][950]LogModuleManager: Shutting down and abandoning module UserFeedback (164)
[2016.05.19-00.05.14:482][950]LogModuleManager: Shutting down and abandoning module XmlParser (163)
[2016.05.19-00.05.14:482][950]LogModuleManager: Shutting down and abandoning module Blutility (162)
[2016.05.19-00.05.14:482][950]LogModuleManager: Shutting down and abandoning module ProjectTargetPlatformEditor (161)
[2016.05.19-00.05.14:482][950]LogModuleManager: Shutting down and abandoning module ProjectSettingsViewer (160)
[2016.05.19-00.05.14:482][950]LogModuleManager: Shutting down and abandoning module InputBindingEditor (159)
[2016.05.19-00.05.14:483][950]LogModuleManager: Shutting down and abandoning module EditorSettingsViewer (158)
[2016.05.19-00.05.14:483][950]LogModuleManager: Shutting down and abandoning module SettingsEditor (157)
[2016.05.19-00.05.14:483][950]LogModuleManager: Shutting down and abandoning module ProjectLauncher (156)
[2016.05.19-00.05.14:483][950]LogModuleManager: Shutting down and abandoning module SessionFrontend (155)
[2016.05.19-00.05.14:483][950]LogModuleManager: Shutting down and abandoning module ProfilerClient (154)
[2016.05.19-00.05.14:483][950]LogModuleManager: Shutting down and abandoning module TargetDeviceServices (153)
[2016.05.19-00.05.14:483][950]LogModuleManager: Shutting down and abandoning module DeviceManager (152)
[2016.05.19-00.05.14:514][950]LogModuleManager: Shutting down and abandoning module AutomationController (151)
[2016.05.19-00.05.14:514][950]LogModuleManager: Shutting down and abandoning module AutomationWindow (150)
[2016.05.19-00.05.14:514][950]LogModuleManager: Shutting down and abandoning module Layers (149)
[2016.05.19-00.05.14:514][950]LogModuleManager: Shutting down and abandoning module ComponentVisualizers (148)
[2016.05.19-00.05.14:514][950]LogModuleManager: Shutting down and abandoning module DetailCustomizations (147)
[2016.05.19-00.05.14:514][950]LogModuleManager: Shutting down and abandoning module PackagesDialog (146)
[2016.05.19-00.05.14:514][950]LogModuleManager: Shutting down and abandoning module Persona (145)
[2016.05.19-00.05.14:514][950]LogModuleManager: Shutting down and abandoning module Kismet (144)
[2016.05.19-00.05.14:514][950]LogModuleManager: Shutting down and abandoning module GraphEditor (143)
[2016.05.19-00.05.14:514][950]LogModuleManager: Shutting down and abandoning module ClassViewer (142)
[2016.05.19-00.05.14:515][950]LogModuleManager: Shutting down and abandoning module Toolbox (141)
[2016.05.19-00.05.14:515][950]LogModuleManager: Shutting down and abandoning module ModuleUI (140)
[2016.05.19-00.05.14:515][950]LogModuleManager: Shutting down and abandoning module MovieSceneTools (139)
[2016.05.19-00.05.14:515][950]LogModuleManager: Shutting down and abandoning module OutputLog (138)
[2016.05.19-00.05.14:515][950]LogModuleManager: Shutting down and abandoning module GammaUI (137)
[2016.05.19-00.05.14:515][950]LogModuleManager: Shutting down and abandoning module Documentation (136)
[2016.05.19-00.05.14:515][950]LogModuleManager: Shutting down and abandoning module StreamingPauseRendering (135)
[2016.05.19-00.05.14:515][950]LogModuleManager: Shutting down and abandoning module AnalyticsET (134)
[2016.05.19-00.05.14:515][950]LogModuleManager: Shutting down and abandoning module Analytics (133)
[2016.05.19-00.05.14:515][950]LogModuleManager: Shutting down and abandoning module PortalServices (132)
[2016.05.19-00.05.14:515][950]LogModuleManager: Shutting down and abandoning module PortalRpc (131)
[2016.05.19-00.05.14:515][950]LogModuleManager: Shutting down and abandoning module MessagingRpc (130)
[2016.05.19-00.05.14:515][950]LogModuleManager: Shutting down and abandoning module AITestSuite (129)
[2016.05.19-00.05.14:515][950]LogModuleManager: Shutting down and abandoning module GameplayDebugger (128)
[2016.05.19-00.05.14:515][950]LogModuleManager: Shutting down and abandoning module AIModule (127)
[2016.05.19-00.05.14:515][950]LogModuleManager: Shutting down and abandoning module ProfilerService (126)
[2016.05.19-00.05.14:624][950]LogModuleManager: Shutting down and abandoning module TaskGraph (125)
[2016.05.19-00.05.14:624][950]LogModuleManager: Shutting down and abandoning module SlateRemote (124)
[2016.05.19-00.05.14:624][950]LogModuleManager: Shutting down and abandoning module SteamVRController (123)
[2016.05.19-00.05.14:624][950]LogModuleManager: Shutting down and abandoning module SteamVR (122)
[2016.05.19-00.05.14:624][950]LogModuleManager: Shutting down and abandoning module ProceduralMeshComponent (121)
[2016.05.19-00.05.14:624][950]LogModuleManager: Shutting down and abandoning module OculusLibrary (120)
[2016.05.19-00.05.14:624][950]LogModuleManager: Shutting down and abandoning module OculusInput (119)
[2016.05.19-00.05.14:624][950]LogModuleManager: Shutting down and abandoning module CustomMeshComponent (118)
[2016.05.19-00.05.14:624][950]LogModuleManager: Shutting down and abandoning module CableComponent (117)
[2016.05.19-00.05.14:624][950]LogModuleManager: Shutting down and abandoning module ArchVisCharacter (116)
[2016.05.19-00.05.14:624][950]LogModuleManager: Shutting down and abandoning module MediaPlayerEditor (115)
[2016.05.19-00.05.14:624][950]LogModuleManager: Shutting down and abandoning module HTML5Networking (114)
[2016.05.19-00.05.14:624][950]LogModuleManager: Shutting down and abandoning module SpeedTreeImporter (113)
[2016.05.19-00.05.14:624][950]LogModuleManager: Shutting down and abandoning module PluginBrowser (112)
[2016.05.19-00.05.14:624][950]LogModuleManager: Shutting down and abandoning module EpicSurvey (111)
[2016.05.19-00.05.14:624][950]LogModuleManager: Shutting down and abandoning module DesktopPlatform (110)
[2016.05.19-00.05.14:624][950]LogModuleManager: Shutting down and abandoning module VisualStudioSourceCodeAccess (109)
[2016.05.19-00.05.14:624][950]LogModuleManager: Shutting down and abandoning module UObjectPlugin (108)
[2016.05.19-00.05.14:624][950]LogModuleManager: Shutting down and abandoning module SubversionSourceControl (107)
[2016.05.19-00.05.14:624][950]LogModuleManager: Shutting down and abandoning module PerforceSourceControl (106)
[2016.05.19-00.05.14:624][950]LogModuleManager: Shutting down and abandoning module SourceControl (105)
[2016.05.19-00.05.14:624][950]LogModuleManager: Shutting down and abandoning module GitSourceControl (104)
[2016.05.19-00.05.14:624][950]LogModuleManager: Shutting down and abandoning module LightPropagationVolumeEditor (103)
[2016.05.19-00.05.14:624][950]LogModuleManager: Shutting down and abandoning module PaperTiledImporter (102)
[2016.05.19-00.05.14:624][950]LogModuleManager: Shutting down and abandoning module PaperSpriteSheetImporter (101)
[2016.05.19-00.05.14:624][950]LogModuleManager: Shutting down and abandoning module MeshPaint (100)
[2016.05.19-00.05.14:624][950]LogModuleManager: Shutting down and abandoning module HotReload (99)
[2016.05.19-00.05.14:624][950]LogModuleManager: Shutting down and abandoning module MainFrame (98)
[2016.05.19-00.05.14:624][950]LogModuleManager: Shutting down and abandoning module LevelEditor (97)
[2016.05.19-00.05.14:625][950]LogModuleManager: Shutting down and abandoning module DirectoryWatcher (96)
[2016.05.19-00.05.14:625][950]LogModuleManager: Shutting down and abandoning module AssetRegistry (95)
[2016.05.19-00.05.14:814][950]LogModuleManager: Shutting down and abandoning module ContentBrowser (94)
[2016.05.19-00.05.14:814][950]LogModuleManager: Shutting down and abandoning module Paper2DEditor (93)
[2016.05.19-00.05.14:814][950]LogModuleManager: Shutting down and abandoning module UdpMessaging (92)
[2016.05.19-00.05.14:915][950]LogModuleManager: Shutting down and abandoning module LightPropagationVolumeRuntime (91)
[2016.05.19-00.05.14:915][950]LogModuleManager: Shutting down and abandoning module Paper2D (90)
[2016.05.19-00.05.14:915][950]LogModuleManager: Shutting down and abandoning module WindowsMoviePlayer (89)
[2016.05.19-00.05.14:915][950]LogModuleManager: Shutting down and abandoning module Media (88)
[2016.05.19-00.05.14:915][950]LogModuleManager: Shutting down and abandoning module WmfMedia (87)
[2016.05.19-00.05.14:915][950]LogModuleManager: Shutting down and abandoning module MediaAssets (86)
[2016.05.19-00.05.14:915][950]LogModuleManager: Shutting down and abandoning module GameLiveStreaming (85)
[2016.05.19-00.05.14:915][950]LogModuleManager: Shutting down and abandoning module GameplayTagsEditor (84)
[2016.05.19-00.05.14:915][950]LogModuleManager: Shutting down and abandoning module OnlineBlueprintSupport (83)
[2016.05.19-00.05.14:915][950]LogModuleManager: Shutting down and abandoning module GameplayTasksEditor (82)
[2016.05.19-00.05.14:915][950]LogModuleManager: Shutting down and abandoning module PropertyEditor (81)
[2016.05.19-00.05.14:915][950]LogModuleManager: Shutting down and abandoning module BehaviorTreeEditor (80)
[2016.05.19-00.05.14:915][950]LogModuleManager: Shutting down and abandoning module FunctionalTesting (79)
[2016.05.19-00.05.14:915][950]LogModuleManager: Shutting down and abandoning module CollisionAnalyzer (78)
[2016.05.19-00.05.14:915][950]LogModuleManager: Shutting down and abandoning module WorkspaceMenuStructure (77)
[2016.05.19-00.05.14:915][950]LogModuleManager: Shutting down and abandoning module MessageLog (76)
[2016.05.19-00.05.14:915][950]LogModuleManager: Shutting down and abandoning module Sequencer (75)
[2016.05.19-00.05.14:915][950]LogModuleManager: Shutting down and abandoning module AssetTools (74)
[2016.05.19-00.05.14:915][950]LogModuleManager: Shutting down and abandoning module UMGEditor (73)
[2016.05.19-00.05.14:915][950]LogModuleManager: Shutting down and abandoning module UMG (72)
[2016.05.19-00.05.14:915][950]LogModuleManager: Shutting down and abandoning module SlateReflector (71)
[2016.05.19-00.05.14:915][950]LogModuleManager: Shutting down and abandoning module Slate (70)
[2016.05.19-00.05.14:915][950]LogModuleManager: Shutting down and abandoning module EditorStyle (69)
[2016.05.19-00.05.14:917][950]LogModuleManager: Shutting down and abandoning module SessionServices (68)
[2016.05.19-00.05.14:917][950]LogModuleManager: Shutting down and abandoning module SourceCodeAccess (67)
[2016.05.19-00.05.14:917][950]LogModuleManager: Shutting down and abandoning module HeadMountedDisplay (66)
[2016.05.19-00.05.14:917][950]LogModuleManager: Shutting down and abandoning module XAudio2 (65)
[2016.05.19-00.05.14:917][950]LogModuleManager: Shutting down and abandoning module Networking (63)
[2016.05.19-00.05.14:917][950]LogModuleManager: Shutting down and abandoning module Core (62)
[2016.05.19-00.05.14:917][950]LogModuleManager: Shutting down and abandoning module KismetCompiler (61)
[2016.05.19-00.05.14:917][950]LogModuleManager: Shutting down and abandoning module PhysXFormats (60)
[2016.05.19-00.05.14:917][950]LogModuleManager: Shutting down and abandoning module MeshUtilities (59)
[2016.05.19-00.05.14:917][950]LogModuleManager: Shutting down and abandoning module CookingStats (58)
[2016.05.19-00.05.14:917][950]LogModuleManager: Shutting down and abandoning module DerivedDataCache (57)
[2016.05.19-00.05.14:917][950]LogDerivedDataCache: Shutdown
[2016.05.19-00.05.14:917][950]LogModuleManager: Shutting down and abandoning module ShaderFormatOpenGL (56)
[2016.05.19-00.05.14:917][950]LogModuleManager: Shutting down and abandoning module ShaderFormatD3D (55)
[2016.05.19-00.05.14:918][950]LogModuleManager: Shutting down and abandoning module MetalShaderFormat (54)
[2016.05.19-00.05.14:918][950]LogModuleManager: Shutting down and abandoning module TextureFormatUncompressed (53)
[2016.05.19-00.05.14:918][950]LogModuleManager: Shutting down and abandoning module TextureFormatPVR (52)
[2016.05.19-00.05.14:918][950]LogModuleManager: Shutting down and abandoning module TextureFormatIntelISPCTexComp (51)
[2016.05.19-00.05.14:918][950]LogModuleManager: Shutting down and abandoning module TextureFormatDXT (50)
[2016.05.19-00.05.14:918][950]LogModuleManager: Shutting down and abandoning module ImageWrapper (49)
[2016.05.19-00.05.14:918][950]LogModuleManager: Shutting down and abandoning module TextureFormatASTC (48)
[2016.05.19-00.05.14:918][950]LogModuleManager: Shutting down and abandoning module TextureFormatAndroid (47)
[2016.05.19-00.05.14:918][950]LogModuleManager: Shutting down and abandoning module AudioFormatOpus (46)
[2016.05.19-00.05.14:918][950]LogModuleManager: Shutting down and abandoning module AudioFormatOgg (45)
[2016.05.19-00.05.14:918][950]LogModuleManager: Shutting down and abandoning module AudioFormatADPCM (44)
[2016.05.19-00.05.14:918][950]LogModuleManager: Shutting down and abandoning module LinuxTargetPlatform (43)
[2016.05.19-00.05.14:918][950]LogModuleManager: Shutting down and abandoning module LinuxServerTargetPlatform (42)
[2016.05.19-00.05.14:918][950]LogModuleManager: Shutting down and abandoning module LinuxNoEditorTargetPlatform (41)
[2016.05.19-00.05.14:918][950]LogModuleManager: Shutting down and abandoning module TVOSTargetPlatform (40)
[2016.05.19-00.05.14:918][950]LogModuleManager: Shutting down and abandoning module Messaging (39)
[2016.05.19-00.05.14:918][950]LogModuleManager: Shutting down and abandoning module IOSTargetPlatform (38)
[2016.05.19-00.05.14:918][950]LogModuleManager: Shutting down and abandoning module HTML5TargetPlatform (37)
[2016.05.19-00.05.14:918][950]LogModuleManager: Shutting down and abandoning module Android_PVRTCTargetPlatform (36)
[2016.05.19-00.05.14:918][950]LogModuleManager: Shutting down and abandoning module Android_MultiTargetPlatform (35)
[2016.05.19-00.05.14:918][950]LogModuleManager: Shutting down and abandoning module Android_ETC2TargetPlatform (34)
[2016.05.19-00.05.14:918][950]LogModuleManager: Shutting down and abandoning module Android_ETC1TargetPlatform (33)
[2016.05.19-00.05.14:918][950]LogModuleManager: Shutting down and abandoning module Android_DXTTargetPlatform (32)
[2016.05.19-00.05.14:918][950]LogModuleManager: Shutting down and abandoning module Android_ATCTargetPlatform (31)
[2016.05.19-00.05.14:918][950]LogModuleManager: Shutting down and abandoning module Android_ASTCTargetPlatform (30)
[2016.05.19-00.05.14:918][950]LogModuleManager: Shutting down and abandoning module AndroidTargetPlatform (29)
[2016.05.19-00.05.14:918][950]LogModuleManager: Shutting down and abandoning module WindowsTargetPlatform (28)
[2016.05.19-00.05.14:918][950]LogModuleManager: Shutting down and abandoning module WindowsServerTargetPlatform (27)
[2016.05.19-00.05.14:918][950]LogModuleManager: Shutting down and abandoning module WindowsNoEditorTargetPlatform (26)
[2016.05.19-00.05.14:918][950]LogModuleManager: Shutting down and abandoning module WindowsClientTargetPlatform (25)
[2016.05.19-00.05.14:918][950]LogModuleManager: Shutting down and abandoning module AllDesktopTargetPlatform (24)
[2016.05.19-00.05.14:918][950]LogModuleManager: Shutting down and abandoning module TargetPlatform (23)
[2016.05.19-00.05.14:918][950]LogModuleManager: Shutting down and abandoning module InputCore (22)
[2016.05.19-00.05.14:918][950]LogModuleManager: Shutting down and abandoning module Settings (21)
[2016.05.19-00.05.14:918][950]LogModuleManager: Shutting down and abandoning module OnlineSubsystem (19)
[2016.05.19-00.05.14:918][950]LogModuleManager: Shutting down and abandoning module HTTP (18)
[2016.05.19-00.05.15:919][950]LogModuleManager: Shutting down and abandoning module XMPP (17)
[2016.05.19-00.05.15:919][950]LogModuleManager: Shutting down and abandoning module OculusRift (16)
[2016.05.19-00.05.15:919][950]LogModuleManager: Shutting down and abandoning module ExampleDeviceProfileSelector (15)
[2016.05.19-00.05.15:919][950]LogModuleManager: Shutting down and abandoning module TextureCompressor (14)
[2016.05.19-00.05.15:919][950]LogModuleManager: Shutting down and abandoning module ShaderCore (13)
[2016.05.19-00.05.15:920][950]LogModuleManager: Shutting down and abandoning module Landscape (12)
[2016.05.19-00.05.15:920][950]LogModuleManager: Shutting down and abandoning module SlateRHIRenderer (11)
[2016.05.19-00.05.15:921][950]LogModuleManager: Shutting down and abandoning module OpenGLDrv (10)
[2016.05.19-00.05.15:921][950]LogModuleManager: Shutting down and abandoning module D3D11RHI (9)
[2016.05.19-00.05.15:921][950]LogModuleManager: Shutting down and abandoning module AnimGraphRuntime (8)
[2016.05.19-00.05.15:921][950]LogModuleManager: Shutting down and abandoning module Renderer (7)
[2016.05.19-00.05.15:921][950]LogModuleManager: Shutting down and abandoning module Engine (6)
[2016.05.19-00.05.15:921][950]LogModuleManager: Shutting down and abandoning module CoreUObject (5)
[2016.05.19-00.05.15:921][950]LogModuleManager: Shutting down and abandoning module NetworkFile (4)
[2016.05.19-00.05.15:921][950]LogModuleManager: Shutting down and abandoning module StreamingFile (3)
[2016.05.19-00.05.15:921][950]LogModuleManager: Shutting down and abandoning module SandboxFile (2)
[2016.05.19-00.05.15:921][950]LogModuleManager: Shutting down and abandoning module PakFile (1)
[2016.05.19-00.05.15:922][950]LogExit: Exiting.
[2016.05.19-00.05.15:924][950]Log file closed, 05/18/16 17:05:15
