Log file open, 05/10/16 21:37:40
LogInit:Display: Running engine for game: GameJamRigging
LogPlatformFile: Not using cached read wrapper
LogInit:Display: RandInit(-329986318) SRandInit(-329986315).
LogTaskGraph: Started task graph with 4 named threads and 7 total threads.
LogStats: Stats thread started at 0.072979
LogInit: Version: 4.11.2-2946394+++UE4+Release-4.11
LogInit: API Version: 2927265
LogInit: Compiled (64-bit): Apr 18 2016 02:18:46
LogInit: Compiled with Visual C++: 19.00.23026.00
LogInit: Build Configuration: Development
LogInit: Branch Name: ++UE4+Release-4.11
LogInit: Command line:  
LogInit: Base directory: C:/Program Files (x86)/Epic Games/4.11/Engine/Binaries/Win64/
LogInit: Installed Engine Build: 1
LogInit: Using libcurl 7.41.0
LogInit:  - built for x86_64-pc-win32
LogInit:  - supports SSL with WinSSL
LogInit:  - other features:
LogInit:      CURL_VERSION_SSL
LogInit:      CURL_VERSION_IPV6
LogInit:      CURL_VERSION_ASYNCHDNS
LogInit:      CURL_VERSION_LARGEFILE
LogInit:      CURL_VERSION_IDN
LogInit:  CurlRequestOptions (configurable via config and command line):
LogInit:  - bVerifyPeer = true  - Libcurl will verify peer certificate
LogInit:  - bUseHttpProxy = false  - Libcurl will NOT use HTTP proxy
LogInit:  - bDontReuseConnections = false  - Libcurl will reuse connections
LogInit:  - CertBundlePath = nullptr  - Libcurl will use whatever was configured at build time.
LogInit: Presizing for max 16777216 objects, including 0 objects not considered by GC, pre-allocating 0 bytes for permanent pool.
LogInit: Object subsystem initialized
[2016.05.11-04.37.40:525][  0]LogInit: Selected Device Profile: [Windows]
[2016.05.11-04.37.40:525][  0]LogInit: Applying CVar settings loaded from the selected device profile: [Windows]
[2016.05.11-04.37.40:544][  0]LogInit: Computer: COMEDICLIFE-PC
[2016.05.11-04.37.40:544][  0]LogInit: User: k0ola
[2016.05.11-04.37.40:544][  0]LogInit: CPU Page size=65536, Cores=4
[2016.05.11-04.37.40:544][  0]LogInit: High frequency timer resolution =3.312789 MHz
[2016.05.11-04.37.40:544][  0]LogMemory: Memory total: Physical=7.9GB (8GB approx)
[2016.05.11-04.37.40:544][  0]LogMemory: Platform Memory Stats for Windows
[2016.05.11-04.37.40:544][  0]LogMemory: Process Physical Memory: 314.08 MB used, 314.08 MB peak
[2016.05.11-04.37.40:544][  0]LogMemory: Process Virtual Memory: 315.15 MB used, 315.15 MB peak
[2016.05.11-04.37.40:544][  0]LogMemory: Physical Memory: 5810.30 MB used, 8085.19 MB total
[2016.05.11-04.37.40:544][  0]LogMemory: Virtual Memory: 653.64 MB used, 134217728.00 MB total
[2016.05.11-04.37.40:610][  0]LogTextLocalizationManager: No specific translations for ('en-US') exist, so ('en') translations will be used.
[2016.05.11-04.37.41:014][  0]LogD3D11RHI: D3D11 adapters:
[2016.05.11-04.37.41:034][  0]LogD3D11RHI:    0. 'NVIDIA GeForce  GTX 555' (Feature Level 11_0)
[2016.05.11-04.37.41:034][  0]LogD3D11RHI:       972MB of dedicated video memory, 0MB of dedicated system memory, and 3071MB of shared system memory, 2 output[s]
[2016.05.11-04.37.41:052][  0]LogD3D11RHI:    1. 'NVIDIA GeForce  GTX 555' (Feature Level 11_0)
[2016.05.11-04.37.41:052][  0]LogD3D11RHI:       972MB of dedicated video memory, 0MB of dedicated system memory, and 3071MB of shared system memory, 0 output[s]
[2016.05.11-04.37.41:055][  0]LogD3D11RHI:    2. 'NVIDIA GeForce  GTX 555' (Feature Level 11_0)
[2016.05.11-04.37.41:055][  0]LogD3D11RHI:       972MB of dedicated video memory, 0MB of dedicated system memory, and 3071MB of shared system memory, 0 output[s]
[2016.05.11-04.37.41:055][  0]LogD3D11RHI: Chosen D3D11 Adapter: 0
[2016.05.11-04.37.41:061][  0]LogD3D11RHI: Creating new Direct3DDevice
[2016.05.11-04.37.41:061][  0]LogD3D11RHI:     Adapter Name: NVIDIA GeForce  GTX 555
[2016.05.11-04.37.41:061][  0]LogD3D11RHI:   Driver Version: Unknown (internal Unknown)
[2016.05.11-04.37.41:061][  0]LogD3D11RHI:      Driver Date: Unknown
[2016.05.11-04.37.41:061][  0]LogRHI: Texture pool is 680 MB (70% of 972 MB)
[2016.05.11-04.37.41:071][  0]LogD3D11RHI: Async texture creation enabled
[2016.05.11-04.37.41:090][  0]LogShaderCompilers: Guid format shader working directory is -30 characters bigger than the processId version (../../../../../../Users/k0ola/Documents/GitHub/RiggingShooter/GameJamRigging/Intermediate/Shaders/WorkingDirectory/9368/).
[2016.05.11-04.37.41:090][  0]LogShaderCompilers: Cleaned the shader compiler working directory 'C:/Users/k0ola/AppData/Local/Temp/UnrealShaderWorkingDir/7D3DECB04A8B582B0C6DE4AD857A1A85/'.
[2016.05.11-04.37.41:090][  0]LogShaderCompilers:Display: Using Local Shader Compiler.
[2016.05.11-04.37.42:770][  0]LogTemp:Display: Loaded TP AllDesktopTargetPlatform
[2016.05.11-04.37.42:774][  0]LogTemp:Display: Loaded TP WindowsClientTargetPlatform
[2016.05.11-04.37.42:779][  0]LogTemp:Display: Loaded TP WindowsNoEditorTargetPlatform
[2016.05.11-04.37.42:784][  0]LogTemp:Display: Loaded TP WindowsServerTargetPlatform
[2016.05.11-04.37.42:788][  0]LogTemp:Display: Loaded TP WindowsTargetPlatform
[2016.05.11-04.37.42:791][  0]LogTemp:Display: Loaded TP AndroidTargetPlatform
[2016.05.11-04.37.42:794][  0]LogTemp:Display: Loaded TP Android_ASTCTargetPlatform
[2016.05.11-04.37.42:797][  0]LogTemp:Display: Loaded TP Android_ATCTargetPlatform
[2016.05.11-04.37.42:800][  0]LogTemp:Display: Loaded TP Android_DXTTargetPlatform
[2016.05.11-04.37.42:803][  0]LogTemp:Display: Loaded TP Android_ETC1TargetPlatform
[2016.05.11-04.37.42:806][  0]LogTemp:Display: Loaded TP Android_ETC2TargetPlatform
[2016.05.11-04.37.42:812][  0]LogTemp:Display: Loaded TP Android_MultiTargetPlatform
[2016.05.11-04.37.42:812][  0]LogTemp:Display: Loaded TP Android_PVRTCTargetPlatform
[2016.05.11-04.37.42:813][  0]LogTemp:Display: Loaded TP HTML5TargetPlatform
[2016.05.11-04.37.42:830][  0]LogTemp:Display: Loaded TP IOSTargetPlatform
[2016.05.11-04.37.42:833][  0]LogTemp:Display: Loaded TP TVOSTargetPlatform
[2016.05.11-04.37.42:836][  0]LogTemp:Display: Loaded TP LinuxNoEditorTargetPlatform
[2016.05.11-04.37.42:838][  0]LogTemp:Display: Loaded TP LinuxServerTargetPlatform
[2016.05.11-04.37.42:842][  0]LogTemp:Display: Loaded TP LinuxTargetPlatform
[2016.05.11-04.37.42:842][  0]LogTargetPlatformManager:Display: Building Assets For Windows
[2016.05.11-04.37.43:089][  0]LogDerivedDataCache:Display: Max Cache Size: 512 MB
[2016.05.11-04.37.43:137][  0]LogDerivedDataCache: Loaded boot cache 0.05s 46MB C:/Users/k0ola/AppData/Local/UnrealEngine/4.11/DerivedDataCache/Boot.ddc.
[2016.05.11-04.37.43:137][  0]LogDerivedDataCache:Display: Loaded Boot cache: C:/Users/k0ola/AppData/Local/UnrealEngine/4.11/DerivedDataCache/Boot.ddc
[2016.05.11-04.37.43:137][  0]LogDerivedDataCache: FDerivedDataBackendGraph:  Pak pak cache file ../../../../../../Users/k0ola/Documents/GitHub/RiggingShooter/GameJamRigging/DerivedDataCache/DDC.ddp not found, will not use a pak cache.
[2016.05.11-04.37.43:137][  0]LogDerivedDataCache: Unable to find inner node Pak for hierarchical cache Hierarchy.
[2016.05.11-04.37.43:137][  0]LogDerivedDataCache: FDerivedDataBackendGraph:  CompressedPak pak cache file ../../../../../../Users/k0ola/Documents/GitHub/RiggingShooter/GameJamRigging/DerivedDataCache/Compressed.ddp not found, will not use a pak cache.
[2016.05.11-04.37.43:137][  0]LogDerivedDataCache: Unable to find inner node CompressedPak for hierarchical cache Hierarchy.
[2016.05.11-04.37.43:151][  0]LogDerivedDataCache:Display: Pak cache opened for reading ../../../Engine/DerivedDataCache/Compressed.ddp.
[2016.05.11-04.37.43:163][  0]LogDerivedDataCache: Using Local data cache path C:/Users/k0ola/AppData/Local/UnrealEngine/Common/DerivedDataCache: Writable
[2016.05.11-04.37.44:315][  0]LogInit: Selected Device Profile: [Windows]
[2016.05.11-04.37.44:315][  0]LogContentStreaming: Texture pool size is 0.00 MB
[2016.05.11-04.37.44:432][  0]LogMaterial: Uniform references updated for custom material expression Custom.
[2016.05.11-04.37.44:582][  0]LogMeshUtilities: No automatic mesh reduction module available
[2016.05.11-04.37.44:582][  0]LogMeshUtilities: No automatic mesh merging module available
[2016.05.11-04.37.44:582][  0]LogMeshUtilities: No distributed automatic mesh merging module available
[2016.05.11-04.37.44:973][  0]LogUObjectArray: 27679 objects as part of root set at end of initial load.
[2016.05.11-04.37.44:973][  0]LogUObjectAllocator: 5591592 out of 0 bytes used by permanent object pool.
[2016.05.11-04.37.44:973][  0]LogUObjectArray: CloseDisregardForGC: 0/0 objects in disregard for GC pool
[2016.05.11-04.37.44:980][  0]LogInit: WinSock: version 1.1 (2.2), MaxSocks=32767, MaxUdp=65467
[2016.05.11-04.37.45:065][  0]LogSlate: SlateFontCache - WITH_FREETYPE: 1, WITH_HARFBUZZ: 1
[2016.05.11-04.37.45:066][  0]LogSlate: SlateFontCache - WITH_FREETYPE: 1, WITH_HARFBUZZ: 1
[2016.05.11-04.37.45:162][  0]LogStreaming:Warning: Failed to read file '../../../Engine/Content/Editor/Slate/Common/Selection_16x.png' error.
[2016.05.11-04.37.45:162][  0]LogSlate: Could not find file for Slate resource: ../../../Engine/Content/Editor/Slate/Common/Selection_16x.png
[2016.05.11-04.37.45:162][  0]LogStreaming:Warning: Failed to read file '../../../Engine/Content/Editor/Slate/Common/Selection_16x.png' error.
[2016.05.11-04.37.45:162][  0]LogSlate: Could not find file for Slate resource: ../../../Engine/Content/Editor/Slate/Common/Selection_16x.png
[2016.05.11-04.37.45:162][  0]LogStreaming:Warning: Failed to read file '../../../Engine/Content/Editor/Slate/Common/Selection_16x.png' error.
[2016.05.11-04.37.45:162][  0]LogSlate: Could not find file for Slate resource: ../../../Engine/Content/Editor/Slate/Common/Selection_16x.png
[2016.05.11-04.37.45:694][  0]LogUdpMessaging: Initializing bridge on interface 0.0.0.0:0 to multicast group 230.0.0.1:6666.
[2016.05.11-04.37.45:798][  0]LogAssetRegistry: FAssetRegistry took 0.0213 seconds to start up
[2016.05.11-04.37.45:976][  0]SourceControl: Info Source control is disabled
[2016.05.11-04.37.45:977][  0]SourceControl: Info Source control is disabled
[2016.05.11-04.37.45:986][  0]SourceControl: Info Source control is disabled
[2016.05.11-04.37.45:995][  0]SourceControl: Info Source control is disabled
[2016.05.11-04.37.46:127][  0]LogHMD: Failed to initialize OpenVR with code 110
[2016.05.11-04.37.46:197][  0]LogEngine: Initializing Engine...
[2016.05.11-04.37.46:331][  0]LogAIModule: Creating AISystem for world NewWorld
[2016.05.11-04.37.46:335][  0]LogInit: XAudio2 using 'Speakers (Realtek High Definition Audio)' : 2 channels at 48 kHz using 32 bits per sample (channel mask 0x3)
[2016.05.11-04.37.46:445][  0]LogInit: FAudioDevice initialized.
[2016.05.11-04.37.46:641][  0]LogDerivedDataCache: Saved boot cache 0.20s 46MB C:/Users/k0ola/AppData/Local/UnrealEngine/4.11/DerivedDataCache/Boot.ddc.
[2016.05.11-04.37.46:648][  0]LogInit: Texture streaming: Enabled
[2016.05.11-04.37.46:685][  0]LogInit: Transaction tracking system initialized
[2016.05.11-04.37.46:710][  0]BlueprintLog: New page: Editor Load
[2016.05.11-04.37.46:782][  0]LocalizationService: Info Localization service is disabled
[2016.05.11-04.37.46:847][  0]LogConsoleResponse:Display: 
[2016.05.11-04.37.47:462][  0]LogCook:Display: Max memory allowance for cook 8192mb
[2016.05.11-04.37.47:462][  0]LogCook:Display: Mobile HDR setting 1
[2016.05.11-04.37.47:462][  0]LogCook:Display: Done creating registry. It took  0.00s.
[2016.05.11-04.37.47:511][  0]LogFileCache: Scanning file cache for directory 'C:/Users/k0ola/Documents/GitHub/RiggingShooter/GameJamRigging/Content/' took 0.02s
[2016.05.11-04.37.47:511][  0]SourceControl: Info Source control is disabled
[2016.05.11-04.37.47:511][  0]Cmd: MAP LOAD FILE="../../../../../../Users/k0ola/Documents/GitHub/RiggingShooter/GameJamRigging/Content/FirstPersonBP/Maps/FirstPersonExampleMap.umap" TEMPLATE=0 SHOWPROGRESS=1 FEATURELEVEL=3
[2016.05.11-04.37.47:572][  0]LightingResults: New page: Lighting Build
[2016.05.11-04.37.47:577][  0]MapCheck: New page: Map Check
[2016.05.11-04.37.47:577][  0]LightingResults: New page: Lighting Build
[2016.05.11-04.37.51:599][  0]LogAIModule: Creating AISystem for world FirstPersonExampleMap
[2016.05.11-04.37.51:820][  0]LogEditorServer: Finished looking for orphan Actors (0.000 secs)
[2016.05.11-04.37.51:820][  0]Cmd: MAP CHECKDEP NOCLEARLOG
[2016.05.11-04.37.51:880][  0]MapCheck: Info Map check complete: 0 Error(s), 0 Warning(s), took 59.201ms to complete.
[2016.05.11-04.37.51:880][  0]LogFileHelpers: Loading map 'FirstPersonExampleMap' took 4.369
[2016.05.11-04.37.51:986][  0]LogCollectionManager: Loaded 0 collections in 0.001917 seconds
[2016.05.11-04.37.52:025][  0]LogFileCache: Scanning file cache for directory 'C:/Users/k0ola/Documents/GitHub/RiggingShooter/GameJamRigging/Saved/Collections/' took 0.01s
[2016.05.11-04.37.52:025][  0]LogFileCache: Scanning file cache for directory 'C:/Users/k0ola/Documents/GitHub/RiggingShooter/GameJamRigging/Content/Developers/k0ola/Collections/' took 0.01s
[2016.05.11-04.37.52:025][  0]LogFileCache: Scanning file cache for directory 'C:/Users/k0ola/Documents/GitHub/RiggingShooter/GameJamRigging/Content/Collections/' took 0.01s
[2016.05.11-04.37.52:025][  0]LogCollectionManager: Rebuilt the GUID cache for 0 collections in 0.000003 seconds
[2016.05.11-04.37.52:032][  0]LogContentBrowser: Native class hierarchy populated in 0.0072 seconds. Added 1979 classes and 343 folders.
[2016.05.11-04.37.52:036][  0]LogStats: UGameplayTagsManager::ConstructGameplayTagTree: Construct from data asset -  0.000 s
[2016.05.11-04.37.52:036][  0]LogStats: UGameplayTagsManager::ConstructGameplayTagTree: GameplayTagTreeChangedEvent.Broadcast -  0.000 s
[2016.05.11-04.37.52:036][  0]LogContentBrowser: Native class hierarchy updated for 'GameplayTags' in 0.0004 seconds. Added 12 classes and 0 folders.
[2016.05.11-04.37.52:041][  0]LogContentBrowser: Native class hierarchy updated for 'WidgetCarousel' in 0.0003 seconds. Added 0 classes and 0 folders.
[2016.05.11-04.37.52:046][  0]LogContentBrowser: Native class hierarchy updated for 'SuperSearch' in 0.0003 seconds. Added 1 classes and 2 folders.
[2016.05.11-04.37.52:092][  0]LogContentBrowser: Native class hierarchy updated for 'AddContentDialog' in 0.0004 seconds. Added 0 classes and 0 folders.
[2016.05.11-04.37.52:109][  0]LogContentBrowser: Native class hierarchy updated for 'WorldBrowser' in 0.0004 seconds. Added 1 classes and 3 folders.
[2016.05.11-04.37.52:113][  0]LogContentBrowser: Native class hierarchy updated for 'SceneOutliner' in 0.0003 seconds. Added 1 classes and 2 folders.
[2016.05.11-04.37.52:245][  0]LogCrashTracker: Crashtracker disabled due to settings.
[2016.05.11-04.37.52:257][  0]LogUObjectGlobals:Warning: Failed to find object 'Class None.'
[2016.05.11-04.37.52:283][  0]LogContentBrowser: Native class hierarchy updated for 'HierarchicalLODOutliner' in 0.0004 seconds. Added 1 classes and 2 folders.
[2016.05.11-04.37.52:283][  0]LogLoad: Full Startup: 13.24 seconds (BP compile: 0.38 seconds)
[2016.05.11-04.37.52:284][  0]LogExternalProfiler:Warning: No registered external profiler was matched with a command-line switch (or the DLL could not be loaded).  External profiling features will not be available.
[2016.05.11-04.37.52:293][  0]LogOcInput: OculusInput pre-init called
[2016.05.11-04.37.52:332][  0]LogContentStreaming: Texture pool size now 400 MB
[2016.05.11-04.37.52:483][  0]LogRenderer: Reallocating scene render targets to support 928x476 (Frame:2).
[2016.05.11-04.37.52:599][  1]LogAssetRegistry: Asset discovery search completed in 6.8220 seconds
[2016.05.11-04.37.52:599][  1]LogCollectionManager: Rebuilt the object cache for 0 collections in 0.000001 seconds (found 0 objects)
[2016.05.11-04.37.52:599][  1]LogCollectionManager: Fixed up redirectors for 0 collections in 0.000090 seconds (updated 0 objects)
[2016.05.11-04.38.09:249][525]LogEditorViewport: Clicking on Actor (LMB): GravityWell_C (GravityWell)
[2016.05.11-04.38.13:264][858]LogContentBrowser: Native class hierarchy updated for 'BlueprintGraph' in 0.0007 seconds. Added 108 classes and 0 folders.
[2016.05.11-04.38.19:423][367]LogContentBrowser: Native class hierarchy updated for 'Cascade' in 0.0004 seconds. Added 2 classes and 2 folders.
[2016.05.11-04.40.29:368][763]LogRenderer: Reallocating scene render targets to support 1096x604 (Frame:18735).
[2016.05.11-04.40.39:551][320]BlueprintLog: New page: Compile BP_FogSheet
[2016.05.11-04.40.39:676][320]BlueprintEditorCompileResults: Info [0180.63] Compile of BP_FogSheet successful! [in 124 ms]
[2016.05.11-04.40.57:422][195]LogBlueprintUserMessages: Early PlayInEditor Detection: Level '/Game/FirstPersonBP/Maps/FirstPersonExampleMap.FirstPersonExampleMap:PersistentLevel' has LevelScriptBlueprint '/Game/FirstPersonBP/Maps/FirstPersonExampleMap.FirstPersonExampleMap:PersistentLevel.FirstPersonExampleMap' with GeneratedClass '/Game/FirstPersonBP/Maps/FirstPersonExampleMap.FirstPersonExampleMap_C' with ClassGeneratedBy '/Game/FirstPersonBP/Maps/FirstPersonExampleMap.FirstPersonExampleMap:PersistentLevel.FirstPersonExampleMap'
[2016.05.11-04.40.57:422][195]LogPlayLevel: PlayLevel: No blueprints needed recompiling
[2016.05.11-04.40.57:449][195]PIE: New page: PIE session: FirstPersonExampleMap (May 10, 2016, 1:40:57 PM)
[2016.05.11-04.40.57:449][195]LogPlayLevel: Creating play world package: /Game/FirstPersonBP/Maps/UEDPIE_0_FirstPersonExampleMap
[2016.05.11-04.40.57:525][195]LogPlayLevel: PIE: StaticDuplicateObject took: (0.075279s)
[2016.05.11-04.40.57:526][195]LogAIModule: Creating AISystem for world FirstPersonExampleMap
[2016.05.11-04.40.57:526][195]LogPlayLevel: PIE: World Init took: (0.000930s)
[2016.05.11-04.40.57:526][195]LogPlayLevel: PIE: Created PIE world by copying editor world from /Game/FirstPersonBP/Maps/FirstPersonExampleMap.FirstPersonExampleMap to /Game/FirstPersonBP/Maps/UEDPIE_0_FirstPersonExampleMap.FirstPersonExampleMap (0.076672s)
[2016.05.11-04.40.57:544][195]LogInit: XAudio2 using 'Speakers (Realtek High Definition Audio)' : 2 channels at 48 kHz using 32 bits per sample (channel mask 0x3)
[2016.05.11-04.40.57:557][195]LogInit: FAudioDevice initialized.
[2016.05.11-04.40.57:736][195]LogWorld: Game class is 'FirstPersonGameMode_C'
[2016.05.11-04.40.57:743][195]LogWorld: Bringing World /Game/FirstPersonBP/Maps/UEDPIE_0_FirstPersonExampleMap.FirstPersonExampleMap up for play (max tick rate 0) at 2016.05.10-21.40.57
[2016.05.11-04.40.57:796][195]LogWorld: Bringing up level for play took: 0.058160
[2016.05.11-04.40.57:935][195]LogContentBrowser: Native class hierarchy updated for 'MovieSceneCapture' in 0.0005 seconds. Added 9 classes and 0 folders.
[2016.05.11-04.40.57:960][195]PIE: Info Play in editor start time for /Game/FirstPersonBP/Maps/UEDPIE_0_FirstPersonExampleMap 0.345
[2016.05.11-04.40.57:961][195]LogBlueprintUserMessages: Late PlayInEditor Detection: Level '/Game/FirstPersonBP/Maps/FirstPersonExampleMap.FirstPersonExampleMap:PersistentLevel' has LevelScriptBlueprint '/Game/FirstPersonBP/Maps/FirstPersonExampleMap.FirstPersonExampleMap:PersistentLevel.FirstPersonExampleMap' with GeneratedClass '/Game/FirstPersonBP/Maps/FirstPersonExampleMap.FirstPersonExampleMap_C' with ClassGeneratedBy '/Game/FirstPersonBP/Maps/FirstPersonExampleMap.FirstPersonExampleMap:PersistentLevel.FirstPersonExampleMap'
[2016.05.11-04.41.01:339][464]LogBlueprintUserMessages: Early EndPlayMap Detection: Level '/Game/FirstPersonBP/Maps/FirstPersonExampleMap.FirstPersonExampleMap:PersistentLevel' has LevelScriptBlueprint '/Game/FirstPersonBP/Maps/FirstPersonExampleMap.FirstPersonExampleMap:PersistentLevel.FirstPersonExampleMap' with GeneratedClass '/Game/FirstPersonBP/Maps/FirstPersonExampleMap.FirstPersonExampleMap_C' with ClassGeneratedBy '/Game/FirstPersonBP/Maps/FirstPersonExampleMap.FirstPersonExampleMap:PersistentLevel.FirstPersonExampleMap'
[2016.05.11-04.41.01:450][464]LogBlueprintUserMessages: Late EndPlayMap Detection: Level '/Game/FirstPersonBP/Maps/FirstPersonExampleMap.FirstPersonExampleMap:PersistentLevel' has LevelScriptBlueprint '/Game/FirstPersonBP/Maps/FirstPersonExampleMap.FirstPersonExampleMap:PersistentLevel.FirstPersonExampleMap' with GeneratedClass '/Game/FirstPersonBP/Maps/FirstPersonExampleMap.FirstPersonExampleMap_C' with ClassGeneratedBy '/Game/FirstPersonBP/Maps/FirstPersonExampleMap.FirstPersonExampleMap:PersistentLevel.FirstPersonExampleMap'
[2016.05.11-04.41.03:889][589]LogMaterial: Missing cached shader map for material Material_0, compiling. 
[2016.05.11-04.42.36:924][703]AssetRegistry: New page: Content migration completed successfully!
[2016.05.11-04.42.36:924][703]AssetRegistry: Info /Game/Environment/Blueprints/FogSheet/BP_FogSheet
[2016.05.11-04.42.36:924][703]AssetRegistry: Info /Game/Environment/Blueprints/FogSheet/Assets/M_FogSheet_Master_INST
[2016.05.11-04.42.36:924][703]AssetRegistry: Info /Game/Environment/Blueprints/FogSheet/Assets/M_FogSheet_Master
[2016.05.11-04.42.36:924][703]AssetRegistry: Info /Game/Environment/Blueprints/FogSheet/Assets/MF_Raycast
[2016.05.11-04.42.36:924][703]AssetRegistry: Info /Game/Environment/MaterialFunctions/MF_NormalMaskedVectors
[2016.05.11-04.42.36:924][703]AssetRegistry: Info /Game/Environment/Textures/Noise/TilingNoise03
[2016.05.11-04.42.36:924][703]AssetRegistry: Info /Game/Environment/Blueprints/FogSheet/Assets/SM_FogSheet_Plane
[2016.05.11-04.42.45:866][ 28]LogAIModule: Creating AISystem for world KennethTest
[2016.05.11-04.42.45:869][ 28]LogParticles:Warning: InitializeSystem called on an unregistered component. Template=/Game/ExampleContent/Effects/ParticleSystems/P_cloud.P_cloud Component=/Game/Maps/KennethTest.KennethTest:PersistentLevel.P_cloud_30.ParticleSystemComponent0
[2016.05.11-04.42.45:869][ 28]LogParticles:Warning: InitializeSystem called on an unregistered component. Template=/Game/Effects/Particles/Snow/P_SnowFlare.P_SnowFlare Component=/Game/Maps/KennethTest.KennethTest:PersistentLevel.P_SnowFlare_2.ParticleSystemComponent0
[2016.05.11-04.42.45:870][ 28]LogParticles:Warning: InitializeSystem called on an unregistered component. Template=/Game/Effects/Particles/Snow/P_Blizzard.P_Blizzard Component=/Game/Maps/KennethTest.KennethTest:PersistentLevel.P_Blizzard_8.ParticleSystemComponent0
[2016.05.11-04.42.47:545][ 28]Cmd: MAP LOAD FILE="../../../../../../Users/k0ola/Documents/GitHub/RiggingShooter/GameJamRigging/Content/Maps/KennethTest.umap" TEMPLATE=0 SHOWPROGRESS=1 FEATURELEVEL=3
[2016.05.11-04.42.47:546][ 28]LightingResults: New page: Lighting Build
[2016.05.11-04.42.47:567][ 28]LoadErrors: New page: Loading map: KennethTest.umap
[2016.05.11-04.42.47:568][ 28]MapCheck: New page: Map Check
[2016.05.11-04.42.47:568][ 28]LightingResults: New page: Lighting Build
[2016.05.11-04.42.47:758][ 28]LogEditorServer: Finished looking for orphan Actors (0.000 secs)
[2016.05.11-04.42.47:804][ 28]Cmd: MAP CHECKDEP NOCLEARLOG
[2016.05.11-04.42.47:879][ 28]MapCheck: Info Map check complete: 0 Error(s), 0 Warning(s), took 74.405ms to complete.
[2016.05.11-04.42.47:879][ 28]LogFileHelpers: Loading map 'KennethTest' took 0.335
[2016.05.11-04.43.10:134][320]LogPlayLevel: PlayLevel: No blueprints needed recompiling
[2016.05.11-04.43.10:134][320]PIE: New page: PIE session: KennethTest (May 10, 2016, 1:43:10 PM)
[2016.05.11-04.43.10:134][320]LogPlayLevel: Creating play world package: /Game/Maps/UEDPIE_0_KennethTest
[2016.05.11-04.43.10:149][320]LogPlayLevel: PIE: StaticDuplicateObject took: (0.014622s)
[2016.05.11-04.43.10:150][320]LogAIModule: Creating AISystem for world KennethTest
[2016.05.11-04.43.10:150][320]LogPlayLevel: PIE: World Init took: (0.000695s)
[2016.05.11-04.43.10:150][320]LogPlayLevel: PIE: Created PIE world by copying editor world from /Game/Maps/KennethTest.KennethTest to /Game/Maps/UEDPIE_0_KennethTest.KennethTest (0.015753s)
[2016.05.11-04.43.10:169][320]LogInit: XAudio2 using 'Speakers (Realtek High Definition Audio)' : 2 channels at 48 kHz using 32 bits per sample (channel mask 0x3)
[2016.05.11-04.43.10:181][320]LogInit: FAudioDevice initialized.
[2016.05.11-04.43.10:213][320]LogWorld: Game class is 'FirstPersonGameMode_C'
[2016.05.11-04.43.10:225][320]LogWorld: Bringing World /Game/Maps/UEDPIE_0_KennethTest.KennethTest up for play (max tick rate 0) at 2016.05.10-21.43.10
[2016.05.11-04.43.10:239][320]LogWorld: Bringing up level for play took: 0.025308
[2016.05.11-04.43.10:272][320]PIE: Info Play in editor start time for /Game/Maps/UEDPIE_0_KennethTest 0.657
[2016.05.11-04.43.18:446][810]LogPlayLevel: PlayLevel: No blueprints needed recompiling
[2016.05.11-04.43.18:446][810]PIE: New page: PIE session: KennethTest (May 10, 2016, 1:43:18 PM)
[2016.05.11-04.43.18:446][810]LogPlayLevel: Creating play world package: /Game/Maps/UEDPIE_0_KennethTest
[2016.05.11-04.43.18:461][810]LogPlayLevel: PIE: StaticDuplicateObject took: (0.014404s)
[2016.05.11-04.43.18:462][810]LogAIModule: Creating AISystem for world KennethTest
[2016.05.11-04.43.18:462][810]LogPlayLevel: PIE: World Init took: (0.000672s)
[2016.05.11-04.43.18:462][810]LogPlayLevel: PIE: Created PIE world by copying editor world from /Game/Maps/KennethTest.KennethTest to /Game/Maps/UEDPIE_0_KennethTest.KennethTest (0.015492s)
[2016.05.11-04.43.18:480][810]LogInit: XAudio2 using 'Speakers (Realtek High Definition Audio)' : 2 channels at 48 kHz using 32 bits per sample (channel mask 0x3)
[2016.05.11-04.43.18:491][810]LogInit: FAudioDevice initialized.
[2016.05.11-04.43.18:518][810]LogWorld: Game class is 'FirstPersonGameMode_C'
[2016.05.11-04.43.18:530][810]LogWorld: Bringing World /Game/Maps/UEDPIE_0_KennethTest.KennethTest up for play (max tick rate 0) at 2016.05.10-21.43.18
[2016.05.11-04.43.18:531][810]LogWorld: Bringing up level for play took: 0.011627
[2016.05.11-04.43.18:534][810]PIE: Info Play in editor start time for /Game/Maps/UEDPIE_0_KennethTest 0.919
[2016.05.11-04.43.26:012][270]LogCascade: Quitting Cascade. FXSystem=0x0000024C187C3E20
[2016.05.11-04.43.26:110][270]LogCascade: Quitting Cascade. FXSystem=0x0000024C1D641DA0
[2016.05.11-04.43.26:170][270]LogActorComponent: UnregisterComponent: (/Engine/Transient.FloorComponent) Not registered. Aborting.
[2016.05.11-04.43.26:212][270]LogActorComponent: UnregisterComponent: (/Engine/Transient.EditorFloorComp) Not registered. Aborting.
[2016.05.11-04.43.26:533][271]Cmd: QUIT_EDITOR
[2016.05.11-04.43.27:436][271]LogWindowsTextInputMethodSystem:Display: IME system now deactivated.
[2016.05.11-04.43.27:476][271]LogExit: Preparing to exit.
[2016.05.11-04.43.27:947][271]LogExit: Editor shut down
[2016.05.11-04.43.27:948][271]LogExit: Transaction tracking system shut down
[2016.05.11-04.43.28:102][271]LogObj: Freed 0b from 0 cluster array pools.
[2016.05.11-04.43.28:102][271]LogExit: Object subsystem successfully closed.
[2016.05.11-04.43.28:117][271]LogD3D11RHI: Shutdown
[2016.05.11-04.43.28:117][271]LogD3D11RHI: CleanupD3DDevice
[2016.05.11-04.43.28:229][271]LogD3D11RHI: ~FD3D11DynamicRHI
[2016.05.11-04.43.28:298][271]LogDerivedDataCache: Shutdown
[2016.05.11-04.43.28:298][271]LogModuleManager: Shutting down and abandoning module MovieSceneCapture (209)
[2016.05.11-04.43.28:298][271]LogModuleManager: Shutting down and abandoning module DistCurveEditor (208)
[2016.05.11-04.43.28:298][271]LogModuleManager: Shutting down and abandoning module Cascade (207)
[2016.05.11-04.43.28:298][271]LogModuleManager: Shutting down and abandoning module BlueprintGraph (206)
[2016.05.11-04.43.28:298][271]LogModuleManager: Shutting down and abandoning module HierarchicalLODOutliner (205)
[2016.05.11-04.43.28:298][271]LogModuleManager: Shutting down and abandoning module CrashTracker (204)
[2016.05.11-04.43.28:298][271]LogModuleManager: Shutting down and abandoning module SceneOutliner (203)
[2016.05.11-04.43.28:298][271]LogModuleManager: Shutting down and abandoning module WorldBrowser (202)
[2016.05.11-04.43.28:299][271]LogModuleManager: Shutting down and abandoning module SuperSearch (201)
[2016.05.11-04.43.28:299][271]LogModuleManager: Shutting down and abandoning module WidgetCarousel (200)
[2016.05.11-04.43.28:299][271]LogModuleManager: Shutting down and abandoning module AddContentDialog (199)
[2016.05.11-04.43.28:300][271]LogModuleManager: Shutting down and abandoning module GameplayTags (198)
[2016.05.11-04.43.28:300][271]LogModuleManager: Shutting down and abandoning module EditorWidgets (197)
[2016.05.11-04.43.28:300][271]LogModuleManager: Shutting down and abandoning module CollectionManager (196)
[2016.05.11-04.43.28:300][271]LogModuleManager: Shutting down and abandoning module StatsViewer (195)
[2016.05.11-04.43.28:300][271]LogModuleManager: Shutting down and abandoning module FoliageEdit (194)
[2016.05.11-04.43.28:300][271]LogModuleManager: Shutting down and abandoning module LandscapeEditor (193)
[2016.05.11-04.43.28:300][271]LogModuleManager: Shutting down and abandoning module ActorPickerMode (192)
[2016.05.11-04.43.28:300][271]LogModuleManager: Shutting down and abandoning module GeometryMode (191)
[2016.05.11-04.43.28:300][271]LogModuleManager: Shutting down and abandoning module TextureAlignMode (190)
[2016.05.11-04.43.28:300][271]LogModuleManager: Shutting down and abandoning module BspMode (189)
[2016.05.11-04.43.28:300][271]LogModuleManager: Shutting down and abandoning module PlacementMode (188)
[2016.05.11-04.43.28:300][271]LogModuleManager: Shutting down and abandoning module AutomationWorker (187)
[2016.05.11-04.43.28:300][271]LogModuleManager: Shutting down and abandoning module CharacterAI (186)
[2016.05.11-04.43.28:300][271]LogModuleManager: Shutting down and abandoning module SmartSnapping (185)
[2016.05.11-04.43.28:300][271]LogModuleManager: Shutting down and abandoning module ViewportSnapping (184)
[2016.05.11-04.43.28:300][271]LogModuleManager: Shutting down and abandoning module LogVisualizer (183)
[2016.05.11-04.43.28:301][271]LogModuleManager: Shutting down and abandoning module GameProjectGeneration (182)
[2016.05.11-04.43.28:301][271]LogModuleManager: Shutting down and abandoning module IntroTutorials (181)
[2016.05.11-04.43.28:301][271]LogModuleManager: Shutting down and abandoning module EditorLiveStreaming (180)
[2016.05.11-04.43.28:301][271]LogModuleManager: Shutting down and abandoning module IOSPlatformEditor (179)
[2016.05.11-04.43.28:301][271]LogModuleManager: Shutting down and abandoning module HTML5PlatformEditor (178)
[2016.05.11-04.43.28:301][271]LogModuleManager: Shutting down and abandoning module AndroidDeviceDetection (177)
[2016.05.11-04.43.28:901][271]LogModuleManager: Shutting down and abandoning module AndroidPlatformEditor (176)
[2016.05.11-04.43.28:901][271]LogModuleManager: Shutting down and abandoning module IOSRuntimeSettings (175)
[2016.05.11-04.43.28:901][271]LogModuleManager: Shutting down and abandoning module AndroidRuntimeSettings (174)
[2016.05.11-04.43.28:901][271]LogModuleManager: Shutting down and abandoning module MergeActors (173)
[2016.05.11-04.43.28:901][271]LogModuleManager: Shutting down and abandoning module SizeMap (172)
[2016.05.11-04.43.28:901][271]LogModuleManager: Shutting down and abandoning module TreeMap (171)
[2016.05.11-04.43.28:901][271]LogModuleManager: Shutting down and abandoning module ReferenceViewer (170)
[2016.05.11-04.43.28:901][271]LogModuleManager: Shutting down and abandoning module LocalizationService (169)
[2016.05.11-04.43.28:901][271]LogModuleManager: Shutting down and abandoning module LocalizationDashboard (168)
[2016.05.11-04.43.28:901][271]LogModuleManager: Shutting down and abandoning module HardwareTargeting (167)
[2016.05.11-04.43.28:901][271]LogModuleManager: Shutting down and abandoning module DeviceProfileEditor (166)
[2016.05.11-04.43.28:901][271]LogModuleManager: Shutting down and abandoning module UndoHistory (165)
[2016.05.11-04.43.28:901][271]LogModuleManager: Shutting down and abandoning module UserFeedback (164)
[2016.05.11-04.43.28:901][271]LogModuleManager: Shutting down and abandoning module XmlParser (163)
[2016.05.11-04.43.28:901][271]LogModuleManager: Shutting down and abandoning module Blutility (162)
[2016.05.11-04.43.28:901][271]LogModuleManager: Shutting down and abandoning module ProjectTargetPlatformEditor (161)
[2016.05.11-04.43.28:901][271]LogModuleManager: Shutting down and abandoning module ProjectSettingsViewer (160)
[2016.05.11-04.43.28:901][271]LogModuleManager: Shutting down and abandoning module InputBindingEditor (159)
[2016.05.11-04.43.28:902][271]LogModuleManager: Shutting down and abandoning module EditorSettingsViewer (158)
[2016.05.11-04.43.28:902][271]LogModuleManager: Shutting down and abandoning module SettingsEditor (157)
[2016.05.11-04.43.28:902][271]LogModuleManager: Shutting down and abandoning module ProjectLauncher (156)
[2016.05.11-04.43.28:902][271]LogModuleManager: Shutting down and abandoning module SessionFrontend (155)
[2016.05.11-04.43.28:902][271]LogModuleManager: Shutting down and abandoning module ProfilerClient (154)
[2016.05.11-04.43.28:902][271]LogModuleManager: Shutting down and abandoning module TargetDeviceServices (153)
[2016.05.11-04.43.28:902][271]LogModuleManager: Shutting down and abandoning module DeviceManager (152)
[2016.05.11-04.43.28:935][271]LogModuleManager: Shutting down and abandoning module AutomationController (151)
[2016.05.11-04.43.28:935][271]LogModuleManager: Shutting down and abandoning module AutomationWindow (150)
[2016.05.11-04.43.28:935][271]LogModuleManager: Shutting down and abandoning module Layers (149)
[2016.05.11-04.43.28:935][271]LogModuleManager: Shutting down and abandoning module ComponentVisualizers (148)
[2016.05.11-04.43.28:935][271]LogModuleManager: Shutting down and abandoning module DetailCustomizations (147)
[2016.05.11-04.43.28:935][271]LogModuleManager: Shutting down and abandoning module PackagesDialog (146)
[2016.05.11-04.43.28:935][271]LogModuleManager: Shutting down and abandoning module Persona (145)
[2016.05.11-04.43.28:935][271]LogModuleManager: Shutting down and abandoning module Kismet (144)
[2016.05.11-04.43.28:935][271]LogModuleManager: Shutting down and abandoning module GraphEditor (143)
[2016.05.11-04.43.28:935][271]LogModuleManager: Shutting down and abandoning module ClassViewer (142)
[2016.05.11-04.43.28:935][271]LogModuleManager: Shutting down and abandoning module Toolbox (141)
[2016.05.11-04.43.28:935][271]LogModuleManager: Shutting down and abandoning module ModuleUI (140)
[2016.05.11-04.43.28:935][271]LogModuleManager: Shutting down and abandoning module MovieSceneTools (139)
[2016.05.11-04.43.28:935][271]LogModuleManager: Shutting down and abandoning module OutputLog (138)
[2016.05.11-04.43.28:935][271]LogModuleManager: Shutting down and abandoning module GammaUI (137)
[2016.05.11-04.43.28:935][271]LogModuleManager: Shutting down and abandoning module Documentation (136)
[2016.05.11-04.43.28:935][271]LogModuleManager: Shutting down and abandoning module StreamingPauseRendering (135)
[2016.05.11-04.43.28:935][271]LogModuleManager: Shutting down and abandoning module AnalyticsET (134)
[2016.05.11-04.43.28:935][271]LogModuleManager: Shutting down and abandoning module Analytics (133)
[2016.05.11-04.43.28:935][271]LogModuleManager: Shutting down and abandoning module PortalServices (132)
[2016.05.11-04.43.28:935][271]LogModuleManager: Shutting down and abandoning module PortalRpc (131)
[2016.05.11-04.43.28:935][271]LogModuleManager: Shutting down and abandoning module MessagingRpc (130)
[2016.05.11-04.43.28:935][271]LogModuleManager: Shutting down and abandoning module AITestSuite (129)
[2016.05.11-04.43.28:935][271]LogModuleManager: Shutting down and abandoning module GameplayDebugger (128)
[2016.05.11-04.43.28:935][271]LogModuleManager: Shutting down and abandoning module AIModule (127)
[2016.05.11-04.43.28:935][271]LogModuleManager: Shutting down and abandoning module ProfilerService (126)
[2016.05.11-04.43.29:182][271]LogModuleManager: Shutting down and abandoning module TaskGraph (125)
[2016.05.11-04.43.29:182][271]LogModuleManager: Shutting down and abandoning module SlateRemote (124)
[2016.05.11-04.43.29:182][271]LogModuleManager: Shutting down and abandoning module SteamVRController (123)
[2016.05.11-04.43.29:182][271]LogModuleManager: Shutting down and abandoning module SteamVR (122)
[2016.05.11-04.43.29:182][271]LogModuleManager: Shutting down and abandoning module ProceduralMeshComponent (121)
[2016.05.11-04.43.29:182][271]LogModuleManager: Shutting down and abandoning module OculusLibrary (120)
[2016.05.11-04.43.29:182][271]LogModuleManager: Shutting down and abandoning module OculusInput (119)
[2016.05.11-04.43.29:182][271]LogModuleManager: Shutting down and abandoning module CustomMeshComponent (118)
[2016.05.11-04.43.29:182][271]LogModuleManager: Shutting down and abandoning module CableComponent (117)
[2016.05.11-04.43.29:182][271]LogModuleManager: Shutting down and abandoning module ArchVisCharacter (116)
[2016.05.11-04.43.29:182][271]LogModuleManager: Shutting down and abandoning module MediaPlayerEditor (115)
[2016.05.11-04.43.29:182][271]LogModuleManager: Shutting down and abandoning module HTML5Networking (114)
[2016.05.11-04.43.29:182][271]LogModuleManager: Shutting down and abandoning module SpeedTreeImporter (113)
[2016.05.11-04.43.29:182][271]LogModuleManager: Shutting down and abandoning module PluginBrowser (112)
[2016.05.11-04.43.29:182][271]LogModuleManager: Shutting down and abandoning module EpicSurvey (111)
[2016.05.11-04.43.29:182][271]LogModuleManager: Shutting down and abandoning module DesktopPlatform (110)
[2016.05.11-04.43.29:182][271]LogModuleManager: Shutting down and abandoning module VisualStudioSourceCodeAccess (109)
[2016.05.11-04.43.29:182][271]LogModuleManager: Shutting down and abandoning module UObjectPlugin (108)
[2016.05.11-04.43.29:182][271]LogModuleManager: Shutting down and abandoning module SubversionSourceControl (107)
[2016.05.11-04.43.29:183][271]LogModuleManager: Shutting down and abandoning module PerforceSourceControl (106)
[2016.05.11-04.43.29:183][271]LogModuleManager: Shutting down and abandoning module SourceControl (105)
[2016.05.11-04.43.29:183][271]LogModuleManager: Shutting down and abandoning module GitSourceControl (104)
[2016.05.11-04.43.29:183][271]LogModuleManager: Shutting down and abandoning module LightPropagationVolumeEditor (103)
[2016.05.11-04.43.29:183][271]LogModuleManager: Shutting down and abandoning module PaperTiledImporter (102)
[2016.05.11-04.43.29:183][271]LogModuleManager: Shutting down and abandoning module PaperSpriteSheetImporter (101)
[2016.05.11-04.43.29:183][271]LogModuleManager: Shutting down and abandoning module MeshPaint (100)
[2016.05.11-04.43.29:183][271]LogModuleManager: Shutting down and abandoning module HotReload (99)
[2016.05.11-04.43.29:183][271]LogModuleManager: Shutting down and abandoning module MainFrame (98)
[2016.05.11-04.43.29:183][271]LogModuleManager: Shutting down and abandoning module LevelEditor (97)
[2016.05.11-04.43.29:184][271]LogModuleManager: Shutting down and abandoning module DirectoryWatcher (96)
[2016.05.11-04.43.29:184][271]LogModuleManager: Shutting down and abandoning module AssetRegistry (95)
[2016.05.11-04.43.29:266][271]LogModuleManager: Shutting down and abandoning module ContentBrowser (94)
[2016.05.11-04.43.29:267][271]LogModuleManager: Shutting down and abandoning module Paper2DEditor (93)
[2016.05.11-04.43.29:267][271]LogModuleManager: Shutting down and abandoning module UdpMessaging (92)
[2016.05.11-04.43.29:368][271]LogModuleManager: Shutting down and abandoning module LightPropagationVolumeRuntime (91)
[2016.05.11-04.43.29:368][271]LogModuleManager: Shutting down and abandoning module Paper2D (90)
[2016.05.11-04.43.29:368][271]LogModuleManager: Shutting down and abandoning module WindowsMoviePlayer (89)
[2016.05.11-04.43.29:368][271]LogModuleManager: Shutting down and abandoning module Media (88)
[2016.05.11-04.43.29:368][271]LogModuleManager: Shutting down and abandoning module WmfMedia (87)
[2016.05.11-04.43.29:368][271]LogModuleManager: Shutting down and abandoning module MediaAssets (86)
[2016.05.11-04.43.29:368][271]LogModuleManager: Shutting down and abandoning module GameLiveStreaming (85)
[2016.05.11-04.43.29:368][271]LogModuleManager: Shutting down and abandoning module GameplayTagsEditor (84)
[2016.05.11-04.43.29:368][271]LogModuleManager: Shutting down and abandoning module OnlineBlueprintSupport (83)
[2016.05.11-04.43.29:368][271]LogModuleManager: Shutting down and abandoning module GameplayTasksEditor (82)
[2016.05.11-04.43.29:368][271]LogModuleManager: Shutting down and abandoning module PropertyEditor (81)
[2016.05.11-04.43.29:368][271]LogModuleManager: Shutting down and abandoning module BehaviorTreeEditor (80)
[2016.05.11-04.43.29:368][271]LogModuleManager: Shutting down and abandoning module FunctionalTesting (79)
[2016.05.11-04.43.29:368][271]LogModuleManager: Shutting down and abandoning module CollisionAnalyzer (78)
[2016.05.11-04.43.29:368][271]LogModuleManager: Shutting down and abandoning module WorkspaceMenuStructure (77)
[2016.05.11-04.43.29:368][271]LogModuleManager: Shutting down and abandoning module MessageLog (76)
[2016.05.11-04.43.29:368][271]LogModuleManager: Shutting down and abandoning module Sequencer (75)
[2016.05.11-04.43.29:368][271]LogModuleManager: Shutting down and abandoning module AssetTools (74)
[2016.05.11-04.43.29:368][271]LogModuleManager: Shutting down and abandoning module UMGEditor (73)
[2016.05.11-04.43.29:368][271]LogModuleManager: Shutting down and abandoning module UMG (72)
[2016.05.11-04.43.29:368][271]LogModuleManager: Shutting down and abandoning module SlateReflector (71)
[2016.05.11-04.43.29:368][271]LogModuleManager: Shutting down and abandoning module Slate (70)
[2016.05.11-04.43.29:368][271]LogModuleManager: Shutting down and abandoning module EditorStyle (69)
[2016.05.11-04.43.29:371][271]LogModuleManager: Shutting down and abandoning module SessionServices (68)
[2016.05.11-04.43.29:371][271]LogModuleManager: Shutting down and abandoning module SourceCodeAccess (67)
[2016.05.11-04.43.29:371][271]LogModuleManager: Shutting down and abandoning module HeadMountedDisplay (66)
[2016.05.11-04.43.29:371][271]LogModuleManager: Shutting down and abandoning module XAudio2 (65)
[2016.05.11-04.43.29:371][271]LogModuleManager: Shutting down and abandoning module Networking (63)
[2016.05.11-04.43.29:371][271]LogModuleManager: Shutting down and abandoning module Core (62)
[2016.05.11-04.43.29:371][271]LogModuleManager: Shutting down and abandoning module KismetCompiler (61)
[2016.05.11-04.43.29:371][271]LogModuleManager: Shutting down and abandoning module PhysXFormats (60)
[2016.05.11-04.43.29:371][271]LogModuleManager: Shutting down and abandoning module MeshUtilities (59)
[2016.05.11-04.43.29:371][271]LogModuleManager: Shutting down and abandoning module CookingStats (58)
[2016.05.11-04.43.29:371][271]LogModuleManager: Shutting down and abandoning module DerivedDataCache (57)
[2016.05.11-04.43.29:371][271]LogDerivedDataCache: Shutdown
[2016.05.11-04.43.29:371][271]LogModuleManager: Shutting down and abandoning module ShaderFormatOpenGL (56)
[2016.05.11-04.43.29:371][271]LogModuleManager: Shutting down and abandoning module ShaderFormatD3D (55)
[2016.05.11-04.43.29:371][271]LogModuleManager: Shutting down and abandoning module MetalShaderFormat (54)
[2016.05.11-04.43.29:371][271]LogModuleManager: Shutting down and abandoning module TextureFormatUncompressed (53)
[2016.05.11-04.43.29:371][271]LogModuleManager: Shutting down and abandoning module TextureFormatPVR (52)
[2016.05.11-04.43.29:371][271]LogModuleManager: Shutting down and abandoning module TextureFormatIntelISPCTexComp (51)
[2016.05.11-04.43.29:371][271]LogModuleManager: Shutting down and abandoning module TextureFormatDXT (50)
[2016.05.11-04.43.29:371][271]LogModuleManager: Shutting down and abandoning module ImageWrapper (49)
[2016.05.11-04.43.29:371][271]LogModuleManager: Shutting down and abandoning module TextureFormatASTC (48)
[2016.05.11-04.43.29:371][271]LogModuleManager: Shutting down and abandoning module TextureFormatAndroid (47)
[2016.05.11-04.43.29:371][271]LogModuleManager: Shutting down and abandoning module AudioFormatOpus (46)
[2016.05.11-04.43.29:371][271]LogModuleManager: Shutting down and abandoning module AudioFormatOgg (45)
[2016.05.11-04.43.29:371][271]LogModuleManager: Shutting down and abandoning module AudioFormatADPCM (44)
[2016.05.11-04.43.29:371][271]LogModuleManager: Shutting down and abandoning module LinuxTargetPlatform (43)
[2016.05.11-04.43.29:371][271]LogModuleManager: Shutting down and abandoning module LinuxServerTargetPlatform (42)
[2016.05.11-04.43.29:371][271]LogModuleManager: Shutting down and abandoning module LinuxNoEditorTargetPlatform (41)
[2016.05.11-04.43.29:371][271]LogModuleManager: Shutting down and abandoning module TVOSTargetPlatform (40)
[2016.05.11-04.43.29:371][271]LogModuleManager: Shutting down and abandoning module Messaging (39)
[2016.05.11-04.43.29:371][271]LogModuleManager: Shutting down and abandoning module IOSTargetPlatform (38)
[2016.05.11-04.43.29:371][271]LogModuleManager: Shutting down and abandoning module HTML5TargetPlatform (37)
[2016.05.11-04.43.29:371][271]LogModuleManager: Shutting down and abandoning module Android_PVRTCTargetPlatform (36)
[2016.05.11-04.43.29:371][271]LogModuleManager: Shutting down and abandoning module Android_MultiTargetPlatform (35)
[2016.05.11-04.43.29:371][271]LogModuleManager: Shutting down and abandoning module Android_ETC2TargetPlatform (34)
[2016.05.11-04.43.29:371][271]LogModuleManager: Shutting down and abandoning module Android_ETC1TargetPlatform (33)
[2016.05.11-04.43.29:371][271]LogModuleManager: Shutting down and abandoning module Android_DXTTargetPlatform (32)
[2016.05.11-04.43.29:371][271]LogModuleManager: Shutting down and abandoning module Android_ATCTargetPlatform (31)
[2016.05.11-04.43.29:371][271]LogModuleManager: Shutting down and abandoning module Android_ASTCTargetPlatform (30)
[2016.05.11-04.43.29:371][271]LogModuleManager: Shutting down and abandoning module AndroidTargetPlatform (29)
[2016.05.11-04.43.29:371][271]LogModuleManager: Shutting down and abandoning module WindowsTargetPlatform (28)
[2016.05.11-04.43.29:371][271]LogModuleManager: Shutting down and abandoning module WindowsServerTargetPlatform (27)
[2016.05.11-04.43.29:371][271]LogModuleManager: Shutting down and abandoning module WindowsNoEditorTargetPlatform (26)
[2016.05.11-04.43.29:371][271]LogModuleManager: Shutting down and abandoning module WindowsClientTargetPlatform (25)
[2016.05.11-04.43.29:371][271]LogModuleManager: Shutting down and abandoning module AllDesktopTargetPlatform (24)
[2016.05.11-04.43.29:371][271]LogModuleManager: Shutting down and abandoning module TargetPlatform (23)
[2016.05.11-04.43.29:371][271]LogModuleManager: Shutting down and abandoning module InputCore (22)
[2016.05.11-04.43.29:371][271]LogModuleManager: Shutting down and abandoning module Settings (21)
[2016.05.11-04.43.29:371][271]LogModuleManager: Shutting down and abandoning module OnlineSubsystem (19)
[2016.05.11-04.43.29:371][271]LogModuleManager: Shutting down and abandoning module HTTP (18)
[2016.05.11-04.43.31:376][271]LogModuleManager: Shutting down and abandoning module XMPP (17)
[2016.05.11-04.43.31:376][271]LogModuleManager: Shutting down and abandoning module OculusRift (16)
[2016.05.11-04.43.31:376][271]LogModuleManager: Shutting down and abandoning module ExampleDeviceProfileSelector (15)
[2016.05.11-04.43.31:376][271]LogModuleManager: Shutting down and abandoning module TextureCompressor (14)
[2016.05.11-04.43.31:376][271]LogModuleManager: Shutting down and abandoning module ShaderCore (13)
[2016.05.11-04.43.31:376][271]LogModuleManager: Shutting down and abandoning module Landscape (12)
[2016.05.11-04.43.31:376][271]LogModuleManager: Shutting down and abandoning module SlateRHIRenderer (11)
[2016.05.11-04.43.31:379][271]LogModuleManager: Shutting down and abandoning module OpenGLDrv (10)
[2016.05.11-04.43.31:379][271]LogModuleManager: Shutting down and abandoning module D3D11RHI (9)
[2016.05.11-04.43.31:379][271]LogModuleManager: Shutting down and abandoning module AnimGraphRuntime (8)
[2016.05.11-04.43.31:379][271]LogModuleManager: Shutting down and abandoning module Renderer (7)
[2016.05.11-04.43.31:379][271]LogModuleManager: Shutting down and abandoning module Engine (6)
[2016.05.11-04.43.31:379][271]LogModuleManager: Shutting down and abandoning module CoreUObject (5)
[2016.05.11-04.43.31:379][271]LogModuleManager: Shutting down and abandoning module NetworkFile (4)
[2016.05.11-04.43.31:379][271]LogModuleManager: Shutting down and abandoning module StreamingFile (3)
[2016.05.11-04.43.31:379][271]LogModuleManager: Shutting down and abandoning module SandboxFile (2)
[2016.05.11-04.43.31:379][271]LogModuleManager: Shutting down and abandoning module PakFile (1)
[2016.05.11-04.43.31:381][271]LogExit: Exiting.
[2016.05.11-04.43.31:407][271]Log file closed, 05/10/16 21:43:31
