Log file open, 05/26/16 19:01:13
LogInit:Display: Running engine for game: GameJamRigging
LogPlatformFile: Not using cached read wrapper
LogInit:Display: RandInit(-817574642) SRandInit(-817574640).
LogTaskGraph: Started task graph with 4 named threads and 7 total threads.
LogStats: Stats thread started at 0.069545
LogInit: Version: 4.11.2-2946394+++UE4+Release-4.11
LogInit: API Version: 2927265
LogInit: Compiled (64-bit): Apr 18 2016 02:18:46
LogInit: Compiled with Visual C++: 19.00.23026.00
LogInit: Build Configuration: Development
LogInit: Branch Name: ++UE4+Release-4.11
LogInit: Command line:  
LogInit: Base directory: C:/Program Files (x86)/Epic Games/4.11/Engine/Binaries/Win64/
LogInit: Installed Engine Build: 1
LogInit: Using libcurl 7.41.0
LogInit:  - built for x86_64-pc-win32
LogInit:  - supports SSL with WinSSL
LogInit:  - other features:
LogInit:      CURL_VERSION_SSL
LogInit:      CURL_VERSION_IPV6
LogInit:      CURL_VERSION_ASYNCHDNS
LogInit:      CURL_VERSION_LARGEFILE
LogInit:      CURL_VERSION_IDN
LogInit:  CurlRequestOptions (configurable via config and command line):
LogInit:  - bVerifyPeer = true  - Libcurl will verify peer certificate
LogInit:  - bUseHttpProxy = false  - Libcurl will NOT use HTTP proxy
LogInit:  - bDontReuseConnections = false  - Libcurl will reuse connections
LogInit:  - CertBundlePath = nullptr  - Libcurl will use whatever was configured at build time.
LogInit: Presizing for max 16777216 objects, including 0 objects not considered by GC, pre-allocating 0 bytes for permanent pool.
LogInit: Object subsystem initialized
[2016.05.27-02.01.14:058][  0]LogInit: Selected Device Profile: [Windows]
[2016.05.27-02.01.14:058][  0]LogInit: Applying CVar settings loaded from the selected device profile: [Windows]
[2016.05.27-02.01.14:064][  0]LogInit: Computer: DUMPRING
[2016.05.27-02.01.14:064][  0]LogInit: User: theco000
[2016.05.27-02.01.14:064][  0]LogInit: CPU Page size=65536, Cores=4
[2016.05.27-02.01.14:064][  0]LogInit: High frequency timer resolution =3.615393 MHz
[2016.05.27-02.01.14:064][  0]LogMemory: Memory total: Physical=15.9GB (16GB approx)
[2016.05.27-02.01.14:064][  0]LogMemory: Platform Memory Stats for Windows
[2016.05.27-02.01.14:064][  0]LogMemory: Process Physical Memory: 314.42 MB used, 314.42 MB peak
[2016.05.27-02.01.14:064][  0]LogMemory: Process Virtual Memory: 315.01 MB used, 315.01 MB peak
[2016.05.27-02.01.14:064][  0]LogMemory: Physical Memory: 5757.93 MB used, 16326.09 MB total
[2016.05.27-02.01.14:064][  0]LogMemory: Virtual Memory: 639.07 MB used, 134217728.00 MB total
[2016.05.27-02.01.14:095][  0]LogTextLocalizationManager: No specific translations for ('en-US') exist, so ('en') translations will be used.
[2016.05.27-02.01.14:450][  0]LogD3D11RHI: D3D11 adapters:
[2016.05.27-02.01.14:470][  0]LogD3D11RHI:    0. 'NVIDIA GeForce GTX 780' (Feature Level 11_0)
[2016.05.27-02.01.14:470][  0]LogD3D11RHI:       3013MB of dedicated video memory, 0MB of dedicated system memory, and 8163MB of shared system memory, 2 output[s]
[2016.05.27-02.01.14:472][  0]LogD3D11RHI:    1. 'Microsoft Basic Render Driver' (Feature Level 11_0)
[2016.05.27-02.01.14:472][  0]LogD3D11RHI:       0MB of dedicated video memory, 0MB of dedicated system memory, and 8163MB of shared system memory, 0 output[s]
[2016.05.27-02.01.14:472][  0]LogD3D11RHI: Chosen D3D11 Adapter: 0
[2016.05.27-02.01.14:476][  0]LogD3D11RHI: Creating new Direct3DDevice
[2016.05.27-02.01.14:476][  0]LogD3D11RHI:     Adapter Name: NVIDIA GeForce GTX 780
[2016.05.27-02.01.14:476][  0]LogD3D11RHI:   Driver Version: 10.18.13.6510 (internal 10.18.13.6510)
[2016.05.27-02.01.14:476][  0]LogD3D11RHI:      Driver Date: 4-27-2016
[2016.05.27-02.01.14:476][  0]LogRHI: Texture pool is 1361 MB (70% of 1945 MB)
[2016.05.27-02.01.14:487][  0]LogD3D11RHI: Async texture creation enabled
[2016.05.27-02.01.14:497][  0]LogShaderCompilers: Guid format shader working directory is 12 characters bigger than the processId version (D:/Git/RiggingShooter/GameJamRigging/Intermediate/Shaders/WorkingDirectory/10260/).
[2016.05.27-02.01.14:498][  0]LogShaderCompilers: Cleaned the shader compiler working directory 'C:/Users/THECO_~1/AppData/Local/Temp/UnrealShaderWorkingDir/EDBD7A214281910588D87CA085F476BB/'.
[2016.05.27-02.01.14:498][  0]LogShaderCompilers:Display: Using Local Shader Compiler.
[2016.05.27-02.01.15:433][  0]LogTemp:Display: Loaded TP AllDesktopTargetPlatform
[2016.05.27-02.01.15:441][  0]LogTemp:Display: Loaded TP WindowsClientTargetPlatform
[2016.05.27-02.01.15:449][  0]LogTemp:Display: Loaded TP WindowsNoEditorTargetPlatform
[2016.05.27-02.01.15:461][  0]LogTemp:Display: Loaded TP WindowsServerTargetPlatform
[2016.05.27-02.01.15:468][  0]LogTemp:Display: Loaded TP WindowsTargetPlatform
[2016.05.27-02.01.15:472][  0]LogTemp:Display: Loaded TP AndroidTargetPlatform
[2016.05.27-02.01.15:475][  0]LogTemp:Display: Loaded TP Android_ASTCTargetPlatform
[2016.05.27-02.01.15:479][  0]LogTemp:Display: Loaded TP Android_ATCTargetPlatform
[2016.05.27-02.01.15:482][  0]LogTemp:Display: Loaded TP Android_DXTTargetPlatform
[2016.05.27-02.01.15:485][  0]LogTemp:Display: Loaded TP Android_ETC1TargetPlatform
[2016.05.27-02.01.15:489][  0]LogTemp:Display: Loaded TP Android_ETC2TargetPlatform
[2016.05.27-02.01.15:496][  0]LogTemp:Display: Loaded TP Android_MultiTargetPlatform
[2016.05.27-02.01.15:496][  0]LogTemp:Display: Loaded TP Android_PVRTCTargetPlatform
[2016.05.27-02.01.15:497][  0]LogTemp:Display: Loaded TP HTML5TargetPlatform
[2016.05.27-02.01.15:513][  0]LogTemp:Display: Loaded TP IOSTargetPlatform
[2016.05.27-02.01.15:516][  0]LogTemp:Display: Loaded TP TVOSTargetPlatform
[2016.05.27-02.01.15:518][  0]LogTemp:Display: Loaded TP LinuxNoEditorTargetPlatform
[2016.05.27-02.01.15:521][  0]LogTemp:Display: Loaded TP LinuxServerTargetPlatform
[2016.05.27-02.01.15:525][  0]LogTemp:Display: Loaded TP LinuxTargetPlatform
[2016.05.27-02.01.15:525][  0]LogTargetPlatformManager:Display: Building Assets For Windows
[2016.05.27-02.01.15:595][  0]LogDerivedDataCache:Display: Max Cache Size: 512 MB
[2016.05.27-02.01.15:646][  0]LogDerivedDataCache: Loaded boot cache 0.05s 46MB C:/Users/theco_000/AppData/Local/UnrealEngine/4.11/DerivedDataCache/Boot.ddc.
[2016.05.27-02.01.15:646][  0]LogDerivedDataCache:Display: Loaded Boot cache: C:/Users/theco_000/AppData/Local/UnrealEngine/4.11/DerivedDataCache/Boot.ddc
[2016.05.27-02.01.15:646][  0]LogDerivedDataCache: FDerivedDataBackendGraph:  Pak pak cache file D:/Git/RiggingShooter/GameJamRigging/DerivedDataCache/DDC.ddp not found, will not use a pak cache.
[2016.05.27-02.01.15:646][  0]LogDerivedDataCache: Unable to find inner node Pak for hierarchical cache Hierarchy.
[2016.05.27-02.01.15:646][  0]LogDerivedDataCache: FDerivedDataBackendGraph:  CompressedPak pak cache file D:/Git/RiggingShooter/GameJamRigging/DerivedDataCache/Compressed.ddp not found, will not use a pak cache.
[2016.05.27-02.01.15:646][  0]LogDerivedDataCache: Unable to find inner node CompressedPak for hierarchical cache Hierarchy.
[2016.05.27-02.01.15:659][  0]LogDerivedDataCache:Display: Pak cache opened for reading ../../../Engine/DerivedDataCache/Compressed.ddp.
[2016.05.27-02.01.15:672][  0]LogDerivedDataCache: Using Local data cache path C:/Users/theco_000/AppData/Local/UnrealEngine/Common/DerivedDataCache: Writable
[2016.05.27-02.01.15:840][  0]LogInit: Selected Device Profile: [Windows]
[2016.05.27-02.01.15:840][  0]LogContentStreaming: Texture pool size is 0.00 MB
[2016.05.27-02.01.15:871][  0]LogMaterial: Uniform references updated for custom material expression Custom.
[2016.05.27-02.01.15:983][  0]LogMeshUtilities: No automatic mesh reduction module available
[2016.05.27-02.01.15:983][  0]LogMeshUtilities: No automatic mesh merging module available
[2016.05.27-02.01.15:983][  0]LogMeshUtilities: No distributed automatic mesh merging module available
[2016.05.27-02.01.16:190][  0]LogUObjectArray: 27679 objects as part of root set at end of initial load.
[2016.05.27-02.01.16:190][  0]LogUObjectAllocator: 5591592 out of 0 bytes used by permanent object pool.
[2016.05.27-02.01.16:190][  0]LogUObjectArray: CloseDisregardForGC: 0/0 objects in disregard for GC pool
[2016.05.27-02.01.16:195][  0]LogInit: WinSock: version 1.1 (2.2), MaxSocks=32767, MaxUdp=65467
[2016.05.27-02.01.16:273][  0]LogSlate: SlateFontCache - WITH_FREETYPE: 1, WITH_HARFBUZZ: 1
[2016.05.27-02.01.16:273][  0]LogSlate: SlateFontCache - WITH_FREETYPE: 1, WITH_HARFBUZZ: 1
[2016.05.27-02.01.16:355][  0]LogStreaming:Warning: Failed to read file '../../../Engine/Content/Editor/Slate/Common/Selection_16x.png' error.
[2016.05.27-02.01.16:355][  0]LogSlate: Could not find file for Slate resource: ../../../Engine/Content/Editor/Slate/Common/Selection_16x.png
[2016.05.27-02.01.16:355][  0]LogStreaming:Warning: Failed to read file '../../../Engine/Content/Editor/Slate/Common/Selection_16x.png' error.
[2016.05.27-02.01.16:355][  0]LogSlate: Could not find file for Slate resource: ../../../Engine/Content/Editor/Slate/Common/Selection_16x.png
[2016.05.27-02.01.16:355][  0]LogStreaming:Warning: Failed to read file '../../../Engine/Content/Editor/Slate/Common/Selection_16x.png' error.
[2016.05.27-02.01.16:355][  0]LogSlate: Could not find file for Slate resource: ../../../Engine/Content/Editor/Slate/Common/Selection_16x.png
[2016.05.27-02.01.16:825][  0]LogUdpMessaging: Initializing bridge on interface 0.0.0.0:0 to multicast group 230.0.0.1:6666.
[2016.05.27-02.01.16:931][  0]LogAssetRegistry: FAssetRegistry took 0.0220 seconds to start up
[2016.05.27-02.01.17:067][  0]SourceControl: Info Source control is disabled
[2016.05.27-02.01.17:068][  0]SourceControl: Info Source control is disabled
[2016.05.27-02.01.17:075][  0]SourceControl: Info Source control is disabled
[2016.05.27-02.01.17:081][  0]SourceControl: Info Source control is disabled
[2016.05.27-02.01.17:176][  0]LogHMD: Failed to initialize OpenVR with code 110
[2016.05.27-02.01.17:240][  0]LogEngine: Initializing Engine...
[2016.05.27-02.01.17:358][  0]LogAIModule: Creating AISystem for world NewWorld
[2016.05.27-02.01.17:368][  0]LogInit: XAudio2 using 'Speakers (Realtek High Definition Audio)' : 2 channels at 48 kHz using 32 bits per sample (channel mask 0x3)
[2016.05.27-02.01.17:379][  0]LogInit: FAudioDevice initialized.
[2016.05.27-02.01.17:400][  0]LogDerivedDataCache: Saved boot cache 0.02s 46MB C:/Users/theco_000/AppData/Local/UnrealEngine/4.11/DerivedDataCache/Boot.ddc.
[2016.05.27-02.01.17:403][  0]LogInit: Texture streaming: Enabled
[2016.05.27-02.01.17:423][  0]LogInit: Transaction tracking system initialized
[2016.05.27-02.01.17:441][  0]BlueprintLog: New page: Editor Load
[2016.05.27-02.01.17:496][  0]LocalizationService: Info Localization service is disabled
[2016.05.27-02.01.17:559][  0]LogConsoleResponse:Display: 
[2016.05.27-02.01.17:650][  0]LogCook:Display: Max memory allowance for cook 8192mb
[2016.05.27-02.01.17:650][  0]LogCook:Display: Mobile HDR setting 1
[2016.05.27-02.01.17:650][  0]LogCook:Display: Done creating registry. It took  0.00s.
[2016.05.27-02.01.17:691][  0]LogFileCache: Scanning file cache for directory 'D:/Git/RiggingShooter/GameJamRigging/Content/' took 0.02s
[2016.05.27-02.01.17:691][  0]SourceControl: Info Source control is disabled
[2016.05.27-02.01.17:691][  0]Cmd: MAP LOAD FILE="D:/Git/RiggingShooter/GameJamRigging/Content/Maps/ChrisTest.umap" TEMPLATE=0 SHOWPROGRESS=1 FEATURELEVEL=3
[2016.05.27-02.01.17:691][  0]LightingResults: New page: Lighting Build
[2016.05.27-02.01.17:694][  0]MapCheck: New page: Map Check
[2016.05.27-02.01.17:694][  0]LightingResults: New page: Lighting Build
[2016.05.27-02.01.19:326][  0]LogAIModule: Creating AISystem for world ChrisTest
[2016.05.27-02.01.19:337][  0]LogEditorServer: Finished looking for orphan Actors (0.000 secs)
[2016.05.27-02.01.19:337][  0]Cmd: MAP CHECKDEP NOCLEARLOG
[2016.05.27-02.01.19:383][  0]MapCheck: Info Map check complete: 0 Error(s), 0 Warning(s), took 45.363ms to complete.
[2016.05.27-02.01.19:383][  0]LogFileHelpers: Loading map 'ChrisTest' took 1.692
[2016.05.27-02.01.19:505][  0]LogCollectionManager: Loaded 0 collections in 0.001592 seconds
[2016.05.27-02.01.19:548][  0]LogFileCache: Scanning file cache for directory 'D:/Git/RiggingShooter/GameJamRigging/Saved/Collections/' took 0.01s
[2016.05.27-02.01.19:548][  0]LogFileCache: Scanning file cache for directory 'D:/Git/RiggingShooter/GameJamRigging/Content/Developers/theco000/Collections/' took 0.01s
[2016.05.27-02.01.19:548][  0]LogFileCache: Scanning file cache for directory 'D:/Git/RiggingShooter/GameJamRigging/Content/Collections/' took 0.01s
[2016.05.27-02.01.19:548][  0]LogCollectionManager: Rebuilt the GUID cache for 0 collections in 0.000003 seconds
[2016.05.27-02.01.19:555][  0]LogContentBrowser: Native class hierarchy populated in 0.0075 seconds. Added 1979 classes and 343 folders.
[2016.05.27-02.01.19:560][  0]LogStats: UGameplayTagsManager::ConstructGameplayTagTree: Construct from data asset -  0.000 s
[2016.05.27-02.01.19:560][  0]LogStats: UGameplayTagsManager::ConstructGameplayTagTree: GameplayTagTreeChangedEvent.Broadcast -  0.000 s
[2016.05.27-02.01.19:561][  0]LogContentBrowser: Native class hierarchy updated for 'GameplayTags' in 0.0006 seconds. Added 12 classes and 0 folders.
[2016.05.27-02.01.19:567][  0]LogContentBrowser: Native class hierarchy updated for 'WidgetCarousel' in 0.0005 seconds. Added 0 classes and 0 folders.
[2016.05.27-02.01.19:573][  0]LogContentBrowser: Native class hierarchy updated for 'SuperSearch' in 0.0003 seconds. Added 1 classes and 2 folders.
[2016.05.27-02.01.19:610][  0]LogContentBrowser: Native class hierarchy updated for 'AddContentDialog' in 0.0003 seconds. Added 0 classes and 0 folders.
[2016.05.27-02.01.19:617][  0]LogContentBrowser: Native class hierarchy updated for 'WorldBrowser' in 0.0004 seconds. Added 1 classes and 3 folders.
[2016.05.27-02.01.19:622][  0]LogContentBrowser: Native class hierarchy updated for 'SceneOutliner' in 0.0004 seconds. Added 1 classes and 2 folders.
[2016.05.27-02.01.19:682][  0]LogCrashTracker: Crashtracker disabled due to settings.
[2016.05.27-02.01.19:687][  0]LogUObjectGlobals:Warning: Failed to find object 'Class None.'
[2016.05.27-02.01.19:712][  0]LogContentBrowser: Native class hierarchy updated for 'HierarchicalLODOutliner' in 0.0003 seconds. Added 1 classes and 2 folders.
[2016.05.27-02.01.19:712][  0]LogLoad: Full Startup: 6.32 seconds (BP compile: 0.52 seconds)
[2016.05.27-02.01.19:712][  0]LogExternalProfiler: Found external profiler: VSPerf
[2016.05.27-02.01.19:712][  0]LogExternalProfiler: Using external profiler: VSPerf
[2016.05.27-02.01.19:721][  0]LogOcInput: OculusInput pre-init called
[2016.05.27-02.01.19:772][  0]LogContentStreaming: Texture pool size now 1000 MB
[2016.05.27-02.01.19:939][  0]LogRenderer: Reallocating scene render targets to support 1596x848 (Frame:2).
[2016.05.27-02.01.20:022][  1]LogAssetRegistry: Asset discovery search completed in 3.1126 seconds
[2016.05.27-02.01.20:022][  1]LogCollectionManager: Rebuilt the object cache for 0 collections in 0.000002 seconds (found 0 objects)
[2016.05.27-02.01.20:022][  1]LogCollectionManager: Fixed up redirectors for 0 collections in 0.000035 seconds (updated 0 objects)
[2016.05.27-02.03.56:012][586]LogAIModule: Creating AISystem for world Level1
[2016.05.27-02.03.56:034][586]LogActorComponent: UnregisterComponent: (/Engine/Transient.CharMoveComp) Not registered. Aborting.
[2016.05.27-02.03.56:034][586]LogActorComponent: UnregisterComponent: (/Engine/Transient.CharacterMovementComponent_0) Not registered. Aborting.
[2016.05.27-02.03.56:097][586]Cmd: MAP LOAD FILE="D:/Git/RiggingShooter/GameJamRigging/Content/Maps/Level1.umap" TEMPLATE=0 SHOWPROGRESS=1 FEATURELEVEL=3
[2016.05.27-02.03.56:097][586]LightingResults: New page: Lighting Build
[2016.05.27-02.03.56:125][586]LoadErrors: New page: Loading map: Level1.umap
[2016.05.27-02.03.56:126][586]MapCheck: New page: Map Check
[2016.05.27-02.03.56:126][586]LightingResults: New page: Lighting Build
[2016.05.27-02.03.56:200][586]LogEditorServer: Finished looking for orphan Actors (0.000 secs)
[2016.05.27-02.03.56:236][586]Cmd: MAP CHECKDEP NOCLEARLOG
[2016.05.27-02.03.56:282][586]MapCheck: Info Map check complete: 0 Error(s), 0 Warning(s), took 45.475ms to complete.
[2016.05.27-02.03.56:282][586]LogFileHelpers: Loading map 'Level1' took 0.187
[2016.05.27-02.04.20:976][242]Cmd: TRANSACTION UNDO
[2016.05.27-02.04.20:976][242]LogEditorTransaction: Undo Move Actors
[2016.05.27-02.04.20:990][242]LogActorComponent: ~FComponentReregisterContext: (/Game/Maps/Level1.Level1:PersistentLevel.BoxBrush28.BrushComponent0) Component already registered.
[2016.05.27-02.04.20:990][242]LogActorComponent: ~FComponentReregisterContext: (/Game/Maps/Level1.Level1:PersistentLevel.BoxBrush19_79.BrushComponent0) Component already registered.
[2016.05.27-02.04.20:995][242]LogActorComponent: ~FComponentReregisterContext: (/Game/Maps/Level1.Level1:PersistentLevel.BoxBrush44.BrushComponent0) Component already registered.
[2016.05.27-02.04.21:395][256]Cmd: TRANSACTION UNDO
[2016.05.27-02.04.21:395][256]LogEditorTransaction: Undo Move Actors
[2016.05.27-02.04.21:411][256]LogActorComponent: ~FComponentReregisterContext: (/Game/Maps/Level1.Level1:PersistentLevel.BoxBrush20_73.BrushComponent0) Component already registered.
[2016.05.27-02.04.21:419][256]LogActorComponent: ~FComponentReregisterContext: (/Game/Maps/Level1.Level1:PersistentLevel.BoxBrush44.BrushComponent0) Component already registered.
[2016.05.27-02.04.52:231][542]Cmd: TRANSACTION UNDO
[2016.05.27-02.04.52:231][542]LogEditorTransaction: Undo Select Brush Surface
[2016.05.27-02.04.54:223][717]Cmd: DELETE
[2016.05.27-02.04.54:223][717]Cmd: ACTOR DELETE
[2016.05.27-02.04.54:224][717]LogEditorActor: Deleted Actor: Brush
[2016.05.27-02.04.54:224][717]LogActorComponent: UnregisterComponent: (/Engine/Transient.CharMoveComp) Not registered. Aborting.
[2016.05.27-02.04.54:224][717]LogActorComponent: UnregisterComponent: (/Engine/Transient.CharacterMovementComponent_1) Not registered. Aborting.
[2016.05.27-02.04.54:258][717]LogEditorActor: Deleted 1 Actors (0.035 secs)
[2016.05.27-02.05.17:982][337]LogEditorViewport: Clicking on Actor (LMB): Enemy_Basic_C (Enemy_Basic7)
[2016.05.27-02.05.24:631][867]LogEditorViewport: Clicking on Actor (LMB): Prop_Destructible_C (Prop_Destructible19)
[2016.05.27-02.05.28:003][234]LogEditorViewport: Clicking on Actor (LMB): Enemy_Basic_C (Enemy_Basic9)
[2016.05.27-02.05.32:527][637]Cmd: DELETE
[2016.05.27-02.05.32:527][637]Cmd: ACTOR DELETE
[2016.05.27-02.05.32:528][637]LogEditorActor: Deleted Actor: Enemy_Basic_C
[2016.05.27-02.05.32:538][637]LogEditorActor: Deleted 1 Actors (0.011 secs)
[2016.05.27-02.05.33:139][708]LogEditorViewport: Clicking on Actor (LMB): Prop_Destructible_C (Prop_Destructible20)
[2016.05.27-02.05.36:113][ 56]Cmd: DELETE
[2016.05.27-02.05.36:113][ 56]Cmd: ACTOR DELETE
[2016.05.27-02.05.36:114][ 56]LogEditorActor: Deleted Actor: Prop_Destructible_C
[2016.05.27-02.05.36:124][ 56]LogEditorActor: Deleted 1 Actors (0.011 secs)
[2016.05.27-02.05.58:734][667]Cmd: DELETE
[2016.05.27-02.05.58:734][667]Cmd: ACTOR DELETE
[2016.05.27-02.05.58:735][667]LogEditorActor: Deleted Actor: Brush
[2016.05.27-02.05.58:735][667]LogActorComponent: UnregisterComponent: (/Engine/Transient.CharMoveComp) Not registered. Aborting.
[2016.05.27-02.05.58:735][667]LogActorComponent: UnregisterComponent: (/Engine/Transient.CharacterMovementComponent_2) Not registered. Aborting.
[2016.05.27-02.05.58:772][667]LogEditorActor: Deleted 1 Actors (0.038 secs)
[2016.05.27-02.05.59:167][703]Cmd: DELETE
[2016.05.27-02.05.59:167][703]Cmd: ACTOR DELETE
[2016.05.27-02.05.59:168][703]LogEditorActor: Deleted Actor: Brush
[2016.05.27-02.05.59:206][703]LogEditorActor: Deleted 1 Actors (0.038 secs)
[2016.05.27-02.05.59:701][754]Cmd: DELETE
[2016.05.27-02.05.59:701][754]Cmd: ACTOR DELETE
[2016.05.27-02.05.59:702][754]LogEditorActor: Deleted Actor: Brush
[2016.05.27-02.05.59:738][754]LogEditorActor: Deleted 1 Actors (0.037 secs)
[2016.05.27-02.06.00:155][797]Cmd: DELETE
[2016.05.27-02.06.00:155][797]Cmd: ACTOR DELETE
[2016.05.27-02.06.00:156][797]LogEditorActor: Deleted Actor: Brush
[2016.05.27-02.06.00:192][797]LogEditorActor: Deleted 1 Actors (0.037 secs)
[2016.05.27-02.06.17:865][712]Cmd: TRANSACTION UNDO
[2016.05.27-02.06.17:865][712]LogEditorTransaction: Undo Move Actors
[2016.05.27-02.06.17:880][712]LogActorComponent: ~FComponentReregisterContext: (/Game/Maps/Level1.Level1:PersistentLevel.BoxBrush23.BrushComponent0) Component already registered.
[2016.05.27-02.06.17:881][712]LogActorComponent: ~FComponentReregisterContext: (/Game/Maps/Level1.Level1:PersistentLevel.BoxBrush7.BrushComponent0) Component already registered.
[2016.05.27-02.06.17:883][712]LogActorComponent: ~FComponentReregisterContext: (/Game/Maps/Level1.Level1:PersistentLevel.BoxBrush11_57.BrushComponent0) Component already registered.
[2016.05.27-02.06.17:883][712]LogActorComponent: ~FComponentReregisterContext: (/Game/Maps/Level1.Level1:PersistentLevel.BoxBrush9_55.BrushComponent0) Component already registered.
[2016.05.27-02.06.17:884][712]LogActorComponent: ~FComponentReregisterContext: (/Game/Maps/Level1.Level1:PersistentLevel.BoxBrush48_120.BrushComponent0) Component already registered.
[2016.05.27-02.06.17:884][712]LogActorComponent: ~FComponentReregisterContext: (/Game/Maps/Level1.Level1:PersistentLevel.BoxBrush52.BrushComponent0) Component already registered.
[2016.05.27-02.06.17:885][712]LogActorComponent: ~FComponentReregisterContext: (/Game/Maps/Level1.Level1:PersistentLevel.BoxBrush38_100.BrushComponent0) Component already registered.
[2016.05.27-02.06.18:224][735]LogEditorViewport: Clicking Background
[2016.05.27-02.07.06:431][ 66]LogEditorViewport: Clicking Background
[2016.05.27-02.08.11:971][285]Cmd: TRANSACTION UNDO
[2016.05.27-02.08.11:971][285]LogEditorTransaction: Undo Move Actors
[2016.05.27-02.08.11:987][285]LogActorComponent: ~FComponentReregisterContext: (/Game/Maps/Level1.Level1:PersistentLevel.BoxBrush26.BrushComponent0) Component already registered.
[2016.05.27-02.08.11:987][285]LogActorComponent: ~FComponentReregisterContext: (/Game/Maps/Level1.Level1:PersistentLevel.BoxBrush17_67.BrushComponent0) Component already registered.
[2016.05.27-02.08.11:988][285]LogActorComponent: ~FComponentReregisterContext: (/Game/Maps/Level1.Level1:PersistentLevel.BoxBrush16.BrushComponent0) Component already registered.
[2016.05.27-02.08.11:989][285]LogActorComponent: ~FComponentReregisterContext: (/Game/Maps/Level1.Level1:PersistentLevel.BoxBrush10.BrushComponent0) Component already registered.
[2016.05.27-02.08.11:991][285]LogActorComponent: ~FComponentReregisterContext: (/Game/Maps/Level1.Level1:PersistentLevel.BoxBrush11_57.BrushComponent0) Component already registered.
[2016.05.27-02.08.11:992][285]LogActorComponent: ~FComponentReregisterContext: (/Game/Maps/Level1.Level1:PersistentLevel.BoxBrush66.BrushComponent0) Component already registered.
[2016.05.27-02.08.11:993][285]LogActorComponent: ~FComponentReregisterContext: (/Game/Maps/Level1.Level1:PersistentLevel.BoxBrush57.BrushComponent0) Component already registered.
[2016.05.27-02.08.11:993][285]LogActorComponent: ~FComponentReregisterContext: (/Game/Maps/Level1.Level1:PersistentLevel.BoxBrush42.BrushComponent0) Component already registered.
[2016.05.27-02.08.11:995][285]LogActorComponent: ~FComponentReregisterContext: (/Game/Maps/Level1.Level1:PersistentLevel.BoxBrush46.BrushComponent0) Component already registered.
[2016.05.27-02.08.12:763][333]Cmd: TRANSACTION UNDO
[2016.05.27-02.08.12:763][333]LogEditorTransaction: Undo Move Actors
[2016.05.27-02.08.12:780][333]LogActorComponent: ~FComponentReregisterContext: (/Game/Maps/Level1.Level1:PersistentLevel.BoxBrush26.BrushComponent0) Component already registered.
[2016.05.27-02.08.12:780][333]LogActorComponent: ~FComponentReregisterContext: (/Game/Maps/Level1.Level1:PersistentLevel.BoxBrush17_67.BrushComponent0) Component already registered.
[2016.05.27-02.08.12:781][333]LogActorComponent: ~FComponentReregisterContext: (/Game/Maps/Level1.Level1:PersistentLevel.BoxBrush16.BrushComponent0) Component already registered.
[2016.05.27-02.08.12:781][333]LogActorComponent: ~FComponentReregisterContext: (/Game/Maps/Level1.Level1:PersistentLevel.BoxBrush10.BrushComponent0) Component already registered.
[2016.05.27-02.08.12:783][333]LogActorComponent: ~FComponentReregisterContext: (/Game/Maps/Level1.Level1:PersistentLevel.BoxBrush11_57.BrushComponent0) Component already registered.
[2016.05.27-02.08.12:784][333]LogActorComponent: ~FComponentReregisterContext: (/Game/Maps/Level1.Level1:PersistentLevel.BoxBrush66.BrushComponent0) Component already registered.
[2016.05.27-02.08.12:785][333]LogActorComponent: ~FComponentReregisterContext: (/Game/Maps/Level1.Level1:PersistentLevel.BoxBrush57.BrushComponent0) Component already registered.
[2016.05.27-02.08.12:786][333]LogActorComponent: ~FComponentReregisterContext: (/Game/Maps/Level1.Level1:PersistentLevel.BoxBrush42.BrushComponent0) Component already registered.
[2016.05.27-02.08.12:787][333]LogActorComponent: ~FComponentReregisterContext: (/Game/Maps/Level1.Level1:PersistentLevel.BoxBrush46.BrushComponent0) Component already registered.
[2016.05.27-02.08.21:402][255]Cmd: DELETE
[2016.05.27-02.08.21:402][255]Cmd: ACTOR DELETE
[2016.05.27-02.08.21:403][255]LogEditorActor: Deleted Actor: Brush
[2016.05.27-02.08.21:446][255]LogEditorActor: Deleted 1 Actors (0.044 secs)
[2016.05.27-02.08.21:932][305]Cmd: DELETE
[2016.05.27-02.08.21:932][305]Cmd: ACTOR DELETE
[2016.05.27-02.08.21:933][305]LogEditorActor: Deleted Actor: Brush
[2016.05.27-02.08.21:975][305]LogEditorActor: Deleted 1 Actors (0.043 secs)
[2016.05.27-02.08.22:555][366]Cmd: DELETE
[2016.05.27-02.08.22:555][366]Cmd: ACTOR DELETE
[2016.05.27-02.08.22:556][366]LogEditorActor: Deleted Actor: Brush
[2016.05.27-02.08.22:599][366]LogEditorActor: Deleted 1 Actors (0.043 secs)
[2016.05.27-02.08.35:767][862]Cmd: TRANSACTION UNDO
[2016.05.27-02.08.35:767][862]LogEditorTransaction: Undo Select Surfaces
[2016.05.27-02.09.25:409][628]Cmd: TRANSACTION UNDO
[2016.05.27-02.09.25:409][628]LogEditorTransaction: Undo Create Actors
[2016.05.27-02.10.24:854][856]Cmd: DELETE
[2016.05.27-02.10.24:854][856]Cmd: ACTOR DELETE
[2016.05.27-02.10.24:855][856]LogEditorActor: Deleted Actor: Brush
[2016.05.27-02.10.24:855][856]LogActorComponent: UnregisterComponent: (/Engine/Transient.CharMoveComp) Not registered. Aborting.
[2016.05.27-02.10.24:855][856]LogActorComponent: UnregisterComponent: (/Engine/Transient.CharacterMovementComponent_3) Not registered. Aborting.
[2016.05.27-02.10.24:902][856]LogEditorActor: Deleted 1 Actors (0.048 secs)
[2016.05.27-02.10.25:897][972]Cmd: TRANSACTION UNDO
[2016.05.27-02.10.25:897][972]LogEditorTransaction: Undo Delete Actors
[2016.05.27-02.10.25:913][972]LogActorComponent: ~FComponentReregisterContext: (/Game/Maps/Level1.Level1:PersistentLevel.BoxBrush23.BrushComponent0) Component already registered.
[2016.05.27-02.10.25:913][972]LogActorComponent: ~FComponentReregisterContext: (/Game/Maps/Level1.Level1:PersistentLevel.BoxBrush18_69.BrushComponent0) Component already registered.
[2016.05.27-02.10.25:914][972]LogActorComponent: ~FComponentReregisterContext: (/Game/Maps/Level1.Level1:PersistentLevel.BoxBrush32.BrushComponent0) Component already registered.
[2016.05.27-02.10.25:914][972]LogActorComponent: ~FComponentReregisterContext: (/Game/Maps/Level1.Level1:PersistentLevel.BoxBrush28.BrushComponent0) Component already registered.
[2016.05.27-02.10.25:915][972]LogActorComponent: ~FComponentReregisterContext: (/Game/Maps/Level1.Level1:PersistentLevel.BoxBrush34.BrushComponent0) Component already registered.
[2016.05.27-02.10.25:917][972]LogActorComponent: ~FComponentReregisterContext: (/Game/Maps/Level1.Level1:PersistentLevel.BoxBrush11_57.BrushComponent0) Component already registered.
[2016.05.27-02.10.25:918][972]LogActorComponent: ~FComponentReregisterContext: (/Game/Maps/Level1.Level1:PersistentLevel.BoxBrush35.BrushComponent0) Component already registered.
[2016.05.27-02.10.25:919][972]LogActorComponent: ~FComponentReregisterContext: (/Game/Maps/Level1.Level1:PersistentLevel.BoxBrush57.BrushComponent0) Component already registered.
[2016.05.27-02.10.25:920][972]LogActorComponent: ~FComponentReregisterContext: (/Game/Maps/Level1.Level1:PersistentLevel.BoxBrush75.BrushComponent0) Component already registered.
[2016.05.27-02.10.25:920][972]LogActorComponent: ~FComponentReregisterContext: (/Game/Maps/Level1.Level1:PersistentLevel.BoxBrush69.BrushComponent0) Component already registered.
[2016.05.27-02.10.25:921][972]LogActorComponent: ~FComponentReregisterContext: (/Game/Maps/Level1.Level1:PersistentLevel.BoxBrush38_100.BrushComponent0) Component already registered.
[2016.05.27-02.10.25:921][972]LogActorComponent: ~FComponentReregisterContext: (/Game/Maps/Level1.Level1:PersistentLevel.BoxBrush49_122.BrushComponent0) Component already registered.
[2016.05.27-02.10.32:816][697]LogEditorViewport: Clicking on Actor (LMB): Enemy_Turret_C (Enemy_Turret2)
[2016.05.27-02.10.39:148][318]LogEditorViewport: Clicking on Actor (LMB): Enemy_Turret_C (Enemy_Turret)
[2016.05.27-02.10.40:137][418]Cmd: DELETE
[2016.05.27-02.10.40:137][418]Cmd: ACTOR DELETE
[2016.05.27-02.10.40:138][418]LogEditorActor: Deleted Actor: Enemy_Turret_C
[2016.05.27-02.10.40:154][418]LogEditorActor: Deleted 1 Actors (0.016 secs)
[2016.05.27-02.10.45:779][ 83]LogActorFactory: Actor Factory created Cylinder
[2016.05.27-02.10.46:490][167]LogActorFactory: Actor Factory created Cylinder
[2016.05.27-02.10.54:120][939]Cmd: DELETE
[2016.05.27-02.10.54:120][939]Cmd: ACTOR DELETE
[2016.05.27-02.10.54:121][939]LogEditorActor: Deleted Actor: StaticMeshActor
[2016.05.27-02.10.54:122][939]LogActorComponent: UnregisterComponent: (/Engine/Transient.CharMoveComp) Not registered. Aborting.
[2016.05.27-02.10.54:122][939]LogActorComponent: UnregisterComponent: (/Engine/Transient.CharacterMovementComponent_4) Not registered. Aborting.
[2016.05.27-02.10.54:135][939]LogEditorActor: Deleted 1 Actors (0.015 secs)
[2016.05.27-02.10.59:262][547]Cmd: BRUSH ADD SELECTNEWBRUSH
[2016.05.27-02.11.19:857][963]Cmd: MAP SETBRUSH CLEARFLAGS=40 SETFLAGS=32
[2016.05.27-02.11.21:469][148]Cmd: MAP SETBRUSH CLEARFLAGS=40 SETFLAGS=0
[2016.05.27-02.11.36:845][923]Cmd: BRUSH ADD SELECTNEWBRUSH
[2016.05.27-02.12.15:408][262]Cmd: TRANSACTION UNDO
[2016.05.27-02.12.15:408][262]LogEditorTransaction: Undo Move Actors
[2016.05.27-02.12.15:425][262]LogActorComponent: ~FComponentReregisterContext: (/Game/Maps/Level1.Level1:PersistentLevel.BoxBrush25.BrushComponent0) Component already registered.
[2016.05.27-02.12.15:426][262]LogActorComponent: ~FComponentReregisterContext: (/Game/Maps/Level1.Level1:PersistentLevel.BoxBrush20_73.BrushComponent0) Component already registered.
[2016.05.27-02.12.15:429][262]LogActorComponent: ~FComponentReregisterContext: (/Game/Maps/Level1.Level1:PersistentLevel.BoxBrush13_59.BrushComponent0) Component already registered.
[2016.05.27-02.12.15:430][262]LogActorComponent: ~FComponentReregisterContext: (/Game/Maps/Level1.Level1:PersistentLevel.BoxBrush4_49.BrushComponent0) Component already registered.
[2016.05.27-02.12.15:432][262]LogActorComponent: ~FComponentReregisterContext: (/Game/Maps/Level1.Level1:PersistentLevel.BoxBrush46.BrushComponent0) Component already registered.
[2016.05.27-02.12.15:433][262]LogActorComponent: ~FComponentReregisterContext: (/Game/Maps/Level1.Level1:PersistentLevel.BoxBrush41.BrushComponent0) Component already registered.
[2016.05.27-02.12.15:433][262]LogActorComponent: ~FComponentReregisterContext: (/Game/Maps/Level1.Level1:PersistentLevel.BoxBrush48_120.BrushComponent0) Component already registered.
[2016.05.27-02.12.16:462][349]Cmd: TRANSACTION UNDO
[2016.05.27-02.12.16:462][349]LogEditorTransaction: Undo Move Actors
[2016.05.27-02.12.16:480][349]LogActorComponent: ~FComponentReregisterContext: (/Game/Maps/Level1.Level1:PersistentLevel.BoxBrush25.BrushComponent0) Component already registered.
[2016.05.27-02.12.16:480][349]LogActorComponent: ~FComponentReregisterContext: (/Game/Maps/Level1.Level1:PersistentLevel.BoxBrush20_73.BrushComponent0) Component already registered.
[2016.05.27-02.12.16:484][349]LogActorComponent: ~FComponentReregisterContext: (/Game/Maps/Level1.Level1:PersistentLevel.BoxBrush13_59.BrushComponent0) Component already registered.
[2016.05.27-02.12.16:485][349]LogActorComponent: ~FComponentReregisterContext: (/Game/Maps/Level1.Level1:PersistentLevel.BoxBrush4_49.BrushComponent0) Component already registered.
[2016.05.27-02.12.16:487][349]LogActorComponent: ~FComponentReregisterContext: (/Game/Maps/Level1.Level1:PersistentLevel.BoxBrush46.BrushComponent0) Component already registered.
[2016.05.27-02.12.16:487][349]LogActorComponent: ~FComponentReregisterContext: (/Game/Maps/Level1.Level1:PersistentLevel.BoxBrush41.BrushComponent0) Component already registered.
[2016.05.27-02.12.16:488][349]LogActorComponent: ~FComponentReregisterContext: (/Game/Maps/Level1.Level1:PersistentLevel.BoxBrush48_120.BrushComponent0) Component already registered.
[2016.05.27-02.12.17:424][456]Cmd: DELETE
[2016.05.27-02.12.17:424][456]Cmd: ACTOR DELETE
[2016.05.27-02.12.17:425][456]LogEditorActor: Deleted Actor: Brush
[2016.05.27-02.12.17:467][456]LogEditorActor: Deleted 1 Actors (0.043 secs)
[2016.05.27-02.13.58:854][ 85]Cmd: OBJ SAVEPACKAGE PACKAGE="/Game/Maps/Level1" FILE="D:/Git/RiggingShooter/GameJamRigging/Saved/Autosaves/Game/Maps/Level1_Auto1.umap" SILENT=true AUTOSAVING=true KEEPDIRTY=false
[2016.05.27-02.13.59:223][ 85]LogSavePackage: Save=353.80ms
[2016.05.27-02.13.59:223][ 85]LogSavePackage: Moving 'D:/Git/RiggingShooter/GameJamRigging/Saved/Level1_Auto138370D48491AA53390E789BC2721CACE.tmp' to 'D:/Git/RiggingShooter/GameJamRigging/Saved/Autosaves/Game/Maps/Level1_Auto1.umap'
[2016.05.27-02.13.59:245][ 85]LogSavePackage: Total save time: 389.93ms
[2016.05.27-02.13.59:245][ 85]LogSavePackage:Display: Finished SavePackage D:/Git/RiggingShooter/GameJamRigging/Saved/Autosaves/Game/Maps/Level1_Auto1.umap
[2016.05.27-02.13.59:246][ 85]LogFileHelpers: Editor autosave (incl. sublevels) for '/Game/Maps/Level1' took 0.414
[2016.05.27-02.13.59:246][ 85]LogFileHelpers: Editor autosave (incl. sublevels) for all levels took 0.414
[2016.05.27-02.14.19:582][286]LogEditorViewport: Clicking on Actor (LMB): Enemy_Turret_C (Enemy_Turret2)
[2016.05.27-02.14.26:882][ 94]LogPlayLevel: PlayLevel: No blueprints needed recompiling
[2016.05.27-02.14.26:882][ 94]PIE: New page: PIE session: Level1 (May 26, 2016, 11:14:26 AM)
[2016.05.27-02.14.26:882][ 94]LogPlayLevel: Creating play world package: /Game/Maps/UEDPIE_0_Level1
[2016.05.27-02.14.26:904][ 94]LogPlayLevel: PIE: StaticDuplicateObject took: (0.021685s)
[2016.05.27-02.14.26:904][ 94]LogAIModule: Creating AISystem for world Level1
[2016.05.27-02.14.26:904][ 94]LogPlayLevel: PIE: World Init took: (0.000616s)
[2016.05.27-02.14.26:905][ 94]LogPlayLevel: PIE: Created PIE world by copying editor world from /Game/Maps/Level1.Level1 to /Game/Maps/UEDPIE_0_Level1.Level1 (0.022521s)
[2016.05.27-02.14.26:932][ 94]LogInit: XAudio2 using 'Speakers (Realtek High Definition Audio)' : 2 channels at 48 kHz using 32 bits per sample (channel mask 0x3)
[2016.05.27-02.14.26:941][ 94]LogInit: FAudioDevice initialized.
[2016.05.27-02.14.27:002][ 94]LogWorld: Game class is 'ShooterGameMode_C'
[2016.05.27-02.14.27:017][ 94]LogWorld: Bringing World /Game/Maps/UEDPIE_0_Level1.Level1 up for play (max tick rate 0) at 2016.05.26-19.14.27
[2016.05.27-02.14.27:021][ 94]LogWorld: Bringing up level for play took: 0.017599
[2016.05.27-02.14.27:024][ 94]LogContentBrowser: Native class hierarchy updated for 'MovieSceneCapture' in 0.0004 seconds. Added 9 classes and 0 folders.
[2016.05.27-02.14.27:035][ 94]PIE: Info Play in editor start time for /Game/Maps/UEDPIE_0_Level1 0.854
[2016.05.27-02.14.39:104][342]LogSkeletalMesh: InitArticulated: Bodies already created (/Engine/Transient.DebugSkelMeshComponent_0) - call TermArticulated first.
[2016.05.27-02.14.39:184][343]LogRenderer: Reallocating scene render targets to support 1596x1240 (Frame:94223).
[2016.05.27-02.14.41:975][657]LogActorComponent: UnregisterComponent: (/Engine/Transient.CharMoveComp) Not registered. Aborting.
[2016.05.27-02.14.41:975][657]LogActorComponent: UnregisterComponent: (/Engine/Transient.CharacterMovementComponent_5) Not registered. Aborting.
[2016.05.27-02.14.41:975][657]LogActorComponent: UnregisterComponent: (/Engine/Transient.ProjectileMovementComponent_40__A6522401) Not registered. Aborting.
[2016.05.27-02.14.44:411][657]Cmd: OBJ SAVEPACKAGE PACKAGE="/Game/Maps/Level1" FILE="D:/Git/RiggingShooter/GameJamRigging/Content/Maps/Level1.umap" SILENT=true AUTOSAVING=false KEEPDIRTY=false
[2016.05.27-02.14.44:803][657]LogSavePackage: Save=358.67ms
[2016.05.27-02.14.44:803][657]LogSavePackage: Moving 'D:/Git/RiggingShooter/GameJamRigging/Saved/Level10DA82D3A47979DCD6946CA85882C392D.tmp' to 'D:/Git/RiggingShooter/GameJamRigging/Content/Maps/Level1.umap'
[2016.05.27-02.14.44:804][657]LogSavePackage: Total save time: 373.71ms
[2016.05.27-02.14.44:804][657]LogSavePackage:Display: Finished SavePackage D:/Git/RiggingShooter/GameJamRigging/Content/Maps/Level1.umap
[2016.05.27-02.14.44:851][657]LogFileHelpers: Saving map 'Level1' took 0.489
[2016.05.27-02.14.45:161][658]Cmd: QUIT_EDITOR
[2016.05.27-02.14.45:313][658]LogWindowsTextInputMethodSystem:Display: IME system now deactivated.
[2016.05.27-02.14.45:349][658]LogExit: Preparing to exit.
[2016.05.27-02.14.46:189][658]LogExit: Editor shut down
[2016.05.27-02.14.46:189][658]LogExit: Transaction tracking system shut down
[2016.05.27-02.14.46:317][658]LogObj: Freed 0b from 0 cluster array pools.
[2016.05.27-02.14.46:318][658]LogExit: Object subsystem successfully closed.
[2016.05.27-02.14.46:340][658]LogD3D11RHI: Shutdown
[2016.05.27-02.14.46:340][658]LogD3D11RHI: CleanupD3DDevice
[2016.05.27-02.14.46:405][658]LogD3D11RHI: ~FD3D11DynamicRHI
[2016.05.27-02.14.46:488][658]LogDerivedDataCache: Shutdown
[2016.05.27-02.14.46:488][658]LogModuleManager: Shutting down and abandoning module MovieSceneCapture (206)
[2016.05.27-02.14.46:488][658]LogModuleManager: Shutting down and abandoning module HierarchicalLODOutliner (205)
[2016.05.27-02.14.46:488][658]LogModuleManager: Shutting down and abandoning module CrashTracker (204)
[2016.05.27-02.14.46:488][658]LogModuleManager: Shutting down and abandoning module SceneOutliner (203)
[2016.05.27-02.14.46:488][658]LogModuleManager: Shutting down and abandoning module WorldBrowser (202)
[2016.05.27-02.14.46:489][658]LogModuleManager: Shutting down and abandoning module SuperSearch (201)
[2016.05.27-02.14.46:489][658]LogModuleManager: Shutting down and abandoning module WidgetCarousel (200)
[2016.05.27-02.14.46:489][658]LogModuleManager: Shutting down and abandoning module AddContentDialog (199)
[2016.05.27-02.14.46:489][658]LogModuleManager: Shutting down and abandoning module GameplayTags (198)
[2016.05.27-02.14.46:489][658]LogModuleManager: Shutting down and abandoning module EditorWidgets (197)
[2016.05.27-02.14.46:489][658]LogModuleManager: Shutting down and abandoning module CollectionManager (196)
[2016.05.27-02.14.46:490][658]LogModuleManager: Shutting down and abandoning module StatsViewer (195)
[2016.05.27-02.14.46:490][658]LogModuleManager: Shutting down and abandoning module FoliageEdit (194)
[2016.05.27-02.14.46:490][658]LogModuleManager: Shutting down and abandoning module LandscapeEditor (193)
[2016.05.27-02.14.46:490][658]LogModuleManager: Shutting down and abandoning module ActorPickerMode (192)
[2016.05.27-02.14.46:490][658]LogModuleManager: Shutting down and abandoning module GeometryMode (191)
[2016.05.27-02.14.46:490][658]LogModuleManager: Shutting down and abandoning module TextureAlignMode (190)
[2016.05.27-02.14.46:490][658]LogModuleManager: Shutting down and abandoning module BspMode (189)
[2016.05.27-02.14.46:490][658]LogModuleManager: Shutting down and abandoning module PlacementMode (188)
[2016.05.27-02.14.46:490][658]LogModuleManager: Shutting down and abandoning module AutomationWorker (187)
[2016.05.27-02.14.46:490][658]LogModuleManager: Shutting down and abandoning module CharacterAI (186)
[2016.05.27-02.14.46:490][658]LogModuleManager: Shutting down and abandoning module SmartSnapping (185)
[2016.05.27-02.14.46:490][658]LogModuleManager: Shutting down and abandoning module ViewportSnapping (184)
[2016.05.27-02.14.46:490][658]LogModuleManager: Shutting down and abandoning module LogVisualizer (183)
[2016.05.27-02.14.46:490][658]LogModuleManager: Shutting down and abandoning module GameProjectGeneration (182)
[2016.05.27-02.14.46:490][658]LogModuleManager: Shutting down and abandoning module IntroTutorials (181)
[2016.05.27-02.14.46:490][658]LogModuleManager: Shutting down and abandoning module EditorLiveStreaming (180)
[2016.05.27-02.14.46:490][658]LogModuleManager: Shutting down and abandoning module IOSPlatformEditor (179)
[2016.05.27-02.14.46:490][658]LogModuleManager: Shutting down and abandoning module HTML5PlatformEditor (178)
[2016.05.27-02.14.46:490][658]LogModuleManager: Shutting down and abandoning module AndroidDeviceDetection (177)
[2016.05.27-02.14.46:746][658]LogModuleManager: Shutting down and abandoning module AndroidPlatformEditor (176)
[2016.05.27-02.14.46:746][658]LogModuleManager: Shutting down and abandoning module IOSRuntimeSettings (175)
[2016.05.27-02.14.46:746][658]LogModuleManager: Shutting down and abandoning module AndroidRuntimeSettings (174)
[2016.05.27-02.14.46:746][658]LogModuleManager: Shutting down and abandoning module MergeActors (173)
[2016.05.27-02.14.46:746][658]LogModuleManager: Shutting down and abandoning module SizeMap (172)
[2016.05.27-02.14.46:746][658]LogModuleManager: Shutting down and abandoning module TreeMap (171)
[2016.05.27-02.14.46:746][658]LogModuleManager: Shutting down and abandoning module ReferenceViewer (170)
[2016.05.27-02.14.46:746][658]LogModuleManager: Shutting down and abandoning module LocalizationService (169)
[2016.05.27-02.14.46:746][658]LogModuleManager: Shutting down and abandoning module LocalizationDashboard (168)
[2016.05.27-02.14.46:746][658]LogModuleManager: Shutting down and abandoning module HardwareTargeting (167)
[2016.05.27-02.14.46:746][658]LogModuleManager: Shutting down and abandoning module DeviceProfileEditor (166)
[2016.05.27-02.14.46:746][658]LogModuleManager: Shutting down and abandoning module UndoHistory (165)
[2016.05.27-02.14.46:746][658]LogModuleManager: Shutting down and abandoning module UserFeedback (164)
[2016.05.27-02.14.46:746][658]LogModuleManager: Shutting down and abandoning module XmlParser (163)
[2016.05.27-02.14.46:746][658]LogModuleManager: Shutting down and abandoning module Blutility (162)
[2016.05.27-02.14.46:746][658]LogModuleManager: Shutting down and abandoning module ProjectTargetPlatformEditor (161)
[2016.05.27-02.14.46:747][658]LogModuleManager: Shutting down and abandoning module ProjectSettingsViewer (160)
[2016.05.27-02.14.46:747][658]LogModuleManager: Shutting down and abandoning module InputBindingEditor (159)
[2016.05.27-02.14.46:747][658]LogModuleManager: Shutting down and abandoning module EditorSettingsViewer (158)
[2016.05.27-02.14.46:747][658]LogModuleManager: Shutting down and abandoning module SettingsEditor (157)
[2016.05.27-02.14.46:747][658]LogModuleManager: Shutting down and abandoning module ProjectLauncher (156)
[2016.05.27-02.14.46:747][658]LogModuleManager: Shutting down and abandoning module SessionFrontend (155)
[2016.05.27-02.14.46:747][658]LogModuleManager: Shutting down and abandoning module ProfilerClient (154)
[2016.05.27-02.14.46:747][658]LogModuleManager: Shutting down and abandoning module TargetDeviceServices (153)
[2016.05.27-02.14.46:747][658]LogModuleManager: Shutting down and abandoning module DeviceManager (152)
[2016.05.27-02.14.46:778][658]LogModuleManager: Shutting down and abandoning module AutomationController (151)
[2016.05.27-02.14.46:778][658]LogModuleManager: Shutting down and abandoning module AutomationWindow (150)
[2016.05.27-02.14.46:778][658]LogModuleManager: Shutting down and abandoning module Layers (149)
[2016.05.27-02.14.46:778][658]LogModuleManager: Shutting down and abandoning module ComponentVisualizers (148)
[2016.05.27-02.14.46:778][658]LogModuleManager: Shutting down and abandoning module DetailCustomizations (147)
[2016.05.27-02.14.46:778][658]LogModuleManager: Shutting down and abandoning module PackagesDialog (146)
[2016.05.27-02.14.46:778][658]LogModuleManager: Shutting down and abandoning module Persona (145)
[2016.05.27-02.14.46:778][658]LogModuleManager: Shutting down and abandoning module Kismet (144)
[2016.05.27-02.14.46:778][658]LogModuleManager: Shutting down and abandoning module GraphEditor (143)
[2016.05.27-02.14.46:778][658]LogModuleManager: Shutting down and abandoning module ClassViewer (142)
[2016.05.27-02.14.46:779][658]LogModuleManager: Shutting down and abandoning module Toolbox (141)
[2016.05.27-02.14.46:779][658]LogModuleManager: Shutting down and abandoning module ModuleUI (140)
[2016.05.27-02.14.46:779][658]LogModuleManager: Shutting down and abandoning module MovieSceneTools (139)
[2016.05.27-02.14.46:779][658]LogModuleManager: Shutting down and abandoning module OutputLog (138)
[2016.05.27-02.14.46:779][658]LogModuleManager: Shutting down and abandoning module GammaUI (137)
[2016.05.27-02.14.46:779][658]LogModuleManager: Shutting down and abandoning module Documentation (136)
[2016.05.27-02.14.46:779][658]LogModuleManager: Shutting down and abandoning module StreamingPauseRendering (135)
[2016.05.27-02.14.46:779][658]LogModuleManager: Shutting down and abandoning module AnalyticsET (134)
[2016.05.27-02.14.46:779][658]LogModuleManager: Shutting down and abandoning module Analytics (133)
[2016.05.27-02.14.46:779][658]LogModuleManager: Shutting down and abandoning module PortalServices (132)
[2016.05.27-02.14.46:779][658]LogModuleManager: Shutting down and abandoning module PortalRpc (131)
[2016.05.27-02.14.46:779][658]LogModuleManager: Shutting down and abandoning module MessagingRpc (130)
[2016.05.27-02.14.46:779][658]LogModuleManager: Shutting down and abandoning module AITestSuite (129)
[2016.05.27-02.14.46:780][658]LogModuleManager: Shutting down and abandoning module GameplayDebugger (128)
[2016.05.27-02.14.46:780][658]LogModuleManager: Shutting down and abandoning module AIModule (127)
[2016.05.27-02.14.46:780][658]LogModuleManager: Shutting down and abandoning module ProfilerService (126)
[2016.05.27-02.14.46:790][658]LogModuleManager: Shutting down and abandoning module TaskGraph (125)
[2016.05.27-02.14.46:790][658]LogModuleManager: Shutting down and abandoning module SlateRemote (124)
[2016.05.27-02.14.46:790][658]LogModuleManager: Shutting down and abandoning module SteamVRController (123)
[2016.05.27-02.14.46:790][658]LogModuleManager: Shutting down and abandoning module SteamVR (122)
[2016.05.27-02.14.46:790][658]LogModuleManager: Shutting down and abandoning module ProceduralMeshComponent (121)
[2016.05.27-02.14.46:790][658]LogModuleManager: Shutting down and abandoning module OculusLibrary (120)
[2016.05.27-02.14.46:790][658]LogModuleManager: Shutting down and abandoning module OculusInput (119)
[2016.05.27-02.14.46:790][658]LogModuleManager: Shutting down and abandoning module CustomMeshComponent (118)
[2016.05.27-02.14.46:790][658]LogModuleManager: Shutting down and abandoning module CableComponent (117)
[2016.05.27-02.14.46:790][658]LogModuleManager: Shutting down and abandoning module ArchVisCharacter (116)
[2016.05.27-02.14.46:790][658]LogModuleManager: Shutting down and abandoning module MediaPlayerEditor (115)
[2016.05.27-02.14.46:790][658]LogModuleManager: Shutting down and abandoning module HTML5Networking (114)
[2016.05.27-02.14.46:790][658]LogModuleManager: Shutting down and abandoning module SpeedTreeImporter (113)
[2016.05.27-02.14.46:790][658]LogModuleManager: Shutting down and abandoning module PluginBrowser (112)
[2016.05.27-02.14.46:790][658]LogModuleManager: Shutting down and abandoning module EpicSurvey (111)
[2016.05.27-02.14.46:790][658]LogModuleManager: Shutting down and abandoning module DesktopPlatform (110)
[2016.05.27-02.14.46:790][658]LogModuleManager: Shutting down and abandoning module VisualStudioSourceCodeAccess (109)
[2016.05.27-02.14.46:790][658]LogModuleManager: Shutting down and abandoning module UObjectPlugin (108)
[2016.05.27-02.14.46:790][658]LogModuleManager: Shutting down and abandoning module SubversionSourceControl (107)
[2016.05.27-02.14.46:790][658]LogModuleManager: Shutting down and abandoning module PerforceSourceControl (106)
[2016.05.27-02.14.46:790][658]LogModuleManager: Shutting down and abandoning module SourceControl (105)
[2016.05.27-02.14.46:790][658]LogModuleManager: Shutting down and abandoning module GitSourceControl (104)
[2016.05.27-02.14.46:790][658]LogModuleManager: Shutting down and abandoning module LightPropagationVolumeEditor (103)
[2016.05.27-02.14.46:790][658]LogModuleManager: Shutting down and abandoning module PaperTiledImporter (102)
[2016.05.27-02.14.46:790][658]LogModuleManager: Shutting down and abandoning module PaperSpriteSheetImporter (101)
[2016.05.27-02.14.46:790][658]LogModuleManager: Shutting down and abandoning module MeshPaint (100)
[2016.05.27-02.14.46:790][658]LogModuleManager: Shutting down and abandoning module HotReload (99)
[2016.05.27-02.14.46:791][658]LogModuleManager: Shutting down and abandoning module MainFrame (98)
[2016.05.27-02.14.46:791][658]LogModuleManager: Shutting down and abandoning module LevelEditor (97)
[2016.05.27-02.14.46:791][658]LogModuleManager: Shutting down and abandoning module DirectoryWatcher (96)
[2016.05.27-02.14.46:792][658]LogModuleManager: Shutting down and abandoning module AssetRegistry (95)
[2016.05.27-02.14.46:990][658]LogModuleManager: Shutting down and abandoning module ContentBrowser (94)
[2016.05.27-02.14.46:990][658]LogModuleManager: Shutting down and abandoning module Paper2DEditor (93)
[2016.05.27-02.14.46:990][658]LogModuleManager: Shutting down and abandoning module UdpMessaging (92)
[2016.05.27-02.14.47:091][658]LogModuleManager: Shutting down and abandoning module LightPropagationVolumeRuntime (91)
[2016.05.27-02.14.47:091][658]LogModuleManager: Shutting down and abandoning module Paper2D (90)
[2016.05.27-02.14.47:091][658]LogModuleManager: Shutting down and abandoning module WindowsMoviePlayer (89)
[2016.05.27-02.14.47:091][658]LogModuleManager: Shutting down and abandoning module Media (88)
[2016.05.27-02.14.47:091][658]LogModuleManager: Shutting down and abandoning module WmfMedia (87)
[2016.05.27-02.14.47:091][658]LogModuleManager: Shutting down and abandoning module MediaAssets (86)
[2016.05.27-02.14.47:091][658]LogModuleManager: Shutting down and abandoning module GameLiveStreaming (85)
[2016.05.27-02.14.47:091][658]LogModuleManager: Shutting down and abandoning module GameplayTagsEditor (84)
[2016.05.27-02.14.47:091][658]LogModuleManager: Shutting down and abandoning module OnlineBlueprintSupport (83)
[2016.05.27-02.14.47:091][658]LogModuleManager: Shutting down and abandoning module GameplayTasksEditor (82)
[2016.05.27-02.14.47:091][658]LogModuleManager: Shutting down and abandoning module PropertyEditor (81)
[2016.05.27-02.14.47:091][658]LogModuleManager: Shutting down and abandoning module BehaviorTreeEditor (80)
[2016.05.27-02.14.47:091][658]LogModuleManager: Shutting down and abandoning module FunctionalTesting (79)
[2016.05.27-02.14.47:091][658]LogModuleManager: Shutting down and abandoning module CollisionAnalyzer (78)
[2016.05.27-02.14.47:091][658]LogModuleManager: Shutting down and abandoning module WorkspaceMenuStructure (77)
[2016.05.27-02.14.47:091][658]LogModuleManager: Shutting down and abandoning module MessageLog (76)
[2016.05.27-02.14.47:091][658]LogModuleManager: Shutting down and abandoning module Sequencer (75)
[2016.05.27-02.14.47:091][658]LogModuleManager: Shutting down and abandoning module AssetTools (74)
[2016.05.27-02.14.47:091][658]LogModuleManager: Shutting down and abandoning module UMGEditor (73)
[2016.05.27-02.14.47:091][658]LogModuleManager: Shutting down and abandoning module UMG (72)
[2016.05.27-02.14.47:091][658]LogModuleManager: Shutting down and abandoning module SlateReflector (71)
[2016.05.27-02.14.47:091][658]LogModuleManager: Shutting down and abandoning module Slate (70)
[2016.05.27-02.14.47:091][658]LogModuleManager: Shutting down and abandoning module EditorStyle (69)
[2016.05.27-02.14.47:094][658]LogModuleManager: Shutting down and abandoning module SessionServices (68)
[2016.05.27-02.14.47:094][658]LogModuleManager: Shutting down and abandoning module SourceCodeAccess (67)
[2016.05.27-02.14.47:094][658]LogModuleManager: Shutting down and abandoning module HeadMountedDisplay (66)
[2016.05.27-02.14.47:094][658]LogModuleManager: Shutting down and abandoning module XAudio2 (65)
[2016.05.27-02.14.47:094][658]LogModuleManager: Shutting down and abandoning module Networking (63)
[2016.05.27-02.14.47:094][658]LogModuleManager: Shutting down and abandoning module Core (62)
[2016.05.27-02.14.47:094][658]LogModuleManager: Shutting down and abandoning module KismetCompiler (61)
[2016.05.27-02.14.47:094][658]LogModuleManager: Shutting down and abandoning module PhysXFormats (60)
[2016.05.27-02.14.47:094][658]LogModuleManager: Shutting down and abandoning module MeshUtilities (59)
[2016.05.27-02.14.47:094][658]LogModuleManager: Shutting down and abandoning module CookingStats (58)
[2016.05.27-02.14.47:096][658]LogModuleManager: Shutting down and abandoning module DerivedDataCache (57)
[2016.05.27-02.14.47:096][658]LogDerivedDataCache: Shutdown
[2016.05.27-02.14.47:096][658]LogModuleManager: Shutting down and abandoning module ShaderFormatOpenGL (56)
[2016.05.27-02.14.47:096][658]LogModuleManager: Shutting down and abandoning module ShaderFormatD3D (55)
[2016.05.27-02.14.47:096][658]LogModuleManager: Shutting down and abandoning module MetalShaderFormat (54)
[2016.05.27-02.14.47:096][658]LogModuleManager: Shutting down and abandoning module TextureFormatUncompressed (53)
[2016.05.27-02.14.47:096][658]LogModuleManager: Shutting down and abandoning module TextureFormatPVR (52)
[2016.05.27-02.14.47:096][658]LogModuleManager: Shutting down and abandoning module TextureFormatIntelISPCTexComp (51)
[2016.05.27-02.14.47:096][658]LogModuleManager: Shutting down and abandoning module TextureFormatDXT (50)
[2016.05.27-02.14.47:096][658]LogModuleManager: Shutting down and abandoning module ImageWrapper (49)
[2016.05.27-02.14.47:096][658]LogModuleManager: Shutting down and abandoning module TextureFormatASTC (48)
[2016.05.27-02.14.47:096][658]LogModuleManager: Shutting down and abandoning module TextureFormatAndroid (47)
[2016.05.27-02.14.47:096][658]LogModuleManager: Shutting down and abandoning module AudioFormatOpus (46)
[2016.05.27-02.14.47:096][658]LogModuleManager: Shutting down and abandoning module AudioFormatOgg (45)
[2016.05.27-02.14.47:096][658]LogModuleManager: Shutting down and abandoning module AudioFormatADPCM (44)
[2016.05.27-02.14.47:096][658]LogModuleManager: Shutting down and abandoning module LinuxTargetPlatform (43)
[2016.05.27-02.14.47:096][658]LogModuleManager: Shutting down and abandoning module LinuxServerTargetPlatform (42)
[2016.05.27-02.14.47:096][658]LogModuleManager: Shutting down and abandoning module LinuxNoEditorTargetPlatform (41)
[2016.05.27-02.14.47:096][658]LogModuleManager: Shutting down and abandoning module TVOSTargetPlatform (40)
[2016.05.27-02.14.47:096][658]LogModuleManager: Shutting down and abandoning module Messaging (39)
[2016.05.27-02.14.47:096][658]LogModuleManager: Shutting down and abandoning module IOSTargetPlatform (38)
[2016.05.27-02.14.47:096][658]LogModuleManager: Shutting down and abandoning module HTML5TargetPlatform (37)
[2016.05.27-02.14.47:096][658]LogModuleManager: Shutting down and abandoning module Android_PVRTCTargetPlatform (36)
[2016.05.27-02.14.47:096][658]LogModuleManager: Shutting down and abandoning module Android_MultiTargetPlatform (35)
[2016.05.27-02.14.47:096][658]LogModuleManager: Shutting down and abandoning module Android_ETC2TargetPlatform (34)
[2016.05.27-02.14.47:096][658]LogModuleManager: Shutting down and abandoning module Android_ETC1TargetPlatform (33)
[2016.05.27-02.14.47:096][658]LogModuleManager: Shutting down and abandoning module Android_DXTTargetPlatform (32)
[2016.05.27-02.14.47:096][658]LogModuleManager: Shutting down and abandoning module Android_ATCTargetPlatform (31)
[2016.05.27-02.14.47:096][658]LogModuleManager: Shutting down and abandoning module Android_ASTCTargetPlatform (30)
[2016.05.27-02.14.47:096][658]LogModuleManager: Shutting down and abandoning module AndroidTargetPlatform (29)
[2016.05.27-02.14.47:096][658]LogModuleManager: Shutting down and abandoning module WindowsTargetPlatform (28)
[2016.05.27-02.14.47:096][658]LogModuleManager: Shutting down and abandoning module WindowsServerTargetPlatform (27)
[2016.05.27-02.14.47:096][658]LogModuleManager: Shutting down and abandoning module WindowsNoEditorTargetPlatform (26)
[2016.05.27-02.14.47:096][658]LogModuleManager: Shutting down and abandoning module WindowsClientTargetPlatform (25)
[2016.05.27-02.14.47:096][658]LogModuleManager: Shutting down and abandoning module AllDesktopTargetPlatform (24)
[2016.05.27-02.14.47:096][658]LogModuleManager: Shutting down and abandoning module TargetPlatform (23)
[2016.05.27-02.14.47:096][658]LogModuleManager: Shutting down and abandoning module InputCore (22)
[2016.05.27-02.14.47:096][658]LogModuleManager: Shutting down and abandoning module Settings (21)
[2016.05.27-02.14.47:096][658]LogModuleManager: Shutting down and abandoning module OnlineSubsystem (19)
[2016.05.27-02.14.47:096][658]LogModuleManager: Shutting down and abandoning module HTTP (18)
[2016.05.27-02.14.49:099][658]LogModuleManager: Shutting down and abandoning module XMPP (17)
[2016.05.27-02.14.49:099][658]LogModuleManager: Shutting down and abandoning module OculusRift (16)
[2016.05.27-02.14.49:099][658]LogModuleManager: Shutting down and abandoning module ExampleDeviceProfileSelector (15)
[2016.05.27-02.14.49:099][658]LogModuleManager: Shutting down and abandoning module TextureCompressor (14)
[2016.05.27-02.14.49:099][658]LogModuleManager: Shutting down and abandoning module ShaderCore (13)
[2016.05.27-02.14.49:099][658]LogModuleManager: Shutting down and abandoning module Landscape (12)
[2016.05.27-02.14.49:099][658]LogModuleManager: Shutting down and abandoning module SlateRHIRenderer (11)
[2016.05.27-02.14.49:100][658]LogModuleManager: Shutting down and abandoning module OpenGLDrv (10)
[2016.05.27-02.14.49:100][658]LogModuleManager: Shutting down and abandoning module D3D11RHI (9)
[2016.05.27-02.14.49:100][658]LogModuleManager: Shutting down and abandoning module AnimGraphRuntime (8)
[2016.05.27-02.14.49:100][658]LogModuleManager: Shutting down and abandoning module Renderer (7)
[2016.05.27-02.14.49:100][658]LogModuleManager: Shutting down and abandoning module Engine (6)
[2016.05.27-02.14.49:100][658]LogModuleManager: Shutting down and abandoning module CoreUObject (5)
[2016.05.27-02.14.49:100][658]LogModuleManager: Shutting down and abandoning module NetworkFile (4)
[2016.05.27-02.14.49:100][658]LogModuleManager: Shutting down and abandoning module StreamingFile (3)
[2016.05.27-02.14.49:100][658]LogModuleManager: Shutting down and abandoning module SandboxFile (2)
[2016.05.27-02.14.49:100][658]LogModuleManager: Shutting down and abandoning module PakFile (1)
[2016.05.27-02.14.49:102][658]LogExit: Exiting.
[2016.05.27-02.14.49:103][658]Log file closed, 05/26/16 19:14:49
