Log file open, 05/08/16 23:32:56
LogInit:Display: Running engine for game: GameJamRigging
LogPlatformFile: Not using cached read wrapper
LogInit:Display: RandInit(-1651454420) SRandInit(-1651454418).
LogTaskGraph: Started task graph with 4 named threads and 7 total threads.
LogStats: Stats thread started at 0.067119
LogInit: Version: 4.11.2-2946394+++UE4+Release-4.11
LogInit: API Version: 2927265
LogInit: Compiled (64-bit): Apr 18 2016 02:18:46
LogInit: Compiled with Visual C++: 19.00.23026.00
LogInit: Build Configuration: Development
LogInit: Branch Name: ++UE4+Release-4.11
LogInit: Command line:  
LogInit: Base directory: C:/Program Files/Epic Games/4.11/Engine/Binaries/Win64/
LogInit: Installed Engine Build: 1
LogInit: Using libcurl 7.41.0
LogInit:  - built for x86_64-pc-win32
LogInit:  - supports SSL with WinSSL
LogInit:  - other features:
LogInit:      CURL_VERSION_SSL
LogInit:      CURL_VERSION_IPV6
LogInit:      CURL_VERSION_ASYNCHDNS
LogInit:      CURL_VERSION_LARGEFILE
LogInit:      CURL_VERSION_IDN
LogInit:  CurlRequestOptions (configurable via config and command line):
LogInit:  - bVerifyPeer = true  - Libcurl will verify peer certificate
LogInit:  - bUseHttpProxy = false  - Libcurl will NOT use HTTP proxy
LogInit:  - bDontReuseConnections = false  - Libcurl will reuse connections
LogInit:  - CertBundlePath = nullptr  - Libcurl will use whatever was configured at build time.
LogInit: Presizing for max 16777216 objects, including 0 objects not considered by GC, pre-allocating 0 bytes for permanent pool.
LogInit: Object subsystem initialized
[2016.05.09-06.32.56:837][  0]LogInit: Selected Device Profile: [Windows]
[2016.05.09-06.32.56:837][  0]LogInit: Applying CVar settings loaded from the selected device profile: [Windows]
[2016.05.09-06.32.56:847][  0]LogInit: Computer: DUMPRING
[2016.05.09-06.32.56:847][  0]LogInit: User: theco000
[2016.05.09-06.32.56:847][  0]LogInit: CPU Page size=65536, Cores=4
[2016.05.09-06.32.56:847][  0]LogInit: High frequency timer resolution =3.615396 MHz
[2016.05.09-06.32.56:847][  0]LogMemory: Memory total: Physical=15.9GB (16GB approx)
[2016.05.09-06.32.56:847][  0]LogMemory: Platform Memory Stats for Windows
[2016.05.09-06.32.56:847][  0]LogMemory: Process Physical Memory: 314.52 MB used, 314.52 MB peak
[2016.05.09-06.32.56:847][  0]LogMemory: Process Virtual Memory: 315.00 MB used, 315.00 MB peak
[2016.05.09-06.32.56:847][  0]LogMemory: Physical Memory: 5469.54 MB used, 16326.09 MB total
[2016.05.09-06.32.56:847][  0]LogMemory: Virtual Memory: 635.30 MB used, 134217728.00 MB total
[2016.05.09-06.32.56:878][  0]LogTextLocalizationManager: No specific translations for ('en-US') exist, so ('en') translations will be used.
[2016.05.09-06.32.57:247][  0]LogD3D11RHI: D3D11 adapters:
[2016.05.09-06.32.57:270][  0]LogD3D11RHI:    0. 'NVIDIA GeForce GTX 780' (Feature Level 11_0)
[2016.05.09-06.32.57:270][  0]LogD3D11RHI:       3013MB of dedicated video memory, 0MB of dedicated system memory, and 8163MB of shared system memory, 2 output[s]
[2016.05.09-06.32.57:271][  0]LogD3D11RHI:    1. 'Microsoft Basic Render Driver' (Feature Level 11_0)
[2016.05.09-06.32.57:271][  0]LogD3D11RHI:       0MB of dedicated video memory, 0MB of dedicated system memory, and 8163MB of shared system memory, 0 output[s]
[2016.05.09-06.32.57:271][  0]LogD3D11RHI: Chosen D3D11 Adapter: 0
[2016.05.09-06.32.57:276][  0]LogD3D11RHI: Creating new Direct3DDevice
[2016.05.09-06.32.57:277][  0]LogD3D11RHI:     Adapter Name: NVIDIA GeForce GTX 780
[2016.05.09-06.32.57:277][  0]LogD3D11RHI:   Driver Version: 10.18.13.6472 (internal 10.18.13.6472)
[2016.05.09-06.32.57:277][  0]LogD3D11RHI:      Driver Date: 3-21-2016
[2016.05.09-06.32.57:277][  0]LogRHI: Texture pool is 1361 MB (70% of 1945 MB)
[2016.05.09-06.32.57:288][  0]LogD3D11RHI: Async texture creation enabled
[2016.05.09-06.32.57:298][  0]LogShaderCompilers: Guid format shader working directory is 13 characters bigger than the processId version (D:/Git/RiggingShooter/GameJamRigging/Intermediate/Shaders/WorkingDirectory/6088/).
[2016.05.09-06.32.57:298][  0]LogShaderCompilers: Cleaned the shader compiler working directory 'C:/Users/THECO_~1/AppData/Local/Temp/UnrealShaderWorkingDir/C4AEBC7D4055A72CB9C952ADFD0C3836/'.
[2016.05.09-06.32.57:298][  0]LogShaderCompilers:Display: Using Local Shader Compiler.
[2016.05.09-06.32.58:210][  0]LogTemp:Display: Loaded TP AllDesktopTargetPlatform
[2016.05.09-06.32.58:214][  0]LogTemp:Display: Loaded TP WindowsClientTargetPlatform
[2016.05.09-06.32.58:218][  0]LogTemp:Display: Loaded TP WindowsNoEditorTargetPlatform
[2016.05.09-06.32.58:221][  0]LogTemp:Display: Loaded TP WindowsServerTargetPlatform
[2016.05.09-06.32.58:225][  0]LogTemp:Display: Loaded TP WindowsTargetPlatform
[2016.05.09-06.32.58:228][  0]LogTemp:Display: Loaded TP AndroidTargetPlatform
[2016.05.09-06.32.58:231][  0]LogTemp:Display: Loaded TP Android_ASTCTargetPlatform
[2016.05.09-06.32.58:233][  0]LogTemp:Display: Loaded TP Android_ATCTargetPlatform
[2016.05.09-06.32.58:236][  0]LogTemp:Display: Loaded TP Android_DXTTargetPlatform
[2016.05.09-06.32.58:238][  0]LogTemp:Display: Loaded TP Android_ETC1TargetPlatform
[2016.05.09-06.32.58:241][  0]LogTemp:Display: Loaded TP Android_ETC2TargetPlatform
[2016.05.09-06.32.58:246][  0]LogTemp:Display: Loaded TP Android_MultiTargetPlatform
[2016.05.09-06.32.58:246][  0]LogTemp:Display: Loaded TP Android_PVRTCTargetPlatform
[2016.05.09-06.32.58:247][  0]LogTemp:Display: Loaded TP HTML5TargetPlatform
[2016.05.09-06.32.58:262][  0]LogTemp:Display: Loaded TP IOSTargetPlatform
[2016.05.09-06.32.58:265][  0]LogTemp:Display: Loaded TP TVOSTargetPlatform
[2016.05.09-06.32.58:267][  0]LogTemp:Display: Loaded TP LinuxNoEditorTargetPlatform
[2016.05.09-06.32.58:271][  0]LogTemp:Display: Loaded TP LinuxServerTargetPlatform
[2016.05.09-06.32.58:274][  0]LogTemp:Display: Loaded TP LinuxTargetPlatform
[2016.05.09-06.32.58:274][  0]LogTargetPlatformManager:Display: Building Assets For Windows
[2016.05.09-06.32.58:341][  0]LogDerivedDataCache:Display: Max Cache Size: 512 MB
[2016.05.09-06.32.58:385][  0]LogDerivedDataCache: Loaded boot cache 0.04s 46MB C:/Users/theco_000/AppData/Local/UnrealEngine/4.11/DerivedDataCache/Boot.ddc.
[2016.05.09-06.32.58:385][  0]LogDerivedDataCache:Display: Loaded Boot cache: C:/Users/theco_000/AppData/Local/UnrealEngine/4.11/DerivedDataCache/Boot.ddc
[2016.05.09-06.32.58:385][  0]LogDerivedDataCache: FDerivedDataBackendGraph:  Pak pak cache file D:/Git/RiggingShooter/GameJamRigging/DerivedDataCache/DDC.ddp not found, will not use a pak cache.
[2016.05.09-06.32.58:385][  0]LogDerivedDataCache: Unable to find inner node Pak for hierarchical cache Hierarchy.
[2016.05.09-06.32.58:385][  0]LogDerivedDataCache: FDerivedDataBackendGraph:  CompressedPak pak cache file D:/Git/RiggingShooter/GameJamRigging/DerivedDataCache/Compressed.ddp not found, will not use a pak cache.
[2016.05.09-06.32.58:385][  0]LogDerivedDataCache: Unable to find inner node CompressedPak for hierarchical cache Hierarchy.
[2016.05.09-06.32.58:398][  0]LogDerivedDataCache:Display: Pak cache opened for reading ../../../Engine/DerivedDataCache/Compressed.ddp.
[2016.05.09-06.32.58:410][  0]LogDerivedDataCache: Using Local data cache path C:/Users/theco_000/AppData/Local/UnrealEngine/Common/DerivedDataCache: Writable
[2016.05.09-06.32.58:613][  0]LogInit: Selected Device Profile: [Windows]
[2016.05.09-06.32.58:614][  0]LogContentStreaming: Texture pool size is 0.00 MB
[2016.05.09-06.32.58:659][  0]LogMaterial: Uniform references updated for custom material expression Custom.
[2016.05.09-06.32.58:786][  0]LogMeshUtilities: No automatic mesh reduction module available
[2016.05.09-06.32.58:786][  0]LogMeshUtilities: No automatic mesh merging module available
[2016.05.09-06.32.58:786][  0]LogMeshUtilities: No distributed automatic mesh merging module available
[2016.05.09-06.32.59:010][  0]LogUObjectArray: 27679 objects as part of root set at end of initial load.
[2016.05.09-06.32.59:010][  0]LogUObjectAllocator: 5591592 out of 0 bytes used by permanent object pool.
[2016.05.09-06.32.59:010][  0]LogUObjectArray: CloseDisregardForGC: 0/0 objects in disregard for GC pool
[2016.05.09-06.32.59:015][  0]LogInit: WinSock: version 1.1 (2.2), MaxSocks=32767, MaxUdp=65467
[2016.05.09-06.32.59:100][  0]LogSlate: SlateFontCache - WITH_FREETYPE: 1, WITH_HARFBUZZ: 1
[2016.05.09-06.32.59:100][  0]LogSlate: SlateFontCache - WITH_FREETYPE: 1, WITH_HARFBUZZ: 1
[2016.05.09-06.32.59:183][  0]LogStreaming:Warning: Failed to read file '../../../Engine/Content/Editor/Slate/Common/Selection_16x.png' error.
[2016.05.09-06.32.59:183][  0]LogSlate: Could not find file for Slate resource: ../../../Engine/Content/Editor/Slate/Common/Selection_16x.png
[2016.05.09-06.32.59:183][  0]LogStreaming:Warning: Failed to read file '../../../Engine/Content/Editor/Slate/Common/Selection_16x.png' error.
[2016.05.09-06.32.59:183][  0]LogSlate: Could not find file for Slate resource: ../../../Engine/Content/Editor/Slate/Common/Selection_16x.png
[2016.05.09-06.32.59:183][  0]LogStreaming:Warning: Failed to read file '../../../Engine/Content/Editor/Slate/Common/Selection_16x.png' error.
[2016.05.09-06.32.59:183][  0]LogSlate: Could not find file for Slate resource: ../../../Engine/Content/Editor/Slate/Common/Selection_16x.png
[2016.05.09-06.32.59:704][  0]LogUdpMessaging: Initializing bridge on interface 0.0.0.0:0 to multicast group 230.0.0.1:6666.
[2016.05.09-06.32.59:804][  0]LogAssetRegistry: FAssetRegistry took 0.0217 seconds to start up
[2016.05.09-06.32.59:936][  0]SourceControl: Info Source control is disabled
[2016.05.09-06.32.59:937][  0]SourceControl: Info Source control is disabled
[2016.05.09-06.32.59:944][  0]SourceControl: Info Source control is disabled
[2016.05.09-06.32.59:951][  0]SourceControl: Info Source control is disabled
[2016.05.09-06.33.00:052][  0]LogHMD: Failed to initialize OpenVR with code 110
[2016.05.09-06.33.00:115][  0]LogEngine: Initializing Engine...
[2016.05.09-06.33.00:255][  0]LogAIModule: Creating AISystem for world NewWorld
[2016.05.09-06.33.00:265][  0]LogInit: XAudio2 using 'Speakers (Realtek High Definition Audio)' : 2 channels at 48 kHz using 32 bits per sample (channel mask 0x3)
[2016.05.09-06.33.00:284][  0]LogInit: FAudioDevice initialized.
[2016.05.09-06.33.00:315][  0]LogDerivedDataCache: Saved boot cache 0.03s 46MB C:/Users/theco_000/AppData/Local/UnrealEngine/4.11/DerivedDataCache/Boot.ddc.
[2016.05.09-06.33.00:318][  0]LogInit: Texture streaming: Enabled
[2016.05.09-06.33.00:335][  0]LogInit: Transaction tracking system initialized
[2016.05.09-06.33.00:353][  0]BlueprintLog: New page: Editor Load
[2016.05.09-06.33.00:414][  0]LocalizationService: Info Localization service is disabled
[2016.05.09-06.33.00:472][  0]LogConsoleResponse:Display: 
[2016.05.09-06.33.00:564][  0]LogCook:Display: Max memory allowance for cook 8192mb
[2016.05.09-06.33.00:564][  0]LogCook:Display: Mobile HDR setting 1
[2016.05.09-06.33.00:564][  0]LogCook:Display: Done creating registry. It took  0.00s.
[2016.05.09-06.33.00:603][  0]LogFileCache: Scanning file cache for directory 'D:/Git/RiggingShooter/GameJamRigging/Content/' took 0.01s
[2016.05.09-06.33.00:603][  0]SourceControl: Info Source control is disabled
[2016.05.09-06.33.00:603][  0]Cmd: MAP LOAD FILE="D:/Git/RiggingShooter/GameJamRigging/Content/FirstPersonBP/Maps/FirstPersonExampleMap.umap" TEMPLATE=0 SHOWPROGRESS=1 FEATURELEVEL=3
[2016.05.09-06.33.00:603][  0]LightingResults: New page: Lighting Build
[2016.05.09-06.33.00:605][  0]MapCheck: New page: Map Check
[2016.05.09-06.33.00:605][  0]LightingResults: New page: Lighting Build
[2016.05.09-06.33.01:145][  0]LogAIModule: Creating AISystem for world FirstPersonExampleMap
[2016.05.09-06.33.01:154][  0]LogEditorServer: Finished looking for orphan Actors (0.000 secs)
[2016.05.09-06.33.01:155][  0]Cmd: MAP CHECKDEP NOCLEARLOG
[2016.05.09-06.33.01:196][  0]MapCheck: Info Map check complete: 0 Error(s), 0 Warning(s), took 40.89ms to complete.
[2016.05.09-06.33.01:196][  0]LogFileHelpers: Loading map 'FirstPersonExampleMap' took 0.593
[2016.05.09-06.33.01:337][  0]LogCollectionManager: Loaded 0 collections in 0.001289 seconds
[2016.05.09-06.33.01:381][  0]LogFileCache: Scanning file cache for directory 'D:/Git/RiggingShooter/GameJamRigging/Saved/Collections/' took 0.01s
[2016.05.09-06.33.01:381][  0]LogFileCache: Scanning file cache for directory 'D:/Git/RiggingShooter/GameJamRigging/Content/Developers/theco000/Collections/' took 0.01s
[2016.05.09-06.33.01:381][  0]LogFileCache: Scanning file cache for directory 'D:/Git/RiggingShooter/GameJamRigging/Content/Collections/' took 0.01s
[2016.05.09-06.33.01:381][  0]LogCollectionManager: Rebuilt the GUID cache for 0 collections in 0.000003 seconds
[2016.05.09-06.33.01:388][  0]LogContentBrowser: Native class hierarchy populated in 0.0065 seconds. Added 1979 classes and 343 folders.
[2016.05.09-06.33.01:391][  0]LogStats: UGameplayTagsManager::ConstructGameplayTagTree: Construct from data asset -  0.000 s
[2016.05.09-06.33.01:391][  0]LogStats: UGameplayTagsManager::ConstructGameplayTagTree: GameplayTagTreeChangedEvent.Broadcast -  0.000 s
[2016.05.09-06.33.01:391][  0]LogContentBrowser: Native class hierarchy updated for 'GameplayTags' in 0.0004 seconds. Added 12 classes and 0 folders.
[2016.05.09-06.33.01:395][  0]LogContentBrowser: Native class hierarchy updated for 'WidgetCarousel' in 0.0003 seconds. Added 0 classes and 0 folders.
[2016.05.09-06.33.01:399][  0]LogContentBrowser: Native class hierarchy updated for 'SuperSearch' in 0.0003 seconds. Added 1 classes and 2 folders.
[2016.05.09-06.33.01:443][  0]LogContentBrowser: Native class hierarchy updated for 'AddContentDialog' in 0.0004 seconds. Added 0 classes and 0 folders.
[2016.05.09-06.33.01:452][  0]LogContentBrowser: Native class hierarchy updated for 'WorldBrowser' in 0.0006 seconds. Added 1 classes and 3 folders.
[2016.05.09-06.33.01:458][  0]LogContentBrowser: Native class hierarchy updated for 'SceneOutliner' in 0.0004 seconds. Added 1 classes and 2 folders.
[2016.05.09-06.33.01:519][  0]LogCrashTracker: Crashtracker disabled due to settings.
[2016.05.09-06.33.01:522][  0]LogUObjectGlobals:Warning: Failed to find object 'Class None.'
[2016.05.09-06.33.01:547][  0]LogContentBrowser: Native class hierarchy updated for 'HierarchicalLODOutliner' in 0.0003 seconds. Added 1 classes and 2 folders.
[2016.05.09-06.33.01:548][  0]LogLoad: Full Startup: 5.36 seconds (BP compile: 0.12 seconds)
[2016.05.09-06.33.01:548][  0]LogExternalProfiler: Found external profiler: VSPerf
[2016.05.09-06.33.01:548][  0]LogExternalProfiler: Using external profiler: VSPerf
[2016.05.09-06.33.01:557][  0]LogOcInput: OculusInput pre-init called
[2016.05.09-06.33.01:593][  0]LogContentStreaming: Texture pool size now 1000 MB
[2016.05.09-06.33.01:757][  0]LogRenderer: Reallocating scene render targets to support 1596x808 (Frame:2).
[2016.05.09-06.33.01:831][  1]LogAssetRegistry: Asset discovery search completed in 2.0490 seconds
[2016.05.09-06.33.01:831][  1]LogCollectionManager: Rebuilt the object cache for 0 collections in 0.000001 seconds (found 0 objects)
[2016.05.09-06.33.01:831][  1]LogCollectionManager: Fixed up redirectors for 0 collections in 0.000021 seconds (updated 0 objects)
[2016.05.09-06.33.40:920][732]LogAssetTools:Warning: /Game/FPWeapon/Materials/MF_BaseColorTintAndContrast does not exist on disk.
[2016.05.09-06.33.40:920][732]LogAssetTools:Warning: /Game/FPWeapon/Materials/MF_RoughnessAdjustment does not exist on disk.
[2016.05.09-06.33.40:920][732]LogAssetTools:Warning: /Game/FPWeapon/Textures/UE4_LOGO_CARD does not exist on disk.
[2016.05.09-06.33.40:924][732]LogAssetTools:Warning: /Game/FPWeapon/Mesh/SK_FPGun does not exist on disk.
[2016.05.09-06.33.41:393][732]LogAssetTools:Warning: /Game/Architecture/SM_Floor_400x400 does not exist on disk.
[2016.05.09-06.33.41:461][732]AssetRegistry: New page: Copy Errors
[2016.05.09-06.33.41:461][732]AssetRegistry:Error: Error /Game/FPWeapon/Materials/MF_BaseColorTintAndContrast does not exist on disk.
/Game/FPWeapon/Materials/MF_RoughnessAdjustment does not exist on disk.
/Game/FPWeapon/Textures/UE4_LOGO_CARD does not exist on disk.
/Game/FPWeapon/Mesh/SK_FPGun does not exist on disk.
/Game/Architecture/SM_Floor_400x400 does not exist on disk.

[2016.05.09-06.33.41:461][732]AssetRegistry: New page: Copied Successfully
[2016.05.09-06.33.41:461][732]AssetRegistry: Info
[2016.05.09-06.33.41:461][732]AssetRegistry: Info /Game/FirstPerson/Animations/FirstPerson_Run
[2016.05.09-06.33.41:461][732]AssetRegistry: Info /Game/FirstPerson/Character/Mesh/SK_Mannequin_Arms_Skeleton
[2016.05.09-06.33.41:462][732]AssetRegistry: Info /Game/FirstPerson/Character/Mesh/SK_Mannequin_Arms
[2016.05.09-06.33.41:462][732]AssetRegistry: Info /Game/FirstPerson/Character/Materials/M_UE4Man_Body
[2016.05.09-06.33.41:462][732]AssetRegistry: Info /Game/FirstPerson/Character/Materials/MaterialLayers/ML_GlossyBlack_Latex_UE4
[2016.05.09-06.33.41:462][732]AssetRegistry: Info /Game/FirstPerson/Character/Materials/MaterialLayers/T_ML_Rubber_Blue_01_D
[2016.05.09-06.33.41:462][732]AssetRegistry: Info /Game/FirstPerson/Character/Materials/MaterialLayers/T_ML_Rubber_Blue_01_N
[2016.05.09-06.33.41:462][732]AssetRegistry: Info /Game/FirstPerson/Character/Materials/MaterialLayers/ML_Plastic_Shiny_Beige
[2016.05.09-06.33.41:462][732]AssetRegistry: Info /Game/FirstPerson/Character/Materials/MaterialLayers/ML_Plastic_Shiny_Beige_LOGO
[2016.05.09-06.33.41:462][732]AssetRegistry: Info /Game/FirstPerson/Character/Textures/UE4_LOGO_CARD
[2016.05.09-06.33.41:462][732]AssetRegistry: Info /Game/FirstPerson/Character/Materials/MaterialLayers/ML_SoftMetal_UE4
[2016.05.09-06.33.41:462][732]AssetRegistry: Info /Game/FirstPerson/Character/Materials/MaterialLayers/T_ML_Aluminum01
[2016.05.09-06.33.41:462][732]AssetRegistry: Info /Game/FirstPerson/Character/Materials/MaterialLayers/T_ML_Aluminum01_N
[2016.05.09-06.33.41:462][732]AssetRegistry: Info /Game/FirstPerson/Character/Textures/UE4_Mannequin__normals
[2016.05.09-06.33.41:462][732]AssetRegistry: Info /Game/FirstPerson/Character/Textures/UE4_Mannequin_MAT_MASKA
[2016.05.09-06.33.41:462][732]AssetRegistry: Info /Game/FirstPerson/Character/Mesh/SK_Mannequin_Arms_PhysicsAsset
[2016.05.09-06.33.41:462][732]AssetRegistry: Info /Game/FirstPerson/Animations/FirstPerson_JumpStart
[2016.05.09-06.33.41:462][732]AssetRegistry: Info /Game/FirstPerson/Animations/FirstPerson_JumpLoop
[2016.05.09-06.33.41:462][732]AssetRegistry: Info /Game/FirstPerson/Animations/FirstPerson_JumpEnd
[2016.05.09-06.33.41:462][732]AssetRegistry: Info /Game/FirstPerson/Animations/FirstPerson_Idle
[2016.05.09-06.33.41:462][732]AssetRegistry: Info /Game/FirstPerson/Animations/FirstPerson_AnimBP
[2016.05.09-06.33.41:462][732]AssetRegistry: Info /Game/FirstPerson/Animations/FirstPerson_Fire
[2016.05.09-06.33.41:462][732]AssetRegistry: Info /Game/FirstPerson/Animations/FirstPersonFire_Montage
[2016.05.09-06.33.41:462][732]AssetRegistry: Info /Game/FirstPerson/Meshes/BaseMaterial
[2016.05.09-06.33.41:462][732]AssetRegistry: Info /Game/FirstPerson/Meshes/FirstPersonProjectileMaterial
[2016.05.09-06.33.41:462][732]AssetRegistry: Info /Game/FirstPerson/Meshes/FirstPersonProjectileMesh
[2016.05.09-06.33.41:462][732]AssetRegistry: Info /Game/FirstPersonBP/Blueprints/FirstPersonProjectile
[2016.05.09-06.33.41:462][732]AssetRegistry: Info /Game/FirstPerson/Audio/FirstPersonTemplateWeaponFire02
[2016.05.09-06.33.41:462][732]AssetRegistry: Info /Game/FirstPerson/FPWeapon/Materials/MaterialLayers/T_ML_Rubber_Blue_01_D
[2016.05.09-06.33.41:462][732]AssetRegistry: Info /Game/FirstPerson/FPWeapon/Materials/MaterialLayers/T_ML_Rubber_Blue_01_N
[2016.05.09-06.33.41:462][732]AssetRegistry: Info /Game/FirstPerson/FPWeapon/Materials/MaterialLayers/ML_GlossyBlack_Latex_UE4
[2016.05.09-06.33.41:462][732]AssetRegistry: Info /Game/FirstPerson/FPWeapon/Materials/MaterialLayers/ML_Plastic_Shiny_Beige
[2016.05.09-06.33.41:462][732]AssetRegistry: Info /Game/FirstPerson/FPWeapon/Materials/MaterialLayers/ML_Screen
[2016.05.09-06.33.41:462][732]AssetRegistry: Info /Game/FirstPerson/FPWeapon/Materials/MaterialLayers/T_ML_Aluminum01
[2016.05.09-06.33.41:462][732]AssetRegistry: Info /Game/FirstPerson/FPWeapon/Materials/MaterialLayers/T_ML_Aluminum01_N
[2016.05.09-06.33.41:462][732]AssetRegistry: Info /Game/FirstPerson/FPWeapon/Materials/MaterialLayers/ML_SoftMetal_UE4
[2016.05.09-06.33.41:462][732]AssetRegistry: Info /Game/FirstPerson/FPWeapon/Textures/T_FPGun_M
[2016.05.09-06.33.41:462][732]AssetRegistry: Info /Game/FirstPerson/FPWeapon/Textures/T_FPGun_N
[2016.05.09-06.33.41:462][732]AssetRegistry: Info /Game/FirstPerson/FPWeapon/Materials/M_FPGun
[2016.05.09-06.33.41:462][732]AssetRegistry: Info /Game/FirstPerson/FPWeapon/Mesh/SK_FPGun_Skeleton
[2016.05.09-06.33.41:462][732]AssetRegistry: Info /Game/FirstPerson/FPWeapon/Mesh/SK_FPGun
[2016.05.09-06.33.41:462][732]AssetRegistry: Info /Game/FirstPersonBP/Blueprints/FirstPersonCharacter
[2016.05.09-06.33.41:462][732]AssetRegistry: Info /Game/FirstPersonBP/Blueprints/GravityWell
[2016.05.09-06.33.41:462][732]AssetRegistry: Info /Game/FirstPerson/Meshes/CubeMaterialOverride
[2016.05.09-06.33.41:462][732]AssetRegistry: Info /Game/Geometry/Meshes/CubeMaterial
[2016.05.09-06.33.41:462][732]AssetRegistry: Info /Game/Geometry/Meshes/1M_Cube
[2016.05.09-06.33.41:462][732]AssetRegistry: Info /Game/FirstPersonBP/Maps/FirstPersonExampleMap
[2016.05.09-06.33.41:462][732]AssetRegistry: Info /Game/AnimStarterPack/Aim_Space_Hip
[2016.05.09-06.33.41:462][732]AssetRegistry: Info /Game/AnimStarterPack/UE4_Mannequin/Mesh/UE4_Mannequin_Skeleton
[2016.05.09-06.33.41:462][732]AssetRegistry: Info /Game/AnimStarterPack/UE4_Mannequin/Mesh/SK_Mannequin
[2016.05.09-06.33.41:462][732]AssetRegistry: Info /Game/AnimStarterPack/UE4_Mannequin/Materials/M_UE4Man_Body
[2016.05.09-06.33.41:462][732]AssetRegistry: Info /Game/AnimStarterPack/UE4_Mannequin/Materials/MaterialLayers/ML_GlossyBlack_Latex_UE4
[2016.05.09-06.33.41:462][732]AssetRegistry: Info /Game/AnimStarterPack/UE4_Mannequin/Materials/MaterialLayers/T_ML_Rubber_Blue_01_D
[2016.05.09-06.33.41:462][732]AssetRegistry: Info /Game/AnimStarterPack/UE4_Mannequin/Materials/MaterialLayers/T_ML_Rubber_Blue_01_N
[2016.05.09-06.33.41:462][732]AssetRegistry: Info /Game/AnimStarterPack/UE4_Mannequin/Materials/MaterialLayers/ML_Plastic_Shiny_Beige
[2016.05.09-06.33.41:462][732]AssetRegistry: Info /Game/AnimStarterPack/UE4_Mannequin/Materials/MaterialLayers/ML_Plastic_Shiny_Beige_LOGO
[2016.05.09-06.33.41:462][732]AssetRegistry: Info /Game/AnimStarterPack/UE4_Mannequin/Textures/UE4_LOGO_CARD
[2016.05.09-06.33.41:462][732]AssetRegistry: Info /Game/AnimStarterPack/UE4_Mannequin/Materials/MaterialLayers/ML_SoftMetal_UE4
[2016.05.09-06.33.41:462][732]AssetRegistry: Info /Game/AnimStarterPack/UE4_Mannequin/Materials/MaterialLayers/T_ML_Aluminum01
[2016.05.09-06.33.41:462][732]AssetRegistry: Info /Game/AnimStarterPack/UE4_Mannequin/Materials/MaterialLayers/T_ML_Aluminum01_N
[2016.05.09-06.33.41:462][732]AssetRegistry: Info /Game/AnimStarterPack/UE4_Mannequin/Textures/UE4_Mannequin__normals
[2016.05.09-06.33.41:462][732]AssetRegistry: Info /Game/AnimStarterPack/UE4_Mannequin/Textures/UE4_Mannequin_MAT_MASKA
[2016.05.09-06.33.41:462][732]AssetRegistry: Info /Game/AnimStarterPack/UE4_Mannequin/Textures/UE4_Mannequin_occlusion_Mobile
[2016.05.09-06.33.41:462][732]AssetRegistry: Info /Game/AnimStarterPack/UE4_Mannequin/Materials/M_UE4Man_ChestLogo
[2016.05.09-06.33.41:462][732]AssetRegistry: Info /Game/AnimStarterPack/UE4_Mannequin/Textures/UE4Man_Logo_N
[2016.05.09-06.33.41:462][732]AssetRegistry: Info /Game/AnimStarterPack/UE4_Mannequin/Mesh/SK_Mannequin_PhysicsAsset
[2016.05.09-06.33.41:462][732]AssetRegistry: Info /Game/AnimStarterPack/Aim_Space_Ironsights
[2016.05.09-06.33.41:462][732]AssetRegistry: Info /Game/AnimStarterPack/BS_CrouchWalk
[2016.05.09-06.33.41:462][732]AssetRegistry: Info /Game/AnimStarterPack/Crouch_Walk_Bwd_Rifle_Hip
[2016.05.09-06.33.41:462][732]AssetRegistry: Info /Game/AnimStarterPack/Crouch_Walk_Fwd_Rifle_Hip
[2016.05.09-06.33.41:462][732]AssetRegistry: Info /Game/AnimStarterPack/Crouch_Walk_Lt_Rifle_Hip
[2016.05.09-06.33.41:462][732]AssetRegistry: Info /Game/AnimStarterPack/Crouch_Walk_Rt_Rifle_Hip
[2016.05.09-06.33.41:462][732]AssetRegistry: Info /Game/AnimStarterPack/BS_Jog
[2016.05.09-06.33.41:462][732]AssetRegistry: Info /Game/AnimStarterPack/Jog_Bwd_Rifle
[2016.05.09-06.33.41:462][732]AssetRegistry: Info /Game/AnimStarterPack/Jog_Fwd_Rifle
[2016.05.09-06.33.41:462][732]AssetRegistry: Info /Game/AnimStarterPack/Jog_Lt_Rifle
[2016.05.09-06.33.41:462][732]AssetRegistry: Info /Game/AnimStarterPack/Jog_Rt_Rifle
[2016.05.09-06.33.41:462][732]AssetRegistry: Info /Game/AnimStarterPack/Crouch_Idle_Rifle_Hip
[2016.05.09-06.33.41:462][732]AssetRegistry: Info /Game/AnimStarterPack/Crouch_Idle_Rifle_Ironsights
[2016.05.09-06.33.41:462][732]AssetRegistry: Info /Game/AnimStarterPack/Crouch_to_Stand_Rifle_Hip
[2016.05.09-06.33.41:462][732]AssetRegistry: Info /Game/AnimStarterPack/Crouch_to_Stand_Rifle_Ironsights
[2016.05.09-06.33.41:462][732]AssetRegistry: Info /Game/AnimStarterPack/Crouch_Walk_Bwd_Rifle_Ironsights
[2016.05.09-06.33.41:462][732]AssetRegistry: Info /Game/AnimStarterPack/Crouch_Walk_Fwd_Rifle_Ironsights
[2016.05.09-06.33.41:462][732]AssetRegistry: Info /Game/AnimStarterPack/Crouch_Walk_Lt_Rifle_Ironsights
[2016.05.09-06.33.41:462][732]AssetRegistry: Info /Game/AnimStarterPack/Crouch_Walk_Rt_Rifle_Ironsights
[2016.05.09-06.33.41:462][732]AssetRegistry: Info /Game/AnimStarterPack/Death_1
[2016.05.09-06.33.41:462][732]AssetRegistry: Info /Game/AnimStarterPack/Death_2
[2016.05.09-06.33.41:462][732]AssetRegistry: Info /Game/AnimStarterPack/Death_3
[2016.05.09-06.33.41:462][732]AssetRegistry: Info /Game/AnimStarterPack/Death_Ironsights_1
[2016.05.09-06.33.41:462][732]AssetRegistry: Info /Game/AnimStarterPack/Death_Ironsights_2
[2016.05.09-06.33.41:462][732]AssetRegistry: Info /Game/AnimStarterPack/Equip_Pistol_Standing
[2016.05.09-06.33.41:462][732]AssetRegistry: Info /Game/AnimStarterPack/Equip_Rifle_Standing
[2016.05.09-06.33.41:462][732]AssetRegistry: Info /Game/AnimStarterPack/Fire_Rifle_Hip
[2016.05.09-06.33.41:463][732]AssetRegistry: Info /Game/AnimStarterPack/Fire_Rifle_Ironsights
[2016.05.09-06.33.41:463][732]AssetRegistry: Info /Game/AnimStarterPack/Fire_Shotgun_Hip
[2016.05.09-06.33.41:463][732]AssetRegistry: Info /Game/AnimStarterPack/Fire_Shotgun_Ironsights
[2016.05.09-06.33.41:463][732]AssetRegistry: Info /Game/AnimStarterPack/Hit_React_1
[2016.05.09-06.33.41:463][732]AssetRegistry: Info /Game/AnimStarterPack/Hit_React_2
[2016.05.09-06.33.41:463][732]AssetRegistry: Info /Game/AnimStarterPack/Hit_React_3
[2016.05.09-06.33.41:463][732]AssetRegistry: Info /Game/AnimStarterPack/Hit_React_4
[2016.05.09-06.33.41:463][732]AssetRegistry: Info /Game/AnimStarterPack/Idle_Pistol
[2016.05.09-06.33.41:463][732]AssetRegistry: Info /Game/AnimStarterPack/Idle_Rifle_Hip
[2016.05.09-06.33.41:463][732]AssetRegistry: Info /Game/AnimStarterPack/Idle_Rifle_Hip_Break1
[2016.05.09-06.33.41:463][732]AssetRegistry: Info /Game/AnimStarterPack/Idle_Rifle_Hip_Break2
[2016.05.09-06.33.41:463][732]AssetRegistry: Info /Game/AnimStarterPack/Idle_Rifle_Ironsights
[2016.05.09-06.33.41:463][732]AssetRegistry: Info /Game/AnimStarterPack/Jump_From_Jog
[2016.05.09-06.33.41:463][732]AssetRegistry: Info /Game/AnimStarterPack/Jump_From_Stand
[2016.05.09-06.33.41:463][732]AssetRegistry: Info /Game/AnimStarterPack/Jump_From_Stand_Ironsights
[2016.05.09-06.33.41:463][732]AssetRegistry: Info /Game/AnimStarterPack/Prone_Death_1
[2016.05.09-06.33.41:463][732]AssetRegistry: Info /Game/AnimStarterPack/Prone_Death_2
[2016.05.09-06.33.41:463][732]AssetRegistry: Info /Game/AnimStarterPack/Prone_Fire_1
[2016.05.09-06.33.41:463][732]AssetRegistry: Info /Game/AnimStarterPack/Prone_Fire_2
[2016.05.09-06.33.41:463][732]AssetRegistry: Info /Game/AnimStarterPack/Prone_Idle
[2016.05.09-06.33.41:463][732]AssetRegistry: Info /Game/AnimStarterPack/Prone_Reload_Rifle
[2016.05.09-06.33.41:463][732]AssetRegistry: Info /Game/AnimStarterPack/Prone_Reload_Shotgun
[2016.05.09-06.33.41:463][732]AssetRegistry: Info /Game/AnimStarterPack/Prone_To_Stand
[2016.05.09-06.33.41:463][732]AssetRegistry: Info /Game/AnimStarterPack/Reload_Pistol
[2016.05.09-06.33.41:463][732]AssetRegistry: Info /Game/AnimStarterPack/Reload_Rifle_Hip
[2016.05.09-06.33.41:463][732]AssetRegistry: Info /Game/AnimStarterPack/Reload_Rifle_Ironsights
[2016.05.09-06.33.41:463][732]AssetRegistry: Info /Game/AnimStarterPack/Reload_Shotgun_Hip
[2016.05.09-06.33.41:463][732]AssetRegistry: Info /Game/AnimStarterPack/Reload_Shotgun_Ironsights
[2016.05.09-06.33.41:463][732]AssetRegistry: Info /Game/AnimStarterPack/Showcase
[2016.05.09-06.33.41:463][732]AssetRegistry: Info /Game/AnimStarterPack/Walk_Fwd_Rifle_Ironsights
[2016.05.09-06.33.41:463][732]AssetRegistry: Info /Game/AnimStarterPack/Sprint_Fwd_Rifle
[2016.05.09-06.33.41:463][732]AssetRegistry: Info /Game/AnimStarterPack/Stand_to_Crouch_Rifle_Hip
[2016.05.09-06.33.41:463][732]AssetRegistry: Info /Game/AnimStarterPack/Stand_to_Crouch_Rifle_Ironsights
[2016.05.09-06.33.41:463][732]AssetRegistry: Info /Game/AnimStarterPack/Stand_To_Prone
[2016.05.09-06.33.41:463][732]AssetRegistry: Info /Game/AnimStarterPack/Ue4ASP_Character
[2016.05.09-06.33.41:463][732]AssetRegistry: Info /Game/AnimStarterPack/UE4ASP_HeroTPP_AnimBlueprint
[2016.05.09-06.33.41:463][732]AssetRegistry: Info /Game/AnimStarterPack/Walk_Bwd_Rifle_Ironsights
[2016.05.09-06.33.41:463][732]AssetRegistry: Info /Game/AnimStarterPack/Walk_Lt_Rifle_Ironsights
[2016.05.09-06.33.41:463][732]AssetRegistry: Info /Game/AnimStarterPack/Walk_Rt_Rifle_Ironsights
[2016.05.09-06.33.41:463][732]AssetRegistry: Info /Game/Blueprints/Player
[2016.05.09-06.33.41:463][732]AssetRegistry: Info /Game/Blueprints/UE4ASP_HeroTPP_AnimBlueprint2
[2016.05.09-06.33.41:463][732]AssetRegistry: Info /Game/Blueprints/ShooterGameMode
[2016.05.09-06.33.41:463][732]AssetRegistry: Info /Game/Effects/Materials/Snow/M_SnowFlake_VelocityLerp
[2016.05.09-06.33.41:463][732]AssetRegistry: Info /Game/Effects/Textures/Noise/T_TilingNoise12
[2016.05.09-06.33.41:463][732]AssetRegistry: Info /Game/Effects/Textures/Snow/T_Snow01_Packed
[2016.05.09-06.33.41:463][732]AssetRegistry: Info /Game/Effects/Materials/Snow/M_SnowFlake_VelocityLerp_AA
[2016.05.09-06.33.41:463][732]AssetRegistry: Info /Game/Effects/Materials/Snow/M_Snow_Blowing_Lit
[2016.05.09-06.33.41:463][732]AssetRegistry: Info /Game/Effects/Textures/Noise/T_TilingNoise03
[2016.05.09-06.33.41:463][732]AssetRegistry: Info /Game/Effects/Textures/Smoke/T_SmokeSubUV_8X8_02
[2016.05.09-06.33.41:463][732]AssetRegistry: Info /Game/Effects/Textures/Smoke/T_TilingClouds_01
[2016.05.09-06.33.41:463][732]AssetRegistry: Info /Game/Effects/Materials/Snow/M_Snow_Blowing_unLit
[2016.05.09-06.33.41:463][732]AssetRegistry: Info /Game/Effects/Materials/Snow/M_Snow_Blowing_unLit_LowBias
[2016.05.09-06.33.41:463][732]AssetRegistry: Info /Game/Effects/Materials/Water/M_WaterDrop_SubUV
[2016.05.09-06.33.41:463][732]AssetRegistry: Info /Game/Effects/Textures/Cube/CubeNearEntrance
[2016.05.09-06.33.41:463][732]AssetRegistry: Info /Game/Effects/Textures/Water/T_DropSubUV_A
[2016.05.09-06.33.41:463][732]AssetRegistry: Info /Game/Effects/Textures/Water/T_DropSubUV_N
[2016.05.09-06.33.41:463][732]AssetRegistry: Info /Game/Effects/Materials/Water/Resp_AA/M_WaterDrop_SubUV_NoAA
[2016.05.09-06.33.41:463][732]AssetRegistry: Info /Game/Effects/Textures/Cube/CaveMap_Interior_Cube
[2016.05.09-06.33.41:463][732]AssetRegistry: Info /Game/Effects/Particles/Snow/P_Blizzard
[2016.05.09-06.33.41:463][732]AssetRegistry: Info /Game/Effects/VectorFields/VF_Blizzard_80
[2016.05.09-06.33.41:463][732]AssetRegistry: Info /Game/Effects/VectorFields/VF_RandomNoise_01_90
[2016.05.09-06.33.41:463][732]AssetRegistry: Info /Game/Effects/Particles/Snow/P_Blizzard_EdgeBlow
[2016.05.09-06.33.41:463][732]AssetRegistry: Info /Game/Effects/Particles/Snow/P_Blizzard_Hint
[2016.05.09-06.33.41:463][732]AssetRegistry: Info /Game/Effects/Particles/Snow/P_BlowAcrossGround
[2016.05.09-06.33.41:463][732]AssetRegistry: Info /Game/Effects/Particles/Snow/P_BlowDetails
[2016.05.09-06.33.41:463][732]AssetRegistry: Info /Game/Effects/Particles/Snow/P_BlowIntoHoles
[2016.05.09-06.33.41:463][732]AssetRegistry: Info /Game/Effects/VectorFields/VF_Tunnel_Movement_2_100
[2016.05.09-06.33.41:463][732]AssetRegistry: Info /Game/Effects/Particles/Snow/P_BlowTower
[2016.05.09-06.33.41:463][732]AssetRegistry: Info /Game/Effects/Particles/Snow/P_Mist_Lit_Blowig
[2016.05.09-06.33.41:463][732]AssetRegistry: Info /Game/Effects/Particles/Snow/P_Mist_Lit_Still
[2016.05.09-06.33.41:463][732]AssetRegistry: Info /Game/Effects/Particles/Snow/P_SnowFlare
[2016.05.09-06.33.41:463][732]AssetRegistry: Info /Game/Effects/Particles/Water/P_WaterDrops
[2016.05.09-06.33.41:463][732]AssetRegistry: Info /Game/Environment/Blueprints/FogSheet/BP_FogSheet
[2016.05.09-06.33.41:463][732]AssetRegistry: Info /Game/Environment/Blueprints/FogSheet/Assets/M_FogSheet_Master_INST
[2016.05.09-06.33.41:463][732]AssetRegistry: Info /Game/Environment/Blueprints/FogSheet/Assets/M_FogSheet_Master
[2016.05.09-06.33.41:463][732]AssetRegistry: Info /Game/Environment/Blueprints/FogSheet/Assets/MF_Raycast
[2016.05.09-06.33.41:463][732]AssetRegistry: Info /Game/Environment/MaterialFunctions/MF_NormalMaskedVectors
[2016.05.09-06.33.41:463][732]AssetRegistry: Info /Game/Environment/Textures/Noise/TilingNoise03
[2016.05.09-06.33.41:463][732]AssetRegistry: Info /Game/Environment/Blueprints/FogSheet/Assets/SM_FogSheet_Plane
[2016.05.09-06.33.41:463][732]AssetRegistry: Info /Game/Environment/Blueprints/Lightshaft/BP_GodRay
[2016.05.09-06.33.41:463][732]AssetRegistry: Info /Game/Environment/Blueprints/Lightshaft/M_GodRay
[2016.05.09-06.33.41:463][732]AssetRegistry: Info /Game/Environment/Blueprints/Lightshaft/T_GodRay_Mask01
[2016.05.09-06.33.41:463][732]AssetRegistry: Info /Game/Environment/Textures/Noise/TilingNoise02
[2016.05.09-06.33.41:463][732]AssetRegistry: Info /Game/Environment/Blueprints/Lightshaft/M_GodRay_Inst_Animated
[2016.05.09-06.33.41:463][732]AssetRegistry: Info /Game/Environment/Blueprints/Lightshaft/SM_GodRay_Plane
[2016.05.09-06.33.41:463][732]AssetRegistry: Info /Game/Environment/Blueprints/Lightshaft/T_GodRay_Mask02
[2016.05.09-06.33.41:463][732]AssetRegistry: Info /Game/ExampleContent/Destructibles/Effects/P_Destruction
[2016.05.09-06.33.41:463][732]AssetRegistry: Info /Game/ExampleContent/Destructibles/Materials/M_DestructiblePuff
[2016.05.09-06.33.41:463][732]AssetRegistry: Info /Game/ExampleContent/Effects/Textures/T_SmokePuff_001
[2016.05.09-06.33.41:463][732]AssetRegistry: Info /Game/ExampleContent/Destructibles/Materials/M_StandardMaterial
[2016.05.09-06.33.41:463][732]AssetRegistry: Info /Game/ExampleContent/Effects/Character/HeroTPP
[2016.05.09-06.33.41:463][732]AssetRegistry: Info /Game/ExampleContent/Effects/Character/HeroTPP_Physics
[2016.05.09-06.33.41:463][732]AssetRegistry: Info /Game/ExampleContent/Effects/Character/HeroTPP_Skeleton
[2016.05.09-06.33.41:463][732]AssetRegistry: Info /Game/ExampleContent/Effects/Materials/MI_ShapeInstance
[2016.05.09-06.33.41:463][732]AssetRegistry: Info /Game/ExampleContent/Effects/Materials/M_ShapeMaster
[2016.05.09-06.33.41:463][732]AssetRegistry: Info /Game/ExampleContent/Effects/Materials/MI_ShapeInstance3
[2016.05.09-06.33.41:463][732]AssetRegistry: Info /Game/ExampleContent/Effects/Materials/M_beam_ramp
[2016.05.09-06.33.41:464][732]AssetRegistry: Info /Game/ExampleContent/Effects/Materials/M_cloud_lit
[2016.05.09-06.33.41:464][732]AssetRegistry: Info /Game/ExampleContent/Effects/Textures/T_Smoke_Tiled_D
[2016.05.09-06.33.41:464][732]AssetRegistry: Info /Game/ExampleContent/Effects/Textures/T_SmokeSubUV_8X8
[2016.05.09-06.33.41:464][732]AssetRegistry: Info /Game/ExampleContent/Effects/Materials/M_fire
[2016.05.09-06.33.41:464][732]AssetRegistry: Info /Game/ExampleContent/Effects/Textures/T_Fire_subUV_01
[2016.05.09-06.33.41:464][732]AssetRegistry: Info /Game/ExampleContent/Effects/Textures/T_Fire_tile
[2016.05.09-06.33.41:464][732]AssetRegistry: Info /Game/ExampleContent/Effects/Materials/m_flare_03
[2016.05.09-06.33.41:464][732]AssetRegistry: Info /Game/ExampleContent/Effects/Textures/T_Sunflare
[2016.05.09-06.33.41:464][732]AssetRegistry: Info /Game/ExampleContent/Effects/Materials/M_radial_ramp
[2016.05.09-06.33.41:464][732]AssetRegistry: Info /Game/ExampleContent/Effects/Materials/M_raindrop
[2016.05.09-06.33.41:464][732]AssetRegistry: Info /Game/ExampleContent/Effects/Textures/T_Caustics
[2016.05.09-06.33.41:464][732]AssetRegistry: Info /Game/ExampleContent/Effects/Textures/T_raindrop
[2016.05.09-06.33.41:464][732]AssetRegistry: Info /Game/ExampleContent/Effects/Textures/T_raindrop_normal
[2016.05.09-06.33.41:464][732]AssetRegistry: Info /Game/ExampleContent/Effects/Textures/TilingNoise06_N
[2016.05.09-06.33.41:464][732]AssetRegistry: Info /Game/ExampleContent/Effects/Materials/M_ribbon_smoke
[2016.05.09-06.33.41:464][732]AssetRegistry: Info /Game/ExampleContent/Effects/Textures/T_SmokeTile
[2016.05.09-06.33.41:464][732]AssetRegistry: Info /Game/ExampleContent/Effects/Textures/T_SmokeTile_N
[2016.05.09-06.33.41:464][732]AssetRegistry: Info /Game/ExampleContent/Effects/Materials/M_smoke_subUV
[2016.05.09-06.33.41:464][732]AssetRegistry: Info /Game/ExampleContent/Effects/Materials/M_smoke_subUV_blackbody
[2016.05.09-06.33.41:464][732]AssetRegistry: Info /Game/ExampleContent/Effects/Textures/T_soft_smoke
[2016.05.09-06.33.41:464][732]AssetRegistry: Info /Game/ExampleContent/Effects/Materials/m_spark
[2016.05.09-06.33.41:464][732]AssetRegistry: Info /Game/ExampleContent/Effects/Textures/T_StarFlair_01
[2016.05.09-06.33.41:464][732]AssetRegistry: Info /Game/ExampleContent/Effects/Materials/M_square_ramp
[2016.05.09-06.33.41:464][732]AssetRegistry: Info /Game/ExampleContent/Effects/Materials/M_square_ramp2
[2016.05.09-06.33.41:464][732]AssetRegistry: Info /Game/ExampleContent/Effects/ParticleSystems/Mat_Sparks
[2016.05.09-06.33.41:464][732]AssetRegistry: Info /Game/ExampleContent/Effects/ParticleSystems/P_black_body
[2016.05.09-06.33.41:464][732]AssetRegistry: Info /Game/ExampleContent/Effects/ParticleSystems/P_cloud
[2016.05.09-06.33.41:464][732]AssetRegistry: Info /Game/ExampleContent/Effects/ParticleSystems/P_electricity_arc
[2016.05.09-06.33.41:464][732]AssetRegistry: Info /Game/ExampleContent/Effects/ParticleSystems/P_emitter_initial_location
[2016.05.09-06.33.41:464][732]AssetRegistry: Info /Game/ExampleContent/Effects/ParticleSystems/P_GPU_particles_attraction
[2016.05.09-06.33.41:464][732]AssetRegistry: Info /Game/ExampleContent/Effects/ParticleSystems/P_GPU_particles_collision2
[2016.05.09-06.33.41:464][732]AssetRegistry: Info /Game/ExampleContent/Effects/ParticleSystems/P_lit_steam
[2016.05.09-06.33.41:464][732]AssetRegistry: Info /Game/ExampleContent/Effects/ParticleSystems/P_Ribbon_trails
[2016.05.09-06.33.41:464][732]AssetRegistry: Info /Game/ExampleContent/Effects/ParticleSystems/P_Sparks
[2016.05.09-06.33.41:464][732]AssetRegistry: Info /Game/ExampleContent/Effects/ParticleSystems/P_Sparks_GPU
[2016.05.09-06.33.41:464][732]AssetRegistry: Info /Game/ExampleContent/Effects/VectorFields/vel_219
[2016.05.09-06.33.41:464][732]AssetRegistry: Info /Game/ExampleContent/Effects/ParticleSystems/P_spark_burst
[2016.05.09-06.33.41:464][732]AssetRegistry: Info /Game/ExampleContent/Effects/ParticleSystems/P_spawn_events
[2016.05.09-06.33.41:464][732]AssetRegistry: Info /Game/ExampleContent/Effects/ParticleSystems/P_spawn_from_bone
[2016.05.09-06.33.41:464][732]AssetRegistry: Info /Game/ExampleContent/Effects/ParticleSystems/P_vectorfield
[2016.05.09-06.33.41:464][732]AssetRegistry: Info /Game/ExampleContent/Effects/VectorFields/VelocityGrid60
[2016.05.09-06.33.41:464][732]AssetRegistry: Info /Game/ExampleContent/Effects/ParticleSystems/P_vectorfield_global
[2016.05.09-06.33.41:464][732]AssetRegistry: Info /Game/ExampleContent/Effects/ParticleSystems/P_velocity_cone
[2016.05.09-06.33.41:464][732]AssetRegistry: Info /Game/ExampleContent/Effects/ParticleSystemsAudio/P_spark_burst_2
[2016.05.09-06.33.41:464][732]AssetRegistry: Info /Game/FirstPerson/Character/Mesh/FirstPersonAnimBlueprint_Copy
[2016.05.09-06.33.41:464][732]AssetRegistry: Info /Game/FirstPerson/FPWeapon/Materials/MaterialLayers/ML_Plastic_Shiny_Beige_LOGO
[2016.05.09-06.33.41:464][732]AssetRegistry: Info /Game/FirstPerson/FPWeapon/Materials/MaterialLayers/T_ML_FineRubber
[2016.05.09-06.33.41:464][732]AssetRegistry: Info /Game/FirstPerson/FPWeapon/Mesh/SK_FPGun_PhysicsAsset
[2016.05.09-06.33.41:464][732]AssetRegistry: Info /Game/FirstPerson/Textures/FirstPersonCrosshair
[2016.05.09-06.33.41:464][732]AssetRegistry: Info /Game/FirstPersonBP/FirstPersonOverview
[2016.05.09-06.33.41:464][732]AssetRegistry: Info /Game/FirstPersonBP/Blueprints/FirstPersonGameMode
[2016.05.09-06.33.41:464][732]AssetRegistry: Info /Game/FirstPersonBP/Blueprints/FirstPersonHUD
[2016.05.09-06.33.41:464][732]AssetRegistry: Info /Game/Geometry/Meshes/1M_Cube_Chamfer
[2016.05.09-06.33.41:464][732]AssetRegistry: Info /Game/Geometry/Meshes/TemplateFloor
[2016.05.09-06.33.41:464][732]AssetRegistry: Info /Game/Maps/ChrisTest
[2016.05.09-06.33.41:464][732]AssetRegistry: Info /Game/Maps/KennethTest
[2016.05.09-06.33.41:464][732]AssetRegistry: Info /Game/Materials/Emissive
[2016.05.09-06.33.41:464][732]AssetRegistry: Info /Game/StarterContent/Materials/M_Glass
[2016.05.09-06.33.41:464][732]AssetRegistry: Info /Game/StarterContent/Materials/M_Tech_Hex_Tile
[2016.05.09-06.33.41:464][732]AssetRegistry: Info /Game/StarterContent/Textures/T_Tech_Hex_Tile_M
[2016.05.09-06.33.41:464][732]AssetRegistry: Info /Game/StarterContent/Textures/T_Tech_Hex_Tile_N
[2016.05.09-06.33.41:464][732]AssetRegistry: Info /Game/Materials/Emissive_Blue
[2016.05.09-06.33.41:464][732]AssetRegistry: Info /Game/Materials/Emissive_Inst_green
[2016.05.09-06.33.41:464][732]AssetRegistry: Info /Game/Materials/Emissive_Inst_Purple
[2016.05.09-06.33.41:464][732]AssetRegistry: Info /Game/StarterContent/Architecture/Wall_400x300
[2016.05.09-06.33.41:464][732]AssetRegistry: Info /Game/StarterContent/Materials/M_Basic_Wall
[2016.05.09-06.33.41:464][732]AssetRegistry: Info /Game/StarterContent/Architecture/Wall_Door_400x300
[2016.05.09-06.33.41:464][732]AssetRegistry: Info /Game/StarterContent/Architecture/Wall_Window_400x400
[2016.05.09-06.33.41:464][732]AssetRegistry: Info /Game/StarterContent/Shapes/Shape_QuadPyramid
[2016.05.09-06.33.41:464][732]AssetRegistry: Info /Game/StarterContent/Shapes/Shape_TriPyramid
[2016.05.09-06.33.41:464][732]AssetRegistry: Info /Game/StarterContent/Architecture/Floor_400x400
[2016.05.09-06.33.41:464][732]AssetRegistry: Info /Game/StarterContent/Materials/M_Basic_Floor
[2016.05.09-06.33.41:464][732]AssetRegistry: Info /Game/StarterContent/Architecture/Pillar_50x500
[2016.05.09-06.33.41:464][732]AssetRegistry: Info /Game/StarterContent/Architecture/SM_AssetPlatform
[2016.05.09-06.33.41:464][732]AssetRegistry: Info /Game/StarterContent/Materials/M_AssetPlatform
[2016.05.09-06.33.41:464][732]AssetRegistry: Info /Game/StarterContent/Architecture/Wall_400x200
[2016.05.09-06.33.41:464][732]AssetRegistry: Info /Game/StarterContent/Architecture/Wall_400x400
[2016.05.09-06.33.41:464][732]AssetRegistry: Info /Game/StarterContent/Architecture/Wall_500x500
[2016.05.09-06.33.41:464][732]AssetRegistry: Info /Game/StarterContent/Architecture/Wall_Door_400x400
[2016.05.09-06.33.41:464][732]AssetRegistry: Info /Game/StarterContent/Architecture/Wall_Window_400x300
[2016.05.09-06.33.41:464][732]AssetRegistry: Info /Game/StarterContent/Audio/Collapse01
[2016.05.09-06.33.41:464][732]AssetRegistry: Info /Game/StarterContent/Audio/Collapse02
[2016.05.09-06.33.41:464][732]AssetRegistry: Info /Game/StarterContent/Audio/Collapse_Cue
[2016.05.09-06.33.41:464][732]AssetRegistry: Info /Game/StarterContent/Audio/Explosion01
[2016.05.09-06.33.41:464][732]AssetRegistry: Info /Game/StarterContent/Audio/Explosion02
[2016.05.09-06.33.41:464][732]AssetRegistry: Info /Game/StarterContent/Audio/Explosion_Cue
[2016.05.09-06.33.41:464][732]AssetRegistry: Info /Game/StarterContent/Audio/Fire01
[2016.05.09-06.33.41:464][732]AssetRegistry: Info /Game/StarterContent/Audio/Fire01_Cue
[2016.05.09-06.33.41:464][732]AssetRegistry: Info /Game/StarterContent/Audio/Fire_Sparks01
[2016.05.09-06.33.41:464][732]AssetRegistry: Info /Game/StarterContent/Audio/Fire_Sparks01_Cue
[2016.05.09-06.33.41:464][732]AssetRegistry: Info /Game/StarterContent/Audio/Light01
[2016.05.09-06.33.41:464][732]AssetRegistry: Info /Game/StarterContent/Audio/Light01_Cue
[2016.05.09-06.33.41:464][732]AssetRegistry: Info /Game/StarterContent/Audio/Light02
[2016.05.09-06.33.41:464][732]AssetRegistry: Info /Game/StarterContent/Audio/Light02_Cue
[2016.05.09-06.33.41:465][732]AssetRegistry: Info /Game/StarterContent/Audio/Smoke01
[2016.05.09-06.33.41:465][732]AssetRegistry: Info /Game/StarterContent/Audio/Smoke01_Cue
[2016.05.09-06.33.41:465][732]AssetRegistry: Info /Game/StarterContent/Audio/Starter_Background_Cue
[2016.05.09-06.33.41:465][732]AssetRegistry: Info /Game/StarterContent/Audio/Starter_Wind05
[2016.05.09-06.33.41:465][732]AssetRegistry: Info /Game/StarterContent/Audio/Starter_Birds01
[2016.05.09-06.33.41:465][732]AssetRegistry: Info /Game/StarterContent/Audio/Starter_Wind06
[2016.05.09-06.33.41:465][732]AssetRegistry: Info /Game/StarterContent/Audio/Starter_Music01
[2016.05.09-06.33.41:465][732]AssetRegistry: Info /Game/StarterContent/Audio/Starter_Music_Cue
[2016.05.09-06.33.41:465][732]AssetRegistry: Info /Game/StarterContent/Audio/Steam01
[2016.05.09-06.33.41:465][732]AssetRegistry: Info /Game/StarterContent/Audio/Steam01_Cue
[2016.05.09-06.33.41:465][732]AssetRegistry: Info /Game/StarterContent/Blueprints/Blueprint_CeilingLight
[2016.05.09-06.33.41:465][732]AssetRegistry: Info /Game/StarterContent/Props/SM_Lamp_Ceiling
[2016.05.09-06.33.41:465][732]AssetRegistry: Info /Game/StarterContent/Props/Materials/M_Lamp
[2016.05.09-06.33.41:465][732]AssetRegistry: Info /Game/StarterContent/Textures/T_Lamp_M
[2016.05.09-06.33.41:465][732]AssetRegistry: Info /Game/StarterContent/Textures/T_Lamp_N
[2016.05.09-06.33.41:465][732]AssetRegistry: Info /Game/StarterContent/Blueprints/Blueprint_Effect_Explosion
[2016.05.09-06.33.41:465][732]AssetRegistry: Info /Game/StarterContent/Particles/P_Explosion
[2016.05.09-06.33.41:465][732]AssetRegistry: Info /Game/StarterContent/Particles/Materials/M_Burst
[2016.05.09-06.33.41:465][732]AssetRegistry: Info /Game/StarterContent/Textures/T_Burst_M
[2016.05.09-06.33.41:465][732]AssetRegistry: Info /Game/StarterContent/Particles/Materials/M_explosion_subUV
[2016.05.09-06.33.41:465][732]AssetRegistry: Info /Game/StarterContent/Textures/T_Explosion_SubUV
[2016.05.09-06.33.41:465][732]AssetRegistry: Info /Game/StarterContent/Particles/Materials/m_flare_01
[2016.05.09-06.33.41:465][732]AssetRegistry: Info /Game/StarterContent/Particles/Materials/M_radial_ramp
[2016.05.09-06.33.41:465][732]AssetRegistry: Info /Game/StarterContent/Particles/Materials/M_smoke_subUV
[2016.05.09-06.33.41:465][732]AssetRegistry: Info /Game/StarterContent/Textures/T_Smoke_SubUV
[2016.05.09-06.33.41:465][732]AssetRegistry: Info /Game/StarterContent/Textures/T_Smoke_Tiled_D
[2016.05.09-06.33.41:465][732]AssetRegistry: Info /Game/StarterContent/Blueprints/Blueprint_Effect_Fire
[2016.05.09-06.33.41:465][732]AssetRegistry: Info /Game/StarterContent/Particles/P_Fire
[2016.05.09-06.33.41:465][732]AssetRegistry: Info /Game/StarterContent/Particles/Materials/M_Fire_SubUV
[2016.05.09-06.33.41:465][732]AssetRegistry: Info /Game/StarterContent/Textures/T_Fire_SubUV
[2016.05.09-06.33.41:465][732]AssetRegistry: Info /Game/StarterContent/Textures/T_Fire_Tiled_D
[2016.05.09-06.33.41:465][732]AssetRegistry: Info /Game/StarterContent/Particles/Materials/M_Heat_Distortion
[2016.05.09-06.33.41:465][732]AssetRegistry: Info /Game/StarterContent/Textures/T_Water_N
[2016.05.09-06.33.41:465][732]AssetRegistry: Info /Game/StarterContent/Particles/Materials/M_Radial_Gradient
[2016.05.09-06.33.41:465][732]AssetRegistry: Info /Game/StarterContent/Blueprints/Blueprint_Effect_Smoke
[2016.05.09-06.33.41:465][732]AssetRegistry: Info /Game/StarterContent/Particles/P_Smoke
[2016.05.09-06.33.41:465][732]AssetRegistry: Info /Game/StarterContent/Blueprints/Blueprint_Effect_Sparks
[2016.05.09-06.33.41:465][732]AssetRegistry: Info /Game/StarterContent/Particles/P_Sparks
[2016.05.09-06.33.41:465][732]AssetRegistry: Info /Game/StarterContent/Particles/Materials/M_Spark
[2016.05.09-06.33.41:465][732]AssetRegistry: Info /Game/StarterContent/Textures/T_Spark_Core
[2016.05.09-06.33.41:465][732]AssetRegistry: Info /Game/StarterContent/Blueprints/Blueprint_Effect_Steam
[2016.05.09-06.33.41:465][732]AssetRegistry: Info /Game/StarterContent/Particles/P_Steam_Lit
[2016.05.09-06.33.41:465][732]AssetRegistry: Info /Game/StarterContent/Blueprints/Blueprint_WallSconce
[2016.05.09-06.33.41:465][732]AssetRegistry: Info /Game/StarterContent/Props/SM_Lamp_Wall
[2016.05.09-06.33.41:465][732]AssetRegistry: Info /Game/StarterContent/Blueprints/BP_LightStudio
[2016.05.09-06.33.41:465][732]AssetRegistry: Info /Game/StarterContent/Blueprints/Assets/FogBrightnessLUT
[2016.05.09-06.33.41:465][732]AssetRegistry: Info /Game/StarterContent/Blueprints/Assets/SunlightColorLUT
[2016.05.09-06.33.41:465][732]AssetRegistry: Info /Game/StarterContent/Blueprints/Assets/M_LightStage_Arrows
[2016.05.09-06.33.41:465][732]AssetRegistry: Info /Game/StarterContent/Blueprints/Assets/M_LightStage_Skybox_Master
[2016.05.09-06.33.41:465][732]AssetRegistry: Info /Game/StarterContent/Blueprints/Assets/M_LightStage_Skybox_Black
[2016.05.09-06.33.41:465][732]AssetRegistry: Info /Game/StarterContent/Blueprints/Assets/M_LightStage_Skybox_HDRI
[2016.05.09-06.33.41:465][732]AssetRegistry: Info /Game/StarterContent/Blueprints/Assets/Skybox
[2016.05.09-06.33.41:465][732]AssetRegistry: Info /Game/StarterContent/Blueprints/Assets/SM_Arrows
[2016.05.09-06.33.41:465][732]AssetRegistry: Info /Game/StarterContent/HDRI/HDRI_Epic_Courtyard_Daylight
[2016.05.09-06.33.41:465][732]AssetRegistry: Info /Game/StarterContent/Maps/Advanced_Lighting
[2016.05.09-06.33.41:465][732]AssetRegistry: Info /Game/StarterContent/Maps/Minimal_Default
[2016.05.09-06.33.41:465][732]AssetRegistry: Info /Game/StarterContent/Materials/M_Metal_Brushed_Nickel
[2016.05.09-06.33.41:465][732]AssetRegistry: Info /Game/StarterContent/Textures/T_MacroVariation
[2016.05.09-06.33.41:465][732]AssetRegistry: Info /Game/StarterContent/Materials/M_Metal_Burnished_Steel
[2016.05.09-06.33.41:465][732]AssetRegistry: Info /Game/StarterContent/Textures/T_Metal_Aluminum_D
[2016.05.09-06.33.41:465][732]AssetRegistry: Info /Game/StarterContent/Textures/T_Metal_Gold_N
[2016.05.09-06.33.41:465][732]AssetRegistry: Info /Game/StarterContent/Materials/M_Metal_Copper
[2016.05.09-06.33.41:465][732]AssetRegistry: Info /Game/StarterContent/Textures/T_Metal_Copper_D
[2016.05.09-06.33.41:465][732]AssetRegistry: Info /Game/StarterContent/Props/Materials/M_Chair
[2016.05.09-06.33.41:465][732]AssetRegistry: Info /Game/StarterContent/Textures/T_Chair_M
[2016.05.09-06.33.41:465][732]AssetRegistry: Info /Game/StarterContent/Textures/T_Chair_N
[2016.05.09-06.33.41:465][732]AssetRegistry: Info /Game/StarterContent/Props/Materials/M_StatueGlass
[2016.05.09-06.33.41:465][732]AssetRegistry: Info /Game/StarterContent/Textures/T_Statue_M
[2016.05.09-06.33.41:465][732]AssetRegistry: Info /Game/StarterContent/Textures/T_Statue_N
[2016.05.09-06.33.41:465][732]AssetRegistry: Info /Game/StarterContent/Props/SM_Chair
[2016.05.09-06.33.41:465][732]AssetRegistry: Info /Game/StarterContent/Props/SM_Statue
[2016.05.09-06.33.41:465][732]AssetRegistry: Info /Game/StarterContent/Props/Materials/M_Statue
[2016.05.09-06.33.41:465][732]AssetRegistry: Info /Game/StarterContent/Props/SM_TableRound
[2016.05.09-06.33.41:465][732]AssetRegistry: Info /Game/StarterContent/Props/Materials/M_TableRound
[2016.05.09-06.33.41:465][732]AssetRegistry: Info /Game/StarterContent/Textures/T_TableRound_M
[2016.05.09-06.33.41:465][732]AssetRegistry: Info /Game/StarterContent/Textures/T_TableRound_N
[2016.05.09-06.33.41:465][732]AssetRegistry: Info /Game/StarterContent/Maps/StarterMap
[2016.05.09-06.33.41:465][732]AssetRegistry: Info /Game/StarterContent/Materials/M_Brick_Clay_Beveled
[2016.05.09-06.33.41:465][732]AssetRegistry: Info /Game/StarterContent/Textures/T_Brick_Clay_Beveled_D
[2016.05.09-06.33.41:465][732]AssetRegistry: Info /Game/StarterContent/Textures/T_Brick_Clay_Beveled_M
[2016.05.09-06.33.41:465][732]AssetRegistry: Info /Game/StarterContent/Textures/T_Brick_Clay_Beveled_N
[2016.05.09-06.33.41:465][732]AssetRegistry: Info /Game/StarterContent/Materials/M_Brick_Clay_New
[2016.05.09-06.33.41:465][732]AssetRegistry: Info /Game/StarterContent/Textures/T_Brick_Clay_New_D
[2016.05.09-06.33.41:465][732]AssetRegistry: Info /Game/StarterContent/Textures/T_Brick_Clay_New_M
[2016.05.09-06.33.41:465][732]AssetRegistry: Info /Game/StarterContent/Textures/T_Brick_Clay_New_N
[2016.05.09-06.33.41:465][732]AssetRegistry: Info /Game/StarterContent/Textures/T_Detail_Rocky_N
[2016.05.09-06.33.41:465][732]AssetRegistry: Info /Game/StarterContent/Materials/M_Brick_Clay_Old
[2016.05.09-06.33.41:465][732]AssetRegistry: Info /Game/StarterContent/Textures/T_Brick_Clay_Old_D
[2016.05.09-06.33.41:465][732]AssetRegistry: Info /Game/StarterContent/Textures/T_Brick_Clay_Old_N
[2016.05.09-06.33.41:465][732]AssetRegistry: Info /Game/StarterContent/Textures/T_Perlin_Noise_M
[2016.05.09-06.33.41:465][732]AssetRegistry: Info /Game/StarterContent/Materials/M_Brick_Cut_Stone
[2016.05.09-06.33.41:465][732]AssetRegistry: Info /Game/StarterContent/Textures/T_Brick_Cut_Stone_D
[2016.05.09-06.33.41:465][732]AssetRegistry: Info /Game/StarterContent/Textures/T_Brick_Cut_Stone_N
[2016.05.09-06.33.41:465][732]AssetRegistry: Info /Game/StarterContent/Materials/M_Brick_Hewn_Stone
[2016.05.09-06.33.41:465][732]AssetRegistry: Info /Game/StarterContent/Textures/T_Brick_Hewn_Stone_D
[2016.05.09-06.33.41:465][732]AssetRegistry: Info /Game/StarterContent/Textures/T_Brick_Hewn_Stone_M
[2016.05.09-06.33.41:466][732]AssetRegistry: Info /Game/StarterContent/Textures/T_Brick_Hewn_Stone_N
[2016.05.09-06.33.41:466][732]AssetRegistry: Info /Game/StarterContent/Materials/M_Ceramic_Tile_Checker
[2016.05.09-06.33.41:466][732]AssetRegistry: Info /Game/StarterContent/Textures/T_Ceramic_Tile_M
[2016.05.09-06.33.41:466][732]AssetRegistry: Info /Game/StarterContent/Textures/T_Ceramic_Tile_N
[2016.05.09-06.33.41:466][732]AssetRegistry: Info /Game/StarterContent/Textures/T_Rock_Marble_Polished_D
[2016.05.09-06.33.41:466][732]AssetRegistry: Info /Game/StarterContent/Materials/M_CobbleStone_Pebble
[2016.05.09-06.33.41:466][732]AssetRegistry: Info /Game/StarterContent/Textures/T_CobbleStone_Pebble_D
[2016.05.09-06.33.41:466][732]AssetRegistry: Info /Game/StarterContent/Textures/T_CobbleStone_Pebble_M
[2016.05.09-06.33.41:466][732]AssetRegistry: Info /Game/StarterContent/Textures/T_CobbleStone_Pebble_N
[2016.05.09-06.33.41:466][732]AssetRegistry: Info /Game/StarterContent/Materials/M_CobbleStone_Rough
[2016.05.09-06.33.41:466][732]AssetRegistry: Info /Game/StarterContent/Textures/T_CobbleStone_Rough_D
[2016.05.09-06.33.41:466][732]AssetRegistry: Info /Game/StarterContent/Textures/T_CobbleStone_Rough_N
[2016.05.09-06.33.41:466][732]AssetRegistry: Info /Game/StarterContent/Textures/T_Gradinet_01
[2016.05.09-06.33.41:466][732]AssetRegistry: Info /Game/StarterContent/Textures/T_Rock_Smooth_Granite_D
[2016.05.09-06.33.41:466][732]AssetRegistry: Info /Game/StarterContent/Materials/M_CobbleStone_Smooth
[2016.05.09-06.33.41:466][732]AssetRegistry: Info /Game/StarterContent/Textures/T_CobbleStone_Smooth_D
[2016.05.09-06.33.41:466][732]AssetRegistry: Info /Game/StarterContent/Textures/T_CobbleStone_Smooth_M
[2016.05.09-06.33.41:466][732]AssetRegistry: Info /Game/StarterContent/Textures/T_CobbleStone_Smooth_N
[2016.05.09-06.33.41:466][732]AssetRegistry: Info /Game/StarterContent/Materials/M_Concrete_Grime
[2016.05.09-06.33.41:466][732]AssetRegistry: Info /Game/StarterContent/Textures/T_Concrete_Grime_D
[2016.05.09-06.33.41:466][732]AssetRegistry: Info /Game/StarterContent/Textures/T_Metal_Rust_N
[2016.05.09-06.33.41:466][732]AssetRegistry: Info /Game/StarterContent/Materials/M_Concrete_Panels
[2016.05.09-06.33.41:466][732]AssetRegistry: Info /Game/StarterContent/Textures/T_Concrete_Panels_D
[2016.05.09-06.33.41:466][732]AssetRegistry: Info /Game/StarterContent/Textures/T_Concrete_Panels_N
[2016.05.09-06.33.41:466][732]AssetRegistry: Info /Game/StarterContent/Materials/M_Concrete_Poured
[2016.05.09-06.33.41:466][732]AssetRegistry: Info /Game/StarterContent/Textures/T_Concrete_Poured_D
[2016.05.09-06.33.41:466][732]AssetRegistry: Info /Game/StarterContent/Textures/T_Concrete_Poured_N
[2016.05.09-06.33.41:466][732]AssetRegistry: Info /Game/StarterContent/Materials/M_Concrete_Tiles
[2016.05.09-06.33.41:466][732]AssetRegistry: Info /Game/StarterContent/Textures/T_Concrete_Tiles_D
[2016.05.09-06.33.41:466][732]AssetRegistry: Info /Game/StarterContent/Textures/T_Concrete_Tiles_M
[2016.05.09-06.33.41:466][732]AssetRegistry: Info /Game/StarterContent/Textures/T_Concrete_Tiles_N
[2016.05.09-06.33.41:466][732]AssetRegistry: Info /Game/StarterContent/Textures/T_Concrete_Tiles_Variation_M
[2016.05.09-06.33.41:466][732]AssetRegistry: Info /Game/StarterContent/Materials/M_Ground_Grass
[2016.05.09-06.33.41:466][732]AssetRegistry: Info /Game/StarterContent/Textures/T_Ground_Grass_D
[2016.05.09-06.33.41:466][732]AssetRegistry: Info /Game/StarterContent/Textures/T_Ground_Grass_N
[2016.05.09-06.33.41:466][732]AssetRegistry: Info /Game/StarterContent/Materials/M_Ground_Gravel
[2016.05.09-06.33.41:466][732]AssetRegistry: Info /Game/StarterContent/Textures/T_Ground_Gravel_D
[2016.05.09-06.33.41:466][732]AssetRegistry: Info /Game/StarterContent/Textures/T_Ground_Gravel_N
[2016.05.09-06.33.41:466][732]AssetRegistry: Info /Game/StarterContent/Materials/M_Ground_Moss
[2016.05.09-06.33.41:466][732]AssetRegistry: Info /Game/StarterContent/Textures/T_ground_Moss_D
[2016.05.09-06.33.41:466][732]AssetRegistry: Info /Game/StarterContent/Textures/T_Ground_Moss_N
[2016.05.09-06.33.41:466][732]AssetRegistry: Info /Game/StarterContent/Materials/M_Metal_Chrome
[2016.05.09-06.33.41:466][732]AssetRegistry: Info /Game/StarterContent/Materials/M_Metal_Gold
[2016.05.09-06.33.41:466][732]AssetRegistry: Info /Game/StarterContent/Textures/T_Metal_Gold_D
[2016.05.09-06.33.41:466][732]AssetRegistry: Info /Game/StarterContent/Materials/M_Metal_Rust
[2016.05.09-06.33.41:466][732]AssetRegistry: Info /Game/StarterContent/Textures/T_Metal_Rust_D
[2016.05.09-06.33.41:466][732]AssetRegistry: Info /Game/StarterContent/Materials/M_Metal_Steel
[2016.05.09-06.33.41:466][732]AssetRegistry: Info /Game/StarterContent/Textures/T_Metal_Steel_D
[2016.05.09-06.33.41:466][732]AssetRegistry: Info /Game/StarterContent/Textures/T_Metal_Steel_N
[2016.05.09-06.33.41:466][732]AssetRegistry: Info /Game/StarterContent/Materials/M_Rock_Basalt
[2016.05.09-06.33.41:466][732]AssetRegistry: Info /Game/StarterContent/Textures/T_Rock_Basalt_D
[2016.05.09-06.33.41:466][732]AssetRegistry: Info /Game/StarterContent/Textures/T_Rock_Basalt_N
[2016.05.09-06.33.41:466][732]AssetRegistry: Info /Game/StarterContent/Materials/M_Rock_Marble_Polished
[2016.05.09-06.33.41:466][732]AssetRegistry: Info /Game/StarterContent/Materials/M_Rock_Sandstone
[2016.05.09-06.33.41:466][732]AssetRegistry: Info /Game/StarterContent/Textures/T_Rock_Sandstone_D
[2016.05.09-06.33.41:466][732]AssetRegistry: Info /Game/StarterContent/Textures/T_Rock_Sandstone_N
[2016.05.09-06.33.41:466][732]AssetRegistry: Info /Game/StarterContent/Materials/M_Rock_Slate
[2016.05.09-06.33.41:466][732]AssetRegistry: Info /Game/StarterContent/Textures/T_Rock_Slate_D
[2016.05.09-06.33.41:466][732]AssetRegistry: Info /Game/StarterContent/Textures/T_Rock_Slate_N
[2016.05.09-06.33.41:466][732]AssetRegistry: Info /Game/StarterContent/Materials/M_Tech_Checker_Dot
[2016.05.09-06.33.41:466][732]AssetRegistry: Info /Game/StarterContent/Textures/T_Checker_Noise_M
[2016.05.09-06.33.41:466][732]AssetRegistry: Info /Game/StarterContent/Textures/T_Single_Tile_N
[2016.05.09-06.33.41:466][732]AssetRegistry: Info /Game/StarterContent/Textures/T_Tech_Dot_M
[2016.05.09-06.33.41:466][732]AssetRegistry: Info /Game/StarterContent/Textures/T_Tech_Dot_N
[2016.05.09-06.33.41:466][732]AssetRegistry: Info /Game/StarterContent/Materials/M_Tech_Hex_Tile_Pulse
[2016.05.09-06.33.41:466][732]AssetRegistry: Info /Game/StarterContent/Materials/M_Tech_Panel
[2016.05.09-06.33.41:466][732]AssetRegistry: Info /Game/StarterContent/Textures/T_Tech_Panel_M
[2016.05.09-06.33.41:466][732]AssetRegistry: Info /Game/StarterContent/Textures/T_Tech_Panel_N
[2016.05.09-06.33.41:466][732]AssetRegistry: Info /Game/StarterContent/Materials/M_Water_Lake
[2016.05.09-06.33.41:466][732]AssetRegistry: Info /Game/StarterContent/Materials/M_Water_Ocean
[2016.05.09-06.33.41:466][732]AssetRegistry: Info /Game/StarterContent/Textures/T_Water_M
[2016.05.09-06.33.41:466][732]AssetRegistry: Info /Game/StarterContent/Materials/M_Wood_Floor_Walnut_Polished
[2016.05.09-06.33.41:466][732]AssetRegistry: Info /Game/StarterContent/Textures/T_Wood_Floor_Walnut_D
[2016.05.09-06.33.41:466][732]AssetRegistry: Info /Game/StarterContent/Textures/T_Wood_Floor_Walnut_M
[2016.05.09-06.33.41:466][732]AssetRegistry: Info /Game/StarterContent/Textures/T_Wood_Floor_Walnut_N
[2016.05.09-06.33.41:466][732]AssetRegistry: Info /Game/StarterContent/Materials/M_Wood_Floor_Walnut_Worn
[2016.05.09-06.33.41:466][732]AssetRegistry: Info /Game/StarterContent/Materials/M_Wood_Oak
[2016.05.09-06.33.41:466][732]AssetRegistry: Info /Game/StarterContent/Textures/T_Wood_Oak_D
[2016.05.09-06.33.41:466][732]AssetRegistry: Info /Game/StarterContent/Textures/T_Wood_Oak_N
[2016.05.09-06.33.41:466][732]AssetRegistry: Info /Game/StarterContent/Materials/M_Wood_Pine
[2016.05.09-06.33.41:466][732]AssetRegistry: Info /Game/StarterContent/Textures/T_Wood_Pine_D
[2016.05.09-06.33.41:466][732]AssetRegistry: Info /Game/StarterContent/Textures/T_Wood_Pine_N
[2016.05.09-06.33.41:466][732]AssetRegistry: Info /Game/StarterContent/Materials/M_Wood_Walnut
[2016.05.09-06.33.41:466][732]AssetRegistry: Info /Game/StarterContent/Textures/T_Wood_Walnut_D
[2016.05.09-06.33.41:466][732]AssetRegistry: Info /Game/StarterContent/Textures/T_Wood_Walnut_N
[2016.05.09-06.33.41:466][732]AssetRegistry: Info /Game/StarterContent/Particles/P_Ambient_Dust
[2016.05.09-06.33.41:466][732]AssetRegistry: Info /Game/StarterContent/Particles/Materials/M_Dust_Particle
[2016.05.09-06.33.41:466][732]AssetRegistry: Info /Game/StarterContent/Textures/T_Dust_Particle_D
[2016.05.09-06.33.41:466][732]AssetRegistry: Info /Game/StarterContent/Props/MaterialSphere
[2016.05.09-06.33.41:466][732]AssetRegistry: Info /Game/StarterContent/Props/SM_CornerFrame
[2016.05.09-06.33.41:466][732]AssetRegistry: Info /Game/StarterContent/Props/Materials/M_Frame
[2016.05.09-06.33.41:466][732]AssetRegistry: Info /Game/StarterContent/Textures/T_Frame_M
[2016.05.09-06.33.41:466][732]AssetRegistry: Info /Game/StarterContent/Textures/T_Frame_N
[2016.05.09-06.33.41:466][732]AssetRegistry: Info /Game/StarterContent/Props/SM_DoorFrame
[2016.05.09-06.33.41:466][732]AssetRegistry: Info /Game/StarterContent/Props/SM_GlassWindow
[2016.05.09-06.33.41:466][732]AssetRegistry: Info /Game/StarterContent/Props/SM_PillarFrame
[2016.05.09-06.33.41:466][732]AssetRegistry: Info /Game/StarterContent/Props/SM_PillarFrame300
[2016.05.09-06.33.41:467][732]AssetRegistry: Info /Game/StarterContent/Props/SM_WindowFrame
[2016.05.09-06.33.41:467][732]AssetRegistry: Info /Game/StarterContent/Shapes/Shape_Cube
[2016.05.09-06.33.41:467][732]AssetRegistry: Info /Game/StarterContent/Shapes/Shape_Sphere
[2016.05.09-06.33.41:467][732]AssetRegistry: Info /Game/StarterContent/Materials/M_ColorGrid_LowSpec
[2016.05.09-06.33.41:467][732]AssetRegistry: Info /Game/StarterContent/Props/SM_Bush
[2016.05.09-06.33.41:467][732]AssetRegistry: Info /Game/StarterContent/Props/Materials/M_Bush
[2016.05.09-06.33.41:467][732]AssetRegistry: Info /Game/StarterContent/Textures/T_Bush_D
[2016.05.09-06.33.41:467][732]AssetRegistry: Info /Game/StarterContent/Textures/T_Bush_N
[2016.05.09-06.33.41:467][732]AssetRegistry: Info /Game/StarterContent/Props/SM_Couch
[2016.05.09-06.33.41:467][732]AssetRegistry: Info /Game/StarterContent/Props/SM_Door
[2016.05.09-06.33.41:467][732]AssetRegistry: Info /Game/StarterContent/Props/Materials/M_Door
[2016.05.09-06.33.41:467][732]AssetRegistry: Info /Game/StarterContent/Textures/T_Door_M
[2016.05.09-06.33.41:467][732]AssetRegistry: Info /Game/StarterContent/Textures/T_Door_N
[2016.05.09-06.33.41:467][732]AssetRegistry: Info /Game/StarterContent/Props/SM_MatPreviewMesh_02
[2016.05.09-06.33.41:467][732]AssetRegistry: Info /Game/StarterContent/Props/Materials/M_MaterialSphere
[2016.05.09-06.33.41:467][732]AssetRegistry: Info /Game/StarterContent/Props/Materials/M_MaterialSphere_Plain
[2016.05.09-06.33.41:467][732]AssetRegistry: Info /Game/StarterContent/Props/SM_Rock
[2016.05.09-06.33.41:467][732]AssetRegistry: Info /Game/StarterContent/Props/Materials/M_Rock
[2016.05.09-06.33.41:467][732]AssetRegistry: Info /Game/StarterContent/Textures/T_RockMesh_M
[2016.05.09-06.33.41:467][732]AssetRegistry: Info /Game/StarterContent/Textures/T_RockMesh_N
[2016.05.09-06.33.41:467][732]AssetRegistry: Info /Game/StarterContent/Props/SM_Shelf
[2016.05.09-06.33.41:467][732]AssetRegistry: Info /Game/StarterContent/Props/Materials/M_Shelf
[2016.05.09-06.33.41:467][732]AssetRegistry: Info /Game/StarterContent/Textures/T_Shelf_M
[2016.05.09-06.33.41:467][732]AssetRegistry: Info /Game/StarterContent/Textures/T_Shelf_N
[2016.05.09-06.33.41:467][732]AssetRegistry: Info /Game/StarterContent/Props/SM_Stairs
[2016.05.09-06.33.41:467][732]AssetRegistry: Info /Game/StarterContent/Shapes/Shape_Cone
[2016.05.09-06.33.41:467][732]AssetRegistry: Info /Game/StarterContent/Shapes/Shape_Cylinder
[2016.05.09-06.33.41:467][732]AssetRegistry: Info /Game/StarterContent/Shapes/Shape_NarrowCapsule
[2016.05.09-06.33.41:467][732]AssetRegistry: Info /Game/StarterContent/Shapes/Shape_Pipe
[2016.05.09-06.33.41:467][732]AssetRegistry: Info /Game/StarterContent/Shapes/Shape_Pipe_180
[2016.05.09-06.33.41:467][732]AssetRegistry: Info /Game/StarterContent/Shapes/Shape_Pipe_90
[2016.05.09-06.33.41:467][732]AssetRegistry: Info /Game/StarterContent/Shapes/Shape_Plane
[2016.05.09-06.33.41:467][732]AssetRegistry: Info /Game/StarterContent/Shapes/Shape_Torus
[2016.05.09-06.33.41:467][732]AssetRegistry: Info /Game/StarterContent/Shapes/Shape_Trim
[2016.05.09-06.33.41:467][732]AssetRegistry: Info /Game/StarterContent/Shapes/Shape_Trim_90_In
[2016.05.09-06.33.41:467][732]AssetRegistry: Info /Game/StarterContent/Shapes/Shape_Trim_90_Out
[2016.05.09-06.33.41:467][732]AssetRegistry: Info /Game/StarterContent/Shapes/Shape_Tube
[2016.05.09-06.33.41:467][732]AssetRegistry: Info /Game/StarterContent/Shapes/Shape_Wedge_A
[2016.05.09-06.33.41:467][732]AssetRegistry: Info /Game/StarterContent/Shapes/Shape_Wedge_B
[2016.05.09-06.33.41:467][732]AssetRegistry: Info /Game/StarterContent/Shapes/Shape_WideCapsule
[2016.05.09-06.33.44:884][116]LogWindowsTextInputMethodSystem:Display: IME system now deactivated.
[2016.05.09-06.33.45:060][117]Cmd: QUIT_EDITOR
[2016.05.09-06.33.45:155][117]LogExit: Preparing to exit.
[2016.05.09-06.33.45:852][117]LogExit: Editor shut down
[2016.05.09-06.33.45:852][117]LogExit: Transaction tracking system shut down
[2016.05.09-06.33.45:948][117]LogObj: Freed 0b from 0 cluster array pools.
[2016.05.09-06.33.45:949][117]LogExit: Object subsystem successfully closed.
[2016.05.09-06.33.45:961][117]LogD3D11RHI: Shutdown
[2016.05.09-06.33.45:961][117]LogD3D11RHI: CleanupD3DDevice
[2016.05.09-06.33.46:029][117]LogD3D11RHI: ~FD3D11DynamicRHI
[2016.05.09-06.33.46:437][117]LogDerivedDataCache: Shutdown
[2016.05.09-06.33.46:437][117]LogModuleManager: Shutting down and abandoning module HierarchicalLODOutliner (205)
[2016.05.09-06.33.46:437][117]LogModuleManager: Shutting down and abandoning module CrashTracker (204)
[2016.05.09-06.33.46:437][117]LogModuleManager: Shutting down and abandoning module SceneOutliner (203)
[2016.05.09-06.33.46:437][117]LogModuleManager: Shutting down and abandoning module WorldBrowser (202)
[2016.05.09-06.33.46:437][117]LogModuleManager: Shutting down and abandoning module SuperSearch (201)
[2016.05.09-06.33.46:438][117]LogModuleManager: Shutting down and abandoning module WidgetCarousel (200)
[2016.05.09-06.33.46:438][117]LogModuleManager: Shutting down and abandoning module AddContentDialog (199)
[2016.05.09-06.33.46:438][117]LogModuleManager: Shutting down and abandoning module GameplayTags (198)
[2016.05.09-06.33.46:438][117]LogModuleManager: Shutting down and abandoning module EditorWidgets (197)
[2016.05.09-06.33.46:438][117]LogModuleManager: Shutting down and abandoning module CollectionManager (196)
[2016.05.09-06.33.46:439][117]LogModuleManager: Shutting down and abandoning module StatsViewer (195)
[2016.05.09-06.33.46:439][117]LogModuleManager: Shutting down and abandoning module FoliageEdit (194)
[2016.05.09-06.33.46:439][117]LogModuleManager: Shutting down and abandoning module LandscapeEditor (193)
[2016.05.09-06.33.46:439][117]LogModuleManager: Shutting down and abandoning module ActorPickerMode (192)
[2016.05.09-06.33.46:439][117]LogModuleManager: Shutting down and abandoning module GeometryMode (191)
[2016.05.09-06.33.46:439][117]LogModuleManager: Shutting down and abandoning module TextureAlignMode (190)
[2016.05.09-06.33.46:439][117]LogModuleManager: Shutting down and abandoning module BspMode (189)
[2016.05.09-06.33.46:439][117]LogModuleManager: Shutting down and abandoning module PlacementMode (188)
[2016.05.09-06.33.46:439][117]LogModuleManager: Shutting down and abandoning module AutomationWorker (187)
[2016.05.09-06.33.46:439][117]LogModuleManager: Shutting down and abandoning module CharacterAI (186)
[2016.05.09-06.33.46:439][117]LogModuleManager: Shutting down and abandoning module SmartSnapping (185)
[2016.05.09-06.33.46:439][117]LogModuleManager: Shutting down and abandoning module ViewportSnapping (184)
[2016.05.09-06.33.46:439][117]LogModuleManager: Shutting down and abandoning module LogVisualizer (183)
[2016.05.09-06.33.46:439][117]LogModuleManager: Shutting down and abandoning module GameProjectGeneration (182)
[2016.05.09-06.33.46:439][117]LogModuleManager: Shutting down and abandoning module IntroTutorials (181)
[2016.05.09-06.33.46:439][117]LogModuleManager: Shutting down and abandoning module EditorLiveStreaming (180)
[2016.05.09-06.33.46:439][117]LogModuleManager: Shutting down and abandoning module IOSPlatformEditor (179)
[2016.05.09-06.33.46:439][117]LogModuleManager: Shutting down and abandoning module HTML5PlatformEditor (178)
[2016.05.09-06.33.46:439][117]LogModuleManager: Shutting down and abandoning module AndroidDeviceDetection (177)
[2016.05.09-06.33.46:461][117]LogModuleManager: Shutting down and abandoning module AndroidPlatformEditor (176)
[2016.05.09-06.33.46:461][117]LogModuleManager: Shutting down and abandoning module IOSRuntimeSettings (175)
[2016.05.09-06.33.46:461][117]LogModuleManager: Shutting down and abandoning module AndroidRuntimeSettings (174)
[2016.05.09-06.33.46:461][117]LogModuleManager: Shutting down and abandoning module MergeActors (173)
[2016.05.09-06.33.46:461][117]LogModuleManager: Shutting down and abandoning module SizeMap (172)
[2016.05.09-06.33.46:461][117]LogModuleManager: Shutting down and abandoning module TreeMap (171)
[2016.05.09-06.33.46:461][117]LogModuleManager: Shutting down and abandoning module ReferenceViewer (170)
[2016.05.09-06.33.46:461][117]LogModuleManager: Shutting down and abandoning module LocalizationService (169)
[2016.05.09-06.33.46:461][117]LogModuleManager: Shutting down and abandoning module LocalizationDashboard (168)
[2016.05.09-06.33.46:461][117]LogModuleManager: Shutting down and abandoning module HardwareTargeting (167)
[2016.05.09-06.33.46:461][117]LogModuleManager: Shutting down and abandoning module DeviceProfileEditor (166)
[2016.05.09-06.33.46:461][117]LogModuleManager: Shutting down and abandoning module UndoHistory (165)
[2016.05.09-06.33.46:461][117]LogModuleManager: Shutting down and abandoning module UserFeedback (164)
[2016.05.09-06.33.46:461][117]LogModuleManager: Shutting down and abandoning module XmlParser (163)
[2016.05.09-06.33.46:461][117]LogModuleManager: Shutting down and abandoning module Blutility (162)
[2016.05.09-06.33.46:461][117]LogModuleManager: Shutting down and abandoning module ProjectTargetPlatformEditor (161)
[2016.05.09-06.33.46:461][117]LogModuleManager: Shutting down and abandoning module ProjectSettingsViewer (160)
[2016.05.09-06.33.46:461][117]LogModuleManager: Shutting down and abandoning module InputBindingEditor (159)
[2016.05.09-06.33.46:461][117]LogModuleManager: Shutting down and abandoning module EditorSettingsViewer (158)
[2016.05.09-06.33.46:461][117]LogModuleManager: Shutting down and abandoning module SettingsEditor (157)
[2016.05.09-06.33.46:461][117]LogModuleManager: Shutting down and abandoning module ProjectLauncher (156)
[2016.05.09-06.33.46:461][117]LogModuleManager: Shutting down and abandoning module SessionFrontend (155)
[2016.05.09-06.33.46:461][117]LogModuleManager: Shutting down and abandoning module ProfilerClient (154)
[2016.05.09-06.33.46:461][117]LogModuleManager: Shutting down and abandoning module TargetDeviceServices (153)
[2016.05.09-06.33.46:461][117]LogModuleManager: Shutting down and abandoning module DeviceManager (152)
[2016.05.09-06.33.46:492][117]LogModuleManager: Shutting down and abandoning module AutomationController (151)
[2016.05.09-06.33.46:492][117]LogModuleManager: Shutting down and abandoning module AutomationWindow (150)
[2016.05.09-06.33.46:492][117]LogModuleManager: Shutting down and abandoning module Layers (149)
[2016.05.09-06.33.46:492][117]LogModuleManager: Shutting down and abandoning module ComponentVisualizers (148)
[2016.05.09-06.33.46:492][117]LogModuleManager: Shutting down and abandoning module DetailCustomizations (147)
[2016.05.09-06.33.46:492][117]LogModuleManager: Shutting down and abandoning module PackagesDialog (146)
[2016.05.09-06.33.46:492][117]LogModuleManager: Shutting down and abandoning module Persona (145)
[2016.05.09-06.33.46:493][117]LogModuleManager: Shutting down and abandoning module Kismet (144)
[2016.05.09-06.33.46:493][117]LogModuleManager: Shutting down and abandoning module GraphEditor (143)
[2016.05.09-06.33.46:493][117]LogModuleManager: Shutting down and abandoning module ClassViewer (142)
[2016.05.09-06.33.46:493][117]LogModuleManager: Shutting down and abandoning module Toolbox (141)
[2016.05.09-06.33.46:493][117]LogModuleManager: Shutting down and abandoning module ModuleUI (140)
[2016.05.09-06.33.46:493][117]LogModuleManager: Shutting down and abandoning module MovieSceneTools (139)
[2016.05.09-06.33.46:493][117]LogModuleManager: Shutting down and abandoning module OutputLog (138)
[2016.05.09-06.33.46:493][117]LogModuleManager: Shutting down and abandoning module GammaUI (137)
[2016.05.09-06.33.46:493][117]LogModuleManager: Shutting down and abandoning module Documentation (136)
[2016.05.09-06.33.46:493][117]LogModuleManager: Shutting down and abandoning module StreamingPauseRendering (135)
[2016.05.09-06.33.46:493][117]LogModuleManager: Shutting down and abandoning module AnalyticsET (134)
[2016.05.09-06.33.46:493][117]LogModuleManager: Shutting down and abandoning module Analytics (133)
[2016.05.09-06.33.46:493][117]LogModuleManager: Shutting down and abandoning module PortalServices (132)
[2016.05.09-06.33.46:493][117]LogModuleManager: Shutting down and abandoning module PortalRpc (131)
[2016.05.09-06.33.46:493][117]LogModuleManager: Shutting down and abandoning module MessagingRpc (130)
[2016.05.09-06.33.46:493][117]LogModuleManager: Shutting down and abandoning module AITestSuite (129)
[2016.05.09-06.33.46:493][117]LogModuleManager: Shutting down and abandoning module GameplayDebugger (128)
[2016.05.09-06.33.46:493][117]LogModuleManager: Shutting down and abandoning module AIModule (127)
[2016.05.09-06.33.46:493][117]LogModuleManager: Shutting down and abandoning module ProfilerService (126)
[2016.05.09-06.33.46:637][117]LogModuleManager: Shutting down and abandoning module TaskGraph (125)
[2016.05.09-06.33.46:637][117]LogModuleManager: Shutting down and abandoning module SlateRemote (124)
[2016.05.09-06.33.46:637][117]LogModuleManager: Shutting down and abandoning module SteamVRController (123)
[2016.05.09-06.33.46:637][117]LogModuleManager: Shutting down and abandoning module SteamVR (122)
[2016.05.09-06.33.46:637][117]LogModuleManager: Shutting down and abandoning module ProceduralMeshComponent (121)
[2016.05.09-06.33.46:637][117]LogModuleManager: Shutting down and abandoning module OculusLibrary (120)
[2016.05.09-06.33.46:637][117]LogModuleManager: Shutting down and abandoning module OculusInput (119)
[2016.05.09-06.33.46:637][117]LogModuleManager: Shutting down and abandoning module CustomMeshComponent (118)
[2016.05.09-06.33.46:637][117]LogModuleManager: Shutting down and abandoning module CableComponent (117)
[2016.05.09-06.33.46:637][117]LogModuleManager: Shutting down and abandoning module ArchVisCharacter (116)
[2016.05.09-06.33.46:637][117]LogModuleManager: Shutting down and abandoning module MediaPlayerEditor (115)
[2016.05.09-06.33.46:637][117]LogModuleManager: Shutting down and abandoning module HTML5Networking (114)
[2016.05.09-06.33.46:637][117]LogModuleManager: Shutting down and abandoning module SpeedTreeImporter (113)
[2016.05.09-06.33.46:637][117]LogModuleManager: Shutting down and abandoning module PluginBrowser (112)
[2016.05.09-06.33.46:637][117]LogModuleManager: Shutting down and abandoning module EpicSurvey (111)
[2016.05.09-06.33.46:637][117]LogModuleManager: Shutting down and abandoning module DesktopPlatform (110)
[2016.05.09-06.33.46:637][117]LogModuleManager: Shutting down and abandoning module VisualStudioSourceCodeAccess (109)
[2016.05.09-06.33.46:637][117]LogModuleManager: Shutting down and abandoning module UObjectPlugin (108)
[2016.05.09-06.33.46:637][117]LogModuleManager: Shutting down and abandoning module SubversionSourceControl (107)
[2016.05.09-06.33.46:637][117]LogModuleManager: Shutting down and abandoning module PerforceSourceControl (106)
[2016.05.09-06.33.46:637][117]LogModuleManager: Shutting down and abandoning module SourceControl (105)
[2016.05.09-06.33.46:637][117]LogModuleManager: Shutting down and abandoning module GitSourceControl (104)
[2016.05.09-06.33.46:637][117]LogModuleManager: Shutting down and abandoning module LightPropagationVolumeEditor (103)
[2016.05.09-06.33.46:637][117]LogModuleManager: Shutting down and abandoning module PaperTiledImporter (102)
[2016.05.09-06.33.46:638][117]LogModuleManager: Shutting down and abandoning module PaperSpriteSheetImporter (101)
[2016.05.09-06.33.46:638][117]LogModuleManager: Shutting down and abandoning module MeshPaint (100)
[2016.05.09-06.33.46:638][117]LogModuleManager: Shutting down and abandoning module HotReload (99)
[2016.05.09-06.33.46:638][117]LogModuleManager: Shutting down and abandoning module MainFrame (98)
[2016.05.09-06.33.46:638][117]LogModuleManager: Shutting down and abandoning module LevelEditor (97)
[2016.05.09-06.33.46:639][117]LogModuleManager: Shutting down and abandoning module DirectoryWatcher (96)
[2016.05.09-06.33.46:639][117]LogModuleManager: Shutting down and abandoning module AssetRegistry (95)
[2016.05.09-06.33.46:754][117]LogModuleManager: Shutting down and abandoning module ContentBrowser (94)
[2016.05.09-06.33.46:754][117]LogModuleManager: Shutting down and abandoning module Paper2DEditor (93)
[2016.05.09-06.33.46:754][117]LogModuleManager: Shutting down and abandoning module UdpMessaging (92)
[2016.05.09-06.33.46:856][117]LogModuleManager: Shutting down and abandoning module LightPropagationVolumeRuntime (91)
[2016.05.09-06.33.46:856][117]LogModuleManager: Shutting down and abandoning module Paper2D (90)
[2016.05.09-06.33.46:856][117]LogModuleManager: Shutting down and abandoning module WindowsMoviePlayer (89)
[2016.05.09-06.33.46:856][117]LogModuleManager: Shutting down and abandoning module Media (88)
[2016.05.09-06.33.46:856][117]LogModuleManager: Shutting down and abandoning module WmfMedia (87)
[2016.05.09-06.33.46:856][117]LogModuleManager: Shutting down and abandoning module MediaAssets (86)
[2016.05.09-06.33.46:856][117]LogModuleManager: Shutting down and abandoning module GameLiveStreaming (85)
[2016.05.09-06.33.46:856][117]LogModuleManager: Shutting down and abandoning module GameplayTagsEditor (84)
[2016.05.09-06.33.46:856][117]LogModuleManager: Shutting down and abandoning module OnlineBlueprintSupport (83)
[2016.05.09-06.33.46:856][117]LogModuleManager: Shutting down and abandoning module GameplayTasksEditor (82)
[2016.05.09-06.33.46:856][117]LogModuleManager: Shutting down and abandoning module PropertyEditor (81)
[2016.05.09-06.33.46:856][117]LogModuleManager: Shutting down and abandoning module BehaviorTreeEditor (80)
[2016.05.09-06.33.46:856][117]LogModuleManager: Shutting down and abandoning module FunctionalTesting (79)
[2016.05.09-06.33.46:856][117]LogModuleManager: Shutting down and abandoning module CollisionAnalyzer (78)
[2016.05.09-06.33.46:856][117]LogModuleManager: Shutting down and abandoning module WorkspaceMenuStructure (77)
[2016.05.09-06.33.46:856][117]LogModuleManager: Shutting down and abandoning module MessageLog (76)
[2016.05.09-06.33.46:856][117]LogModuleManager: Shutting down and abandoning module Sequencer (75)
[2016.05.09-06.33.46:856][117]LogModuleManager: Shutting down and abandoning module AssetTools (74)
[2016.05.09-06.33.46:856][117]LogModuleManager: Shutting down and abandoning module UMGEditor (73)
[2016.05.09-06.33.46:856][117]LogModuleManager: Shutting down and abandoning module UMG (72)
[2016.05.09-06.33.46:856][117]LogModuleManager: Shutting down and abandoning module SlateReflector (71)
[2016.05.09-06.33.46:856][117]LogModuleManager: Shutting down and abandoning module Slate (70)
[2016.05.09-06.33.46:856][117]LogModuleManager: Shutting down and abandoning module EditorStyle (69)
[2016.05.09-06.33.46:858][117]LogModuleManager: Shutting down and abandoning module SessionServices (68)
[2016.05.09-06.33.46:858][117]LogModuleManager: Shutting down and abandoning module SourceCodeAccess (67)
[2016.05.09-06.33.46:858][117]LogModuleManager: Shutting down and abandoning module HeadMountedDisplay (66)
[2016.05.09-06.33.46:858][117]LogModuleManager: Shutting down and abandoning module XAudio2 (65)
[2016.05.09-06.33.46:858][117]LogModuleManager: Shutting down and abandoning module Networking (63)
[2016.05.09-06.33.46:858][117]LogModuleManager: Shutting down and abandoning module Core (62)
[2016.05.09-06.33.46:858][117]LogModuleManager: Shutting down and abandoning module KismetCompiler (61)
[2016.05.09-06.33.46:859][117]LogModuleManager: Shutting down and abandoning module PhysXFormats (60)
[2016.05.09-06.33.46:859][117]LogModuleManager: Shutting down and abandoning module MeshUtilities (59)
[2016.05.09-06.33.46:859][117]LogModuleManager: Shutting down and abandoning module CookingStats (58)
[2016.05.09-06.33.46:859][117]LogModuleManager: Shutting down and abandoning module DerivedDataCache (57)
[2016.05.09-06.33.46:859][117]LogDerivedDataCache: Shutdown
[2016.05.09-06.33.46:859][117]LogModuleManager: Shutting down and abandoning module ShaderFormatOpenGL (56)
[2016.05.09-06.33.46:859][117]LogModuleManager: Shutting down and abandoning module ShaderFormatD3D (55)
[2016.05.09-06.33.46:859][117]LogModuleManager: Shutting down and abandoning module MetalShaderFormat (54)
[2016.05.09-06.33.46:859][117]LogModuleManager: Shutting down and abandoning module TextureFormatUncompressed (53)
[2016.05.09-06.33.46:859][117]LogModuleManager: Shutting down and abandoning module TextureFormatPVR (52)
[2016.05.09-06.33.46:859][117]LogModuleManager: Shutting down and abandoning module TextureFormatIntelISPCTexComp (51)
[2016.05.09-06.33.46:859][117]LogModuleManager: Shutting down and abandoning module TextureFormatDXT (50)
[2016.05.09-06.33.46:859][117]LogModuleManager: Shutting down and abandoning module ImageWrapper (49)
[2016.05.09-06.33.46:859][117]LogModuleManager: Shutting down and abandoning module TextureFormatASTC (48)
[2016.05.09-06.33.46:859][117]LogModuleManager: Shutting down and abandoning module TextureFormatAndroid (47)
[2016.05.09-06.33.46:859][117]LogModuleManager: Shutting down and abandoning module AudioFormatOpus (46)
[2016.05.09-06.33.46:859][117]LogModuleManager: Shutting down and abandoning module AudioFormatOgg (45)
[2016.05.09-06.33.46:859][117]LogModuleManager: Shutting down and abandoning module AudioFormatADPCM (44)
[2016.05.09-06.33.46:859][117]LogModuleManager: Shutting down and abandoning module LinuxTargetPlatform (43)
[2016.05.09-06.33.46:859][117]LogModuleManager: Shutting down and abandoning module LinuxServerTargetPlatform (42)
[2016.05.09-06.33.46:859][117]LogModuleManager: Shutting down and abandoning module LinuxNoEditorTargetPlatform (41)
[2016.05.09-06.33.46:859][117]LogModuleManager: Shutting down and abandoning module TVOSTargetPlatform (40)
[2016.05.09-06.33.46:859][117]LogModuleManager: Shutting down and abandoning module Messaging (39)
[2016.05.09-06.33.46:859][117]LogModuleManager: Shutting down and abandoning module IOSTargetPlatform (38)
[2016.05.09-06.33.46:859][117]LogModuleManager: Shutting down and abandoning module HTML5TargetPlatform (37)
[2016.05.09-06.33.46:859][117]LogModuleManager: Shutting down and abandoning module Android_PVRTCTargetPlatform (36)
[2016.05.09-06.33.46:859][117]LogModuleManager: Shutting down and abandoning module Android_MultiTargetPlatform (35)
[2016.05.09-06.33.46:859][117]LogModuleManager: Shutting down and abandoning module Android_ETC2TargetPlatform (34)
[2016.05.09-06.33.46:859][117]LogModuleManager: Shutting down and abandoning module Android_ETC1TargetPlatform (33)
[2016.05.09-06.33.46:859][117]LogModuleManager: Shutting down and abandoning module Android_DXTTargetPlatform (32)
[2016.05.09-06.33.46:859][117]LogModuleManager: Shutting down and abandoning module Android_ATCTargetPlatform (31)
[2016.05.09-06.33.46:859][117]LogModuleManager: Shutting down and abandoning module Android_ASTCTargetPlatform (30)
[2016.05.09-06.33.46:859][117]LogModuleManager: Shutting down and abandoning module AndroidTargetPlatform (29)
[2016.05.09-06.33.46:859][117]LogModuleManager: Shutting down and abandoning module WindowsTargetPlatform (28)
[2016.05.09-06.33.46:859][117]LogModuleManager: Shutting down and abandoning module WindowsServerTargetPlatform (27)
[2016.05.09-06.33.46:859][117]LogModuleManager: Shutting down and abandoning module WindowsNoEditorTargetPlatform (26)
[2016.05.09-06.33.46:859][117]LogModuleManager: Shutting down and abandoning module WindowsClientTargetPlatform (25)
[2016.05.09-06.33.46:859][117]LogModuleManager: Shutting down and abandoning module AllDesktopTargetPlatform (24)
[2016.05.09-06.33.46:859][117]LogModuleManager: Shutting down and abandoning module TargetPlatform (23)
[2016.05.09-06.33.46:859][117]LogModuleManager: Shutting down and abandoning module InputCore (22)
[2016.05.09-06.33.46:859][117]LogModuleManager: Shutting down and abandoning module Settings (21)
[2016.05.09-06.33.46:859][117]LogModuleManager: Shutting down and abandoning module OnlineSubsystem (19)
[2016.05.09-06.33.46:859][117]LogModuleManager: Shutting down and abandoning module HTTP (18)
[2016.05.09-06.33.48:861][117]LogModuleManager: Shutting down and abandoning module XMPP (17)
[2016.05.09-06.33.48:861][117]LogModuleManager: Shutting down and abandoning module OculusRift (16)
[2016.05.09-06.33.48:861][117]LogModuleManager: Shutting down and abandoning module ExampleDeviceProfileSelector (15)
[2016.05.09-06.33.48:861][117]LogModuleManager: Shutting down and abandoning module TextureCompressor (14)
[2016.05.09-06.33.48:861][117]LogModuleManager: Shutting down and abandoning module ShaderCore (13)
[2016.05.09-06.33.48:861][117]LogModuleManager: Shutting down and abandoning module Landscape (12)
[2016.05.09-06.33.48:861][117]LogModuleManager: Shutting down and abandoning module SlateRHIRenderer (11)
[2016.05.09-06.33.48:862][117]LogModuleManager: Shutting down and abandoning module OpenGLDrv (10)
[2016.05.09-06.33.48:862][117]LogModuleManager: Shutting down and abandoning module D3D11RHI (9)
[2016.05.09-06.33.48:862][117]LogModuleManager: Shutting down and abandoning module AnimGraphRuntime (8)
[2016.05.09-06.33.48:862][117]LogModuleManager: Shutting down and abandoning module Renderer (7)
[2016.05.09-06.33.48:862][117]LogModuleManager: Shutting down and abandoning module Engine (6)
[2016.05.09-06.33.48:862][117]LogModuleManager: Shutting down and abandoning module CoreUObject (5)
[2016.05.09-06.33.48:862][117]LogModuleManager: Shutting down and abandoning module NetworkFile (4)
[2016.05.09-06.33.48:862][117]LogModuleManager: Shutting down and abandoning module StreamingFile (3)
[2016.05.09-06.33.48:862][117]LogModuleManager: Shutting down and abandoning module SandboxFile (2)
[2016.05.09-06.33.48:862][117]LogModuleManager: Shutting down and abandoning module PakFile (1)
[2016.05.09-06.33.48:864][117]LogExit: Exiting.
[2016.05.09-06.33.48:872][117]Log file closed, 05/08/16 23:33:48
