Log file open, 05/18/16 15:39:29
LogInit:Display: Running engine for game: GameJamRigging
LogPlatformFile: Not using cached read wrapper
LogInit:Display: RandInit(1787500548) SRandInit(1787500550).
LogTaskGraph: Started task graph with 4 named threads and 7 total threads.
LogStats: Stats thread started at 0.086515
LogInit: Version: 4.11.2-2946394+++UE4+Release-4.11
LogInit: API Version: 2927265
LogInit: Compiled (64-bit): Apr 18 2016 02:18:46
LogInit: Compiled with Visual C++: 19.00.23026.00
LogInit: Build Configuration: Development
LogInit: Branch Name: ++UE4+Release-4.11
LogInit: Command line:  
LogInit: Base directory: C:/Program Files (x86)/Epic Games/4.11/Engine/Binaries/Win64/
LogInit: Installed Engine Build: 1
LogInit: Using libcurl 7.41.0
LogInit:  - built for x86_64-pc-win32
LogInit:  - supports SSL with WinSSL
LogInit:  - other features:
LogInit:      CURL_VERSION_SSL
LogInit:      CURL_VERSION_IPV6
LogInit:      CURL_VERSION_ASYNCHDNS
LogInit:      CURL_VERSION_LARGEFILE
LogInit:      CURL_VERSION_IDN
LogInit:  CurlRequestOptions (configurable via config and command line):
LogInit:  - bVerifyPeer = true  - Libcurl will verify peer certificate
LogInit:  - bUseHttpProxy = false  - Libcurl will NOT use HTTP proxy
LogInit:  - bDontReuseConnections = false  - Libcurl will reuse connections
LogInit:  - CertBundlePath = nullptr  - Libcurl will use whatever was configured at build time.
LogInit: Presizing for max 16777216 objects, including 0 objects not considered by GC, pre-allocating 0 bytes for permanent pool.
LogInit: Object subsystem initialized
[2016.05.18-22.39.29:895][  0]LogInit: Selected Device Profile: [Windows]
[2016.05.18-22.39.29:895][  0]LogInit: Applying CVar settings loaded from the selected device profile: [Windows]
[2016.05.18-22.39.29:916][  0]LogInit: Computer: DUMPRING
[2016.05.18-22.39.29:916][  0]LogInit: User: theco000
[2016.05.18-22.39.29:916][  0]LogInit: CPU Page size=65536, Cores=4
[2016.05.18-22.39.29:916][  0]LogInit: High frequency timer resolution =3.615390 MHz
[2016.05.18-22.39.29:916][  0]LogMemory: Memory total: Physical=15.9GB (16GB approx)
[2016.05.18-22.39.29:916][  0]LogMemory: Platform Memory Stats for Windows
[2016.05.18-22.39.29:916][  0]LogMemory: Process Physical Memory: 315.39 MB used, 315.39 MB peak
[2016.05.18-22.39.29:916][  0]LogMemory: Process Virtual Memory: 314.99 MB used, 314.99 MB peak
[2016.05.18-22.39.29:916][  0]LogMemory: Physical Memory: 9793.34 MB used, 16326.09 MB total
[2016.05.18-22.39.29:916][  0]LogMemory: Virtual Memory: 639.54 MB used, 134217728.00 MB total
[2016.05.18-22.39.30:023][  0]LogTextLocalizationManager: No specific translations for ('en-US') exist, so ('en') translations will be used.
[2016.05.18-22.39.30:382][  0]LogD3D11RHI: D3D11 adapters:
[2016.05.18-22.39.30:408][  0]LogD3D11RHI:    0. 'NVIDIA GeForce GTX 780' (Feature Level 11_0)
[2016.05.18-22.39.30:408][  0]LogD3D11RHI:       3013MB of dedicated video memory, 0MB of dedicated system memory, and 8163MB of shared system memory, 2 output[s]
[2016.05.18-22.39.30:409][  0]LogD3D11RHI:    1. 'Microsoft Basic Render Driver' (Feature Level 11_0)
[2016.05.18-22.39.30:409][  0]LogD3D11RHI:       0MB of dedicated video memory, 0MB of dedicated system memory, and 8163MB of shared system memory, 0 output[s]
[2016.05.18-22.39.30:409][  0]LogD3D11RHI: Chosen D3D11 Adapter: 0
[2016.05.18-22.39.30:416][  0]LogD3D11RHI: Creating new Direct3DDevice
[2016.05.18-22.39.30:416][  0]LogD3D11RHI:     Adapter Name: NVIDIA GeForce GTX 780
[2016.05.18-22.39.30:416][  0]LogD3D11RHI:   Driver Version: 10.18.13.6510 (internal 10.18.13.6510)
[2016.05.18-22.39.30:416][  0]LogD3D11RHI:      Driver Date: 4-27-2016
[2016.05.18-22.39.30:416][  0]LogRHI: Texture pool is 1361 MB (70% of 1945 MB)
[2016.05.18-22.39.30:431][  0]LogD3D11RHI: Async texture creation enabled
[2016.05.18-22.39.30:442][  0]LogShaderCompilers: Guid format shader working directory is 12 characters bigger than the processId version (D:/Git/RiggingShooter/GameJamRigging/Intermediate/Shaders/WorkingDirectory/16636/).
[2016.05.18-22.39.30:443][  0]LogShaderCompilers: Cleaned the shader compiler working directory 'C:/Users/THECO_~1/AppData/Local/Temp/UnrealShaderWorkingDir/113431C145F9F1B535ED7BABE8A1B31A/'.
[2016.05.18-22.39.30:443][  0]LogShaderCompilers:Display: Using Local Shader Compiler.
[2016.05.18-22.39.31:687][  0]LogTemp:Display: Loaded TP AllDesktopTargetPlatform
[2016.05.18-22.39.31:691][  0]LogTemp:Display: Loaded TP WindowsClientTargetPlatform
[2016.05.18-22.39.31:695][  0]LogTemp:Display: Loaded TP WindowsNoEditorTargetPlatform
[2016.05.18-22.39.31:699][  0]LogTemp:Display: Loaded TP WindowsServerTargetPlatform
[2016.05.18-22.39.31:703][  0]LogTemp:Display: Loaded TP WindowsTargetPlatform
[2016.05.18-22.39.31:707][  0]LogTemp:Display: Loaded TP AndroidTargetPlatform
[2016.05.18-22.39.31:711][  0]LogTemp:Display: Loaded TP Android_ASTCTargetPlatform
[2016.05.18-22.39.31:715][  0]LogTemp:Display: Loaded TP Android_ATCTargetPlatform
[2016.05.18-22.39.31:719][  0]LogTemp:Display: Loaded TP Android_DXTTargetPlatform
[2016.05.18-22.39.31:723][  0]LogTemp:Display: Loaded TP Android_ETC1TargetPlatform
[2016.05.18-22.39.31:727][  0]LogTemp:Display: Loaded TP Android_ETC2TargetPlatform
[2016.05.18-22.39.31:735][  0]LogTemp:Display: Loaded TP Android_MultiTargetPlatform
[2016.05.18-22.39.31:735][  0]LogTemp:Display: Loaded TP Android_PVRTCTargetPlatform
[2016.05.18-22.39.31:736][  0]LogTemp:Display: Loaded TP HTML5TargetPlatform
[2016.05.18-22.39.31:752][  0]LogTemp:Display: Loaded TP IOSTargetPlatform
[2016.05.18-22.39.31:754][  0]LogTemp:Display: Loaded TP TVOSTargetPlatform
[2016.05.18-22.39.31:757][  0]LogTemp:Display: Loaded TP LinuxNoEditorTargetPlatform
[2016.05.18-22.39.31:760][  0]LogTemp:Display: Loaded TP LinuxServerTargetPlatform
[2016.05.18-22.39.31:763][  0]LogTemp:Display: Loaded TP LinuxTargetPlatform
[2016.05.18-22.39.31:763][  0]LogTargetPlatformManager:Display: Building Assets For Windows
[2016.05.18-22.39.31:833][  0]LogDerivedDataCache:Display: Max Cache Size: 512 MB
[2016.05.18-22.39.32:002][  0]LogDerivedDataCache: Loaded boot cache 0.17s 46MB C:/Users/theco_000/AppData/Local/UnrealEngine/4.11/DerivedDataCache/Boot.ddc.
[2016.05.18-22.39.32:002][  0]LogDerivedDataCache:Display: Loaded Boot cache: C:/Users/theco_000/AppData/Local/UnrealEngine/4.11/DerivedDataCache/Boot.ddc
[2016.05.18-22.39.32:002][  0]LogDerivedDataCache: FDerivedDataBackendGraph:  Pak pak cache file D:/Git/RiggingShooter/GameJamRigging/DerivedDataCache/DDC.ddp not found, will not use a pak cache.
[2016.05.18-22.39.32:002][  0]LogDerivedDataCache: Unable to find inner node Pak for hierarchical cache Hierarchy.
[2016.05.18-22.39.32:002][  0]LogDerivedDataCache: FDerivedDataBackendGraph:  CompressedPak pak cache file D:/Git/RiggingShooter/GameJamRigging/DerivedDataCache/Compressed.ddp not found, will not use a pak cache.
[2016.05.18-22.39.32:002][  0]LogDerivedDataCache: Unable to find inner node CompressedPak for hierarchical cache Hierarchy.
[2016.05.18-22.39.32:016][  0]LogDerivedDataCache:Display: Pak cache opened for reading ../../../Engine/DerivedDataCache/Compressed.ddp.
[2016.05.18-22.39.32:029][  0]LogDerivedDataCache: Using Local data cache path C:/Users/theco_000/AppData/Local/UnrealEngine/Common/DerivedDataCache: Writable
[2016.05.18-22.39.32:215][  0]LogInit: Selected Device Profile: [Windows]
[2016.05.18-22.39.32:217][  0]LogContentStreaming: Texture pool size is 0.00 MB
[2016.05.18-22.39.32:260][  0]LogMaterial: Uniform references updated for custom material expression Custom.
[2016.05.18-22.39.32:372][  0]LogMeshUtilities: No automatic mesh reduction module available
[2016.05.18-22.39.32:372][  0]LogMeshUtilities: No automatic mesh merging module available
[2016.05.18-22.39.32:372][  0]LogMeshUtilities: No distributed automatic mesh merging module available
[2016.05.18-22.39.32:618][  0]LogUObjectArray: 27679 objects as part of root set at end of initial load.
[2016.05.18-22.39.32:618][  0]LogUObjectAllocator: 5591592 out of 0 bytes used by permanent object pool.
[2016.05.18-22.39.32:618][  0]LogUObjectArray: CloseDisregardForGC: 0/0 objects in disregard for GC pool
[2016.05.18-22.39.32:624][  0]LogInit: WinSock: version 1.1 (2.2), MaxSocks=32767, MaxUdp=65467
[2016.05.18-22.39.32:712][  0]LogSlate: SlateFontCache - WITH_FREETYPE: 1, WITH_HARFBUZZ: 1
[2016.05.18-22.39.32:713][  0]LogSlate: SlateFontCache - WITH_FREETYPE: 1, WITH_HARFBUZZ: 1
[2016.05.18-22.39.32:797][  0]LogStreaming:Warning: Failed to read file '../../../Engine/Content/Editor/Slate/Common/Selection_16x.png' error.
[2016.05.18-22.39.32:797][  0]LogSlate: Could not find file for Slate resource: ../../../Engine/Content/Editor/Slate/Common/Selection_16x.png
[2016.05.18-22.39.32:797][  0]LogStreaming:Warning: Failed to read file '../../../Engine/Content/Editor/Slate/Common/Selection_16x.png' error.
[2016.05.18-22.39.32:797][  0]LogSlate: Could not find file for Slate resource: ../../../Engine/Content/Editor/Slate/Common/Selection_16x.png
[2016.05.18-22.39.32:797][  0]LogStreaming:Warning: Failed to read file '../../../Engine/Content/Editor/Slate/Common/Selection_16x.png' error.
[2016.05.18-22.39.32:797][  0]LogSlate: Could not find file for Slate resource: ../../../Engine/Content/Editor/Slate/Common/Selection_16x.png
[2016.05.18-22.39.33:292][  0]LogUdpMessaging: Initializing bridge on interface 0.0.0.0:0 to multicast group 230.0.0.1:6666.
[2016.05.18-22.39.33:398][  0]LogAssetRegistry: FAssetRegistry took 0.0226 seconds to start up
[2016.05.18-22.39.33:526][  0]SourceControl: Info Source control is disabled
[2016.05.18-22.39.33:527][  0]SourceControl: Info Source control is disabled
[2016.05.18-22.39.33:534][  0]SourceControl: Info Source control is disabled
[2016.05.18-22.39.33:541][  0]SourceControl: Info Source control is disabled
[2016.05.18-22.39.33:658][  0]LogHMD: Failed to initialize OpenVR with code 110
[2016.05.18-22.39.33:736][  0]LogEngine: Initializing Engine...
[2016.05.18-22.39.33:899][  0]LogAIModule: Creating AISystem for world NewWorld
[2016.05.18-22.39.33:912][  0]LogInit: XAudio2 using 'Speakers (Realtek High Definition Audio)' : 2 channels at 48 kHz using 32 bits per sample (channel mask 0x3)
[2016.05.18-22.39.33:936][  0]LogInit: FAudioDevice initialized.
[2016.05.18-22.39.33:957][  0]LogDerivedDataCache: Saved boot cache 0.02s 46MB C:/Users/theco_000/AppData/Local/UnrealEngine/4.11/DerivedDataCache/Boot.ddc.
[2016.05.18-22.39.33:961][  0]LogInit: Texture streaming: Enabled
[2016.05.18-22.39.33:983][  0]LogInit: Transaction tracking system initialized
[2016.05.18-22.39.34:001][  0]BlueprintLog: New page: Editor Load
[2016.05.18-22.39.34:068][  0]LocalizationService: Info Localization service is disabled
[2016.05.18-22.39.34:139][  0]LogConsoleResponse:Display: 
[2016.05.18-22.39.34:283][  0]LogCook:Display: Max memory allowance for cook 8192mb
[2016.05.18-22.39.34:283][  0]LogCook:Display: Mobile HDR setting 1
[2016.05.18-22.39.34:283][  0]LogCook:Display: Done creating registry. It took  0.00s.
[2016.05.18-22.39.34:327][  0]LogFileCache: Scanning file cache for directory 'D:/Git/RiggingShooter/GameJamRigging/Content/' took 0.02s
[2016.05.18-22.39.34:327][  0]SourceControl: Info Source control is disabled
[2016.05.18-22.39.34:327][  0]Cmd: MAP LOAD FILE="D:/Git/RiggingShooter/GameJamRigging/Content/FirstPersonBP/Maps/FirstPersonExampleMap.umap" TEMPLATE=0 SHOWPROGRESS=1 FEATURELEVEL=3
[2016.05.18-22.39.34:335][  0]LightingResults: New page: Lighting Build
[2016.05.18-22.39.34:338][  0]MapCheck: New page: Map Check
[2016.05.18-22.39.34:338][  0]LightingResults: New page: Lighting Build
[2016.05.18-22.39.37:373][  0]LogAIModule: Creating AISystem for world FirstPersonExampleMap
[2016.05.18-22.39.37:392][  0]LogEditorServer: Finished looking for orphan Actors (0.000 secs)
[2016.05.18-22.39.37:393][  0]Cmd: MAP CHECKDEP NOCLEARLOG
[2016.05.18-22.39.37:442][  0]MapCheck: Info Map check complete: 0 Error(s), 0 Warning(s), took 49.242ms to complete.
[2016.05.18-22.39.37:442][  0]LogFileHelpers: Loading map 'FirstPersonExampleMap' took 3.115
[2016.05.18-22.39.37:560][  0]LogCollectionManager: Loaded 0 collections in 0.001332 seconds
[2016.05.18-22.39.37:602][  0]LogFileCache: Scanning file cache for directory 'D:/Git/RiggingShooter/GameJamRigging/Saved/Collections/' took 0.01s
[2016.05.18-22.39.37:602][  0]LogFileCache: Scanning file cache for directory 'D:/Git/RiggingShooter/GameJamRigging/Content/Developers/theco000/Collections/' took 0.01s
[2016.05.18-22.39.37:602][  0]LogFileCache: Scanning file cache for directory 'D:/Git/RiggingShooter/GameJamRigging/Content/Collections/' took 0.01s
[2016.05.18-22.39.37:602][  0]LogCollectionManager: Rebuilt the GUID cache for 0 collections in 0.000007 seconds
[2016.05.18-22.39.37:609][  0]LogContentBrowser: Native class hierarchy populated in 0.0071 seconds. Added 1979 classes and 343 folders.
[2016.05.18-22.39.37:614][  0]LogStats: UGameplayTagsManager::ConstructGameplayTagTree: Construct from data asset -  0.000 s
[2016.05.18-22.39.37:614][  0]LogStats: UGameplayTagsManager::ConstructGameplayTagTree: GameplayTagTreeChangedEvent.Broadcast -  0.000 s
[2016.05.18-22.39.37:614][  0]LogContentBrowser: Native class hierarchy updated for 'GameplayTags' in 0.0004 seconds. Added 12 classes and 0 folders.
[2016.05.18-22.39.37:621][  0]LogContentBrowser: Native class hierarchy updated for 'WidgetCarousel' in 0.0005 seconds. Added 0 classes and 0 folders.
[2016.05.18-22.39.37:630][  0]LogContentBrowser: Native class hierarchy updated for 'SuperSearch' in 0.0005 seconds. Added 1 classes and 2 folders.
[2016.05.18-22.39.37:674][  0]LogContentBrowser: Native class hierarchy updated for 'AddContentDialog' in 0.0003 seconds. Added 0 classes and 0 folders.
[2016.05.18-22.39.37:679][  0]LogContentBrowser: Native class hierarchy updated for 'WorldBrowser' in 0.0003 seconds. Added 1 classes and 3 folders.
[2016.05.18-22.39.37:685][  0]LogContentBrowser: Native class hierarchy updated for 'SceneOutliner' in 0.0003 seconds. Added 1 classes and 2 folders.
[2016.05.18-22.39.37:747][  0]LogCrashTracker: Crashtracker disabled due to settings.
[2016.05.18-22.39.37:753][  0]LogUObjectGlobals:Warning: Failed to find object 'Class None.'
[2016.05.18-22.39.37:778][  0]LogContentBrowser: Native class hierarchy updated for 'HierarchicalLODOutliner' in 0.0003 seconds. Added 1 classes and 2 folders.
[2016.05.18-22.39.37:779][  0]LogLoad: Full Startup: 8.87 seconds (BP compile: 0.44 seconds)
[2016.05.18-22.39.37:779][  0]LogExternalProfiler: Found external profiler: VSPerf
[2016.05.18-22.39.37:779][  0]LogExternalProfiler: Using external profiler: VSPerf
[2016.05.18-22.39.37:788][  0]LogOcInput: OculusInput pre-init called
[2016.05.18-22.39.37:828][  0]LogContentStreaming: Texture pool size now 1000 MB
[2016.05.18-22.39.38:031][  0]LogRenderer: Reallocating scene render targets to support 1596x808 (Frame:2).
[2016.05.18-22.39.38:104][  1]LogAssetRegistry: Asset discovery search completed in 4.7288 seconds
[2016.05.18-22.39.38:104][  1]LogCollectionManager: Rebuilt the object cache for 0 collections in 0.000001 seconds (found 0 objects)
[2016.05.18-22.39.38:104][  1]LogCollectionManager: Fixed up redirectors for 0 collections in 0.000043 seconds (updated 0 objects)
[2016.05.18-22.39.42:754][437]LogAIModule: Creating AISystem for world ChrisTest
[2016.05.18-22.39.42:761][437]LogActorComponent: UnregisterComponent: (/Engine/Transient.CharMoveComp) Not registered. Aborting.
[2016.05.18-22.39.42:761][437]LogActorComponent: UnregisterComponent: (/Engine/Transient.ProjectileMovementComponent_40__A6522401) Not registered. Aborting.
[2016.05.18-22.39.42:808][437]Cmd: MAP LOAD FILE="D:/Git/RiggingShooter/GameJamRigging/Content/Maps/ChrisTest.umap" TEMPLATE=0 SHOWPROGRESS=1 FEATURELEVEL=3
[2016.05.18-22.39.42:808][437]LightingResults: New page: Lighting Build
[2016.05.18-22.39.42:825][437]LoadErrors: New page: Loading map: ChrisTest.umap
[2016.05.18-22.39.42:827][437]MapCheck: New page: Map Check
[2016.05.18-22.39.42:827][437]LightingResults: New page: Lighting Build
[2016.05.18-22.39.42:892][437]LogEditorServer: Finished looking for orphan Actors (0.000 secs)
[2016.05.18-22.39.42:913][437]Cmd: MAP CHECKDEP NOCLEARLOG
[2016.05.18-22.39.42:964][437]MapCheck: Info Map check complete: 0 Error(s), 0 Warning(s), took 51.334ms to complete.
[2016.05.18-22.39.42:966][437]LogFileHelpers: Loading map 'ChrisTest' took 0.159
[2016.05.18-22.39.44:294][589]LogBlueprintUserMessages: Early PlayInEditor Detection: Level '/Game/Maps/ChrisTest.ChrisTest:PersistentLevel' has LevelScriptBlueprint '/Game/Maps/ChrisTest.ChrisTest:PersistentLevel.ChrisTest' with GeneratedClass '/Game/Maps/ChrisTest.ChrisTest_C' with ClassGeneratedBy '/Game/Maps/ChrisTest.ChrisTest:PersistentLevel.ChrisTest'
[2016.05.18-22.39.44:294][589]LogPlayLevel: PlayLevel: No blueprints needed recompiling
[2016.05.18-22.39.44:295][589]PIE: New page: PIE session: ChrisTest (May 18, 2016, 7:39:44 AM)
[2016.05.18-22.39.44:296][589]LogPlayLevel: Creating play world package: /Game/Maps/UEDPIE_0_ChrisTest
[2016.05.18-22.39.44:316][589]LogPlayLevel: PIE: StaticDuplicateObject took: (0.020188s)
[2016.05.18-22.39.44:316][589]LogAIModule: Creating AISystem for world ChrisTest
[2016.05.18-22.39.44:316][589]LogPlayLevel: PIE: World Init took: (0.000611s)
[2016.05.18-22.39.44:317][589]LogPlayLevel: PIE: Created PIE world by copying editor world from /Game/Maps/ChrisTest.ChrisTest to /Game/Maps/UEDPIE_0_ChrisTest.ChrisTest (0.021048s)
[2016.05.18-22.39.44:334][589]LogInit: XAudio2 using 'Speakers (Realtek High Definition Audio)' : 2 channels at 48 kHz using 32 bits per sample (channel mask 0x3)
[2016.05.18-22.39.44:343][589]LogInit: FAudioDevice initialized.
[2016.05.18-22.39.44:388][589]LogWorld: Game class is 'ShooterGameMode_C'
[2016.05.18-22.39.44:392][589]LogWorld: Bringing World /Game/Maps/UEDPIE_0_ChrisTest.ChrisTest up for play (max tick rate 0) at 2016.05.18-15.39.44
[2016.05.18-22.39.44:393][589]LogWorld: Bringing up level for play took: 0.002748
[2016.05.18-22.39.44:397][589]LogContentBrowser: Native class hierarchy updated for 'MovieSceneCapture' in 0.0004 seconds. Added 9 classes and 0 folders.
[2016.05.18-22.39.44:401][589]PIE: Info Play in editor start time for /Game/Maps/UEDPIE_0_ChrisTest -0.78
[2016.05.18-22.39.44:401][589]LogBlueprintUserMessages: Late PlayInEditor Detection: Level '/Game/Maps/ChrisTest.ChrisTest:PersistentLevel' has LevelScriptBlueprint '/Game/Maps/ChrisTest.ChrisTest:PersistentLevel.ChrisTest' with GeneratedClass '/Game/Maps/ChrisTest.ChrisTest_C' with ClassGeneratedBy '/Game/Maps/ChrisTest.ChrisTest:PersistentLevel.ChrisTest'
[2016.05.18-22.40.05:581][122]LogBlueprintUserMessages: Early EndPlayMap Detection: Level '/Game/Maps/ChrisTest.ChrisTest:PersistentLevel' has LevelScriptBlueprint '/Game/Maps/ChrisTest.ChrisTest:PersistentLevel.ChrisTest' with GeneratedClass '/Game/Maps/ChrisTest.ChrisTest_C' with ClassGeneratedBy '/Game/Maps/ChrisTest.ChrisTest:PersistentLevel.ChrisTest'
[2016.05.18-22.40.05:611][122]LogBlueprintUserMessages: Late EndPlayMap Detection: Level '/Game/Maps/ChrisTest.ChrisTest:PersistentLevel' has LevelScriptBlueprint '/Game/Maps/ChrisTest.ChrisTest:PersistentLevel.ChrisTest' with GeneratedClass '/Game/Maps/ChrisTest.ChrisTest_C' with ClassGeneratedBy '/Game/Maps/ChrisTest.ChrisTest:PersistentLevel.ChrisTest'
[2016.05.18-22.40.24:087][169]LogContentBrowser: Native class hierarchy updated for 'BlueprintGraph' in 0.0007 seconds. Added 108 classes and 0 folders.
[2016.05.18-22.40.29:019][419]LogActorComponent: UnregisterComponent: (/Engine/Transient.CharMoveComp) Not registered. Aborting.
[2016.05.18-22.40.29:019][419]LogActorComponent: UnregisterComponent: (/Engine/Transient.CharacterMovementComponent_0) Not registered. Aborting.
[2016.05.18-22.40.29:020][419]LogActorComponent: UnregisterComponent: (/Engine/Transient.ProjectileMovementComponent_40__A6522401) Not registered. Aborting.
[2016.05.18-22.40.49:428][419]LogObjectTools:Warning: ForceReplaceReferences replaced references for a transient object 'SKEL_GravityWell_C' or package '/Game/Blueprints/GravityWell'.
[2016.05.18-22.40.51:326][419]Cmd: OBJ SAVEPACKAGE PACKAGE="/Game/Blueprints/GravityWell" FILE="D:/Git/RiggingShooter/GameJamRigging/Content/Blueprints/GravityWell.uasset" SILENT=true
[2016.05.18-22.40.51:363][419]LogSavePackage: Save=2.83ms
[2016.05.18-22.40.51:363][419]LogSavePackage: Moving 'D:/Git/RiggingShooter/GameJamRigging/Saved/GravityWellC0B4BBAC484566FCADFCD99A152AB518.tmp' to 'D:/Git/RiggingShooter/GameJamRigging/Content/Blueprints/GravityWell.uasset'
[2016.05.18-22.40.51:364][419]LogSavePackage: Total save time: 38.10ms
[2016.05.18-22.40.51:364][419]LogSavePackage:Display: Finished SavePackage D:/Git/RiggingShooter/GameJamRigging/Content/Blueprints/GravityWell.uasset
[2016.05.18-22.40.51:431][419]Cmd: OBJ SAVEPACKAGE PACKAGE="/Game/Maps/ChrisTest" FILE="D:/Git/RiggingShooter/GameJamRigging/Content/Maps/ChrisTest.umap" SILENT=true AUTOSAVING=false KEEPDIRTY=false
[2016.05.18-22.40.51:497][419]LogBlueprint:Error: [compiler ChrisTest] Error Failed to find class for pin  Return Value 
[2016.05.18-22.40.51:604][419]LogBlueprint:Warning: [compiler ChrisTest] Warning [0082.69] Compile of ChrisTest failed. 1 Fatal Issue(s) 0 Warning(s) [in 120 ms]
[2016.05.18-22.40.51:608][419]LogBlueprint:Warning: [compiler ChrisTest] Warning [0082.70] Compile of ChrisTest failed. 1 Fatal Issue(s) 1 Warning(s) [in 0 ms]
[2016.05.18-22.40.51:608][419]LogBlueprint:Warning: [compiler ChrisTest] Warning [0082.70] Compile of ChrisTest failed. 1 Fatal Issue(s) 2 Warning(s) [in 0 ms]
[2016.05.18-22.40.51:608][419]LogBlueprint:Warning: [compiler ChrisTest] Warning [0082.70] Compile of ChrisTest failed. 1 Fatal Issue(s) 3 Warning(s) [in 0 ms]
[2016.05.18-22.40.51:608][419]LogBlueprint:Warning: [compiler ChrisTest] Warning [0082.70] Compile of ChrisTest failed. 1 Fatal Issue(s) 4 Warning(s) [in 0 ms]
[2016.05.18-22.40.51:608][419]LogBlueprint:Warning: [compiler ChrisTest] Warning [0082.70] Compile of ChrisTest failed. 1 Fatal Issue(s) 5 Warning(s) [in 0 ms]
[2016.05.18-22.40.51:738][419]LogSavePackage: Save=267.18ms
[2016.05.18-22.40.51:738][419]LogSavePackage: Moving 'D:/Git/RiggingShooter/GameJamRigging/Saved/ChrisTest2446E9984C78E93F5E8D6987824EE4C7.tmp' to 'D:/Git/RiggingShooter/GameJamRigging/Content/Maps/ChrisTest.umap'
[2016.05.18-22.40.51:744][419]LogSavePackage: Total save time: 299.60ms
[2016.05.18-22.40.51:744][419]LogSavePackage:Display: Finished SavePackage D:/Git/RiggingShooter/GameJamRigging/Content/Maps/ChrisTest.umap
[2016.05.18-22.40.51:763][419]LogFileHelpers: Saving map 'ChrisTest' took 0.396
[2016.05.18-22.40.57:283][951]LogActorComponent: UnregisterComponent: (/Engine/Transient.CharMoveComp) Not registered. Aborting.
[2016.05.18-22.40.57:283][951]LogActorComponent: UnregisterComponent: (/Engine/Transient.CharacterMovementComponent_1) Not registered. Aborting.
[2016.05.18-22.40.57:283][951]LogActorComponent: UnregisterComponent: (/Engine/Transient.ProjectileMovementComponent_40__A6522401) Not registered. Aborting.
[2016.05.18-22.41.20:732][396]LogActorComponent: UnregisterComponent: (/Engine/Transient.CharMoveComp) Not registered. Aborting.
[2016.05.18-22.41.20:733][396]LogActorComponent: UnregisterComponent: (/Engine/Transient.ProjectileMovementComponent_40__A6522401) Not registered. Aborting.
[2016.05.18-22.41.21:527][445]LogActorComponent: UnregisterComponent: (/Engine/Transient.CharMoveComp) Not registered. Aborting.
[2016.05.18-22.41.21:527][445]LogActorComponent: UnregisterComponent: (/Engine/Transient.ProjectileMovementComponent_40__A6522401) Not registered. Aborting.
[2016.05.18-22.41.21:674][445]LogWindowsTextInputMethodSystem:Display: IME system now deactivated.
[2016.05.18-22.41.21:876][446]Cmd: QUIT_EDITOR
[2016.05.18-22.41.22:767][446]LogExit: Preparing to exit.
[2016.05.18-22.41.23:463][446]LogExit: Editor shut down
[2016.05.18-22.41.23:464][446]LogExit: Transaction tracking system shut down
[2016.05.18-22.41.23:609][446]LogObj: Freed 0b from 0 cluster array pools.
[2016.05.18-22.41.23:610][446]LogExit: Object subsystem successfully closed.
[2016.05.18-22.41.23:633][446]LogD3D11RHI: Shutdown
[2016.05.18-22.41.23:633][446]LogD3D11RHI: CleanupD3DDevice
[2016.05.18-22.41.23:704][446]LogD3D11RHI: ~FD3D11DynamicRHI
[2016.05.18-22.41.24:081][446]LogDerivedDataCache: Shutdown
[2016.05.18-22.41.24:083][446]LogModuleManager: Shutting down and abandoning module BlueprintGraph (207)
[2016.05.18-22.41.24:083][446]LogModuleManager: Shutting down and abandoning module MovieSceneCapture (206)
[2016.05.18-22.41.24:083][446]LogModuleManager: Shutting down and abandoning module HierarchicalLODOutliner (205)
[2016.05.18-22.41.24:083][446]LogModuleManager: Shutting down and abandoning module CrashTracker (204)
[2016.05.18-22.41.24:083][446]LogModuleManager: Shutting down and abandoning module SceneOutliner (203)
[2016.05.18-22.41.24:083][446]LogModuleManager: Shutting down and abandoning module WorldBrowser (202)
[2016.05.18-22.41.24:083][446]LogModuleManager: Shutting down and abandoning module SuperSearch (201)
[2016.05.18-22.41.24:083][446]LogModuleManager: Shutting down and abandoning module WidgetCarousel (200)
[2016.05.18-22.41.24:083][446]LogModuleManager: Shutting down and abandoning module AddContentDialog (199)
[2016.05.18-22.41.24:084][446]LogModuleManager: Shutting down and abandoning module GameplayTags (198)
[2016.05.18-22.41.24:084][446]LogModuleManager: Shutting down and abandoning module EditorWidgets (197)
[2016.05.18-22.41.24:084][446]LogModuleManager: Shutting down and abandoning module CollectionManager (196)
[2016.05.18-22.41.24:084][446]LogModuleManager: Shutting down and abandoning module StatsViewer (195)
[2016.05.18-22.41.24:084][446]LogModuleManager: Shutting down and abandoning module FoliageEdit (194)
[2016.05.18-22.41.24:084][446]LogModuleManager: Shutting down and abandoning module LandscapeEditor (193)
[2016.05.18-22.41.24:085][446]LogModuleManager: Shutting down and abandoning module ActorPickerMode (192)
[2016.05.18-22.41.24:085][446]LogModuleManager: Shutting down and abandoning module GeometryMode (191)
[2016.05.18-22.41.24:085][446]LogModuleManager: Shutting down and abandoning module TextureAlignMode (190)
[2016.05.18-22.41.24:085][446]LogModuleManager: Shutting down and abandoning module BspMode (189)
[2016.05.18-22.41.24:085][446]LogModuleManager: Shutting down and abandoning module PlacementMode (188)
[2016.05.18-22.41.24:085][446]LogModuleManager: Shutting down and abandoning module AutomationWorker (187)
[2016.05.18-22.41.24:085][446]LogModuleManager: Shutting down and abandoning module CharacterAI (186)
[2016.05.18-22.41.24:085][446]LogModuleManager: Shutting down and abandoning module SmartSnapping (185)
[2016.05.18-22.41.24:085][446]LogModuleManager: Shutting down and abandoning module ViewportSnapping (184)
[2016.05.18-22.41.24:085][446]LogModuleManager: Shutting down and abandoning module LogVisualizer (183)
[2016.05.18-22.41.24:085][446]LogModuleManager: Shutting down and abandoning module GameProjectGeneration (182)
[2016.05.18-22.41.24:085][446]LogModuleManager: Shutting down and abandoning module IntroTutorials (181)
[2016.05.18-22.41.24:086][446]LogModuleManager: Shutting down and abandoning module EditorLiveStreaming (180)
[2016.05.18-22.41.24:086][446]LogModuleManager: Shutting down and abandoning module IOSPlatformEditor (179)
[2016.05.18-22.41.24:086][446]LogModuleManager: Shutting down and abandoning module HTML5PlatformEditor (178)
[2016.05.18-22.41.24:086][446]LogModuleManager: Shutting down and abandoning module AndroidDeviceDetection (177)
[2016.05.18-22.41.24:132][446]LogModuleManager: Shutting down and abandoning module AndroidPlatformEditor (176)
[2016.05.18-22.41.24:132][446]LogModuleManager: Shutting down and abandoning module IOSRuntimeSettings (175)
[2016.05.18-22.41.24:132][446]LogModuleManager: Shutting down and abandoning module AndroidRuntimeSettings (174)
[2016.05.18-22.41.24:132][446]LogModuleManager: Shutting down and abandoning module MergeActors (173)
[2016.05.18-22.41.24:132][446]LogModuleManager: Shutting down and abandoning module SizeMap (172)
[2016.05.18-22.41.24:132][446]LogModuleManager: Shutting down and abandoning module TreeMap (171)
[2016.05.18-22.41.24:132][446]LogModuleManager: Shutting down and abandoning module ReferenceViewer (170)
[2016.05.18-22.41.24:132][446]LogModuleManager: Shutting down and abandoning module LocalizationService (169)
[2016.05.18-22.41.24:132][446]LogModuleManager: Shutting down and abandoning module LocalizationDashboard (168)
[2016.05.18-22.41.24:132][446]LogModuleManager: Shutting down and abandoning module HardwareTargeting (167)
[2016.05.18-22.41.24:132][446]LogModuleManager: Shutting down and abandoning module DeviceProfileEditor (166)
[2016.05.18-22.41.24:132][446]LogModuleManager: Shutting down and abandoning module UndoHistory (165)
[2016.05.18-22.41.24:132][446]LogModuleManager: Shutting down and abandoning module UserFeedback (164)
[2016.05.18-22.41.24:132][446]LogModuleManager: Shutting down and abandoning module XmlParser (163)
[2016.05.18-22.41.24:132][446]LogModuleManager: Shutting down and abandoning module Blutility (162)
[2016.05.18-22.41.24:132][446]LogModuleManager: Shutting down and abandoning module ProjectTargetPlatformEditor (161)
[2016.05.18-22.41.24:132][446]LogModuleManager: Shutting down and abandoning module ProjectSettingsViewer (160)
[2016.05.18-22.41.24:132][446]LogModuleManager: Shutting down and abandoning module InputBindingEditor (159)
[2016.05.18-22.41.24:133][446]LogModuleManager: Shutting down and abandoning module EditorSettingsViewer (158)
[2016.05.18-22.41.24:133][446]LogModuleManager: Shutting down and abandoning module SettingsEditor (157)
[2016.05.18-22.41.24:133][446]LogModuleManager: Shutting down and abandoning module ProjectLauncher (156)
[2016.05.18-22.41.24:133][446]LogModuleManager: Shutting down and abandoning module SessionFrontend (155)
[2016.05.18-22.41.24:133][446]LogModuleManager: Shutting down and abandoning module ProfilerClient (154)
[2016.05.18-22.41.24:133][446]LogModuleManager: Shutting down and abandoning module TargetDeviceServices (153)
[2016.05.18-22.41.24:133][446]LogModuleManager: Shutting down and abandoning module DeviceManager (152)
[2016.05.18-22.41.24:166][446]LogModuleManager: Shutting down and abandoning module AutomationController (151)
[2016.05.18-22.41.24:166][446]LogModuleManager: Shutting down and abandoning module AutomationWindow (150)
[2016.05.18-22.41.24:166][446]LogModuleManager: Shutting down and abandoning module Layers (149)
[2016.05.18-22.41.24:166][446]LogModuleManager: Shutting down and abandoning module ComponentVisualizers (148)
[2016.05.18-22.41.24:166][446]LogModuleManager: Shutting down and abandoning module DetailCustomizations (147)
[2016.05.18-22.41.24:166][446]LogModuleManager: Shutting down and abandoning module PackagesDialog (146)
[2016.05.18-22.41.24:167][446]LogModuleManager: Shutting down and abandoning module Persona (145)
[2016.05.18-22.41.24:167][446]LogModuleManager: Shutting down and abandoning module Kismet (144)
[2016.05.18-22.41.24:167][446]LogModuleManager: Shutting down and abandoning module GraphEditor (143)
[2016.05.18-22.41.24:167][446]LogModuleManager: Shutting down and abandoning module ClassViewer (142)
[2016.05.18-22.41.24:167][446]LogModuleManager: Shutting down and abandoning module Toolbox (141)
[2016.05.18-22.41.24:167][446]LogModuleManager: Shutting down and abandoning module ModuleUI (140)
[2016.05.18-22.41.24:167][446]LogModuleManager: Shutting down and abandoning module MovieSceneTools (139)
[2016.05.18-22.41.24:167][446]LogModuleManager: Shutting down and abandoning module OutputLog (138)
[2016.05.18-22.41.24:167][446]LogModuleManager: Shutting down and abandoning module GammaUI (137)
[2016.05.18-22.41.24:167][446]LogModuleManager: Shutting down and abandoning module Documentation (136)
[2016.05.18-22.41.24:167][446]LogModuleManager: Shutting down and abandoning module StreamingPauseRendering (135)
[2016.05.18-22.41.24:167][446]LogModuleManager: Shutting down and abandoning module AnalyticsET (134)
[2016.05.18-22.41.24:167][446]LogModuleManager: Shutting down and abandoning module Analytics (133)
[2016.05.18-22.41.24:167][446]LogModuleManager: Shutting down and abandoning module PortalServices (132)
[2016.05.18-22.41.24:167][446]LogModuleManager: Shutting down and abandoning module PortalRpc (131)
[2016.05.18-22.41.24:167][446]LogModuleManager: Shutting down and abandoning module MessagingRpc (130)
[2016.05.18-22.41.24:167][446]LogModuleManager: Shutting down and abandoning module AITestSuite (129)
[2016.05.18-22.41.24:167][446]LogModuleManager: Shutting down and abandoning module GameplayDebugger (128)
[2016.05.18-22.41.24:167][446]LogModuleManager: Shutting down and abandoning module AIModule (127)
[2016.05.18-22.41.24:167][446]LogModuleManager: Shutting down and abandoning module ProfilerService (126)
[2016.05.18-22.41.24:283][446]LogModuleManager: Shutting down and abandoning module TaskGraph (125)
[2016.05.18-22.41.24:283][446]LogModuleManager: Shutting down and abandoning module SlateRemote (124)
[2016.05.18-22.41.24:283][446]LogModuleManager: Shutting down and abandoning module SteamVRController (123)
[2016.05.18-22.41.24:283][446]LogModuleManager: Shutting down and abandoning module SteamVR (122)
[2016.05.18-22.41.24:283][446]LogModuleManager: Shutting down and abandoning module ProceduralMeshComponent (121)
[2016.05.18-22.41.24:283][446]LogModuleManager: Shutting down and abandoning module OculusLibrary (120)
[2016.05.18-22.41.24:283][446]LogModuleManager: Shutting down and abandoning module OculusInput (119)
[2016.05.18-22.41.24:283][446]LogModuleManager: Shutting down and abandoning module CustomMeshComponent (118)
[2016.05.18-22.41.24:283][446]LogModuleManager: Shutting down and abandoning module CableComponent (117)
[2016.05.18-22.41.24:283][446]LogModuleManager: Shutting down and abandoning module ArchVisCharacter (116)
[2016.05.18-22.41.24:283][446]LogModuleManager: Shutting down and abandoning module MediaPlayerEditor (115)
[2016.05.18-22.41.24:283][446]LogModuleManager: Shutting down and abandoning module HTML5Networking (114)
[2016.05.18-22.41.24:283][446]LogModuleManager: Shutting down and abandoning module SpeedTreeImporter (113)
[2016.05.18-22.41.24:283][446]LogModuleManager: Shutting down and abandoning module PluginBrowser (112)
[2016.05.18-22.41.24:283][446]LogModuleManager: Shutting down and abandoning module EpicSurvey (111)
[2016.05.18-22.41.24:283][446]LogModuleManager: Shutting down and abandoning module DesktopPlatform (110)
[2016.05.18-22.41.24:283][446]LogModuleManager: Shutting down and abandoning module VisualStudioSourceCodeAccess (109)
[2016.05.18-22.41.24:283][446]LogModuleManager: Shutting down and abandoning module UObjectPlugin (108)
[2016.05.18-22.41.24:283][446]LogModuleManager: Shutting down and abandoning module SubversionSourceControl (107)
[2016.05.18-22.41.24:284][446]LogModuleManager: Shutting down and abandoning module PerforceSourceControl (106)
[2016.05.18-22.41.24:284][446]LogModuleManager: Shutting down and abandoning module SourceControl (105)
[2016.05.18-22.41.24:284][446]LogModuleManager: Shutting down and abandoning module GitSourceControl (104)
[2016.05.18-22.41.24:284][446]LogModuleManager: Shutting down and abandoning module LightPropagationVolumeEditor (103)
[2016.05.18-22.41.24:284][446]LogModuleManager: Shutting down and abandoning module PaperTiledImporter (102)
[2016.05.18-22.41.24:284][446]LogModuleManager: Shutting down and abandoning module PaperSpriteSheetImporter (101)
[2016.05.18-22.41.24:284][446]LogModuleManager: Shutting down and abandoning module MeshPaint (100)
[2016.05.18-22.41.24:284][446]LogModuleManager: Shutting down and abandoning module HotReload (99)
[2016.05.18-22.41.24:284][446]LogModuleManager: Shutting down and abandoning module MainFrame (98)
[2016.05.18-22.41.24:284][446]LogModuleManager: Shutting down and abandoning module LevelEditor (97)
[2016.05.18-22.41.24:285][446]LogModuleManager: Shutting down and abandoning module DirectoryWatcher (96)
[2016.05.18-22.41.24:285][446]LogModuleManager: Shutting down and abandoning module AssetRegistry (95)
[2016.05.18-22.41.24:449][446]LogModuleManager: Shutting down and abandoning module ContentBrowser (94)
[2016.05.18-22.41.24:450][446]LogModuleManager: Shutting down and abandoning module Paper2DEditor (93)
[2016.05.18-22.41.24:451][446]LogModuleManager: Shutting down and abandoning module UdpMessaging (92)
[2016.05.18-22.41.24:552][446]LogModuleManager: Shutting down and abandoning module LightPropagationVolumeRuntime (91)
[2016.05.18-22.41.24:552][446]LogModuleManager: Shutting down and abandoning module Paper2D (90)
[2016.05.18-22.41.24:552][446]LogModuleManager: Shutting down and abandoning module WindowsMoviePlayer (89)
[2016.05.18-22.41.24:552][446]LogModuleManager: Shutting down and abandoning module Media (88)
[2016.05.18-22.41.24:552][446]LogModuleManager: Shutting down and abandoning module WmfMedia (87)
[2016.05.18-22.41.24:552][446]LogModuleManager: Shutting down and abandoning module MediaAssets (86)
[2016.05.18-22.41.24:552][446]LogModuleManager: Shutting down and abandoning module GameLiveStreaming (85)
[2016.05.18-22.41.24:552][446]LogModuleManager: Shutting down and abandoning module GameplayTagsEditor (84)
[2016.05.18-22.41.24:552][446]LogModuleManager: Shutting down and abandoning module OnlineBlueprintSupport (83)
[2016.05.18-22.41.24:552][446]LogModuleManager: Shutting down and abandoning module GameplayTasksEditor (82)
[2016.05.18-22.41.24:552][446]LogModuleManager: Shutting down and abandoning module PropertyEditor (81)
[2016.05.18-22.41.24:552][446]LogModuleManager: Shutting down and abandoning module BehaviorTreeEditor (80)
[2016.05.18-22.41.24:553][446]LogModuleManager: Shutting down and abandoning module FunctionalTesting (79)
[2016.05.18-22.41.24:553][446]LogModuleManager: Shutting down and abandoning module CollisionAnalyzer (78)
[2016.05.18-22.41.24:554][446]LogModuleManager: Shutting down and abandoning module WorkspaceMenuStructure (77)
[2016.05.18-22.41.24:554][446]LogModuleManager: Shutting down and abandoning module MessageLog (76)
[2016.05.18-22.41.24:554][446]LogModuleManager: Shutting down and abandoning module Sequencer (75)
[2016.05.18-22.41.24:554][446]LogModuleManager: Shutting down and abandoning module AssetTools (74)
[2016.05.18-22.41.24:555][446]LogModuleManager: Shutting down and abandoning module UMGEditor (73)
[2016.05.18-22.41.24:556][446]LogModuleManager: Shutting down and abandoning module UMG (72)
[2016.05.18-22.41.24:556][446]LogModuleManager: Shutting down and abandoning module SlateReflector (71)
[2016.05.18-22.41.24:556][446]LogModuleManager: Shutting down and abandoning module Slate (70)
[2016.05.18-22.41.24:556][446]LogModuleManager: Shutting down and abandoning module EditorStyle (69)
[2016.05.18-22.41.24:559][446]LogModuleManager: Shutting down and abandoning module SessionServices (68)
[2016.05.18-22.41.24:559][446]LogModuleManager: Shutting down and abandoning module SourceCodeAccess (67)
[2016.05.18-22.41.24:559][446]LogModuleManager: Shutting down and abandoning module HeadMountedDisplay (66)
[2016.05.18-22.41.24:559][446]LogModuleManager: Shutting down and abandoning module XAudio2 (65)
[2016.05.18-22.41.24:559][446]LogModuleManager: Shutting down and abandoning module Networking (63)
[2016.05.18-22.41.24:559][446]LogModuleManager: Shutting down and abandoning module Core (62)
[2016.05.18-22.41.24:559][446]LogModuleManager: Shutting down and abandoning module KismetCompiler (61)
[2016.05.18-22.41.24:559][446]LogModuleManager: Shutting down and abandoning module PhysXFormats (60)
[2016.05.18-22.41.24:559][446]LogModuleManager: Shutting down and abandoning module MeshUtilities (59)
[2016.05.18-22.41.24:559][446]LogModuleManager: Shutting down and abandoning module CookingStats (58)
[2016.05.18-22.41.24:559][446]LogModuleManager: Shutting down and abandoning module DerivedDataCache (57)
[2016.05.18-22.41.24:559][446]LogDerivedDataCache: Shutdown
[2016.05.18-22.41.24:559][446]LogModuleManager: Shutting down and abandoning module ShaderFormatOpenGL (56)
[2016.05.18-22.41.24:559][446]LogModuleManager: Shutting down and abandoning module ShaderFormatD3D (55)
[2016.05.18-22.41.24:559][446]LogModuleManager: Shutting down and abandoning module MetalShaderFormat (54)
[2016.05.18-22.41.24:559][446]LogModuleManager: Shutting down and abandoning module TextureFormatUncompressed (53)
[2016.05.18-22.41.24:559][446]LogModuleManager: Shutting down and abandoning module TextureFormatPVR (52)
[2016.05.18-22.41.24:559][446]LogModuleManager: Shutting down and abandoning module TextureFormatIntelISPCTexComp (51)
[2016.05.18-22.41.24:559][446]LogModuleManager: Shutting down and abandoning module TextureFormatDXT (50)
[2016.05.18-22.41.24:559][446]LogModuleManager: Shutting down and abandoning module ImageWrapper (49)
[2016.05.18-22.41.24:559][446]LogModuleManager: Shutting down and abandoning module TextureFormatASTC (48)
[2016.05.18-22.41.24:559][446]LogModuleManager: Shutting down and abandoning module TextureFormatAndroid (47)
[2016.05.18-22.41.24:559][446]LogModuleManager: Shutting down and abandoning module AudioFormatOpus (46)
[2016.05.18-22.41.24:559][446]LogModuleManager: Shutting down and abandoning module AudioFormatOgg (45)
[2016.05.18-22.41.24:559][446]LogModuleManager: Shutting down and abandoning module AudioFormatADPCM (44)
[2016.05.18-22.41.24:559][446]LogModuleManager: Shutting down and abandoning module LinuxTargetPlatform (43)
[2016.05.18-22.41.24:559][446]LogModuleManager: Shutting down and abandoning module LinuxServerTargetPlatform (42)
[2016.05.18-22.41.24:559][446]LogModuleManager: Shutting down and abandoning module LinuxNoEditorTargetPlatform (41)
[2016.05.18-22.41.24:559][446]LogModuleManager: Shutting down and abandoning module TVOSTargetPlatform (40)
[2016.05.18-22.41.24:559][446]LogModuleManager: Shutting down and abandoning module Messaging (39)
[2016.05.18-22.41.24:559][446]LogModuleManager: Shutting down and abandoning module IOSTargetPlatform (38)
[2016.05.18-22.41.24:559][446]LogModuleManager: Shutting down and abandoning module HTML5TargetPlatform (37)
[2016.05.18-22.41.24:559][446]LogModuleManager: Shutting down and abandoning module Android_PVRTCTargetPlatform (36)
[2016.05.18-22.41.24:559][446]LogModuleManager: Shutting down and abandoning module Android_MultiTargetPlatform (35)
[2016.05.18-22.41.24:560][446]LogModuleManager: Shutting down and abandoning module Android_ETC2TargetPlatform (34)
[2016.05.18-22.41.24:560][446]LogModuleManager: Shutting down and abandoning module Android_ETC1TargetPlatform (33)
[2016.05.18-22.41.24:560][446]LogModuleManager: Shutting down and abandoning module Android_DXTTargetPlatform (32)
[2016.05.18-22.41.24:560][446]LogModuleManager: Shutting down and abandoning module Android_ATCTargetPlatform (31)
[2016.05.18-22.41.24:560][446]LogModuleManager: Shutting down and abandoning module Android_ASTCTargetPlatform (30)
[2016.05.18-22.41.24:560][446]LogModuleManager: Shutting down and abandoning module AndroidTargetPlatform (29)
[2016.05.18-22.41.24:560][446]LogModuleManager: Shutting down and abandoning module WindowsTargetPlatform (28)
[2016.05.18-22.41.24:560][446]LogModuleManager: Shutting down and abandoning module WindowsServerTargetPlatform (27)
[2016.05.18-22.41.24:560][446]LogModuleManager: Shutting down and abandoning module WindowsNoEditorTargetPlatform (26)
[2016.05.18-22.41.24:560][446]LogModuleManager: Shutting down and abandoning module WindowsClientTargetPlatform (25)
[2016.05.18-22.41.24:560][446]LogModuleManager: Shutting down and abandoning module AllDesktopTargetPlatform (24)
[2016.05.18-22.41.24:560][446]LogModuleManager: Shutting down and abandoning module TargetPlatform (23)
[2016.05.18-22.41.24:560][446]LogModuleManager: Shutting down and abandoning module InputCore (22)
[2016.05.18-22.41.24:560][446]LogModuleManager: Shutting down and abandoning module Settings (21)
[2016.05.18-22.41.24:560][446]LogModuleManager: Shutting down and abandoning module OnlineSubsystem (19)
[2016.05.18-22.41.24:560][446]LogModuleManager: Shutting down and abandoning module HTTP (18)
[2016.05.18-22.41.25:562][446]LogModuleManager: Shutting down and abandoning module XMPP (17)
[2016.05.18-22.41.25:562][446]LogModuleManager: Shutting down and abandoning module OculusRift (16)
[2016.05.18-22.41.25:562][446]LogModuleManager: Shutting down and abandoning module ExampleDeviceProfileSelector (15)
[2016.05.18-22.41.25:562][446]LogModuleManager: Shutting down and abandoning module TextureCompressor (14)
[2016.05.18-22.41.25:562][446]LogModuleManager: Shutting down and abandoning module ShaderCore (13)
[2016.05.18-22.41.25:562][446]LogModuleManager: Shutting down and abandoning module Landscape (12)
[2016.05.18-22.41.25:562][446]LogModuleManager: Shutting down and abandoning module SlateRHIRenderer (11)
[2016.05.18-22.41.25:564][446]LogModuleManager: Shutting down and abandoning module OpenGLDrv (10)
[2016.05.18-22.41.25:564][446]LogModuleManager: Shutting down and abandoning module D3D11RHI (9)
[2016.05.18-22.41.25:564][446]LogModuleManager: Shutting down and abandoning module AnimGraphRuntime (8)
[2016.05.18-22.41.25:564][446]LogModuleManager: Shutting down and abandoning module Renderer (7)
[2016.05.18-22.41.25:564][446]LogModuleManager: Shutting down and abandoning module Engine (6)
[2016.05.18-22.41.25:564][446]LogModuleManager: Shutting down and abandoning module CoreUObject (5)
[2016.05.18-22.41.25:564][446]LogModuleManager: Shutting down and abandoning module NetworkFile (4)
[2016.05.18-22.41.25:564][446]LogModuleManager: Shutting down and abandoning module StreamingFile (3)
[2016.05.18-22.41.25:564][446]LogModuleManager: Shutting down and abandoning module SandboxFile (2)
[2016.05.18-22.41.25:564][446]LogModuleManager: Shutting down and abandoning module PakFile (1)
[2016.05.18-22.41.25:565][446]LogExit: Exiting.
[2016.05.18-22.41.25:575][446]Log file closed, 05/18/16 15:41:25
