Log file open, 05/23/16 20:06:32
LogInit:Display: Running engine for game: GameJamRigging
LogPlatformFile: Not using cached read wrapper
LogInit:Display: RandInit(-1240817219) SRandInit(-1240817218).
LogTaskGraph: Started task graph with 4 named threads and 7 total threads.
LogStats: Stats thread started at 0.071646
LogInit: Version: 4.11.2-2946394+++UE4+Release-4.11
LogInit: API Version: 2927265
LogInit: Compiled (64-bit): Apr 18 2016 02:18:46
LogInit: Compiled with Visual C++: 19.00.23026.00
LogInit: Build Configuration: Development
LogInit: Branch Name: ++UE4+Release-4.11
LogInit: Command line:  
LogInit: Base directory: C:/Program Files (x86)/Epic Games/4.11/Engine/Binaries/Win64/
LogInit: Installed Engine Build: 1
LogInit: Using libcurl 7.41.0
LogInit:  - built for x86_64-pc-win32
LogInit:  - supports SSL with WinSSL
LogInit:  - other features:
LogInit:      CURL_VERSION_SSL
LogInit:      CURL_VERSION_IPV6
LogInit:      CURL_VERSION_ASYNCHDNS
LogInit:      CURL_VERSION_LARGEFILE
LogInit:      CURL_VERSION_IDN
LogInit:  CurlRequestOptions (configurable via config and command line):
LogInit:  - bVerifyPeer = true  - Libcurl will verify peer certificate
LogInit:  - bUseHttpProxy = false  - Libcurl will NOT use HTTP proxy
LogInit:  - bDontReuseConnections = false  - Libcurl will reuse connections
LogInit:  - CertBundlePath = nullptr  - Libcurl will use whatever was configured at build time.
LogInit: Presizing for max 16777216 objects, including 0 objects not considered by GC, pre-allocating 0 bytes for permanent pool.
LogInit: Object subsystem initialized
[2016.05.24-03.06.32:633][  0]LogInit: Selected Device Profile: [Windows]
[2016.05.24-03.06.32:633][  0]LogInit: Applying CVar settings loaded from the selected device profile: [Windows]
[2016.05.24-03.06.32:638][  0]LogInit: Computer: DUMPRING
[2016.05.24-03.06.32:638][  0]LogInit: User: theco000
[2016.05.24-03.06.32:638][  0]LogInit: CPU Page size=65536, Cores=4
[2016.05.24-03.06.32:638][  0]LogInit: High frequency timer resolution =3.615414 MHz
[2016.05.24-03.06.32:638][  0]LogMemory: Memory total: Physical=15.9GB (16GB approx)
[2016.05.24-03.06.32:638][  0]LogMemory: Platform Memory Stats for Windows
[2016.05.24-03.06.32:638][  0]LogMemory: Process Physical Memory: 314.41 MB used, 314.41 MB peak
[2016.05.24-03.06.32:638][  0]LogMemory: Process Virtual Memory: 314.95 MB used, 314.95 MB peak
[2016.05.24-03.06.32:638][  0]LogMemory: Physical Memory: 5744.42 MB used, 16326.09 MB total
[2016.05.24-03.06.32:638][  0]LogMemory: Virtual Memory: 639.07 MB used, 134217728.00 MB total
[2016.05.24-03.06.32:673][  0]LogTextLocalizationManager: No specific translations for ('en-US') exist, so ('en') translations will be used.
[2016.05.24-03.06.33:059][  0]LogD3D11RHI: D3D11 adapters:
[2016.05.24-03.06.33:083][  0]LogD3D11RHI:    0. 'NVIDIA GeForce GTX 780' (Feature Level 11_0)
[2016.05.24-03.06.33:083][  0]LogD3D11RHI:       3013MB of dedicated video memory, 0MB of dedicated system memory, and 8163MB of shared system memory, 2 output[s]
[2016.05.24-03.06.33:084][  0]LogD3D11RHI:    1. 'Microsoft Basic Render Driver' (Feature Level 11_0)
[2016.05.24-03.06.33:084][  0]LogD3D11RHI:       0MB of dedicated video memory, 0MB of dedicated system memory, and 8163MB of shared system memory, 0 output[s]
[2016.05.24-03.06.33:084][  0]LogD3D11RHI: Chosen D3D11 Adapter: 0
[2016.05.24-03.06.33:088][  0]LogD3D11RHI: Creating new Direct3DDevice
[2016.05.24-03.06.33:088][  0]LogD3D11RHI:     Adapter Name: NVIDIA GeForce GTX 780
[2016.05.24-03.06.33:088][  0]LogD3D11RHI:   Driver Version: 10.18.13.6510 (internal 10.18.13.6510)
[2016.05.24-03.06.33:088][  0]LogD3D11RHI:      Driver Date: 4-27-2016
[2016.05.24-03.06.33:088][  0]LogRHI: Texture pool is 1361 MB (70% of 1945 MB)
[2016.05.24-03.06.33:099][  0]LogD3D11RHI: Async texture creation enabled
[2016.05.24-03.06.33:109][  0]LogShaderCompilers: Guid format shader working directory is 12 characters bigger than the processId version (D:/Git/RiggingShooter/GameJamRigging/Intermediate/Shaders/WorkingDirectory/14948/).
[2016.05.24-03.06.33:110][  0]LogShaderCompilers: Cleaned the shader compiler working directory 'C:/Users/THECO_~1/AppData/Local/Temp/UnrealShaderWorkingDir/BFA0ADA04B04E527442765B48A076735/'.
[2016.05.24-03.06.33:110][  0]LogShaderCompilers:Display: Using Local Shader Compiler.
[2016.05.24-03.06.34:083][  0]LogTemp:Display: Loaded TP AllDesktopTargetPlatform
[2016.05.24-03.06.34:087][  0]LogTemp:Display: Loaded TP WindowsClientTargetPlatform
[2016.05.24-03.06.34:091][  0]LogTemp:Display: Loaded TP WindowsNoEditorTargetPlatform
[2016.05.24-03.06.34:094][  0]LogTemp:Display: Loaded TP WindowsServerTargetPlatform
[2016.05.24-03.06.34:098][  0]LogTemp:Display: Loaded TP WindowsTargetPlatform
[2016.05.24-03.06.34:101][  0]LogTemp:Display: Loaded TP AndroidTargetPlatform
[2016.05.24-03.06.34:104][  0]LogTemp:Display: Loaded TP Android_ASTCTargetPlatform
[2016.05.24-03.06.34:106][  0]LogTemp:Display: Loaded TP Android_ATCTargetPlatform
[2016.05.24-03.06.34:109][  0]LogTemp:Display: Loaded TP Android_DXTTargetPlatform
[2016.05.24-03.06.34:112][  0]LogTemp:Display: Loaded TP Android_ETC1TargetPlatform
[2016.05.24-03.06.34:114][  0]LogTemp:Display: Loaded TP Android_ETC2TargetPlatform
[2016.05.24-03.06.34:120][  0]LogTemp:Display: Loaded TP Android_MultiTargetPlatform
[2016.05.24-03.06.34:120][  0]LogTemp:Display: Loaded TP Android_PVRTCTargetPlatform
[2016.05.24-03.06.34:121][  0]LogTemp:Display: Loaded TP HTML5TargetPlatform
[2016.05.24-03.06.34:137][  0]LogTemp:Display: Loaded TP IOSTargetPlatform
[2016.05.24-03.06.34:139][  0]LogTemp:Display: Loaded TP TVOSTargetPlatform
[2016.05.24-03.06.34:143][  0]LogTemp:Display: Loaded TP LinuxNoEditorTargetPlatform
[2016.05.24-03.06.34:147][  0]LogTemp:Display: Loaded TP LinuxServerTargetPlatform
[2016.05.24-03.06.34:150][  0]LogTemp:Display: Loaded TP LinuxTargetPlatform
[2016.05.24-03.06.34:150][  0]LogTargetPlatformManager:Display: Building Assets For Windows
[2016.05.24-03.06.34:209][  0]LogDerivedDataCache:Display: Max Cache Size: 512 MB
[2016.05.24-03.06.34:263][  0]LogDerivedDataCache: Loaded boot cache 0.05s 46MB C:/Users/theco_000/AppData/Local/UnrealEngine/4.11/DerivedDataCache/Boot.ddc.
[2016.05.24-03.06.34:263][  0]LogDerivedDataCache:Display: Loaded Boot cache: C:/Users/theco_000/AppData/Local/UnrealEngine/4.11/DerivedDataCache/Boot.ddc
[2016.05.24-03.06.34:263][  0]LogDerivedDataCache: FDerivedDataBackendGraph:  Pak pak cache file D:/Git/RiggingShooter/GameJamRigging/DerivedDataCache/DDC.ddp not found, will not use a pak cache.
[2016.05.24-03.06.34:263][  0]LogDerivedDataCache: Unable to find inner node Pak for hierarchical cache Hierarchy.
[2016.05.24-03.06.34:263][  0]LogDerivedDataCache: FDerivedDataBackendGraph:  CompressedPak pak cache file D:/Git/RiggingShooter/GameJamRigging/DerivedDataCache/Compressed.ddp not found, will not use a pak cache.
[2016.05.24-03.06.34:263][  0]LogDerivedDataCache: Unable to find inner node CompressedPak for hierarchical cache Hierarchy.
[2016.05.24-03.06.34:276][  0]LogDerivedDataCache:Display: Pak cache opened for reading ../../../Engine/DerivedDataCache/Compressed.ddp.
[2016.05.24-03.06.34:289][  0]LogDerivedDataCache: Using Local data cache path C:/Users/theco_000/AppData/Local/UnrealEngine/Common/DerivedDataCache: Writable
[2016.05.24-03.06.34:490][  0]LogInit: Selected Device Profile: [Windows]
[2016.05.24-03.06.34:491][  0]LogContentStreaming: Texture pool size is 0.00 MB
[2016.05.24-03.06.34:540][  0]LogMaterial: Uniform references updated for custom material expression Custom.
[2016.05.24-03.06.34:668][  0]LogMeshUtilities: No automatic mesh reduction module available
[2016.05.24-03.06.34:668][  0]LogMeshUtilities: No automatic mesh merging module available
[2016.05.24-03.06.34:668][  0]LogMeshUtilities: No distributed automatic mesh merging module available
[2016.05.24-03.06.34:878][  0]LogUObjectArray: 27679 objects as part of root set at end of initial load.
[2016.05.24-03.06.34:878][  0]LogUObjectAllocator: 5591592 out of 0 bytes used by permanent object pool.
[2016.05.24-03.06.34:878][  0]LogUObjectArray: CloseDisregardForGC: 0/0 objects in disregard for GC pool
[2016.05.24-03.06.34:883][  0]LogInit: WinSock: version 1.1 (2.2), MaxSocks=32767, MaxUdp=65467
[2016.05.24-03.06.34:970][  0]LogSlate: SlateFontCache - WITH_FREETYPE: 1, WITH_HARFBUZZ: 1
[2016.05.24-03.06.34:971][  0]LogSlate: SlateFontCache - WITH_FREETYPE: 1, WITH_HARFBUZZ: 1
[2016.05.24-03.06.35:054][  0]LogStreaming:Warning: Failed to read file '../../../Engine/Content/Editor/Slate/Common/Selection_16x.png' error.
[2016.05.24-03.06.35:054][  0]LogSlate: Could not find file for Slate resource: ../../../Engine/Content/Editor/Slate/Common/Selection_16x.png
[2016.05.24-03.06.35:054][  0]LogStreaming:Warning: Failed to read file '../../../Engine/Content/Editor/Slate/Common/Selection_16x.png' error.
[2016.05.24-03.06.35:054][  0]LogSlate: Could not find file for Slate resource: ../../../Engine/Content/Editor/Slate/Common/Selection_16x.png
[2016.05.24-03.06.35:054][  0]LogStreaming:Warning: Failed to read file '../../../Engine/Content/Editor/Slate/Common/Selection_16x.png' error.
[2016.05.24-03.06.35:054][  0]LogSlate: Could not find file for Slate resource: ../../../Engine/Content/Editor/Slate/Common/Selection_16x.png
[2016.05.24-03.06.35:569][  0]LogUdpMessaging: Initializing bridge on interface 0.0.0.0:0 to multicast group 230.0.0.1:6666.
[2016.05.24-03.06.35:669][  0]LogAssetRegistry: FAssetRegistry took 0.0220 seconds to start up
[2016.05.24-03.06.35:799][  0]SourceControl: Info Source control is disabled
[2016.05.24-03.06.35:800][  0]SourceControl: Info Source control is disabled
[2016.05.24-03.06.35:806][  0]SourceControl: Info Source control is disabled
[2016.05.24-03.06.35:812][  0]SourceControl: Info Source control is disabled
[2016.05.24-03.06.35:926][  0]LogHMD: Failed to initialize OpenVR with code 110
[2016.05.24-03.06.35:993][  0]LogEngine: Initializing Engine...
[2016.05.24-03.06.36:134][  0]LogAIModule: Creating AISystem for world NewWorld
[2016.05.24-03.06.36:147][  0]LogInit: XAudio2 using 'Speakers (Realtek High Definition Audio)' : 2 channels at 48 kHz using 32 bits per sample (channel mask 0x3)
[2016.05.24-03.06.36:168][  0]LogInit: FAudioDevice initialized.
[2016.05.24-03.06.36:189][  0]LogDerivedDataCache: Saved boot cache 0.02s 46MB C:/Users/theco_000/AppData/Local/UnrealEngine/4.11/DerivedDataCache/Boot.ddc.
[2016.05.24-03.06.36:193][  0]LogInit: Texture streaming: Enabled
[2016.05.24-03.06.36:211][  0]LogInit: Transaction tracking system initialized
[2016.05.24-03.06.36:226][  0]BlueprintLog: New page: Editor Load
[2016.05.24-03.06.36:280][  0]LocalizationService: Info Localization service is disabled
[2016.05.24-03.06.36:337][  0]LogConsoleResponse:Display: 
[2016.05.24-03.06.36:429][  0]LogCook:Display: Max memory allowance for cook 8192mb
[2016.05.24-03.06.36:429][  0]LogCook:Display: Mobile HDR setting 1
[2016.05.24-03.06.36:429][  0]LogCook:Display: Done creating registry. It took  0.00s.
[2016.05.24-03.06.36:468][  0]LogFileCache: Scanning file cache for directory 'D:/Git/RiggingShooter/GameJamRigging/Content/' took 0.02s
[2016.05.24-03.06.36:468][  0]SourceControl: Info Source control is disabled
[2016.05.24-03.06.36:468][  0]Cmd: MAP LOAD FILE="D:/Git/RiggingShooter/GameJamRigging/Content/Maps/ChrisTest.umap" TEMPLATE=0 SHOWPROGRESS=1 FEATURELEVEL=3
[2016.05.24-03.06.36:468][  0]LightingResults: New page: Lighting Build
[2016.05.24-03.06.36:470][  0]MapCheck: New page: Map Check
[2016.05.24-03.06.36:470][  0]LightingResults: New page: Lighting Build
[2016.05.24-03.06.38:036][  0]LogAIModule: Creating AISystem for world ChrisTest
[2016.05.24-03.06.38:042][  0]LogEditorServer: Finished looking for orphan Actors (0.000 secs)
[2016.05.24-03.06.38:043][  0]Cmd: MAP CHECKDEP NOCLEARLOG
[2016.05.24-03.06.38:091][  0]MapCheck: Info Map check complete: 0 Error(s), 0 Warning(s), took 48.431ms to complete.
[2016.05.24-03.06.38:091][  0]LogFileHelpers: Loading map 'ChrisTest' took 1.623
[2016.05.24-03.06.38:213][  0]LogCollectionManager: Loaded 0 collections in 0.001216 seconds
[2016.05.24-03.06.38:254][  0]LogFileCache: Scanning file cache for directory 'D:/Git/RiggingShooter/GameJamRigging/Saved/Collections/' took 0.01s
[2016.05.24-03.06.38:254][  0]LogFileCache: Scanning file cache for directory 'D:/Git/RiggingShooter/GameJamRigging/Content/Developers/theco000/Collections/' took 0.01s
[2016.05.24-03.06.38:254][  0]LogFileCache: Scanning file cache for directory 'D:/Git/RiggingShooter/GameJamRigging/Content/Collections/' took 0.01s
[2016.05.24-03.06.38:254][  0]LogCollectionManager: Rebuilt the GUID cache for 0 collections in 0.000003 seconds
[2016.05.24-03.06.38:261][  0]LogContentBrowser: Native class hierarchy populated in 0.0067 seconds. Added 1979 classes and 343 folders.
[2016.05.24-03.06.38:264][  0]LogStats: UGameplayTagsManager::ConstructGameplayTagTree: Construct from data asset -  0.000 s
[2016.05.24-03.06.38:264][  0]LogStats: UGameplayTagsManager::ConstructGameplayTagTree: GameplayTagTreeChangedEvent.Broadcast -  0.000 s
[2016.05.24-03.06.38:264][  0]LogContentBrowser: Native class hierarchy updated for 'GameplayTags' in 0.0003 seconds. Added 12 classes and 0 folders.
[2016.05.24-03.06.38:268][  0]LogContentBrowser: Native class hierarchy updated for 'WidgetCarousel' in 0.0003 seconds. Added 0 classes and 0 folders.
[2016.05.24-03.06.38:272][  0]LogContentBrowser: Native class hierarchy updated for 'SuperSearch' in 0.0003 seconds. Added 1 classes and 2 folders.
[2016.05.24-03.06.38:305][  0]LogContentBrowser: Native class hierarchy updated for 'AddContentDialog' in 0.0003 seconds. Added 0 classes and 0 folders.
[2016.05.24-03.06.38:310][  0]LogContentBrowser: Native class hierarchy updated for 'WorldBrowser' in 0.0003 seconds. Added 1 classes and 3 folders.
[2016.05.24-03.06.38:314][  0]LogContentBrowser: Native class hierarchy updated for 'SceneOutliner' in 0.0003 seconds. Added 1 classes and 2 folders.
[2016.05.24-03.06.38:379][  0]LogCrashTracker: Crashtracker disabled due to settings.
[2016.05.24-03.06.38:384][  0]LogUObjectGlobals:Warning: Failed to find object 'Class None.'
[2016.05.24-03.06.38:409][  0]LogContentBrowser: Native class hierarchy updated for 'HierarchicalLODOutliner' in 0.0003 seconds. Added 1 classes and 2 folders.
[2016.05.24-03.06.38:409][  0]LogLoad: Full Startup: 6.46 seconds (BP compile: 0.53 seconds)
[2016.05.24-03.06.38:409][  0]LogExternalProfiler: Found external profiler: VSPerf
[2016.05.24-03.06.38:409][  0]LogExternalProfiler: Using external profiler: VSPerf
[2016.05.24-03.06.38:418][  0]LogOcInput: OculusInput pre-init called
[2016.05.24-03.06.38:462][  0]LogContentStreaming: Texture pool size now 1000 MB
[2016.05.24-03.06.38:602][  0]LogRenderer: Reallocating scene render targets to support 1596x808 (Frame:2).
[2016.05.24-03.06.38:679][  1]LogAssetRegistry: Asset discovery search completed in 3.0320 seconds
[2016.05.24-03.06.38:679][  1]LogCollectionManager: Rebuilt the object cache for 0 collections in 0.000001 seconds (found 0 objects)
[2016.05.24-03.06.38:679][  1]LogCollectionManager: Fixed up redirectors for 0 collections in 0.000063 seconds (updated 0 objects)
[2016.05.24-03.06.55:303][544]LogFactory: FactoryCreateBinary: StaticMesh with FbxFactory (0 0 D:\GameAssets\RiggingShooter\RiggingShooterCharacter.fbx)
[2016.05.24-03.06.55:312][544]LogFbx: ItemName: GlobalSettings, ItemCount : 1
[2016.05.24-03.06.55:312][544]LogFbx: ItemName: Geometry, ItemCount : 2
[2016.05.24-03.06.55:312][544]LogFbx: ItemName: Model, ItemCount : 2
[2016.05.24-03.06.55:312][544]LogFbx: ItemName: Material, ItemCount : 2
[2016.05.24-03.06.55:316][544]LogFbx: Loading FBX Scene from D:\GameAssets\RiggingShooter\RiggingShooterCharacter.fbx
[2016.05.24-03.06.55:323][544]LogFbx: FBX Scene Loaded Succesfully
[2016.05.24-03.06.59:100][544]LogFbx: Loading FBX Scene from D:\GameAssets\RiggingShooter\RiggingShooterCharacter.fbx
[2016.05.24-03.06.59:105][544]LogFbx: FBX Scene Loaded Succesfully
[2016.05.24-03.06.59:107][544]LogFbx:Warning: Triangulating static mesh Cylinder
[2016.05.24-03.06.59:115][544]LogLinker:Warning: Can't find file '/Game/Models/Material_001'
[2016.05.24-03.06.59:115][544]LogLinker:Warning: Can't find file '/Game/Models/Material_001'
[2016.05.24-03.06.59:119][544]LogMaterial: Missing cached shader map for material Material_001, compiling. 
[2016.05.24-03.06.59:147][544]LogLinker:Warning: Can't find file '/Game/Models/Material'
[2016.05.24-03.06.59:147][544]LogLinker:Warning: Can't find file '/Game/Models/Material'
[2016.05.24-03.06.59:152][544]LogMaterial: Missing cached shader map for material Material, compiling. 
[2016.05.24-03.06.59:166][544]LogFbx:Warning: Triangulating static mesh Cube
[2016.05.24-03.06.59:246][544]LogStaticMesh: Building static mesh RiggingShooterCharacter...
[2016.05.24-03.06.59:257][544]LogStaticMesh: Built static mesh [0.01s] /Game/Models/RiggingShooterCharacter.RiggingShooterCharacter
[2016.05.24-03.06.59:264][544]FBXImport:Warning: Warning Warning: No smoothing group information was found in this FBX scene.  Please make sure to enable the 'Export Smoothing Groups' option in the FBX Exporter plug-in before exporting the file.  Even for tools that don't support smoothing groups, the FBX Exporter will generate appropriate smoothing data at export-time so that correct vertex normals can be inferred while importing. 
[2016.05.24-03.07.01:042][700]LogActorFactory: Actor Factory created RiggingShooterCharacter
[2016.05.24-03.07.01:888][780]LogActorFactory: Actor Factory created RiggingShooterCharacter
[2016.05.24-03.07.37:218][578]LogBlueprintUserMessages: Early PlayInEditor Detection: Level '/Game/Maps/ChrisTest.ChrisTest:PersistentLevel' has LevelScriptBlueprint '/Game/Maps/ChrisTest.ChrisTest:PersistentLevel.ChrisTest' with GeneratedClass '/Game/Maps/ChrisTest.ChrisTest_C' with ClassGeneratedBy '/Game/Maps/ChrisTest.ChrisTest:PersistentLevel.ChrisTest'
[2016.05.24-03.07.37:218][578]LogPlayLevel: PlayLevel: No blueprints needed recompiling
[2016.05.24-03.07.37:219][578]PIE: New page: PIE session: ChrisTest (May 23, 2016, 12:07:37 PM)
[2016.05.24-03.07.37:219][578]LogPlayLevel: Creating play world package: /Game/Maps/UEDPIE_0_ChrisTest
[2016.05.24-03.07.37:229][578]LogPlayLevel: PIE: StaticDuplicateObject took: (0.009484s)
[2016.05.24-03.07.37:229][578]LogAIModule: Creating AISystem for world ChrisTest
[2016.05.24-03.07.37:229][578]LogPlayLevel: PIE: World Init took: (0.000525s)
[2016.05.24-03.07.37:229][578]LogPlayLevel: PIE: Created PIE world by copying editor world from /Game/Maps/ChrisTest.ChrisTest to /Game/Maps/UEDPIE_0_ChrisTest.ChrisTest (0.010195s)
[2016.05.24-03.07.37:229][578]LogActorComponent: UnregisterComponent: (/Engine/Transient.ProjectileMovementComponent_40__A6522401) Not registered. Aborting.
[2016.05.24-03.07.37:230][578]LogActorComponent: UnregisterComponent: (/Engine/Transient.CharMoveComp) Not registered. Aborting.
[2016.05.24-03.07.37:292][578]LogInit: XAudio2 using 'Speakers (Realtek High Definition Audio)' : 2 channels at 48 kHz using 32 bits per sample (channel mask 0x3)
[2016.05.24-03.07.37:300][578]LogInit: FAudioDevice initialized.
[2016.05.24-03.07.37:356][578]LogWorld: Game class is 'ShooterGameMode_C'
[2016.05.24-03.07.37:362][578]LogWorld: Bringing World /Game/Maps/UEDPIE_0_ChrisTest.ChrisTest up for play (max tick rate 0) at 2016.05.23-20.07.37
[2016.05.24-03.07.37:363][578]LogWorld: Bringing up level for play took: 0.005485
[2016.05.24-03.07.37:370][578]LogContentBrowser: Native class hierarchy updated for 'MovieSceneCapture' in 0.0008 seconds. Added 9 classes and 0 folders.
[2016.05.24-03.07.37:378][578]PIE: Info Play in editor start time for /Game/Maps/UEDPIE_0_ChrisTest -0.763
[2016.05.24-03.07.37:378][578]LogBlueprintUserMessages: Late PlayInEditor Detection: Level '/Game/Maps/ChrisTest.ChrisTest:PersistentLevel' has LevelScriptBlueprint '/Game/Maps/ChrisTest.ChrisTest:PersistentLevel.ChrisTest' with GeneratedClass '/Game/Maps/ChrisTest.ChrisTest_C' with ClassGeneratedBy '/Game/Maps/ChrisTest.ChrisTest:PersistentLevel.ChrisTest'
[2016.05.24-03.07.46:637][683]LogBlueprintUserMessages: Early EndPlayMap Detection: Level '/Game/Maps/ChrisTest.ChrisTest:PersistentLevel' has LevelScriptBlueprint '/Game/Maps/ChrisTest.ChrisTest:PersistentLevel.ChrisTest' with GeneratedClass '/Game/Maps/ChrisTest.ChrisTest_C' with ClassGeneratedBy '/Game/Maps/ChrisTest.ChrisTest:PersistentLevel.ChrisTest'
[2016.05.24-03.07.46:678][683]LogBlueprintUserMessages: Late EndPlayMap Detection: Level '/Game/Maps/ChrisTest.ChrisTest:PersistentLevel' has LevelScriptBlueprint '/Game/Maps/ChrisTest.ChrisTest:PersistentLevel.ChrisTest' with GeneratedClass '/Game/Maps/ChrisTest.ChrisTest_C' with ClassGeneratedBy '/Game/Maps/ChrisTest.ChrisTest:PersistentLevel.ChrisTest'
[2016.05.24-03.07.57:691][846]LogEditorViewport: Clicking on Actor (LMB): StaticMeshActor (RiggingShooterCharacter)
[2016.05.24-03.16.48:741][ 86]Cmd: OBJ SAVEPACKAGE PACKAGE="/Game/Maps/ChrisTest" FILE="D:/Git/RiggingShooter/GameJamRigging/Saved/Autosaves/Game/Maps/ChrisTest_Auto1.umap" SILENT=true AUTOSAVING=true KEEPDIRTY=false
[2016.05.24-03.16.48:877][ 86]LogSavePackage: Save=119.21ms
[2016.05.24-03.16.48:877][ 86]LogSavePackage: Moving 'D:/Git/RiggingShooter/GameJamRigging/Saved/ChrisTest_Auto1FAEB953949DF761B3584D58E34961892.tmp' to 'D:/Git/RiggingShooter/GameJamRigging/Saved/Autosaves/Game/Maps/ChrisTest_Auto1.umap'
[2016.05.24-03.16.48:877][ 86]LogSavePackage: Total save time: 135.49ms
[2016.05.24-03.16.48:877][ 86]LogSavePackage:Display: Finished SavePackage D:/Git/RiggingShooter/GameJamRigging/Saved/Autosaves/Game/Maps/ChrisTest_Auto1.umap
[2016.05.24-03.16.48:878][ 86]LogFileHelpers: Editor autosave (incl. sublevels) for '/Game/Maps/ChrisTest' took 0.152
[2016.05.24-03.16.48:878][ 86]LogFileHelpers: Editor autosave (incl. sublevels) for all levels took 0.152
[2016.05.24-03.16.48:881][ 86]OBJ SavePackage: Generating thumbnails for [1] asset(s) in package [/Game/Models/RiggingShooterCharacter] ([1] browsable assets)...
[2016.05.24-03.16.48:899][ 86]OBJ SavePackage:     Rendered thumbnail for [StaticMesh /Game/Models/RiggingShooterCharacter.RiggingShooterCharacter]
[2016.05.24-03.16.48:899][ 86]OBJ SavePackage: Finished generating thumbnails for package [/Game/Models/RiggingShooterCharacter]
[2016.05.24-03.16.48:909][ 86]LogSavePackage: Save=9.13ms
[2016.05.24-03.16.48:909][ 86]LogSavePackage: Moving 'D:/Git/RiggingShooter/GameJamRigging/Saved/RiggingShooterCharacter_Auto12D08096849DBBD2F0781D8AD0D4A7052.tmp' to 'D:/Git/RiggingShooter/GameJamRigging/Saved/Autosaves/Game/Models/RiggingShooterCharacter_Auto1.uasset'
[2016.05.24-03.16.48:910][ 86]LogSavePackage: Total save time: 10.19ms
[2016.05.24-03.16.48:910][ 86]LogSavePackage:Display: Finished SavePackage D:/Git/RiggingShooter/GameJamRigging/Saved/Autosaves/Game/Models/RiggingShooterCharacter_Auto1.uasset
[2016.05.24-03.16.48:912][ 86]OBJ SavePackage: Generating thumbnails for [1] asset(s) in package [/Game/Models/Material_001] ([1] browsable assets)...
[2016.05.24-03.16.48:929][ 86]OBJ SavePackage:     Rendered thumbnail for [Material /Game/Models/Material_001.Material_001]
[2016.05.24-03.16.48:929][ 86]OBJ SavePackage: Finished generating thumbnails for package [/Game/Models/Material_001]
[2016.05.24-03.16.48:929][ 86]Cmd: OBJ SAVEPACKAGE PACKAGE="/Game/Models/Material_001" FILE="D:/Git/RiggingShooter/GameJamRigging/Saved/Autosaves/Game/Models/Material_001_Auto1.uasset" SILENT=false AUTOSAVING=true
[2016.05.24-03.16.48:941][ 86]LogSavePackage: Save=11.35ms
[2016.05.24-03.16.48:941][ 86]LogSavePackage: Moving 'D:/Git/RiggingShooter/GameJamRigging/Saved/Material_001_Auto13258D1F047F0FC36660FA89D6E3A7BE9.tmp' to 'D:/Git/RiggingShooter/GameJamRigging/Saved/Autosaves/Game/Models/Material_001_Auto1.uasset'
[2016.05.24-03.16.48:941][ 86]LogSavePackage: Total save time: 12.27ms
[2016.05.24-03.16.48:941][ 86]LogSavePackage:Display: Finished SavePackage D:/Git/RiggingShooter/GameJamRigging/Saved/Autosaves/Game/Models/Material_001_Auto1.uasset
[2016.05.24-03.16.48:945][ 86]OBJ SavePackage: Generating thumbnails for [1] asset(s) in package [/Game/Models/Material] ([1] browsable assets)...
[2016.05.24-03.16.48:962][ 86]OBJ SavePackage:     Rendered thumbnail for [Material /Game/Models/Material.Material]
[2016.05.24-03.16.48:962][ 86]OBJ SavePackage: Finished generating thumbnails for package [/Game/Models/Material]
[2016.05.24-03.16.48:962][ 86]Cmd: OBJ SAVEPACKAGE PACKAGE="/Game/Models/Material" FILE="D:/Git/RiggingShooter/GameJamRigging/Saved/Autosaves/Game/Models/Material_Auto1.uasset" SILENT=false AUTOSAVING=true
[2016.05.24-03.16.48:973][ 86]LogSavePackage: Save=10.11ms
[2016.05.24-03.16.48:973][ 86]LogSavePackage: Moving 'D:/Git/RiggingShooter/GameJamRigging/Saved/Material_Auto10EA0BE084104A2AEF17BF7BAA0DB37F7.tmp' to 'D:/Git/RiggingShooter/GameJamRigging/Saved/Autosaves/Game/Models/Material_Auto1.uasset'
[2016.05.24-03.16.48:973][ 86]LogSavePackage: Total save time: 10.98ms
[2016.05.24-03.16.48:973][ 86]LogSavePackage:Display: Finished SavePackage D:/Git/RiggingShooter/GameJamRigging/Saved/Autosaves/Game/Models/Material_Auto1.uasset
[2016.05.24-03.16.48:973][ 86]LogFileHelpers: Auto-saving content packages took 0.094
[2016.05.24-03.21.12:326][  8]Cmd: OBJ SAVEPACKAGE PACKAGE="/Game/Maps/ChrisTest" FILE="D:/Git/RiggingShooter/GameJamRigging/Content/Maps/ChrisTest.umap" SILENT=true AUTOSAVING=false KEEPDIRTY=false
[2016.05.24-03.21.12:464][  8]LogSavePackage: Save=114.74ms
[2016.05.24-03.21.12:464][  8]LogSavePackage: Moving 'D:/Git/RiggingShooter/GameJamRigging/Saved/ChrisTest2E85A1AB48DE3C42F07CC4836F7C30F2.tmp' to 'D:/Git/RiggingShooter/GameJamRigging/Content/Maps/ChrisTest.umap'
[2016.05.24-03.21.12:465][  8]LogSavePackage: Total save time: 129.47ms
[2016.05.24-03.21.12:465][  8]LogSavePackage:Display: Finished SavePackage D:/Git/RiggingShooter/GameJamRigging/Content/Maps/ChrisTest.umap
[2016.05.24-03.21.12:495][  8]LogFileHelpers: Saving map 'ChrisTest' took 0.217
[2016.05.24-03.21.12:512][  8]Cmd: OBJ SAVEPACKAGE PACKAGE="/Game/Models/RiggingShooterCharacter" FILE="D:/Git/RiggingShooter/GameJamRigging/Content/Models/RiggingShooterCharacter.uasset" SILENT=true
[2016.05.24-03.21.12:522][  8]LogSavePackage: Save=8.99ms
[2016.05.24-03.21.12:522][  8]LogSavePackage: Moving 'D:/Git/RiggingShooter/GameJamRigging/Saved/RiggingShooterCharacterF9DC7EBB4F087C5F81A3BC80817D0164.tmp' to 'D:/Git/RiggingShooter/GameJamRigging/Content/Models/RiggingShooterCharacter.uasset'
[2016.05.24-03.21.12:523][  8]LogSavePackage: Total save time: 10.12ms
[2016.05.24-03.21.12:523][  8]LogSavePackage:Display: Finished SavePackage D:/Git/RiggingShooter/GameJamRigging/Content/Models/RiggingShooterCharacter.uasset
[2016.05.24-03.21.12:541][  8]Cmd: OBJ SAVEPACKAGE PACKAGE="/Game/Models/Material_001" FILE="D:/Git/RiggingShooter/GameJamRigging/Content/Models/Material_001.uasset" SILENT=true
[2016.05.24-03.21.12:551][  8]LogSavePackage: Save=8.68ms
[2016.05.24-03.21.12:551][  8]LogSavePackage: Moving 'D:/Git/RiggingShooter/GameJamRigging/Saved/Material_001FDB6B2E9453287A1682D4FBD984C3B4E.tmp' to 'D:/Git/RiggingShooter/GameJamRigging/Content/Models/Material_001.uasset'
[2016.05.24-03.21.12:551][  8]LogSavePackage: Total save time: 9.67ms
[2016.05.24-03.21.12:552][  8]LogSavePackage:Display: Finished SavePackage D:/Git/RiggingShooter/GameJamRigging/Content/Models/Material_001.uasset
[2016.05.24-03.21.12:569][  8]Cmd: OBJ SAVEPACKAGE PACKAGE="/Game/Models/Material" FILE="D:/Git/RiggingShooter/GameJamRigging/Content/Models/Material.uasset" SILENT=true
[2016.05.24-03.21.12:579][  8]LogSavePackage: Save=9.85ms
[2016.05.24-03.21.12:579][  8]LogSavePackage: Moving 'D:/Git/RiggingShooter/GameJamRigging/Saved/Material9F03818744C65EDB18936FA70855176C.tmp' to 'D:/Git/RiggingShooter/GameJamRigging/Content/Models/Material.uasset'
[2016.05.24-03.21.12:580][  8]LogSavePackage: Total save time: 10.92ms
[2016.05.24-03.21.12:580][  8]LogSavePackage:Display: Finished SavePackage D:/Git/RiggingShooter/GameJamRigging/Content/Models/Material.uasset
[2016.05.24-03.21.13:356][ 65]Cmd: QUIT_EDITOR
[2016.05.24-03.21.14:132][ 65]LogWindowsTextInputMethodSystem:Display: IME system now deactivated.
[2016.05.24-03.21.14:211][ 65]LogExit: Preparing to exit.
[2016.05.24-03.21.14:977][ 65]LogExit: Editor shut down
[2016.05.24-03.21.14:977][ 65]LogExit: Transaction tracking system shut down
[2016.05.24-03.21.15:110][ 65]LogObj: Freed 0b from 0 cluster array pools.
[2016.05.24-03.21.15:111][ 65]LogExit: Object subsystem successfully closed.
[2016.05.24-03.21.15:128][ 65]LogD3D11RHI: Shutdown
[2016.05.24-03.21.15:128][ 65]LogD3D11RHI: CleanupD3DDevice
[2016.05.24-03.21.15:186][ 65]LogD3D11RHI: ~FD3D11DynamicRHI
[2016.05.24-03.21.15:274][ 65]LogDerivedDataCache: Shutdown
[2016.05.24-03.21.15:275][ 65]LogModuleManager: Shutting down and abandoning module MovieSceneCapture (206)
[2016.05.24-03.21.15:275][ 65]LogModuleManager: Shutting down and abandoning module HierarchicalLODOutliner (205)
[2016.05.24-03.21.15:275][ 65]LogModuleManager: Shutting down and abandoning module CrashTracker (204)
[2016.05.24-03.21.15:275][ 65]LogModuleManager: Shutting down and abandoning module SceneOutliner (203)
[2016.05.24-03.21.15:275][ 65]LogModuleManager: Shutting down and abandoning module WorldBrowser (202)
[2016.05.24-03.21.15:275][ 65]LogModuleManager: Shutting down and abandoning module SuperSearch (201)
[2016.05.24-03.21.15:275][ 65]LogModuleManager: Shutting down and abandoning module WidgetCarousel (200)
[2016.05.24-03.21.15:275][ 65]LogModuleManager: Shutting down and abandoning module AddContentDialog (199)
[2016.05.24-03.21.15:278][ 65]LogModuleManager: Shutting down and abandoning module GameplayTags (198)
[2016.05.24-03.21.15:278][ 65]LogModuleManager: Shutting down and abandoning module EditorWidgets (197)
[2016.05.24-03.21.15:278][ 65]LogModuleManager: Shutting down and abandoning module CollectionManager (196)
[2016.05.24-03.21.15:278][ 65]LogModuleManager: Shutting down and abandoning module StatsViewer (195)
[2016.05.24-03.21.15:278][ 65]LogModuleManager: Shutting down and abandoning module FoliageEdit (194)
[2016.05.24-03.21.15:278][ 65]LogModuleManager: Shutting down and abandoning module LandscapeEditor (193)
[2016.05.24-03.21.15:278][ 65]LogModuleManager: Shutting down and abandoning module ActorPickerMode (192)
[2016.05.24-03.21.15:278][ 65]LogModuleManager: Shutting down and abandoning module GeometryMode (191)
[2016.05.24-03.21.15:278][ 65]LogModuleManager: Shutting down and abandoning module TextureAlignMode (190)
[2016.05.24-03.21.15:278][ 65]LogModuleManager: Shutting down and abandoning module BspMode (189)
[2016.05.24-03.21.15:278][ 65]LogModuleManager: Shutting down and abandoning module PlacementMode (188)
[2016.05.24-03.21.15:278][ 65]LogModuleManager: Shutting down and abandoning module AutomationWorker (187)
[2016.05.24-03.21.15:278][ 65]LogModuleManager: Shutting down and abandoning module CharacterAI (186)
[2016.05.24-03.21.15:278][ 65]LogModuleManager: Shutting down and abandoning module SmartSnapping (185)
[2016.05.24-03.21.15:278][ 65]LogModuleManager: Shutting down and abandoning module ViewportSnapping (184)
[2016.05.24-03.21.15:278][ 65]LogModuleManager: Shutting down and abandoning module LogVisualizer (183)
[2016.05.24-03.21.15:278][ 65]LogModuleManager: Shutting down and abandoning module GameProjectGeneration (182)
[2016.05.24-03.21.15:278][ 65]LogModuleManager: Shutting down and abandoning module IntroTutorials (181)
[2016.05.24-03.21.15:279][ 65]LogModuleManager: Shutting down and abandoning module EditorLiveStreaming (180)
[2016.05.24-03.21.15:279][ 65]LogModuleManager: Shutting down and abandoning module IOSPlatformEditor (179)
[2016.05.24-03.21.15:279][ 65]LogModuleManager: Shutting down and abandoning module HTML5PlatformEditor (178)
[2016.05.24-03.21.15:279][ 65]LogModuleManager: Shutting down and abandoning module AndroidDeviceDetection (177)
[2016.05.24-03.21.15:569][ 65]LogModuleManager: Shutting down and abandoning module AndroidPlatformEditor (176)
[2016.05.24-03.21.15:570][ 65]LogModuleManager: Shutting down and abandoning module IOSRuntimeSettings (175)
[2016.05.24-03.21.15:570][ 65]LogModuleManager: Shutting down and abandoning module AndroidRuntimeSettings (174)
[2016.05.24-03.21.15:570][ 65]LogModuleManager: Shutting down and abandoning module MergeActors (173)
[2016.05.24-03.21.15:570][ 65]LogModuleManager: Shutting down and abandoning module SizeMap (172)
[2016.05.24-03.21.15:570][ 65]LogModuleManager: Shutting down and abandoning module TreeMap (171)
[2016.05.24-03.21.15:570][ 65]LogModuleManager: Shutting down and abandoning module ReferenceViewer (170)
[2016.05.24-03.21.15:570][ 65]LogModuleManager: Shutting down and abandoning module LocalizationService (169)
[2016.05.24-03.21.15:570][ 65]LogModuleManager: Shutting down and abandoning module LocalizationDashboard (168)
[2016.05.24-03.21.15:570][ 65]LogModuleManager: Shutting down and abandoning module HardwareTargeting (167)
[2016.05.24-03.21.15:570][ 65]LogModuleManager: Shutting down and abandoning module DeviceProfileEditor (166)
[2016.05.24-03.21.15:570][ 65]LogModuleManager: Shutting down and abandoning module UndoHistory (165)
[2016.05.24-03.21.15:570][ 65]LogModuleManager: Shutting down and abandoning module UserFeedback (164)
[2016.05.24-03.21.15:570][ 65]LogModuleManager: Shutting down and abandoning module XmlParser (163)
[2016.05.24-03.21.15:570][ 65]LogModuleManager: Shutting down and abandoning module Blutility (162)
[2016.05.24-03.21.15:570][ 65]LogModuleManager: Shutting down and abandoning module ProjectTargetPlatformEditor (161)
[2016.05.24-03.21.15:570][ 65]LogModuleManager: Shutting down and abandoning module ProjectSettingsViewer (160)
[2016.05.24-03.21.15:570][ 65]LogModuleManager: Shutting down and abandoning module InputBindingEditor (159)
[2016.05.24-03.21.15:571][ 65]LogModuleManager: Shutting down and abandoning module EditorSettingsViewer (158)
[2016.05.24-03.21.15:571][ 65]LogModuleManager: Shutting down and abandoning module SettingsEditor (157)
[2016.05.24-03.21.15:571][ 65]LogModuleManager: Shutting down and abandoning module ProjectLauncher (156)
[2016.05.24-03.21.15:571][ 65]LogModuleManager: Shutting down and abandoning module SessionFrontend (155)
[2016.05.24-03.21.15:571][ 65]LogModuleManager: Shutting down and abandoning module ProfilerClient (154)
[2016.05.24-03.21.15:571][ 65]LogModuleManager: Shutting down and abandoning module TargetDeviceServices (153)
[2016.05.24-03.21.15:571][ 65]LogModuleManager: Shutting down and abandoning module DeviceManager (152)
[2016.05.24-03.21.15:604][ 65]LogModuleManager: Shutting down and abandoning module AutomationController (151)
[2016.05.24-03.21.15:604][ 65]LogModuleManager: Shutting down and abandoning module AutomationWindow (150)
[2016.05.24-03.21.15:604][ 65]LogModuleManager: Shutting down and abandoning module Layers (149)
[2016.05.24-03.21.15:604][ 65]LogModuleManager: Shutting down and abandoning module ComponentVisualizers (148)
[2016.05.24-03.21.15:604][ 65]LogModuleManager: Shutting down and abandoning module DetailCustomizations (147)
[2016.05.24-03.21.15:604][ 65]LogModuleManager: Shutting down and abandoning module PackagesDialog (146)
[2016.05.24-03.21.15:604][ 65]LogModuleManager: Shutting down and abandoning module Persona (145)
[2016.05.24-03.21.15:604][ 65]LogModuleManager: Shutting down and abandoning module Kismet (144)
[2016.05.24-03.21.15:604][ 65]LogModuleManager: Shutting down and abandoning module GraphEditor (143)
[2016.05.24-03.21.15:605][ 65]LogModuleManager: Shutting down and abandoning module ClassViewer (142)
[2016.05.24-03.21.15:605][ 65]LogModuleManager: Shutting down and abandoning module Toolbox (141)
[2016.05.24-03.21.15:605][ 65]LogModuleManager: Shutting down and abandoning module ModuleUI (140)
[2016.05.24-03.21.15:605][ 65]LogModuleManager: Shutting down and abandoning module MovieSceneTools (139)
[2016.05.24-03.21.15:605][ 65]LogModuleManager: Shutting down and abandoning module OutputLog (138)
[2016.05.24-03.21.15:605][ 65]LogModuleManager: Shutting down and abandoning module GammaUI (137)
[2016.05.24-03.21.15:605][ 65]LogModuleManager: Shutting down and abandoning module Documentation (136)
[2016.05.24-03.21.15:605][ 65]LogModuleManager: Shutting down and abandoning module StreamingPauseRendering (135)
[2016.05.24-03.21.15:605][ 65]LogModuleManager: Shutting down and abandoning module AnalyticsET (134)
[2016.05.24-03.21.15:605][ 65]LogModuleManager: Shutting down and abandoning module Analytics (133)
[2016.05.24-03.21.15:605][ 65]LogModuleManager: Shutting down and abandoning module PortalServices (132)
[2016.05.24-03.21.15:605][ 65]LogModuleManager: Shutting down and abandoning module PortalRpc (131)
[2016.05.24-03.21.15:605][ 65]LogModuleManager: Shutting down and abandoning module MessagingRpc (130)
[2016.05.24-03.21.15:605][ 65]LogModuleManager: Shutting down and abandoning module AITestSuite (129)
[2016.05.24-03.21.15:605][ 65]LogModuleManager: Shutting down and abandoning module GameplayDebugger (128)
[2016.05.24-03.21.15:605][ 65]LogModuleManager: Shutting down and abandoning module AIModule (127)
[2016.05.24-03.21.15:605][ 65]LogModuleManager: Shutting down and abandoning module ProfilerService (126)
[2016.05.24-03.21.15:841][ 65]LogModuleManager: Shutting down and abandoning module TaskGraph (125)
[2016.05.24-03.21.15:841][ 65]LogModuleManager: Shutting down and abandoning module SlateRemote (124)
[2016.05.24-03.21.15:841][ 65]LogModuleManager: Shutting down and abandoning module SteamVRController (123)
[2016.05.24-03.21.15:841][ 65]LogModuleManager: Shutting down and abandoning module SteamVR (122)
[2016.05.24-03.21.15:841][ 65]LogModuleManager: Shutting down and abandoning module ProceduralMeshComponent (121)
[2016.05.24-03.21.15:841][ 65]LogModuleManager: Shutting down and abandoning module OculusLibrary (120)
[2016.05.24-03.21.15:841][ 65]LogModuleManager: Shutting down and abandoning module OculusInput (119)
[2016.05.24-03.21.15:841][ 65]LogModuleManager: Shutting down and abandoning module CustomMeshComponent (118)
[2016.05.24-03.21.15:841][ 65]LogModuleManager: Shutting down and abandoning module CableComponent (117)
[2016.05.24-03.21.15:841][ 65]LogModuleManager: Shutting down and abandoning module ArchVisCharacter (116)
[2016.05.24-03.21.15:841][ 65]LogModuleManager: Shutting down and abandoning module MediaPlayerEditor (115)
[2016.05.24-03.21.15:842][ 65]LogModuleManager: Shutting down and abandoning module HTML5Networking (114)
[2016.05.24-03.21.15:842][ 65]LogModuleManager: Shutting down and abandoning module SpeedTreeImporter (113)
[2016.05.24-03.21.15:842][ 65]LogModuleManager: Shutting down and abandoning module PluginBrowser (112)
[2016.05.24-03.21.15:842][ 65]LogModuleManager: Shutting down and abandoning module EpicSurvey (111)
[2016.05.24-03.21.15:842][ 65]LogModuleManager: Shutting down and abandoning module DesktopPlatform (110)
[2016.05.24-03.21.15:842][ 65]LogModuleManager: Shutting down and abandoning module VisualStudioSourceCodeAccess (109)
[2016.05.24-03.21.15:842][ 65]LogModuleManager: Shutting down and abandoning module UObjectPlugin (108)
[2016.05.24-03.21.15:842][ 65]LogModuleManager: Shutting down and abandoning module SubversionSourceControl (107)
[2016.05.24-03.21.15:842][ 65]LogModuleManager: Shutting down and abandoning module PerforceSourceControl (106)
[2016.05.24-03.21.15:842][ 65]LogModuleManager: Shutting down and abandoning module SourceControl (105)
[2016.05.24-03.21.15:842][ 65]LogModuleManager: Shutting down and abandoning module GitSourceControl (104)
[2016.05.24-03.21.15:842][ 65]LogModuleManager: Shutting down and abandoning module LightPropagationVolumeEditor (103)
[2016.05.24-03.21.15:842][ 65]LogModuleManager: Shutting down and abandoning module PaperTiledImporter (102)
[2016.05.24-03.21.15:842][ 65]LogModuleManager: Shutting down and abandoning module PaperSpriteSheetImporter (101)
[2016.05.24-03.21.15:842][ 65]LogModuleManager: Shutting down and abandoning module MeshPaint (100)
[2016.05.24-03.21.15:842][ 65]LogModuleManager: Shutting down and abandoning module HotReload (99)
[2016.05.24-03.21.15:843][ 65]LogModuleManager: Shutting down and abandoning module MainFrame (98)
[2016.05.24-03.21.15:843][ 65]LogModuleManager: Shutting down and abandoning module LevelEditor (97)
[2016.05.24-03.21.15:844][ 65]LogModuleManager: Shutting down and abandoning module DirectoryWatcher (96)
[2016.05.24-03.21.15:847][ 65]LogModuleManager: Shutting down and abandoning module AssetRegistry (95)
[2016.05.24-03.21.16:001][ 65]LogModuleManager: Shutting down and abandoning module ContentBrowser (94)
[2016.05.24-03.21.16:002][ 65]LogModuleManager: Shutting down and abandoning module Paper2DEditor (93)
[2016.05.24-03.21.16:002][ 65]LogModuleManager: Shutting down and abandoning module UdpMessaging (92)
[2016.05.24-03.21.16:103][ 65]LogModuleManager: Shutting down and abandoning module LightPropagationVolumeRuntime (91)
[2016.05.24-03.21.16:103][ 65]LogModuleManager: Shutting down and abandoning module Paper2D (90)
[2016.05.24-03.21.16:103][ 65]LogModuleManager: Shutting down and abandoning module WindowsMoviePlayer (89)
[2016.05.24-03.21.16:103][ 65]LogModuleManager: Shutting down and abandoning module Media (88)
[2016.05.24-03.21.16:103][ 65]LogModuleManager: Shutting down and abandoning module WmfMedia (87)
[2016.05.24-03.21.16:103][ 65]LogModuleManager: Shutting down and abandoning module MediaAssets (86)
[2016.05.24-03.21.16:103][ 65]LogModuleManager: Shutting down and abandoning module GameLiveStreaming (85)
[2016.05.24-03.21.16:103][ 65]LogModuleManager: Shutting down and abandoning module GameplayTagsEditor (84)
[2016.05.24-03.21.16:103][ 65]LogModuleManager: Shutting down and abandoning module OnlineBlueprintSupport (83)
[2016.05.24-03.21.16:103][ 65]LogModuleManager: Shutting down and abandoning module GameplayTasksEditor (82)
[2016.05.24-03.21.16:103][ 65]LogModuleManager: Shutting down and abandoning module PropertyEditor (81)
[2016.05.24-03.21.16:103][ 65]LogModuleManager: Shutting down and abandoning module BehaviorTreeEditor (80)
[2016.05.24-03.21.16:103][ 65]LogModuleManager: Shutting down and abandoning module FunctionalTesting (79)
[2016.05.24-03.21.16:103][ 65]LogModuleManager: Shutting down and abandoning module CollisionAnalyzer (78)
[2016.05.24-03.21.16:103][ 65]LogModuleManager: Shutting down and abandoning module WorkspaceMenuStructure (77)
[2016.05.24-03.21.16:103][ 65]LogModuleManager: Shutting down and abandoning module MessageLog (76)
[2016.05.24-03.21.16:103][ 65]LogModuleManager: Shutting down and abandoning module Sequencer (75)
[2016.05.24-03.21.16:103][ 65]LogModuleManager: Shutting down and abandoning module AssetTools (74)
[2016.05.24-03.21.16:103][ 65]LogModuleManager: Shutting down and abandoning module UMGEditor (73)
[2016.05.24-03.21.16:103][ 65]LogModuleManager: Shutting down and abandoning module UMG (72)
[2016.05.24-03.21.16:103][ 65]LogModuleManager: Shutting down and abandoning module SlateReflector (71)
[2016.05.24-03.21.16:104][ 65]LogModuleManager: Shutting down and abandoning module Slate (70)
[2016.05.24-03.21.16:104][ 65]LogModuleManager: Shutting down and abandoning module EditorStyle (69)
[2016.05.24-03.21.16:106][ 65]LogModuleManager: Shutting down and abandoning module SessionServices (68)
[2016.05.24-03.21.16:106][ 65]LogModuleManager: Shutting down and abandoning module SourceCodeAccess (67)
[2016.05.24-03.21.16:106][ 65]LogModuleManager: Shutting down and abandoning module HeadMountedDisplay (66)
[2016.05.24-03.21.16:106][ 65]LogModuleManager: Shutting down and abandoning module XAudio2 (65)
[2016.05.24-03.21.16:106][ 65]LogModuleManager: Shutting down and abandoning module Networking (63)
[2016.05.24-03.21.16:106][ 65]LogModuleManager: Shutting down and abandoning module Core (62)
[2016.05.24-03.21.16:106][ 65]LogModuleManager: Shutting down and abandoning module KismetCompiler (61)
[2016.05.24-03.21.16:106][ 65]LogModuleManager: Shutting down and abandoning module PhysXFormats (60)
[2016.05.24-03.21.16:106][ 65]LogModuleManager: Shutting down and abandoning module MeshUtilities (59)
[2016.05.24-03.21.16:106][ 65]LogModuleManager: Shutting down and abandoning module CookingStats (58)
[2016.05.24-03.21.16:106][ 65]LogModuleManager: Shutting down and abandoning module DerivedDataCache (57)
[2016.05.24-03.21.16:106][ 65]LogDerivedDataCache: Shutdown
[2016.05.24-03.21.16:106][ 65]LogModuleManager: Shutting down and abandoning module ShaderFormatOpenGL (56)
[2016.05.24-03.21.16:106][ 65]LogModuleManager: Shutting down and abandoning module ShaderFormatD3D (55)
[2016.05.24-03.21.16:106][ 65]LogModuleManager: Shutting down and abandoning module MetalShaderFormat (54)
[2016.05.24-03.21.16:106][ 65]LogModuleManager: Shutting down and abandoning module TextureFormatUncompressed (53)
[2016.05.24-03.21.16:106][ 65]LogModuleManager: Shutting down and abandoning module TextureFormatPVR (52)
[2016.05.24-03.21.16:106][ 65]LogModuleManager: Shutting down and abandoning module TextureFormatIntelISPCTexComp (51)
[2016.05.24-03.21.16:106][ 65]LogModuleManager: Shutting down and abandoning module TextureFormatDXT (50)
[2016.05.24-03.21.16:107][ 65]LogModuleManager: Shutting down and abandoning module ImageWrapper (49)
[2016.05.24-03.21.16:107][ 65]LogModuleManager: Shutting down and abandoning module TextureFormatASTC (48)
[2016.05.24-03.21.16:107][ 65]LogModuleManager: Shutting down and abandoning module TextureFormatAndroid (47)
[2016.05.24-03.21.16:107][ 65]LogModuleManager: Shutting down and abandoning module AudioFormatOpus (46)
[2016.05.24-03.21.16:107][ 65]LogModuleManager: Shutting down and abandoning module AudioFormatOgg (45)
[2016.05.24-03.21.16:107][ 65]LogModuleManager: Shutting down and abandoning module AudioFormatADPCM (44)
[2016.05.24-03.21.16:107][ 65]LogModuleManager: Shutting down and abandoning module LinuxTargetPlatform (43)
[2016.05.24-03.21.16:107][ 65]LogModuleManager: Shutting down and abandoning module LinuxServerTargetPlatform (42)
[2016.05.24-03.21.16:107][ 65]LogModuleManager: Shutting down and abandoning module LinuxNoEditorTargetPlatform (41)
[2016.05.24-03.21.16:107][ 65]LogModuleManager: Shutting down and abandoning module TVOSTargetPlatform (40)
[2016.05.24-03.21.16:107][ 65]LogModuleManager: Shutting down and abandoning module Messaging (39)
[2016.05.24-03.21.16:107][ 65]LogModuleManager: Shutting down and abandoning module IOSTargetPlatform (38)
[2016.05.24-03.21.16:107][ 65]LogModuleManager: Shutting down and abandoning module HTML5TargetPlatform (37)
[2016.05.24-03.21.16:107][ 65]LogModuleManager: Shutting down and abandoning module Android_PVRTCTargetPlatform (36)
[2016.05.24-03.21.16:107][ 65]LogModuleManager: Shutting down and abandoning module Android_MultiTargetPlatform (35)
[2016.05.24-03.21.16:107][ 65]LogModuleManager: Shutting down and abandoning module Android_ETC2TargetPlatform (34)
[2016.05.24-03.21.16:107][ 65]LogModuleManager: Shutting down and abandoning module Android_ETC1TargetPlatform (33)
[2016.05.24-03.21.16:107][ 65]LogModuleManager: Shutting down and abandoning module Android_DXTTargetPlatform (32)
[2016.05.24-03.21.16:107][ 65]LogModuleManager: Shutting down and abandoning module Android_ATCTargetPlatform (31)
[2016.05.24-03.21.16:107][ 65]LogModuleManager: Shutting down and abandoning module Android_ASTCTargetPlatform (30)
[2016.05.24-03.21.16:107][ 65]LogModuleManager: Shutting down and abandoning module AndroidTargetPlatform (29)
[2016.05.24-03.21.16:107][ 65]LogModuleManager: Shutting down and abandoning module WindowsTargetPlatform (28)
[2016.05.24-03.21.16:107][ 65]LogModuleManager: Shutting down and abandoning module WindowsServerTargetPlatform (27)
[2016.05.24-03.21.16:107][ 65]LogModuleManager: Shutting down and abandoning module WindowsNoEditorTargetPlatform (26)
[2016.05.24-03.21.16:107][ 65]LogModuleManager: Shutting down and abandoning module WindowsClientTargetPlatform (25)
[2016.05.24-03.21.16:107][ 65]LogModuleManager: Shutting down and abandoning module AllDesktopTargetPlatform (24)
[2016.05.24-03.21.16:107][ 65]LogModuleManager: Shutting down and abandoning module TargetPlatform (23)
[2016.05.24-03.21.16:107][ 65]LogModuleManager: Shutting down and abandoning module InputCore (22)
[2016.05.24-03.21.16:107][ 65]LogModuleManager: Shutting down and abandoning module Settings (21)
[2016.05.24-03.21.16:107][ 65]LogModuleManager: Shutting down and abandoning module OnlineSubsystem (19)
[2016.05.24-03.21.16:107][ 65]LogModuleManager: Shutting down and abandoning module HTTP (18)
[2016.05.24-03.21.18:110][ 65]LogModuleManager: Shutting down and abandoning module XMPP (17)
[2016.05.24-03.21.18:110][ 65]LogModuleManager: Shutting down and abandoning module OculusRift (16)
[2016.05.24-03.21.18:110][ 65]LogModuleManager: Shutting down and abandoning module ExampleDeviceProfileSelector (15)
[2016.05.24-03.21.18:110][ 65]LogModuleManager: Shutting down and abandoning module TextureCompressor (14)
[2016.05.24-03.21.18:110][ 65]LogModuleManager: Shutting down and abandoning module ShaderCore (13)
[2016.05.24-03.21.18:110][ 65]LogModuleManager: Shutting down and abandoning module Landscape (12)
[2016.05.24-03.21.18:110][ 65]LogModuleManager: Shutting down and abandoning module SlateRHIRenderer (11)
[2016.05.24-03.21.18:115][ 65]LogModuleManager: Shutting down and abandoning module OpenGLDrv (10)
[2016.05.24-03.21.18:115][ 65]LogModuleManager: Shutting down and abandoning module D3D11RHI (9)
[2016.05.24-03.21.18:115][ 65]LogModuleManager: Shutting down and abandoning module AnimGraphRuntime (8)
[2016.05.24-03.21.18:115][ 65]LogModuleManager: Shutting down and abandoning module Renderer (7)
[2016.05.24-03.21.18:115][ 65]LogModuleManager: Shutting down and abandoning module Engine (6)
[2016.05.24-03.21.18:115][ 65]LogModuleManager: Shutting down and abandoning module CoreUObject (5)
[2016.05.24-03.21.18:116][ 65]LogModuleManager: Shutting down and abandoning module NetworkFile (4)
[2016.05.24-03.21.18:116][ 65]LogModuleManager: Shutting down and abandoning module StreamingFile (3)
[2016.05.24-03.21.18:116][ 65]LogModuleManager: Shutting down and abandoning module SandboxFile (2)
[2016.05.24-03.21.18:116][ 65]LogModuleManager: Shutting down and abandoning module PakFile (1)
[2016.05.24-03.21.18:118][ 65]LogExit: Exiting.
[2016.05.24-03.21.18:122][ 65]Log file closed, 05/23/16 20:21:18
